[2023-02-08T01:32:10.005+0000] {taskinstance.py:1087} INFO - Dependencies all met for <TaskInstance: entsoe-energydata-backfill.extract_load scheduled__2021-01-01T02:00:00+00:00 [queued]>
[2023-02-08T01:32:10.080+0000] {taskinstance.py:1087} INFO - Dependencies all met for <TaskInstance: entsoe-energydata-backfill.extract_load scheduled__2021-01-01T02:00:00+00:00 [queued]>
[2023-02-08T01:32:10.094+0000] {taskinstance.py:1283} INFO - 
--------------------------------------------------------------------------------
[2023-02-08T01:32:10.095+0000] {taskinstance.py:1284} INFO - Starting attempt 1 of 4
[2023-02-08T01:32:10.095+0000] {taskinstance.py:1285} INFO - 
--------------------------------------------------------------------------------
[2023-02-08T01:32:10.257+0000] {taskinstance.py:1304} INFO - Executing <Task(PythonOperator): extract_load> on 2021-01-01 02:00:00+00:00
[2023-02-08T01:32:10.360+0000] {standard_task_runner.py:55} INFO - Started process 4083 to run task
[2023-02-08T01:32:10.392+0000] {standard_task_runner.py:82} INFO - Running: ['***', 'tasks', 'run', 'entsoe-energydata-backfill', 'extract_load', 'scheduled__2021-01-01T02:00:00+00:00', '--job-id', '1119', '--raw', '--subdir', 'DAGS_FOLDER/ingestion_energydata_dag.py', '--cfg-path', '/tmp/tmprnkve1ng']
[2023-02-08T01:32:10.403+0000] {standard_task_runner.py:83} INFO - Job 1119: Subtask extract_load
[2023-02-08T01:32:10.777+0000] {task_command.py:389} INFO - Running <TaskInstance: entsoe-energydata-backfill.extract_load scheduled__2021-01-01T02:00:00+00:00 [running]> on host 4e853e3e6d16
[2023-02-08T01:32:11.119+0000] {taskinstance.py:1511} INFO - Exporting the following env vars:
AIRFLOW_CTX_DAG_OWNER=rafzul
AIRFLOW_CTX_DAG_ID=entsoe-energydata-backfill
AIRFLOW_CTX_TASK_ID=extract_load
AIRFLOW_CTX_EXECUTION_DATE=2021-01-01T02:00:00+00:00
AIRFLOW_CTX_TRY_NUMBER=1
AIRFLOW_CTX_DAG_RUN_ID=scheduled__2021-01-01T02:00:00+00:00
[2023-02-08T01:32:12.009+0000] {crypto.py:83} WARNING - empty cryptography key - values will not be stored encrypted.
[2023-02-08T01:32:12.010+0000] {base.py:73} INFO - Using connection ID 'google_cloud_default' for task execution.
[2023-02-08T01:32:12.691+0000] {python.py:177} INFO - Done. Returned value was: None
[2023-02-08T01:32:12.779+0000] {taskinstance.py:1322} INFO - Marking task as SUCCESS. dag_id=entsoe-energydata-backfill, task_id=extract_load, execution_date=20210101T020000, start_date=20230208T013210, end_date=20230208T013212
[2023-02-08T01:32:12.967+0000] {local_task_job.py:159} INFO - Task exited with return code 0
[2023-02-08T01:32:13.487+0000] {taskinstance.py:2582} INFO - 0 downstream tasks scheduled from follow-on schedule check
