[2023-01-31T05:10:48.521+0000] {taskinstance.py:1087} INFO - Dependencies all met for <TaskInstance: entsoe-energydata-backfill.extract_generation scheduled__2021-01-01T01:00:00+00:00 [queued]>
[2023-01-31T05:10:48.563+0000] {taskinstance.py:1087} INFO - Dependencies all met for <TaskInstance: entsoe-energydata-backfill.extract_generation scheduled__2021-01-01T01:00:00+00:00 [queued]>
[2023-01-31T05:10:48.564+0000] {taskinstance.py:1283} INFO - 
--------------------------------------------------------------------------------
[2023-01-31T05:10:48.564+0000] {taskinstance.py:1284} INFO - Starting attempt 1 of 4
[2023-01-31T05:10:48.565+0000] {taskinstance.py:1285} INFO - 
--------------------------------------------------------------------------------
[2023-01-31T05:10:48.603+0000] {taskinstance.py:1304} INFO - Executing <Task(PythonOperator): extract_generation> on 2021-01-01 01:00:00+00:00
[2023-01-31T05:10:48.622+0000] {standard_task_runner.py:55} INFO - Started process 12233 to run task
[2023-01-31T05:10:48.632+0000] {standard_task_runner.py:82} INFO - Running: ['***', 'tasks', 'run', 'entsoe-energydata-backfill', 'extract_generation', 'scheduled__2021-01-01T01:00:00+00:00', '--job-id', '877', '--raw', '--subdir', 'DAGS_FOLDER/ingestion_energydata_dag.py', '--cfg-path', '/tmp/tmpazd79uok']
[2023-01-31T05:10:48.639+0000] {standard_task_runner.py:83} INFO - Job 877: Subtask extract_generation
[2023-01-31T05:10:48.887+0000] {task_command.py:389} INFO - Running <TaskInstance: entsoe-energydata-backfill.extract_generation scheduled__2021-01-01T01:00:00+00:00 [running]> on host 81d5fcd0285b
[2023-01-31T05:10:49.162+0000] {taskinstance.py:1511} INFO - Exporting the following env vars:
AIRFLOW_CTX_DAG_OWNER=rafzul
AIRFLOW_CTX_DAG_ID=entsoe-energydata-backfill
AIRFLOW_CTX_TASK_ID=extract_generation
AIRFLOW_CTX_EXECUTION_DATE=2021-01-01T01:00:00+00:00
AIRFLOW_CTX_TRY_NUMBER=1
AIRFLOW_CTX_DAG_RUN_ID=scheduled__2021-01-01T01:00:00+00:00
[2023-01-31T05:10:51.901+0000] {crypto.py:83} WARNING - empty cryptography key - values will not be stored encrypted.
[2023-01-31T05:10:51.917+0000] {base.py:73} INFO - Using connection ID 'google_cloud_default' for task execution.
[2023-01-31T05:10:52.675+0000] {python.py:177} INFO - Done. Returned value was: None
[2023-01-31T05:10:52.929+0000] {taskinstance.py:1322} INFO - Marking task as SUCCESS. dag_id=entsoe-energydata-backfill, task_id=extract_generation, execution_date=20210101T010000, start_date=20230131T051048, end_date=20230131T051052
[2023-01-31T05:10:53.236+0000] {local_task_job.py:159} INFO - Task exited with return code 0
[2023-01-31T05:10:53.608+0000] {taskinstance.py:2582} INFO - 0 downstream tasks scheduled from follow-on schedule check
[2023-01-31T05:30:24.541+0000] {taskinstance.py:1087} INFO - Dependencies all met for <TaskInstance: entsoe-energydata-backfill.extract_generation scheduled__2021-01-01T01:00:00+00:00 [queued]>
[2023-01-31T05:30:24.692+0000] {taskinstance.py:1087} INFO - Dependencies all met for <TaskInstance: entsoe-energydata-backfill.extract_generation scheduled__2021-01-01T01:00:00+00:00 [queued]>
[2023-01-31T05:30:24.693+0000] {taskinstance.py:1283} INFO - 
--------------------------------------------------------------------------------
[2023-01-31T05:30:24.694+0000] {taskinstance.py:1284} INFO - Starting attempt 1 of 4
[2023-01-31T05:30:24.694+0000] {taskinstance.py:1285} INFO - 
--------------------------------------------------------------------------------
[2023-01-31T05:30:24.804+0000] {taskinstance.py:1304} INFO - Executing <Task(PythonOperator): extract_generation> on 2021-01-01 01:00:00+00:00
[2023-01-31T05:30:24.838+0000] {standard_task_runner.py:55} INFO - Started process 15697 to run task
[2023-01-31T05:30:24.900+0000] {standard_task_runner.py:82} INFO - Running: ['***', 'tasks', 'run', 'entsoe-energydata-backfill', 'extract_generation', 'scheduled__2021-01-01T01:00:00+00:00', '--job-id', '889', '--raw', '--subdir', 'DAGS_FOLDER/ingestion_energydata_dag.py', '--cfg-path', '/tmp/tmpsepf9r48']
[2023-01-31T05:30:25.006+0000] {standard_task_runner.py:83} INFO - Job 889: Subtask extract_generation
[2023-01-31T05:30:26.275+0000] {task_command.py:389} INFO - Running <TaskInstance: entsoe-energydata-backfill.extract_generation scheduled__2021-01-01T01:00:00+00:00 [running]> on host 81d5fcd0285b
[2023-01-31T05:30:26.774+0000] {taskinstance.py:1511} INFO - Exporting the following env vars:
AIRFLOW_CTX_DAG_OWNER=rafzul
AIRFLOW_CTX_DAG_ID=entsoe-energydata-backfill
AIRFLOW_CTX_TASK_ID=extract_generation
AIRFLOW_CTX_EXECUTION_DATE=2021-01-01T01:00:00+00:00
AIRFLOW_CTX_TRY_NUMBER=1
AIRFLOW_CTX_DAG_RUN_ID=scheduled__2021-01-01T01:00:00+00:00
[2023-01-31T05:30:29.167+0000] {crypto.py:83} WARNING - empty cryptography key - values will not be stored encrypted.
[2023-01-31T05:30:29.172+0000] {base.py:73} INFO - Using connection ID 'google_cloud_default' for task execution.
[2023-01-31T05:30:29.747+0000] {python.py:177} INFO - Done. Returned value was: None
[2023-01-31T05:30:29.855+0000] {taskinstance.py:1322} INFO - Marking task as SUCCESS. dag_id=entsoe-energydata-backfill, task_id=extract_generation, execution_date=20210101T010000, start_date=20230131T053024, end_date=20230131T053029
[2023-01-31T05:30:30.134+0000] {local_task_job.py:159} INFO - Task exited with return code 0
[2023-01-31T05:30:30.235+0000] {taskinstance.py:2582} INFO - 1 downstream tasks scheduled from follow-on schedule check
[2023-01-31T07:38:29.173+0000] {taskinstance.py:1087} INFO - Dependencies all met for <TaskInstance: entsoe-energydata-backfill.extract_generation scheduled__2021-01-01T01:00:00+00:00 [queued]>
[2023-01-31T07:38:29.251+0000] {taskinstance.py:1087} INFO - Dependencies all met for <TaskInstance: entsoe-energydata-backfill.extract_generation scheduled__2021-01-01T01:00:00+00:00 [queued]>
[2023-01-31T07:38:29.252+0000] {taskinstance.py:1283} INFO - 
--------------------------------------------------------------------------------
[2023-01-31T07:38:29.253+0000] {taskinstance.py:1284} INFO - Starting attempt 1 of 4
[2023-01-31T07:38:29.253+0000] {taskinstance.py:1285} INFO - 
--------------------------------------------------------------------------------
[2023-01-31T07:38:29.394+0000] {taskinstance.py:1304} INFO - Executing <Task(PythonOperator): extract_generation> on 2021-01-01 01:00:00+00:00
[2023-01-31T07:38:29.519+0000] {standard_task_runner.py:55} INFO - Started process 25720 to run task
[2023-01-31T07:38:29.573+0000] {standard_task_runner.py:82} INFO - Running: ['***', 'tasks', 'run', 'entsoe-energydata-backfill', 'extract_generation', 'scheduled__2021-01-01T01:00:00+00:00', '--job-id', '900', '--raw', '--subdir', 'DAGS_FOLDER/ingestion_energydata_dag.py', '--cfg-path', '/tmp/tmp8hjjg_oz']
[2023-01-31T07:38:29.621+0000] {standard_task_runner.py:83} INFO - Job 900: Subtask extract_generation
[2023-01-31T07:38:30.283+0000] {task_command.py:389} INFO - Running <TaskInstance: entsoe-energydata-backfill.extract_generation scheduled__2021-01-01T01:00:00+00:00 [running]> on host 81d5fcd0285b
[2023-01-31T07:38:31.046+0000] {taskinstance.py:1511} INFO - Exporting the following env vars:
AIRFLOW_CTX_DAG_OWNER=rafzul
AIRFLOW_CTX_DAG_ID=entsoe-energydata-backfill
AIRFLOW_CTX_TASK_ID=extract_generation
AIRFLOW_CTX_EXECUTION_DATE=2021-01-01T01:00:00+00:00
AIRFLOW_CTX_TRY_NUMBER=1
AIRFLOW_CTX_DAG_RUN_ID=scheduled__2021-01-01T01:00:00+00:00
[2023-01-31T07:38:33.492+0000] {crypto.py:83} WARNING - empty cryptography key - values will not be stored encrypted.
[2023-01-31T07:38:33.494+0000] {base.py:73} INFO - Using connection ID 'google_cloud_default' for task execution.
[2023-01-31T07:38:34.921+0000] {python.py:177} INFO - Done. Returned value was: None
[2023-01-31T07:38:35.096+0000] {taskinstance.py:1322} INFO - Marking task as SUCCESS. dag_id=entsoe-energydata-backfill, task_id=extract_generation, execution_date=20210101T010000, start_date=20230131T073829, end_date=20230131T073835
[2023-01-31T07:38:35.669+0000] {local_task_job.py:159} INFO - Task exited with return code 0
[2023-01-31T07:38:35.913+0000] {taskinstance.py:2582} INFO - 1 downstream tasks scheduled from follow-on schedule check
[2023-01-31T08:21:27.385+0000] {taskinstance.py:1087} INFO - Dependencies all met for <TaskInstance: entsoe-energydata-backfill.extract_generation scheduled__2021-01-01T01:00:00+00:00 [queued]>
[2023-01-31T08:21:27.447+0000] {taskinstance.py:1087} INFO - Dependencies all met for <TaskInstance: entsoe-energydata-backfill.extract_generation scheduled__2021-01-01T01:00:00+00:00 [queued]>
[2023-01-31T08:21:27.448+0000] {taskinstance.py:1283} INFO - 
--------------------------------------------------------------------------------
[2023-01-31T08:21:27.448+0000] {taskinstance.py:1284} INFO - Starting attempt 1 of 4
[2023-01-31T08:21:27.451+0000] {taskinstance.py:1285} INFO - 
--------------------------------------------------------------------------------
[2023-01-31T08:21:27.504+0000] {taskinstance.py:1304} INFO - Executing <Task(PythonOperator): extract_generation> on 2021-01-01 01:00:00+00:00
[2023-01-31T08:21:27.541+0000] {standard_task_runner.py:55} INFO - Started process 2049 to run task
[2023-01-31T08:21:27.624+0000] {standard_task_runner.py:82} INFO - Running: ['***', 'tasks', 'run', 'entsoe-energydata-backfill', 'extract_generation', 'scheduled__2021-01-01T01:00:00+00:00', '--job-id', '918', '--raw', '--subdir', 'DAGS_FOLDER/ingestion_energydata_dag.py', '--cfg-path', '/tmp/tmppoj3zdzm']
[2023-01-31T08:21:27.660+0000] {standard_task_runner.py:83} INFO - Job 918: Subtask extract_generation
[2023-01-31T08:21:28.035+0000] {task_command.py:389} INFO - Running <TaskInstance: entsoe-energydata-backfill.extract_generation scheduled__2021-01-01T01:00:00+00:00 [running]> on host 81d5fcd0285b
[2023-01-31T08:21:28.346+0000] {taskinstance.py:1511} INFO - Exporting the following env vars:
AIRFLOW_CTX_DAG_OWNER=rafzul
AIRFLOW_CTX_DAG_ID=entsoe-energydata-backfill
AIRFLOW_CTX_TASK_ID=extract_generation
AIRFLOW_CTX_EXECUTION_DATE=2021-01-01T01:00:00+00:00
AIRFLOW_CTX_TRY_NUMBER=1
AIRFLOW_CTX_DAG_RUN_ID=scheduled__2021-01-01T01:00:00+00:00
[2023-01-31T08:21:29.942+0000] {crypto.py:83} WARNING - empty cryptography key - values will not be stored encrypted.
[2023-01-31T08:21:29.943+0000] {base.py:73} INFO - Using connection ID 'google_cloud_default' for task execution.
[2023-01-31T08:21:30.333+0000] {python.py:177} INFO - Done. Returned value was: None
[2023-01-31T08:21:30.397+0000] {taskinstance.py:1322} INFO - Marking task as SUCCESS. dag_id=entsoe-energydata-backfill, task_id=extract_generation, execution_date=20210101T010000, start_date=20230131T082127, end_date=20230131T082130
[2023-01-31T08:21:30.641+0000] {local_task_job.py:159} INFO - Task exited with return code 0
[2023-01-31T08:21:30.873+0000] {taskinstance.py:2582} INFO - 1 downstream tasks scheduled from follow-on schedule check
[2023-01-31T08:30:16.869+0000] {taskinstance.py:1087} INFO - Dependencies all met for <TaskInstance: entsoe-energydata-backfill.extract_generation scheduled__2021-01-01T01:00:00+00:00 [queued]>
[2023-01-31T08:30:16.907+0000] {taskinstance.py:1087} INFO - Dependencies all met for <TaskInstance: entsoe-energydata-backfill.extract_generation scheduled__2021-01-01T01:00:00+00:00 [queued]>
[2023-01-31T08:30:16.907+0000] {taskinstance.py:1283} INFO - 
--------------------------------------------------------------------------------
[2023-01-31T08:30:16.908+0000] {taskinstance.py:1284} INFO - Starting attempt 1 of 4
[2023-01-31T08:30:16.908+0000] {taskinstance.py:1285} INFO - 
--------------------------------------------------------------------------------
[2023-01-31T08:30:16.945+0000] {taskinstance.py:1304} INFO - Executing <Task(PythonOperator): extract_generation> on 2021-01-01 01:00:00+00:00
[2023-01-31T08:30:16.964+0000] {standard_task_runner.py:55} INFO - Started process 247 to run task
[2023-01-31T08:30:16.997+0000] {standard_task_runner.py:82} INFO - Running: ['***', 'tasks', 'run', 'entsoe-energydata-backfill', 'extract_generation', 'scheduled__2021-01-01T01:00:00+00:00', '--job-id', '936', '--raw', '--subdir', 'DAGS_FOLDER/ingestion_energydata_dag.py', '--cfg-path', '/tmp/tmpzii5oph2']
[2023-01-31T08:30:17.010+0000] {standard_task_runner.py:83} INFO - Job 936: Subtask extract_generation
[2023-01-31T08:30:17.388+0000] {task_command.py:389} INFO - Running <TaskInstance: entsoe-energydata-backfill.extract_generation scheduled__2021-01-01T01:00:00+00:00 [running]> on host 4475e39484c1
[2023-01-31T08:30:17.618+0000] {taskinstance.py:1511} INFO - Exporting the following env vars:
AIRFLOW_CTX_DAG_OWNER=rafzul
AIRFLOW_CTX_DAG_ID=entsoe-energydata-backfill
AIRFLOW_CTX_TASK_ID=extract_generation
AIRFLOW_CTX_EXECUTION_DATE=2021-01-01T01:00:00+00:00
AIRFLOW_CTX_TRY_NUMBER=1
AIRFLOW_CTX_DAG_RUN_ID=scheduled__2021-01-01T01:00:00+00:00
[2023-01-31T08:30:19.154+0000] {crypto.py:83} WARNING - empty cryptography key - values will not be stored encrypted.
[2023-01-31T08:30:19.155+0000] {base.py:73} INFO - Using connection ID 'google_cloud_default' for task execution.
[2023-01-31T08:30:19.509+0000] {python.py:177} INFO - Done. Returned value was: None
[2023-01-31T08:30:19.543+0000] {taskinstance.py:1322} INFO - Marking task as SUCCESS. dag_id=entsoe-energydata-backfill, task_id=extract_generation, execution_date=20210101T010000, start_date=20230131T083016, end_date=20230131T083019
[2023-01-31T08:30:19.752+0000] {local_task_job.py:159} INFO - Task exited with return code 0
[2023-01-31T08:30:19.806+0000] {taskinstance.py:2582} INFO - 1 downstream tasks scheduled from follow-on schedule check
[2023-01-31T08:32:22.382+0000] {taskinstance.py:1087} INFO - Dependencies all met for <TaskInstance: entsoe-energydata-backfill.extract_generation scheduled__2021-01-01T01:00:00+00:00 [queued]>
[2023-01-31T08:32:22.424+0000] {taskinstance.py:1087} INFO - Dependencies all met for <TaskInstance: entsoe-energydata-backfill.extract_generation scheduled__2021-01-01T01:00:00+00:00 [queued]>
[2023-01-31T08:32:22.424+0000] {taskinstance.py:1283} INFO - 
--------------------------------------------------------------------------------
[2023-01-31T08:32:22.425+0000] {taskinstance.py:1284} INFO - Starting attempt 1 of 4
[2023-01-31T08:32:22.425+0000] {taskinstance.py:1285} INFO - 
--------------------------------------------------------------------------------
[2023-01-31T08:32:22.460+0000] {taskinstance.py:1304} INFO - Executing <Task(PythonOperator): extract_generation> on 2021-01-01 01:00:00+00:00
[2023-01-31T08:32:22.477+0000] {standard_task_runner.py:55} INFO - Started process 375 to run task
[2023-01-31T08:32:22.486+0000] {standard_task_runner.py:82} INFO - Running: ['***', 'tasks', 'run', 'entsoe-energydata-backfill', 'extract_generation', 'scheduled__2021-01-01T01:00:00+00:00', '--job-id', '940', '--raw', '--subdir', 'DAGS_FOLDER/ingestion_energydata_dag.py', '--cfg-path', '/tmp/tmp2pne6u6h']
[2023-01-31T08:32:22.494+0000] {standard_task_runner.py:83} INFO - Job 940: Subtask extract_generation
[2023-01-31T08:32:22.812+0000] {task_command.py:389} INFO - Running <TaskInstance: entsoe-energydata-backfill.extract_generation scheduled__2021-01-01T01:00:00+00:00 [running]> on host 4475e39484c1
[2023-01-31T08:32:23.251+0000] {taskinstance.py:1511} INFO - Exporting the following env vars:
AIRFLOW_CTX_DAG_OWNER=rafzul
AIRFLOW_CTX_DAG_ID=entsoe-energydata-backfill
AIRFLOW_CTX_TASK_ID=extract_generation
AIRFLOW_CTX_EXECUTION_DATE=2021-01-01T01:00:00+00:00
AIRFLOW_CTX_TRY_NUMBER=1
AIRFLOW_CTX_DAG_RUN_ID=scheduled__2021-01-01T01:00:00+00:00
[2023-01-31T08:32:24.685+0000] {crypto.py:83} WARNING - empty cryptography key - values will not be stored encrypted.
[2023-01-31T08:32:24.686+0000] {base.py:73} INFO - Using connection ID 'google_cloud_default' for task execution.
[2023-01-31T08:32:24.993+0000] {python.py:177} INFO - Done. Returned value was: None
[2023-01-31T08:32:25.074+0000] {taskinstance.py:1322} INFO - Marking task as SUCCESS. dag_id=entsoe-energydata-backfill, task_id=extract_generation, execution_date=20210101T010000, start_date=20230131T083222, end_date=20230131T083225
[2023-01-31T08:32:25.140+0000] {local_task_job.py:159} INFO - Task exited with return code 0
[2023-01-31T08:32:25.223+0000] {taskinstance.py:2582} INFO - 1 downstream tasks scheduled from follow-on schedule check
