[2023-01-30T10:54:22.641+0000] {taskinstance.py:1087} INFO - Dependencies all met for <TaskInstance: entsoe-energydata.extract_generation scheduled__2021-01-01T01:00:00+00:00 [queued]>
[2023-01-30T10:54:22.748+0000] {taskinstance.py:1087} INFO - Dependencies all met for <TaskInstance: entsoe-energydata.extract_generation scheduled__2021-01-01T01:00:00+00:00 [queued]>
[2023-01-30T10:54:22.749+0000] {taskinstance.py:1283} INFO - 
--------------------------------------------------------------------------------
[2023-01-30T10:54:22.750+0000] {taskinstance.py:1284} INFO - Starting attempt 1 of 4
[2023-01-30T10:54:22.750+0000] {taskinstance.py:1285} INFO - 
--------------------------------------------------------------------------------
[2023-01-30T10:54:23.012+0000] {taskinstance.py:1304} INFO - Executing <Task(PythonOperator): extract_generation> on 2021-01-01 01:00:00+00:00
[2023-01-30T10:54:23.116+0000] {standard_task_runner.py:55} INFO - Started process 183 to run task
[2023-01-30T10:54:23.178+0000] {standard_task_runner.py:82} INFO - Running: ['***', 'tasks', 'run', 'entsoe-energydata', 'extract_generation', 'scheduled__2021-01-01T01:00:00+00:00', '--job-id', '521', '--raw', '--subdir', 'DAGS_FOLDER/ingestion_energydata_dag.py', '--cfg-path', '/tmp/tmp99ftdhan']
[2023-01-30T10:54:23.208+0000] {standard_task_runner.py:83} INFO - Job 521: Subtask extract_generation
[2023-01-30T10:54:23.554+0000] {task_command.py:389} INFO - Running <TaskInstance: entsoe-energydata.extract_generation scheduled__2021-01-01T01:00:00+00:00 [running]> on host 5b6f5d29e531
[2023-01-30T10:54:23.945+0000] {taskinstance.py:1511} INFO - Exporting the following env vars:
AIRFLOW_CTX_DAG_OWNER=rafzul
AIRFLOW_CTX_DAG_ID=entsoe-energydata
AIRFLOW_CTX_TASK_ID=extract_generation
AIRFLOW_CTX_EXECUTION_DATE=2021-01-01T01:00:00+00:00
AIRFLOW_CTX_TRY_NUMBER=1
AIRFLOW_CTX_DAG_RUN_ID=scheduled__2021-01-01T01:00:00+00:00
[2023-01-30T10:54:25.591+0000] {crypto.py:83} WARNING - empty cryptography key - values will not be stored encrypted.
[2023-01-30T10:54:25.592+0000] {base.py:73} INFO - Using connection ID 'google_cloud_default' for task execution.
[2023-01-30T10:54:26.132+0000] {python.py:177} INFO - Done. Returned value was: None
[2023-01-30T10:54:26.280+0000] {taskinstance.py:1322} INFO - Marking task as SUCCESS. dag_id=entsoe-energydata, task_id=extract_generation, execution_date=20210101T010000, start_date=20230130T105422, end_date=20230130T105426
[2023-01-30T10:54:26.402+0000] {local_task_job.py:159} INFO - Task exited with return code 0
[2023-01-30T10:57:14.783+0000] {taskinstance.py:1087} INFO - Dependencies all met for <TaskInstance: entsoe-energydata.extract_generation scheduled__2021-01-01T01:00:00+00:00 [queued]>
[2023-01-30T10:57:14.890+0000] {taskinstance.py:1087} INFO - Dependencies all met for <TaskInstance: entsoe-energydata.extract_generation scheduled__2021-01-01T01:00:00+00:00 [queued]>
[2023-01-30T10:57:14.893+0000] {taskinstance.py:1283} INFO - 
--------------------------------------------------------------------------------
[2023-01-30T10:57:14.893+0000] {taskinstance.py:1284} INFO - Starting attempt 1 of 4
[2023-01-30T10:57:14.894+0000] {taskinstance.py:1285} INFO - 
--------------------------------------------------------------------------------
[2023-01-30T10:57:14.977+0000] {taskinstance.py:1304} INFO - Executing <Task(PythonOperator): extract_generation> on 2021-01-01 01:00:00+00:00
[2023-01-30T10:57:15.042+0000] {standard_task_runner.py:55} INFO - Started process 385 to run task
[2023-01-30T10:57:15.056+0000] {standard_task_runner.py:82} INFO - Running: ['***', 'tasks', 'run', 'entsoe-energydata', 'extract_generation', 'scheduled__2021-01-01T01:00:00+00:00', '--job-id', '535', '--raw', '--subdir', 'DAGS_FOLDER/ingestion_energydata_dag.py', '--cfg-path', '/tmp/tmpjf7qf23t']
[2023-01-30T10:57:15.065+0000] {standard_task_runner.py:83} INFO - Job 535: Subtask extract_generation
[2023-01-30T10:57:15.404+0000] {task_command.py:389} INFO - Running <TaskInstance: entsoe-energydata.extract_generation scheduled__2021-01-01T01:00:00+00:00 [running]> on host 5b6f5d29e531
[2023-01-30T10:57:15.774+0000] {taskinstance.py:1511} INFO - Exporting the following env vars:
AIRFLOW_CTX_DAG_OWNER=rafzul
AIRFLOW_CTX_DAG_ID=entsoe-energydata
AIRFLOW_CTX_TASK_ID=extract_generation
AIRFLOW_CTX_EXECUTION_DATE=2021-01-01T01:00:00+00:00
AIRFLOW_CTX_TRY_NUMBER=1
AIRFLOW_CTX_DAG_RUN_ID=scheduled__2021-01-01T01:00:00+00:00
[2023-01-30T10:57:17.381+0000] {crypto.py:83} WARNING - empty cryptography key - values will not be stored encrypted.
[2023-01-30T10:57:17.382+0000] {base.py:73} INFO - Using connection ID 'google_cloud_default' for task execution.
[2023-01-30T10:57:17.806+0000] {python.py:177} INFO - Done. Returned value was: None
[2023-01-30T10:57:17.853+0000] {taskinstance.py:1322} INFO - Marking task as SUCCESS. dag_id=entsoe-energydata, task_id=extract_generation, execution_date=20210101T010000, start_date=20230130T105714, end_date=20230130T105717
[2023-01-30T10:57:17.979+0000] {local_task_job.py:159} INFO - Task exited with return code 0
[2023-01-30T10:57:18.173+0000] {taskinstance.py:2582} INFO - 0 downstream tasks scheduled from follow-on schedule check
[2023-01-30T18:09:14.877+0000] {taskinstance.py:1087} INFO - Dependencies all met for <TaskInstance: entsoe-energydata.extract_generation scheduled__2021-01-01T01:00:00+00:00 [queued]>
[2023-01-30T18:09:14.910+0000] {taskinstance.py:1087} INFO - Dependencies all met for <TaskInstance: entsoe-energydata.extract_generation scheduled__2021-01-01T01:00:00+00:00 [queued]>
[2023-01-30T18:09:14.912+0000] {taskinstance.py:1283} INFO - 
--------------------------------------------------------------------------------
[2023-01-30T18:09:14.913+0000] {taskinstance.py:1284} INFO - Starting attempt 1 of 4
[2023-01-30T18:09:14.913+0000] {taskinstance.py:1285} INFO - 
--------------------------------------------------------------------------------
[2023-01-30T18:09:14.989+0000] {taskinstance.py:1304} INFO - Executing <Task(PythonOperator): extract_generation> on 2021-01-01 01:00:00+00:00
[2023-01-30T18:09:15.023+0000] {standard_task_runner.py:55} INFO - Started process 13015 to run task
[2023-01-30T18:09:15.052+0000] {standard_task_runner.py:82} INFO - Running: ['***', 'tasks', 'run', 'entsoe-energydata', 'extract_generation', 'scheduled__2021-01-01T01:00:00+00:00', '--job-id', '567', '--raw', '--subdir', 'DAGS_FOLDER/ingestion_energydata_dag.py', '--cfg-path', '/tmp/tmpa_bjh312']
[2023-01-30T18:09:15.089+0000] {standard_task_runner.py:83} INFO - Job 567: Subtask extract_generation
[2023-01-30T18:09:15.446+0000] {task_command.py:389} INFO - Running <TaskInstance: entsoe-energydata.extract_generation scheduled__2021-01-01T01:00:00+00:00 [running]> on host 64b72c0214de
[2023-01-30T18:09:15.942+0000] {taskinstance.py:1511} INFO - Exporting the following env vars:
AIRFLOW_CTX_DAG_OWNER=rafzul
AIRFLOW_CTX_DAG_ID=entsoe-energydata
AIRFLOW_CTX_TASK_ID=extract_generation
AIRFLOW_CTX_EXECUTION_DATE=2021-01-01T01:00:00+00:00
AIRFLOW_CTX_TRY_NUMBER=1
AIRFLOW_CTX_DAG_RUN_ID=scheduled__2021-01-01T01:00:00+00:00
[2023-01-30T18:09:17.304+0000] {crypto.py:83} WARNING - empty cryptography key - values will not be stored encrypted.
[2023-01-30T18:09:17.306+0000] {base.py:73} INFO - Using connection ID 'google_cloud_default' for task execution.
[2023-01-30T18:09:17.673+0000] {python.py:177} INFO - Done. Returned value was: None
[2023-01-30T18:09:17.700+0000] {taskinstance.py:1322} INFO - Marking task as SUCCESS. dag_id=entsoe-energydata, task_id=extract_generation, execution_date=20210101T010000, start_date=20230130T180914, end_date=20230130T180917
[2023-01-30T18:09:17.763+0000] {local_task_job.py:159} INFO - Task exited with return code 0
[2023-01-30T18:09:17.810+0000] {taskinstance.py:2582} INFO - 1 downstream tasks scheduled from follow-on schedule check
[2023-01-30T18:17:16.209+0000] {taskinstance.py:1087} INFO - Dependencies all met for <TaskInstance: entsoe-energydata.extract_generation scheduled__2021-01-01T01:00:00+00:00 [queued]>
[2023-01-30T18:17:16.255+0000] {taskinstance.py:1087} INFO - Dependencies all met for <TaskInstance: entsoe-energydata.extract_generation scheduled__2021-01-01T01:00:00+00:00 [queued]>
[2023-01-30T18:17:16.256+0000] {taskinstance.py:1283} INFO - 
--------------------------------------------------------------------------------
[2023-01-30T18:17:16.256+0000] {taskinstance.py:1284} INFO - Starting attempt 1 of 4
[2023-01-30T18:17:16.257+0000] {taskinstance.py:1285} INFO - 
--------------------------------------------------------------------------------
[2023-01-30T18:17:16.291+0000] {taskinstance.py:1304} INFO - Executing <Task(PythonOperator): extract_generation> on 2021-01-01 01:00:00+00:00
[2023-01-30T18:17:16.309+0000] {standard_task_runner.py:55} INFO - Started process 13989 to run task
[2023-01-30T18:17:16.322+0000] {standard_task_runner.py:82} INFO - Running: ['***', 'tasks', 'run', 'entsoe-energydata', 'extract_generation', 'scheduled__2021-01-01T01:00:00+00:00', '--job-id', '587', '--raw', '--subdir', 'DAGS_FOLDER/ingestion_energydata_dag.py', '--cfg-path', '/tmp/tmp76_plp8c']
[2023-01-30T18:17:16.327+0000] {standard_task_runner.py:83} INFO - Job 587: Subtask extract_generation
[2023-01-30T18:17:16.573+0000] {task_command.py:389} INFO - Running <TaskInstance: entsoe-energydata.extract_generation scheduled__2021-01-01T01:00:00+00:00 [running]> on host 64b72c0214de
[2023-01-30T18:17:16.756+0000] {taskinstance.py:1511} INFO - Exporting the following env vars:
AIRFLOW_CTX_DAG_OWNER=rafzul
AIRFLOW_CTX_DAG_ID=entsoe-energydata
AIRFLOW_CTX_TASK_ID=extract_generation
AIRFLOW_CTX_EXECUTION_DATE=2021-01-01T01:00:00+00:00
AIRFLOW_CTX_TRY_NUMBER=1
AIRFLOW_CTX_DAG_RUN_ID=scheduled__2021-01-01T01:00:00+00:00
[2023-01-30T18:17:18.223+0000] {crypto.py:83} WARNING - empty cryptography key - values will not be stored encrypted.
[2023-01-30T18:17:18.224+0000] {base.py:73} INFO - Using connection ID 'google_cloud_default' for task execution.
[2023-01-30T18:17:18.641+0000] {python.py:177} INFO - Done. Returned value was: None
[2023-01-30T18:17:18.688+0000] {taskinstance.py:1322} INFO - Marking task as SUCCESS. dag_id=entsoe-energydata, task_id=extract_generation, execution_date=20210101T010000, start_date=20230130T181716, end_date=20230130T181718
[2023-01-30T18:17:18.859+0000] {local_task_job.py:159} INFO - Task exited with return code 0
[2023-01-30T18:17:19.038+0000] {taskinstance.py:2582} INFO - 0 downstream tasks scheduled from follow-on schedule check
[2023-01-30T18:24:43.483+0000] {taskinstance.py:1087} INFO - Dependencies all met for <TaskInstance: entsoe-energydata.extract_generation scheduled__2021-01-01T01:00:00+00:00 [queued]>
[2023-01-30T18:24:43.557+0000] {taskinstance.py:1087} INFO - Dependencies all met for <TaskInstance: entsoe-energydata.extract_generation scheduled__2021-01-01T01:00:00+00:00 [queued]>
[2023-01-30T18:24:43.563+0000] {taskinstance.py:1283} INFO - 
--------------------------------------------------------------------------------
[2023-01-30T18:24:43.564+0000] {taskinstance.py:1284} INFO - Starting attempt 1 of 4
[2023-01-30T18:24:43.565+0000] {taskinstance.py:1285} INFO - 
--------------------------------------------------------------------------------
[2023-01-30T18:24:43.652+0000] {taskinstance.py:1304} INFO - Executing <Task(PythonOperator): extract_generation> on 2021-01-01 01:00:00+00:00
[2023-01-30T18:24:43.686+0000] {standard_task_runner.py:55} INFO - Started process 16469 to run task
[2023-01-30T18:24:43.718+0000] {standard_task_runner.py:82} INFO - Running: ['***', 'tasks', 'run', 'entsoe-energydata', 'extract_generation', 'scheduled__2021-01-01T01:00:00+00:00', '--job-id', '608', '--raw', '--subdir', 'DAGS_FOLDER/ingestion_energydata_dag.py', '--cfg-path', '/tmp/tmpub7hdzlk']
[2023-01-30T18:24:43.730+0000] {standard_task_runner.py:83} INFO - Job 608: Subtask extract_generation
[2023-01-30T18:24:44.148+0000] {task_command.py:389} INFO - Running <TaskInstance: entsoe-energydata.extract_generation scheduled__2021-01-01T01:00:00+00:00 [running]> on host 64b72c0214de
[2023-01-30T18:24:44.515+0000] {taskinstance.py:1511} INFO - Exporting the following env vars:
AIRFLOW_CTX_DAG_OWNER=rafzul
AIRFLOW_CTX_DAG_ID=entsoe-energydata
AIRFLOW_CTX_TASK_ID=extract_generation
AIRFLOW_CTX_EXECUTION_DATE=2021-01-01T01:00:00+00:00
AIRFLOW_CTX_TRY_NUMBER=1
AIRFLOW_CTX_DAG_RUN_ID=scheduled__2021-01-01T01:00:00+00:00
[2023-01-30T18:24:46.146+0000] {crypto.py:83} WARNING - empty cryptography key - values will not be stored encrypted.
[2023-01-30T18:24:46.147+0000] {base.py:73} INFO - Using connection ID 'google_cloud_default' for task execution.
[2023-01-30T18:24:46.682+0000] {python.py:177} INFO - Done. Returned value was: None
[2023-01-30T18:24:46.736+0000] {taskinstance.py:1322} INFO - Marking task as SUCCESS. dag_id=entsoe-energydata, task_id=extract_generation, execution_date=20210101T010000, start_date=20230130T182443, end_date=20230130T182446
[2023-01-30T18:24:46.828+0000] {local_task_job.py:159} INFO - Task exited with return code 0
[2023-01-30T18:24:46.908+0000] {taskinstance.py:2582} INFO - 1 downstream tasks scheduled from follow-on schedule check
[2023-01-30T18:35:18.274+0000] {taskinstance.py:1087} INFO - Dependencies all met for <TaskInstance: entsoe-energydata.extract_generation scheduled__2021-01-01T01:00:00+00:00 [queued]>
[2023-01-30T18:35:18.290+0000] {taskinstance.py:1087} INFO - Dependencies all met for <TaskInstance: entsoe-energydata.extract_generation scheduled__2021-01-01T01:00:00+00:00 [queued]>
[2023-01-30T18:35:18.292+0000] {taskinstance.py:1283} INFO - 
--------------------------------------------------------------------------------
[2023-01-30T18:35:18.292+0000] {taskinstance.py:1284} INFO - Starting attempt 1 of 4
[2023-01-30T18:35:18.292+0000] {taskinstance.py:1285} INFO - 
--------------------------------------------------------------------------------
[2023-01-30T18:35:18.343+0000] {taskinstance.py:1304} INFO - Executing <Task(PythonOperator): extract_generation> on 2021-01-01 01:00:00+00:00
[2023-01-30T18:35:18.386+0000] {standard_task_runner.py:82} INFO - Running: ['***', 'tasks', 'run', 'entsoe-energydata', 'extract_generation', 'scheduled__2021-01-01T01:00:00+00:00', '--job-id', '647', '--raw', '--subdir', 'DAGS_FOLDER/ingestion_energydata_dag.py', '--cfg-path', '/tmp/tmp1ox8rhwn']
[2023-01-30T18:35:18.392+0000] {standard_task_runner.py:83} INFO - Job 647: Subtask extract_generation
[2023-01-30T18:35:18.392+0000] {standard_task_runner.py:55} INFO - Started process 166 to run task
[2023-01-30T18:35:18.650+0000] {task_command.py:389} INFO - Running <TaskInstance: entsoe-energydata.extract_generation scheduled__2021-01-01T01:00:00+00:00 [running]> on host 767c6fe0d003
[2023-01-30T18:35:18.816+0000] {taskinstance.py:1511} INFO - Exporting the following env vars:
AIRFLOW_CTX_DAG_OWNER=rafzul
AIRFLOW_CTX_DAG_ID=entsoe-energydata
AIRFLOW_CTX_TASK_ID=extract_generation
AIRFLOW_CTX_EXECUTION_DATE=2021-01-01T01:00:00+00:00
AIRFLOW_CTX_TRY_NUMBER=1
AIRFLOW_CTX_DAG_RUN_ID=scheduled__2021-01-01T01:00:00+00:00
[2023-01-30T18:35:20.521+0000] {crypto.py:83} WARNING - empty cryptography key - values will not be stored encrypted.
[2023-01-30T18:35:20.521+0000] {base.py:73} INFO - Using connection ID 'google_cloud_default' for task execution.
[2023-01-30T18:35:20.831+0000] {python.py:177} INFO - Done. Returned value was: None
[2023-01-30T18:35:20.851+0000] {taskinstance.py:1322} INFO - Marking task as SUCCESS. dag_id=entsoe-energydata, task_id=extract_generation, execution_date=20210101T010000, start_date=20230130T183518, end_date=20230130T183520
[2023-01-30T18:35:20.926+0000] {local_task_job.py:159} INFO - Task exited with return code 0
[2023-01-30T18:35:21.016+0000] {taskinstance.py:2582} INFO - 1 downstream tasks scheduled from follow-on schedule check
[2023-01-30T18:44:02.243+0000] {taskinstance.py:1087} INFO - Dependencies all met for <TaskInstance: entsoe-energydata.extract_generation scheduled__2021-01-01T01:00:00+00:00 [queued]>
[2023-01-30T18:44:02.307+0000] {taskinstance.py:1087} INFO - Dependencies all met for <TaskInstance: entsoe-energydata.extract_generation scheduled__2021-01-01T01:00:00+00:00 [queued]>
[2023-01-30T18:44:02.308+0000] {taskinstance.py:1283} INFO - 
--------------------------------------------------------------------------------
[2023-01-30T18:44:02.309+0000] {taskinstance.py:1284} INFO - Starting attempt 1 of 4
[2023-01-30T18:44:02.309+0000] {taskinstance.py:1285} INFO - 
--------------------------------------------------------------------------------
[2023-01-30T18:44:02.406+0000] {taskinstance.py:1304} INFO - Executing <Task(PythonOperator): extract_generation> on 2021-01-01 01:00:00+00:00
[2023-01-30T18:44:02.506+0000] {standard_task_runner.py:55} INFO - Started process 2672 to run task
[2023-01-30T18:44:02.715+0000] {standard_task_runner.py:82} INFO - Running: ['***', 'tasks', 'run', 'entsoe-energydata', 'extract_generation', 'scheduled__2021-01-01T01:00:00+00:00', '--job-id', '660', '--raw', '--subdir', 'DAGS_FOLDER/ingestion_energydata_dag.py', '--cfg-path', '/tmp/tmp5o9cqahd']
[2023-01-30T18:44:02.909+0000] {standard_task_runner.py:83} INFO - Job 660: Subtask extract_generation
[2023-01-30T18:44:03.573+0000] {task_command.py:389} INFO - Running <TaskInstance: entsoe-energydata.extract_generation scheduled__2021-01-01T01:00:00+00:00 [running]> on host 767c6fe0d003
[2023-01-30T18:44:03.952+0000] {taskinstance.py:1511} INFO - Exporting the following env vars:
AIRFLOW_CTX_DAG_OWNER=rafzul
AIRFLOW_CTX_DAG_ID=entsoe-energydata
AIRFLOW_CTX_TASK_ID=extract_generation
AIRFLOW_CTX_EXECUTION_DATE=2021-01-01T01:00:00+00:00
AIRFLOW_CTX_TRY_NUMBER=1
AIRFLOW_CTX_DAG_RUN_ID=scheduled__2021-01-01T01:00:00+00:00
[2023-01-30T18:44:05.642+0000] {crypto.py:83} WARNING - empty cryptography key - values will not be stored encrypted.
[2023-01-30T18:44:05.644+0000] {base.py:73} INFO - Using connection ID 'google_cloud_default' for task execution.
[2023-01-30T18:44:06.478+0000] {python.py:177} INFO - Done. Returned value was: None
[2023-01-30T18:44:06.707+0000] {taskinstance.py:1322} INFO - Marking task as SUCCESS. dag_id=entsoe-energydata, task_id=extract_generation, execution_date=20210101T010000, start_date=20230130T184402, end_date=20230130T184406
[2023-01-30T18:44:06.928+0000] {local_task_job.py:159} INFO - Task exited with return code 0
[2023-01-30T18:44:07.072+0000] {taskinstance.py:2582} INFO - 1 downstream tasks scheduled from follow-on schedule check
[2023-01-31T01:10:38.110+0000] {taskinstance.py:1087} INFO - Dependencies all met for <TaskInstance: entsoe-energydata.extract_generation scheduled__2021-01-01T01:00:00+00:00 [queued]>
[2023-01-31T01:10:38.162+0000] {taskinstance.py:1087} INFO - Dependencies all met for <TaskInstance: entsoe-energydata.extract_generation scheduled__2021-01-01T01:00:00+00:00 [queued]>
[2023-01-31T01:10:38.162+0000] {taskinstance.py:1283} INFO - 
--------------------------------------------------------------------------------
[2023-01-31T01:10:38.163+0000] {taskinstance.py:1284} INFO - Starting attempt 1 of 4
[2023-01-31T01:10:38.163+0000] {taskinstance.py:1285} INFO - 
--------------------------------------------------------------------------------
[2023-01-31T01:10:38.209+0000] {taskinstance.py:1304} INFO - Executing <Task(PythonOperator): extract_generation> on 2021-01-01 01:00:00+00:00
[2023-01-31T01:10:38.242+0000] {standard_task_runner.py:55} INFO - Started process 1734 to run task
[2023-01-31T01:10:38.284+0000] {standard_task_runner.py:82} INFO - Running: ['***', 'tasks', 'run', 'entsoe-energydata', 'extract_generation', 'scheduled__2021-01-01T01:00:00+00:00', '--job-id', '676', '--raw', '--subdir', 'DAGS_FOLDER/ingestion_energydata_dag.py', '--cfg-path', '/tmp/tmpl8amyy1p']
[2023-01-31T01:10:38.297+0000] {standard_task_runner.py:83} INFO - Job 676: Subtask extract_generation
[2023-01-31T01:10:38.565+0000] {task_command.py:389} INFO - Running <TaskInstance: entsoe-energydata.extract_generation scheduled__2021-01-01T01:00:00+00:00 [running]> on host 767c6fe0d003
[2023-01-31T01:10:38.802+0000] {taskinstance.py:1511} INFO - Exporting the following env vars:
AIRFLOW_CTX_DAG_OWNER=rafzul
AIRFLOW_CTX_DAG_ID=entsoe-energydata
AIRFLOW_CTX_TASK_ID=extract_generation
AIRFLOW_CTX_EXECUTION_DATE=2021-01-01T01:00:00+00:00
AIRFLOW_CTX_TRY_NUMBER=1
AIRFLOW_CTX_DAG_RUN_ID=scheduled__2021-01-01T01:00:00+00:00
[2023-01-31T01:10:41.617+0000] {crypto.py:83} WARNING - empty cryptography key - values will not be stored encrypted.
[2023-01-31T01:10:41.617+0000] {base.py:73} INFO - Using connection ID 'google_cloud_default' for task execution.
[2023-01-31T01:10:41.941+0000] {python.py:177} INFO - Done. Returned value was: None
[2023-01-31T01:10:41.968+0000] {taskinstance.py:1322} INFO - Marking task as SUCCESS. dag_id=entsoe-energydata, task_id=extract_generation, execution_date=20210101T010000, start_date=20230131T011038, end_date=20230131T011041
[2023-01-31T01:10:42.056+0000] {local_task_job.py:159} INFO - Task exited with return code 0
[2023-01-31T01:10:42.176+0000] {taskinstance.py:2582} INFO - 0 downstream tasks scheduled from follow-on schedule check
[2023-01-31T01:20:24.400+0000] {taskinstance.py:1087} INFO - Dependencies all met for <TaskInstance: entsoe-energydata.extract_generation scheduled__2021-01-01T01:00:00+00:00 [queued]>
[2023-01-31T01:20:24.539+0000] {taskinstance.py:1087} INFO - Dependencies all met for <TaskInstance: entsoe-energydata.extract_generation scheduled__2021-01-01T01:00:00+00:00 [queued]>
[2023-01-31T01:20:24.540+0000] {taskinstance.py:1283} INFO - 
--------------------------------------------------------------------------------
[2023-01-31T01:20:24.541+0000] {taskinstance.py:1284} INFO - Starting attempt 1 of 4
[2023-01-31T01:20:24.541+0000] {taskinstance.py:1285} INFO - 
--------------------------------------------------------------------------------
[2023-01-31T01:20:24.750+0000] {taskinstance.py:1304} INFO - Executing <Task(PythonOperator): extract_generation> on 2021-01-01 01:00:00+00:00
[2023-01-31T01:20:24.791+0000] {standard_task_runner.py:55} INFO - Started process 4688 to run task
[2023-01-31T01:20:24.815+0000] {standard_task_runner.py:82} INFO - Running: ['***', 'tasks', 'run', 'entsoe-energydata', 'extract_generation', 'scheduled__2021-01-01T01:00:00+00:00', '--job-id', '696', '--raw', '--subdir', 'DAGS_FOLDER/ingestion_energydata_dag.py', '--cfg-path', '/tmp/tmp_ghfhcl1']
[2023-01-31T01:20:24.828+0000] {standard_task_runner.py:83} INFO - Job 696: Subtask extract_generation
[2023-01-31T01:20:25.383+0000] {task_command.py:389} INFO - Running <TaskInstance: entsoe-energydata.extract_generation scheduled__2021-01-01T01:00:00+00:00 [running]> on host 767c6fe0d003
[2023-01-31T01:20:26.064+0000] {taskinstance.py:1511} INFO - Exporting the following env vars:
AIRFLOW_CTX_DAG_OWNER=rafzul
AIRFLOW_CTX_DAG_ID=entsoe-energydata
AIRFLOW_CTX_TASK_ID=extract_generation
AIRFLOW_CTX_EXECUTION_DATE=2021-01-01T01:00:00+00:00
AIRFLOW_CTX_TRY_NUMBER=1
AIRFLOW_CTX_DAG_RUN_ID=scheduled__2021-01-01T01:00:00+00:00
[2023-01-31T01:20:26.093+0000] {taskinstance.py:1772} ERROR - Task failed with exception
Traceback (most recent call last):
  File "/home/airflow/.local/lib/python3.10/site-packages/airflow/operators/python.py", line 175, in execute
    return_value = self.execute_callable()
  File "/home/airflow/.local/lib/python3.10/site-packages/airflow/operators/python.py", line 192, in execute_callable
    return self.python_callable(*self.op_args, **self.op_kwargs)
  File "/opt/airflow/plugins/scripts/extract_raw.py", line 79, in extract_raw_data
    start = pd.Timestamp(start, tz=timezone)
  File "pandas/_libs/tslibs/timestamps.pyx", line 1684, in pandas._libs.tslibs.timestamps.Timestamp.__new__
  File "pandas/_libs/tslibs/timezones.pyx", line 163, in pandas._libs.tslibs.timezones.maybe_get_tz
IndexError: string index out of range
[2023-01-31T01:20:26.204+0000] {taskinstance.py:1322} INFO - Marking task as UP_FOR_RETRY. dag_id=entsoe-energydata, task_id=extract_generation, execution_date=20210101T010000, start_date=20230131T012024, end_date=20230131T012026
[2023-01-31T01:20:26.319+0000] {standard_task_runner.py:100} ERROR - Failed to execute job 696 for task extract_generation (string index out of range; 4688)
[2023-01-31T01:20:26.418+0000] {local_task_job.py:159} INFO - Task exited with return code 1
[2023-01-31T01:20:26.623+0000] {taskinstance.py:2582} INFO - 0 downstream tasks scheduled from follow-on schedule check
[2023-01-31T01:22:16.795+0000] {taskinstance.py:1087} INFO - Dependencies all met for <TaskInstance: entsoe-energydata.extract_generation scheduled__2021-01-01T01:00:00+00:00 [queued]>
[2023-01-31T01:22:16.839+0000] {taskinstance.py:1087} INFO - Dependencies all met for <TaskInstance: entsoe-energydata.extract_generation scheduled__2021-01-01T01:00:00+00:00 [queued]>
[2023-01-31T01:22:16.840+0000] {taskinstance.py:1283} INFO - 
--------------------------------------------------------------------------------
[2023-01-31T01:22:16.840+0000] {taskinstance.py:1284} INFO - Starting attempt 1 of 4
[2023-01-31T01:22:16.840+0000] {taskinstance.py:1285} INFO - 
--------------------------------------------------------------------------------
[2023-01-31T01:22:16.882+0000] {taskinstance.py:1304} INFO - Executing <Task(PythonOperator): extract_generation> on 2021-01-01 01:00:00+00:00
[2023-01-31T01:22:16.899+0000] {standard_task_runner.py:55} INFO - Started process 4805 to run task
[2023-01-31T01:22:16.911+0000] {standard_task_runner.py:82} INFO - Running: ['***', 'tasks', 'run', 'entsoe-energydata', 'extract_generation', 'scheduled__2021-01-01T01:00:00+00:00', '--job-id', '705', '--raw', '--subdir', 'DAGS_FOLDER/ingestion_energydata_dag.py', '--cfg-path', '/tmp/tmpx9u2h7k_']
[2023-01-31T01:22:16.916+0000] {standard_task_runner.py:83} INFO - Job 705: Subtask extract_generation
[2023-01-31T01:22:17.121+0000] {task_command.py:389} INFO - Running <TaskInstance: entsoe-energydata.extract_generation scheduled__2021-01-01T01:00:00+00:00 [running]> on host 767c6fe0d003
[2023-01-31T01:22:17.364+0000] {taskinstance.py:1511} INFO - Exporting the following env vars:
AIRFLOW_CTX_DAG_OWNER=rafzul
AIRFLOW_CTX_DAG_ID=entsoe-energydata
AIRFLOW_CTX_TASK_ID=extract_generation
AIRFLOW_CTX_EXECUTION_DATE=2021-01-01T01:00:00+00:00
AIRFLOW_CTX_TRY_NUMBER=1
AIRFLOW_CTX_DAG_RUN_ID=scheduled__2021-01-01T01:00:00+00:00
[2023-01-31T01:22:18.744+0000] {crypto.py:83} WARNING - empty cryptography key - values will not be stored encrypted.
[2023-01-31T01:22:18.745+0000] {base.py:73} INFO - Using connection ID 'google_cloud_default' for task execution.
[2023-01-31T01:22:19.051+0000] {python.py:177} INFO - Done. Returned value was: None
[2023-01-31T01:22:19.071+0000] {taskinstance.py:1322} INFO - Marking task as SUCCESS. dag_id=entsoe-energydata, task_id=extract_generation, execution_date=20210101T010000, start_date=20230131T012216, end_date=20230131T012219
[2023-01-31T01:22:19.110+0000] {local_task_job.py:159} INFO - Task exited with return code 0
[2023-01-31T01:22:19.167+0000] {taskinstance.py:2582} INFO - 1 downstream tasks scheduled from follow-on schedule check
[2023-01-31T01:25:09.452+0000] {taskinstance.py:1087} INFO - Dependencies all met for <TaskInstance: entsoe-energydata.extract_generation scheduled__2021-01-01T01:00:00+00:00 [queued]>
[2023-01-31T01:25:09.470+0000] {taskinstance.py:1087} INFO - Dependencies all met for <TaskInstance: entsoe-energydata.extract_generation scheduled__2021-01-01T01:00:00+00:00 [queued]>
[2023-01-31T01:25:09.471+0000] {taskinstance.py:1283} INFO - 
--------------------------------------------------------------------------------
[2023-01-31T01:25:09.471+0000] {taskinstance.py:1284} INFO - Starting attempt 1 of 4
[2023-01-31T01:25:09.471+0000] {taskinstance.py:1285} INFO - 
--------------------------------------------------------------------------------
[2023-01-31T01:25:09.498+0000] {taskinstance.py:1304} INFO - Executing <Task(PythonOperator): extract_generation> on 2021-01-01 01:00:00+00:00
[2023-01-31T01:25:09.511+0000] {standard_task_runner.py:55} INFO - Started process 6339 to run task
[2023-01-31T01:25:09.518+0000] {standard_task_runner.py:82} INFO - Running: ['***', 'tasks', 'run', 'entsoe-energydata', 'extract_generation', 'scheduled__2021-01-01T01:00:00+00:00', '--job-id', '717', '--raw', '--subdir', 'DAGS_FOLDER/ingestion_energydata_dag.py', '--cfg-path', '/tmp/tmpze06gqd_']
[2023-01-31T01:25:09.523+0000] {standard_task_runner.py:83} INFO - Job 717: Subtask extract_generation
[2023-01-31T01:25:09.634+0000] {task_command.py:389} INFO - Running <TaskInstance: entsoe-energydata.extract_generation scheduled__2021-01-01T01:00:00+00:00 [running]> on host 767c6fe0d003
[2023-01-31T01:25:09.752+0000] {taskinstance.py:1511} INFO - Exporting the following env vars:
AIRFLOW_CTX_DAG_OWNER=rafzul
AIRFLOW_CTX_DAG_ID=entsoe-energydata
AIRFLOW_CTX_TASK_ID=extract_generation
AIRFLOW_CTX_EXECUTION_DATE=2021-01-01T01:00:00+00:00
AIRFLOW_CTX_TRY_NUMBER=1
AIRFLOW_CTX_DAG_RUN_ID=scheduled__2021-01-01T01:00:00+00:00
[2023-01-31T01:25:09.754+0000] {taskinstance.py:1772} ERROR - Task failed with exception
Traceback (most recent call last):
  File "/home/airflow/.local/lib/python3.10/site-packages/airflow/operators/python.py", line 175, in execute
    return_value = self.execute_callable()
  File "/home/airflow/.local/lib/python3.10/site-packages/airflow/operators/python.py", line 192, in execute_callable
    return self.python_callable(*self.op_args, **self.op_kwargs)
  File "/opt/airflow/plugins/scripts/extract_raw.py", line 79, in extract_raw_data
    start = pd.Timestamp(start, tz=timezone)
  File "pandas/_libs/tslibs/timestamps.pyx", line 1684, in pandas._libs.tslibs.timestamps.Timestamp.__new__
  File "pandas/_libs/tslibs/timezones.pyx", line 163, in pandas._libs.tslibs.timezones.maybe_get_tz
IndexError: string index out of range
[2023-01-31T01:25:09.768+0000] {taskinstance.py:1322} INFO - Marking task as UP_FOR_RETRY. dag_id=entsoe-energydata, task_id=extract_generation, execution_date=20210101T010000, start_date=20230131T012509, end_date=20230131T012509
[2023-01-31T01:25:09.787+0000] {standard_task_runner.py:100} ERROR - Failed to execute job 717 for task extract_generation (string index out of range; 6339)
[2023-01-31T01:25:09.811+0000] {local_task_job.py:159} INFO - Task exited with return code 1
[2023-01-31T01:25:09.851+0000] {taskinstance.py:2582} INFO - 0 downstream tasks scheduled from follow-on schedule check
[2023-01-31T01:26:12.616+0000] {taskinstance.py:1087} INFO - Dependencies all met for <TaskInstance: entsoe-energydata.extract_generation scheduled__2021-01-01T01:00:00+00:00 [queued]>
[2023-01-31T01:26:12.656+0000] {taskinstance.py:1087} INFO - Dependencies all met for <TaskInstance: entsoe-energydata.extract_generation scheduled__2021-01-01T01:00:00+00:00 [queued]>
[2023-01-31T01:26:12.657+0000] {taskinstance.py:1283} INFO - 
--------------------------------------------------------------------------------
[2023-01-31T01:26:12.657+0000] {taskinstance.py:1284} INFO - Starting attempt 1 of 4
[2023-01-31T01:26:12.658+0000] {taskinstance.py:1285} INFO - 
--------------------------------------------------------------------------------
[2023-01-31T01:26:12.703+0000] {taskinstance.py:1304} INFO - Executing <Task(PythonOperator): extract_generation> on 2021-01-01 01:00:00+00:00
[2023-01-31T01:26:12.726+0000] {standard_task_runner.py:55} INFO - Started process 6417 to run task
[2023-01-31T01:26:12.741+0000] {standard_task_runner.py:82} INFO - Running: ['***', 'tasks', 'run', 'entsoe-energydata', 'extract_generation', 'scheduled__2021-01-01T01:00:00+00:00', '--job-id', '725', '--raw', '--subdir', 'DAGS_FOLDER/ingestion_energydata_dag.py', '--cfg-path', '/tmp/tmpfjcmop5x']
[2023-01-31T01:26:12.750+0000] {standard_task_runner.py:83} INFO - Job 725: Subtask extract_generation
[2023-01-31T01:26:12.963+0000] {task_command.py:389} INFO - Running <TaskInstance: entsoe-energydata.extract_generation scheduled__2021-01-01T01:00:00+00:00 [running]> on host 767c6fe0d003
[2023-01-31T01:26:13.207+0000] {taskinstance.py:1511} INFO - Exporting the following env vars:
AIRFLOW_CTX_DAG_OWNER=rafzul
AIRFLOW_CTX_DAG_ID=entsoe-energydata
AIRFLOW_CTX_TASK_ID=extract_generation
AIRFLOW_CTX_EXECUTION_DATE=2021-01-01T01:00:00+00:00
AIRFLOW_CTX_TRY_NUMBER=1
AIRFLOW_CTX_DAG_RUN_ID=scheduled__2021-01-01T01:00:00+00:00
[2023-01-31T01:26:14.899+0000] {crypto.py:83} WARNING - empty cryptography key - values will not be stored encrypted.
[2023-01-31T01:26:14.900+0000] {base.py:73} INFO - Using connection ID 'google_cloud_default' for task execution.
[2023-01-31T01:26:15.332+0000] {python.py:177} INFO - Done. Returned value was: None
[2023-01-31T01:26:15.422+0000] {taskinstance.py:1322} INFO - Marking task as SUCCESS. dag_id=entsoe-energydata, task_id=extract_generation, execution_date=20210101T010000, start_date=20230131T012612, end_date=20230131T012615
[2023-01-31T01:26:15.556+0000] {local_task_job.py:159} INFO - Task exited with return code 0
[2023-01-31T01:26:15.823+0000] {taskinstance.py:2582} INFO - 0 downstream tasks scheduled from follow-on schedule check
[2023-01-31T03:42:21.824+0000] {taskinstance.py:1087} INFO - Dependencies all met for <TaskInstance: entsoe-energydata.extract_generation scheduled__2021-01-01T01:00:00+00:00 [queued]>
[2023-01-31T03:42:21.936+0000] {taskinstance.py:1087} INFO - Dependencies all met for <TaskInstance: entsoe-energydata.extract_generation scheduled__2021-01-01T01:00:00+00:00 [queued]>
[2023-01-31T03:42:21.937+0000] {taskinstance.py:1283} INFO - 
--------------------------------------------------------------------------------
[2023-01-31T03:42:21.937+0000] {taskinstance.py:1284} INFO - Starting attempt 1 of 4
[2023-01-31T03:42:21.938+0000] {taskinstance.py:1285} INFO - 
--------------------------------------------------------------------------------
[2023-01-31T03:42:22.839+0000] {taskinstance.py:1304} INFO - Executing <Task(PythonOperator): extract_generation> on 2021-01-01 01:00:00+00:00
[2023-01-31T03:42:23.013+0000] {standard_task_runner.py:55} INFO - Started process 359 to run task
[2023-01-31T03:42:23.050+0000] {standard_task_runner.py:82} INFO - Running: ['***', 'tasks', 'run', 'entsoe-energydata', 'extract_generation', 'scheduled__2021-01-01T01:00:00+00:00', '--job-id', '794', '--raw', '--subdir', 'DAGS_FOLDER/ingestion_energydata_dag.py', '--cfg-path', '/tmp/tmphmpax1aj']
[2023-01-31T03:42:23.243+0000] {standard_task_runner.py:83} INFO - Job 794: Subtask extract_generation
[2023-01-31T03:42:24.951+0000] {task_command.py:389} INFO - Running <TaskInstance: entsoe-energydata.extract_generation scheduled__2021-01-01T01:00:00+00:00 [running]> on host 2f101bc15e7a
[2023-01-31T03:42:25.913+0000] {taskinstance.py:1511} INFO - Exporting the following env vars:
AIRFLOW_CTX_DAG_OWNER=rafzul
AIRFLOW_CTX_DAG_ID=entsoe-energydata
AIRFLOW_CTX_TASK_ID=extract_generation
AIRFLOW_CTX_EXECUTION_DATE=2021-01-01T01:00:00+00:00
AIRFLOW_CTX_TRY_NUMBER=1
AIRFLOW_CTX_DAG_RUN_ID=scheduled__2021-01-01T01:00:00+00:00
[2023-01-31T03:42:28.136+0000] {crypto.py:83} WARNING - empty cryptography key - values will not be stored encrypted.
[2023-01-31T03:42:28.143+0000] {base.py:73} INFO - Using connection ID 'google_cloud_default' for task execution.
[2023-01-31T03:42:28.795+0000] {python.py:177} INFO - Done. Returned value was: None
[2023-01-31T03:42:28.843+0000] {taskinstance.py:1322} INFO - Marking task as SUCCESS. dag_id=entsoe-energydata, task_id=extract_generation, execution_date=20210101T010000, start_date=20230131T034221, end_date=20230131T034228
[2023-01-31T03:42:28.977+0000] {local_task_job.py:159} INFO - Task exited with return code 0
[2023-01-31T03:42:29.445+0000] {taskinstance.py:2582} INFO - 0 downstream tasks scheduled from follow-on schedule check
[2023-01-31T03:53:46.800+0000] {taskinstance.py:1087} INFO - Dependencies all met for <TaskInstance: entsoe-energydata.extract_generation scheduled__2021-01-01T01:00:00+00:00 [queued]>
[2023-01-31T03:53:46.852+0000] {taskinstance.py:1087} INFO - Dependencies all met for <TaskInstance: entsoe-energydata.extract_generation scheduled__2021-01-01T01:00:00+00:00 [queued]>
[2023-01-31T03:53:46.853+0000] {taskinstance.py:1283} INFO - 
--------------------------------------------------------------------------------
[2023-01-31T03:53:46.854+0000] {taskinstance.py:1284} INFO - Starting attempt 1 of 4
[2023-01-31T03:53:46.855+0000] {taskinstance.py:1285} INFO - 
--------------------------------------------------------------------------------
[2023-01-31T03:53:46.928+0000] {taskinstance.py:1304} INFO - Executing <Task(PythonOperator): extract_generation> on 2021-01-01 01:00:00+00:00
[2023-01-31T03:53:46.966+0000] {standard_task_runner.py:55} INFO - Started process 2242 to run task
[2023-01-31T03:53:46.997+0000] {standard_task_runner.py:82} INFO - Running: ['***', 'tasks', 'run', 'entsoe-energydata', 'extract_generation', 'scheduled__2021-01-01T01:00:00+00:00', '--job-id', '809', '--raw', '--subdir', 'DAGS_FOLDER/ingestion_energydata_dag.py', '--cfg-path', '/tmp/tmp1osrpefi']
[2023-01-31T03:53:47.012+0000] {standard_task_runner.py:83} INFO - Job 809: Subtask extract_generation
[2023-01-31T03:53:47.775+0000] {task_command.py:389} INFO - Running <TaskInstance: entsoe-energydata.extract_generation scheduled__2021-01-01T01:00:00+00:00 [running]> on host 2f101bc15e7a
[2023-01-31T03:53:48.186+0000] {taskinstance.py:1511} INFO - Exporting the following env vars:
AIRFLOW_CTX_DAG_OWNER=rafzul
AIRFLOW_CTX_DAG_ID=entsoe-energydata
AIRFLOW_CTX_TASK_ID=extract_generation
AIRFLOW_CTX_EXECUTION_DATE=2021-01-01T01:00:00+00:00
AIRFLOW_CTX_TRY_NUMBER=1
AIRFLOW_CTX_DAG_RUN_ID=scheduled__2021-01-01T01:00:00+00:00
[2023-01-31T03:53:49.736+0000] {crypto.py:83} WARNING - empty cryptography key - values will not be stored encrypted.
[2023-01-31T03:53:49.738+0000] {base.py:73} INFO - Using connection ID 'google_cloud_default' for task execution.
[2023-01-31T03:53:50.248+0000] {python.py:177} INFO - Done. Returned value was: None
[2023-01-31T03:53:50.326+0000] {taskinstance.py:1322} INFO - Marking task as SUCCESS. dag_id=entsoe-energydata, task_id=extract_generation, execution_date=20210101T010000, start_date=20230131T035346, end_date=20230131T035350
[2023-01-31T03:53:50.487+0000] {local_task_job.py:159} INFO - Task exited with return code 0
[2023-01-31T03:53:50.724+0000] {taskinstance.py:2582} INFO - 1 downstream tasks scheduled from follow-on schedule check
[2023-01-31T04:24:06.594+0000] {taskinstance.py:1087} INFO - Dependencies all met for <TaskInstance: entsoe-energydata.extract_generation scheduled__2021-01-01T01:00:00+00:00 [queued]>
[2023-01-31T04:24:06.704+0000] {taskinstance.py:1087} INFO - Dependencies all met for <TaskInstance: entsoe-energydata.extract_generation scheduled__2021-01-01T01:00:00+00:00 [queued]>
[2023-01-31T04:24:06.705+0000] {taskinstance.py:1283} INFO - 
--------------------------------------------------------------------------------
[2023-01-31T04:24:06.705+0000] {taskinstance.py:1284} INFO - Starting attempt 1 of 4
[2023-01-31T04:24:06.706+0000] {taskinstance.py:1285} INFO - 
--------------------------------------------------------------------------------
[2023-01-31T04:24:06.925+0000] {taskinstance.py:1304} INFO - Executing <Task(PythonOperator): extract_generation> on 2021-01-01 01:00:00+00:00
[2023-01-31T04:24:07.008+0000] {standard_task_runner.py:55} INFO - Started process 208 to run task
[2023-01-31T04:24:07.160+0000] {standard_task_runner.py:82} INFO - Running: ['***', 'tasks', 'run', 'entsoe-energydata', 'extract_generation', 'scheduled__2021-01-01T01:00:00+00:00', '--job-id', '831', '--raw', '--subdir', 'DAGS_FOLDER/ingestion_energydata_dag.py', '--cfg-path', '/tmp/tmpu5091zv5']
[2023-01-31T04:24:07.222+0000] {standard_task_runner.py:83} INFO - Job 831: Subtask extract_generation
[2023-01-31T04:24:07.717+0000] {task_command.py:389} INFO - Running <TaskInstance: entsoe-energydata.extract_generation scheduled__2021-01-01T01:00:00+00:00 [running]> on host 81d5fcd0285b
[2023-01-31T04:24:08.171+0000] {taskinstance.py:1511} INFO - Exporting the following env vars:
AIRFLOW_CTX_DAG_OWNER=rafzul
AIRFLOW_CTX_DAG_ID=entsoe-energydata
AIRFLOW_CTX_TASK_ID=extract_generation
AIRFLOW_CTX_EXECUTION_DATE=2021-01-01T01:00:00+00:00
AIRFLOW_CTX_TRY_NUMBER=1
AIRFLOW_CTX_DAG_RUN_ID=scheduled__2021-01-01T01:00:00+00:00
[2023-01-31T04:24:09.777+0000] {crypto.py:83} WARNING - empty cryptography key - values will not be stored encrypted.
[2023-01-31T04:24:09.778+0000] {base.py:73} INFO - Using connection ID 'google_cloud_default' for task execution.
[2023-01-31T04:24:10.075+0000] {python.py:177} INFO - Done. Returned value was: None
[2023-01-31T04:24:10.091+0000] {taskinstance.py:1322} INFO - Marking task as SUCCESS. dag_id=entsoe-energydata, task_id=extract_generation, execution_date=20210101T010000, start_date=20230131T042406, end_date=20230131T042410
[2023-01-31T04:24:10.122+0000] {local_task_job.py:159} INFO - Task exited with return code 0
[2023-01-31T04:24:10.226+0000] {taskinstance.py:2582} INFO - 1 downstream tasks scheduled from follow-on schedule check
[2023-01-31T04:30:38.552+0000] {taskinstance.py:1087} INFO - Dependencies all met for <TaskInstance: entsoe-energydata.extract_generation scheduled__2021-01-01T01:00:00+00:00 [queued]>
[2023-01-31T04:30:38.615+0000] {taskinstance.py:1087} INFO - Dependencies all met for <TaskInstance: entsoe-energydata.extract_generation scheduled__2021-01-01T01:00:00+00:00 [queued]>
[2023-01-31T04:30:38.615+0000] {taskinstance.py:1283} INFO - 
--------------------------------------------------------------------------------
[2023-01-31T04:30:38.615+0000] {taskinstance.py:1284} INFO - Starting attempt 1 of 4
[2023-01-31T04:30:38.615+0000] {taskinstance.py:1285} INFO - 
--------------------------------------------------------------------------------
[2023-01-31T04:30:38.679+0000] {taskinstance.py:1304} INFO - Executing <Task(PythonOperator): extract_generation> on 2021-01-01 01:00:00+00:00
[2023-01-31T04:30:38.715+0000] {standard_task_runner.py:55} INFO - Started process 2608 to run task
[2023-01-31T04:30:38.724+0000] {standard_task_runner.py:82} INFO - Running: ['***', 'tasks', 'run', 'entsoe-energydata', 'extract_generation', 'scheduled__2021-01-01T01:00:00+00:00', '--job-id', '844', '--raw', '--subdir', 'DAGS_FOLDER/ingestion_energydata_dag.py', '--cfg-path', '/tmp/tmpakkbsrb6']
[2023-01-31T04:30:38.728+0000] {standard_task_runner.py:83} INFO - Job 844: Subtask extract_generation
[2023-01-31T04:30:39.351+0000] {task_command.py:389} INFO - Running <TaskInstance: entsoe-energydata.extract_generation scheduled__2021-01-01T01:00:00+00:00 [running]> on host 81d5fcd0285b
[2023-01-31T04:30:40.438+0000] {taskinstance.py:1511} INFO - Exporting the following env vars:
AIRFLOW_CTX_DAG_OWNER=rafzul
AIRFLOW_CTX_DAG_ID=entsoe-energydata
AIRFLOW_CTX_TASK_ID=extract_generation
AIRFLOW_CTX_EXECUTION_DATE=2021-01-01T01:00:00+00:00
AIRFLOW_CTX_TRY_NUMBER=1
AIRFLOW_CTX_DAG_RUN_ID=scheduled__2021-01-01T01:00:00+00:00
[2023-01-31T04:30:42.267+0000] {crypto.py:83} WARNING - empty cryptography key - values will not be stored encrypted.
[2023-01-31T04:30:42.270+0000] {base.py:73} INFO - Using connection ID 'google_cloud_default' for task execution.
[2023-01-31T04:30:42.870+0000] {python.py:177} INFO - Done. Returned value was: None
[2023-01-31T04:30:42.905+0000] {taskinstance.py:1322} INFO - Marking task as SUCCESS. dag_id=entsoe-energydata, task_id=extract_generation, execution_date=20210101T010000, start_date=20230131T043038, end_date=20230131T043042
[2023-01-31T04:30:43.078+0000] {local_task_job.py:159} INFO - Task exited with return code 0
[2023-01-31T04:30:43.222+0000] {taskinstance.py:2582} INFO - 1 downstream tasks scheduled from follow-on schedule check
[2023-01-31T04:48:06.514+0000] {taskinstance.py:1087} INFO - Dependencies all met for <TaskInstance: entsoe-energydata.extract_generation scheduled__2021-01-01T01:00:00+00:00 [queued]>
[2023-01-31T04:48:06.564+0000] {taskinstance.py:1087} INFO - Dependencies all met for <TaskInstance: entsoe-energydata.extract_generation scheduled__2021-01-01T01:00:00+00:00 [queued]>
[2023-01-31T04:48:06.565+0000] {taskinstance.py:1283} INFO - 
--------------------------------------------------------------------------------
[2023-01-31T04:48:06.567+0000] {taskinstance.py:1284} INFO - Starting attempt 1 of 4
[2023-01-31T04:48:06.568+0000] {taskinstance.py:1285} INFO - 
--------------------------------------------------------------------------------
[2023-01-31T04:48:06.661+0000] {taskinstance.py:1304} INFO - Executing <Task(PythonOperator): extract_generation> on 2021-01-01 01:00:00+00:00
[2023-01-31T04:48:06.683+0000] {standard_task_runner.py:55} INFO - Started process 7254 to run task
[2023-01-31T04:48:06.702+0000] {standard_task_runner.py:82} INFO - Running: ['***', 'tasks', 'run', 'entsoe-energydata', 'extract_generation', 'scheduled__2021-01-01T01:00:00+00:00', '--job-id', '858', '--raw', '--subdir', 'DAGS_FOLDER/ingestion_energydata_dag.py', '--cfg-path', '/tmp/tmpaiv5mw7m']
[2023-01-31T04:48:06.718+0000] {standard_task_runner.py:83} INFO - Job 858: Subtask extract_generation
[2023-01-31T04:48:07.060+0000] {task_command.py:389} INFO - Running <TaskInstance: entsoe-energydata.extract_generation scheduled__2021-01-01T01:00:00+00:00 [running]> on host 81d5fcd0285b
[2023-01-31T04:48:07.420+0000] {taskinstance.py:1511} INFO - Exporting the following env vars:
AIRFLOW_CTX_DAG_OWNER=rafzul
AIRFLOW_CTX_DAG_ID=entsoe-energydata
AIRFLOW_CTX_TASK_ID=extract_generation
AIRFLOW_CTX_EXECUTION_DATE=2021-01-01T01:00:00+00:00
AIRFLOW_CTX_TRY_NUMBER=1
AIRFLOW_CTX_DAG_RUN_ID=scheduled__2021-01-01T01:00:00+00:00
[2023-01-31T04:48:08.922+0000] {crypto.py:83} WARNING - empty cryptography key - values will not be stored encrypted.
[2023-01-31T04:48:08.922+0000] {base.py:73} INFO - Using connection ID 'google_cloud_default' for task execution.
[2023-01-31T04:48:09.309+0000] {python.py:177} INFO - Done. Returned value was: None
[2023-01-31T04:48:09.333+0000] {taskinstance.py:1322} INFO - Marking task as SUCCESS. dag_id=entsoe-energydata, task_id=extract_generation, execution_date=20210101T010000, start_date=20230131T044806, end_date=20230131T044809
[2023-01-31T04:48:09.398+0000] {local_task_job.py:159} INFO - Task exited with return code 0
[2023-01-31T04:48:09.459+0000] {taskinstance.py:2582} INFO - 1 downstream tasks scheduled from follow-on schedule check
