[2023-01-31T05:10:47.064+0000] {taskinstance.py:1087} INFO - Dependencies all met for <TaskInstance: entsoe-energydata-backfill.extract_generation scheduled__2021-01-01T02:00:00+00:00 [queued]>
[2023-01-31T05:10:47.113+0000] {taskinstance.py:1087} INFO - Dependencies all met for <TaskInstance: entsoe-energydata-backfill.extract_generation scheduled__2021-01-01T02:00:00+00:00 [queued]>
[2023-01-31T05:10:47.114+0000] {taskinstance.py:1283} INFO - 
--------------------------------------------------------------------------------
[2023-01-31T05:10:47.115+0000] {taskinstance.py:1284} INFO - Starting attempt 1 of 4
[2023-01-31T05:10:47.115+0000] {taskinstance.py:1285} INFO - 
--------------------------------------------------------------------------------
[2023-01-31T05:10:47.173+0000] {taskinstance.py:1304} INFO - Executing <Task(PythonOperator): extract_generation> on 2021-01-01 02:00:00+00:00
[2023-01-31T05:10:47.238+0000] {standard_task_runner.py:55} INFO - Started process 12229 to run task
[2023-01-31T05:10:47.252+0000] {standard_task_runner.py:82} INFO - Running: ['***', 'tasks', 'run', 'entsoe-energydata-backfill', 'extract_generation', 'scheduled__2021-01-01T02:00:00+00:00', '--job-id', '874', '--raw', '--subdir', 'DAGS_FOLDER/ingestion_energydata_dag.py', '--cfg-path', '/tmp/tmp9fwieumm']
[2023-01-31T05:10:47.261+0000] {standard_task_runner.py:83} INFO - Job 874: Subtask extract_generation
[2023-01-31T05:10:47.606+0000] {task_command.py:389} INFO - Running <TaskInstance: entsoe-energydata-backfill.extract_generation scheduled__2021-01-01T02:00:00+00:00 [running]> on host 81d5fcd0285b
[2023-01-31T05:10:48.015+0000] {taskinstance.py:1511} INFO - Exporting the following env vars:
AIRFLOW_CTX_DAG_OWNER=rafzul
AIRFLOW_CTX_DAG_ID=entsoe-energydata-backfill
AIRFLOW_CTX_TASK_ID=extract_generation
AIRFLOW_CTX_EXECUTION_DATE=2021-01-01T02:00:00+00:00
AIRFLOW_CTX_TRY_NUMBER=1
AIRFLOW_CTX_DAG_RUN_ID=scheduled__2021-01-01T02:00:00+00:00
[2023-01-31T05:10:49.608+0000] {crypto.py:83} WARNING - empty cryptography key - values will not be stored encrypted.
[2023-01-31T05:10:49.609+0000] {base.py:73} INFO - Using connection ID 'google_cloud_default' for task execution.
[2023-01-31T05:10:49.993+0000] {python.py:177} INFO - Done. Returned value was: None
[2023-01-31T05:10:50.055+0000] {taskinstance.py:1322} INFO - Marking task as SUCCESS. dag_id=entsoe-energydata-backfill, task_id=extract_generation, execution_date=20210101T020000, start_date=20230131T051047, end_date=20230131T051050
[2023-01-31T05:10:50.231+0000] {local_task_job.py:159} INFO - Task exited with return code 0
[2023-01-31T05:10:50.349+0000] {taskinstance.py:2582} INFO - 1 downstream tasks scheduled from follow-on schedule check
[2023-01-31T05:30:27.134+0000] {taskinstance.py:1087} INFO - Dependencies all met for <TaskInstance: entsoe-energydata-backfill.extract_generation scheduled__2021-01-01T02:00:00+00:00 [queued]>
[2023-01-31T05:30:27.227+0000] {taskinstance.py:1087} INFO - Dependencies all met for <TaskInstance: entsoe-energydata-backfill.extract_generation scheduled__2021-01-01T02:00:00+00:00 [queued]>
[2023-01-31T05:30:27.228+0000] {taskinstance.py:1283} INFO - 
--------------------------------------------------------------------------------
[2023-01-31T05:30:27.229+0000] {taskinstance.py:1284} INFO - Starting attempt 1 of 4
[2023-01-31T05:30:27.230+0000] {taskinstance.py:1285} INFO - 
--------------------------------------------------------------------------------
[2023-01-31T05:30:27.307+0000] {taskinstance.py:1304} INFO - Executing <Task(PythonOperator): extract_generation> on 2021-01-01 02:00:00+00:00
[2023-01-31T05:30:27.377+0000] {standard_task_runner.py:55} INFO - Started process 15702 to run task
[2023-01-31T05:30:27.425+0000] {standard_task_runner.py:82} INFO - Running: ['***', 'tasks', 'run', 'entsoe-energydata-backfill', 'extract_generation', 'scheduled__2021-01-01T02:00:00+00:00', '--job-id', '892', '--raw', '--subdir', 'DAGS_FOLDER/ingestion_energydata_dag.py', '--cfg-path', '/tmp/tmpb93d23lk']
[2023-01-31T05:30:27.439+0000] {standard_task_runner.py:83} INFO - Job 892: Subtask extract_generation
[2023-01-31T05:30:27.833+0000] {task_command.py:389} INFO - Running <TaskInstance: entsoe-energydata-backfill.extract_generation scheduled__2021-01-01T02:00:00+00:00 [running]> on host 81d5fcd0285b
[2023-01-31T05:30:28.334+0000] {taskinstance.py:1511} INFO - Exporting the following env vars:
AIRFLOW_CTX_DAG_OWNER=rafzul
AIRFLOW_CTX_DAG_ID=entsoe-energydata-backfill
AIRFLOW_CTX_TASK_ID=extract_generation
AIRFLOW_CTX_EXECUTION_DATE=2021-01-01T02:00:00+00:00
AIRFLOW_CTX_TRY_NUMBER=1
AIRFLOW_CTX_DAG_RUN_ID=scheduled__2021-01-01T02:00:00+00:00
[2023-01-31T05:30:30.241+0000] {crypto.py:83} WARNING - empty cryptography key - values will not be stored encrypted.
[2023-01-31T05:30:30.242+0000] {base.py:73} INFO - Using connection ID 'google_cloud_default' for task execution.
[2023-01-31T05:30:31.516+0000] {python.py:177} INFO - Done. Returned value was: None
[2023-01-31T05:30:31.653+0000] {taskinstance.py:1322} INFO - Marking task as SUCCESS. dag_id=entsoe-energydata-backfill, task_id=extract_generation, execution_date=20210101T020000, start_date=20230131T053027, end_date=20230131T053031
[2023-01-31T05:30:31.863+0000] {local_task_job.py:159} INFO - Task exited with return code 0
[2023-01-31T05:30:32.131+0000] {taskinstance.py:2582} INFO - 1 downstream tasks scheduled from follow-on schedule check
[2023-01-31T07:38:31.392+0000] {taskinstance.py:1087} INFO - Dependencies all met for <TaskInstance: entsoe-energydata-backfill.extract_generation scheduled__2021-01-01T02:00:00+00:00 [queued]>
[2023-01-31T07:38:31.702+0000] {taskinstance.py:1087} INFO - Dependencies all met for <TaskInstance: entsoe-energydata-backfill.extract_generation scheduled__2021-01-01T02:00:00+00:00 [queued]>
[2023-01-31T07:38:31.713+0000] {taskinstance.py:1283} INFO - 
--------------------------------------------------------------------------------
[2023-01-31T07:38:31.714+0000] {taskinstance.py:1284} INFO - Starting attempt 1 of 4
[2023-01-31T07:38:31.726+0000] {taskinstance.py:1285} INFO - 
--------------------------------------------------------------------------------
[2023-01-31T07:38:32.118+0000] {taskinstance.py:1304} INFO - Executing <Task(PythonOperator): extract_generation> on 2021-01-01 02:00:00+00:00
[2023-01-31T07:38:32.293+0000] {standard_task_runner.py:55} INFO - Started process 25731 to run task
[2023-01-31T07:38:32.405+0000] {standard_task_runner.py:82} INFO - Running: ['***', 'tasks', 'run', 'entsoe-energydata-backfill', 'extract_generation', 'scheduled__2021-01-01T02:00:00+00:00', '--job-id', '904', '--raw', '--subdir', 'DAGS_FOLDER/ingestion_energydata_dag.py', '--cfg-path', '/tmp/tmppclysxlh']
[2023-01-31T07:38:32.521+0000] {standard_task_runner.py:83} INFO - Job 904: Subtask extract_generation
[2023-01-31T07:38:33.825+0000] {task_command.py:389} INFO - Running <TaskInstance: entsoe-energydata-backfill.extract_generation scheduled__2021-01-01T02:00:00+00:00 [running]> on host 81d5fcd0285b
[2023-01-31T07:38:34.913+0000] {taskinstance.py:1511} INFO - Exporting the following env vars:
AIRFLOW_CTX_DAG_OWNER=rafzul
AIRFLOW_CTX_DAG_ID=entsoe-energydata-backfill
AIRFLOW_CTX_TASK_ID=extract_generation
AIRFLOW_CTX_EXECUTION_DATE=2021-01-01T02:00:00+00:00
AIRFLOW_CTX_TRY_NUMBER=1
AIRFLOW_CTX_DAG_RUN_ID=scheduled__2021-01-01T02:00:00+00:00
[2023-01-31T07:38:36.725+0000] {crypto.py:83} WARNING - empty cryptography key - values will not be stored encrypted.
[2023-01-31T07:38:36.726+0000] {base.py:73} INFO - Using connection ID 'google_cloud_default' for task execution.
[2023-01-31T07:38:37.554+0000] {python.py:177} INFO - Done. Returned value was: None
[2023-01-31T07:38:37.666+0000] {taskinstance.py:1322} INFO - Marking task as SUCCESS. dag_id=entsoe-energydata-backfill, task_id=extract_generation, execution_date=20210101T020000, start_date=20230131T073831, end_date=20230131T073837
[2023-01-31T07:38:37.990+0000] {local_task_job.py:159} INFO - Task exited with return code 0
[2023-01-31T07:38:38.485+0000] {taskinstance.py:2582} INFO - 1 downstream tasks scheduled from follow-on schedule check
[2023-01-31T08:21:27.238+0000] {taskinstance.py:1087} INFO - Dependencies all met for <TaskInstance: entsoe-energydata-backfill.extract_generation scheduled__2021-01-01T02:00:00+00:00 [queued]>
[2023-01-31T08:21:27.304+0000] {taskinstance.py:1087} INFO - Dependencies all met for <TaskInstance: entsoe-energydata-backfill.extract_generation scheduled__2021-01-01T02:00:00+00:00 [queued]>
[2023-01-31T08:21:27.305+0000] {taskinstance.py:1283} INFO - 
--------------------------------------------------------------------------------
[2023-01-31T08:21:27.306+0000] {taskinstance.py:1284} INFO - Starting attempt 1 of 4
[2023-01-31T08:21:27.306+0000] {taskinstance.py:1285} INFO - 
--------------------------------------------------------------------------------
[2023-01-31T08:21:27.392+0000] {taskinstance.py:1304} INFO - Executing <Task(PythonOperator): extract_generation> on 2021-01-01 02:00:00+00:00
[2023-01-31T08:21:27.438+0000] {standard_task_runner.py:55} INFO - Started process 2048 to run task
[2023-01-31T08:21:27.510+0000] {standard_task_runner.py:82} INFO - Running: ['***', 'tasks', 'run', 'entsoe-energydata-backfill', 'extract_generation', 'scheduled__2021-01-01T02:00:00+00:00', '--job-id', '917', '--raw', '--subdir', 'DAGS_FOLDER/ingestion_energydata_dag.py', '--cfg-path', '/tmp/tmpk8eubnvk']
[2023-01-31T08:21:27.525+0000] {standard_task_runner.py:83} INFO - Job 917: Subtask extract_generation
[2023-01-31T08:21:27.853+0000] {task_command.py:389} INFO - Running <TaskInstance: entsoe-energydata-backfill.extract_generation scheduled__2021-01-01T02:00:00+00:00 [running]> on host 81d5fcd0285b
[2023-01-31T08:21:28.213+0000] {taskinstance.py:1511} INFO - Exporting the following env vars:
AIRFLOW_CTX_DAG_OWNER=rafzul
AIRFLOW_CTX_DAG_ID=entsoe-energydata-backfill
AIRFLOW_CTX_TASK_ID=extract_generation
AIRFLOW_CTX_EXECUTION_DATE=2021-01-01T02:00:00+00:00
AIRFLOW_CTX_TRY_NUMBER=1
AIRFLOW_CTX_DAG_RUN_ID=scheduled__2021-01-01T02:00:00+00:00
[2023-01-31T08:21:29.818+0000] {crypto.py:83} WARNING - empty cryptography key - values will not be stored encrypted.
[2023-01-31T08:21:29.818+0000] {base.py:73} INFO - Using connection ID 'google_cloud_default' for task execution.
[2023-01-31T08:21:30.213+0000] {python.py:177} INFO - Done. Returned value was: None
[2023-01-31T08:21:30.242+0000] {taskinstance.py:1322} INFO - Marking task as SUCCESS. dag_id=entsoe-energydata-backfill, task_id=extract_generation, execution_date=20210101T020000, start_date=20230131T082127, end_date=20230131T082130
[2023-01-31T08:21:30.346+0000] {local_task_job.py:159} INFO - Task exited with return code 0
[2023-01-31T08:21:30.629+0000] {taskinstance.py:2582} INFO - 0 downstream tasks scheduled from follow-on schedule check
[2023-01-31T08:30:16.659+0000] {taskinstance.py:1087} INFO - Dependencies all met for <TaskInstance: entsoe-energydata-backfill.extract_generation scheduled__2021-01-01T02:00:00+00:00 [queued]>
[2023-01-31T08:30:16.730+0000] {taskinstance.py:1087} INFO - Dependencies all met for <TaskInstance: entsoe-energydata-backfill.extract_generation scheduled__2021-01-01T02:00:00+00:00 [queued]>
[2023-01-31T08:30:16.731+0000] {taskinstance.py:1283} INFO - 
--------------------------------------------------------------------------------
[2023-01-31T08:30:16.731+0000] {taskinstance.py:1284} INFO - Starting attempt 1 of 4
[2023-01-31T08:30:16.732+0000] {taskinstance.py:1285} INFO - 
--------------------------------------------------------------------------------
[2023-01-31T08:30:16.790+0000] {taskinstance.py:1304} INFO - Executing <Task(PythonOperator): extract_generation> on 2021-01-01 02:00:00+00:00
[2023-01-31T08:30:16.809+0000] {standard_task_runner.py:55} INFO - Started process 244 to run task
[2023-01-31T08:30:16.838+0000] {standard_task_runner.py:82} INFO - Running: ['***', 'tasks', 'run', 'entsoe-energydata-backfill', 'extract_generation', 'scheduled__2021-01-01T02:00:00+00:00', '--job-id', '933', '--raw', '--subdir', 'DAGS_FOLDER/ingestion_energydata_dag.py', '--cfg-path', '/tmp/tmpwzgusa9w']
[2023-01-31T08:30:16.853+0000] {standard_task_runner.py:83} INFO - Job 933: Subtask extract_generation
[2023-01-31T08:30:17.277+0000] {task_command.py:389} INFO - Running <TaskInstance: entsoe-energydata-backfill.extract_generation scheduled__2021-01-01T02:00:00+00:00 [running]> on host 4475e39484c1
[2023-01-31T08:30:17.523+0000] {taskinstance.py:1511} INFO - Exporting the following env vars:
AIRFLOW_CTX_DAG_OWNER=rafzul
AIRFLOW_CTX_DAG_ID=entsoe-energydata-backfill
AIRFLOW_CTX_TASK_ID=extract_generation
AIRFLOW_CTX_EXECUTION_DATE=2021-01-01T02:00:00+00:00
AIRFLOW_CTX_TRY_NUMBER=1
AIRFLOW_CTX_DAG_RUN_ID=scheduled__2021-01-01T02:00:00+00:00
[2023-01-31T08:30:19.151+0000] {crypto.py:83} WARNING - empty cryptography key - values will not be stored encrypted.
[2023-01-31T08:30:19.151+0000] {base.py:73} INFO - Using connection ID 'google_cloud_default' for task execution.
[2023-01-31T08:30:19.497+0000] {python.py:177} INFO - Done. Returned value was: None
[2023-01-31T08:30:19.537+0000] {taskinstance.py:1322} INFO - Marking task as SUCCESS. dag_id=entsoe-energydata-backfill, task_id=extract_generation, execution_date=20210101T020000, start_date=20230131T083016, end_date=20230131T083019
[2023-01-31T08:30:19.740+0000] {local_task_job.py:159} INFO - Task exited with return code 0
[2023-01-31T08:30:19.789+0000] {taskinstance.py:2582} INFO - 1 downstream tasks scheduled from follow-on schedule check
[2023-01-31T08:32:22.473+0000] {taskinstance.py:1087} INFO - Dependencies all met for <TaskInstance: entsoe-energydata-backfill.extract_generation scheduled__2021-01-01T02:00:00+00:00 [queued]>
[2023-01-31T08:32:22.499+0000] {taskinstance.py:1087} INFO - Dependencies all met for <TaskInstance: entsoe-energydata-backfill.extract_generation scheduled__2021-01-01T02:00:00+00:00 [queued]>
[2023-01-31T08:32:22.500+0000] {taskinstance.py:1283} INFO - 
--------------------------------------------------------------------------------
[2023-01-31T08:32:22.500+0000] {taskinstance.py:1284} INFO - Starting attempt 1 of 4
[2023-01-31T08:32:22.500+0000] {taskinstance.py:1285} INFO - 
--------------------------------------------------------------------------------
[2023-01-31T08:32:22.530+0000] {taskinstance.py:1304} INFO - Executing <Task(PythonOperator): extract_generation> on 2021-01-01 02:00:00+00:00
[2023-01-31T08:32:22.545+0000] {standard_task_runner.py:55} INFO - Started process 376 to run task
[2023-01-31T08:32:22.554+0000] {standard_task_runner.py:82} INFO - Running: ['***', 'tasks', 'run', 'entsoe-energydata-backfill', 'extract_generation', 'scheduled__2021-01-01T02:00:00+00:00', '--job-id', '941', '--raw', '--subdir', 'DAGS_FOLDER/ingestion_energydata_dag.py', '--cfg-path', '/tmp/tmpp778qd5s']
[2023-01-31T08:32:22.560+0000] {standard_task_runner.py:83} INFO - Job 941: Subtask extract_generation
[2023-01-31T08:32:22.861+0000] {task_command.py:389} INFO - Running <TaskInstance: entsoe-energydata-backfill.extract_generation scheduled__2021-01-01T02:00:00+00:00 [running]> on host 4475e39484c1
[2023-01-31T08:32:23.365+0000] {taskinstance.py:1511} INFO - Exporting the following env vars:
AIRFLOW_CTX_DAG_OWNER=rafzul
AIRFLOW_CTX_DAG_ID=entsoe-energydata-backfill
AIRFLOW_CTX_TASK_ID=extract_generation
AIRFLOW_CTX_EXECUTION_DATE=2021-01-01T02:00:00+00:00
AIRFLOW_CTX_TRY_NUMBER=1
AIRFLOW_CTX_DAG_RUN_ID=scheduled__2021-01-01T02:00:00+00:00
[2023-01-31T08:32:24.669+0000] {crypto.py:83} WARNING - empty cryptography key - values will not be stored encrypted.
[2023-01-31T08:32:24.670+0000] {base.py:73} INFO - Using connection ID 'google_cloud_default' for task execution.
[2023-01-31T08:32:24.977+0000] {python.py:177} INFO - Done. Returned value was: None
[2023-01-31T08:32:25.023+0000] {taskinstance.py:1322} INFO - Marking task as SUCCESS. dag_id=entsoe-energydata-backfill, task_id=extract_generation, execution_date=20210101T020000, start_date=20230131T083222, end_date=20230131T083225
[2023-01-31T08:32:25.116+0000] {local_task_job.py:159} INFO - Task exited with return code 0
[2023-01-31T08:32:25.190+0000] {taskinstance.py:2582} INFO - 1 downstream tasks scheduled from follow-on schedule check
