[2023-01-30T10:54:37.684+0000] {taskinstance.py:1087} INFO - Dependencies all met for <TaskInstance: entsoe-energydata.stage_total_generation scheduled__2021-01-01T01:00:00+00:00 [queued]>
[2023-01-30T10:54:38.006+0000] {taskinstance.py:1087} INFO - Dependencies all met for <TaskInstance: entsoe-energydata.stage_total_generation scheduled__2021-01-01T01:00:00+00:00 [queued]>
[2023-01-30T10:54:38.006+0000] {taskinstance.py:1283} INFO - 
--------------------------------------------------------------------------------
[2023-01-30T10:54:38.032+0000] {taskinstance.py:1284} INFO - Starting attempt 1 of 4
[2023-01-30T10:54:38.037+0000] {taskinstance.py:1285} INFO - 
--------------------------------------------------------------------------------
[2023-01-30T10:54:38.443+0000] {taskinstance.py:1304} INFO - Executing <Task(SparkSubmitOperator): stage_total_generation> on 2021-01-01 01:00:00+00:00
[2023-01-30T10:54:38.592+0000] {standard_task_runner.py:55} INFO - Started process 215 to run task
[2023-01-30T10:54:38.801+0000] {standard_task_runner.py:82} INFO - Running: ['***', 'tasks', 'run', 'entsoe-energydata', 'stage_total_generation', 'scheduled__2021-01-01T01:00:00+00:00', '--job-id', '527', '--raw', '--subdir', 'DAGS_FOLDER/ingestion_energydata_dag.py', '--cfg-path', '/tmp/tmpqenogw2t']
[2023-01-30T10:54:38.854+0000] {standard_task_runner.py:83} INFO - Job 527: Subtask stage_total_generation
[2023-01-30T10:54:40.018+0000] {task_command.py:389} INFO - Running <TaskInstance: entsoe-energydata.stage_total_generation scheduled__2021-01-01T01:00:00+00:00 [running]> on host 5b6f5d29e531
[2023-01-30T10:54:41.074+0000] {taskinstance.py:1511} INFO - Exporting the following env vars:
AIRFLOW_CTX_DAG_OWNER=rafzul
AIRFLOW_CTX_DAG_ID=entsoe-energydata
AIRFLOW_CTX_TASK_ID=stage_total_generation
AIRFLOW_CTX_EXECUTION_DATE=2021-01-01T01:00:00+00:00
AIRFLOW_CTX_TRY_NUMBER=1
AIRFLOW_CTX_DAG_RUN_ID=scheduled__2021-01-01T01:00:00+00:00
[2023-01-30T10:54:41.400+0000] {base.py:73} INFO - Using connection ID 'spark_local' for task execution.
[2023-01-30T10:54:41.402+0000] {taskinstance.py:1772} ERROR - Task failed with exception
Traceback (most recent call last):
  File "/home/airflow/.local/lib/python3.10/site-packages/airflow/providers/apache/spark/operators/spark_submit.py", line 157, in execute
    self._hook.submit(self._application)
  File "/home/airflow/.local/lib/python3.10/site-packages/airflow/providers/apache/spark/hooks/spark_submit.py", line 398, in submit
    spark_submit_cmd = self._build_spark_submit_command(application)
  File "/home/airflow/.local/lib/python3.10/site-packages/airflow/providers/apache/spark/hooks/spark_submit.py", line 344, in _build_spark_submit_command
    self.log.info("Spark-Submit cmd: %s", self._mask_cmd(connection_cmd))
  File "/home/airflow/.local/lib/python3.10/site-packages/airflow/providers/apache/spark/hooks/spark_submit.py", line 256, in _mask_cmd
    " ".join(connection_cmd),
TypeError: sequence item 5: expected str instance, module found
[2023-01-30T10:54:41.560+0000] {taskinstance.py:1322} INFO - Marking task as UP_FOR_RETRY. dag_id=entsoe-energydata, task_id=stage_total_generation, execution_date=20210101T010000, start_date=20230130T105437, end_date=20230130T105441
[2023-01-30T10:54:41.698+0000] {standard_task_runner.py:100} ERROR - Failed to execute job 527 for task stage_total_generation (sequence item 5: expected str instance, module found; 215)
[2023-01-30T10:54:41.886+0000] {local_task_job.py:159} INFO - Task exited with return code 1
[2023-01-30T10:54:42.049+0000] {taskinstance.py:2582} INFO - 0 downstream tasks scheduled from follow-on schedule check
[2023-01-30T10:57:22.322+0000] {taskinstance.py:1087} INFO - Dependencies all met for <TaskInstance: entsoe-energydata.stage_total_generation scheduled__2021-01-01T01:00:00+00:00 [queued]>
[2023-01-30T10:57:22.402+0000] {taskinstance.py:1087} INFO - Dependencies all met for <TaskInstance: entsoe-energydata.stage_total_generation scheduled__2021-01-01T01:00:00+00:00 [queued]>
[2023-01-30T10:57:22.404+0000] {taskinstance.py:1283} INFO - 
--------------------------------------------------------------------------------
[2023-01-30T10:57:22.404+0000] {taskinstance.py:1284} INFO - Starting attempt 1 of 4
[2023-01-30T10:57:22.405+0000] {taskinstance.py:1285} INFO - 
--------------------------------------------------------------------------------
[2023-01-30T10:57:22.507+0000] {taskinstance.py:1304} INFO - Executing <Task(SparkSubmitOperator): stage_total_generation> on 2021-01-01 01:00:00+00:00
[2023-01-30T10:57:22.542+0000] {standard_task_runner.py:55} INFO - Started process 412 to run task
[2023-01-30T10:57:22.566+0000] {standard_task_runner.py:82} INFO - Running: ['***', 'tasks', 'run', 'entsoe-energydata', 'stage_total_generation', 'scheduled__2021-01-01T01:00:00+00:00', '--job-id', '541', '--raw', '--subdir', 'DAGS_FOLDER/ingestion_energydata_dag.py', '--cfg-path', '/tmp/tmpmqlgh03x']
[2023-01-30T10:57:22.574+0000] {standard_task_runner.py:83} INFO - Job 541: Subtask stage_total_generation
[2023-01-30T10:57:23.032+0000] {task_command.py:389} INFO - Running <TaskInstance: entsoe-energydata.stage_total_generation scheduled__2021-01-01T01:00:00+00:00 [running]> on host 5b6f5d29e531
[2023-01-30T10:57:23.320+0000] {taskinstance.py:1511} INFO - Exporting the following env vars:
AIRFLOW_CTX_DAG_OWNER=rafzul
AIRFLOW_CTX_DAG_ID=entsoe-energydata
AIRFLOW_CTX_TASK_ID=stage_total_generation
AIRFLOW_CTX_EXECUTION_DATE=2021-01-01T01:00:00+00:00
AIRFLOW_CTX_TRY_NUMBER=1
AIRFLOW_CTX_DAG_RUN_ID=scheduled__2021-01-01T01:00:00+00:00
[2023-01-30T10:57:23.359+0000] {base.py:73} INFO - Using connection ID 'spark_local' for task execution.
[2023-01-30T10:57:23.363+0000] {spark_submit.py:344} INFO - Spark-Submit cmd: spark-submit --master local --name arrow-spark /opt/***/plugins/scripts/transform_raw_staging.py total_generation 202101010100 202101010200 DE_TENNET
[2023-01-30T10:58:05.182+0000] {spark_submit.py:495} INFO - 23/01/30 10:58:05 INFO SparkContext: Running Spark version 3.3.1
[2023-01-30T10:58:05.648+0000] {spark_submit.py:495} INFO - 23/01/30 10:58:05 WARN NativeCodeLoader: Unable to load native-hadoop library for your platform... using builtin-java classes where applicable
[2023-01-30T10:58:06.127+0000] {spark_submit.py:495} INFO - 23/01/30 10:58:06 INFO ResourceUtils: ==============================================================
[2023-01-30T10:58:06.128+0000] {spark_submit.py:495} INFO - 23/01/30 10:58:06 INFO ResourceUtils: No custom resources configured for spark.driver.
[2023-01-30T10:58:06.128+0000] {spark_submit.py:495} INFO - 23/01/30 10:58:06 INFO ResourceUtils: ==============================================================
[2023-01-30T10:58:06.128+0000] {spark_submit.py:495} INFO - 23/01/30 10:58:06 INFO SparkContext: Submitted application: gcp_playground
[2023-01-30T10:58:06.486+0000] {spark_submit.py:495} INFO - 23/01/30 10:58:06 INFO ResourceProfile: Default ResourceProfile created, executor resources: Map(cores -> name: cores, amount: 1, script: , vendor: , memory -> name: memory, amount: 1024, script: , vendor: , offHeap -> name: offHeap, amount: 0, script: , vendor: ), task resources: Map(cpus -> name: cpus, amount: 1.0)
[2023-01-30T10:58:06.537+0000] {spark_submit.py:495} INFO - 23/01/30 10:58:06 INFO ResourceProfile: Limiting resource is cpu
[2023-01-30T10:58:06.541+0000] {spark_submit.py:495} INFO - 23/01/30 10:58:06 INFO ResourceProfileManager: Added ResourceProfile id: 0
[2023-01-30T10:58:06.738+0000] {spark_submit.py:495} INFO - 23/01/30 10:58:06 INFO SecurityManager: Changing view acls to: ***
[2023-01-30T10:58:06.742+0000] {spark_submit.py:495} INFO - 23/01/30 10:58:06 INFO SecurityManager: Changing modify acls to: ***
[2023-01-30T10:58:06.743+0000] {spark_submit.py:495} INFO - 23/01/30 10:58:06 INFO SecurityManager: Changing view acls groups to:
[2023-01-30T10:58:06.745+0000] {spark_submit.py:495} INFO - 23/01/30 10:58:06 INFO SecurityManager: Changing modify acls groups to:
[2023-01-30T10:58:06.747+0000] {spark_submit.py:495} INFO - 23/01/30 10:58:06 INFO SecurityManager: SecurityManager: authentication disabled; ui acls disabled; users  with view permissions: Set(***); groups with view permissions: Set(); users  with modify permissions: Set(***); groups with modify permissions: Set()
[2023-01-30T10:58:07.775+0000] {spark_submit.py:495} INFO - 23/01/30 10:58:07 INFO Utils: Successfully started service 'sparkDriver' on port 34909.
[2023-01-30T10:58:08.001+0000] {spark_submit.py:495} INFO - 23/01/30 10:58:08 INFO SparkEnv: Registering MapOutputTracker
[2023-01-30T10:58:08.379+0000] {spark_submit.py:495} INFO - 23/01/30 10:58:08 INFO SparkEnv: Registering BlockManagerMaster
[2023-01-30T10:58:08.679+0000] {spark_submit.py:495} INFO - 23/01/30 10:58:08 INFO BlockManagerMasterEndpoint: Using org.apache.spark.storage.DefaultTopologyMapper for getting topology information
[2023-01-30T10:58:08.682+0000] {spark_submit.py:495} INFO - 23/01/30 10:58:08 INFO BlockManagerMasterEndpoint: BlockManagerMasterEndpoint up
[2023-01-30T10:58:08.732+0000] {spark_submit.py:495} INFO - 23/01/30 10:58:08 INFO SparkEnv: Registering BlockManagerMasterHeartbeat
[2023-01-30T10:58:08.933+0000] {spark_submit.py:495} INFO - 23/01/30 10:58:08 INFO DiskBlockManager: Created local directory at /tmp/blockmgr-ae0be307-2f17-41df-9565-03b8525a591d
[2023-01-30T10:58:09.015+0000] {spark_submit.py:495} INFO - 23/01/30 10:58:09 INFO MemoryStore: MemoryStore started with capacity 434.4 MiB
[2023-01-30T10:58:09.275+0000] {spark_submit.py:495} INFO - 23/01/30 10:58:09 INFO SparkEnv: Registering OutputCommitCoordinator
[2023-01-30T10:58:11.883+0000] {spark_submit.py:495} INFO - 23/01/30 10:58:11 WARN Utils: Service 'SparkUI' could not bind on port 4040. Attempting port 4041.
[2023-01-30T10:58:11.890+0000] {spark_submit.py:495} INFO - 23/01/30 10:58:11 WARN Utils: Service 'SparkUI' could not bind on port 4041. Attempting port 4042.
[2023-01-30T10:58:12.012+0000] {spark_submit.py:495} INFO - 23/01/30 10:58:12 INFO Utils: Successfully started service 'SparkUI' on port 4042.
[2023-01-30T10:58:12.570+0000] {spark_submit.py:495} INFO - 23/01/30 10:58:12 INFO SparkContext: Added JAR /opt/spark/jars/gcs-connector-hadoop3-latest.jar at spark://5b6f5d29e531:34909/jars/gcs-connector-hadoop3-latest.jar with timestamp 1675076285107
[2023-01-30T10:58:12.572+0000] {spark_submit.py:495} INFO - 23/01/30 10:58:12 INFO SparkContext: Added JAR /opt/spark/jars/spark-bigquery-with-dependencies_2.13-0.27.1.jar at spark://5b6f5d29e531:34909/jars/spark-bigquery-with-dependencies_2.13-0.27.1.jar with timestamp 1675076285107
[2023-01-30T10:58:13.180+0000] {spark_submit.py:495} INFO - 23/01/30 10:58:13 INFO Executor: Starting executor ID driver on host 5b6f5d29e531
[2023-01-30T10:58:13.234+0000] {spark_submit.py:495} INFO - 23/01/30 10:58:13 INFO Executor: Starting executor with user classpath (userClassPathFirst = false): ''
[2023-01-30T10:58:13.267+0000] {spark_submit.py:495} INFO - 23/01/30 10:58:13 INFO Executor: Fetching spark://5b6f5d29e531:34909/jars/gcs-connector-hadoop3-latest.jar with timestamp 1675076285107
[2023-01-30T10:58:13.928+0000] {spark_submit.py:495} INFO - 23/01/30 10:58:13 INFO TransportClientFactory: Successfully created connection to 5b6f5d29e531/172.21.0.7:34909 after 399 ms (0 ms spent in bootstraps)
[2023-01-30T10:58:13.999+0000] {spark_submit.py:495} INFO - 23/01/30 10:58:13 INFO Utils: Fetching spark://5b6f5d29e531:34909/jars/gcs-connector-hadoop3-latest.jar to /tmp/spark-a102f508-f716-46b1-8589-ed15ab48551d/userFiles-710cfef6-0950-477f-ae17-8d9c8d75ac8b/fetchFileTemp15958784589300524515.tmp
[2023-01-30T10:58:17.254+0000] {spark_submit.py:495} INFO - 23/01/30 10:58:17 INFO Executor: Adding file:/tmp/spark-a102f508-f716-46b1-8589-ed15ab48551d/userFiles-710cfef6-0950-477f-ae17-8d9c8d75ac8b/gcs-connector-hadoop3-latest.jar to class loader
[2023-01-30T10:58:17.270+0000] {spark_submit.py:495} INFO - 23/01/30 10:58:17 INFO Executor: Fetching spark://5b6f5d29e531:34909/jars/spark-bigquery-with-dependencies_2.13-0.27.1.jar with timestamp 1675076285107
[2023-01-30T10:58:17.318+0000] {spark_submit.py:495} INFO - 23/01/30 10:58:17 INFO Utils: Fetching spark://5b6f5d29e531:34909/jars/spark-bigquery-with-dependencies_2.13-0.27.1.jar to /tmp/spark-a102f508-f716-46b1-8589-ed15ab48551d/userFiles-710cfef6-0950-477f-ae17-8d9c8d75ac8b/fetchFileTemp5074412637886453499.tmp
[2023-01-30T10:58:19.010+0000] {spark_submit.py:495} INFO - 23/01/30 10:58:19 INFO Executor: Adding file:/tmp/spark-a102f508-f716-46b1-8589-ed15ab48551d/userFiles-710cfef6-0950-477f-ae17-8d9c8d75ac8b/spark-bigquery-with-dependencies_2.13-0.27.1.jar to class loader
[2023-01-30T10:58:19.139+0000] {spark_submit.py:495} INFO - 23/01/30 10:58:19 INFO Utils: Successfully started service 'org.apache.spark.network.netty.NettyBlockTransferService' on port 45931.
[2023-01-30T10:58:19.140+0000] {spark_submit.py:495} INFO - 23/01/30 10:58:19 INFO NettyBlockTransferService: Server created on 5b6f5d29e531:45931
[2023-01-30T10:58:19.146+0000] {spark_submit.py:495} INFO - 23/01/30 10:58:19 INFO BlockManager: Using org.apache.spark.storage.RandomBlockReplicationPolicy for block replication policy
[2023-01-30T10:58:19.201+0000] {spark_submit.py:495} INFO - 23/01/30 10:58:19 INFO BlockManagerMaster: Registering BlockManager BlockManagerId(driver, 5b6f5d29e531, 45931, None)
[2023-01-30T10:58:19.255+0000] {spark_submit.py:495} INFO - 23/01/30 10:58:19 INFO BlockManagerMasterEndpoint: Registering block manager 5b6f5d29e531:45931 with 434.4 MiB RAM, BlockManagerId(driver, 5b6f5d29e531, 45931, None)
[2023-01-30T10:58:19.288+0000] {spark_submit.py:495} INFO - 23/01/30 10:58:19 INFO BlockManagerMaster: Registered BlockManager BlockManagerId(driver, 5b6f5d29e531, 45931, None)
[2023-01-30T10:58:19.299+0000] {spark_submit.py:495} INFO - 23/01/30 10:58:19 INFO BlockManager: Initialized BlockManager: BlockManagerId(driver, 5b6f5d29e531, 45931, None)
[2023-01-30T10:58:26.789+0000] {spark_submit.py:495} INFO - 23/01/30 10:58:26 INFO SharedState: Setting hive.metastore.warehouse.dir ('null') to the value of spark.sql.warehouse.dir.
[2023-01-30T10:58:26.844+0000] {spark_submit.py:495} INFO - 23/01/30 10:58:26 INFO SharedState: Warehouse path is 'file:/opt/***/spark-warehouse'.
[2023-01-30T10:58:47.595+0000] {spark_submit.py:495} INFO - Traceback (most recent call last):
[2023-01-30T10:58:47.597+0000] {spark_submit.py:495} INFO - File "/opt/***/plugins/scripts/transform_raw_staging.py", line 233, in <module>
[2023-01-30T10:58:47.597+0000] {spark_submit.py:495} INFO - main(metrics_label=metrics_label, start=start, end=end, country_code=country_code)
[2023-01-30T10:58:47.598+0000] {spark_submit.py:495} INFO - File "/opt/***/plugins/scripts/transform_raw_staging.py", line 220, in main
[2023-01-30T10:58:47.598+0000] {spark_submit.py:495} INFO - run_method = method(metrics_label, start, end, country_code, **params)
[2023-01-30T10:58:47.600+0000] {spark_submit.py:495} INFO - File "/opt/***/plugins/scripts/transform_raw_staging.py", line 176, in transform_generation
[2023-01-30T10:58:47.606+0000] {spark_submit.py:495} INFO - full_df = self._base_timeseries(metrics_label, start, end, country_code)
[2023-01-30T10:58:47.609+0000] {spark_submit.py:495} INFO - File "/opt/***/plugins/scripts/transform_raw_staging.py", line 82, in _base_timeseries
[2023-01-30T10:58:47.613+0000] {spark_submit.py:495} INFO - raise e
[2023-01-30T10:58:47.616+0000] {spark_submit.py:495} INFO - File "/opt/***/plugins/scripts/transform_raw_staging.py", line 79, in _base_timeseries
[2023-01-30T10:58:47.620+0000] {spark_submit.py:495} INFO - .load(path)
[2023-01-30T10:58:47.626+0000] {spark_submit.py:495} INFO - File "/opt/spark/python/lib/pyspark.zip/pyspark/sql/readwriter.py", line 177, in load
[2023-01-30T10:58:47.627+0000] {spark_submit.py:495} INFO - File "/opt/spark/python/lib/py4j-0.10.9.5-src.zip/py4j/java_gateway.py", line 1321, in __call__
[2023-01-30T10:58:47.633+0000] {spark_submit.py:495} INFO - File "/opt/spark/python/lib/pyspark.zip/pyspark/sql/utils.py", line 196, in deco
[2023-01-30T10:58:47.676+0000] {spark_submit.py:495} INFO - pyspark.sql.utils.AnalysisException: Path does not exist: gs://entsoe_analytics_1009/TEST_total_generation__DE_TENNET__202101010100__202101010200.json
[2023-01-30T10:58:48.736+0000] {spark_submit.py:495} INFO - 23/01/30 10:58:48 INFO SparkContext: Invoking stop() from shutdown hook
[2023-01-30T10:58:48.866+0000] {spark_submit.py:495} INFO - 23/01/30 10:58:48 INFO SparkUI: Stopped Spark web UI at http://5b6f5d29e531:4042
[2023-01-30T10:58:49.053+0000] {spark_submit.py:495} INFO - 23/01/30 10:58:49 INFO MapOutputTrackerMasterEndpoint: MapOutputTrackerMasterEndpoint stopped!
[2023-01-30T10:58:49.271+0000] {spark_submit.py:495} INFO - 23/01/30 10:58:49 INFO MemoryStore: MemoryStore cleared
[2023-01-30T10:58:49.275+0000] {spark_submit.py:495} INFO - 23/01/30 10:58:49 INFO BlockManager: BlockManager stopped
[2023-01-30T10:58:49.504+0000] {spark_submit.py:495} INFO - 23/01/30 10:58:49 INFO BlockManagerMaster: BlockManagerMaster stopped
[2023-01-30T10:58:49.581+0000] {spark_submit.py:495} INFO - 23/01/30 10:58:49 INFO OutputCommitCoordinator$OutputCommitCoordinatorEndpoint: OutputCommitCoordinator stopped!
[2023-01-30T10:58:49.683+0000] {spark_submit.py:495} INFO - 23/01/30 10:58:49 INFO SparkContext: Successfully stopped SparkContext
[2023-01-30T10:58:49.684+0000] {spark_submit.py:495} INFO - 23/01/30 10:58:49 INFO ShutdownHookManager: Shutdown hook called
[2023-01-30T10:58:49.684+0000] {spark_submit.py:495} INFO - 23/01/30 10:58:49 INFO ShutdownHookManager: Deleting directory /tmp/spark-d7a91ee7-7eca-4662-b5a2-fe073d80a02a
[2023-01-30T10:58:49.765+0000] {spark_submit.py:495} INFO - 23/01/30 10:58:49 INFO ShutdownHookManager: Deleting directory /tmp/spark-a102f508-f716-46b1-8589-ed15ab48551d
[2023-01-30T10:58:49.834+0000] {spark_submit.py:495} INFO - 23/01/30 10:58:49 INFO ShutdownHookManager: Deleting directory /tmp/spark-a102f508-f716-46b1-8589-ed15ab48551d/pyspark-b3e92532-4e65-48a4-a12a-b80229033697
[2023-01-30T10:58:50.465+0000] {taskinstance.py:1772} ERROR - Task failed with exception
Traceback (most recent call last):
  File "/home/airflow/.local/lib/python3.10/site-packages/airflow/providers/apache/spark/operators/spark_submit.py", line 157, in execute
    self._hook.submit(self._application)
  File "/home/airflow/.local/lib/python3.10/site-packages/airflow/providers/apache/spark/hooks/spark_submit.py", line 426, in submit
    raise AirflowException(
airflow.exceptions.AirflowException: Cannot execute: spark-submit --master local --name arrow-spark /opt/***/plugins/scripts/transform_raw_staging.py total_generation 202101010100 202101010200 DE_TENNET. Error code is: 1.
[2023-01-30T10:58:50.474+0000] {taskinstance.py:1322} INFO - Marking task as UP_FOR_RETRY. dag_id=entsoe-energydata, task_id=stage_total_generation, execution_date=20210101T010000, start_date=20230130T105722, end_date=20230130T105850
[2023-01-30T10:58:50.564+0000] {standard_task_runner.py:100} ERROR - Failed to execute job 541 for task stage_total_generation (Cannot execute: spark-submit --master local --name arrow-spark /opt/***/plugins/scripts/transform_raw_staging.py total_generation 202101010100 202101010200 DE_TENNET. Error code is: 1.; 412)
[2023-01-30T10:58:50.683+0000] {local_task_job.py:159} INFO - Task exited with return code 1
[2023-01-30T10:58:50.755+0000] {taskinstance.py:2582} INFO - 0 downstream tasks scheduled from follow-on schedule check
