[2023-01-17T16:50:14.804+0000] {taskinstance.py:1087} INFO - Dependencies all met for <TaskInstance: ingestion-energydata.extract_generation scheduled__2021-01-01T05:00:00+00:00 [queued]>
[2023-01-17T16:50:14.890+0000] {taskinstance.py:1087} INFO - Dependencies all met for <TaskInstance: ingestion-energydata.extract_generation scheduled__2021-01-01T05:00:00+00:00 [queued]>
[2023-01-17T16:50:14.891+0000] {taskinstance.py:1283} INFO - 
--------------------------------------------------------------------------------
[2023-01-17T16:50:14.892+0000] {taskinstance.py:1284} INFO - Starting attempt 1 of 4
[2023-01-17T16:50:14.892+0000] {taskinstance.py:1285} INFO - 
--------------------------------------------------------------------------------
[2023-01-17T16:50:14.997+0000] {taskinstance.py:1304} INFO - Executing <Task(PythonOperator): extract_generation> on 2021-01-01 05:00:00+00:00
[2023-01-17T16:50:15.065+0000] {standard_task_runner.py:55} INFO - Started process 1394 to run task
[2023-01-17T16:50:15.109+0000] {standard_task_runner.py:82} INFO - Running: ['***', 'tasks', 'run', 'ingestion-energydata', 'extract_generation', 'scheduled__2021-01-01T05:00:00+00:00', '--job-id', '23', '--raw', '--subdir', 'DAGS_FOLDER/ingestion_energydata_dag.py', '--cfg-path', '/tmp/tmp1htokqop']
[2023-01-17T16:50:15.119+0000] {standard_task_runner.py:83} INFO - Job 23: Subtask extract_generation
[2023-01-17T16:50:15.754+0000] {task_command.py:389} INFO - Running <TaskInstance: ingestion-energydata.extract_generation scheduled__2021-01-01T05:00:00+00:00 [running]> on host 60e8e9877e7a
[2023-01-17T16:50:16.023+0000] {taskinstance.py:1511} INFO - Exporting the following env vars:
AIRFLOW_CTX_DAG_OWNER=rafzul
AIRFLOW_CTX_DAG_ID=ingestion-energydata
AIRFLOW_CTX_TASK_ID=extract_generation
AIRFLOW_CTX_EXECUTION_DATE=2021-01-01T05:00:00+00:00
AIRFLOW_CTX_TRY_NUMBER=1
AIRFLOW_CTX_DAG_RUN_ID=scheduled__2021-01-01T05:00:00+00:00
[2023-01-17T16:50:18.013+0000] {crypto.py:83} WARNING - empty cryptography key - values will not be stored encrypted.
[2023-01-17T16:50:18.014+0000] {base.py:73} INFO - Using connection ID 'google_cloud_default' for task execution.
[2023-01-17T16:50:18.479+0000] {python.py:177} INFO - Done. Returned value was: None
[2023-01-17T16:50:18.517+0000] {taskinstance.py:1322} INFO - Marking task as SUCCESS. dag_id=ingestion-energydata, task_id=extract_generation, execution_date=20210101T050000, start_date=20230117T165014, end_date=20230117T165018
[2023-01-17T16:50:18.623+0000] {local_task_job.py:159} INFO - Task exited with return code 0
[2023-01-17T16:50:18.679+0000] {taskinstance.py:2582} INFO - 0 downstream tasks scheduled from follow-on schedule check
[2023-01-17T19:02:43.591+0000] {taskinstance.py:1087} INFO - Dependencies all met for <TaskInstance: ingestion-energydata.extract_generation scheduled__2021-01-01T05:00:00+00:00 [queued]>
[2023-01-17T19:02:43.633+0000] {taskinstance.py:1087} INFO - Dependencies all met for <TaskInstance: ingestion-energydata.extract_generation scheduled__2021-01-01T05:00:00+00:00 [queued]>
[2023-01-17T19:02:43.634+0000] {taskinstance.py:1283} INFO - 
--------------------------------------------------------------------------------
[2023-01-17T19:02:43.634+0000] {taskinstance.py:1284} INFO - Starting attempt 1 of 4
[2023-01-17T19:02:43.634+0000] {taskinstance.py:1285} INFO - 
--------------------------------------------------------------------------------
[2023-01-17T19:02:43.690+0000] {taskinstance.py:1304} INFO - Executing <Task(PythonOperator): extract_generation> on 2021-01-01 05:00:00+00:00
[2023-01-17T19:02:43.705+0000] {standard_task_runner.py:55} INFO - Started process 9571 to run task
[2023-01-17T19:02:43.718+0000] {standard_task_runner.py:82} INFO - Running: ['***', 'tasks', 'run', 'ingestion-energydata', 'extract_generation', 'scheduled__2021-01-01T05:00:00+00:00', '--job-id', '36', '--raw', '--subdir', 'DAGS_FOLDER/ingestion_energydata_dag.py', '--cfg-path', '/tmp/tmp770t55e3']
[2023-01-17T19:02:43.733+0000] {standard_task_runner.py:83} INFO - Job 36: Subtask extract_generation
[2023-01-17T19:02:43.955+0000] {task_command.py:389} INFO - Running <TaskInstance: ingestion-energydata.extract_generation scheduled__2021-01-01T05:00:00+00:00 [running]> on host 60e8e9877e7a
[2023-01-17T19:02:44.128+0000] {taskinstance.py:1511} INFO - Exporting the following env vars:
AIRFLOW_CTX_DAG_OWNER=rafzul
AIRFLOW_CTX_DAG_ID=ingestion-energydata
AIRFLOW_CTX_TASK_ID=extract_generation
AIRFLOW_CTX_EXECUTION_DATE=2021-01-01T05:00:00+00:00
AIRFLOW_CTX_TRY_NUMBER=1
AIRFLOW_CTX_DAG_RUN_ID=scheduled__2021-01-01T05:00:00+00:00
[2023-01-17T19:02:45.529+0000] {crypto.py:83} WARNING - empty cryptography key - values will not be stored encrypted.
[2023-01-17T19:02:45.530+0000] {base.py:73} INFO - Using connection ID 'google_cloud_default' for task execution.
[2023-01-17T19:02:45.897+0000] {python.py:177} INFO - Done. Returned value was: None
[2023-01-17T19:02:45.915+0000] {taskinstance.py:1322} INFO - Marking task as SUCCESS. dag_id=ingestion-energydata, task_id=extract_generation, execution_date=20210101T050000, start_date=20230117T190243, end_date=20230117T190245
[2023-01-17T19:02:45.968+0000] {local_task_job.py:159} INFO - Task exited with return code 0
[2023-01-17T19:02:45.997+0000] {taskinstance.py:2582} INFO - 0 downstream tasks scheduled from follow-on schedule check
