[2023-01-15T12:33:02.658+0000] {processor.py:153} INFO - Started process (PID=79) to work on /home/airflow/.local/lib/python3.10/site-packages/airflow/example_dags/plugins/workday.py
[2023-01-15T12:33:02.659+0000] {processor.py:743} INFO - Processing file /home/airflow/.local/lib/python3.10/site-packages/airflow/example_dags/plugins/workday.py for tasks to queue
[2023-01-15T12:33:02.659+0000] {logging_mixin.py:137} INFO - [2023-01-15T12:33:02.659+0000] {dagbag.py:538} INFO - Filling up the DagBag from /home/airflow/.local/lib/python3.10/site-packages/airflow/example_dags/plugins/workday.py
[2023-01-15T12:33:02.662+0000] {processor.py:755} WARNING - No viable dags retrieved from /home/airflow/.local/lib/python3.10/site-packages/airflow/example_dags/plugins/workday.py
[2023-01-15T12:33:02.679+0000] {processor.py:175} INFO - Processing /home/airflow/.local/lib/python3.10/site-packages/airflow/example_dags/plugins/workday.py took 0.025 seconds
[2023-01-15T12:33:34.319+0000] {processor.py:153} INFO - Started process (PID=152) to work on /home/airflow/.local/lib/python3.10/site-packages/airflow/example_dags/plugins/workday.py
[2023-01-15T12:33:34.321+0000] {processor.py:743} INFO - Processing file /home/airflow/.local/lib/python3.10/site-packages/airflow/example_dags/plugins/workday.py for tasks to queue
[2023-01-15T12:33:34.322+0000] {logging_mixin.py:137} INFO - [2023-01-15T12:33:34.321+0000] {dagbag.py:538} INFO - Filling up the DagBag from /home/airflow/.local/lib/python3.10/site-packages/airflow/example_dags/plugins/workday.py
[2023-01-15T12:33:34.323+0000] {processor.py:755} WARNING - No viable dags retrieved from /home/airflow/.local/lib/python3.10/site-packages/airflow/example_dags/plugins/workday.py
[2023-01-15T12:33:34.336+0000] {processor.py:175} INFO - Processing /home/airflow/.local/lib/python3.10/site-packages/airflow/example_dags/plugins/workday.py took 0.026 seconds
[2023-01-15T12:34:04.618+0000] {processor.py:153} INFO - Started process (PID=225) to work on /home/airflow/.local/lib/python3.10/site-packages/airflow/example_dags/plugins/workday.py
[2023-01-15T12:34:04.620+0000] {processor.py:743} INFO - Processing file /home/airflow/.local/lib/python3.10/site-packages/airflow/example_dags/plugins/workday.py for tasks to queue
[2023-01-15T12:34:04.621+0000] {logging_mixin.py:137} INFO - [2023-01-15T12:34:04.621+0000] {dagbag.py:538} INFO - Filling up the DagBag from /home/airflow/.local/lib/python3.10/site-packages/airflow/example_dags/plugins/workday.py
[2023-01-15T12:34:04.623+0000] {processor.py:755} WARNING - No viable dags retrieved from /home/airflow/.local/lib/python3.10/site-packages/airflow/example_dags/plugins/workday.py
[2023-01-15T12:34:04.645+0000] {processor.py:175} INFO - Processing /home/airflow/.local/lib/python3.10/site-packages/airflow/example_dags/plugins/workday.py took 0.032 seconds
[2023-01-15T12:34:36.181+0000] {processor.py:153} INFO - Started process (PID=289) to work on /home/airflow/.local/lib/python3.10/site-packages/airflow/example_dags/plugins/workday.py
[2023-01-15T12:34:36.182+0000] {processor.py:743} INFO - Processing file /home/airflow/.local/lib/python3.10/site-packages/airflow/example_dags/plugins/workday.py for tasks to queue
[2023-01-15T12:34:36.182+0000] {logging_mixin.py:137} INFO - [2023-01-15T12:34:36.182+0000] {dagbag.py:538} INFO - Filling up the DagBag from /home/airflow/.local/lib/python3.10/site-packages/airflow/example_dags/plugins/workday.py
[2023-01-15T12:34:36.184+0000] {processor.py:755} WARNING - No viable dags retrieved from /home/airflow/.local/lib/python3.10/site-packages/airflow/example_dags/plugins/workday.py
[2023-01-15T12:34:36.199+0000] {processor.py:175} INFO - Processing /home/airflow/.local/lib/python3.10/site-packages/airflow/example_dags/plugins/workday.py took 0.022 seconds
[2023-01-15T12:35:07.315+0000] {processor.py:153} INFO - Started process (PID=354) to work on /home/airflow/.local/lib/python3.10/site-packages/airflow/example_dags/plugins/workday.py
[2023-01-15T12:35:07.316+0000] {processor.py:743} INFO - Processing file /home/airflow/.local/lib/python3.10/site-packages/airflow/example_dags/plugins/workday.py for tasks to queue
[2023-01-15T12:35:07.317+0000] {logging_mixin.py:137} INFO - [2023-01-15T12:35:07.317+0000] {dagbag.py:538} INFO - Filling up the DagBag from /home/airflow/.local/lib/python3.10/site-packages/airflow/example_dags/plugins/workday.py
[2023-01-15T12:35:07.320+0000] {processor.py:755} WARNING - No viable dags retrieved from /home/airflow/.local/lib/python3.10/site-packages/airflow/example_dags/plugins/workday.py
[2023-01-15T12:35:07.344+0000] {processor.py:175} INFO - Processing /home/airflow/.local/lib/python3.10/site-packages/airflow/example_dags/plugins/workday.py took 0.034 seconds
[2023-01-15T12:35:38.341+0000] {processor.py:153} INFO - Started process (PID=419) to work on /home/airflow/.local/lib/python3.10/site-packages/airflow/example_dags/plugins/workday.py
[2023-01-15T12:35:38.342+0000] {processor.py:743} INFO - Processing file /home/airflow/.local/lib/python3.10/site-packages/airflow/example_dags/plugins/workday.py for tasks to queue
[2023-01-15T12:35:38.342+0000] {logging_mixin.py:137} INFO - [2023-01-15T12:35:38.342+0000] {dagbag.py:538} INFO - Filling up the DagBag from /home/airflow/.local/lib/python3.10/site-packages/airflow/example_dags/plugins/workday.py
[2023-01-15T12:35:38.344+0000] {processor.py:755} WARNING - No viable dags retrieved from /home/airflow/.local/lib/python3.10/site-packages/airflow/example_dags/plugins/workday.py
[2023-01-15T12:35:38.361+0000] {processor.py:175} INFO - Processing /home/airflow/.local/lib/python3.10/site-packages/airflow/example_dags/plugins/workday.py took 0.024 seconds
[2023-01-15T12:36:03.030+0000] {processor.py:153} INFO - Started process (PID=79) to work on /home/airflow/.local/lib/python3.10/site-packages/airflow/example_dags/plugins/workday.py
[2023-01-15T12:36:03.031+0000] {processor.py:743} INFO - Processing file /home/airflow/.local/lib/python3.10/site-packages/airflow/example_dags/plugins/workday.py for tasks to queue
[2023-01-15T12:36:03.032+0000] {logging_mixin.py:137} INFO - [2023-01-15T12:36:03.032+0000] {dagbag.py:538} INFO - Filling up the DagBag from /home/airflow/.local/lib/python3.10/site-packages/airflow/example_dags/plugins/workday.py
[2023-01-15T12:36:03.034+0000] {processor.py:755} WARNING - No viable dags retrieved from /home/airflow/.local/lib/python3.10/site-packages/airflow/example_dags/plugins/workday.py
[2023-01-15T12:36:03.054+0000] {processor.py:175} INFO - Processing /home/airflow/.local/lib/python3.10/site-packages/airflow/example_dags/plugins/workday.py took 0.028 seconds
[2023-01-15T12:36:33.996+0000] {processor.py:153} INFO - Started process (PID=145) to work on /home/airflow/.local/lib/python3.10/site-packages/airflow/example_dags/plugins/workday.py
[2023-01-15T12:36:33.997+0000] {processor.py:743} INFO - Processing file /home/airflow/.local/lib/python3.10/site-packages/airflow/example_dags/plugins/workday.py for tasks to queue
[2023-01-15T12:36:33.997+0000] {logging_mixin.py:137} INFO - [2023-01-15T12:36:33.997+0000] {dagbag.py:538} INFO - Filling up the DagBag from /home/airflow/.local/lib/python3.10/site-packages/airflow/example_dags/plugins/workday.py
[2023-01-15T12:36:33.999+0000] {processor.py:755} WARNING - No viable dags retrieved from /home/airflow/.local/lib/python3.10/site-packages/airflow/example_dags/plugins/workday.py
[2023-01-15T12:36:34.015+0000] {processor.py:175} INFO - Processing /home/airflow/.local/lib/python3.10/site-packages/airflow/example_dags/plugins/workday.py took 0.022 seconds
[2023-01-15T12:37:08.404+0000] {processor.py:153} INFO - Started process (PID=211) to work on /home/airflow/.local/lib/python3.10/site-packages/airflow/example_dags/plugins/workday.py
[2023-01-15T12:37:08.405+0000] {processor.py:743} INFO - Processing file /home/airflow/.local/lib/python3.10/site-packages/airflow/example_dags/plugins/workday.py for tasks to queue
[2023-01-15T12:37:08.406+0000] {logging_mixin.py:137} INFO - [2023-01-15T12:37:08.406+0000] {dagbag.py:538} INFO - Filling up the DagBag from /home/airflow/.local/lib/python3.10/site-packages/airflow/example_dags/plugins/workday.py
[2023-01-15T12:37:08.408+0000] {processor.py:755} WARNING - No viable dags retrieved from /home/airflow/.local/lib/python3.10/site-packages/airflow/example_dags/plugins/workday.py
[2023-01-15T12:37:08.425+0000] {processor.py:175} INFO - Processing /home/airflow/.local/lib/python3.10/site-packages/airflow/example_dags/plugins/workday.py took 0.026 seconds
[2023-01-15T12:37:39.368+0000] {processor.py:153} INFO - Started process (PID=277) to work on /home/airflow/.local/lib/python3.10/site-packages/airflow/example_dags/plugins/workday.py
[2023-01-15T12:37:39.368+0000] {processor.py:743} INFO - Processing file /home/airflow/.local/lib/python3.10/site-packages/airflow/example_dags/plugins/workday.py for tasks to queue
[2023-01-15T12:37:39.369+0000] {logging_mixin.py:137} INFO - [2023-01-15T12:37:39.369+0000] {dagbag.py:538} INFO - Filling up the DagBag from /home/airflow/.local/lib/python3.10/site-packages/airflow/example_dags/plugins/workday.py
[2023-01-15T12:37:39.371+0000] {processor.py:755} WARNING - No viable dags retrieved from /home/airflow/.local/lib/python3.10/site-packages/airflow/example_dags/plugins/workday.py
[2023-01-15T12:37:39.386+0000] {processor.py:175} INFO - Processing /home/airflow/.local/lib/python3.10/site-packages/airflow/example_dags/plugins/workday.py took 0.022 seconds
[2023-01-15T12:38:09.504+0000] {processor.py:153} INFO - Started process (PID=356) to work on /home/airflow/.local/lib/python3.10/site-packages/airflow/example_dags/plugins/workday.py
[2023-01-15T12:38:09.505+0000] {processor.py:743} INFO - Processing file /home/airflow/.local/lib/python3.10/site-packages/airflow/example_dags/plugins/workday.py for tasks to queue
[2023-01-15T12:38:09.505+0000] {logging_mixin.py:137} INFO - [2023-01-15T12:38:09.505+0000] {dagbag.py:538} INFO - Filling up the DagBag from /home/airflow/.local/lib/python3.10/site-packages/airflow/example_dags/plugins/workday.py
[2023-01-15T12:38:09.507+0000] {processor.py:755} WARNING - No viable dags retrieved from /home/airflow/.local/lib/python3.10/site-packages/airflow/example_dags/plugins/workday.py
[2023-01-15T12:38:09.521+0000] {processor.py:175} INFO - Processing /home/airflow/.local/lib/python3.10/site-packages/airflow/example_dags/plugins/workday.py took 0.020 seconds
[2023-01-15T12:38:40.206+0000] {processor.py:153} INFO - Started process (PID=422) to work on /home/airflow/.local/lib/python3.10/site-packages/airflow/example_dags/plugins/workday.py
[2023-01-15T12:38:40.206+0000] {processor.py:743} INFO - Processing file /home/airflow/.local/lib/python3.10/site-packages/airflow/example_dags/plugins/workday.py for tasks to queue
[2023-01-15T12:38:40.207+0000] {logging_mixin.py:137} INFO - [2023-01-15T12:38:40.207+0000] {dagbag.py:538} INFO - Filling up the DagBag from /home/airflow/.local/lib/python3.10/site-packages/airflow/example_dags/plugins/workday.py
[2023-01-15T12:38:40.209+0000] {processor.py:755} WARNING - No viable dags retrieved from /home/airflow/.local/lib/python3.10/site-packages/airflow/example_dags/plugins/workday.py
[2023-01-15T12:38:40.221+0000] {processor.py:175} INFO - Processing /home/airflow/.local/lib/python3.10/site-packages/airflow/example_dags/plugins/workday.py took 0.018 seconds
[2023-01-15T12:39:10.710+0000] {processor.py:153} INFO - Started process (PID=488) to work on /home/airflow/.local/lib/python3.10/site-packages/airflow/example_dags/plugins/workday.py
[2023-01-15T12:39:10.710+0000] {processor.py:743} INFO - Processing file /home/airflow/.local/lib/python3.10/site-packages/airflow/example_dags/plugins/workday.py for tasks to queue
[2023-01-15T12:39:10.711+0000] {logging_mixin.py:137} INFO - [2023-01-15T12:39:10.711+0000] {dagbag.py:538} INFO - Filling up the DagBag from /home/airflow/.local/lib/python3.10/site-packages/airflow/example_dags/plugins/workday.py
[2023-01-15T12:39:10.713+0000] {processor.py:755} WARNING - No viable dags retrieved from /home/airflow/.local/lib/python3.10/site-packages/airflow/example_dags/plugins/workday.py
[2023-01-15T12:39:10.725+0000] {processor.py:175} INFO - Processing /home/airflow/.local/lib/python3.10/site-packages/airflow/example_dags/plugins/workday.py took 0.019 seconds
