[2023-01-31T12:06:46.771+0000] {taskinstance.py:1087} INFO - Dependencies all met for <TaskInstance: entsoe-energydata-backfill.stage_total_generation scheduled__2021-01-01T01:00:00+00:00 [queued]>
[2023-01-31T12:06:46.808+0000] {taskinstance.py:1087} INFO - Dependencies all met for <TaskInstance: entsoe-energydata-backfill.stage_total_generation scheduled__2021-01-01T01:00:00+00:00 [queued]>
[2023-01-31T12:06:46.809+0000] {taskinstance.py:1283} INFO - 
--------------------------------------------------------------------------------
[2023-01-31T12:06:46.810+0000] {taskinstance.py:1284} INFO - Starting attempt 2 of 4
[2023-01-31T12:06:46.810+0000] {taskinstance.py:1285} INFO - 
--------------------------------------------------------------------------------
[2023-01-31T12:06:46.855+0000] {taskinstance.py:1304} INFO - Executing <Task(SparkSubmitOperator): stage_total_generation> on 2021-01-01 01:00:00+00:00
[2023-01-31T12:06:46.870+0000] {standard_task_runner.py:55} INFO - Started process 451 to run task
[2023-01-31T12:06:46.884+0000] {standard_task_runner.py:82} INFO - Running: ['***', 'tasks', 'run', 'entsoe-energydata-backfill', 'stage_total_generation', 'scheduled__2021-01-01T01:00:00+00:00', '--job-id', '984', '--raw', '--subdir', 'DAGS_FOLDER/ingestion_energydata_dag.py', '--cfg-path', '/tmp/tmpyb53yvbd']
[2023-01-31T12:06:46.893+0000] {standard_task_runner.py:83} INFO - Job 984: Subtask stage_total_generation
[2023-01-31T12:06:47.168+0000] {task_command.py:389} INFO - Running <TaskInstance: entsoe-energydata-backfill.stage_total_generation scheduled__2021-01-01T01:00:00+00:00 [running]> on host 8124f810dec3
[2023-01-31T12:06:47.491+0000] {taskinstance.py:1511} INFO - Exporting the following env vars:
AIRFLOW_CTX_DAG_OWNER=rafzul
AIRFLOW_CTX_DAG_ID=entsoe-energydata-backfill
AIRFLOW_CTX_TASK_ID=stage_total_generation
AIRFLOW_CTX_EXECUTION_DATE=2021-01-01T01:00:00+00:00
AIRFLOW_CTX_TRY_NUMBER=2
AIRFLOW_CTX_DAG_RUN_ID=scheduled__2021-01-01T01:00:00+00:00
[2023-01-31T12:06:47.563+0000] {base.py:73} INFO - Using connection ID 'spark_local' for task execution.
[2023-01-31T12:06:47.565+0000] {taskinstance.py:1772} ERROR - Task failed with exception
Traceback (most recent call last):
  File "/home/airflow/.local/lib/python3.10/site-packages/airflow/providers/apache/spark/operators/spark_submit.py", line 157, in execute
    self._hook.submit(self._application)
  File "/home/airflow/.local/lib/python3.10/site-packages/airflow/providers/apache/spark/hooks/spark_submit.py", line 398, in submit
    spark_submit_cmd = self._build_spark_submit_command(application)
  File "/home/airflow/.local/lib/python3.10/site-packages/airflow/providers/apache/spark/hooks/spark_submit.py", line 344, in _build_spark_submit_command
    self.log.info("Spark-Submit cmd: %s", self._mask_cmd(connection_cmd))
  File "/home/airflow/.local/lib/python3.10/site-packages/airflow/providers/apache/spark/hooks/spark_submit.py", line 256, in _mask_cmd
    " ".join(connection_cmd),
TypeError: sequence item 10: expected str instance, DateTime found
[2023-01-31T12:06:47.592+0000] {taskinstance.py:1322} INFO - Marking task as UP_FOR_RETRY. dag_id=entsoe-energydata-backfill, task_id=stage_total_generation, execution_date=20210101T010000, start_date=20230131T120646, end_date=20230131T120647
[2023-01-31T12:06:47.645+0000] {standard_task_runner.py:100} ERROR - Failed to execute job 984 for task stage_total_generation (sequence item 10: expected str instance, DateTime found; 451)
[2023-01-31T12:06:47.698+0000] {local_task_job.py:159} INFO - Task exited with return code 1
[2023-01-31T12:06:47.799+0000] {taskinstance.py:2582} INFO - 0 downstream tasks scheduled from follow-on schedule check
[2023-01-31T12:29:58.877+0000] {taskinstance.py:1087} INFO - Dependencies all met for <TaskInstance: entsoe-energydata-backfill.stage_total_generation scheduled__2021-01-01T01:00:00+00:00 [queued]>
[2023-01-31T12:29:58.981+0000] {taskinstance.py:1087} INFO - Dependencies all met for <TaskInstance: entsoe-energydata-backfill.stage_total_generation scheduled__2021-01-01T01:00:00+00:00 [queued]>
[2023-01-31T12:29:58.982+0000] {taskinstance.py:1283} INFO - 
--------------------------------------------------------------------------------
[2023-01-31T12:29:58.982+0000] {taskinstance.py:1284} INFO - Starting attempt 2 of 4
[2023-01-31T12:29:58.984+0000] {taskinstance.py:1285} INFO - 
--------------------------------------------------------------------------------
[2023-01-31T12:29:59.079+0000] {taskinstance.py:1304} INFO - Executing <Task(SparkSubmitOperator): stage_total_generation> on 2021-01-01 01:00:00+00:00
[2023-01-31T12:29:59.150+0000] {standard_task_runner.py:55} INFO - Started process 86 to run task
[2023-01-31T12:29:59.221+0000] {standard_task_runner.py:82} INFO - Running: ['***', 'tasks', 'run', 'entsoe-energydata-backfill', 'stage_total_generation', 'scheduled__2021-01-01T01:00:00+00:00', '--job-id', '1008', '--raw', '--subdir', 'DAGS_FOLDER/ingestion_energydata_dag.py', '--cfg-path', '/tmp/tmpn84lnb6j']
[2023-01-31T12:29:59.284+0000] {standard_task_runner.py:83} INFO - Job 1008: Subtask stage_total_generation
[2023-01-31T12:29:59.769+0000] {task_command.py:389} INFO - Running <TaskInstance: entsoe-energydata-backfill.stage_total_generation scheduled__2021-01-01T01:00:00+00:00 [running]> on host 213f57d06c83
[2023-01-31T12:30:00.205+0000] {taskinstance.py:1511} INFO - Exporting the following env vars:
AIRFLOW_CTX_DAG_OWNER=rafzul
AIRFLOW_CTX_DAG_ID=entsoe-energydata-backfill
AIRFLOW_CTX_TASK_ID=stage_total_generation
AIRFLOW_CTX_EXECUTION_DATE=2021-01-01T01:00:00+00:00
AIRFLOW_CTX_TRY_NUMBER=2
AIRFLOW_CTX_DAG_RUN_ID=scheduled__2021-01-01T01:00:00+00:00
[2023-01-31T12:30:00.267+0000] {base.py:73} INFO - Using connection ID 'spark_local' for task execution.
[2023-01-31T12:30:00.271+0000] {spark_submit.py:344} INFO - Spark-Submit cmd: spark-submit --master local --name arrow-spark /opt/***/plugins/scripts/transform_raw_staging.py total_generation 202101010100 202101010200 DE_TENNET 202101010000 202101010600
[2023-01-31T12:30:37.263+0000] {spark_submit.py:495} INFO - mulai periode: 202101010000
[2023-01-31T12:30:37.264+0000] {spark_submit.py:495} INFO - selesai periode: 202101010600
[2023-01-31T12:30:38.225+0000] {spark_submit.py:495} INFO - 23/01/31 12:30:38 INFO SparkContext: Running Spark version 3.3.1
[2023-01-31T12:30:39.518+0000] {spark_submit.py:495} INFO - 23/01/31 12:30:39 WARN NativeCodeLoader: Unable to load native-hadoop library for your platform... using builtin-java classes where applicable
[2023-01-31T12:30:40.812+0000] {spark_submit.py:495} INFO - 23/01/31 12:30:40 INFO ResourceUtils: ==============================================================
[2023-01-31T12:30:40.824+0000] {spark_submit.py:495} INFO - 23/01/31 12:30:40 INFO ResourceUtils: No custom resources configured for spark.driver.
[2023-01-31T12:30:40.832+0000] {spark_submit.py:495} INFO - 23/01/31 12:30:40 INFO ResourceUtils: ==============================================================
[2023-01-31T12:30:40.851+0000] {spark_submit.py:495} INFO - 23/01/31 12:30:40 INFO SparkContext: Submitted application: gcp_playground
[2023-01-31T12:30:41.278+0000] {spark_submit.py:495} INFO - 23/01/31 12:30:41 INFO ResourceProfile: Default ResourceProfile created, executor resources: Map(cores -> name: cores, amount: 1, script: , vendor: , memory -> name: memory, amount: 1024, script: , vendor: , offHeap -> name: offHeap, amount: 0, script: , vendor: ), task resources: Map(cpus -> name: cpus, amount: 1.0)
[2023-01-31T12:30:41.375+0000] {spark_submit.py:495} INFO - 23/01/31 12:30:41 INFO ResourceProfile: Limiting resource is cpu
[2023-01-31T12:30:41.386+0000] {spark_submit.py:495} INFO - 23/01/31 12:30:41 INFO ResourceProfileManager: Added ResourceProfile id: 0
[2023-01-31T12:30:41.867+0000] {spark_submit.py:495} INFO - 23/01/31 12:30:41 INFO SecurityManager: Changing view acls to: ***
[2023-01-31T12:30:41.870+0000] {spark_submit.py:495} INFO - 23/01/31 12:30:41 INFO SecurityManager: Changing modify acls to: ***
[2023-01-31T12:30:41.872+0000] {spark_submit.py:495} INFO - 23/01/31 12:30:41 INFO SecurityManager: Changing view acls groups to:
[2023-01-31T12:30:41.874+0000] {spark_submit.py:495} INFO - 23/01/31 12:30:41 INFO SecurityManager: Changing modify acls groups to:
[2023-01-31T12:30:41.876+0000] {spark_submit.py:495} INFO - 23/01/31 12:30:41 INFO SecurityManager: SecurityManager: authentication disabled; ui acls disabled; users  with view permissions: Set(***); groups with view permissions: Set(); users  with modify permissions: Set(***); groups with modify permissions: Set()
[2023-01-31T12:30:44.541+0000] {spark_submit.py:495} INFO - 23/01/31 12:30:44 INFO Utils: Successfully started service 'sparkDriver' on port 46305.
[2023-01-31T12:30:45.066+0000] {spark_submit.py:495} INFO - 23/01/31 12:30:45 INFO SparkEnv: Registering MapOutputTracker
[2023-01-31T12:30:45.572+0000] {spark_submit.py:495} INFO - 23/01/31 12:30:45 INFO SparkEnv: Registering BlockManagerMaster
[2023-01-31T12:30:45.824+0000] {spark_submit.py:495} INFO - 23/01/31 12:30:45 INFO BlockManagerMasterEndpoint: Using org.apache.spark.storage.DefaultTopologyMapper for getting topology information
[2023-01-31T12:30:45.828+0000] {spark_submit.py:495} INFO - 23/01/31 12:30:45 INFO BlockManagerMasterEndpoint: BlockManagerMasterEndpoint up
[2023-01-31T12:30:45.902+0000] {spark_submit.py:495} INFO - 23/01/31 12:30:45 INFO SparkEnv: Registering BlockManagerMasterHeartbeat
[2023-01-31T12:30:46.731+0000] {spark_submit.py:495} INFO - 23/01/31 12:30:46 INFO DiskBlockManager: Created local directory at /tmp/blockmgr-bc688f71-c4af-4fd6-a910-bca0644561be
[2023-01-31T12:30:46.970+0000] {spark_submit.py:495} INFO - 23/01/31 12:30:46 INFO MemoryStore: MemoryStore started with capacity 434.4 MiB
[2023-01-31T12:30:47.818+0000] {spark_submit.py:495} INFO - 23/01/31 12:30:47 INFO SparkEnv: Registering OutputCommitCoordinator
[2023-01-31T12:30:51.893+0000] {spark_submit.py:495} INFO - 23/01/31 12:30:51 WARN Utils: Service 'SparkUI' could not bind on port 4040. Attempting port 4041.
[2023-01-31T12:30:51.898+0000] {spark_submit.py:495} INFO - 23/01/31 12:30:51 WARN Utils: Service 'SparkUI' could not bind on port 4041. Attempting port 4042.
[2023-01-31T12:30:51.911+0000] {spark_submit.py:495} INFO - 23/01/31 12:30:51 WARN Utils: Service 'SparkUI' could not bind on port 4042. Attempting port 4043.
[2023-01-31T12:30:51.920+0000] {spark_submit.py:495} INFO - 23/01/31 12:30:51 WARN Utils: Service 'SparkUI' could not bind on port 4043. Attempting port 4044.
[2023-01-31T12:30:51.928+0000] {spark_submit.py:495} INFO - 23/01/31 12:30:51 WARN Utils: Service 'SparkUI' could not bind on port 4044. Attempting port 4045.
[2023-01-31T12:30:51.930+0000] {spark_submit.py:495} INFO - 23/01/31 12:30:51 WARN Utils: Service 'SparkUI' could not bind on port 4045. Attempting port 4046.
[2023-01-31T12:30:52.007+0000] {spark_submit.py:495} INFO - 23/01/31 12:30:52 INFO Utils: Successfully started service 'SparkUI' on port 4046.
[2023-01-31T12:30:52.335+0000] {spark_submit.py:495} INFO - 23/01/31 12:30:52 INFO SparkContext: Added JAR /opt/spark/jars/gcs-connector-hadoop3-latest.jar at spark://213f57d06c83:46305/jars/gcs-connector-hadoop3-latest.jar with timestamp 1675168238043
[2023-01-31T12:30:52.347+0000] {spark_submit.py:495} INFO - 23/01/31 12:30:52 INFO SparkContext: Added JAR /opt/spark/jars/spark-bigquery-with-dependencies_2.13-0.27.1.jar at spark://213f57d06c83:46305/jars/spark-bigquery-with-dependencies_2.13-0.27.1.jar with timestamp 1675168238043
[2023-01-31T12:30:53.568+0000] {spark_submit.py:495} INFO - 23/01/31 12:30:53 INFO Executor: Starting executor ID driver on host 213f57d06c83
[2023-01-31T12:30:53.608+0000] {spark_submit.py:495} INFO - 23/01/31 12:30:53 INFO Executor: Starting executor with user classpath (userClassPathFirst = false): ''
[2023-01-31T12:30:53.714+0000] {spark_submit.py:495} INFO - 23/01/31 12:30:53 INFO Executor: Fetching spark://213f57d06c83:46305/jars/spark-bigquery-with-dependencies_2.13-0.27.1.jar with timestamp 1675168238043
[2023-01-31T12:30:54.251+0000] {spark_submit.py:495} INFO - 23/01/31 12:30:54 INFO TransportClientFactory: Successfully created connection to 213f57d06c83/172.21.0.8:46305 after 380 ms (0 ms spent in bootstraps)
[2023-01-31T12:30:54.429+0000] {spark_submit.py:495} INFO - 23/01/31 12:30:54 INFO Utils: Fetching spark://213f57d06c83:46305/jars/spark-bigquery-with-dependencies_2.13-0.27.1.jar to /tmp/spark-f6c8deb2-8a87-4e8d-91fe-92c8d1f213b7/userFiles-76a25c03-887d-4819-a335-5451e33f0952/fetchFileTemp3365594276982482917.tmp
[2023-01-31T12:30:57.611+0000] {spark_submit.py:495} INFO - 23/01/31 12:30:57 INFO Executor: Adding file:/tmp/spark-f6c8deb2-8a87-4e8d-91fe-92c8d1f213b7/userFiles-76a25c03-887d-4819-a335-5451e33f0952/spark-bigquery-with-dependencies_2.13-0.27.1.jar to class loader
[2023-01-31T12:30:57.646+0000] {spark_submit.py:495} INFO - 23/01/31 12:30:57 INFO Executor: Fetching spark://213f57d06c83:46305/jars/gcs-connector-hadoop3-latest.jar with timestamp 1675168238043
[2023-01-31T12:30:57.647+0000] {spark_submit.py:495} INFO - 23/01/31 12:30:57 INFO Utils: Fetching spark://213f57d06c83:46305/jars/gcs-connector-hadoop3-latest.jar to /tmp/spark-f6c8deb2-8a87-4e8d-91fe-92c8d1f213b7/userFiles-76a25c03-887d-4819-a335-5451e33f0952/fetchFileTemp13949970611264301170.tmp
[2023-01-31T12:30:58.999+0000] {spark_submit.py:495} INFO - 23/01/31 12:30:58 INFO Executor: Adding file:/tmp/spark-f6c8deb2-8a87-4e8d-91fe-92c8d1f213b7/userFiles-76a25c03-887d-4819-a335-5451e33f0952/gcs-connector-hadoop3-latest.jar to class loader
[2023-01-31T12:30:59.046+0000] {spark_submit.py:495} INFO - 23/01/31 12:30:59 INFO Utils: Successfully started service 'org.apache.spark.network.netty.NettyBlockTransferService' on port 32887.
[2023-01-31T12:30:59.048+0000] {spark_submit.py:495} INFO - 23/01/31 12:30:59 INFO NettyBlockTransferService: Server created on 213f57d06c83:32887
[2023-01-31T12:30:59.053+0000] {spark_submit.py:495} INFO - 23/01/31 12:30:59 INFO BlockManager: Using org.apache.spark.storage.RandomBlockReplicationPolicy for block replication policy
[2023-01-31T12:30:59.087+0000] {spark_submit.py:495} INFO - 23/01/31 12:30:59 INFO BlockManagerMaster: Registering BlockManager BlockManagerId(driver, 213f57d06c83, 32887, None)
[2023-01-31T12:30:59.123+0000] {spark_submit.py:495} INFO - 23/01/31 12:30:59 INFO BlockManagerMasterEndpoint: Registering block manager 213f57d06c83:32887 with 434.4 MiB RAM, BlockManagerId(driver, 213f57d06c83, 32887, None)
[2023-01-31T12:30:59.173+0000] {spark_submit.py:495} INFO - 23/01/31 12:30:59 INFO BlockManagerMaster: Registered BlockManager BlockManagerId(driver, 213f57d06c83, 32887, None)
[2023-01-31T12:30:59.185+0000] {spark_submit.py:495} INFO - 23/01/31 12:30:59 INFO BlockManager: Initialized BlockManager: BlockManagerId(driver, 213f57d06c83, 32887, None)
[2023-01-31T12:31:05.773+0000] {spark_submit.py:495} INFO - 23/01/31 12:31:05 INFO SharedState: Setting hive.metastore.warehouse.dir ('null') to the value of spark.sql.warehouse.dir.
[2023-01-31T12:31:05.898+0000] {spark_submit.py:495} INFO - 23/01/31 12:31:05 INFO SharedState: Warehouse path is 'file:/opt/***/spark-warehouse'.
[2023-01-31T12:31:30.089+0000] {spark_submit.py:495} INFO - 23/01/31 12:31:30 INFO InMemoryFileIndex: It took 296 ms to list leaf files for 1 paths.
[2023-01-31T12:31:31.253+0000] {spark_submit.py:495} INFO - 23/01/31 12:31:31 INFO MemoryStore: Block broadcast_0 stored as values in memory (estimated size 201.9 KiB, free 434.2 MiB)
[2023-01-31T12:31:32.719+0000] {spark_submit.py:495} INFO - 23/01/31 12:31:32 INFO MemoryStore: Block broadcast_0_piece0 stored as bytes in memory (estimated size 34.6 KiB, free 434.2 MiB)
[2023-01-31T12:31:32.774+0000] {spark_submit.py:495} INFO - 23/01/31 12:31:32 INFO BlockManagerInfo: Added broadcast_0_piece0 in memory on 213f57d06c83:32887 (size: 34.6 KiB, free: 434.4 MiB)
[2023-01-31T12:31:32.790+0000] {spark_submit.py:495} INFO - 23/01/31 12:31:32 INFO SparkContext: Created broadcast 0 from load at NativeMethodAccessorImpl.java:0
[2023-01-31T12:31:40.172+0000] {spark_submit.py:495} INFO - 23/01/31 12:31:40 INFO FileInputFormat: Total input files to process : 1
[2023-01-31T12:31:40.297+0000] {spark_submit.py:495} INFO - 23/01/31 12:31:40 INFO FileInputFormat: Total input files to process : 1
[2023-01-31T12:31:40.490+0000] {spark_submit.py:495} INFO - 23/01/31 12:31:40 INFO SparkContext: Starting job: load at NativeMethodAccessorImpl.java:0
[2023-01-31T12:31:40.592+0000] {spark_submit.py:495} INFO - 23/01/31 12:31:40 INFO DAGScheduler: Got job 0 (load at NativeMethodAccessorImpl.java:0) with 1 output partitions
[2023-01-31T12:31:40.597+0000] {spark_submit.py:495} INFO - 23/01/31 12:31:40 INFO DAGScheduler: Final stage: ResultStage 0 (load at NativeMethodAccessorImpl.java:0)
[2023-01-31T12:31:40.598+0000] {spark_submit.py:495} INFO - 23/01/31 12:31:40 INFO DAGScheduler: Parents of final stage: List()
[2023-01-31T12:31:40.612+0000] {spark_submit.py:495} INFO - 23/01/31 12:31:40 INFO DAGScheduler: Missing parents: List()
[2023-01-31T12:31:40.626+0000] {spark_submit.py:495} INFO - 23/01/31 12:31:40 INFO DAGScheduler: Submitting ResultStage 0 (MapPartitionsRDD[2] at load at NativeMethodAccessorImpl.java:0), which has no missing parents
[2023-01-31T12:31:41.145+0000] {spark_submit.py:495} INFO - 23/01/31 12:31:41 INFO MemoryStore: Block broadcast_1 stored as values in memory (estimated size 8.6 KiB, free 434.2 MiB)
[2023-01-31T12:31:41.172+0000] {spark_submit.py:495} INFO - 23/01/31 12:31:41 INFO MemoryStore: Block broadcast_1_piece0 stored as bytes in memory (estimated size 4.6 KiB, free 434.2 MiB)
[2023-01-31T12:31:41.175+0000] {spark_submit.py:495} INFO - 23/01/31 12:31:41 INFO BlockManagerInfo: Added broadcast_1_piece0 in memory on 213f57d06c83:32887 (size: 4.6 KiB, free: 434.4 MiB)
[2023-01-31T12:31:41.178+0000] {spark_submit.py:495} INFO - 23/01/31 12:31:41 INFO SparkContext: Created broadcast 1 from broadcast at DAGScheduler.scala:1513
[2023-01-31T12:31:41.290+0000] {spark_submit.py:495} INFO - 23/01/31 12:31:41 INFO DAGScheduler: Submitting 1 missing tasks from ResultStage 0 (MapPartitionsRDD[2] at load at NativeMethodAccessorImpl.java:0) (first 15 tasks are for partitions Vector(0))
[2023-01-31T12:31:41.294+0000] {spark_submit.py:495} INFO - 23/01/31 12:31:41 INFO TaskSchedulerImpl: Adding task set 0.0 with 1 tasks resource profile 0
[2023-01-31T12:31:41.756+0000] {spark_submit.py:495} INFO - 23/01/31 12:31:41 INFO TaskSetManager: Starting task 0.0 in stage 0.0 (TID 0) (213f57d06c83, executor driver, partition 0, PROCESS_LOCAL, 7578 bytes) taskResourceAssignments Map()
[2023-01-31T12:31:41.887+0000] {spark_submit.py:495} INFO - 23/01/31 12:31:41 INFO Executor: Running task 0.0 in stage 0.0 (TID 0)
[2023-01-31T12:31:42.779+0000] {spark_submit.py:495} INFO - 23/01/31 12:31:42 INFO BinaryFileRDD: Input split: Paths:/total_generation__DE_TENNET__202101010100__202101010200.json:0+9369
[2023-01-31T12:31:45.195+0000] {spark_submit.py:495} INFO - 23/01/31 12:31:45 INFO Executor: Finished task 0.0 in stage 0.0 (TID 0). 3480 bytes result sent to driver
[2023-01-31T12:31:45.344+0000] {spark_submit.py:495} INFO - 23/01/31 12:31:45 INFO TaskSetManager: Finished task 0.0 in stage 0.0 (TID 0) in 3748 ms on 213f57d06c83 (executor driver) (1/1)
[2023-01-31T12:31:45.372+0000] {spark_submit.py:495} INFO - 23/01/31 12:31:45 INFO TaskSchedulerImpl: Removed TaskSet 0.0, whose tasks have all completed, from pool
[2023-01-31T12:31:45.451+0000] {spark_submit.py:495} INFO - 23/01/31 12:31:45 INFO DAGScheduler: ResultStage 0 (load at NativeMethodAccessorImpl.java:0) finished in 4.632 s
[2023-01-31T12:31:45.509+0000] {spark_submit.py:495} INFO - 23/01/31 12:31:45 INFO DAGScheduler: Job 0 is finished. Cancelling potential speculative or zombie tasks for this job
[2023-01-31T12:31:45.512+0000] {spark_submit.py:495} INFO - 23/01/31 12:31:45 INFO TaskSchedulerImpl: Killing all running tasks in stage 0: Stage finished
[2023-01-31T12:31:45.545+0000] {spark_submit.py:495} INFO - 23/01/31 12:31:45 INFO DAGScheduler: Job 0 finished: load at NativeMethodAccessorImpl.java:0, took 5.057090 s
[2023-01-31T12:32:28.618+0000] {spark_submit.py:495} INFO - 23/01/31 12:32:24 INFO AsyncEventQueue: Process of event SparkListenerExecutorMetricsUpdate(driver,ArraySeq(),HashMap((-1,-1) -> org.apache.spark.executor.ExecutorMetrics@5f324da6)) by listener AppStatusListener took 2.396815085s.
[2023-01-31T12:32:54.017+0000] {spark_submit.py:495} INFO - 23/01/31 12:32:54 INFO BlockManagerInfo: Removed broadcast_0_piece0 on 213f57d06c83:32887 in memory (size: 34.6 KiB, free: 434.4 MiB)
[2023-01-31T12:32:54.104+0000] {spark_submit.py:495} INFO - 23/01/31 12:32:54 INFO BlockManagerInfo: Removed broadcast_1_piece0 on 213f57d06c83:32887 in memory (size: 4.6 KiB, free: 434.4 MiB)
