[2023-01-30T10:54:37.992+0000] {taskinstance.py:1087} INFO - Dependencies all met for <TaskInstance: entsoe-energydata.stage_total_generation scheduled__2021-01-01T04:00:00+00:00 [queued]>
[2023-01-30T10:54:38.319+0000] {taskinstance.py:1087} INFO - Dependencies all met for <TaskInstance: entsoe-energydata.stage_total_generation scheduled__2021-01-01T04:00:00+00:00 [queued]>
[2023-01-30T10:54:38.320+0000] {taskinstance.py:1283} INFO - 
--------------------------------------------------------------------------------
[2023-01-30T10:54:38.320+0000] {taskinstance.py:1284} INFO - Starting attempt 1 of 4
[2023-01-30T10:54:38.321+0000] {taskinstance.py:1285} INFO - 
--------------------------------------------------------------------------------
[2023-01-30T10:54:38.874+0000] {taskinstance.py:1304} INFO - Executing <Task(SparkSubmitOperator): stage_total_generation> on 2021-01-01 04:00:00+00:00
[2023-01-30T10:54:38.978+0000] {standard_task_runner.py:55} INFO - Started process 216 to run task
[2023-01-30T10:54:39.095+0000] {standard_task_runner.py:82} INFO - Running: ['***', 'tasks', 'run', 'entsoe-energydata', 'stage_total_generation', 'scheduled__2021-01-01T04:00:00+00:00', '--job-id', '528', '--raw', '--subdir', 'DAGS_FOLDER/ingestion_energydata_dag.py', '--cfg-path', '/tmp/tmpgngm0tlf']
[2023-01-30T10:54:39.186+0000] {standard_task_runner.py:83} INFO - Job 528: Subtask stage_total_generation
[2023-01-30T10:54:40.608+0000] {task_command.py:389} INFO - Running <TaskInstance: entsoe-energydata.stage_total_generation scheduled__2021-01-01T04:00:00+00:00 [running]> on host 5b6f5d29e531
[2023-01-30T10:54:41.632+0000] {taskinstance.py:1511} INFO - Exporting the following env vars:
AIRFLOW_CTX_DAG_OWNER=rafzul
AIRFLOW_CTX_DAG_ID=entsoe-energydata
AIRFLOW_CTX_TASK_ID=stage_total_generation
AIRFLOW_CTX_EXECUTION_DATE=2021-01-01T04:00:00+00:00
AIRFLOW_CTX_TRY_NUMBER=1
AIRFLOW_CTX_DAG_RUN_ID=scheduled__2021-01-01T04:00:00+00:00
[2023-01-30T10:54:41.735+0000] {base.py:73} INFO - Using connection ID 'spark_local' for task execution.
[2023-01-30T10:54:41.738+0000] {taskinstance.py:1772} ERROR - Task failed with exception
Traceback (most recent call last):
  File "/home/airflow/.local/lib/python3.10/site-packages/airflow/providers/apache/spark/operators/spark_submit.py", line 157, in execute
    self._hook.submit(self._application)
  File "/home/airflow/.local/lib/python3.10/site-packages/airflow/providers/apache/spark/hooks/spark_submit.py", line 398, in submit
    spark_submit_cmd = self._build_spark_submit_command(application)
  File "/home/airflow/.local/lib/python3.10/site-packages/airflow/providers/apache/spark/hooks/spark_submit.py", line 344, in _build_spark_submit_command
    self.log.info("Spark-Submit cmd: %s", self._mask_cmd(connection_cmd))
  File "/home/airflow/.local/lib/python3.10/site-packages/airflow/providers/apache/spark/hooks/spark_submit.py", line 256, in _mask_cmd
    " ".join(connection_cmd),
TypeError: sequence item 5: expected str instance, module found
[2023-01-30T10:54:41.852+0000] {taskinstance.py:1322} INFO - Marking task as UP_FOR_RETRY. dag_id=entsoe-energydata, task_id=stage_total_generation, execution_date=20210101T040000, start_date=20230130T105437, end_date=20230130T105441
[2023-01-30T10:54:41.965+0000] {standard_task_runner.py:100} ERROR - Failed to execute job 528 for task stage_total_generation (sequence item 5: expected str instance, module found; 216)
[2023-01-30T10:54:42.047+0000] {local_task_job.py:159} INFO - Task exited with return code 1
[2023-01-30T10:54:42.175+0000] {taskinstance.py:2582} INFO - 0 downstream tasks scheduled from follow-on schedule check
[2023-01-30T10:57:29.075+0000] {taskinstance.py:1087} INFO - Dependencies all met for <TaskInstance: entsoe-energydata.stage_total_generation scheduled__2021-01-01T04:00:00+00:00 [queued]>
[2023-01-30T10:57:29.136+0000] {taskinstance.py:1087} INFO - Dependencies all met for <TaskInstance: entsoe-energydata.stage_total_generation scheduled__2021-01-01T04:00:00+00:00 [queued]>
[2023-01-30T10:57:29.136+0000] {taskinstance.py:1283} INFO - 
--------------------------------------------------------------------------------
[2023-01-30T10:57:29.137+0000] {taskinstance.py:1284} INFO - Starting attempt 1 of 4
[2023-01-30T10:57:29.137+0000] {taskinstance.py:1285} INFO - 
--------------------------------------------------------------------------------
[2023-01-30T10:57:29.230+0000] {taskinstance.py:1304} INFO - Executing <Task(SparkSubmitOperator): stage_total_generation> on 2021-01-01 04:00:00+00:00
[2023-01-30T10:57:29.265+0000] {standard_task_runner.py:55} INFO - Started process 511 to run task
[2023-01-30T10:57:29.285+0000] {standard_task_runner.py:82} INFO - Running: ['***', 'tasks', 'run', 'entsoe-energydata', 'stage_total_generation', 'scheduled__2021-01-01T04:00:00+00:00', '--job-id', '547', '--raw', '--subdir', 'DAGS_FOLDER/ingestion_energydata_dag.py', '--cfg-path', '/tmp/tmpw__5i3vm']
[2023-01-30T10:57:29.302+0000] {standard_task_runner.py:83} INFO - Job 547: Subtask stage_total_generation
[2023-01-30T10:57:29.630+0000] {task_command.py:389} INFO - Running <TaskInstance: entsoe-energydata.stage_total_generation scheduled__2021-01-01T04:00:00+00:00 [running]> on host 5b6f5d29e531
[2023-01-30T10:57:30.021+0000] {taskinstance.py:1511} INFO - Exporting the following env vars:
AIRFLOW_CTX_DAG_OWNER=rafzul
AIRFLOW_CTX_DAG_ID=entsoe-energydata
AIRFLOW_CTX_TASK_ID=stage_total_generation
AIRFLOW_CTX_EXECUTION_DATE=2021-01-01T04:00:00+00:00
AIRFLOW_CTX_TRY_NUMBER=1
AIRFLOW_CTX_DAG_RUN_ID=scheduled__2021-01-01T04:00:00+00:00
[2023-01-30T10:57:30.066+0000] {base.py:73} INFO - Using connection ID 'spark_local' for task execution.
[2023-01-30T10:57:30.070+0000] {spark_submit.py:344} INFO - Spark-Submit cmd: spark-submit --master local --name arrow-spark /opt/***/plugins/scripts/transform_raw_staging.py total_generation 202101010400 202101010500 DE_TENNET
[2023-01-30T10:58:06.151+0000] {spark_submit.py:495} INFO - 23/01/30 10:58:06 INFO SparkContext: Running Spark version 3.3.1
[2023-01-30T10:58:06.672+0000] {spark_submit.py:495} INFO - 23/01/30 10:58:06 WARN NativeCodeLoader: Unable to load native-hadoop library for your platform... using builtin-java classes where applicable
[2023-01-30T10:58:07.127+0000] {spark_submit.py:495} INFO - 23/01/30 10:58:07 INFO ResourceUtils: ==============================================================
[2023-01-30T10:58:07.137+0000] {spark_submit.py:495} INFO - 23/01/30 10:58:07 INFO ResourceUtils: No custom resources configured for spark.driver.
[2023-01-30T10:58:07.145+0000] {spark_submit.py:495} INFO - 23/01/30 10:58:07 INFO ResourceUtils: ==============================================================
[2023-01-30T10:58:07.148+0000] {spark_submit.py:495} INFO - 23/01/30 10:58:07 INFO SparkContext: Submitted application: gcp_playground
[2023-01-30T10:58:07.332+0000] {spark_submit.py:495} INFO - 23/01/30 10:58:07 INFO ResourceProfile: Default ResourceProfile created, executor resources: Map(cores -> name: cores, amount: 1, script: , vendor: , memory -> name: memory, amount: 1024, script: , vendor: , offHeap -> name: offHeap, amount: 0, script: , vendor: ), task resources: Map(cpus -> name: cpus, amount: 1.0)
[2023-01-30T10:58:07.391+0000] {spark_submit.py:495} INFO - 23/01/30 10:58:07 INFO ResourceProfile: Limiting resource is cpu
[2023-01-30T10:58:07.405+0000] {spark_submit.py:495} INFO - 23/01/30 10:58:07 INFO ResourceProfileManager: Added ResourceProfile id: 0
[2023-01-30T10:58:07.824+0000] {spark_submit.py:495} INFO - 23/01/30 10:58:07 INFO SecurityManager: Changing view acls to: ***
[2023-01-30T10:58:07.832+0000] {spark_submit.py:495} INFO - 23/01/30 10:58:07 INFO SecurityManager: Changing modify acls to: ***
[2023-01-30T10:58:07.843+0000] {spark_submit.py:495} INFO - 23/01/30 10:58:07 INFO SecurityManager: Changing view acls groups to:
[2023-01-30T10:58:07.850+0000] {spark_submit.py:495} INFO - 23/01/30 10:58:07 INFO SecurityManager: Changing modify acls groups to:
[2023-01-30T10:58:07.866+0000] {spark_submit.py:495} INFO - 23/01/30 10:58:07 INFO SecurityManager: SecurityManager: authentication disabled; ui acls disabled; users  with view permissions: Set(***); groups with view permissions: Set(); users  with modify permissions: Set(***); groups with modify permissions: Set()
[2023-01-30T10:58:11.672+0000] {spark_submit.py:495} INFO - 23/01/30 10:58:11 INFO Utils: Successfully started service 'sparkDriver' on port 36105.
[2023-01-30T10:58:12.035+0000] {spark_submit.py:495} INFO - 23/01/30 10:58:12 INFO SparkEnv: Registering MapOutputTracker
[2023-01-30T10:58:12.465+0000] {spark_submit.py:495} INFO - 23/01/30 10:58:12 INFO SparkEnv: Registering BlockManagerMaster
[2023-01-30T10:58:12.936+0000] {spark_submit.py:495} INFO - 23/01/30 10:58:12 INFO BlockManagerMasterEndpoint: Using org.apache.spark.storage.DefaultTopologyMapper for getting topology information
[2023-01-30T10:58:12.949+0000] {spark_submit.py:495} INFO - 23/01/30 10:58:12 INFO BlockManagerMasterEndpoint: BlockManagerMasterEndpoint up
[2023-01-30T10:58:12.989+0000] {spark_submit.py:495} INFO - 23/01/30 10:58:12 INFO SparkEnv: Registering BlockManagerMasterHeartbeat
[2023-01-30T10:58:13.146+0000] {spark_submit.py:495} INFO - 23/01/30 10:58:13 INFO DiskBlockManager: Created local directory at /tmp/blockmgr-122ae528-59e4-4fb7-b032-dc0eb869dc21
[2023-01-30T10:58:13.202+0000] {spark_submit.py:495} INFO - 23/01/30 10:58:13 INFO MemoryStore: MemoryStore started with capacity 434.4 MiB
[2023-01-30T10:58:13.308+0000] {spark_submit.py:495} INFO - 23/01/30 10:58:13 INFO SparkEnv: Registering OutputCommitCoordinator
[2023-01-30T10:58:14.991+0000] {spark_submit.py:495} INFO - 23/01/30 10:58:14 WARN Utils: Service 'SparkUI' could not bind on port 4040. Attempting port 4041.
[2023-01-30T10:58:14.995+0000] {spark_submit.py:495} INFO - 23/01/30 10:58:14 WARN Utils: Service 'SparkUI' could not bind on port 4041. Attempting port 4042.
[2023-01-30T10:58:14.999+0000] {spark_submit.py:495} INFO - 23/01/30 10:58:14 WARN Utils: Service 'SparkUI' could not bind on port 4042. Attempting port 4043.
[2023-01-30T10:58:15.001+0000] {spark_submit.py:495} INFO - 23/01/30 10:58:14 WARN Utils: Service 'SparkUI' could not bind on port 4043. Attempting port 4044.
[2023-01-30T10:58:15.002+0000] {spark_submit.py:495} INFO - 23/01/30 10:58:14 WARN Utils: Service 'SparkUI' could not bind on port 4044. Attempting port 4045.
[2023-01-30T10:58:15.063+0000] {spark_submit.py:495} INFO - 23/01/30 10:58:15 INFO Utils: Successfully started service 'SparkUI' on port 4045.
[2023-01-30T10:58:16.039+0000] {spark_submit.py:495} INFO - 23/01/30 10:58:16 INFO SparkContext: Added JAR /opt/spark/jars/gcs-connector-hadoop3-latest.jar at spark://5b6f5d29e531:36105/jars/gcs-connector-hadoop3-latest.jar with timestamp 1675076286128
[2023-01-30T10:58:16.046+0000] {spark_submit.py:495} INFO - 23/01/30 10:58:16 INFO SparkContext: Added JAR /opt/spark/jars/spark-bigquery-with-dependencies_2.13-0.27.1.jar at spark://5b6f5d29e531:36105/jars/spark-bigquery-with-dependencies_2.13-0.27.1.jar with timestamp 1675076286128
[2023-01-30T10:58:17.069+0000] {spark_submit.py:495} INFO - 23/01/30 10:58:17 INFO Executor: Starting executor ID driver on host 5b6f5d29e531
[2023-01-30T10:58:17.231+0000] {spark_submit.py:495} INFO - 23/01/30 10:58:17 INFO Executor: Starting executor with user classpath (userClassPathFirst = false): ''
[2023-01-30T10:58:17.451+0000] {spark_submit.py:495} INFO - 23/01/30 10:58:17 INFO Executor: Fetching spark://5b6f5d29e531:36105/jars/spark-bigquery-with-dependencies_2.13-0.27.1.jar with timestamp 1675076286128
[2023-01-30T10:58:18.000+0000] {spark_submit.py:495} INFO - 23/01/30 10:58:17 INFO TransportClientFactory: Successfully created connection to 5b6f5d29e531/172.21.0.7:36105 after 316 ms (0 ms spent in bootstraps)
[2023-01-30T10:58:18.129+0000] {spark_submit.py:495} INFO - 23/01/30 10:58:18 INFO Utils: Fetching spark://5b6f5d29e531:36105/jars/spark-bigquery-with-dependencies_2.13-0.27.1.jar to /tmp/spark-be50bf2f-38bb-4a9d-b8b5-475b974868fe/userFiles-1bb8e340-ff97-43a9-b95c-47c1acf3598d/fetchFileTemp12343677005978119264.tmp
[2023-01-30T10:58:20.884+0000] {spark_submit.py:495} INFO - 23/01/30 10:58:20 INFO Executor: Adding file:/tmp/spark-be50bf2f-38bb-4a9d-b8b5-475b974868fe/userFiles-1bb8e340-ff97-43a9-b95c-47c1acf3598d/spark-bigquery-with-dependencies_2.13-0.27.1.jar to class loader
[2023-01-30T10:58:20.888+0000] {spark_submit.py:495} INFO - 23/01/30 10:58:20 INFO Executor: Fetching spark://5b6f5d29e531:36105/jars/gcs-connector-hadoop3-latest.jar with timestamp 1675076286128
[2023-01-30T10:58:20.913+0000] {spark_submit.py:495} INFO - 23/01/30 10:58:20 INFO Utils: Fetching spark://5b6f5d29e531:36105/jars/gcs-connector-hadoop3-latest.jar to /tmp/spark-be50bf2f-38bb-4a9d-b8b5-475b974868fe/userFiles-1bb8e340-ff97-43a9-b95c-47c1acf3598d/fetchFileTemp6621125228229599947.tmp
[2023-01-30T10:58:22.687+0000] {spark_submit.py:495} INFO - 23/01/30 10:58:22 INFO Executor: Adding file:/tmp/spark-be50bf2f-38bb-4a9d-b8b5-475b974868fe/userFiles-1bb8e340-ff97-43a9-b95c-47c1acf3598d/gcs-connector-hadoop3-latest.jar to class loader
[2023-01-30T10:58:22.963+0000] {spark_submit.py:495} INFO - 23/01/30 10:58:22 INFO Utils: Successfully started service 'org.apache.spark.network.netty.NettyBlockTransferService' on port 33081.
[2023-01-30T10:58:22.964+0000] {spark_submit.py:495} INFO - 23/01/30 10:58:22 INFO NettyBlockTransferService: Server created on 5b6f5d29e531:33081
[2023-01-30T10:58:22.984+0000] {spark_submit.py:495} INFO - 23/01/30 10:58:22 INFO BlockManager: Using org.apache.spark.storage.RandomBlockReplicationPolicy for block replication policy
[2023-01-30T10:58:23.062+0000] {spark_submit.py:495} INFO - 23/01/30 10:58:23 INFO BlockManagerMaster: Registering BlockManager BlockManagerId(driver, 5b6f5d29e531, 33081, None)
[2023-01-30T10:58:23.092+0000] {spark_submit.py:495} INFO - 23/01/30 10:58:23 INFO BlockManagerMasterEndpoint: Registering block manager 5b6f5d29e531:33081 with 434.4 MiB RAM, BlockManagerId(driver, 5b6f5d29e531, 33081, None)
[2023-01-30T10:58:23.121+0000] {spark_submit.py:495} INFO - 23/01/30 10:58:23 INFO BlockManagerMaster: Registered BlockManager BlockManagerId(driver, 5b6f5d29e531, 33081, None)
[2023-01-30T10:58:23.127+0000] {spark_submit.py:495} INFO - 23/01/30 10:58:23 INFO BlockManager: Initialized BlockManager: BlockManagerId(driver, 5b6f5d29e531, 33081, None)
[2023-01-30T10:58:30.270+0000] {spark_submit.py:495} INFO - 23/01/30 10:58:30 INFO SharedState: Setting hive.metastore.warehouse.dir ('null') to the value of spark.sql.warehouse.dir.
[2023-01-30T10:58:30.373+0000] {spark_submit.py:495} INFO - 23/01/30 10:58:30 INFO SharedState: Warehouse path is 'file:/opt/***/spark-warehouse'.
[2023-01-30T10:58:48.856+0000] {spark_submit.py:495} INFO - Traceback (most recent call last):
[2023-01-30T10:58:48.857+0000] {spark_submit.py:495} INFO - File "/opt/***/plugins/scripts/transform_raw_staging.py", line 233, in <module>
[2023-01-30T10:58:48.857+0000] {spark_submit.py:495} INFO - main(metrics_label=metrics_label, start=start, end=end, country_code=country_code)
[2023-01-30T10:58:48.858+0000] {spark_submit.py:495} INFO - File "/opt/***/plugins/scripts/transform_raw_staging.py", line 220, in main
[2023-01-30T10:58:48.858+0000] {spark_submit.py:495} INFO - run_method = method(metrics_label, start, end, country_code, **params)
[2023-01-30T10:58:48.858+0000] {spark_submit.py:495} INFO - File "/opt/***/plugins/scripts/transform_raw_staging.py", line 176, in transform_generation
[2023-01-30T10:58:48.859+0000] {spark_submit.py:495} INFO - full_df = self._base_timeseries(metrics_label, start, end, country_code)
[2023-01-30T10:58:48.866+0000] {spark_submit.py:495} INFO - File "/opt/***/plugins/scripts/transform_raw_staging.py", line 82, in _base_timeseries
[2023-01-30T10:58:48.867+0000] {spark_submit.py:495} INFO - raise e
[2023-01-30T10:58:48.870+0000] {spark_submit.py:495} INFO - File "/opt/***/plugins/scripts/transform_raw_staging.py", line 79, in _base_timeseries
[2023-01-30T10:58:48.876+0000] {spark_submit.py:495} INFO - .load(path)
[2023-01-30T10:58:48.879+0000] {spark_submit.py:495} INFO - File "/opt/spark/python/lib/pyspark.zip/pyspark/sql/readwriter.py", line 177, in load
[2023-01-30T10:58:48.881+0000] {spark_submit.py:495} INFO - File "/opt/spark/python/lib/py4j-0.10.9.5-src.zip/py4j/java_gateway.py", line 1321, in __call__
[2023-01-30T10:58:48.882+0000] {spark_submit.py:495} INFO - File "/opt/spark/python/lib/pyspark.zip/pyspark/sql/utils.py", line 196, in deco
[2023-01-30T10:58:48.924+0000] {spark_submit.py:495} INFO - pyspark.sql.utils.AnalysisException: Path does not exist: gs://entsoe_analytics_1009/TEST_total_generation__DE_TENNET__202101010400__202101010500.json
[2023-01-30T10:58:49.739+0000] {spark_submit.py:495} INFO - 23/01/30 10:58:49 INFO SparkContext: Invoking stop() from shutdown hook
[2023-01-30T10:58:49.984+0000] {spark_submit.py:495} INFO - 23/01/30 10:58:49 INFO SparkUI: Stopped Spark web UI at http://5b6f5d29e531:4045
[2023-01-30T10:58:50.328+0000] {spark_submit.py:495} INFO - 23/01/30 10:58:50 INFO MapOutputTrackerMasterEndpoint: MapOutputTrackerMasterEndpoint stopped!
[2023-01-30T10:58:50.430+0000] {spark_submit.py:495} INFO - 23/01/30 10:58:50 INFO MemoryStore: MemoryStore cleared
[2023-01-30T10:58:50.433+0000] {spark_submit.py:495} INFO - 23/01/30 10:58:50 INFO BlockManager: BlockManager stopped
[2023-01-30T10:58:50.482+0000] {spark_submit.py:495} INFO - 23/01/30 10:58:50 INFO BlockManagerMaster: BlockManagerMaster stopped
[2023-01-30T10:58:50.499+0000] {spark_submit.py:495} INFO - 23/01/30 10:58:50 INFO OutputCommitCoordinator$OutputCommitCoordinatorEndpoint: OutputCommitCoordinator stopped!
[2023-01-30T10:58:50.606+0000] {spark_submit.py:495} INFO - 23/01/30 10:58:50 INFO SparkContext: Successfully stopped SparkContext
[2023-01-30T10:58:50.610+0000] {spark_submit.py:495} INFO - 23/01/30 10:58:50 INFO ShutdownHookManager: Shutdown hook called
[2023-01-30T10:58:50.616+0000] {spark_submit.py:495} INFO - 23/01/30 10:58:50 INFO ShutdownHookManager: Deleting directory /tmp/spark-be50bf2f-38bb-4a9d-b8b5-475b974868fe/pyspark-3bd96951-a912-4b8c-b284-46eadf6e3c66
[2023-01-30T10:58:50.649+0000] {spark_submit.py:495} INFO - 23/01/30 10:58:50 INFO ShutdownHookManager: Deleting directory /tmp/spark-99fe8b5e-f1ad-4918-b9fe-81857de7e5ba
[2023-01-30T10:58:50.672+0000] {spark_submit.py:495} INFO - 23/01/30 10:58:50 INFO ShutdownHookManager: Deleting directory /tmp/spark-be50bf2f-38bb-4a9d-b8b5-475b974868fe
[2023-01-30T10:58:50.966+0000] {taskinstance.py:1772} ERROR - Task failed with exception
Traceback (most recent call last):
  File "/home/airflow/.local/lib/python3.10/site-packages/airflow/providers/apache/spark/operators/spark_submit.py", line 157, in execute
    self._hook.submit(self._application)
  File "/home/airflow/.local/lib/python3.10/site-packages/airflow/providers/apache/spark/hooks/spark_submit.py", line 426, in submit
    raise AirflowException(
airflow.exceptions.AirflowException: Cannot execute: spark-submit --master local --name arrow-spark /opt/***/plugins/scripts/transform_raw_staging.py total_generation 202101010400 202101010500 DE_TENNET. Error code is: 1.
[2023-01-30T10:58:50.972+0000] {taskinstance.py:1322} INFO - Marking task as UP_FOR_RETRY. dag_id=entsoe-energydata, task_id=stage_total_generation, execution_date=20210101T040000, start_date=20230130T105729, end_date=20230130T105850
[2023-01-30T10:58:51.001+0000] {standard_task_runner.py:100} ERROR - Failed to execute job 547 for task stage_total_generation (Cannot execute: spark-submit --master local --name arrow-spark /opt/***/plugins/scripts/transform_raw_staging.py total_generation 202101010400 202101010500 DE_TENNET. Error code is: 1.; 511)
[2023-01-30T10:58:51.056+0000] {local_task_job.py:159} INFO - Task exited with return code 1
[2023-01-30T10:58:51.096+0000] {taskinstance.py:2582} INFO - 0 downstream tasks scheduled from follow-on schedule check
