[2023-01-30T10:54:42.412+0000] {taskinstance.py:1087} INFO - Dependencies all met for <TaskInstance: entsoe-energydata.stage_total_generation scheduled__2021-01-01T00:00:00+00:00 [queued]>
[2023-01-30T10:54:42.596+0000] {taskinstance.py:1087} INFO - Dependencies all met for <TaskInstance: entsoe-energydata.stage_total_generation scheduled__2021-01-01T00:00:00+00:00 [queued]>
[2023-01-30T10:54:42.597+0000] {taskinstance.py:1283} INFO - 
--------------------------------------------------------------------------------
[2023-01-30T10:54:42.598+0000] {taskinstance.py:1284} INFO - Starting attempt 1 of 4
[2023-01-30T10:54:42.598+0000] {taskinstance.py:1285} INFO - 
--------------------------------------------------------------------------------
[2023-01-30T10:54:42.695+0000] {taskinstance.py:1304} INFO - Executing <Task(SparkSubmitOperator): stage_total_generation> on 2021-01-01 00:00:00+00:00
[2023-01-30T10:54:42.743+0000] {standard_task_runner.py:55} INFO - Started process 220 to run task
[2023-01-30T10:54:42.779+0000] {standard_task_runner.py:82} INFO - Running: ['***', 'tasks', 'run', 'entsoe-energydata', 'stage_total_generation', 'scheduled__2021-01-01T00:00:00+00:00', '--job-id', '532', '--raw', '--subdir', 'DAGS_FOLDER/ingestion_energydata_dag.py', '--cfg-path', '/tmp/tmp7ms6gkur']
[2023-01-30T10:54:42.791+0000] {standard_task_runner.py:83} INFO - Job 532: Subtask stage_total_generation
[2023-01-30T10:54:43.230+0000] {task_command.py:389} INFO - Running <TaskInstance: entsoe-energydata.stage_total_generation scheduled__2021-01-01T00:00:00+00:00 [running]> on host 5b6f5d29e531
[2023-01-30T10:54:43.593+0000] {taskinstance.py:1511} INFO - Exporting the following env vars:
AIRFLOW_CTX_DAG_OWNER=rafzul
AIRFLOW_CTX_DAG_ID=entsoe-energydata
AIRFLOW_CTX_TASK_ID=stage_total_generation
AIRFLOW_CTX_EXECUTION_DATE=2021-01-01T00:00:00+00:00
AIRFLOW_CTX_TRY_NUMBER=1
AIRFLOW_CTX_DAG_RUN_ID=scheduled__2021-01-01T00:00:00+00:00
[2023-01-30T10:54:43.632+0000] {base.py:73} INFO - Using connection ID 'spark_local' for task execution.
[2023-01-30T10:54:43.635+0000] {taskinstance.py:1772} ERROR - Task failed with exception
Traceback (most recent call last):
  File "/home/airflow/.local/lib/python3.10/site-packages/airflow/providers/apache/spark/operators/spark_submit.py", line 157, in execute
    self._hook.submit(self._application)
  File "/home/airflow/.local/lib/python3.10/site-packages/airflow/providers/apache/spark/hooks/spark_submit.py", line 398, in submit
    spark_submit_cmd = self._build_spark_submit_command(application)
  File "/home/airflow/.local/lib/python3.10/site-packages/airflow/providers/apache/spark/hooks/spark_submit.py", line 344, in _build_spark_submit_command
    self.log.info("Spark-Submit cmd: %s", self._mask_cmd(connection_cmd))
  File "/home/airflow/.local/lib/python3.10/site-packages/airflow/providers/apache/spark/hooks/spark_submit.py", line 256, in _mask_cmd
    " ".join(connection_cmd),
TypeError: sequence item 5: expected str instance, module found
[2023-01-30T10:54:43.671+0000] {taskinstance.py:1322} INFO - Marking task as UP_FOR_RETRY. dag_id=entsoe-energydata, task_id=stage_total_generation, execution_date=20210101T000000, start_date=20230130T105442, end_date=20230130T105443
[2023-01-30T10:54:43.713+0000] {standard_task_runner.py:100} ERROR - Failed to execute job 532 for task stage_total_generation (sequence item 5: expected str instance, module found; 220)
[2023-01-30T10:54:43.761+0000] {local_task_job.py:159} INFO - Task exited with return code 1
[2023-01-30T10:54:43.848+0000] {taskinstance.py:2582} INFO - 0 downstream tasks scheduled from follow-on schedule check
[2023-01-30T10:57:22.845+0000] {taskinstance.py:1087} INFO - Dependencies all met for <TaskInstance: entsoe-energydata.stage_total_generation scheduled__2021-01-01T00:00:00+00:00 [queued]>
[2023-01-30T10:57:22.903+0000] {taskinstance.py:1087} INFO - Dependencies all met for <TaskInstance: entsoe-energydata.stage_total_generation scheduled__2021-01-01T00:00:00+00:00 [queued]>
[2023-01-30T10:57:22.904+0000] {taskinstance.py:1283} INFO - 
--------------------------------------------------------------------------------
[2023-01-30T10:57:22.904+0000] {taskinstance.py:1284} INFO - Starting attempt 1 of 4
[2023-01-30T10:57:22.905+0000] {taskinstance.py:1285} INFO - 
--------------------------------------------------------------------------------
[2023-01-30T10:57:22.974+0000] {taskinstance.py:1304} INFO - Executing <Task(SparkSubmitOperator): stage_total_generation> on 2021-01-01 00:00:00+00:00
[2023-01-30T10:57:23.005+0000] {standard_task_runner.py:55} INFO - Started process 413 to run task
[2023-01-30T10:57:23.037+0000] {standard_task_runner.py:82} INFO - Running: ['***', 'tasks', 'run', 'entsoe-energydata', 'stage_total_generation', 'scheduled__2021-01-01T00:00:00+00:00', '--job-id', '542', '--raw', '--subdir', 'DAGS_FOLDER/ingestion_energydata_dag.py', '--cfg-path', '/tmp/tmpe_pb8btd']
[2023-01-30T10:57:23.057+0000] {standard_task_runner.py:83} INFO - Job 542: Subtask stage_total_generation
[2023-01-30T10:57:23.369+0000] {task_command.py:389} INFO - Running <TaskInstance: entsoe-energydata.stage_total_generation scheduled__2021-01-01T00:00:00+00:00 [running]> on host 5b6f5d29e531
[2023-01-30T10:57:23.752+0000] {taskinstance.py:1511} INFO - Exporting the following env vars:
AIRFLOW_CTX_DAG_OWNER=rafzul
AIRFLOW_CTX_DAG_ID=entsoe-energydata
AIRFLOW_CTX_TASK_ID=stage_total_generation
AIRFLOW_CTX_EXECUTION_DATE=2021-01-01T00:00:00+00:00
AIRFLOW_CTX_TRY_NUMBER=1
AIRFLOW_CTX_DAG_RUN_ID=scheduled__2021-01-01T00:00:00+00:00
[2023-01-30T10:57:23.796+0000] {base.py:73} INFO - Using connection ID 'spark_local' for task execution.
[2023-01-30T10:57:23.804+0000] {spark_submit.py:344} INFO - Spark-Submit cmd: spark-submit --master local --name arrow-spark /opt/***/plugins/scripts/transform_raw_staging.py total_generation 202101010000 202101010100 DE_TENNET
[2023-01-30T10:58:03.010+0000] {spark_submit.py:495} INFO - 23/01/30 10:58:03 INFO SparkContext: Running Spark version 3.3.1
[2023-01-30T10:58:03.431+0000] {spark_submit.py:495} INFO - 23/01/30 10:58:03 WARN NativeCodeLoader: Unable to load native-hadoop library for your platform... using builtin-java classes where applicable
[2023-01-30T10:58:04.683+0000] {spark_submit.py:495} INFO - 23/01/30 10:58:04 INFO ResourceUtils: ==============================================================
[2023-01-30T10:58:04.695+0000] {spark_submit.py:495} INFO - 23/01/30 10:58:04 INFO ResourceUtils: No custom resources configured for spark.driver.
[2023-01-30T10:58:04.710+0000] {spark_submit.py:495} INFO - 23/01/30 10:58:04 INFO ResourceUtils: ==============================================================
[2023-01-30T10:58:04.720+0000] {spark_submit.py:495} INFO - 23/01/30 10:58:04 INFO SparkContext: Submitted application: gcp_playground
[2023-01-30T10:58:05.069+0000] {spark_submit.py:495} INFO - 23/01/30 10:58:05 INFO ResourceProfile: Default ResourceProfile created, executor resources: Map(cores -> name: cores, amount: 1, script: , vendor: , memory -> name: memory, amount: 1024, script: , vendor: , offHeap -> name: offHeap, amount: 0, script: , vendor: ), task resources: Map(cpus -> name: cpus, amount: 1.0)
[2023-01-30T10:58:05.099+0000] {spark_submit.py:495} INFO - 23/01/30 10:58:05 INFO ResourceProfile: Limiting resource is cpu
[2023-01-30T10:58:05.112+0000] {spark_submit.py:495} INFO - 23/01/30 10:58:05 INFO ResourceProfileManager: Added ResourceProfile id: 0
[2023-01-30T10:58:05.521+0000] {spark_submit.py:495} INFO - 23/01/30 10:58:05 INFO SecurityManager: Changing view acls to: ***
[2023-01-30T10:58:05.526+0000] {spark_submit.py:495} INFO - 23/01/30 10:58:05 INFO SecurityManager: Changing modify acls to: ***
[2023-01-30T10:58:05.548+0000] {spark_submit.py:495} INFO - 23/01/30 10:58:05 INFO SecurityManager: Changing view acls groups to:
[2023-01-30T10:58:05.554+0000] {spark_submit.py:495} INFO - 23/01/30 10:58:05 INFO SecurityManager: Changing modify acls groups to:
[2023-01-30T10:58:05.557+0000] {spark_submit.py:495} INFO - 23/01/30 10:58:05 INFO SecurityManager: SecurityManager: authentication disabled; ui acls disabled; users  with view permissions: Set(***); groups with view permissions: Set(); users  with modify permissions: Set(***); groups with modify permissions: Set()
[2023-01-30T10:58:07.594+0000] {spark_submit.py:495} INFO - 23/01/30 10:58:07 INFO Utils: Successfully started service 'sparkDriver' on port 44331.
[2023-01-30T10:58:07.896+0000] {spark_submit.py:495} INFO - 23/01/30 10:58:07 INFO SparkEnv: Registering MapOutputTracker
[2023-01-30T10:58:08.351+0000] {spark_submit.py:495} INFO - 23/01/30 10:58:08 INFO SparkEnv: Registering BlockManagerMaster
[2023-01-30T10:58:08.527+0000] {spark_submit.py:495} INFO - 23/01/30 10:58:08 INFO BlockManagerMasterEndpoint: Using org.apache.spark.storage.DefaultTopologyMapper for getting topology information
[2023-01-30T10:58:08.531+0000] {spark_submit.py:495} INFO - 23/01/30 10:58:08 INFO BlockManagerMasterEndpoint: BlockManagerMasterEndpoint up
[2023-01-30T10:58:08.574+0000] {spark_submit.py:495} INFO - 23/01/30 10:58:08 INFO SparkEnv: Registering BlockManagerMasterHeartbeat
[2023-01-30T10:58:08.780+0000] {spark_submit.py:495} INFO - 23/01/30 10:58:08 INFO DiskBlockManager: Created local directory at /tmp/blockmgr-ae5761d9-97da-4186-9e72-88818b4ea117
[2023-01-30T10:58:08.912+0000] {spark_submit.py:495} INFO - 23/01/30 10:58:08 INFO MemoryStore: MemoryStore started with capacity 434.4 MiB
[2023-01-30T10:58:09.113+0000] {spark_submit.py:495} INFO - 23/01/30 10:58:09 INFO SparkEnv: Registering OutputCommitCoordinator
[2023-01-30T10:58:11.858+0000] {spark_submit.py:495} INFO - 23/01/30 10:58:11 INFO Utils: Successfully started service 'SparkUI' on port 4040.
[2023-01-30T10:58:12.314+0000] {spark_submit.py:495} INFO - 23/01/30 10:58:12 INFO SparkContext: Added JAR /opt/spark/jars/gcs-connector-hadoop3-latest.jar at spark://5b6f5d29e531:44331/jars/gcs-connector-hadoop3-latest.jar with timestamp 1675076282952
[2023-01-30T10:58:12.316+0000] {spark_submit.py:495} INFO - 23/01/30 10:58:12 INFO SparkContext: Added JAR /opt/spark/jars/spark-bigquery-with-dependencies_2.13-0.27.1.jar at spark://5b6f5d29e531:44331/jars/spark-bigquery-with-dependencies_2.13-0.27.1.jar with timestamp 1675076282952
[2023-01-30T10:58:13.101+0000] {spark_submit.py:495} INFO - 23/01/30 10:58:13 INFO Executor: Starting executor ID driver on host 5b6f5d29e531
[2023-01-30T10:58:13.216+0000] {spark_submit.py:495} INFO - 23/01/30 10:58:13 INFO Executor: Starting executor with user classpath (userClassPathFirst = false): ''
[2023-01-30T10:58:13.341+0000] {spark_submit.py:495} INFO - 23/01/30 10:58:13 INFO Executor: Fetching spark://5b6f5d29e531:44331/jars/spark-bigquery-with-dependencies_2.13-0.27.1.jar with timestamp 1675076282952
[2023-01-30T10:58:14.295+0000] {spark_submit.py:495} INFO - 23/01/30 10:58:14 INFO TransportClientFactory: Successfully created connection to 5b6f5d29e531/172.21.0.7:44331 after 477 ms (0 ms spent in bootstraps)
[2023-01-30T10:58:14.472+0000] {spark_submit.py:495} INFO - 23/01/30 10:58:14 INFO Utils: Fetching spark://5b6f5d29e531:44331/jars/spark-bigquery-with-dependencies_2.13-0.27.1.jar to /tmp/spark-329c1663-c868-4030-86d1-539a1b83dcb9/userFiles-b1d6c099-5b09-45cf-a2a2-955da3b7a166/fetchFileTemp10191969632069556691.tmp
[2023-01-30T10:58:17.901+0000] {spark_submit.py:495} INFO - 23/01/30 10:58:17 INFO Executor: Adding file:/tmp/spark-329c1663-c868-4030-86d1-539a1b83dcb9/userFiles-b1d6c099-5b09-45cf-a2a2-955da3b7a166/spark-bigquery-with-dependencies_2.13-0.27.1.jar to class loader
[2023-01-30T10:58:17.903+0000] {spark_submit.py:495} INFO - 23/01/30 10:58:17 INFO Executor: Fetching spark://5b6f5d29e531:44331/jars/gcs-connector-hadoop3-latest.jar with timestamp 1675076282952
[2023-01-30T10:58:17.962+0000] {spark_submit.py:495} INFO - 23/01/30 10:58:17 INFO Utils: Fetching spark://5b6f5d29e531:44331/jars/gcs-connector-hadoop3-latest.jar to /tmp/spark-329c1663-c868-4030-86d1-539a1b83dcb9/userFiles-b1d6c099-5b09-45cf-a2a2-955da3b7a166/fetchFileTemp10278028650895300850.tmp
[2023-01-30T10:58:19.575+0000] {spark_submit.py:495} INFO - 23/01/30 10:58:19 INFO Executor: Adding file:/tmp/spark-329c1663-c868-4030-86d1-539a1b83dcb9/userFiles-b1d6c099-5b09-45cf-a2a2-955da3b7a166/gcs-connector-hadoop3-latest.jar to class loader
[2023-01-30T10:58:19.669+0000] {spark_submit.py:495} INFO - 23/01/30 10:58:19 INFO Utils: Successfully started service 'org.apache.spark.network.netty.NettyBlockTransferService' on port 36935.
[2023-01-30T10:58:19.669+0000] {spark_submit.py:495} INFO - 23/01/30 10:58:19 INFO NettyBlockTransferService: Server created on 5b6f5d29e531:36935
[2023-01-30T10:58:19.691+0000] {spark_submit.py:495} INFO - 23/01/30 10:58:19 INFO BlockManager: Using org.apache.spark.storage.RandomBlockReplicationPolicy for block replication policy
[2023-01-30T10:58:19.788+0000] {spark_submit.py:495} INFO - 23/01/30 10:58:19 INFO BlockManagerMaster: Registering BlockManager BlockManagerId(driver, 5b6f5d29e531, 36935, None)
[2023-01-30T10:58:19.828+0000] {spark_submit.py:495} INFO - 23/01/30 10:58:19 INFO BlockManagerMasterEndpoint: Registering block manager 5b6f5d29e531:36935 with 434.4 MiB RAM, BlockManagerId(driver, 5b6f5d29e531, 36935, None)
[2023-01-30T10:58:19.853+0000] {spark_submit.py:495} INFO - 23/01/30 10:58:19 INFO BlockManagerMaster: Registered BlockManager BlockManagerId(driver, 5b6f5d29e531, 36935, None)
[2023-01-30T10:58:19.864+0000] {spark_submit.py:495} INFO - 23/01/30 10:58:19 INFO BlockManager: Initialized BlockManager: BlockManagerId(driver, 5b6f5d29e531, 36935, None)
[2023-01-30T10:58:27.699+0000] {spark_submit.py:495} INFO - 23/01/30 10:58:27 INFO SharedState: Setting hive.metastore.warehouse.dir ('null') to the value of spark.sql.warehouse.dir.
[2023-01-30T10:58:27.753+0000] {spark_submit.py:495} INFO - 23/01/30 10:58:27 INFO SharedState: Warehouse path is 'file:/opt/***/spark-warehouse'.
[2023-01-30T10:58:49.003+0000] {spark_submit.py:495} INFO - Traceback (most recent call last):
[2023-01-30T10:58:49.004+0000] {spark_submit.py:495} INFO - File "/opt/***/plugins/scripts/transform_raw_staging.py", line 233, in <module>
[2023-01-30T10:58:49.004+0000] {spark_submit.py:495} INFO - main(metrics_label=metrics_label, start=start, end=end, country_code=country_code)
[2023-01-30T10:58:49.004+0000] {spark_submit.py:495} INFO - File "/opt/***/plugins/scripts/transform_raw_staging.py", line 220, in main
[2023-01-30T10:58:49.005+0000] {spark_submit.py:495} INFO - run_method = method(metrics_label, start, end, country_code, **params)
[2023-01-30T10:58:49.005+0000] {spark_submit.py:495} INFO - File "/opt/***/plugins/scripts/transform_raw_staging.py", line 176, in transform_generation
[2023-01-30T10:58:49.005+0000] {spark_submit.py:495} INFO - full_df = self._base_timeseries(metrics_label, start, end, country_code)
[2023-01-30T10:58:49.006+0000] {spark_submit.py:495} INFO - File "/opt/***/plugins/scripts/transform_raw_staging.py", line 82, in _base_timeseries
[2023-01-30T10:58:49.008+0000] {spark_submit.py:495} INFO - raise e
[2023-01-30T10:58:49.008+0000] {spark_submit.py:495} INFO - File "/opt/***/plugins/scripts/transform_raw_staging.py", line 79, in _base_timeseries
[2023-01-30T10:58:49.012+0000] {spark_submit.py:495} INFO - .load(path)
[2023-01-30T10:58:49.016+0000] {spark_submit.py:495} INFO - File "/opt/spark/python/lib/pyspark.zip/pyspark/sql/readwriter.py", line 177, in load
[2023-01-30T10:58:49.016+0000] {spark_submit.py:495} INFO - File "/opt/spark/python/lib/py4j-0.10.9.5-src.zip/py4j/java_gateway.py", line 1321, in __call__
[2023-01-30T10:58:49.017+0000] {spark_submit.py:495} INFO - File "/opt/spark/python/lib/pyspark.zip/pyspark/sql/utils.py", line 196, in deco
[2023-01-30T10:58:49.170+0000] {spark_submit.py:495} INFO - pyspark.sql.utils.AnalysisException: Path does not exist: gs://entsoe_analytics_1009/TEST_total_generation__DE_TENNET__202101010000__202101010100.json
[2023-01-30T10:58:50.040+0000] {spark_submit.py:495} INFO - 23/01/30 10:58:50 INFO SparkContext: Invoking stop() from shutdown hook
[2023-01-30T10:58:50.107+0000] {spark_submit.py:495} INFO - 23/01/30 10:58:50 INFO SparkUI: Stopped Spark web UI at http://5b6f5d29e531:4040
[2023-01-30T10:58:50.394+0000] {spark_submit.py:495} INFO - 23/01/30 10:58:50 INFO MapOutputTrackerMasterEndpoint: MapOutputTrackerMasterEndpoint stopped!
[2023-01-30T10:58:50.488+0000] {spark_submit.py:495} INFO - 23/01/30 10:58:50 INFO MemoryStore: MemoryStore cleared
[2023-01-30T10:58:50.492+0000] {spark_submit.py:495} INFO - 23/01/30 10:58:50 INFO BlockManager: BlockManager stopped
[2023-01-30T10:58:50.596+0000] {spark_submit.py:495} INFO - 23/01/30 10:58:50 INFO BlockManagerMaster: BlockManagerMaster stopped
[2023-01-30T10:58:50.610+0000] {spark_submit.py:495} INFO - 23/01/30 10:58:50 INFO OutputCommitCoordinator$OutputCommitCoordinatorEndpoint: OutputCommitCoordinator stopped!
[2023-01-30T10:58:50.672+0000] {spark_submit.py:495} INFO - 23/01/30 10:58:50 INFO SparkContext: Successfully stopped SparkContext
[2023-01-30T10:58:50.675+0000] {spark_submit.py:495} INFO - 23/01/30 10:58:50 INFO ShutdownHookManager: Shutdown hook called
[2023-01-30T10:58:50.680+0000] {spark_submit.py:495} INFO - 23/01/30 10:58:50 INFO ShutdownHookManager: Deleting directory /tmp/spark-329c1663-c868-4030-86d1-539a1b83dcb9/pyspark-2799de00-c6bd-4302-9304-651baa614d74
[2023-01-30T10:58:50.722+0000] {spark_submit.py:495} INFO - 23/01/30 10:58:50 INFO ShutdownHookManager: Deleting directory /tmp/spark-e4c06fae-5722-4180-98b1-ff4c091f19ad
[2023-01-30T10:58:50.752+0000] {spark_submit.py:495} INFO - 23/01/30 10:58:50 INFO ShutdownHookManager: Deleting directory /tmp/spark-329c1663-c868-4030-86d1-539a1b83dcb9
[2023-01-30T10:58:50.979+0000] {taskinstance.py:1772} ERROR - Task failed with exception
Traceback (most recent call last):
  File "/home/airflow/.local/lib/python3.10/site-packages/airflow/providers/apache/spark/operators/spark_submit.py", line 157, in execute
    self._hook.submit(self._application)
  File "/home/airflow/.local/lib/python3.10/site-packages/airflow/providers/apache/spark/hooks/spark_submit.py", line 426, in submit
    raise AirflowException(
airflow.exceptions.AirflowException: Cannot execute: spark-submit --master local --name arrow-spark /opt/***/plugins/scripts/transform_raw_staging.py total_generation 202101010000 202101010100 DE_TENNET. Error code is: 1.
[2023-01-30T10:58:50.987+0000] {taskinstance.py:1322} INFO - Marking task as UP_FOR_RETRY. dag_id=entsoe-energydata, task_id=stage_total_generation, execution_date=20210101T000000, start_date=20230130T105722, end_date=20230130T105850
[2023-01-30T10:58:51.017+0000] {standard_task_runner.py:100} ERROR - Failed to execute job 542 for task stage_total_generation (Cannot execute: spark-submit --master local --name arrow-spark /opt/***/plugins/scripts/transform_raw_staging.py total_generation 202101010000 202101010100 DE_TENNET. Error code is: 1.; 413)
[2023-01-30T10:58:51.056+0000] {local_task_job.py:159} INFO - Task exited with return code 1
[2023-01-30T10:58:51.096+0000] {taskinstance.py:2582} INFO - 0 downstream tasks scheduled from follow-on schedule check
