[2023-02-08T01:32:07.197+0000] {taskinstance.py:1087} INFO - Dependencies all met for <TaskInstance: entsoe-energydata-backfill.extract_load scheduled__2021-01-01T01:00:00+00:00 [queued]>
[2023-02-08T01:32:07.241+0000] {taskinstance.py:1087} INFO - Dependencies all met for <TaskInstance: entsoe-energydata-backfill.extract_load scheduled__2021-01-01T01:00:00+00:00 [queued]>
[2023-02-08T01:32:07.242+0000] {taskinstance.py:1283} INFO - 
--------------------------------------------------------------------------------
[2023-02-08T01:32:07.242+0000] {taskinstance.py:1284} INFO - Starting attempt 1 of 4
[2023-02-08T01:32:07.243+0000] {taskinstance.py:1285} INFO - 
--------------------------------------------------------------------------------
[2023-02-08T01:32:07.301+0000] {taskinstance.py:1304} INFO - Executing <Task(PythonOperator): extract_load> on 2021-01-01 01:00:00+00:00
[2023-02-08T01:32:07.346+0000] {standard_task_runner.py:55} INFO - Started process 4077 to run task
[2023-02-08T01:32:07.413+0000] {standard_task_runner.py:82} INFO - Running: ['***', 'tasks', 'run', 'entsoe-energydata-backfill', 'extract_load', 'scheduled__2021-01-01T01:00:00+00:00', '--job-id', '1115', '--raw', '--subdir', 'DAGS_FOLDER/ingestion_energydata_dag.py', '--cfg-path', '/tmp/tmpvdi3r44d']
[2023-02-08T01:32:07.418+0000] {standard_task_runner.py:83} INFO - Job 1115: Subtask extract_load
[2023-02-08T01:32:07.935+0000] {task_command.py:389} INFO - Running <TaskInstance: entsoe-energydata-backfill.extract_load scheduled__2021-01-01T01:00:00+00:00 [running]> on host 4e853e3e6d16
[2023-02-08T01:32:08.761+0000] {taskinstance.py:1511} INFO - Exporting the following env vars:
AIRFLOW_CTX_DAG_OWNER=rafzul
AIRFLOW_CTX_DAG_ID=entsoe-energydata-backfill
AIRFLOW_CTX_TASK_ID=extract_load
AIRFLOW_CTX_EXECUTION_DATE=2021-01-01T01:00:00+00:00
AIRFLOW_CTX_TRY_NUMBER=1
AIRFLOW_CTX_DAG_RUN_ID=scheduled__2021-01-01T01:00:00+00:00
[2023-02-08T01:32:09.715+0000] {crypto.py:83} WARNING - empty cryptography key - values will not be stored encrypted.
[2023-02-08T01:32:09.716+0000] {base.py:73} INFO - Using connection ID 'google_cloud_default' for task execution.
[2023-02-08T01:32:10.377+0000] {python.py:177} INFO - Done. Returned value was: None
[2023-02-08T01:32:10.533+0000] {taskinstance.py:1322} INFO - Marking task as SUCCESS. dag_id=entsoe-energydata-backfill, task_id=extract_load, execution_date=20210101T010000, start_date=20230208T013207, end_date=20230208T013210
[2023-02-08T01:32:10.971+0000] {local_task_job.py:159} INFO - Task exited with return code 0
[2023-02-08T01:32:11.122+0000] {taskinstance.py:2582} INFO - 1 downstream tasks scheduled from follow-on schedule check
