[2023-01-30T10:54:22.580+0000] {taskinstance.py:1087} INFO - Dependencies all met for <TaskInstance: entsoe-energydata.extract_generation scheduled__2021-01-01T02:00:00+00:00 [queued]>
[2023-01-30T10:54:22.660+0000] {taskinstance.py:1087} INFO - Dependencies all met for <TaskInstance: entsoe-energydata.extract_generation scheduled__2021-01-01T02:00:00+00:00 [queued]>
[2023-01-30T10:54:22.661+0000] {taskinstance.py:1283} INFO - 
--------------------------------------------------------------------------------
[2023-01-30T10:54:22.662+0000] {taskinstance.py:1284} INFO - Starting attempt 1 of 4
[2023-01-30T10:54:22.663+0000] {taskinstance.py:1285} INFO - 
--------------------------------------------------------------------------------
[2023-01-30T10:54:22.721+0000] {taskinstance.py:1304} INFO - Executing <Task(PythonOperator): extract_generation> on 2021-01-01 02:00:00+00:00
[2023-01-30T10:54:22.788+0000] {standard_task_runner.py:55} INFO - Started process 180 to run task
[2023-01-30T10:54:22.844+0000] {standard_task_runner.py:82} INFO - Running: ['***', 'tasks', 'run', 'entsoe-energydata', 'extract_generation', 'scheduled__2021-01-01T02:00:00+00:00', '--job-id', '520', '--raw', '--subdir', 'DAGS_FOLDER/ingestion_energydata_dag.py', '--cfg-path', '/tmp/tmp1m4gft6_']
[2023-01-30T10:54:22.853+0000] {standard_task_runner.py:83} INFO - Job 520: Subtask extract_generation
[2023-01-30T10:54:23.395+0000] {task_command.py:389} INFO - Running <TaskInstance: entsoe-energydata.extract_generation scheduled__2021-01-01T02:00:00+00:00 [running]> on host 5b6f5d29e531
[2023-01-30T10:54:23.892+0000] {taskinstance.py:1511} INFO - Exporting the following env vars:
AIRFLOW_CTX_DAG_OWNER=rafzul
AIRFLOW_CTX_DAG_ID=entsoe-energydata
AIRFLOW_CTX_TASK_ID=extract_generation
AIRFLOW_CTX_EXECUTION_DATE=2021-01-01T02:00:00+00:00
AIRFLOW_CTX_TRY_NUMBER=1
AIRFLOW_CTX_DAG_RUN_ID=scheduled__2021-01-01T02:00:00+00:00
[2023-01-30T10:54:25.482+0000] {crypto.py:83} WARNING - empty cryptography key - values will not be stored encrypted.
[2023-01-30T10:54:25.483+0000] {base.py:73} INFO - Using connection ID 'google_cloud_default' for task execution.
[2023-01-30T10:54:26.041+0000] {python.py:177} INFO - Done. Returned value was: None
[2023-01-30T10:54:26.103+0000] {taskinstance.py:1322} INFO - Marking task as SUCCESS. dag_id=entsoe-energydata, task_id=extract_generation, execution_date=20210101T020000, start_date=20230130T105422, end_date=20230130T105426
[2023-01-30T10:54:26.232+0000] {local_task_job.py:159} INFO - Task exited with return code 0
[2023-01-30T10:57:17.402+0000] {taskinstance.py:1087} INFO - Dependencies all met for <TaskInstance: entsoe-energydata.extract_generation scheduled__2021-01-01T02:00:00+00:00 [queued]>
[2023-01-30T10:57:17.481+0000] {taskinstance.py:1087} INFO - Dependencies all met for <TaskInstance: entsoe-energydata.extract_generation scheduled__2021-01-01T02:00:00+00:00 [queued]>
[2023-01-30T10:57:17.482+0000] {taskinstance.py:1283} INFO - 
--------------------------------------------------------------------------------
[2023-01-30T10:57:17.482+0000] {taskinstance.py:1284} INFO - Starting attempt 1 of 4
[2023-01-30T10:57:17.483+0000] {taskinstance.py:1285} INFO - 
--------------------------------------------------------------------------------
[2023-01-30T10:57:17.524+0000] {taskinstance.py:1304} INFO - Executing <Task(PythonOperator): extract_generation> on 2021-01-01 02:00:00+00:00
[2023-01-30T10:57:17.547+0000] {standard_task_runner.py:55} INFO - Started process 388 to run task
[2023-01-30T10:57:17.561+0000] {standard_task_runner.py:82} INFO - Running: ['***', 'tasks', 'run', 'entsoe-energydata', 'extract_generation', 'scheduled__2021-01-01T02:00:00+00:00', '--job-id', '538', '--raw', '--subdir', 'DAGS_FOLDER/ingestion_energydata_dag.py', '--cfg-path', '/tmp/tmpzbo2qzuf']
[2023-01-30T10:57:17.569+0000] {standard_task_runner.py:83} INFO - Job 538: Subtask extract_generation
[2023-01-30T10:57:17.885+0000] {task_command.py:389} INFO - Running <TaskInstance: entsoe-energydata.extract_generation scheduled__2021-01-01T02:00:00+00:00 [running]> on host 5b6f5d29e531
[2023-01-30T10:57:18.148+0000] {taskinstance.py:1511} INFO - Exporting the following env vars:
AIRFLOW_CTX_DAG_OWNER=rafzul
AIRFLOW_CTX_DAG_ID=entsoe-energydata
AIRFLOW_CTX_TASK_ID=extract_generation
AIRFLOW_CTX_EXECUTION_DATE=2021-01-01T02:00:00+00:00
AIRFLOW_CTX_TRY_NUMBER=1
AIRFLOW_CTX_DAG_RUN_ID=scheduled__2021-01-01T02:00:00+00:00
[2023-01-30T10:57:19.588+0000] {crypto.py:83} WARNING - empty cryptography key - values will not be stored encrypted.
[2023-01-30T10:57:19.589+0000] {base.py:73} INFO - Using connection ID 'google_cloud_default' for task execution.
[2023-01-30T10:57:19.932+0000] {python.py:177} INFO - Done. Returned value was: None
[2023-01-30T10:57:19.964+0000] {taskinstance.py:1322} INFO - Marking task as SUCCESS. dag_id=entsoe-energydata, task_id=extract_generation, execution_date=20210101T020000, start_date=20230130T105717, end_date=20230130T105719
[2023-01-30T10:57:20.148+0000] {local_task_job.py:159} INFO - Task exited with return code 0
[2023-01-30T10:57:20.288+0000] {taskinstance.py:2582} INFO - 1 downstream tasks scheduled from follow-on schedule check
