[2023-01-15T18:05:51.271+0000] {manager.py:483} INFO - Processing files using up to 2 processes at a time 
[2023-01-15T18:05:51.274+0000] {manager.py:484} INFO - Process each file at most once every 30 seconds
[2023-01-15T18:05:51.274+0000] {manager.py:485} INFO - Checking for new files in /opt/airflow/dags every 300 seconds
[2023-01-15T18:05:51.275+0000] {manager.py:726} INFO - Searching for files in /opt/airflow/dags
[2023-01-15T18:05:51.277+0000] {manager.py:729} INFO - There are 0 files in /opt/airflow/dags
[2023-01-15T18:05:54.871+0000] {manager.py:465} INFO - Exiting gracefully upon receiving signal 15
[2023-01-15T18:08:01.762+0000] {manager.py:483} INFO - Processing files using up to 2 processes at a time 
[2023-01-15T18:08:01.776+0000] {manager.py:484} INFO - Process each file at most once every 30 seconds
[2023-01-15T18:08:01.777+0000] {manager.py:485} INFO - Checking for new files in /opt/airflow/dags every 300 seconds
[2023-01-15T18:08:01.777+0000] {manager.py:726} INFO - Searching for files in /opt/airflow/dags
[2023-01-15T18:08:01.779+0000] {manager.py:729} INFO - There are 0 files in /opt/airflow/dags
[2023-01-15T18:13:01.933+0000] {manager.py:726} INFO - Searching for files in /opt/airflow/dags
[2023-01-15T18:13:01.934+0000] {manager.py:729} INFO - There are 0 files in /opt/airflow/dags
[2023-01-15T18:18:02.705+0000] {manager.py:726} INFO - Searching for files in /opt/airflow/dags
[2023-01-15T18:18:02.706+0000] {manager.py:729} INFO - There are 0 files in /opt/airflow/dags
[2023-01-15T18:23:03.426+0000] {manager.py:726} INFO - Searching for files in /opt/airflow/dags
[2023-01-15T18:23:03.427+0000] {manager.py:729} INFO - There are 0 files in /opt/airflow/dags
[2023-01-15T18:28:04.107+0000] {manager.py:726} INFO - Searching for files in /opt/airflow/dags
[2023-01-15T18:28:04.107+0000] {manager.py:729} INFO - There are 0 files in /opt/airflow/dags
[2023-01-15T18:33:04.844+0000] {manager.py:726} INFO - Searching for files in /opt/airflow/dags
[2023-01-15T18:33:04.845+0000] {manager.py:729} INFO - There are 0 files in /opt/airflow/dags
[2023-01-15T18:38:05.545+0000] {manager.py:726} INFO - Searching for files in /opt/airflow/dags
[2023-01-15T18:38:05.554+0000] {manager.py:729} INFO - There are 0 files in /opt/airflow/dags
[2023-01-15T18:43:06.332+0000] {manager.py:726} INFO - Searching for files in /opt/airflow/dags
[2023-01-15T18:43:06.342+0000] {manager.py:729} INFO - There are 0 files in /opt/airflow/dags
[2023-01-15T18:48:07.114+0000] {manager.py:726} INFO - Searching for files in /opt/airflow/dags
[2023-01-15T18:48:07.123+0000] {manager.py:729} INFO - There are 0 files in /opt/airflow/dags
[2023-01-15T18:53:07.936+0000] {manager.py:726} INFO - Searching for files in /opt/airflow/dags
[2023-01-15T18:53:07.937+0000] {manager.py:729} INFO - There are 0 files in /opt/airflow/dags
[2023-01-15T18:58:08.685+0000] {manager.py:726} INFO - Searching for files in /opt/airflow/dags
[2023-01-15T18:58:08.686+0000] {manager.py:729} INFO - There are 0 files in /opt/airflow/dags
[2023-01-15T19:03:09.457+0000] {manager.py:726} INFO - Searching for files in /opt/airflow/dags
[2023-01-15T19:03:09.458+0000] {manager.py:729} INFO - There are 0 files in /opt/airflow/dags
[2023-01-15T19:08:10.357+0000] {manager.py:726} INFO - Searching for files in /opt/airflow/dags
[2023-01-15T19:08:10.366+0000] {manager.py:729} INFO - There are 0 files in /opt/airflow/dags
[2023-01-15T19:13:10.414+0000] {manager.py:726} INFO - Searching for files in /opt/airflow/dags
[2023-01-15T19:13:10.414+0000] {manager.py:729} INFO - There are 0 files in /opt/airflow/dags
[2023-01-15T19:18:10.597+0000] {manager.py:726} INFO - Searching for files in /opt/airflow/dags
[2023-01-15T19:18:10.598+0000] {manager.py:729} INFO - There are 0 files in /opt/airflow/dags
[2023-01-15T19:23:11.403+0000] {manager.py:726} INFO - Searching for files in /opt/airflow/dags
[2023-01-15T19:23:11.406+0000] {manager.py:729} INFO - There are 0 files in /opt/airflow/dags
[2023-01-15T19:28:11.419+0000] {manager.py:726} INFO - Searching for files in /opt/airflow/dags
[2023-01-15T19:28:11.420+0000] {manager.py:729} INFO - There are 0 files in /opt/airflow/dags
[2023-01-15T19:33:11.983+0000] {manager.py:726} INFO - Searching for files in /opt/airflow/dags
[2023-01-15T19:33:11.985+0000] {manager.py:729} INFO - There are 0 files in /opt/airflow/dags
[2023-01-15T19:38:12.937+0000] {manager.py:726} INFO - Searching for files in /opt/airflow/dags
[2023-01-15T19:38:12.940+0000] {manager.py:729} INFO - There are 0 files in /opt/airflow/dags
[2023-01-15T19:43:13.280+0000] {manager.py:726} INFO - Searching for files in /opt/airflow/dags
[2023-01-15T19:43:13.281+0000] {manager.py:729} INFO - There are 0 files in /opt/airflow/dags
[2023-01-15T19:48:13.797+0000] {manager.py:726} INFO - Searching for files in /opt/airflow/dags
[2023-01-15T19:48:13.799+0000] {manager.py:729} INFO - There are 0 files in /opt/airflow/dags
[2023-01-15T19:50:03.934+0000] {manager.py:465} INFO - Exiting gracefully upon receiving signal 15
[2023-01-15T19:55:35.452+0000] {manager.py:483} INFO - Processing files using up to 2 processes at a time 
[2023-01-15T19:55:35.470+0000] {manager.py:484} INFO - Process each file at most once every 30 seconds
[2023-01-15T19:55:35.470+0000] {manager.py:485} INFO - Checking for new files in /opt/airflow/dags every 300 seconds
[2023-01-15T19:55:35.471+0000] {manager.py:726} INFO - Searching for files in /opt/airflow/dags
[2023-01-15T19:55:35.474+0000] {manager.py:729} INFO - There are 0 files in /opt/airflow/dags
[2023-01-15T19:57:03.370+0000] {manager.py:465} INFO - Exiting gracefully upon receiving signal 15
