[2023-01-30T10:54:40.058+0000] {taskinstance.py:1087} INFO - Dependencies all met for <TaskInstance: entsoe-energydata.stage_total_generation scheduled__2021-01-01T02:00:00+00:00 [queued]>
[2023-01-30T10:54:40.237+0000] {taskinstance.py:1087} INFO - Dependencies all met for <TaskInstance: entsoe-energydata.stage_total_generation scheduled__2021-01-01T02:00:00+00:00 [queued]>
[2023-01-30T10:54:40.238+0000] {taskinstance.py:1283} INFO - 
--------------------------------------------------------------------------------
[2023-01-30T10:54:40.238+0000] {taskinstance.py:1284} INFO - Starting attempt 1 of 4
[2023-01-30T10:54:40.239+0000] {taskinstance.py:1285} INFO - 
--------------------------------------------------------------------------------
[2023-01-30T10:54:40.674+0000] {taskinstance.py:1304} INFO - Executing <Task(SparkSubmitOperator): stage_total_generation> on 2021-01-01 02:00:00+00:00
[2023-01-30T10:54:40.745+0000] {standard_task_runner.py:55} INFO - Started process 218 to run task
[2023-01-30T10:54:40.987+0000] {standard_task_runner.py:82} INFO - Running: ['***', 'tasks', 'run', 'entsoe-energydata', 'stage_total_generation', 'scheduled__2021-01-01T02:00:00+00:00', '--job-id', '530', '--raw', '--subdir', 'DAGS_FOLDER/ingestion_energydata_dag.py', '--cfg-path', '/tmp/tmpp08x5ldz']
[2023-01-30T10:54:41.042+0000] {standard_task_runner.py:83} INFO - Job 530: Subtask stage_total_generation
[2023-01-30T10:54:42.014+0000] {task_command.py:389} INFO - Running <TaskInstance: entsoe-energydata.stage_total_generation scheduled__2021-01-01T02:00:00+00:00 [running]> on host 5b6f5d29e531
[2023-01-30T10:54:42.544+0000] {taskinstance.py:1511} INFO - Exporting the following env vars:
AIRFLOW_CTX_DAG_OWNER=rafzul
AIRFLOW_CTX_DAG_ID=entsoe-energydata
AIRFLOW_CTX_TASK_ID=stage_total_generation
AIRFLOW_CTX_EXECUTION_DATE=2021-01-01T02:00:00+00:00
AIRFLOW_CTX_TRY_NUMBER=1
AIRFLOW_CTX_DAG_RUN_ID=scheduled__2021-01-01T02:00:00+00:00
[2023-01-30T10:54:42.608+0000] {base.py:73} INFO - Using connection ID 'spark_local' for task execution.
[2023-01-30T10:54:42.610+0000] {taskinstance.py:1772} ERROR - Task failed with exception
Traceback (most recent call last):
  File "/home/airflow/.local/lib/python3.10/site-packages/airflow/providers/apache/spark/operators/spark_submit.py", line 157, in execute
    self._hook.submit(self._application)
  File "/home/airflow/.local/lib/python3.10/site-packages/airflow/providers/apache/spark/hooks/spark_submit.py", line 398, in submit
    spark_submit_cmd = self._build_spark_submit_command(application)
  File "/home/airflow/.local/lib/python3.10/site-packages/airflow/providers/apache/spark/hooks/spark_submit.py", line 344, in _build_spark_submit_command
    self.log.info("Spark-Submit cmd: %s", self._mask_cmd(connection_cmd))
  File "/home/airflow/.local/lib/python3.10/site-packages/airflow/providers/apache/spark/hooks/spark_submit.py", line 256, in _mask_cmd
    " ".join(connection_cmd),
TypeError: sequence item 5: expected str instance, module found
[2023-01-30T10:54:42.706+0000] {taskinstance.py:1322} INFO - Marking task as UP_FOR_RETRY. dag_id=entsoe-energydata, task_id=stage_total_generation, execution_date=20210101T020000, start_date=20230130T105440, end_date=20230130T105442
[2023-01-30T10:54:42.843+0000] {standard_task_runner.py:100} ERROR - Failed to execute job 530 for task stage_total_generation (sequence item 5: expected str instance, module found; 218)
[2023-01-30T10:54:42.996+0000] {local_task_job.py:159} INFO - Task exited with return code 1
[2023-01-30T10:54:43.147+0000] {taskinstance.py:2582} INFO - 0 downstream tasks scheduled from follow-on schedule check
[2023-01-30T10:57:28.347+0000] {taskinstance.py:1087} INFO - Dependencies all met for <TaskInstance: entsoe-energydata.stage_total_generation scheduled__2021-01-01T02:00:00+00:00 [queued]>
[2023-01-30T10:57:28.424+0000] {taskinstance.py:1087} INFO - Dependencies all met for <TaskInstance: entsoe-energydata.stage_total_generation scheduled__2021-01-01T02:00:00+00:00 [queued]>
[2023-01-30T10:57:28.425+0000] {taskinstance.py:1283} INFO - 
--------------------------------------------------------------------------------
[2023-01-30T10:57:28.425+0000] {taskinstance.py:1284} INFO - Starting attempt 1 of 4
[2023-01-30T10:57:28.426+0000] {taskinstance.py:1285} INFO - 
--------------------------------------------------------------------------------
[2023-01-30T10:57:28.505+0000] {taskinstance.py:1304} INFO - Executing <Task(SparkSubmitOperator): stage_total_generation> on 2021-01-01 02:00:00+00:00
[2023-01-30T10:57:28.645+0000] {standard_task_runner.py:82} INFO - Running: ['***', 'tasks', 'run', 'entsoe-energydata', 'stage_total_generation', 'scheduled__2021-01-01T02:00:00+00:00', '--job-id', '545', '--raw', '--subdir', 'DAGS_FOLDER/ingestion_energydata_dag.py', '--cfg-path', '/tmp/tmpgrc8xufm']
[2023-01-30T10:57:28.654+0000] {standard_task_runner.py:83} INFO - Job 545: Subtask stage_total_generation
[2023-01-30T10:57:28.628+0000] {standard_task_runner.py:55} INFO - Started process 490 to run task
[2023-01-30T10:57:29.128+0000] {task_command.py:389} INFO - Running <TaskInstance: entsoe-energydata.stage_total_generation scheduled__2021-01-01T02:00:00+00:00 [running]> on host 5b6f5d29e531
[2023-01-30T10:57:29.540+0000] {taskinstance.py:1511} INFO - Exporting the following env vars:
AIRFLOW_CTX_DAG_OWNER=rafzul
AIRFLOW_CTX_DAG_ID=entsoe-energydata
AIRFLOW_CTX_TASK_ID=stage_total_generation
AIRFLOW_CTX_EXECUTION_DATE=2021-01-01T02:00:00+00:00
AIRFLOW_CTX_TRY_NUMBER=1
AIRFLOW_CTX_DAG_RUN_ID=scheduled__2021-01-01T02:00:00+00:00
[2023-01-30T10:57:29.579+0000] {base.py:73} INFO - Using connection ID 'spark_local' for task execution.
[2023-01-30T10:57:29.589+0000] {spark_submit.py:344} INFO - Spark-Submit cmd: spark-submit --master local --name arrow-spark /opt/***/plugins/scripts/transform_raw_staging.py total_generation 202101010200 202101010300 DE_TENNET
[2023-01-30T10:58:06.008+0000] {spark_submit.py:495} INFO - 23/01/30 10:58:06 INFO SparkContext: Running Spark version 3.3.1
[2023-01-30T10:58:06.355+0000] {spark_submit.py:495} INFO - 23/01/30 10:58:06 WARN NativeCodeLoader: Unable to load native-hadoop library for your platform... using builtin-java classes where applicable
[2023-01-30T10:58:06.574+0000] {spark_submit.py:495} INFO - 23/01/30 10:58:06 INFO ResourceUtils: ==============================================================
[2023-01-30T10:58:06.577+0000] {spark_submit.py:495} INFO - 23/01/30 10:58:06 INFO ResourceUtils: No custom resources configured for spark.driver.
[2023-01-30T10:58:06.578+0000] {spark_submit.py:495} INFO - 23/01/30 10:58:06 INFO ResourceUtils: ==============================================================
[2023-01-30T10:58:06.580+0000] {spark_submit.py:495} INFO - 23/01/30 10:58:06 INFO SparkContext: Submitted application: gcp_playground
[2023-01-30T10:58:06.667+0000] {spark_submit.py:495} INFO - 23/01/30 10:58:06 INFO ResourceProfile: Default ResourceProfile created, executor resources: Map(cores -> name: cores, amount: 1, script: , vendor: , memory -> name: memory, amount: 1024, script: , vendor: , offHeap -> name: offHeap, amount: 0, script: , vendor: ), task resources: Map(cpus -> name: cpus, amount: 1.0)
[2023-01-30T10:58:06.697+0000] {spark_submit.py:495} INFO - 23/01/30 10:58:06 INFO ResourceProfile: Limiting resource is cpu
[2023-01-30T10:58:06.716+0000] {spark_submit.py:495} INFO - 23/01/30 10:58:06 INFO ResourceProfileManager: Added ResourceProfile id: 0
[2023-01-30T10:58:06.980+0000] {spark_submit.py:495} INFO - 23/01/30 10:58:06 INFO SecurityManager: Changing view acls to: ***
[2023-01-30T10:58:06.983+0000] {spark_submit.py:495} INFO - 23/01/30 10:58:06 INFO SecurityManager: Changing modify acls to: ***
[2023-01-30T10:58:06.985+0000] {spark_submit.py:495} INFO - 23/01/30 10:58:06 INFO SecurityManager: Changing view acls groups to:
[2023-01-30T10:58:06.986+0000] {spark_submit.py:495} INFO - 23/01/30 10:58:06 INFO SecurityManager: Changing modify acls groups to:
[2023-01-30T10:58:06.988+0000] {spark_submit.py:495} INFO - 23/01/30 10:58:06 INFO SecurityManager: SecurityManager: authentication disabled; ui acls disabled; users  with view permissions: Set(***); groups with view permissions: Set(); users  with modify permissions: Set(***); groups with modify permissions: Set()
[2023-01-30T10:58:08.645+0000] {spark_submit.py:495} INFO - 23/01/30 10:58:08 INFO Utils: Successfully started service 'sparkDriver' on port 39495.
[2023-01-30T10:58:09.020+0000] {spark_submit.py:495} INFO - 23/01/30 10:58:09 INFO SparkEnv: Registering MapOutputTracker
[2023-01-30T10:58:09.484+0000] {spark_submit.py:495} INFO - 23/01/30 10:58:09 INFO SparkEnv: Registering BlockManagerMaster
[2023-01-30T10:58:09.851+0000] {spark_submit.py:495} INFO - 23/01/30 10:58:09 INFO BlockManagerMasterEndpoint: Using org.apache.spark.storage.DefaultTopologyMapper for getting topology information
[2023-01-30T10:58:09.869+0000] {spark_submit.py:495} INFO - 23/01/30 10:58:09 INFO BlockManagerMasterEndpoint: BlockManagerMasterEndpoint up
[2023-01-30T10:58:09.907+0000] {spark_submit.py:495} INFO - 23/01/30 10:58:09 INFO SparkEnv: Registering BlockManagerMasterHeartbeat
[2023-01-30T10:58:10.218+0000] {spark_submit.py:495} INFO - 23/01/30 10:58:10 INFO DiskBlockManager: Created local directory at /tmp/blockmgr-599e355b-38fc-4c99-b75a-c361b3052fa4
[2023-01-30T10:58:10.393+0000] {spark_submit.py:495} INFO - 23/01/30 10:58:10 INFO MemoryStore: MemoryStore started with capacity 434.4 MiB
[2023-01-30T10:58:10.583+0000] {spark_submit.py:495} INFO - 23/01/30 10:58:10 INFO SparkEnv: Registering OutputCommitCoordinator
[2023-01-30T10:58:12.473+0000] {spark_submit.py:495} INFO - 23/01/30 10:58:12 WARN Utils: Service 'SparkUI' could not bind on port 4040. Attempting port 4041.
[2023-01-30T10:58:12.493+0000] {spark_submit.py:495} INFO - 23/01/30 10:58:12 WARN Utils: Service 'SparkUI' could not bind on port 4041. Attempting port 4042.
[2023-01-30T10:58:12.504+0000] {spark_submit.py:495} INFO - 23/01/30 10:58:12 WARN Utils: Service 'SparkUI' could not bind on port 4042. Attempting port 4043.
[2023-01-30T10:58:12.629+0000] {spark_submit.py:495} INFO - 23/01/30 10:58:12 INFO Utils: Successfully started service 'SparkUI' on port 4043.
[2023-01-30T10:58:12.932+0000] {spark_submit.py:495} INFO - 23/01/30 10:58:12 INFO SparkContext: Added JAR /opt/spark/jars/gcs-connector-hadoop3-latest.jar at spark://5b6f5d29e531:39495/jars/gcs-connector-hadoop3-latest.jar with timestamp 1675076285950
[2023-01-30T10:58:12.933+0000] {spark_submit.py:495} INFO - 23/01/30 10:58:12 INFO SparkContext: Added JAR /opt/spark/jars/spark-bigquery-with-dependencies_2.13-0.27.1.jar at spark://5b6f5d29e531:39495/jars/spark-bigquery-with-dependencies_2.13-0.27.1.jar with timestamp 1675076285950
[2023-01-30T10:58:13.553+0000] {spark_submit.py:495} INFO - 23/01/30 10:58:13 INFO Executor: Starting executor ID driver on host 5b6f5d29e531
[2023-01-30T10:58:13.573+0000] {spark_submit.py:495} INFO - 23/01/30 10:58:13 INFO Executor: Starting executor with user classpath (userClassPathFirst = false): ''
[2023-01-30T10:58:13.610+0000] {spark_submit.py:495} INFO - 23/01/30 10:58:13 INFO Executor: Fetching spark://5b6f5d29e531:39495/jars/gcs-connector-hadoop3-latest.jar with timestamp 1675076285950
[2023-01-30T10:58:13.851+0000] {spark_submit.py:495} INFO - 23/01/30 10:58:13 INFO TransportClientFactory: Successfully created connection to 5b6f5d29e531/172.21.0.7:39495 after 180 ms (0 ms spent in bootstraps)
[2023-01-30T10:58:13.913+0000] {spark_submit.py:495} INFO - 23/01/30 10:58:13 INFO Utils: Fetching spark://5b6f5d29e531:39495/jars/gcs-connector-hadoop3-latest.jar to /tmp/spark-f0042367-faa3-44cb-900d-1492d8bca6e2/userFiles-eb2ed8ed-a8ad-4af8-9e3b-80b4c7639142/fetchFileTemp8652461053515511426.tmp
[2023-01-30T10:58:17.352+0000] {spark_submit.py:495} INFO - 23/01/30 10:58:17 INFO Executor: Adding file:/tmp/spark-f0042367-faa3-44cb-900d-1492d8bca6e2/userFiles-eb2ed8ed-a8ad-4af8-9e3b-80b4c7639142/gcs-connector-hadoop3-latest.jar to class loader
[2023-01-30T10:58:17.359+0000] {spark_submit.py:495} INFO - 23/01/30 10:58:17 INFO Executor: Fetching spark://5b6f5d29e531:39495/jars/spark-bigquery-with-dependencies_2.13-0.27.1.jar with timestamp 1675076285950
[2023-01-30T10:58:17.403+0000] {spark_submit.py:495} INFO - 23/01/30 10:58:17 INFO Utils: Fetching spark://5b6f5d29e531:39495/jars/spark-bigquery-with-dependencies_2.13-0.27.1.jar to /tmp/spark-f0042367-faa3-44cb-900d-1492d8bca6e2/userFiles-eb2ed8ed-a8ad-4af8-9e3b-80b4c7639142/fetchFileTemp7464043833996230528.tmp
[2023-01-30T10:58:19.559+0000] {spark_submit.py:495} INFO - 23/01/30 10:58:19 INFO Executor: Adding file:/tmp/spark-f0042367-faa3-44cb-900d-1492d8bca6e2/userFiles-eb2ed8ed-a8ad-4af8-9e3b-80b4c7639142/spark-bigquery-with-dependencies_2.13-0.27.1.jar to class loader
[2023-01-30T10:58:19.682+0000] {spark_submit.py:495} INFO - 23/01/30 10:58:19 INFO Utils: Successfully started service 'org.apache.spark.network.netty.NettyBlockTransferService' on port 34483.
[2023-01-30T10:58:19.683+0000] {spark_submit.py:495} INFO - 23/01/30 10:58:19 INFO NettyBlockTransferService: Server created on 5b6f5d29e531:34483
[2023-01-30T10:58:19.695+0000] {spark_submit.py:495} INFO - 23/01/30 10:58:19 INFO BlockManager: Using org.apache.spark.storage.RandomBlockReplicationPolicy for block replication policy
[2023-01-30T10:58:19.797+0000] {spark_submit.py:495} INFO - 23/01/30 10:58:19 INFO BlockManagerMaster: Registering BlockManager BlockManagerId(driver, 5b6f5d29e531, 34483, None)
[2023-01-30T10:58:19.827+0000] {spark_submit.py:495} INFO - 23/01/30 10:58:19 INFO BlockManagerMasterEndpoint: Registering block manager 5b6f5d29e531:34483 with 434.4 MiB RAM, BlockManagerId(driver, 5b6f5d29e531, 34483, None)
[2023-01-30T10:58:19.850+0000] {spark_submit.py:495} INFO - 23/01/30 10:58:19 INFO BlockManagerMaster: Registered BlockManager BlockManagerId(driver, 5b6f5d29e531, 34483, None)
[2023-01-30T10:58:19.879+0000] {spark_submit.py:495} INFO - 23/01/30 10:58:19 INFO BlockManager: Initialized BlockManager: BlockManagerId(driver, 5b6f5d29e531, 34483, None)
[2023-01-30T10:58:27.262+0000] {spark_submit.py:495} INFO - 23/01/30 10:58:27 INFO SharedState: Setting hive.metastore.warehouse.dir ('null') to the value of spark.sql.warehouse.dir.
[2023-01-30T10:58:27.308+0000] {spark_submit.py:495} INFO - 23/01/30 10:58:27 INFO SharedState: Warehouse path is 'file:/opt/***/spark-warehouse'.
[2023-01-30T10:58:48.511+0000] {spark_submit.py:495} INFO - Traceback (most recent call last):
[2023-01-30T10:58:48.514+0000] {spark_submit.py:495} INFO - File "/opt/***/plugins/scripts/transform_raw_staging.py", line 233, in <module>
[2023-01-30T10:58:48.514+0000] {spark_submit.py:495} INFO - main(metrics_label=metrics_label, start=start, end=end, country_code=country_code)
[2023-01-30T10:58:48.514+0000] {spark_submit.py:495} INFO - File "/opt/***/plugins/scripts/transform_raw_staging.py", line 220, in main
[2023-01-30T10:58:48.515+0000] {spark_submit.py:495} INFO - run_method = method(metrics_label, start, end, country_code, **params)
[2023-01-30T10:58:48.515+0000] {spark_submit.py:495} INFO - File "/opt/***/plugins/scripts/transform_raw_staging.py", line 176, in transform_generation
[2023-01-30T10:58:48.515+0000] {spark_submit.py:495} INFO - full_df = self._base_timeseries(metrics_label, start, end, country_code)
[2023-01-30T10:58:48.516+0000] {spark_submit.py:495} INFO - File "/opt/***/plugins/scripts/transform_raw_staging.py", line 82, in _base_timeseries
[2023-01-30T10:58:48.516+0000] {spark_submit.py:495} INFO - raise e
[2023-01-30T10:58:48.516+0000] {spark_submit.py:495} INFO - File "/opt/***/plugins/scripts/transform_raw_staging.py", line 79, in _base_timeseries
[2023-01-30T10:58:48.527+0000] {spark_submit.py:495} INFO - .load(path)
[2023-01-30T10:58:48.528+0000] {spark_submit.py:495} INFO - File "/opt/spark/python/lib/pyspark.zip/pyspark/sql/readwriter.py", line 177, in load
[2023-01-30T10:58:48.528+0000] {spark_submit.py:495} INFO - File "/opt/spark/python/lib/py4j-0.10.9.5-src.zip/py4j/java_gateway.py", line 1321, in __call__
[2023-01-30T10:58:48.529+0000] {spark_submit.py:495} INFO - File "/opt/spark/python/lib/pyspark.zip/pyspark/sql/utils.py", line 196, in deco
[2023-01-30T10:58:48.566+0000] {spark_submit.py:495} INFO - pyspark.sql.utils.AnalysisException: Path does not exist: gs://entsoe_analytics_1009/TEST_total_generation__DE_TENNET__202101010200__202101010300.json
[2023-01-30T10:58:49.525+0000] {spark_submit.py:495} INFO - 23/01/30 10:58:49 INFO SparkContext: Invoking stop() from shutdown hook
[2023-01-30T10:58:49.690+0000] {spark_submit.py:495} INFO - 23/01/30 10:58:49 INFO SparkUI: Stopped Spark web UI at http://5b6f5d29e531:4043
[2023-01-30T10:58:49.964+0000] {spark_submit.py:495} INFO - 23/01/30 10:58:49 INFO MapOutputTrackerMasterEndpoint: MapOutputTrackerMasterEndpoint stopped!
[2023-01-30T10:58:50.050+0000] {spark_submit.py:495} INFO - 23/01/30 10:58:50 INFO MemoryStore: MemoryStore cleared
[2023-01-30T10:58:50.054+0000] {spark_submit.py:495} INFO - 23/01/30 10:58:50 INFO BlockManager: BlockManager stopped
[2023-01-30T10:58:50.107+0000] {spark_submit.py:495} INFO - 23/01/30 10:58:50 INFO BlockManagerMaster: BlockManagerMaster stopped
[2023-01-30T10:58:50.118+0000] {spark_submit.py:495} INFO - 23/01/30 10:58:50 INFO OutputCommitCoordinator$OutputCommitCoordinatorEndpoint: OutputCommitCoordinator stopped!
[2023-01-30T10:58:50.188+0000] {spark_submit.py:495} INFO - 23/01/30 10:58:50 INFO SparkContext: Successfully stopped SparkContext
[2023-01-30T10:58:50.189+0000] {spark_submit.py:495} INFO - 23/01/30 10:58:50 INFO ShutdownHookManager: Shutdown hook called
[2023-01-30T10:58:50.199+0000] {spark_submit.py:495} INFO - 23/01/30 10:58:50 INFO ShutdownHookManager: Deleting directory /tmp/spark-f0042367-faa3-44cb-900d-1492d8bca6e2
[2023-01-30T10:58:50.231+0000] {spark_submit.py:495} INFO - 23/01/30 10:58:50 INFO ShutdownHookManager: Deleting directory /tmp/spark-f0042367-faa3-44cb-900d-1492d8bca6e2/pyspark-dc66a5ec-220d-438b-a812-60e8d762787f
[2023-01-30T10:58:50.253+0000] {spark_submit.py:495} INFO - 23/01/30 10:58:50 INFO ShutdownHookManager: Deleting directory /tmp/spark-e1ae3983-7ee9-4376-8b70-07914ed9a924
[2023-01-30T10:58:50.583+0000] {taskinstance.py:1772} ERROR - Task failed with exception
Traceback (most recent call last):
  File "/home/airflow/.local/lib/python3.10/site-packages/airflow/providers/apache/spark/operators/spark_submit.py", line 157, in execute
    self._hook.submit(self._application)
  File "/home/airflow/.local/lib/python3.10/site-packages/airflow/providers/apache/spark/hooks/spark_submit.py", line 426, in submit
    raise AirflowException(
airflow.exceptions.AirflowException: Cannot execute: spark-submit --master local --name arrow-spark /opt/***/plugins/scripts/transform_raw_staging.py total_generation 202101010200 202101010300 DE_TENNET. Error code is: 1.
[2023-01-30T10:58:50.595+0000] {taskinstance.py:1322} INFO - Marking task as UP_FOR_RETRY. dag_id=entsoe-energydata, task_id=stage_total_generation, execution_date=20210101T020000, start_date=20230130T105728, end_date=20230130T105850
[2023-01-30T10:58:50.669+0000] {standard_task_runner.py:100} ERROR - Failed to execute job 545 for task stage_total_generation (Cannot execute: spark-submit --master local --name arrow-spark /opt/***/plugins/scripts/transform_raw_staging.py total_generation 202101010200 202101010300 DE_TENNET. Error code is: 1.; 490)
[2023-01-30T10:58:50.756+0000] {local_task_job.py:159} INFO - Task exited with return code 1
[2023-01-30T10:58:50.819+0000] {taskinstance.py:2582} INFO - 0 downstream tasks scheduled from follow-on schedule check
