[2023-01-31T01:46:16.831+0000] {taskinstance.py:1087} INFO - Dependencies all met for <TaskInstance: entsoe-energydata.stage_total_generation scheduled__2021-01-01T02:00:00+00:00 [queued]>
[2023-01-31T01:46:17.033+0000] {taskinstance.py:1087} INFO - Dependencies all met for <TaskInstance: entsoe-energydata.stage_total_generation scheduled__2021-01-01T02:00:00+00:00 [queued]>
[2023-01-31T01:46:17.035+0000] {taskinstance.py:1283} INFO - 
--------------------------------------------------------------------------------
[2023-01-31T01:46:17.036+0000] {taskinstance.py:1284} INFO - Starting attempt 4 of 4
[2023-01-31T01:46:17.036+0000] {taskinstance.py:1285} INFO - 
--------------------------------------------------------------------------------
[2023-01-31T01:46:17.270+0000] {taskinstance.py:1304} INFO - Executing <Task(SparkSubmitOperator): stage_total_generation> on 2021-01-01 02:00:00+00:00
[2023-01-31T01:46:17.337+0000] {standard_task_runner.py:55} INFO - Started process 11773 to run task
[2023-01-31T01:46:17.382+0000] {standard_task_runner.py:82} INFO - Running: ['***', 'tasks', 'run', 'entsoe-energydata', 'stage_total_generation', 'scheduled__2021-01-01T02:00:00+00:00', '--job-id', '758', '--raw', '--subdir', 'DAGS_FOLDER/ingestion_energydata_dag.py', '--cfg-path', '/tmp/tmp53vjseqt']
[2023-01-31T01:46:17.393+0000] {standard_task_runner.py:83} INFO - Job 758: Subtask stage_total_generation
[2023-01-31T01:46:18.204+0000] {task_command.py:389} INFO - Running <TaskInstance: entsoe-energydata.stage_total_generation scheduled__2021-01-01T02:00:00+00:00 [running]> on host 767c6fe0d003
[2023-01-31T01:46:19.083+0000] {taskinstance.py:1511} INFO - Exporting the following env vars:
AIRFLOW_CTX_DAG_OWNER=rafzul
AIRFLOW_CTX_DAG_ID=entsoe-energydata
AIRFLOW_CTX_TASK_ID=stage_total_generation
AIRFLOW_CTX_EXECUTION_DATE=2021-01-01T02:00:00+00:00
AIRFLOW_CTX_TRY_NUMBER=4
AIRFLOW_CTX_DAG_RUN_ID=scheduled__2021-01-01T02:00:00+00:00
[2023-01-31T01:46:19.308+0000] {base.py:73} INFO - Using connection ID 'spark_local' for task execution.
[2023-01-31T01:46:19.310+0000] {spark_submit.py:344} INFO - Spark-Submit cmd: spark-submit --master local --name arrow-spark /opt/***/plugins/scripts/transform_raw_staging.py total_generation 202101010200 202101010300 DE_TENNET
