[2023-01-17T16:50:13.457+0000] {taskinstance.py:1087} INFO - Dependencies all met for <TaskInstance: ingestion-energydata.extract_generation scheduled__2021-01-01T02:00:00+00:00 [queued]>
[2023-01-17T16:50:13.575+0000] {taskinstance.py:1087} INFO - Dependencies all met for <TaskInstance: ingestion-energydata.extract_generation scheduled__2021-01-01T02:00:00+00:00 [queued]>
[2023-01-17T16:50:13.576+0000] {taskinstance.py:1283} INFO - 
--------------------------------------------------------------------------------
[2023-01-17T16:50:13.577+0000] {taskinstance.py:1284} INFO - Starting attempt 1 of 4
[2023-01-17T16:50:13.577+0000] {taskinstance.py:1285} INFO - 
--------------------------------------------------------------------------------
[2023-01-17T16:50:13.820+0000] {taskinstance.py:1304} INFO - Executing <Task(PythonOperator): extract_generation> on 2021-01-01 02:00:00+00:00
[2023-01-17T16:50:13.923+0000] {standard_task_runner.py:55} INFO - Started process 1392 to run task
[2023-01-17T16:50:13.989+0000] {standard_task_runner.py:82} INFO - Running: ['***', 'tasks', 'run', 'ingestion-energydata', 'extract_generation', 'scheduled__2021-01-01T02:00:00+00:00', '--job-id', '20', '--raw', '--subdir', 'DAGS_FOLDER/ingestion_energydata_dag.py', '--cfg-path', '/tmp/tmpzgcm5vct']
[2023-01-17T16:50:14.060+0000] {standard_task_runner.py:83} INFO - Job 20: Subtask extract_generation
[2023-01-17T16:50:15.043+0000] {task_command.py:389} INFO - Running <TaskInstance: ingestion-energydata.extract_generation scheduled__2021-01-01T02:00:00+00:00 [running]> on host 60e8e9877e7a
[2023-01-17T16:50:15.689+0000] {taskinstance.py:1511} INFO - Exporting the following env vars:
AIRFLOW_CTX_DAG_OWNER=rafzul
AIRFLOW_CTX_DAG_ID=ingestion-energydata
AIRFLOW_CTX_TASK_ID=extract_generation
AIRFLOW_CTX_EXECUTION_DATE=2021-01-01T02:00:00+00:00
AIRFLOW_CTX_TRY_NUMBER=1
AIRFLOW_CTX_DAG_RUN_ID=scheduled__2021-01-01T02:00:00+00:00
[2023-01-17T16:50:17.543+0000] {crypto.py:83} WARNING - empty cryptography key - values will not be stored encrypted.
[2023-01-17T16:50:17.544+0000] {base.py:73} INFO - Using connection ID 'google_cloud_default' for task execution.
[2023-01-17T16:50:17.944+0000] {python.py:177} INFO - Done. Returned value was: None
[2023-01-17T16:50:17.978+0000] {taskinstance.py:1322} INFO - Marking task as SUCCESS. dag_id=ingestion-energydata, task_id=extract_generation, execution_date=20210101T020000, start_date=20230117T165013, end_date=20230117T165017
[2023-01-17T16:50:18.066+0000] {local_task_job.py:159} INFO - Task exited with return code 0
[2023-01-17T16:50:18.127+0000] {taskinstance.py:2582} INFO - 0 downstream tasks scheduled from follow-on schedule check
[2023-01-17T19:02:43.431+0000] {taskinstance.py:1087} INFO - Dependencies all met for <TaskInstance: ingestion-energydata.extract_generation scheduled__2021-01-01T02:00:00+00:00 [queued]>
[2023-01-17T19:02:43.506+0000] {taskinstance.py:1087} INFO - Dependencies all met for <TaskInstance: ingestion-energydata.extract_generation scheduled__2021-01-01T02:00:00+00:00 [queued]>
[2023-01-17T19:02:43.507+0000] {taskinstance.py:1283} INFO - 
--------------------------------------------------------------------------------
[2023-01-17T19:02:43.507+0000] {taskinstance.py:1284} INFO - Starting attempt 1 of 4
[2023-01-17T19:02:43.507+0000] {taskinstance.py:1285} INFO - 
--------------------------------------------------------------------------------
[2023-01-17T19:02:43.563+0000] {taskinstance.py:1304} INFO - Executing <Task(PythonOperator): extract_generation> on 2021-01-01 02:00:00+00:00
[2023-01-17T19:02:43.601+0000] {standard_task_runner.py:55} INFO - Started process 9569 to run task
[2023-01-17T19:02:43.679+0000] {standard_task_runner.py:82} INFO - Running: ['***', 'tasks', 'run', 'ingestion-energydata', 'extract_generation', 'scheduled__2021-01-01T02:00:00+00:00', '--job-id', '34', '--raw', '--subdir', 'DAGS_FOLDER/ingestion_energydata_dag.py', '--cfg-path', '/tmp/tmpyib03gd6']
[2023-01-17T19:02:43.684+0000] {standard_task_runner.py:83} INFO - Job 34: Subtask extract_generation
[2023-01-17T19:02:43.918+0000] {task_command.py:389} INFO - Running <TaskInstance: ingestion-energydata.extract_generation scheduled__2021-01-01T02:00:00+00:00 [running]> on host 60e8e9877e7a
[2023-01-17T19:02:44.095+0000] {taskinstance.py:1511} INFO - Exporting the following env vars:
AIRFLOW_CTX_DAG_OWNER=rafzul
AIRFLOW_CTX_DAG_ID=ingestion-energydata
AIRFLOW_CTX_TASK_ID=extract_generation
AIRFLOW_CTX_EXECUTION_DATE=2021-01-01T02:00:00+00:00
AIRFLOW_CTX_TRY_NUMBER=1
AIRFLOW_CTX_DAG_RUN_ID=scheduled__2021-01-01T02:00:00+00:00
[2023-01-17T19:02:45.598+0000] {crypto.py:83} WARNING - empty cryptography key - values will not be stored encrypted.
[2023-01-17T19:02:45.599+0000] {base.py:73} INFO - Using connection ID 'google_cloud_default' for task execution.
[2023-01-17T19:02:45.946+0000] {python.py:177} INFO - Done. Returned value was: None
[2023-01-17T19:02:45.963+0000] {taskinstance.py:1322} INFO - Marking task as SUCCESS. dag_id=ingestion-energydata, task_id=extract_generation, execution_date=20210101T020000, start_date=20230117T190243, end_date=20230117T190245
[2023-01-17T19:02:46.014+0000] {local_task_job.py:159} INFO - Task exited with return code 0
[2023-01-17T19:02:46.060+0000] {taskinstance.py:2582} INFO - 0 downstream tasks scheduled from follow-on schedule check
