[2023-01-31T12:06:47.885+0000] {taskinstance.py:1087} INFO - Dependencies all met for <TaskInstance: entsoe-energydata-backfill.stage_total_generation scheduled__2021-01-01T02:00:00+00:00 [queued]>
[2023-01-31T12:06:47.909+0000] {taskinstance.py:1087} INFO - Dependencies all met for <TaskInstance: entsoe-energydata-backfill.stage_total_generation scheduled__2021-01-01T02:00:00+00:00 [queued]>
[2023-01-31T12:06:47.910+0000] {taskinstance.py:1283} INFO - 
--------------------------------------------------------------------------------
[2023-01-31T12:06:47.910+0000] {taskinstance.py:1284} INFO - Starting attempt 2 of 4
[2023-01-31T12:06:47.911+0000] {taskinstance.py:1285} INFO - 
--------------------------------------------------------------------------------
[2023-01-31T12:06:48.012+0000] {taskinstance.py:1304} INFO - Executing <Task(SparkSubmitOperator): stage_total_generation> on 2021-01-01 02:00:00+00:00
[2023-01-31T12:06:48.033+0000] {standard_task_runner.py:55} INFO - Started process 456 to run task
[2023-01-31T12:06:48.066+0000] {standard_task_runner.py:82} INFO - Running: ['***', 'tasks', 'run', 'entsoe-energydata-backfill', 'stage_total_generation', 'scheduled__2021-01-01T02:00:00+00:00', '--job-id', '986', '--raw', '--subdir', 'DAGS_FOLDER/ingestion_energydata_dag.py', '--cfg-path', '/tmp/tmpeuof9vln']
[2023-01-31T12:06:48.072+0000] {standard_task_runner.py:83} INFO - Job 986: Subtask stage_total_generation
[2023-01-31T12:06:48.343+0000] {task_command.py:389} INFO - Running <TaskInstance: entsoe-energydata-backfill.stage_total_generation scheduled__2021-01-01T02:00:00+00:00 [running]> on host 8124f810dec3
[2023-01-31T12:06:48.532+0000] {taskinstance.py:1511} INFO - Exporting the following env vars:
AIRFLOW_CTX_DAG_OWNER=rafzul
AIRFLOW_CTX_DAG_ID=entsoe-energydata-backfill
AIRFLOW_CTX_TASK_ID=stage_total_generation
AIRFLOW_CTX_EXECUTION_DATE=2021-01-01T02:00:00+00:00
AIRFLOW_CTX_TRY_NUMBER=2
AIRFLOW_CTX_DAG_RUN_ID=scheduled__2021-01-01T02:00:00+00:00
[2023-01-31T12:06:48.573+0000] {base.py:73} INFO - Using connection ID 'spark_local' for task execution.
[2023-01-31T12:06:48.575+0000] {taskinstance.py:1772} ERROR - Task failed with exception
Traceback (most recent call last):
  File "/home/airflow/.local/lib/python3.10/site-packages/airflow/providers/apache/spark/operators/spark_submit.py", line 157, in execute
    self._hook.submit(self._application)
  File "/home/airflow/.local/lib/python3.10/site-packages/airflow/providers/apache/spark/hooks/spark_submit.py", line 398, in submit
    spark_submit_cmd = self._build_spark_submit_command(application)
  File "/home/airflow/.local/lib/python3.10/site-packages/airflow/providers/apache/spark/hooks/spark_submit.py", line 344, in _build_spark_submit_command
    self.log.info("Spark-Submit cmd: %s", self._mask_cmd(connection_cmd))
  File "/home/airflow/.local/lib/python3.10/site-packages/airflow/providers/apache/spark/hooks/spark_submit.py", line 256, in _mask_cmd
    " ".join(connection_cmd),
TypeError: sequence item 10: expected str instance, DateTime found
[2023-01-31T12:06:48.616+0000] {taskinstance.py:1322} INFO - Marking task as UP_FOR_RETRY. dag_id=entsoe-energydata-backfill, task_id=stage_total_generation, execution_date=20210101T020000, start_date=20230131T120647, end_date=20230131T120648
[2023-01-31T12:06:48.639+0000] {standard_task_runner.py:100} ERROR - Failed to execute job 986 for task stage_total_generation (sequence item 10: expected str instance, DateTime found; 456)
[2023-01-31T12:06:48.689+0000] {local_task_job.py:159} INFO - Task exited with return code 1
[2023-01-31T12:06:48.737+0000] {taskinstance.py:2582} INFO - 0 downstream tasks scheduled from follow-on schedule check
[2023-01-31T12:29:59.950+0000] {taskinstance.py:1087} INFO - Dependencies all met for <TaskInstance: entsoe-energydata-backfill.stage_total_generation scheduled__2021-01-01T02:00:00+00:00 [queued]>
[2023-01-31T12:29:59.995+0000] {taskinstance.py:1087} INFO - Dependencies all met for <TaskInstance: entsoe-energydata-backfill.stage_total_generation scheduled__2021-01-01T02:00:00+00:00 [queued]>
[2023-01-31T12:29:59.996+0000] {taskinstance.py:1283} INFO - 
--------------------------------------------------------------------------------
[2023-01-31T12:29:59.996+0000] {taskinstance.py:1284} INFO - Starting attempt 2 of 4
[2023-01-31T12:29:59.997+0000] {taskinstance.py:1285} INFO - 
--------------------------------------------------------------------------------
[2023-01-31T12:30:00.050+0000] {taskinstance.py:1304} INFO - Executing <Task(SparkSubmitOperator): stage_total_generation> on 2021-01-01 02:00:00+00:00
[2023-01-31T12:30:00.101+0000] {standard_task_runner.py:55} INFO - Started process 102 to run task
[2023-01-31T12:30:00.128+0000] {standard_task_runner.py:82} INFO - Running: ['***', 'tasks', 'run', 'entsoe-energydata-backfill', 'stage_total_generation', 'scheduled__2021-01-01T02:00:00+00:00', '--job-id', '1011', '--raw', '--subdir', 'DAGS_FOLDER/ingestion_energydata_dag.py', '--cfg-path', '/tmp/tmpzb_zmmoq']
[2023-01-31T12:30:00.138+0000] {standard_task_runner.py:83} INFO - Job 1011: Subtask stage_total_generation
[2023-01-31T12:30:00.442+0000] {task_command.py:389} INFO - Running <TaskInstance: entsoe-energydata-backfill.stage_total_generation scheduled__2021-01-01T02:00:00+00:00 [running]> on host 213f57d06c83
[2023-01-31T12:30:00.862+0000] {taskinstance.py:1511} INFO - Exporting the following env vars:
AIRFLOW_CTX_DAG_OWNER=rafzul
AIRFLOW_CTX_DAG_ID=entsoe-energydata-backfill
AIRFLOW_CTX_TASK_ID=stage_total_generation
AIRFLOW_CTX_EXECUTION_DATE=2021-01-01T02:00:00+00:00
AIRFLOW_CTX_TRY_NUMBER=2
AIRFLOW_CTX_DAG_RUN_ID=scheduled__2021-01-01T02:00:00+00:00
[2023-01-31T12:30:00.896+0000] {base.py:73} INFO - Using connection ID 'spark_local' for task execution.
[2023-01-31T12:30:00.900+0000] {spark_submit.py:344} INFO - Spark-Submit cmd: spark-submit --master local --name arrow-spark /opt/***/plugins/scripts/transform_raw_staging.py total_generation 202101010200 202101010300 DE_TENNET 202101010000 202101010600
[2023-01-31T12:30:37.286+0000] {spark_submit.py:495} INFO - mulai periode: 202101010000
[2023-01-31T12:30:37.288+0000] {spark_submit.py:495} INFO - selesai periode: 202101010600
[2023-01-31T12:30:38.002+0000] {spark_submit.py:495} INFO - 23/01/31 12:30:37 INFO SparkContext: Running Spark version 3.3.1
[2023-01-31T12:30:39.370+0000] {spark_submit.py:495} INFO - 23/01/31 12:30:39 WARN NativeCodeLoader: Unable to load native-hadoop library for your platform... using builtin-java classes where applicable
[2023-01-31T12:30:41.192+0000] {spark_submit.py:495} INFO - 23/01/31 12:30:41 INFO ResourceUtils: ==============================================================
[2023-01-31T12:30:41.194+0000] {spark_submit.py:495} INFO - 23/01/31 12:30:41 INFO ResourceUtils: No custom resources configured for spark.driver.
[2023-01-31T12:30:41.217+0000] {spark_submit.py:495} INFO - 23/01/31 12:30:41 INFO ResourceUtils: ==============================================================
[2023-01-31T12:30:41.220+0000] {spark_submit.py:495} INFO - 23/01/31 12:30:41 INFO SparkContext: Submitted application: gcp_playground
[2023-01-31T12:30:41.434+0000] {spark_submit.py:495} INFO - 23/01/31 12:30:41 INFO ResourceProfile: Default ResourceProfile created, executor resources: Map(cores -> name: cores, amount: 1, script: , vendor: , memory -> name: memory, amount: 1024, script: , vendor: , offHeap -> name: offHeap, amount: 0, script: , vendor: ), task resources: Map(cpus -> name: cpus, amount: 1.0)
[2023-01-31T12:30:41.487+0000] {spark_submit.py:495} INFO - 23/01/31 12:30:41 INFO ResourceProfile: Limiting resource is cpu
[2023-01-31T12:30:41.495+0000] {spark_submit.py:495} INFO - 23/01/31 12:30:41 INFO ResourceProfileManager: Added ResourceProfile id: 0
[2023-01-31T12:30:42.297+0000] {spark_submit.py:495} INFO - 23/01/31 12:30:42 INFO SecurityManager: Changing view acls to: ***
[2023-01-31T12:30:42.299+0000] {spark_submit.py:495} INFO - 23/01/31 12:30:42 INFO SecurityManager: Changing modify acls to: ***
[2023-01-31T12:30:42.308+0000] {spark_submit.py:495} INFO - 23/01/31 12:30:42 INFO SecurityManager: Changing view acls groups to:
[2023-01-31T12:30:42.316+0000] {spark_submit.py:495} INFO - 23/01/31 12:30:42 INFO SecurityManager: Changing modify acls groups to:
[2023-01-31T12:30:42.326+0000] {spark_submit.py:495} INFO - 23/01/31 12:30:42 INFO SecurityManager: SecurityManager: authentication disabled; ui acls disabled; users  with view permissions: Set(***); groups with view permissions: Set(); users  with modify permissions: Set(***); groups with modify permissions: Set()
[2023-01-31T12:30:45.129+0000] {spark_submit.py:495} INFO - 23/01/31 12:30:45 INFO Utils: Successfully started service 'sparkDriver' on port 33247.
[2023-01-31T12:30:45.317+0000] {spark_submit.py:495} INFO - 23/01/31 12:30:45 INFO SparkEnv: Registering MapOutputTracker
[2023-01-31T12:30:45.891+0000] {spark_submit.py:495} INFO - 23/01/31 12:30:45 INFO SparkEnv: Registering BlockManagerMaster
[2023-01-31T12:30:46.675+0000] {spark_submit.py:495} INFO - 23/01/31 12:30:46 INFO BlockManagerMasterEndpoint: Using org.apache.spark.storage.DefaultTopologyMapper for getting topology information
[2023-01-31T12:30:46.705+0000] {spark_submit.py:495} INFO - 23/01/31 12:30:46 INFO BlockManagerMasterEndpoint: BlockManagerMasterEndpoint up
[2023-01-31T12:30:46.844+0000] {spark_submit.py:495} INFO - 23/01/31 12:30:46 INFO SparkEnv: Registering BlockManagerMasterHeartbeat
[2023-01-31T12:30:47.789+0000] {spark_submit.py:495} INFO - 23/01/31 12:30:47 INFO DiskBlockManager: Created local directory at /tmp/blockmgr-55ae08bb-09a5-4a86-b558-d23eb26811c3
[2023-01-31T12:30:48.236+0000] {spark_submit.py:495} INFO - 23/01/31 12:30:48 INFO MemoryStore: MemoryStore started with capacity 434.4 MiB
[2023-01-31T12:30:48.648+0000] {spark_submit.py:495} INFO - 23/01/31 12:30:48 INFO SparkEnv: Registering OutputCommitCoordinator
[2023-01-31T12:30:51.674+0000] {spark_submit.py:495} INFO - 23/01/31 12:30:51 WARN Utils: Service 'SparkUI' could not bind on port 4040. Attempting port 4041.
[2023-01-31T12:30:51.682+0000] {spark_submit.py:495} INFO - 23/01/31 12:30:51 WARN Utils: Service 'SparkUI' could not bind on port 4041. Attempting port 4042.
[2023-01-31T12:30:51.692+0000] {spark_submit.py:495} INFO - 23/01/31 12:30:51 WARN Utils: Service 'SparkUI' could not bind on port 4042. Attempting port 4043.
[2023-01-31T12:30:51.715+0000] {spark_submit.py:495} INFO - 23/01/31 12:30:51 WARN Utils: Service 'SparkUI' could not bind on port 4043. Attempting port 4044.
[2023-01-31T12:30:51.720+0000] {spark_submit.py:495} INFO - 23/01/31 12:30:51 WARN Utils: Service 'SparkUI' could not bind on port 4044. Attempting port 4045.
[2023-01-31T12:30:51.835+0000] {spark_submit.py:495} INFO - 23/01/31 12:30:51 INFO Utils: Successfully started service 'SparkUI' on port 4045.
[2023-01-31T12:30:52.569+0000] {spark_submit.py:495} INFO - 23/01/31 12:30:52 INFO SparkContext: Added JAR /opt/spark/jars/gcs-connector-hadoop3-latest.jar at spark://213f57d06c83:33247/jars/gcs-connector-hadoop3-latest.jar with timestamp 1675168237966
[2023-01-31T12:30:52.576+0000] {spark_submit.py:495} INFO - 23/01/31 12:30:52 INFO SparkContext: Added JAR /opt/spark/jars/spark-bigquery-with-dependencies_2.13-0.27.1.jar at spark://213f57d06c83:33247/jars/spark-bigquery-with-dependencies_2.13-0.27.1.jar with timestamp 1675168237966
[2023-01-31T12:30:53.842+0000] {spark_submit.py:495} INFO - 23/01/31 12:30:53 INFO Executor: Starting executor ID driver on host 213f57d06c83
[2023-01-31T12:30:53.895+0000] {spark_submit.py:495} INFO - 23/01/31 12:30:53 INFO Executor: Starting executor with user classpath (userClassPathFirst = false): ''
[2023-01-31T12:30:54.139+0000] {spark_submit.py:495} INFO - 23/01/31 12:30:54 INFO Executor: Fetching spark://213f57d06c83:33247/jars/spark-bigquery-with-dependencies_2.13-0.27.1.jar with timestamp 1675168237966
[2023-01-31T12:30:55.151+0000] {spark_submit.py:495} INFO - 23/01/31 12:30:55 INFO TransportClientFactory: Successfully created connection to 213f57d06c83/172.21.0.8:33247 after 670 ms (0 ms spent in bootstraps)
[2023-01-31T12:30:55.249+0000] {spark_submit.py:495} INFO - 23/01/31 12:30:55 INFO Utils: Fetching spark://213f57d06c83:33247/jars/spark-bigquery-with-dependencies_2.13-0.27.1.jar to /tmp/spark-d7fe2cec-4310-4443-b03e-b256f2187f06/userFiles-b25c4ecb-ef6b-41f7-968e-f009a4cdbde4/fetchFileTemp27342618877435288.tmp
[2023-01-31T12:30:58.058+0000] {spark_submit.py:495} INFO - 23/01/31 12:30:58 INFO Executor: Adding file:/tmp/spark-d7fe2cec-4310-4443-b03e-b256f2187f06/userFiles-b25c4ecb-ef6b-41f7-968e-f009a4cdbde4/spark-bigquery-with-dependencies_2.13-0.27.1.jar to class loader
[2023-01-31T12:30:58.063+0000] {spark_submit.py:495} INFO - 23/01/31 12:30:58 INFO Executor: Fetching spark://213f57d06c83:33247/jars/gcs-connector-hadoop3-latest.jar with timestamp 1675168237966
[2023-01-31T12:30:58.063+0000] {spark_submit.py:495} INFO - 23/01/31 12:30:58 INFO Utils: Fetching spark://213f57d06c83:33247/jars/gcs-connector-hadoop3-latest.jar to /tmp/spark-d7fe2cec-4310-4443-b03e-b256f2187f06/userFiles-b25c4ecb-ef6b-41f7-968e-f009a4cdbde4/fetchFileTemp10619779399085811104.tmp
[2023-01-31T12:30:59.558+0000] {spark_submit.py:495} INFO - 23/01/31 12:30:59 INFO Executor: Adding file:/tmp/spark-d7fe2cec-4310-4443-b03e-b256f2187f06/userFiles-b25c4ecb-ef6b-41f7-968e-f009a4cdbde4/gcs-connector-hadoop3-latest.jar to class loader
[2023-01-31T12:30:59.675+0000] {spark_submit.py:495} INFO - 23/01/31 12:30:59 INFO Utils: Successfully started service 'org.apache.spark.network.netty.NettyBlockTransferService' on port 37355.
[2023-01-31T12:30:59.676+0000] {spark_submit.py:495} INFO - 23/01/31 12:30:59 INFO NettyBlockTransferService: Server created on 213f57d06c83:37355
[2023-01-31T12:30:59.682+0000] {spark_submit.py:495} INFO - 23/01/31 12:30:59 INFO BlockManager: Using org.apache.spark.storage.RandomBlockReplicationPolicy for block replication policy
[2023-01-31T12:30:59.808+0000] {spark_submit.py:495} INFO - 23/01/31 12:30:59 INFO BlockManagerMaster: Registering BlockManager BlockManagerId(driver, 213f57d06c83, 37355, None)
[2023-01-31T12:30:59.876+0000] {spark_submit.py:495} INFO - 23/01/31 12:30:59 INFO BlockManagerMasterEndpoint: Registering block manager 213f57d06c83:37355 with 434.4 MiB RAM, BlockManagerId(driver, 213f57d06c83, 37355, None)
[2023-01-31T12:30:59.895+0000] {spark_submit.py:495} INFO - 23/01/31 12:30:59 INFO BlockManagerMaster: Registered BlockManager BlockManagerId(driver, 213f57d06c83, 37355, None)
[2023-01-31T12:30:59.902+0000] {spark_submit.py:495} INFO - 23/01/31 12:30:59 INFO BlockManager: Initialized BlockManager: BlockManagerId(driver, 213f57d06c83, 37355, None)
[2023-01-31T12:31:10.869+0000] {spark_submit.py:495} INFO - 23/01/31 12:31:10 INFO SharedState: Setting hive.metastore.warehouse.dir ('null') to the value of spark.sql.warehouse.dir.
[2023-01-31T12:31:11.516+0000] {spark_submit.py:495} INFO - 23/01/31 12:31:11 INFO SharedState: Warehouse path is 'file:/opt/***/spark-warehouse'.
[2023-01-31T12:31:38.647+0000] {spark_submit.py:495} INFO - 23/01/31 12:31:38 INFO InMemoryFileIndex: It took 2873 ms to list leaf files for 1 paths.
[2023-01-31T12:31:40.739+0000] {spark_submit.py:495} INFO - 23/01/31 12:31:40 INFO MemoryStore: Block broadcast_0 stored as values in memory (estimated size 201.9 KiB, free 434.2 MiB)
[2023-01-31T12:31:41.268+0000] {spark_submit.py:495} INFO - 23/01/31 12:31:41 INFO MemoryStore: Block broadcast_0_piece0 stored as bytes in memory (estimated size 34.6 KiB, free 434.2 MiB)
[2023-01-31T12:31:41.277+0000] {spark_submit.py:495} INFO - 23/01/31 12:31:41 INFO BlockManagerInfo: Added broadcast_0_piece0 in memory on 213f57d06c83:37355 (size: 34.6 KiB, free: 434.4 MiB)
[2023-01-31T12:31:41.297+0000] {spark_submit.py:495} INFO - 23/01/31 12:31:41 INFO SparkContext: Created broadcast 0 from load at NativeMethodAccessorImpl.java:0
[2023-01-31T12:31:45.837+0000] {spark_submit.py:495} INFO - 23/01/31 12:31:45 INFO FileInputFormat: Total input files to process : 1
[2023-01-31T12:31:46.296+0000] {spark_submit.py:495} INFO - 23/01/31 12:31:46 INFO FileInputFormat: Total input files to process : 1
[2023-01-31T12:31:47.487+0000] {spark_submit.py:495} INFO - 23/01/31 12:31:47 INFO SparkContext: Starting job: load at NativeMethodAccessorImpl.java:0
[2023-01-31T12:31:48.113+0000] {spark_submit.py:495} INFO - 23/01/31 12:31:48 INFO DAGScheduler: Got job 0 (load at NativeMethodAccessorImpl.java:0) with 1 output partitions
[2023-01-31T12:31:48.343+0000] {spark_submit.py:495} INFO - 23/01/31 12:31:48 INFO DAGScheduler: Final stage: ResultStage 0 (load at NativeMethodAccessorImpl.java:0)
[2023-01-31T12:31:48.803+0000] {spark_submit.py:495} INFO - 23/01/31 12:31:48 INFO DAGScheduler: Parents of final stage: List()
[2023-01-31T12:31:48.914+0000] {spark_submit.py:495} INFO - 23/01/31 12:31:48 INFO DAGScheduler: Missing parents: List()
[2023-01-31T12:31:49.234+0000] {spark_submit.py:495} INFO - 23/01/31 12:31:49 INFO DAGScheduler: Submitting ResultStage 0 (MapPartitionsRDD[2] at load at NativeMethodAccessorImpl.java:0), which has no missing parents
[2023-01-31T12:31:51.114+0000] {spark_submit.py:495} INFO - 23/01/31 12:31:51 INFO AsyncEventQueue: Process of event SparkListenerJobStart(0,1675168308908,ArraySeq(org.apache.spark.scheduler.StageInfo@6111bc76),{spark.master=local, spark.driver.port=33247, spark.submit.pyFiles=, spark.app.startTime=1675168237966, spark.rdd.compress=True, spark.executor.id=driver, spark.app.name=gcp_playground, spark.submit.deployMode=client, spark.hadoop.google.cloud.auth.service.account.json.keyfile=/.google/credentials/google_credentials.json, spark.driver.host=213f57d06c83, spark.app.id=local-1675168253239, spark.app.submitTime=1675168227228, spark.hadoop.fs.AbstractFileSystem.gs.impl=google.cloud.hadoop.fs.gcs.GoogleHadoopFS, spark.sql.session.timeZone=UTC, spark.hadoop.google.cloud.auth.service.account.enable=true, spark.app.initial.jar.urls=spark://213f57d06c83:33247/jars/spark-bigquery-with-dependencies_2.13-0.27.1.jar,spark://213f57d06c83:33247/jars/gcs-connector-hadoop3-latest.jar, spark.executor.extraJavaOptions=-XX:+IgnoreUnrecognizedVMOptions --add-opens=java.base/java.lang=ALL-UNNAMED --add-opens=java.base/java.lang.invoke=ALL-UNNAMED --add-opens=java.base/java.lang.reflect=ALL-UNNAMED --add-opens=java.base/java.io=ALL-UNNAMED --add-opens=java.base/java.net=ALL-UNNAMED --add-opens=java.base/java.nio=ALL-UNNAMED --add-opens=java.base/java.util=ALL-UNNAMED --add-opens=java.base/java.util.concurrent=ALL-UNNAMED --add-opens=java.base/java.util.concurrent.atomic=ALL-UNNAMED --add-opens=java.base/sun.nio.ch=ALL-UNNAMED --add-opens=java.base/sun.nio.cs=ALL-UNNAMED --add-opens=java.base/sun.security.action=ALL-UNNAMED --add-opens=java.base/sun.util.calendar=ALL-UNNAMED --add-opens=java.security.jgss/sun.security.krb5=ALL-UNNAMED, spark.jars=/opt/spark/jars/gcs-connector-hadoop3-latest.jar, /opt/spark/jars/spark-bigquery-with-dependencies_2.13-0.27.1.jar, spark.sql.warehouse.dir=file:/opt/***/spark-warehouse, spark.serializer.objectStreamReset=100, spark.driver.extraJavaOptions=-XX:+IgnoreUnrecognizedVMOptions --add-opens=java.base/java.lang=ALL-UNNAMED --add-opens=java.base/java.lang.invoke=ALL-UNNAMED --add-opens=java.base/java.lang.reflect=ALL-UNNAMED --add-opens=java.base/java.io=ALL-UNNAMED --add-opens=java.base/java.net=ALL-UNNAMED --add-opens=java.base/java.nio=ALL-UNNAMED --add-opens=java.base/java.util=ALL-UNNAMED --add-opens=java.base/java.util.concurrent=ALL-UNNAMED --add-opens=java.base/java.util.concurrent.atomic=ALL-UNNAMED --add-opens=java.base/sun.nio.ch=ALL-UNNAMED --add-opens=java.base/sun.nio.cs=ALL-UNNAMED --add-opens=java.base/sun.security.action=ALL-UNNAMED --add-opens=java.base/sun.util.calendar=ALL-UNNAMED --add-opens=java.security.jgss/sun.security.krb5=ALL-UNNAMED}) by listener AppStatusListener took 1.920768362s.
[2023-01-31T12:31:54.805+0000] {spark_submit.py:495} INFO - 23/01/31 12:31:54 INFO MemoryStore: Block broadcast_1 stored as values in memory (estimated size 8.6 KiB, free 434.2 MiB)
[2023-01-31T12:31:54.952+0000] {spark_submit.py:495} INFO - 23/01/31 12:31:54 INFO MemoryStore: Block broadcast_1_piece0 stored as bytes in memory (estimated size 4.6 KiB, free 434.2 MiB)
[2023-01-31T12:31:54.960+0000] {spark_submit.py:495} INFO - 23/01/31 12:31:54 INFO BlockManagerInfo: Added broadcast_1_piece0 in memory on 213f57d06c83:37355 (size: 4.6 KiB, free: 434.4 MiB)
[2023-01-31T12:31:54.990+0000] {spark_submit.py:495} INFO - 23/01/31 12:31:54 INFO SparkContext: Created broadcast 1 from broadcast at DAGScheduler.scala:1513
[2023-01-31T12:31:59.063+0000] {spark_submit.py:495} INFO - 23/01/31 12:31:59 INFO DAGScheduler: Submitting 1 missing tasks from ResultStage 0 (MapPartitionsRDD[2] at load at NativeMethodAccessorImpl.java:0) (first 15 tasks are for partitions Vector(0))
[2023-01-31T12:31:59.388+0000] {spark_submit.py:495} INFO - 23/01/31 12:31:59 INFO TaskSchedulerImpl: Adding task set 0.0 with 1 tasks resource profile 0
[2023-01-31T12:32:15.412+0000] {spark_submit.py:495} INFO - 23/01/31 12:32:15 INFO AsyncEventQueue: Process of event SparkListenerExecutorMetricsUpdate(driver,ArraySeq(),HashMap((-1,-1) -> org.apache.spark.executor.ExecutorMetrics@7739e2a7)) by listener AppStatusListener took 2.359106851s.
[2023-01-31T12:32:47.382+0000] {spark_submit.py:495} INFO - 23/01/31 12:32:47 INFO TaskSetManager: Starting task 0.0 in stage 0.0 (TID 0) (213f57d06c83, executor driver, partition 0, PROCESS_LOCAL, 7578 bytes) taskResourceAssignments Map()
[2023-01-31T12:32:47.599+0000] {spark_submit.py:495} INFO - 23/01/31 12:32:47 INFO Executor: Running task 0.0 in stage 0.0 (TID 0)
[2023-01-31T12:32:49.527+0000] {spark_submit.py:495} INFO - 23/01/31 12:32:49 INFO BinaryFileRDD: Input split: Paths:/total_generation__DE_TENNET__202101010200__202101010300.json:0+9369
[2023-01-31T12:32:51.715+0000] {spark_submit.py:495} INFO - 23/01/31 12:32:51 INFO Executor: Finished task 0.0 in stage 0.0 (TID 0). 3480 bytes result sent to driver
[2023-01-31T12:32:52.059+0000] {spark_submit.py:495} INFO - 23/01/31 12:32:52 INFO TaskSetManager: Finished task 0.0 in stage 0.0 (TID 0) in 5149 ms on 213f57d06c83 (executor driver) (1/1)
[2023-01-31T12:32:52.153+0000] {spark_submit.py:495} INFO - 23/01/31 12:32:52 INFO TaskSchedulerImpl: Removed TaskSet 0.0, whose tasks have all completed, from pool
[2023-01-31T12:32:52.238+0000] {spark_submit.py:495} INFO - 23/01/31 12:32:52 INFO DAGScheduler: ResultStage 0 (load at NativeMethodAccessorImpl.java:0) finished in 61.713 s
[2023-01-31T12:32:52.331+0000] {spark_submit.py:495} INFO - 23/01/31 12:32:52 INFO DAGScheduler: Job 0 is finished. Cancelling potential speculative or zombie tasks for this job
[2023-01-31T12:32:52.351+0000] {spark_submit.py:495} INFO - 23/01/31 12:32:52 INFO TaskSchedulerImpl: Killing all running tasks in stage 0: Stage finished
[2023-01-31T12:32:52.409+0000] {spark_submit.py:495} INFO - 23/01/31 12:32:52 INFO DAGScheduler: Job 0 finished: load at NativeMethodAccessorImpl.java:0, took 64.915187 s
[2023-01-31T12:32:54.980+0000] {spark_submit.py:495} INFO - 23/01/31 12:32:54 INFO BlockManagerInfo: Removed broadcast_1_piece0 on 213f57d06c83:37355 in memory (size: 4.6 KiB, free: 434.4 MiB)
