[2023-02-07T09:57:47.157+0000] {processor.py:153} INFO - Started process (PID=43) to work on /opt/airflow/dags/ingestion_energydata_dag.py
[2023-02-07T09:57:47.163+0000] {processor.py:743} INFO - Processing file /opt/airflow/dags/ingestion_energydata_dag.py for tasks to queue
[2023-02-07T09:57:47.166+0000] {logging_mixin.py:137} INFO - [2023-02-07T09:57:47.165+0000] {dagbag.py:538} INFO - Filling up the DagBag from /opt/airflow/dags/ingestion_energydata_dag.py
[2023-02-07T09:57:47.371+0000] {processor.py:753} INFO - DAG(s) dict_keys(['entsoe-energydata-backfill']) retrieved from /opt/airflow/dags/ingestion_energydata_dag.py
[2023-02-07T09:57:47.486+0000] {logging_mixin.py:137} INFO - [2023-02-07T09:57:47.486+0000] {dag.py:2676} INFO - Sync 1 DAGs
[2023-02-07T09:57:47.514+0000] {logging_mixin.py:137} INFO - [2023-02-07T09:57:47.514+0000] {dag.py:3423} INFO - Setting next_dagrun for entsoe-energydata-backfill to None, run_after=None
[2023-02-07T09:57:47.545+0000] {processor.py:175} INFO - Processing /opt/airflow/dags/ingestion_energydata_dag.py took 0.399 seconds
[2023-02-07T09:58:17.720+0000] {processor.py:153} INFO - Started process (PID=72) to work on /opt/airflow/dags/ingestion_energydata_dag.py
[2023-02-07T09:58:17.721+0000] {processor.py:743} INFO - Processing file /opt/airflow/dags/ingestion_energydata_dag.py for tasks to queue
[2023-02-07T09:58:17.721+0000] {logging_mixin.py:137} INFO - [2023-02-07T09:58:17.721+0000] {dagbag.py:538} INFO - Filling up the DagBag from /opt/airflow/dags/ingestion_energydata_dag.py
[2023-02-07T09:58:17.756+0000] {processor.py:753} INFO - DAG(s) dict_keys(['entsoe-energydata-backfill']) retrieved from /opt/airflow/dags/ingestion_energydata_dag.py
[2023-02-07T09:58:17.777+0000] {logging_mixin.py:137} INFO - [2023-02-07T09:58:17.777+0000] {dag.py:2676} INFO - Sync 1 DAGs
[2023-02-07T09:58:17.797+0000] {logging_mixin.py:137} INFO - [2023-02-07T09:58:17.797+0000] {dag.py:3423} INFO - Setting next_dagrun for entsoe-energydata-backfill to None, run_after=None
[2023-02-07T09:58:17.819+0000] {processor.py:175} INFO - Processing /opt/airflow/dags/ingestion_energydata_dag.py took 0.102 seconds
[2023-02-07T09:58:47.909+0000] {processor.py:153} INFO - Started process (PID=108) to work on /opt/airflow/dags/ingestion_energydata_dag.py
[2023-02-07T09:58:47.910+0000] {processor.py:743} INFO - Processing file /opt/airflow/dags/ingestion_energydata_dag.py for tasks to queue
[2023-02-07T09:58:47.910+0000] {logging_mixin.py:137} INFO - [2023-02-07T09:58:47.910+0000] {dagbag.py:538} INFO - Filling up the DagBag from /opt/airflow/dags/ingestion_energydata_dag.py
[2023-02-07T09:58:47.936+0000] {processor.py:753} INFO - DAG(s) dict_keys(['entsoe-energydata-backfill']) retrieved from /opt/airflow/dags/ingestion_energydata_dag.py
[2023-02-07T09:58:47.959+0000] {logging_mixin.py:137} INFO - [2023-02-07T09:58:47.959+0000] {dag.py:2676} INFO - Sync 1 DAGs
[2023-02-07T09:58:47.982+0000] {logging_mixin.py:137} INFO - [2023-02-07T09:58:47.982+0000] {dag.py:3423} INFO - Setting next_dagrun for entsoe-energydata-backfill to None, run_after=None
[2023-02-07T09:58:48.003+0000] {processor.py:175} INFO - Processing /opt/airflow/dags/ingestion_energydata_dag.py took 0.097 seconds
[2023-02-07T09:59:18.131+0000] {processor.py:153} INFO - Started process (PID=144) to work on /opt/airflow/dags/ingestion_energydata_dag.py
[2023-02-07T09:59:18.140+0000] {processor.py:743} INFO - Processing file /opt/airflow/dags/ingestion_energydata_dag.py for tasks to queue
[2023-02-07T09:59:18.140+0000] {logging_mixin.py:137} INFO - [2023-02-07T09:59:18.140+0000] {dagbag.py:538} INFO - Filling up the DagBag from /opt/airflow/dags/ingestion_energydata_dag.py
[2023-02-07T09:59:18.160+0000] {processor.py:753} INFO - DAG(s) dict_keys(['entsoe-energydata-backfill']) retrieved from /opt/airflow/dags/ingestion_energydata_dag.py
[2023-02-07T09:59:18.180+0000] {logging_mixin.py:137} INFO - [2023-02-07T09:59:18.180+0000] {dag.py:2676} INFO - Sync 1 DAGs
[2023-02-07T09:59:18.201+0000] {logging_mixin.py:137} INFO - [2023-02-07T09:59:18.201+0000] {dag.py:3423} INFO - Setting next_dagrun for entsoe-energydata-backfill to None, run_after=None
[2023-02-07T09:59:18.217+0000] {processor.py:175} INFO - Processing /opt/airflow/dags/ingestion_energydata_dag.py took 0.089 seconds
[2023-02-07T09:59:48.312+0000] {processor.py:153} INFO - Started process (PID=173) to work on /opt/airflow/dags/ingestion_energydata_dag.py
[2023-02-07T09:59:48.321+0000] {processor.py:743} INFO - Processing file /opt/airflow/dags/ingestion_energydata_dag.py for tasks to queue
[2023-02-07T09:59:48.321+0000] {logging_mixin.py:137} INFO - [2023-02-07T09:59:48.321+0000] {dagbag.py:538} INFO - Filling up the DagBag from /opt/airflow/dags/ingestion_energydata_dag.py
[2023-02-07T09:59:48.340+0000] {processor.py:753} INFO - DAG(s) dict_keys(['entsoe-energydata-backfill']) retrieved from /opt/airflow/dags/ingestion_energydata_dag.py
[2023-02-07T09:59:48.359+0000] {logging_mixin.py:137} INFO - [2023-02-07T09:59:48.359+0000] {dag.py:2676} INFO - Sync 1 DAGs
[2023-02-07T09:59:48.376+0000] {logging_mixin.py:137} INFO - [2023-02-07T09:59:48.376+0000] {dag.py:3423} INFO - Setting next_dagrun for entsoe-energydata-backfill to None, run_after=None
[2023-02-07T09:59:48.388+0000] {processor.py:175} INFO - Processing /opt/airflow/dags/ingestion_energydata_dag.py took 0.079 seconds
[2023-02-07T10:00:18.491+0000] {processor.py:153} INFO - Started process (PID=216) to work on /opt/airflow/dags/ingestion_energydata_dag.py
[2023-02-07T10:00:18.491+0000] {processor.py:743} INFO - Processing file /opt/airflow/dags/ingestion_energydata_dag.py for tasks to queue
[2023-02-07T10:00:18.492+0000] {logging_mixin.py:137} INFO - [2023-02-07T10:00:18.492+0000] {dagbag.py:538} INFO - Filling up the DagBag from /opt/airflow/dags/ingestion_energydata_dag.py
[2023-02-07T10:00:18.514+0000] {processor.py:753} INFO - DAG(s) dict_keys(['entsoe-energydata-backfill']) retrieved from /opt/airflow/dags/ingestion_energydata_dag.py
[2023-02-07T10:00:18.536+0000] {logging_mixin.py:137} INFO - [2023-02-07T10:00:18.536+0000] {dag.py:2676} INFO - Sync 1 DAGs
[2023-02-07T10:00:18.558+0000] {logging_mixin.py:137} INFO - [2023-02-07T10:00:18.558+0000] {dag.py:3423} INFO - Setting next_dagrun for entsoe-energydata-backfill to None, run_after=None
[2023-02-07T10:00:18.575+0000] {processor.py:175} INFO - Processing /opt/airflow/dags/ingestion_energydata_dag.py took 0.088 seconds
[2023-02-07T10:00:48.667+0000] {processor.py:153} INFO - Started process (PID=245) to work on /opt/airflow/dags/ingestion_energydata_dag.py
[2023-02-07T10:00:48.676+0000] {processor.py:743} INFO - Processing file /opt/airflow/dags/ingestion_energydata_dag.py for tasks to queue
[2023-02-07T10:00:48.677+0000] {logging_mixin.py:137} INFO - [2023-02-07T10:00:48.676+0000] {dagbag.py:538} INFO - Filling up the DagBag from /opt/airflow/dags/ingestion_energydata_dag.py
[2023-02-07T10:00:48.696+0000] {processor.py:753} INFO - DAG(s) dict_keys(['entsoe-energydata-backfill']) retrieved from /opt/airflow/dags/ingestion_energydata_dag.py
[2023-02-07T10:00:48.716+0000] {logging_mixin.py:137} INFO - [2023-02-07T10:00:48.716+0000] {dag.py:2676} INFO - Sync 1 DAGs
[2023-02-07T10:00:48.736+0000] {logging_mixin.py:137} INFO - [2023-02-07T10:00:48.736+0000] {dag.py:3423} INFO - Setting next_dagrun for entsoe-energydata-backfill to None, run_after=None
[2023-02-07T10:00:48.754+0000] {processor.py:175} INFO - Processing /opt/airflow/dags/ingestion_energydata_dag.py took 0.089 seconds
[2023-02-07T10:01:18.858+0000] {processor.py:153} INFO - Started process (PID=274) to work on /opt/airflow/dags/ingestion_energydata_dag.py
[2023-02-07T10:01:18.868+0000] {processor.py:743} INFO - Processing file /opt/airflow/dags/ingestion_energydata_dag.py for tasks to queue
[2023-02-07T10:01:18.868+0000] {logging_mixin.py:137} INFO - [2023-02-07T10:01:18.868+0000] {dagbag.py:538} INFO - Filling up the DagBag from /opt/airflow/dags/ingestion_energydata_dag.py
[2023-02-07T10:01:18.888+0000] {processor.py:753} INFO - DAG(s) dict_keys(['entsoe-energydata-backfill']) retrieved from /opt/airflow/dags/ingestion_energydata_dag.py
[2023-02-07T10:01:18.906+0000] {logging_mixin.py:137} INFO - [2023-02-07T10:01:18.906+0000] {dag.py:2676} INFO - Sync 1 DAGs
[2023-02-07T10:01:18.923+0000] {logging_mixin.py:137} INFO - [2023-02-07T10:01:18.923+0000] {dag.py:3423} INFO - Setting next_dagrun for entsoe-energydata-backfill to None, run_after=None
[2023-02-07T10:01:18.936+0000] {processor.py:175} INFO - Processing /opt/airflow/dags/ingestion_energydata_dag.py took 0.080 seconds
[2023-02-07T10:01:49.064+0000] {processor.py:153} INFO - Started process (PID=318) to work on /opt/airflow/dags/ingestion_energydata_dag.py
[2023-02-07T10:01:49.064+0000] {processor.py:743} INFO - Processing file /opt/airflow/dags/ingestion_energydata_dag.py for tasks to queue
[2023-02-07T10:01:49.065+0000] {logging_mixin.py:137} INFO - [2023-02-07T10:01:49.065+0000] {dagbag.py:538} INFO - Filling up the DagBag from /opt/airflow/dags/ingestion_energydata_dag.py
[2023-02-07T10:01:49.087+0000] {processor.py:753} INFO - DAG(s) dict_keys(['entsoe-energydata-backfill']) retrieved from /opt/airflow/dags/ingestion_energydata_dag.py
[2023-02-07T10:01:49.109+0000] {logging_mixin.py:137} INFO - [2023-02-07T10:01:49.109+0000] {dag.py:2676} INFO - Sync 1 DAGs
[2023-02-07T10:01:49.131+0000] {logging_mixin.py:137} INFO - [2023-02-07T10:01:49.131+0000] {dag.py:3423} INFO - Setting next_dagrun for entsoe-energydata-backfill to None, run_after=None
[2023-02-07T10:01:49.149+0000] {processor.py:175} INFO - Processing /opt/airflow/dags/ingestion_energydata_dag.py took 0.089 seconds
[2023-02-07T10:02:19.238+0000] {processor.py:153} INFO - Started process (PID=347) to work on /opt/airflow/dags/ingestion_energydata_dag.py
[2023-02-07T10:02:19.239+0000] {processor.py:743} INFO - Processing file /opt/airflow/dags/ingestion_energydata_dag.py for tasks to queue
[2023-02-07T10:02:19.239+0000] {logging_mixin.py:137} INFO - [2023-02-07T10:02:19.239+0000] {dagbag.py:538} INFO - Filling up the DagBag from /opt/airflow/dags/ingestion_energydata_dag.py
[2023-02-07T10:02:19.269+0000] {processor.py:753} INFO - DAG(s) dict_keys(['entsoe-energydata-backfill']) retrieved from /opt/airflow/dags/ingestion_energydata_dag.py
[2023-02-07T10:02:19.309+0000] {logging_mixin.py:137} INFO - [2023-02-07T10:02:19.308+0000] {dag.py:2676} INFO - Sync 1 DAGs
[2023-02-07T10:02:19.341+0000] {logging_mixin.py:137} INFO - [2023-02-07T10:02:19.340+0000] {dag.py:3423} INFO - Setting next_dagrun for entsoe-energydata-backfill to None, run_after=None
[2023-02-07T10:02:19.364+0000] {processor.py:175} INFO - Processing /opt/airflow/dags/ingestion_energydata_dag.py took 0.129 seconds
[2023-02-07T10:02:49.437+0000] {processor.py:153} INFO - Started process (PID=376) to work on /opt/airflow/dags/ingestion_energydata_dag.py
[2023-02-07T10:02:49.438+0000] {processor.py:743} INFO - Processing file /opt/airflow/dags/ingestion_energydata_dag.py for tasks to queue
[2023-02-07T10:02:49.439+0000] {logging_mixin.py:137} INFO - [2023-02-07T10:02:49.439+0000] {dagbag.py:538} INFO - Filling up the DagBag from /opt/airflow/dags/ingestion_energydata_dag.py
[2023-02-07T10:02:49.471+0000] {processor.py:753} INFO - DAG(s) dict_keys(['entsoe-energydata-backfill']) retrieved from /opt/airflow/dags/ingestion_energydata_dag.py
[2023-02-07T10:02:49.494+0000] {logging_mixin.py:137} INFO - [2023-02-07T10:02:49.494+0000] {dag.py:2676} INFO - Sync 1 DAGs
[2023-02-07T10:02:49.519+0000] {logging_mixin.py:137} INFO - [2023-02-07T10:02:49.519+0000] {dag.py:3423} INFO - Setting next_dagrun for entsoe-energydata-backfill to None, run_after=None
[2023-02-07T10:02:49.534+0000] {processor.py:175} INFO - Processing /opt/airflow/dags/ingestion_energydata_dag.py took 0.099 seconds
[2023-02-07T10:03:19.658+0000] {processor.py:153} INFO - Started process (PID=419) to work on /opt/airflow/dags/ingestion_energydata_dag.py
[2023-02-07T10:03:19.667+0000] {processor.py:743} INFO - Processing file /opt/airflow/dags/ingestion_energydata_dag.py for tasks to queue
[2023-02-07T10:03:19.667+0000] {logging_mixin.py:137} INFO - [2023-02-07T10:03:19.667+0000] {dagbag.py:538} INFO - Filling up the DagBag from /opt/airflow/dags/ingestion_energydata_dag.py
[2023-02-07T10:03:19.691+0000] {processor.py:753} INFO - DAG(s) dict_keys(['entsoe-energydata-backfill']) retrieved from /opt/airflow/dags/ingestion_energydata_dag.py
[2023-02-07T10:03:19.713+0000] {logging_mixin.py:137} INFO - [2023-02-07T10:03:19.713+0000] {dag.py:2676} INFO - Sync 1 DAGs
[2023-02-07T10:03:19.742+0000] {logging_mixin.py:137} INFO - [2023-02-07T10:03:19.742+0000] {dag.py:3423} INFO - Setting next_dagrun for entsoe-energydata-backfill to None, run_after=None
[2023-02-07T10:03:19.764+0000] {processor.py:175} INFO - Processing /opt/airflow/dags/ingestion_energydata_dag.py took 0.109 seconds
[2023-02-07T10:03:49.821+0000] {processor.py:153} INFO - Started process (PID=448) to work on /opt/airflow/dags/ingestion_energydata_dag.py
[2023-02-07T10:03:49.821+0000] {processor.py:743} INFO - Processing file /opt/airflow/dags/ingestion_energydata_dag.py for tasks to queue
[2023-02-07T10:03:49.822+0000] {logging_mixin.py:137} INFO - [2023-02-07T10:03:49.822+0000] {dagbag.py:538} INFO - Filling up the DagBag from /opt/airflow/dags/ingestion_energydata_dag.py
[2023-02-07T10:03:49.843+0000] {processor.py:753} INFO - DAG(s) dict_keys(['entsoe-energydata-backfill']) retrieved from /opt/airflow/dags/ingestion_energydata_dag.py
[2023-02-07T10:03:49.863+0000] {logging_mixin.py:137} INFO - [2023-02-07T10:03:49.863+0000] {dag.py:2676} INFO - Sync 1 DAGs
[2023-02-07T10:03:49.884+0000] {logging_mixin.py:137} INFO - [2023-02-07T10:03:49.884+0000] {dag.py:3423} INFO - Setting next_dagrun for entsoe-energydata-backfill to None, run_after=None
[2023-02-07T10:03:49.900+0000] {processor.py:175} INFO - Processing /opt/airflow/dags/ingestion_energydata_dag.py took 0.082 seconds
[2023-02-07T10:04:20.034+0000] {processor.py:153} INFO - Started process (PID=476) to work on /opt/airflow/dags/ingestion_energydata_dag.py
[2023-02-07T10:04:20.043+0000] {processor.py:743} INFO - Processing file /opt/airflow/dags/ingestion_energydata_dag.py for tasks to queue
[2023-02-07T10:04:20.044+0000] {logging_mixin.py:137} INFO - [2023-02-07T10:04:20.044+0000] {dagbag.py:538} INFO - Filling up the DagBag from /opt/airflow/dags/ingestion_energydata_dag.py
[2023-02-07T10:04:20.063+0000] {processor.py:753} INFO - DAG(s) dict_keys(['entsoe-energydata-backfill']) retrieved from /opt/airflow/dags/ingestion_energydata_dag.py
[2023-02-07T10:04:20.083+0000] {logging_mixin.py:137} INFO - [2023-02-07T10:04:20.083+0000] {dag.py:2676} INFO - Sync 1 DAGs
[2023-02-07T10:04:20.100+0000] {logging_mixin.py:137} INFO - [2023-02-07T10:04:20.100+0000] {dag.py:3423} INFO - Setting next_dagrun for entsoe-energydata-backfill to None, run_after=None
[2023-02-07T10:04:20.113+0000] {processor.py:175} INFO - Processing /opt/airflow/dags/ingestion_energydata_dag.py took 0.081 seconds
[2023-02-07T10:04:50.218+0000] {processor.py:153} INFO - Started process (PID=519) to work on /opt/airflow/dags/ingestion_energydata_dag.py
[2023-02-07T10:04:50.227+0000] {processor.py:743} INFO - Processing file /opt/airflow/dags/ingestion_energydata_dag.py for tasks to queue
[2023-02-07T10:04:50.228+0000] {logging_mixin.py:137} INFO - [2023-02-07T10:04:50.227+0000] {dagbag.py:538} INFO - Filling up the DagBag from /opt/airflow/dags/ingestion_energydata_dag.py
[2023-02-07T10:04:50.255+0000] {processor.py:753} INFO - DAG(s) dict_keys(['entsoe-energydata-backfill']) retrieved from /opt/airflow/dags/ingestion_energydata_dag.py
[2023-02-07T10:04:50.285+0000] {logging_mixin.py:137} INFO - [2023-02-07T10:04:50.285+0000] {dag.py:2676} INFO - Sync 1 DAGs
[2023-02-07T10:04:50.312+0000] {logging_mixin.py:137} INFO - [2023-02-07T10:04:50.311+0000] {dag.py:3423} INFO - Setting next_dagrun for entsoe-energydata-backfill to None, run_after=None
[2023-02-07T10:04:50.327+0000] {processor.py:175} INFO - Processing /opt/airflow/dags/ingestion_energydata_dag.py took 0.113 seconds
[2023-02-07T10:05:20.406+0000] {processor.py:153} INFO - Started process (PID=548) to work on /opt/airflow/dags/ingestion_energydata_dag.py
[2023-02-07T10:05:20.415+0000] {processor.py:743} INFO - Processing file /opt/airflow/dags/ingestion_energydata_dag.py for tasks to queue
[2023-02-07T10:05:20.415+0000] {logging_mixin.py:137} INFO - [2023-02-07T10:05:20.415+0000] {dagbag.py:538} INFO - Filling up the DagBag from /opt/airflow/dags/ingestion_energydata_dag.py
[2023-02-07T10:05:20.435+0000] {processor.py:753} INFO - DAG(s) dict_keys(['entsoe-energydata-backfill']) retrieved from /opt/airflow/dags/ingestion_energydata_dag.py
[2023-02-07T10:05:20.453+0000] {logging_mixin.py:137} INFO - [2023-02-07T10:05:20.453+0000] {dag.py:2676} INFO - Sync 1 DAGs
[2023-02-07T10:05:20.471+0000] {logging_mixin.py:137} INFO - [2023-02-07T10:05:20.471+0000] {dag.py:3423} INFO - Setting next_dagrun for entsoe-energydata-backfill to None, run_after=None
[2023-02-07T10:05:20.486+0000] {processor.py:175} INFO - Processing /opt/airflow/dags/ingestion_energydata_dag.py took 0.082 seconds
[2023-02-07T10:05:50.630+0000] {processor.py:153} INFO - Started process (PID=577) to work on /opt/airflow/dags/ingestion_energydata_dag.py
[2023-02-07T10:05:50.639+0000] {processor.py:743} INFO - Processing file /opt/airflow/dags/ingestion_energydata_dag.py for tasks to queue
[2023-02-07T10:05:50.640+0000] {logging_mixin.py:137} INFO - [2023-02-07T10:05:50.640+0000] {dagbag.py:538} INFO - Filling up the DagBag from /opt/airflow/dags/ingestion_energydata_dag.py
[2023-02-07T10:05:50.659+0000] {processor.py:753} INFO - DAG(s) dict_keys(['entsoe-energydata-backfill']) retrieved from /opt/airflow/dags/ingestion_energydata_dag.py
[2023-02-07T10:05:50.677+0000] {logging_mixin.py:137} INFO - [2023-02-07T10:05:50.677+0000] {dag.py:2676} INFO - Sync 1 DAGs
[2023-02-07T10:05:50.695+0000] {logging_mixin.py:137} INFO - [2023-02-07T10:05:50.695+0000] {dag.py:3423} INFO - Setting next_dagrun for entsoe-energydata-backfill to None, run_after=None
[2023-02-07T10:05:50.708+0000] {processor.py:175} INFO - Processing /opt/airflow/dags/ingestion_energydata_dag.py took 0.080 seconds
[2023-02-07T10:06:20.799+0000] {processor.py:153} INFO - Started process (PID=619) to work on /opt/airflow/dags/ingestion_energydata_dag.py
[2023-02-07T10:06:20.808+0000] {processor.py:743} INFO - Processing file /opt/airflow/dags/ingestion_energydata_dag.py for tasks to queue
[2023-02-07T10:06:20.808+0000] {logging_mixin.py:137} INFO - [2023-02-07T10:06:20.808+0000] {dagbag.py:538} INFO - Filling up the DagBag from /opt/airflow/dags/ingestion_energydata_dag.py
[2023-02-07T10:06:20.832+0000] {processor.py:753} INFO - DAG(s) dict_keys(['entsoe-energydata-backfill']) retrieved from /opt/airflow/dags/ingestion_energydata_dag.py
[2023-02-07T10:06:20.854+0000] {logging_mixin.py:137} INFO - [2023-02-07T10:06:20.853+0000] {dag.py:2676} INFO - Sync 1 DAGs
[2023-02-07T10:06:20.881+0000] {logging_mixin.py:137} INFO - [2023-02-07T10:06:20.881+0000] {dag.py:3423} INFO - Setting next_dagrun for entsoe-energydata-backfill to None, run_after=None
[2023-02-07T10:06:20.898+0000] {processor.py:175} INFO - Processing /opt/airflow/dags/ingestion_energydata_dag.py took 0.102 seconds
[2023-02-07T10:06:51.000+0000] {processor.py:153} INFO - Started process (PID=648) to work on /opt/airflow/dags/ingestion_energydata_dag.py
[2023-02-07T10:06:51.009+0000] {processor.py:743} INFO - Processing file /opt/airflow/dags/ingestion_energydata_dag.py for tasks to queue
[2023-02-07T10:06:51.009+0000] {logging_mixin.py:137} INFO - [2023-02-07T10:06:51.009+0000] {dagbag.py:538} INFO - Filling up the DagBag from /opt/airflow/dags/ingestion_energydata_dag.py
[2023-02-07T10:06:51.029+0000] {processor.py:753} INFO - DAG(s) dict_keys(['entsoe-energydata-backfill']) retrieved from /opt/airflow/dags/ingestion_energydata_dag.py
[2023-02-07T10:06:51.050+0000] {logging_mixin.py:137} INFO - [2023-02-07T10:06:51.050+0000] {dag.py:2676} INFO - Sync 1 DAGs
[2023-02-07T10:06:51.069+0000] {logging_mixin.py:137} INFO - [2023-02-07T10:06:51.068+0000] {dag.py:3423} INFO - Setting next_dagrun for entsoe-energydata-backfill to None, run_after=None
[2023-02-07T10:06:51.083+0000] {processor.py:175} INFO - Processing /opt/airflow/dags/ingestion_energydata_dag.py took 0.086 seconds
[2023-02-07T10:07:21.215+0000] {processor.py:153} INFO - Started process (PID=677) to work on /opt/airflow/dags/ingestion_energydata_dag.py
[2023-02-07T10:07:21.224+0000] {processor.py:743} INFO - Processing file /opt/airflow/dags/ingestion_energydata_dag.py for tasks to queue
[2023-02-07T10:07:21.226+0000] {logging_mixin.py:137} INFO - [2023-02-07T10:07:21.225+0000] {dagbag.py:538} INFO - Filling up the DagBag from /opt/airflow/dags/ingestion_energydata_dag.py
[2023-02-07T10:07:21.283+0000] {processor.py:753} INFO - DAG(s) dict_keys(['entsoe-energydata-backfill']) retrieved from /opt/airflow/dags/ingestion_energydata_dag.py
[2023-02-07T10:07:21.309+0000] {logging_mixin.py:137} INFO - [2023-02-07T10:07:21.309+0000] {dag.py:2676} INFO - Sync 1 DAGs
[2023-02-07T10:07:21.328+0000] {logging_mixin.py:137} INFO - [2023-02-07T10:07:21.328+0000] {dag.py:3423} INFO - Setting next_dagrun for entsoe-energydata-backfill to None, run_after=None
[2023-02-07T10:07:21.342+0000] {processor.py:175} INFO - Processing /opt/airflow/dags/ingestion_energydata_dag.py took 0.134 seconds
[2023-02-07T10:07:51.390+0000] {processor.py:153} INFO - Started process (PID=721) to work on /opt/airflow/dags/ingestion_energydata_dag.py
[2023-02-07T10:07:51.399+0000] {processor.py:743} INFO - Processing file /opt/airflow/dags/ingestion_energydata_dag.py for tasks to queue
[2023-02-07T10:07:51.400+0000] {logging_mixin.py:137} INFO - [2023-02-07T10:07:51.400+0000] {dagbag.py:538} INFO - Filling up the DagBag from /opt/airflow/dags/ingestion_energydata_dag.py
[2023-02-07T10:07:51.422+0000] {processor.py:753} INFO - DAG(s) dict_keys(['entsoe-energydata-backfill']) retrieved from /opt/airflow/dags/ingestion_energydata_dag.py
[2023-02-07T10:07:51.444+0000] {logging_mixin.py:137} INFO - [2023-02-07T10:07:51.444+0000] {dag.py:2676} INFO - Sync 1 DAGs
[2023-02-07T10:07:51.462+0000] {logging_mixin.py:137} INFO - [2023-02-07T10:07:51.462+0000] {dag.py:3423} INFO - Setting next_dagrun for entsoe-energydata-backfill to None, run_after=None
[2023-02-07T10:07:51.476+0000] {processor.py:175} INFO - Processing /opt/airflow/dags/ingestion_energydata_dag.py took 0.088 seconds
[2023-02-07T10:08:21.644+0000] {processor.py:153} INFO - Started process (PID=750) to work on /opt/airflow/dags/ingestion_energydata_dag.py
[2023-02-07T10:08:21.645+0000] {processor.py:743} INFO - Processing file /opt/airflow/dags/ingestion_energydata_dag.py for tasks to queue
[2023-02-07T10:08:21.646+0000] {logging_mixin.py:137} INFO - [2023-02-07T10:08:21.646+0000] {dagbag.py:538} INFO - Filling up the DagBag from /opt/airflow/dags/ingestion_energydata_dag.py
[2023-02-07T10:08:21.667+0000] {processor.py:753} INFO - DAG(s) dict_keys(['entsoe-energydata-backfill']) retrieved from /opt/airflow/dags/ingestion_energydata_dag.py
[2023-02-07T10:08:21.687+0000] {logging_mixin.py:137} INFO - [2023-02-07T10:08:21.686+0000] {dag.py:2676} INFO - Sync 1 DAGs
[2023-02-07T10:08:21.706+0000] {logging_mixin.py:137} INFO - [2023-02-07T10:08:21.706+0000] {dag.py:3423} INFO - Setting next_dagrun for entsoe-energydata-backfill to None, run_after=None
[2023-02-07T10:08:21.720+0000] {processor.py:175} INFO - Processing /opt/airflow/dags/ingestion_energydata_dag.py took 0.079 seconds
[2023-02-07T10:08:51.844+0000] {processor.py:153} INFO - Started process (PID=779) to work on /opt/airflow/dags/ingestion_energydata_dag.py
[2023-02-07T10:08:51.853+0000] {processor.py:743} INFO - Processing file /opt/airflow/dags/ingestion_energydata_dag.py for tasks to queue
[2023-02-07T10:08:51.853+0000] {logging_mixin.py:137} INFO - [2023-02-07T10:08:51.853+0000] {dagbag.py:538} INFO - Filling up the DagBag from /opt/airflow/dags/ingestion_energydata_dag.py
[2023-02-07T10:08:51.887+0000] {processor.py:753} INFO - DAG(s) dict_keys(['entsoe-energydata-backfill']) retrieved from /opt/airflow/dags/ingestion_energydata_dag.py
[2023-02-07T10:08:51.909+0000] {logging_mixin.py:137} INFO - [2023-02-07T10:08:51.909+0000] {dag.py:2676} INFO - Sync 1 DAGs
[2023-02-07T10:08:51.928+0000] {logging_mixin.py:137} INFO - [2023-02-07T10:08:51.928+0000] {dag.py:3423} INFO - Setting next_dagrun for entsoe-energydata-backfill to None, run_after=None
[2023-02-07T10:08:51.943+0000] {processor.py:175} INFO - Processing /opt/airflow/dags/ingestion_energydata_dag.py took 0.103 seconds
[2023-02-07T10:09:22.003+0000] {processor.py:153} INFO - Started process (PID=821) to work on /opt/airflow/dags/ingestion_energydata_dag.py
[2023-02-07T10:09:22.012+0000] {processor.py:743} INFO - Processing file /opt/airflow/dags/ingestion_energydata_dag.py for tasks to queue
[2023-02-07T10:09:22.013+0000] {logging_mixin.py:137} INFO - [2023-02-07T10:09:22.013+0000] {dagbag.py:538} INFO - Filling up the DagBag from /opt/airflow/dags/ingestion_energydata_dag.py
[2023-02-07T10:09:22.032+0000] {processor.py:753} INFO - DAG(s) dict_keys(['entsoe-energydata-backfill']) retrieved from /opt/airflow/dags/ingestion_energydata_dag.py
[2023-02-07T10:09:22.052+0000] {logging_mixin.py:137} INFO - [2023-02-07T10:09:22.052+0000] {dag.py:2676} INFO - Sync 1 DAGs
[2023-02-07T10:09:22.089+0000] {logging_mixin.py:137} INFO - [2023-02-07T10:09:22.089+0000] {dag.py:3423} INFO - Setting next_dagrun for entsoe-energydata-backfill to None, run_after=None
[2023-02-07T10:09:22.106+0000] {processor.py:175} INFO - Processing /opt/airflow/dags/ingestion_energydata_dag.py took 0.106 seconds
[2023-02-07T10:09:52.234+0000] {processor.py:153} INFO - Started process (PID=850) to work on /opt/airflow/dags/ingestion_energydata_dag.py
[2023-02-07T10:09:52.243+0000] {processor.py:743} INFO - Processing file /opt/airflow/dags/ingestion_energydata_dag.py for tasks to queue
[2023-02-07T10:09:52.244+0000] {logging_mixin.py:137} INFO - [2023-02-07T10:09:52.244+0000] {dagbag.py:538} INFO - Filling up the DagBag from /opt/airflow/dags/ingestion_energydata_dag.py
[2023-02-07T10:09:52.276+0000] {processor.py:753} INFO - DAG(s) dict_keys(['entsoe-energydata-backfill']) retrieved from /opt/airflow/dags/ingestion_energydata_dag.py
[2023-02-07T10:09:52.301+0000] {logging_mixin.py:137} INFO - [2023-02-07T10:09:52.301+0000] {dag.py:2676} INFO - Sync 1 DAGs
[2023-02-07T10:09:52.329+0000] {logging_mixin.py:137} INFO - [2023-02-07T10:09:52.329+0000] {dag.py:3423} INFO - Setting next_dagrun for entsoe-energydata-backfill to None, run_after=None
[2023-02-07T10:09:52.344+0000] {processor.py:175} INFO - Processing /opt/airflow/dags/ingestion_energydata_dag.py took 0.113 seconds
[2023-02-07T10:10:22.430+0000] {processor.py:153} INFO - Started process (PID=886) to work on /opt/airflow/dags/ingestion_energydata_dag.py
[2023-02-07T10:10:22.431+0000] {processor.py:743} INFO - Processing file /opt/airflow/dags/ingestion_energydata_dag.py for tasks to queue
[2023-02-07T10:10:22.433+0000] {logging_mixin.py:137} INFO - [2023-02-07T10:10:22.432+0000] {dagbag.py:538} INFO - Filling up the DagBag from /opt/airflow/dags/ingestion_energydata_dag.py
[2023-02-07T10:10:22.551+0000] {processor.py:753} INFO - DAG(s) dict_keys(['entsoe-energydata-backfill']) retrieved from /opt/airflow/dags/ingestion_energydata_dag.py
[2023-02-07T10:10:22.588+0000] {logging_mixin.py:137} INFO - [2023-02-07T10:10:22.587+0000] {dag.py:2676} INFO - Sync 1 DAGs
[2023-02-07T10:10:22.608+0000] {logging_mixin.py:137} INFO - [2023-02-07T10:10:22.608+0000] {dag.py:3423} INFO - Setting next_dagrun for entsoe-energydata-backfill to None, run_after=None
[2023-02-07T10:10:22.634+0000] {processor.py:175} INFO - Processing /opt/airflow/dags/ingestion_energydata_dag.py took 0.208 seconds
[2023-02-07T10:10:52.757+0000] {processor.py:153} INFO - Started process (PID=922) to work on /opt/airflow/dags/ingestion_energydata_dag.py
[2023-02-07T10:10:52.766+0000] {processor.py:743} INFO - Processing file /opt/airflow/dags/ingestion_energydata_dag.py for tasks to queue
[2023-02-07T10:10:52.767+0000] {logging_mixin.py:137} INFO - [2023-02-07T10:10:52.767+0000] {dagbag.py:538} INFO - Filling up the DagBag from /opt/airflow/dags/ingestion_energydata_dag.py
[2023-02-07T10:10:52.786+0000] {processor.py:753} INFO - DAG(s) dict_keys(['entsoe-energydata-backfill']) retrieved from /opt/airflow/dags/ingestion_energydata_dag.py
[2023-02-07T10:10:52.806+0000] {logging_mixin.py:137} INFO - [2023-02-07T10:10:52.805+0000] {dag.py:2676} INFO - Sync 1 DAGs
[2023-02-07T10:10:52.823+0000] {logging_mixin.py:137} INFO - [2023-02-07T10:10:52.823+0000] {dag.py:3423} INFO - Setting next_dagrun for entsoe-energydata-backfill to None, run_after=None
[2023-02-07T10:10:52.836+0000] {processor.py:175} INFO - Processing /opt/airflow/dags/ingestion_energydata_dag.py took 0.082 seconds
[2023-02-07T10:11:22.938+0000] {processor.py:153} INFO - Started process (PID=951) to work on /opt/airflow/dags/ingestion_energydata_dag.py
[2023-02-07T10:11:22.940+0000] {processor.py:743} INFO - Processing file /opt/airflow/dags/ingestion_energydata_dag.py for tasks to queue
[2023-02-07T10:11:22.940+0000] {logging_mixin.py:137} INFO - [2023-02-07T10:11:22.940+0000] {dagbag.py:538} INFO - Filling up the DagBag from /opt/airflow/dags/ingestion_energydata_dag.py
[2023-02-07T10:11:22.978+0000] {processor.py:753} INFO - DAG(s) dict_keys(['entsoe-energydata-backfill']) retrieved from /opt/airflow/dags/ingestion_energydata_dag.py
[2023-02-07T10:11:23.005+0000] {logging_mixin.py:137} INFO - [2023-02-07T10:11:23.005+0000] {dag.py:2676} INFO - Sync 1 DAGs
[2023-02-07T10:11:23.027+0000] {logging_mixin.py:137} INFO - [2023-02-07T10:11:23.027+0000] {dag.py:3423} INFO - Setting next_dagrun for entsoe-energydata-backfill to None, run_after=None
[2023-02-07T10:11:23.045+0000] {processor.py:175} INFO - Processing /opt/airflow/dags/ingestion_energydata_dag.py took 0.111 seconds
[2023-02-07T10:11:53.109+0000] {processor.py:153} INFO - Started process (PID=980) to work on /opt/airflow/dags/ingestion_energydata_dag.py
[2023-02-07T10:11:53.110+0000] {processor.py:743} INFO - Processing file /opt/airflow/dags/ingestion_energydata_dag.py for tasks to queue
[2023-02-07T10:11:53.110+0000] {logging_mixin.py:137} INFO - [2023-02-07T10:11:53.110+0000] {dagbag.py:538} INFO - Filling up the DagBag from /opt/airflow/dags/ingestion_energydata_dag.py
[2023-02-07T10:11:53.131+0000] {processor.py:753} INFO - DAG(s) dict_keys(['entsoe-energydata-backfill']) retrieved from /opt/airflow/dags/ingestion_energydata_dag.py
[2023-02-07T10:11:53.172+0000] {logging_mixin.py:137} INFO - [2023-02-07T10:11:53.172+0000] {dag.py:2676} INFO - Sync 1 DAGs
[2023-02-07T10:11:53.194+0000] {logging_mixin.py:137} INFO - [2023-02-07T10:11:53.194+0000] {dag.py:3423} INFO - Setting next_dagrun for entsoe-energydata-backfill to None, run_after=None
[2023-02-07T10:11:53.210+0000] {processor.py:175} INFO - Processing /opt/airflow/dags/ingestion_energydata_dag.py took 0.103 seconds
[2023-02-07T10:12:23.347+0000] {processor.py:153} INFO - Started process (PID=1023) to work on /opt/airflow/dags/ingestion_energydata_dag.py
[2023-02-07T10:12:23.356+0000] {processor.py:743} INFO - Processing file /opt/airflow/dags/ingestion_energydata_dag.py for tasks to queue
[2023-02-07T10:12:23.357+0000] {logging_mixin.py:137} INFO - [2023-02-07T10:12:23.357+0000] {dagbag.py:538} INFO - Filling up the DagBag from /opt/airflow/dags/ingestion_energydata_dag.py
[2023-02-07T10:12:23.376+0000] {processor.py:753} INFO - DAG(s) dict_keys(['entsoe-energydata-backfill']) retrieved from /opt/airflow/dags/ingestion_energydata_dag.py
[2023-02-07T10:12:23.395+0000] {logging_mixin.py:137} INFO - [2023-02-07T10:12:23.395+0000] {dag.py:2676} INFO - Sync 1 DAGs
[2023-02-07T10:12:23.413+0000] {logging_mixin.py:137} INFO - [2023-02-07T10:12:23.413+0000] {dag.py:3423} INFO - Setting next_dagrun for entsoe-energydata-backfill to None, run_after=None
[2023-02-07T10:12:23.427+0000] {processor.py:175} INFO - Processing /opt/airflow/dags/ingestion_energydata_dag.py took 0.083 seconds
[2023-02-07T10:12:53.528+0000] {processor.py:153} INFO - Started process (PID=1052) to work on /opt/airflow/dags/ingestion_energydata_dag.py
[2023-02-07T10:12:53.529+0000] {processor.py:743} INFO - Processing file /opt/airflow/dags/ingestion_energydata_dag.py for tasks to queue
[2023-02-07T10:12:53.529+0000] {logging_mixin.py:137} INFO - [2023-02-07T10:12:53.529+0000] {dagbag.py:538} INFO - Filling up the DagBag from /opt/airflow/dags/ingestion_energydata_dag.py
[2023-02-07T10:12:53.553+0000] {processor.py:753} INFO - DAG(s) dict_keys(['entsoe-energydata-backfill']) retrieved from /opt/airflow/dags/ingestion_energydata_dag.py
[2023-02-07T10:12:53.586+0000] {logging_mixin.py:137} INFO - [2023-02-07T10:12:53.586+0000] {dag.py:2676} INFO - Sync 1 DAGs
[2023-02-07T10:12:53.625+0000] {logging_mixin.py:137} INFO - [2023-02-07T10:12:53.625+0000] {dag.py:3423} INFO - Setting next_dagrun for entsoe-energydata-backfill to None, run_after=None
[2023-02-07T10:12:53.659+0000] {processor.py:175} INFO - Processing /opt/airflow/dags/ingestion_energydata_dag.py took 0.134 seconds
[2023-02-07T10:13:23.733+0000] {processor.py:153} INFO - Started process (PID=1082) to work on /opt/airflow/dags/ingestion_energydata_dag.py
[2023-02-07T10:13:23.734+0000] {processor.py:743} INFO - Processing file /opt/airflow/dags/ingestion_energydata_dag.py for tasks to queue
[2023-02-07T10:13:23.734+0000] {logging_mixin.py:137} INFO - [2023-02-07T10:13:23.734+0000] {dagbag.py:538} INFO - Filling up the DagBag from /opt/airflow/dags/ingestion_energydata_dag.py
[2023-02-07T10:13:23.769+0000] {processor.py:753} INFO - DAG(s) dict_keys(['entsoe-energydata-backfill']) retrieved from /opt/airflow/dags/ingestion_energydata_dag.py
[2023-02-07T10:13:23.804+0000] {logging_mixin.py:137} INFO - [2023-02-07T10:13:23.804+0000] {dag.py:2676} INFO - Sync 1 DAGs
[2023-02-07T10:13:23.838+0000] {logging_mixin.py:137} INFO - [2023-02-07T10:13:23.838+0000] {dag.py:3423} INFO - Setting next_dagrun for entsoe-energydata-backfill to None, run_after=None
[2023-02-07T10:13:23.862+0000] {processor.py:175} INFO - Processing /opt/airflow/dags/ingestion_energydata_dag.py took 0.134 seconds
[2023-02-07T10:13:54.034+0000] {processor.py:153} INFO - Started process (PID=1111) to work on /opt/airflow/dags/ingestion_energydata_dag.py
[2023-02-07T10:13:54.035+0000] {processor.py:743} INFO - Processing file /opt/airflow/dags/ingestion_energydata_dag.py for tasks to queue
[2023-02-07T10:13:54.036+0000] {logging_mixin.py:137} INFO - [2023-02-07T10:13:54.036+0000] {dagbag.py:538} INFO - Filling up the DagBag from /opt/airflow/dags/ingestion_energydata_dag.py
[2023-02-07T10:13:54.084+0000] {processor.py:753} INFO - DAG(s) dict_keys(['entsoe-energydata-backfill']) retrieved from /opt/airflow/dags/ingestion_energydata_dag.py
[2023-02-07T10:13:54.128+0000] {logging_mixin.py:137} INFO - [2023-02-07T10:13:54.128+0000] {dag.py:2676} INFO - Sync 1 DAGs
[2023-02-07T10:13:54.168+0000] {logging_mixin.py:137} INFO - [2023-02-07T10:13:54.167+0000] {dag.py:3423} INFO - Setting next_dagrun for entsoe-energydata-backfill to None, run_after=None
[2023-02-07T10:13:54.196+0000] {processor.py:175} INFO - Processing /opt/airflow/dags/ingestion_energydata_dag.py took 0.169 seconds
[2023-02-07T10:14:24.242+0000] {processor.py:153} INFO - Started process (PID=1140) to work on /opt/airflow/dags/ingestion_energydata_dag.py
[2023-02-07T10:14:24.251+0000] {processor.py:743} INFO - Processing file /opt/airflow/dags/ingestion_energydata_dag.py for tasks to queue
[2023-02-07T10:14:24.252+0000] {logging_mixin.py:137} INFO - [2023-02-07T10:14:24.251+0000] {dagbag.py:538} INFO - Filling up the DagBag from /opt/airflow/dags/ingestion_energydata_dag.py
[2023-02-07T10:14:24.274+0000] {processor.py:753} INFO - DAG(s) dict_keys(['entsoe-energydata-backfill']) retrieved from /opt/airflow/dags/ingestion_energydata_dag.py
[2023-02-07T10:14:24.293+0000] {logging_mixin.py:137} INFO - [2023-02-07T10:14:24.293+0000] {dag.py:2676} INFO - Sync 1 DAGs
[2023-02-07T10:14:24.310+0000] {logging_mixin.py:137} INFO - [2023-02-07T10:14:24.310+0000] {dag.py:3423} INFO - Setting next_dagrun for entsoe-energydata-backfill to None, run_after=None
[2023-02-07T10:14:24.325+0000] {processor.py:175} INFO - Processing /opt/airflow/dags/ingestion_energydata_dag.py took 0.086 seconds
[2023-02-07T10:14:54.434+0000] {processor.py:153} INFO - Started process (PID=1169) to work on /opt/airflow/dags/ingestion_energydata_dag.py
[2023-02-07T10:14:54.434+0000] {processor.py:743} INFO - Processing file /opt/airflow/dags/ingestion_energydata_dag.py for tasks to queue
[2023-02-07T10:14:54.435+0000] {logging_mixin.py:137} INFO - [2023-02-07T10:14:54.435+0000] {dagbag.py:538} INFO - Filling up the DagBag from /opt/airflow/dags/ingestion_energydata_dag.py
[2023-02-07T10:14:54.455+0000] {processor.py:753} INFO - DAG(s) dict_keys(['entsoe-energydata-backfill']) retrieved from /opt/airflow/dags/ingestion_energydata_dag.py
[2023-02-07T10:14:54.482+0000] {logging_mixin.py:137} INFO - [2023-02-07T10:14:54.482+0000] {dag.py:2676} INFO - Sync 1 DAGs
[2023-02-07T10:14:54.504+0000] {logging_mixin.py:137} INFO - [2023-02-07T10:14:54.503+0000] {dag.py:3423} INFO - Setting next_dagrun for entsoe-energydata-backfill to None, run_after=None
[2023-02-07T10:14:54.519+0000] {processor.py:175} INFO - Processing /opt/airflow/dags/ingestion_energydata_dag.py took 0.089 seconds
[2023-02-07T10:15:24.608+0000] {processor.py:153} INFO - Started process (PID=1212) to work on /opt/airflow/dags/ingestion_energydata_dag.py
[2023-02-07T10:15:24.618+0000] {processor.py:743} INFO - Processing file /opt/airflow/dags/ingestion_energydata_dag.py for tasks to queue
[2023-02-07T10:15:24.619+0000] {logging_mixin.py:137} INFO - [2023-02-07T10:15:24.619+0000] {dagbag.py:538} INFO - Filling up the DagBag from /opt/airflow/dags/ingestion_energydata_dag.py
[2023-02-07T10:15:24.690+0000] {processor.py:753} INFO - DAG(s) dict_keys(['entsoe-energydata-backfill']) retrieved from /opt/airflow/dags/ingestion_energydata_dag.py
[2023-02-07T10:15:24.755+0000] {logging_mixin.py:137} INFO - [2023-02-07T10:15:24.754+0000] {dag.py:2676} INFO - Sync 1 DAGs
[2023-02-07T10:15:24.833+0000] {logging_mixin.py:137} INFO - [2023-02-07T10:15:24.833+0000] {dag.py:3423} INFO - Setting next_dagrun for entsoe-energydata-backfill to None, run_after=None
[2023-02-07T10:15:24.872+0000] {processor.py:175} INFO - Processing /opt/airflow/dags/ingestion_energydata_dag.py took 0.269 seconds
[2023-02-07T10:15:55.051+0000] {processor.py:153} INFO - Started process (PID=1241) to work on /opt/airflow/dags/ingestion_energydata_dag.py
[2023-02-07T10:15:55.052+0000] {processor.py:743} INFO - Processing file /opt/airflow/dags/ingestion_energydata_dag.py for tasks to queue
[2023-02-07T10:15:55.053+0000] {logging_mixin.py:137} INFO - [2023-02-07T10:15:55.053+0000] {dagbag.py:538} INFO - Filling up the DagBag from /opt/airflow/dags/ingestion_energydata_dag.py
[2023-02-07T10:15:55.109+0000] {processor.py:753} INFO - DAG(s) dict_keys(['entsoe-energydata-backfill']) retrieved from /opt/airflow/dags/ingestion_energydata_dag.py
[2023-02-07T10:15:55.155+0000] {logging_mixin.py:137} INFO - [2023-02-07T10:15:55.155+0000] {dag.py:2676} INFO - Sync 1 DAGs
[2023-02-07T10:15:55.197+0000] {logging_mixin.py:137} INFO - [2023-02-07T10:15:55.197+0000] {dag.py:3423} INFO - Setting next_dagrun for entsoe-energydata-backfill to None, run_after=None
[2023-02-07T10:15:55.223+0000] {processor.py:175} INFO - Processing /opt/airflow/dags/ingestion_energydata_dag.py took 0.178 seconds
[2023-02-07T10:16:25.359+0000] {processor.py:153} INFO - Started process (PID=1270) to work on /opt/airflow/dags/ingestion_energydata_dag.py
[2023-02-07T10:16:25.360+0000] {processor.py:743} INFO - Processing file /opt/airflow/dags/ingestion_energydata_dag.py for tasks to queue
[2023-02-07T10:16:25.360+0000] {logging_mixin.py:137} INFO - [2023-02-07T10:16:25.360+0000] {dagbag.py:538} INFO - Filling up the DagBag from /opt/airflow/dags/ingestion_energydata_dag.py
[2023-02-07T10:16:25.380+0000] {processor.py:753} INFO - DAG(s) dict_keys(['entsoe-energydata-backfill']) retrieved from /opt/airflow/dags/ingestion_energydata_dag.py
[2023-02-07T10:16:25.399+0000] {logging_mixin.py:137} INFO - [2023-02-07T10:16:25.399+0000] {dag.py:2676} INFO - Sync 1 DAGs
[2023-02-07T10:16:25.418+0000] {logging_mixin.py:137} INFO - [2023-02-07T10:16:25.418+0000] {dag.py:3423} INFO - Setting next_dagrun for entsoe-energydata-backfill to None, run_after=None
[2023-02-07T10:16:25.432+0000] {processor.py:175} INFO - Processing /opt/airflow/dags/ingestion_energydata_dag.py took 0.075 seconds
[2023-02-07T10:16:55.587+0000] {processor.py:153} INFO - Started process (PID=1299) to work on /opt/airflow/dags/ingestion_energydata_dag.py
[2023-02-07T10:16:55.596+0000] {processor.py:743} INFO - Processing file /opt/airflow/dags/ingestion_energydata_dag.py for tasks to queue
[2023-02-07T10:16:55.597+0000] {logging_mixin.py:137} INFO - [2023-02-07T10:16:55.597+0000] {dagbag.py:538} INFO - Filling up the DagBag from /opt/airflow/dags/ingestion_energydata_dag.py
[2023-02-07T10:16:55.617+0000] {processor.py:753} INFO - DAG(s) dict_keys(['entsoe-energydata-backfill']) retrieved from /opt/airflow/dags/ingestion_energydata_dag.py
[2023-02-07T10:16:55.637+0000] {logging_mixin.py:137} INFO - [2023-02-07T10:16:55.637+0000] {dag.py:2676} INFO - Sync 1 DAGs
[2023-02-07T10:16:55.656+0000] {logging_mixin.py:137} INFO - [2023-02-07T10:16:55.656+0000] {dag.py:3423} INFO - Setting next_dagrun for entsoe-energydata-backfill to None, run_after=None
[2023-02-07T10:16:55.669+0000] {processor.py:175} INFO - Processing /opt/airflow/dags/ingestion_energydata_dag.py took 0.086 seconds
[2023-02-07T10:17:25.812+0000] {processor.py:153} INFO - Started process (PID=1327) to work on /opt/airflow/dags/ingestion_energydata_dag.py
[2023-02-07T10:17:25.816+0000] {processor.py:743} INFO - Processing file /opt/airflow/dags/ingestion_energydata_dag.py for tasks to queue
[2023-02-07T10:17:25.817+0000] {logging_mixin.py:137} INFO - [2023-02-07T10:17:25.817+0000] {dagbag.py:538} INFO - Filling up the DagBag from /opt/airflow/dags/ingestion_energydata_dag.py
[2023-02-07T10:17:25.845+0000] {processor.py:753} INFO - DAG(s) dict_keys(['entsoe-energydata-backfill']) retrieved from /opt/airflow/dags/ingestion_energydata_dag.py
[2023-02-07T10:17:25.871+0000] {logging_mixin.py:137} INFO - [2023-02-07T10:17:25.870+0000] {dag.py:2676} INFO - Sync 1 DAGs
[2023-02-07T10:17:25.891+0000] {logging_mixin.py:137} INFO - [2023-02-07T10:17:25.890+0000] {dag.py:3423} INFO - Setting next_dagrun for entsoe-energydata-backfill to None, run_after=None
[2023-02-07T10:17:25.906+0000] {processor.py:175} INFO - Processing /opt/airflow/dags/ingestion_energydata_dag.py took 0.097 seconds
[2023-02-07T10:17:56.026+0000] {processor.py:153} INFO - Started process (PID=1364) to work on /opt/airflow/dags/ingestion_energydata_dag.py
[2023-02-07T10:17:56.034+0000] {processor.py:743} INFO - Processing file /opt/airflow/dags/ingestion_energydata_dag.py for tasks to queue
[2023-02-07T10:17:56.035+0000] {logging_mixin.py:137} INFO - [2023-02-07T10:17:56.035+0000] {dagbag.py:538} INFO - Filling up the DagBag from /opt/airflow/dags/ingestion_energydata_dag.py
[2023-02-07T10:17:56.058+0000] {processor.py:753} INFO - DAG(s) dict_keys(['entsoe-energydata-backfill']) retrieved from /opt/airflow/dags/ingestion_energydata_dag.py
[2023-02-07T10:17:56.080+0000] {logging_mixin.py:137} INFO - [2023-02-07T10:17:56.079+0000] {dag.py:2676} INFO - Sync 1 DAGs
[2023-02-07T10:17:56.101+0000] {logging_mixin.py:137} INFO - [2023-02-07T10:17:56.101+0000] {dag.py:3423} INFO - Setting next_dagrun for entsoe-energydata-backfill to None, run_after=None
[2023-02-07T10:17:56.117+0000] {processor.py:175} INFO - Processing /opt/airflow/dags/ingestion_energydata_dag.py took 0.095 seconds
[2023-02-07T10:18:26.214+0000] {processor.py:153} INFO - Started process (PID=1400) to work on /opt/airflow/dags/ingestion_energydata_dag.py
[2023-02-07T10:18:26.223+0000] {processor.py:743} INFO - Processing file /opt/airflow/dags/ingestion_energydata_dag.py for tasks to queue
[2023-02-07T10:18:26.224+0000] {logging_mixin.py:137} INFO - [2023-02-07T10:18:26.224+0000] {dagbag.py:538} INFO - Filling up the DagBag from /opt/airflow/dags/ingestion_energydata_dag.py
[2023-02-07T10:18:26.264+0000] {processor.py:753} INFO - DAG(s) dict_keys(['entsoe-energydata-backfill']) retrieved from /opt/airflow/dags/ingestion_energydata_dag.py
[2023-02-07T10:18:26.297+0000] {logging_mixin.py:137} INFO - [2023-02-07T10:18:26.297+0000] {dag.py:2676} INFO - Sync 1 DAGs
[2023-02-07T10:18:26.335+0000] {logging_mixin.py:137} INFO - [2023-02-07T10:18:26.334+0000] {dag.py:3423} INFO - Setting next_dagrun for entsoe-energydata-backfill to None, run_after=None
[2023-02-07T10:18:26.366+0000] {processor.py:175} INFO - Processing /opt/airflow/dags/ingestion_energydata_dag.py took 0.157 seconds
[2023-02-07T10:18:56.400+0000] {processor.py:153} INFO - Started process (PID=1428) to work on /opt/airflow/dags/ingestion_energydata_dag.py
[2023-02-07T10:18:56.409+0000] {processor.py:743} INFO - Processing file /opt/airflow/dags/ingestion_energydata_dag.py for tasks to queue
[2023-02-07T10:18:56.409+0000] {logging_mixin.py:137} INFO - [2023-02-07T10:18:56.409+0000] {dagbag.py:538} INFO - Filling up the DagBag from /opt/airflow/dags/ingestion_energydata_dag.py
[2023-02-07T10:18:56.435+0000] {processor.py:753} INFO - DAG(s) dict_keys(['entsoe-energydata-backfill']) retrieved from /opt/airflow/dags/ingestion_energydata_dag.py
[2023-02-07T10:18:56.460+0000] {logging_mixin.py:137} INFO - [2023-02-07T10:18:56.460+0000] {dag.py:2676} INFO - Sync 1 DAGs
[2023-02-07T10:18:56.486+0000] {logging_mixin.py:137} INFO - [2023-02-07T10:18:56.486+0000] {dag.py:3423} INFO - Setting next_dagrun for entsoe-energydata-backfill to None, run_after=None
[2023-02-07T10:18:56.504+0000] {processor.py:175} INFO - Processing /opt/airflow/dags/ingestion_energydata_dag.py took 0.108 seconds
[2023-02-07T10:19:26.713+0000] {processor.py:153} INFO - Started process (PID=1457) to work on /opt/airflow/dags/ingestion_energydata_dag.py
[2023-02-07T10:19:26.719+0000] {processor.py:743} INFO - Processing file /opt/airflow/dags/ingestion_energydata_dag.py for tasks to queue
[2023-02-07T10:19:26.721+0000] {logging_mixin.py:137} INFO - [2023-02-07T10:19:26.720+0000] {dagbag.py:538} INFO - Filling up the DagBag from /opt/airflow/dags/ingestion_energydata_dag.py
[2023-02-07T10:19:26.744+0000] {processor.py:753} INFO - DAG(s) dict_keys(['entsoe-energydata-backfill']) retrieved from /opt/airflow/dags/ingestion_energydata_dag.py
[2023-02-07T10:19:26.764+0000] {logging_mixin.py:137} INFO - [2023-02-07T10:19:26.763+0000] {dag.py:2676} INFO - Sync 1 DAGs
[2023-02-07T10:19:26.788+0000] {logging_mixin.py:137} INFO - [2023-02-07T10:19:26.788+0000] {dag.py:3423} INFO - Setting next_dagrun for entsoe-energydata-backfill to None, run_after=None
[2023-02-07T10:19:26.803+0000] {processor.py:175} INFO - Processing /opt/airflow/dags/ingestion_energydata_dag.py took 0.092 seconds
[2023-02-07T10:19:56.915+0000] {processor.py:153} INFO - Started process (PID=1486) to work on /opt/airflow/dags/ingestion_energydata_dag.py
[2023-02-07T10:19:56.925+0000] {processor.py:743} INFO - Processing file /opt/airflow/dags/ingestion_energydata_dag.py for tasks to queue
[2023-02-07T10:19:56.926+0000] {logging_mixin.py:137} INFO - [2023-02-07T10:19:56.926+0000] {dagbag.py:538} INFO - Filling up the DagBag from /opt/airflow/dags/ingestion_energydata_dag.py
[2023-02-07T10:19:56.964+0000] {processor.py:753} INFO - DAG(s) dict_keys(['entsoe-energydata-backfill']) retrieved from /opt/airflow/dags/ingestion_energydata_dag.py
[2023-02-07T10:19:56.998+0000] {logging_mixin.py:137} INFO - [2023-02-07T10:19:56.998+0000] {dag.py:2676} INFO - Sync 1 DAGs
[2023-02-07T10:19:57.027+0000] {logging_mixin.py:137} INFO - [2023-02-07T10:19:57.026+0000] {dag.py:3423} INFO - Setting next_dagrun for entsoe-energydata-backfill to None, run_after=None
[2023-02-07T10:19:57.059+0000] {processor.py:175} INFO - Processing /opt/airflow/dags/ingestion_energydata_dag.py took 0.148 seconds
[2023-02-07T10:20:27.094+0000] {processor.py:153} INFO - Started process (PID=1516) to work on /opt/airflow/dags/ingestion_energydata_dag.py
[2023-02-07T10:20:27.103+0000] {processor.py:743} INFO - Processing file /opt/airflow/dags/ingestion_energydata_dag.py for tasks to queue
[2023-02-07T10:20:27.103+0000] {logging_mixin.py:137} INFO - [2023-02-07T10:20:27.103+0000] {dagbag.py:538} INFO - Filling up the DagBag from /opt/airflow/dags/ingestion_energydata_dag.py
[2023-02-07T10:20:27.140+0000] {processor.py:753} INFO - DAG(s) dict_keys(['entsoe-energydata-backfill']) retrieved from /opt/airflow/dags/ingestion_energydata_dag.py
[2023-02-07T10:20:27.171+0000] {logging_mixin.py:137} INFO - [2023-02-07T10:20:27.171+0000] {dag.py:2676} INFO - Sync 1 DAGs
[2023-02-07T10:20:27.200+0000] {logging_mixin.py:137} INFO - [2023-02-07T10:20:27.200+0000] {dag.py:3423} INFO - Setting next_dagrun for entsoe-energydata-backfill to None, run_after=None
[2023-02-07T10:20:27.234+0000] {processor.py:175} INFO - Processing /opt/airflow/dags/ingestion_energydata_dag.py took 0.144 seconds
[2023-02-07T10:20:57.417+0000] {processor.py:153} INFO - Started process (PID=1545) to work on /opt/airflow/dags/ingestion_energydata_dag.py
[2023-02-07T10:20:57.426+0000] {processor.py:743} INFO - Processing file /opt/airflow/dags/ingestion_energydata_dag.py for tasks to queue
[2023-02-07T10:20:57.427+0000] {logging_mixin.py:137} INFO - [2023-02-07T10:20:57.427+0000] {dagbag.py:538} INFO - Filling up the DagBag from /opt/airflow/dags/ingestion_energydata_dag.py
[2023-02-07T10:20:57.458+0000] {processor.py:753} INFO - DAG(s) dict_keys(['entsoe-energydata-backfill']) retrieved from /opt/airflow/dags/ingestion_energydata_dag.py
[2023-02-07T10:20:57.481+0000] {logging_mixin.py:137} INFO - [2023-02-07T10:20:57.481+0000] {dag.py:2676} INFO - Sync 1 DAGs
[2023-02-07T10:20:57.501+0000] {logging_mixin.py:137} INFO - [2023-02-07T10:20:57.501+0000] {dag.py:3423} INFO - Setting next_dagrun for entsoe-energydata-backfill to None, run_after=None
[2023-02-07T10:20:57.522+0000] {processor.py:175} INFO - Processing /opt/airflow/dags/ingestion_energydata_dag.py took 0.109 seconds
[2023-02-07T10:21:27.650+0000] {processor.py:153} INFO - Started process (PID=1581) to work on /opt/airflow/dags/ingestion_energydata_dag.py
[2023-02-07T10:21:27.652+0000] {processor.py:743} INFO - Processing file /opt/airflow/dags/ingestion_energydata_dag.py for tasks to queue
[2023-02-07T10:21:27.653+0000] {logging_mixin.py:137} INFO - [2023-02-07T10:21:27.653+0000] {dagbag.py:538} INFO - Filling up the DagBag from /opt/airflow/dags/ingestion_energydata_dag.py
[2023-02-07T10:21:27.720+0000] {processor.py:753} INFO - DAG(s) dict_keys(['entsoe-energydata-backfill']) retrieved from /opt/airflow/dags/ingestion_energydata_dag.py
[2023-02-07T10:21:27.780+0000] {logging_mixin.py:137} INFO - [2023-02-07T10:21:27.780+0000] {dag.py:2676} INFO - Sync 1 DAGs
[2023-02-07T10:21:27.841+0000] {logging_mixin.py:137} INFO - [2023-02-07T10:21:27.841+0000] {dag.py:3423} INFO - Setting next_dagrun for entsoe-energydata-backfill to None, run_after=None
[2023-02-07T10:21:27.879+0000] {processor.py:175} INFO - Processing /opt/airflow/dags/ingestion_energydata_dag.py took 0.238 seconds
[2023-02-07T10:21:58.132+0000] {processor.py:153} INFO - Started process (PID=1610) to work on /opt/airflow/dags/ingestion_energydata_dag.py
[2023-02-07T10:21:58.133+0000] {processor.py:743} INFO - Processing file /opt/airflow/dags/ingestion_energydata_dag.py for tasks to queue
[2023-02-07T10:21:58.133+0000] {logging_mixin.py:137} INFO - [2023-02-07T10:21:58.133+0000] {dagbag.py:538} INFO - Filling up the DagBag from /opt/airflow/dags/ingestion_energydata_dag.py
[2023-02-07T10:21:58.169+0000] {processor.py:753} INFO - DAG(s) dict_keys(['entsoe-energydata-backfill']) retrieved from /opt/airflow/dags/ingestion_energydata_dag.py
[2023-02-07T10:21:58.204+0000] {logging_mixin.py:137} INFO - [2023-02-07T10:21:58.204+0000] {dag.py:2676} INFO - Sync 1 DAGs
[2023-02-07T10:21:58.256+0000] {logging_mixin.py:137} INFO - [2023-02-07T10:21:58.256+0000] {dag.py:3423} INFO - Setting next_dagrun for entsoe-energydata-backfill to None, run_after=None
[2023-02-07T10:21:58.282+0000] {processor.py:175} INFO - Processing /opt/airflow/dags/ingestion_energydata_dag.py took 0.155 seconds
[2023-02-07T10:22:28.456+0000] {processor.py:153} INFO - Started process (PID=1646) to work on /opt/airflow/dags/ingestion_energydata_dag.py
[2023-02-07T10:22:28.457+0000] {processor.py:743} INFO - Processing file /opt/airflow/dags/ingestion_energydata_dag.py for tasks to queue
[2023-02-07T10:22:28.458+0000] {logging_mixin.py:137} INFO - [2023-02-07T10:22:28.458+0000] {dagbag.py:538} INFO - Filling up the DagBag from /opt/airflow/dags/ingestion_energydata_dag.py
[2023-02-07T10:22:28.514+0000] {processor.py:753} INFO - DAG(s) dict_keys(['entsoe-energydata-backfill']) retrieved from /opt/airflow/dags/ingestion_energydata_dag.py
[2023-02-07T10:22:28.562+0000] {logging_mixin.py:137} INFO - [2023-02-07T10:22:28.562+0000] {dag.py:2676} INFO - Sync 1 DAGs
[2023-02-07T10:22:28.620+0000] {logging_mixin.py:137} INFO - [2023-02-07T10:22:28.620+0000] {dag.py:3423} INFO - Setting next_dagrun for entsoe-energydata-backfill to None, run_after=None
[2023-02-07T10:22:28.661+0000] {processor.py:175} INFO - Processing /opt/airflow/dags/ingestion_energydata_dag.py took 0.211 seconds
[2023-02-07T10:22:58.742+0000] {processor.py:153} INFO - Started process (PID=1661) to work on /opt/airflow/dags/ingestion_energydata_dag.py
[2023-02-07T10:22:58.744+0000] {processor.py:743} INFO - Processing file /opt/airflow/dags/ingestion_energydata_dag.py for tasks to queue
[2023-02-07T10:22:58.745+0000] {logging_mixin.py:137} INFO - [2023-02-07T10:22:58.745+0000] {dagbag.py:538} INFO - Filling up the DagBag from /opt/airflow/dags/ingestion_energydata_dag.py
[2023-02-07T10:22:58.779+0000] {processor.py:753} INFO - DAG(s) dict_keys(['entsoe-energydata-backfill']) retrieved from /opt/airflow/dags/ingestion_energydata_dag.py
[2023-02-07T10:22:58.814+0000] {logging_mixin.py:137} INFO - [2023-02-07T10:22:58.814+0000] {dag.py:2676} INFO - Sync 1 DAGs
[2023-02-07T10:22:58.847+0000] {logging_mixin.py:137} INFO - [2023-02-07T10:22:58.847+0000] {dag.py:3423} INFO - Setting next_dagrun for entsoe-energydata-backfill to None, run_after=None
[2023-02-07T10:22:58.874+0000] {processor.py:175} INFO - Processing /opt/airflow/dags/ingestion_energydata_dag.py took 0.138 seconds
[2023-02-07T10:23:29.088+0000] {processor.py:153} INFO - Started process (PID=1704) to work on /opt/airflow/dags/ingestion_energydata_dag.py
[2023-02-07T10:23:29.097+0000] {processor.py:743} INFO - Processing file /opt/airflow/dags/ingestion_energydata_dag.py for tasks to queue
[2023-02-07T10:23:29.098+0000] {logging_mixin.py:137} INFO - [2023-02-07T10:23:29.098+0000] {dagbag.py:538} INFO - Filling up the DagBag from /opt/airflow/dags/ingestion_energydata_dag.py
[2023-02-07T10:23:29.125+0000] {processor.py:753} INFO - DAG(s) dict_keys(['entsoe-energydata-backfill']) retrieved from /opt/airflow/dags/ingestion_energydata_dag.py
[2023-02-07T10:23:29.150+0000] {logging_mixin.py:137} INFO - [2023-02-07T10:23:29.150+0000] {dag.py:2676} INFO - Sync 1 DAGs
[2023-02-07T10:23:29.170+0000] {logging_mixin.py:137} INFO - [2023-02-07T10:23:29.170+0000] {dag.py:3423} INFO - Setting next_dagrun for entsoe-energydata-backfill to None, run_after=None
[2023-02-07T10:23:29.187+0000] {processor.py:175} INFO - Processing /opt/airflow/dags/ingestion_energydata_dag.py took 0.102 seconds
[2023-02-07T10:23:59.337+0000] {processor.py:153} INFO - Started process (PID=1733) to work on /opt/airflow/dags/ingestion_energydata_dag.py
[2023-02-07T10:23:59.346+0000] {processor.py:743} INFO - Processing file /opt/airflow/dags/ingestion_energydata_dag.py for tasks to queue
[2023-02-07T10:23:59.347+0000] {logging_mixin.py:137} INFO - [2023-02-07T10:23:59.347+0000] {dagbag.py:538} INFO - Filling up the DagBag from /opt/airflow/dags/ingestion_energydata_dag.py
[2023-02-07T10:23:59.398+0000] {processor.py:753} INFO - DAG(s) dict_keys(['entsoe-energydata-backfill']) retrieved from /opt/airflow/dags/ingestion_energydata_dag.py
[2023-02-07T10:23:59.455+0000] {logging_mixin.py:137} INFO - [2023-02-07T10:23:59.455+0000] {dag.py:2676} INFO - Sync 1 DAGs
[2023-02-07T10:23:59.529+0000] {logging_mixin.py:137} INFO - [2023-02-07T10:23:59.529+0000] {dag.py:3423} INFO - Setting next_dagrun for entsoe-energydata-backfill to None, run_after=None
[2023-02-07T10:23:59.569+0000] {processor.py:175} INFO - Processing /opt/airflow/dags/ingestion_energydata_dag.py took 0.238 seconds
[2023-02-07T10:24:29.934+0000] {processor.py:153} INFO - Started process (PID=1756) to work on /opt/airflow/dags/ingestion_energydata_dag.py
[2023-02-07T10:24:29.936+0000] {processor.py:743} INFO - Processing file /opt/airflow/dags/ingestion_energydata_dag.py for tasks to queue
[2023-02-07T10:24:29.938+0000] {logging_mixin.py:137} INFO - [2023-02-07T10:24:29.937+0000] {dagbag.py:538} INFO - Filling up the DagBag from /opt/airflow/dags/ingestion_energydata_dag.py
[2023-02-07T10:24:30.051+0000] {processor.py:753} INFO - DAG(s) dict_keys(['entsoe-energydata-backfill']) retrieved from /opt/airflow/dags/ingestion_energydata_dag.py
[2023-02-07T10:24:30.129+0000] {logging_mixin.py:137} INFO - [2023-02-07T10:24:30.128+0000] {dag.py:2676} INFO - Sync 1 DAGs
[2023-02-07T10:24:30.206+0000] {logging_mixin.py:137} INFO - [2023-02-07T10:24:30.206+0000] {dag.py:3423} INFO - Setting next_dagrun for entsoe-energydata-backfill to None, run_after=None
[2023-02-07T10:24:30.285+0000] {processor.py:175} INFO - Processing /opt/airflow/dags/ingestion_energydata_dag.py took 0.359 seconds
[2023-02-07T10:25:00.692+0000] {processor.py:153} INFO - Started process (PID=1777) to work on /opt/airflow/dags/ingestion_energydata_dag.py
[2023-02-07T10:25:00.695+0000] {processor.py:743} INFO - Processing file /opt/airflow/dags/ingestion_energydata_dag.py for tasks to queue
[2023-02-07T10:25:00.697+0000] {logging_mixin.py:137} INFO - [2023-02-07T10:25:00.696+0000] {dagbag.py:538} INFO - Filling up the DagBag from /opt/airflow/dags/ingestion_energydata_dag.py
[2023-02-07T10:25:00.805+0000] {processor.py:753} INFO - DAG(s) dict_keys(['entsoe-energydata-backfill']) retrieved from /opt/airflow/dags/ingestion_energydata_dag.py
[2023-02-07T10:25:00.877+0000] {logging_mixin.py:137} INFO - [2023-02-07T10:25:00.877+0000] {dag.py:2676} INFO - Sync 1 DAGs
[2023-02-07T10:25:00.970+0000] {logging_mixin.py:137} INFO - [2023-02-07T10:25:00.969+0000] {dag.py:3423} INFO - Setting next_dagrun for entsoe-energydata-backfill to None, run_after=None
[2023-02-07T10:25:01.035+0000] {processor.py:175} INFO - Processing /opt/airflow/dags/ingestion_energydata_dag.py took 0.352 seconds
[2023-02-07T10:25:31.283+0000] {processor.py:153} INFO - Started process (PID=1806) to work on /opt/airflow/dags/ingestion_energydata_dag.py
[2023-02-07T10:25:31.285+0000] {processor.py:743} INFO - Processing file /opt/airflow/dags/ingestion_energydata_dag.py for tasks to queue
[2023-02-07T10:25:31.286+0000] {logging_mixin.py:137} INFO - [2023-02-07T10:25:31.286+0000] {dagbag.py:538} INFO - Filling up the DagBag from /opt/airflow/dags/ingestion_energydata_dag.py
[2023-02-07T10:25:31.340+0000] {processor.py:753} INFO - DAG(s) dict_keys(['entsoe-energydata-backfill']) retrieved from /opt/airflow/dags/ingestion_energydata_dag.py
[2023-02-07T10:25:31.392+0000] {logging_mixin.py:137} INFO - [2023-02-07T10:25:31.392+0000] {dag.py:2676} INFO - Sync 1 DAGs
[2023-02-07T10:25:31.443+0000] {logging_mixin.py:137} INFO - [2023-02-07T10:25:31.443+0000] {dag.py:3423} INFO - Setting next_dagrun for entsoe-energydata-backfill to None, run_after=None
[2023-02-07T10:25:31.477+0000] {processor.py:175} INFO - Processing /opt/airflow/dags/ingestion_energydata_dag.py took 0.202 seconds
[2023-02-07T10:26:01.655+0000] {processor.py:153} INFO - Started process (PID=1835) to work on /opt/airflow/dags/ingestion_energydata_dag.py
[2023-02-07T10:26:01.664+0000] {processor.py:743} INFO - Processing file /opt/airflow/dags/ingestion_energydata_dag.py for tasks to queue
[2023-02-07T10:26:01.665+0000] {logging_mixin.py:137} INFO - [2023-02-07T10:26:01.664+0000] {dagbag.py:538} INFO - Filling up the DagBag from /opt/airflow/dags/ingestion_energydata_dag.py
[2023-02-07T10:26:01.694+0000] {processor.py:753} INFO - DAG(s) dict_keys(['entsoe-energydata-backfill']) retrieved from /opt/airflow/dags/ingestion_energydata_dag.py
[2023-02-07T10:26:01.720+0000] {logging_mixin.py:137} INFO - [2023-02-07T10:26:01.720+0000] {dag.py:2676} INFO - Sync 1 DAGs
[2023-02-07T10:26:01.749+0000] {logging_mixin.py:137} INFO - [2023-02-07T10:26:01.749+0000] {dag.py:3423} INFO - Setting next_dagrun for entsoe-energydata-backfill to None, run_after=None
[2023-02-07T10:26:01.771+0000] {processor.py:175} INFO - Processing /opt/airflow/dags/ingestion_energydata_dag.py took 0.120 seconds
[2023-02-07T10:26:31.812+0000] {processor.py:153} INFO - Started process (PID=1864) to work on /opt/airflow/dags/ingestion_energydata_dag.py
[2023-02-07T10:26:31.821+0000] {processor.py:743} INFO - Processing file /opt/airflow/dags/ingestion_energydata_dag.py for tasks to queue
[2023-02-07T10:26:31.821+0000] {logging_mixin.py:137} INFO - [2023-02-07T10:26:31.821+0000] {dagbag.py:538} INFO - Filling up the DagBag from /opt/airflow/dags/ingestion_energydata_dag.py
[2023-02-07T10:26:31.854+0000] {processor.py:753} INFO - DAG(s) dict_keys(['entsoe-energydata-backfill']) retrieved from /opt/airflow/dags/ingestion_energydata_dag.py
[2023-02-07T10:26:31.886+0000] {logging_mixin.py:137} INFO - [2023-02-07T10:26:31.886+0000] {dag.py:2676} INFO - Sync 1 DAGs
[2023-02-07T10:26:31.915+0000] {logging_mixin.py:137} INFO - [2023-02-07T10:26:31.914+0000] {dag.py:3423} INFO - Setting next_dagrun for entsoe-energydata-backfill to None, run_after=None
[2023-02-07T10:26:31.936+0000] {processor.py:175} INFO - Processing /opt/airflow/dags/ingestion_energydata_dag.py took 0.127 seconds
[2023-02-07T10:27:02.183+0000] {processor.py:153} INFO - Started process (PID=1893) to work on /opt/airflow/dags/ingestion_energydata_dag.py
[2023-02-07T10:27:02.184+0000] {processor.py:743} INFO - Processing file /opt/airflow/dags/ingestion_energydata_dag.py for tasks to queue
[2023-02-07T10:27:02.185+0000] {logging_mixin.py:137} INFO - [2023-02-07T10:27:02.185+0000] {dagbag.py:538} INFO - Filling up the DagBag from /opt/airflow/dags/ingestion_energydata_dag.py
[2023-02-07T10:27:02.211+0000] {processor.py:753} INFO - DAG(s) dict_keys(['entsoe-energydata-backfill']) retrieved from /opt/airflow/dags/ingestion_energydata_dag.py
[2023-02-07T10:27:02.232+0000] {logging_mixin.py:137} INFO - [2023-02-07T10:27:02.232+0000] {dag.py:2676} INFO - Sync 1 DAGs
[2023-02-07T10:27:02.251+0000] {logging_mixin.py:137} INFO - [2023-02-07T10:27:02.251+0000] {dag.py:3423} INFO - Setting next_dagrun for entsoe-energydata-backfill to None, run_after=None
[2023-02-07T10:27:02.265+0000] {processor.py:175} INFO - Processing /opt/airflow/dags/ingestion_energydata_dag.py took 0.086 seconds
[2023-02-07T10:27:32.459+0000] {processor.py:153} INFO - Started process (PID=1922) to work on /opt/airflow/dags/ingestion_energydata_dag.py
[2023-02-07T10:27:32.462+0000] {processor.py:743} INFO - Processing file /opt/airflow/dags/ingestion_energydata_dag.py for tasks to queue
[2023-02-07T10:27:32.464+0000] {logging_mixin.py:137} INFO - [2023-02-07T10:27:32.464+0000] {dagbag.py:538} INFO - Filling up the DagBag from /opt/airflow/dags/ingestion_energydata_dag.py
[2023-02-07T10:27:32.578+0000] {processor.py:753} INFO - DAG(s) dict_keys(['entsoe-energydata-backfill']) retrieved from /opt/airflow/dags/ingestion_energydata_dag.py
[2023-02-07T10:27:32.664+0000] {logging_mixin.py:137} INFO - [2023-02-07T10:27:32.664+0000] {dag.py:2676} INFO - Sync 1 DAGs
[2023-02-07T10:27:32.763+0000] {logging_mixin.py:137} INFO - [2023-02-07T10:27:32.763+0000] {dag.py:3423} INFO - Setting next_dagrun for entsoe-energydata-backfill to None, run_after=None
[2023-02-07T10:27:32.821+0000] {processor.py:175} INFO - Processing /opt/airflow/dags/ingestion_energydata_dag.py took 0.371 seconds
