[2023-01-31T05:10:48.227+0000] {taskinstance.py:1087} INFO - Dependencies all met for <TaskInstance: entsoe-energydata-backfill.extract_generation scheduled__2021-01-01T05:00:00+00:00 [queued]>
[2023-01-31T05:10:48.277+0000] {taskinstance.py:1087} INFO - Dependencies all met for <TaskInstance: entsoe-energydata-backfill.extract_generation scheduled__2021-01-01T05:00:00+00:00 [queued]>
[2023-01-31T05:10:48.277+0000] {taskinstance.py:1283} INFO - 
--------------------------------------------------------------------------------
[2023-01-31T05:10:48.278+0000] {taskinstance.py:1284} INFO - Starting attempt 1 of 4
[2023-01-31T05:10:48.278+0000] {taskinstance.py:1285} INFO - 
--------------------------------------------------------------------------------
[2023-01-31T05:10:48.322+0000] {taskinstance.py:1304} INFO - Executing <Task(PythonOperator): extract_generation> on 2021-01-01 05:00:00+00:00
[2023-01-31T05:10:48.341+0000] {standard_task_runner.py:55} INFO - Started process 12232 to run task
[2023-01-31T05:10:48.353+0000] {standard_task_runner.py:82} INFO - Running: ['***', 'tasks', 'run', 'entsoe-energydata-backfill', 'extract_generation', 'scheduled__2021-01-01T05:00:00+00:00', '--job-id', '876', '--raw', '--subdir', 'DAGS_FOLDER/ingestion_energydata_dag.py', '--cfg-path', '/tmp/tmplwvbbxlr']
[2023-01-31T05:10:48.361+0000] {standard_task_runner.py:83} INFO - Job 876: Subtask extract_generation
[2023-01-31T05:10:48.517+0000] {task_command.py:389} INFO - Running <TaskInstance: entsoe-energydata-backfill.extract_generation scheduled__2021-01-01T05:00:00+00:00 [running]> on host 81d5fcd0285b
[2023-01-31T05:10:48.725+0000] {taskinstance.py:1511} INFO - Exporting the following env vars:
AIRFLOW_CTX_DAG_OWNER=rafzul
AIRFLOW_CTX_DAG_ID=entsoe-energydata-backfill
AIRFLOW_CTX_TASK_ID=extract_generation
AIRFLOW_CTX_EXECUTION_DATE=2021-01-01T05:00:00+00:00
AIRFLOW_CTX_TRY_NUMBER=1
AIRFLOW_CTX_DAG_RUN_ID=scheduled__2021-01-01T05:00:00+00:00
[2023-01-31T05:10:50.242+0000] {crypto.py:83} WARNING - empty cryptography key - values will not be stored encrypted.
[2023-01-31T05:10:50.243+0000] {base.py:73} INFO - Using connection ID 'google_cloud_default' for task execution.
[2023-01-31T05:10:50.764+0000] {python.py:177} INFO - Done. Returned value was: None
[2023-01-31T05:10:50.834+0000] {taskinstance.py:1322} INFO - Marking task as SUCCESS. dag_id=entsoe-energydata-backfill, task_id=extract_generation, execution_date=20210101T050000, start_date=20230131T051048, end_date=20230131T051050
[2023-01-31T05:10:50.932+0000] {local_task_job.py:159} INFO - Task exited with return code 0
[2023-01-31T05:10:51.031+0000] {taskinstance.py:2582} INFO - 1 downstream tasks scheduled from follow-on schedule check
[2023-01-31T05:30:26.964+0000] {taskinstance.py:1087} INFO - Dependencies all met for <TaskInstance: entsoe-energydata-backfill.extract_generation scheduled__2021-01-01T05:00:00+00:00 [queued]>
[2023-01-31T05:30:27.017+0000] {taskinstance.py:1087} INFO - Dependencies all met for <TaskInstance: entsoe-energydata-backfill.extract_generation scheduled__2021-01-01T05:00:00+00:00 [queued]>
[2023-01-31T05:30:27.018+0000] {taskinstance.py:1283} INFO - 
--------------------------------------------------------------------------------
[2023-01-31T05:30:27.019+0000] {taskinstance.py:1284} INFO - Starting attempt 1 of 4
[2023-01-31T05:30:27.019+0000] {taskinstance.py:1285} INFO - 
--------------------------------------------------------------------------------
[2023-01-31T05:30:27.134+0000] {taskinstance.py:1304} INFO - Executing <Task(PythonOperator): extract_generation> on 2021-01-01 05:00:00+00:00
[2023-01-31T05:30:27.168+0000] {standard_task_runner.py:55} INFO - Started process 15700 to run task
[2023-01-31T05:30:27.204+0000] {standard_task_runner.py:82} INFO - Running: ['***', 'tasks', 'run', 'entsoe-energydata-backfill', 'extract_generation', 'scheduled__2021-01-01T05:00:00+00:00', '--job-id', '891', '--raw', '--subdir', 'DAGS_FOLDER/ingestion_energydata_dag.py', '--cfg-path', '/tmp/tmpf1jqpudb']
[2023-01-31T05:30:27.219+0000] {standard_task_runner.py:83} INFO - Job 891: Subtask extract_generation
[2023-01-31T05:30:27.597+0000] {task_command.py:389} INFO - Running <TaskInstance: entsoe-energydata-backfill.extract_generation scheduled__2021-01-01T05:00:00+00:00 [running]> on host 81d5fcd0285b
[2023-01-31T05:30:28.147+0000] {taskinstance.py:1511} INFO - Exporting the following env vars:
AIRFLOW_CTX_DAG_OWNER=rafzul
AIRFLOW_CTX_DAG_ID=entsoe-energydata-backfill
AIRFLOW_CTX_TASK_ID=extract_generation
AIRFLOW_CTX_EXECUTION_DATE=2021-01-01T05:00:00+00:00
AIRFLOW_CTX_TRY_NUMBER=1
AIRFLOW_CTX_DAG_RUN_ID=scheduled__2021-01-01T05:00:00+00:00
[2023-01-31T05:30:29.773+0000] {crypto.py:83} WARNING - empty cryptography key - values will not be stored encrypted.
[2023-01-31T05:30:29.775+0000] {base.py:73} INFO - Using connection ID 'google_cloud_default' for task execution.
[2023-01-31T05:30:30.494+0000] {python.py:177} INFO - Done. Returned value was: None
[2023-01-31T05:30:30.584+0000] {taskinstance.py:1322} INFO - Marking task as SUCCESS. dag_id=entsoe-energydata-backfill, task_id=extract_generation, execution_date=20210101T050000, start_date=20230131T053026, end_date=20230131T053030
[2023-01-31T05:30:30.743+0000] {local_task_job.py:159} INFO - Task exited with return code 0
[2023-01-31T05:30:31.202+0000] {taskinstance.py:2582} INFO - 0 downstream tasks scheduled from follow-on schedule check
[2023-01-31T07:38:34.512+0000] {taskinstance.py:1087} INFO - Dependencies all met for <TaskInstance: entsoe-energydata-backfill.extract_generation scheduled__2021-01-01T05:00:00+00:00 [queued]>
[2023-01-31T07:38:34.634+0000] {taskinstance.py:1087} INFO - Dependencies all met for <TaskInstance: entsoe-energydata-backfill.extract_generation scheduled__2021-01-01T05:00:00+00:00 [queued]>
[2023-01-31T07:38:34.635+0000] {taskinstance.py:1283} INFO - 
--------------------------------------------------------------------------------
[2023-01-31T07:38:34.636+0000] {taskinstance.py:1284} INFO - Starting attempt 1 of 4
[2023-01-31T07:38:34.636+0000] {taskinstance.py:1285} INFO - 
--------------------------------------------------------------------------------
[2023-01-31T07:38:34.879+0000] {taskinstance.py:1304} INFO - Executing <Task(PythonOperator): extract_generation> on 2021-01-01 05:00:00+00:00
[2023-01-31T07:38:34.972+0000] {standard_task_runner.py:55} INFO - Started process 25732 to run task
[2023-01-31T07:38:35.004+0000] {standard_task_runner.py:82} INFO - Running: ['***', 'tasks', 'run', 'entsoe-energydata-backfill', 'extract_generation', 'scheduled__2021-01-01T05:00:00+00:00', '--job-id', '905', '--raw', '--subdir', 'DAGS_FOLDER/ingestion_energydata_dag.py', '--cfg-path', '/tmp/tmp9f3q2ljq']
[2023-01-31T07:38:35.016+0000] {standard_task_runner.py:83} INFO - Job 905: Subtask extract_generation
[2023-01-31T07:38:35.419+0000] {task_command.py:389} INFO - Running <TaskInstance: entsoe-energydata-backfill.extract_generation scheduled__2021-01-01T05:00:00+00:00 [running]> on host 81d5fcd0285b
[2023-01-31T07:38:36.250+0000] {taskinstance.py:1511} INFO - Exporting the following env vars:
AIRFLOW_CTX_DAG_OWNER=rafzul
AIRFLOW_CTX_DAG_ID=entsoe-energydata-backfill
AIRFLOW_CTX_TASK_ID=extract_generation
AIRFLOW_CTX_EXECUTION_DATE=2021-01-01T05:00:00+00:00
AIRFLOW_CTX_TRY_NUMBER=1
AIRFLOW_CTX_DAG_RUN_ID=scheduled__2021-01-01T05:00:00+00:00
[2023-01-31T07:38:38.202+0000] {crypto.py:83} WARNING - empty cryptography key - values will not be stored encrypted.
[2023-01-31T07:38:38.203+0000] {base.py:73} INFO - Using connection ID 'google_cloud_default' for task execution.
[2023-01-31T07:38:39.222+0000] {python.py:177} INFO - Done. Returned value was: None
[2023-01-31T07:38:39.367+0000] {taskinstance.py:1322} INFO - Marking task as SUCCESS. dag_id=entsoe-energydata-backfill, task_id=extract_generation, execution_date=20210101T050000, start_date=20230131T073834, end_date=20230131T073839
[2023-01-31T07:38:39.681+0000] {local_task_job.py:159} INFO - Task exited with return code 0
[2023-01-31T07:38:39.833+0000] {taskinstance.py:2582} INFO - 1 downstream tasks scheduled from follow-on schedule check
[2023-01-31T08:21:28.409+0000] {taskinstance.py:1087} INFO - Dependencies all met for <TaskInstance: entsoe-energydata-backfill.extract_generation scheduled__2021-01-01T05:00:00+00:00 [queued]>
[2023-01-31T08:21:28.446+0000] {taskinstance.py:1087} INFO - Dependencies all met for <TaskInstance: entsoe-energydata-backfill.extract_generation scheduled__2021-01-01T05:00:00+00:00 [queued]>
[2023-01-31T08:21:28.447+0000] {taskinstance.py:1283} INFO - 
--------------------------------------------------------------------------------
[2023-01-31T08:21:28.447+0000] {taskinstance.py:1284} INFO - Starting attempt 1 of 4
[2023-01-31T08:21:28.448+0000] {taskinstance.py:1285} INFO - 
--------------------------------------------------------------------------------
[2023-01-31T08:21:28.496+0000] {taskinstance.py:1304} INFO - Executing <Task(PythonOperator): extract_generation> on 2021-01-01 05:00:00+00:00
[2023-01-31T08:21:28.517+0000] {standard_task_runner.py:55} INFO - Started process 2052 to run task
[2023-01-31T08:21:28.537+0000] {standard_task_runner.py:82} INFO - Running: ['***', 'tasks', 'run', 'entsoe-energydata-backfill', 'extract_generation', 'scheduled__2021-01-01T05:00:00+00:00', '--job-id', '921', '--raw', '--subdir', 'DAGS_FOLDER/ingestion_energydata_dag.py', '--cfg-path', '/tmp/tmpui_g6mfm']
[2023-01-31T08:21:28.544+0000] {standard_task_runner.py:83} INFO - Job 921: Subtask extract_generation
[2023-01-31T08:21:28.674+0000] {task_command.py:389} INFO - Running <TaskInstance: entsoe-energydata-backfill.extract_generation scheduled__2021-01-01T05:00:00+00:00 [running]> on host 81d5fcd0285b
[2023-01-31T08:21:28.812+0000] {taskinstance.py:1511} INFO - Exporting the following env vars:
AIRFLOW_CTX_DAG_OWNER=rafzul
AIRFLOW_CTX_DAG_ID=entsoe-energydata-backfill
AIRFLOW_CTX_TASK_ID=extract_generation
AIRFLOW_CTX_EXECUTION_DATE=2021-01-01T05:00:00+00:00
AIRFLOW_CTX_TRY_NUMBER=1
AIRFLOW_CTX_DAG_RUN_ID=scheduled__2021-01-01T05:00:00+00:00
[2023-01-31T08:21:30.561+0000] {crypto.py:83} WARNING - empty cryptography key - values will not be stored encrypted.
[2023-01-31T08:21:30.563+0000] {base.py:73} INFO - Using connection ID 'google_cloud_default' for task execution.
[2023-01-31T08:21:30.968+0000] {python.py:177} INFO - Done. Returned value was: None
[2023-01-31T08:21:31.022+0000] {taskinstance.py:1322} INFO - Marking task as SUCCESS. dag_id=entsoe-energydata-backfill, task_id=extract_generation, execution_date=20210101T050000, start_date=20230131T082128, end_date=20230131T082131
[2023-01-31T08:21:31.110+0000] {local_task_job.py:159} INFO - Task exited with return code 0
[2023-01-31T08:21:31.226+0000] {taskinstance.py:2582} INFO - 0 downstream tasks scheduled from follow-on schedule check
[2023-01-31T08:30:16.742+0000] {taskinstance.py:1087} INFO - Dependencies all met for <TaskInstance: entsoe-energydata-backfill.extract_generation scheduled__2021-01-01T05:00:00+00:00 [queued]>
[2023-01-31T08:30:16.777+0000] {taskinstance.py:1087} INFO - Dependencies all met for <TaskInstance: entsoe-energydata-backfill.extract_generation scheduled__2021-01-01T05:00:00+00:00 [queued]>
[2023-01-31T08:30:16.777+0000] {taskinstance.py:1283} INFO - 
--------------------------------------------------------------------------------
[2023-01-31T08:30:16.778+0000] {taskinstance.py:1284} INFO - Starting attempt 1 of 4
[2023-01-31T08:30:16.778+0000] {taskinstance.py:1285} INFO - 
--------------------------------------------------------------------------------
[2023-01-31T08:30:16.814+0000] {taskinstance.py:1304} INFO - Executing <Task(PythonOperator): extract_generation> on 2021-01-01 05:00:00+00:00
[2023-01-31T08:30:16.830+0000] {standard_task_runner.py:55} INFO - Started process 245 to run task
[2023-01-31T08:30:16.848+0000] {standard_task_runner.py:82} INFO - Running: ['***', 'tasks', 'run', 'entsoe-energydata-backfill', 'extract_generation', 'scheduled__2021-01-01T05:00:00+00:00', '--job-id', '935', '--raw', '--subdir', 'DAGS_FOLDER/ingestion_energydata_dag.py', '--cfg-path', '/tmp/tmp8e6rf20l']
[2023-01-31T08:30:16.856+0000] {standard_task_runner.py:83} INFO - Job 935: Subtask extract_generation
[2023-01-31T08:30:17.210+0000] {task_command.py:389} INFO - Running <TaskInstance: entsoe-energydata-backfill.extract_generation scheduled__2021-01-01T05:00:00+00:00 [running]> on host 4475e39484c1
[2023-01-31T08:30:17.531+0000] {taskinstance.py:1511} INFO - Exporting the following env vars:
AIRFLOW_CTX_DAG_OWNER=rafzul
AIRFLOW_CTX_DAG_ID=entsoe-energydata-backfill
AIRFLOW_CTX_TASK_ID=extract_generation
AIRFLOW_CTX_EXECUTION_DATE=2021-01-01T05:00:00+00:00
AIRFLOW_CTX_TRY_NUMBER=1
AIRFLOW_CTX_DAG_RUN_ID=scheduled__2021-01-01T05:00:00+00:00
[2023-01-31T08:30:19.154+0000] {crypto.py:83} WARNING - empty cryptography key - values will not be stored encrypted.
[2023-01-31T08:30:19.155+0000] {base.py:73} INFO - Using connection ID 'google_cloud_default' for task execution.
[2023-01-31T08:30:19.496+0000] {python.py:177} INFO - Done. Returned value was: None
[2023-01-31T08:30:19.544+0000] {taskinstance.py:1322} INFO - Marking task as SUCCESS. dag_id=entsoe-energydata-backfill, task_id=extract_generation, execution_date=20210101T050000, start_date=20230131T083016, end_date=20230131T083019
[2023-01-31T08:30:19.743+0000] {local_task_job.py:159} INFO - Task exited with return code 0
[2023-01-31T08:30:19.805+0000] {taskinstance.py:2582} INFO - 1 downstream tasks scheduled from follow-on schedule check
[2023-01-31T08:32:24.231+0000] {taskinstance.py:1087} INFO - Dependencies all met for <TaskInstance: entsoe-energydata-backfill.extract_generation scheduled__2021-01-01T05:00:00+00:00 [queued]>
[2023-01-31T08:32:24.252+0000] {taskinstance.py:1087} INFO - Dependencies all met for <TaskInstance: entsoe-energydata-backfill.extract_generation scheduled__2021-01-01T05:00:00+00:00 [queued]>
[2023-01-31T08:32:24.252+0000] {taskinstance.py:1283} INFO - 
--------------------------------------------------------------------------------
[2023-01-31T08:32:24.253+0000] {taskinstance.py:1284} INFO - Starting attempt 1 of 4
[2023-01-31T08:32:24.253+0000] {taskinstance.py:1285} INFO - 
--------------------------------------------------------------------------------
[2023-01-31T08:32:24.275+0000] {taskinstance.py:1304} INFO - Executing <Task(PythonOperator): extract_generation> on 2021-01-01 05:00:00+00:00
[2023-01-31T08:32:24.288+0000] {standard_task_runner.py:55} INFO - Started process 380 to run task
[2023-01-31T08:32:24.294+0000] {standard_task_runner.py:82} INFO - Running: ['***', 'tasks', 'run', 'entsoe-energydata-backfill', 'extract_generation', 'scheduled__2021-01-01T05:00:00+00:00', '--job-id', '945', '--raw', '--subdir', 'DAGS_FOLDER/ingestion_energydata_dag.py', '--cfg-path', '/tmp/tmpeknpn52_']
[2023-01-31T08:32:24.300+0000] {standard_task_runner.py:83} INFO - Job 945: Subtask extract_generation
[2023-01-31T08:32:24.480+0000] {task_command.py:389} INFO - Running <TaskInstance: entsoe-energydata-backfill.extract_generation scheduled__2021-01-01T05:00:00+00:00 [running]> on host 4475e39484c1
[2023-01-31T08:32:24.643+0000] {taskinstance.py:1511} INFO - Exporting the following env vars:
AIRFLOW_CTX_DAG_OWNER=rafzul
AIRFLOW_CTX_DAG_ID=entsoe-energydata-backfill
AIRFLOW_CTX_TASK_ID=extract_generation
AIRFLOW_CTX_EXECUTION_DATE=2021-01-01T05:00:00+00:00
AIRFLOW_CTX_TRY_NUMBER=1
AIRFLOW_CTX_DAG_RUN_ID=scheduled__2021-01-01T05:00:00+00:00
[2023-01-31T08:32:25.937+0000] {crypto.py:83} WARNING - empty cryptography key - values will not be stored encrypted.
[2023-01-31T08:32:25.938+0000] {base.py:73} INFO - Using connection ID 'google_cloud_default' for task execution.
[2023-01-31T08:32:26.306+0000] {python.py:177} INFO - Done. Returned value was: None
[2023-01-31T08:32:26.355+0000] {taskinstance.py:1322} INFO - Marking task as SUCCESS. dag_id=entsoe-energydata-backfill, task_id=extract_generation, execution_date=20210101T050000, start_date=20230131T083224, end_date=20230131T083226
[2023-01-31T08:32:26.458+0000] {local_task_job.py:159} INFO - Task exited with return code 0
[2023-01-31T08:32:26.509+0000] {taskinstance.py:2582} INFO - 1 downstream tasks scheduled from follow-on schedule check
