[2023-01-18T00:24:27.883+0000] {processor.py:153} INFO - Started process (PID=9856) to work on /opt/airflow/dags/ingestion_energydata_dag.py
[2023-01-18T00:24:27.884+0000] {processor.py:743} INFO - Processing file /opt/airflow/dags/ingestion_energydata_dag.py for tasks to queue
[2023-01-18T00:24:27.885+0000] {logging_mixin.py:137} INFO - [2023-01-18T00:24:27.884+0000] {dagbag.py:538} INFO - Filling up the DagBag from /opt/airflow/dags/ingestion_energydata_dag.py
[2023-01-18T00:24:27.916+0000] {logging_mixin.py:137} INFO - [2023-01-18T00:24:27.916+0000] {main.py:55} INFO - Python-dotenv could not find configuration file /opt/airflow/.env.
[2023-01-18T00:24:27.917+0000] {logging_mixin.py:137} INFO - b1c926b9-e910-4af7-9d4e-0518685804e3
[2023-01-18T00:24:27.949+0000] {processor.py:753} INFO - DAG(s) dict_keys(['ingestion-energydata']) retrieved from /opt/airflow/dags/ingestion_energydata_dag.py
[2023-01-18T00:24:28.063+0000] {logging_mixin.py:137} INFO - [2023-01-18T00:24:28.063+0000] {dag.py:2676} INFO - Sync 1 DAGs
[2023-01-18T00:24:28.117+0000] {logging_mixin.py:137} INFO - [2023-01-18T00:24:28.117+0000] {dag.py:3423} INFO - Setting next_dagrun for ingestion-energydata to None, run_after=None
[2023-01-18T00:24:28.167+0000] {processor.py:175} INFO - Processing /opt/airflow/dags/ingestion_energydata_dag.py took 0.299 seconds
[2023-01-18T00:24:58.329+0000] {processor.py:153} INFO - Started process (PID=9885) to work on /opt/airflow/dags/ingestion_energydata_dag.py
[2023-01-18T00:24:58.330+0000] {processor.py:743} INFO - Processing file /opt/airflow/dags/ingestion_energydata_dag.py for tasks to queue
[2023-01-18T00:24:58.331+0000] {logging_mixin.py:137} INFO - [2023-01-18T00:24:58.331+0000] {dagbag.py:538} INFO - Filling up the DagBag from /opt/airflow/dags/ingestion_energydata_dag.py
[2023-01-18T00:24:58.337+0000] {logging_mixin.py:137} INFO - [2023-01-18T00:24:58.337+0000] {main.py:55} INFO - Python-dotenv could not find configuration file /opt/airflow/.env.
[2023-01-18T00:24:58.337+0000] {logging_mixin.py:137} INFO - b1c926b9-e910-4af7-9d4e-0518685804e3
[2023-01-18T00:24:58.348+0000] {processor.py:753} INFO - DAG(s) dict_keys(['ingestion-energydata']) retrieved from /opt/airflow/dags/ingestion_energydata_dag.py
[2023-01-18T00:24:58.368+0000] {logging_mixin.py:137} INFO - [2023-01-18T00:24:58.368+0000] {dag.py:2676} INFO - Sync 1 DAGs
[2023-01-18T00:24:58.386+0000] {logging_mixin.py:137} INFO - [2023-01-18T00:24:58.386+0000] {dag.py:3423} INFO - Setting next_dagrun for ingestion-energydata to None, run_after=None
[2023-01-18T00:24:58.402+0000] {processor.py:175} INFO - Processing /opt/airflow/dags/ingestion_energydata_dag.py took 0.076 seconds
[2023-01-18T00:25:28.479+0000] {processor.py:153} INFO - Started process (PID=9921) to work on /opt/airflow/dags/ingestion_energydata_dag.py
[2023-01-18T00:25:28.480+0000] {processor.py:743} INFO - Processing file /opt/airflow/dags/ingestion_energydata_dag.py for tasks to queue
[2023-01-18T00:25:28.480+0000] {logging_mixin.py:137} INFO - [2023-01-18T00:25:28.480+0000] {dagbag.py:538} INFO - Filling up the DagBag from /opt/airflow/dags/ingestion_energydata_dag.py
[2023-01-18T00:25:28.487+0000] {logging_mixin.py:137} INFO - [2023-01-18T00:25:28.487+0000] {main.py:55} INFO - Python-dotenv could not find configuration file /opt/airflow/.env.
[2023-01-18T00:25:28.487+0000] {logging_mixin.py:137} INFO - b1c926b9-e910-4af7-9d4e-0518685804e3
[2023-01-18T00:25:28.498+0000] {processor.py:753} INFO - DAG(s) dict_keys(['ingestion-energydata']) retrieved from /opt/airflow/dags/ingestion_energydata_dag.py
[2023-01-18T00:25:28.523+0000] {logging_mixin.py:137} INFO - [2023-01-18T00:25:28.523+0000] {dag.py:2676} INFO - Sync 1 DAGs
[2023-01-18T00:25:28.552+0000] {logging_mixin.py:137} INFO - [2023-01-18T00:25:28.552+0000] {dag.py:3423} INFO - Setting next_dagrun for ingestion-energydata to None, run_after=None
[2023-01-18T00:25:28.570+0000] {processor.py:175} INFO - Processing /opt/airflow/dags/ingestion_energydata_dag.py took 0.094 seconds
[2023-01-18T00:25:58.671+0000] {processor.py:153} INFO - Started process (PID=9957) to work on /opt/airflow/dags/ingestion_energydata_dag.py
[2023-01-18T00:25:58.681+0000] {processor.py:743} INFO - Processing file /opt/airflow/dags/ingestion_energydata_dag.py for tasks to queue
[2023-01-18T00:25:58.681+0000] {logging_mixin.py:137} INFO - [2023-01-18T00:25:58.681+0000] {dagbag.py:538} INFO - Filling up the DagBag from /opt/airflow/dags/ingestion_energydata_dag.py
[2023-01-18T00:25:58.689+0000] {logging_mixin.py:137} INFO - [2023-01-18T00:25:58.689+0000] {main.py:55} INFO - Python-dotenv could not find configuration file /opt/airflow/.env.
[2023-01-18T00:25:58.689+0000] {logging_mixin.py:137} INFO - b1c926b9-e910-4af7-9d4e-0518685804e3
[2023-01-18T00:25:58.703+0000] {processor.py:753} INFO - DAG(s) dict_keys(['ingestion-energydata']) retrieved from /opt/airflow/dags/ingestion_energydata_dag.py
[2023-01-18T00:25:58.730+0000] {logging_mixin.py:137} INFO - [2023-01-18T00:25:58.730+0000] {dag.py:2676} INFO - Sync 1 DAGs
[2023-01-18T00:25:58.757+0000] {logging_mixin.py:137} INFO - [2023-01-18T00:25:58.757+0000] {dag.py:3423} INFO - Setting next_dagrun for ingestion-energydata to None, run_after=None
[2023-01-18T00:25:58.777+0000] {processor.py:175} INFO - Processing /opt/airflow/dags/ingestion_energydata_dag.py took 0.109 seconds
[2023-01-18T00:26:28.839+0000] {processor.py:153} INFO - Started process (PID=9986) to work on /opt/airflow/dags/ingestion_energydata_dag.py
[2023-01-18T00:26:28.848+0000] {processor.py:743} INFO - Processing file /opt/airflow/dags/ingestion_energydata_dag.py for tasks to queue
[2023-01-18T00:26:28.849+0000] {logging_mixin.py:137} INFO - [2023-01-18T00:26:28.848+0000] {dagbag.py:538} INFO - Filling up the DagBag from /opt/airflow/dags/ingestion_energydata_dag.py
[2023-01-18T00:26:28.857+0000] {logging_mixin.py:137} INFO - [2023-01-18T00:26:28.856+0000] {main.py:55} INFO - Python-dotenv could not find configuration file /opt/airflow/.env.
[2023-01-18T00:26:28.857+0000] {logging_mixin.py:137} INFO - b1c926b9-e910-4af7-9d4e-0518685804e3
[2023-01-18T00:26:28.869+0000] {processor.py:753} INFO - DAG(s) dict_keys(['ingestion-energydata']) retrieved from /opt/airflow/dags/ingestion_energydata_dag.py
[2023-01-18T00:26:28.898+0000] {logging_mixin.py:137} INFO - [2023-01-18T00:26:28.898+0000] {dag.py:2676} INFO - Sync 1 DAGs
[2023-01-18T00:26:28.934+0000] {logging_mixin.py:137} INFO - [2023-01-18T00:26:28.934+0000] {dag.py:3423} INFO - Setting next_dagrun for ingestion-energydata to None, run_after=None
[2023-01-18T00:26:28.959+0000] {processor.py:175} INFO - Processing /opt/airflow/dags/ingestion_energydata_dag.py took 0.124 seconds
[2023-01-18T00:26:59.074+0000] {processor.py:153} INFO - Started process (PID=10022) to work on /opt/airflow/dags/ingestion_energydata_dag.py
[2023-01-18T00:26:59.083+0000] {processor.py:743} INFO - Processing file /opt/airflow/dags/ingestion_energydata_dag.py for tasks to queue
[2023-01-18T00:26:59.084+0000] {logging_mixin.py:137} INFO - [2023-01-18T00:26:59.084+0000] {dagbag.py:538} INFO - Filling up the DagBag from /opt/airflow/dags/ingestion_energydata_dag.py
[2023-01-18T00:26:59.096+0000] {logging_mixin.py:137} INFO - [2023-01-18T00:26:59.096+0000] {main.py:55} INFO - Python-dotenv could not find configuration file /opt/airflow/.env.
[2023-01-18T00:26:59.097+0000] {logging_mixin.py:137} INFO - b1c926b9-e910-4af7-9d4e-0518685804e3
[2023-01-18T00:26:59.123+0000] {processor.py:753} INFO - DAG(s) dict_keys(['ingestion-energydata']) retrieved from /opt/airflow/dags/ingestion_energydata_dag.py
[2023-01-18T00:26:59.167+0000] {logging_mixin.py:137} INFO - [2023-01-18T00:26:59.167+0000] {dag.py:2676} INFO - Sync 1 DAGs
[2023-01-18T00:26:59.216+0000] {logging_mixin.py:137} INFO - [2023-01-18T00:26:59.215+0000] {dag.py:3423} INFO - Setting next_dagrun for ingestion-energydata to None, run_after=None
[2023-01-18T00:26:59.244+0000] {processor.py:175} INFO - Processing /opt/airflow/dags/ingestion_energydata_dag.py took 0.175 seconds
[2023-01-18T00:27:29.363+0000] {processor.py:153} INFO - Started process (PID=10058) to work on /opt/airflow/dags/ingestion_energydata_dag.py
[2023-01-18T00:27:29.364+0000] {processor.py:743} INFO - Processing file /opt/airflow/dags/ingestion_energydata_dag.py for tasks to queue
[2023-01-18T00:27:29.365+0000] {logging_mixin.py:137} INFO - [2023-01-18T00:27:29.364+0000] {dagbag.py:538} INFO - Filling up the DagBag from /opt/airflow/dags/ingestion_energydata_dag.py
[2023-01-18T00:27:29.371+0000] {logging_mixin.py:137} INFO - [2023-01-18T00:27:29.371+0000] {main.py:55} INFO - Python-dotenv could not find configuration file /opt/airflow/.env.
[2023-01-18T00:27:29.372+0000] {logging_mixin.py:137} INFO - b1c926b9-e910-4af7-9d4e-0518685804e3
[2023-01-18T00:27:29.383+0000] {processor.py:753} INFO - DAG(s) dict_keys(['ingestion-energydata']) retrieved from /opt/airflow/dags/ingestion_energydata_dag.py
[2023-01-18T00:27:29.406+0000] {logging_mixin.py:137} INFO - [2023-01-18T00:27:29.406+0000] {dag.py:2676} INFO - Sync 1 DAGs
[2023-01-18T00:27:29.426+0000] {logging_mixin.py:137} INFO - [2023-01-18T00:27:29.426+0000] {dag.py:3423} INFO - Setting next_dagrun for ingestion-energydata to None, run_after=None
[2023-01-18T00:27:29.443+0000] {processor.py:175} INFO - Processing /opt/airflow/dags/ingestion_energydata_dag.py took 0.083 seconds
[2023-01-18T00:27:59.523+0000] {processor.py:153} INFO - Started process (PID=10088) to work on /opt/airflow/dags/ingestion_energydata_dag.py
[2023-01-18T00:27:59.532+0000] {processor.py:743} INFO - Processing file /opt/airflow/dags/ingestion_energydata_dag.py for tasks to queue
[2023-01-18T00:27:59.533+0000] {logging_mixin.py:137} INFO - [2023-01-18T00:27:59.533+0000] {dagbag.py:538} INFO - Filling up the DagBag from /opt/airflow/dags/ingestion_energydata_dag.py
[2023-01-18T00:27:59.539+0000] {logging_mixin.py:137} INFO - [2023-01-18T00:27:59.539+0000] {main.py:55} INFO - Python-dotenv could not find configuration file /opt/airflow/.env.
[2023-01-18T00:27:59.539+0000] {logging_mixin.py:137} INFO - b1c926b9-e910-4af7-9d4e-0518685804e3
[2023-01-18T00:27:59.551+0000] {processor.py:753} INFO - DAG(s) dict_keys(['ingestion-energydata']) retrieved from /opt/airflow/dags/ingestion_energydata_dag.py
[2023-01-18T00:27:59.571+0000] {logging_mixin.py:137} INFO - [2023-01-18T00:27:59.570+0000] {dag.py:2676} INFO - Sync 1 DAGs
[2023-01-18T00:27:59.592+0000] {logging_mixin.py:137} INFO - [2023-01-18T00:27:59.591+0000] {dag.py:3423} INFO - Setting next_dagrun for ingestion-energydata to None, run_after=None
[2023-01-18T00:27:59.605+0000] {processor.py:175} INFO - Processing /opt/airflow/dags/ingestion_energydata_dag.py took 0.087 seconds
[2023-01-18T00:28:29.744+0000] {processor.py:153} INFO - Started process (PID=10117) to work on /opt/airflow/dags/ingestion_energydata_dag.py
[2023-01-18T00:28:29.745+0000] {processor.py:743} INFO - Processing file /opt/airflow/dags/ingestion_energydata_dag.py for tasks to queue
[2023-01-18T00:28:29.746+0000] {logging_mixin.py:137} INFO - [2023-01-18T00:28:29.746+0000] {dagbag.py:538} INFO - Filling up the DagBag from /opt/airflow/dags/ingestion_energydata_dag.py
[2023-01-18T00:28:29.755+0000] {logging_mixin.py:137} INFO - [2023-01-18T00:28:29.754+0000] {main.py:55} INFO - Python-dotenv could not find configuration file /opt/airflow/.env.
[2023-01-18T00:28:29.755+0000] {logging_mixin.py:137} INFO - b1c926b9-e910-4af7-9d4e-0518685804e3
[2023-01-18T00:28:29.768+0000] {processor.py:753} INFO - DAG(s) dict_keys(['ingestion-energydata']) retrieved from /opt/airflow/dags/ingestion_energydata_dag.py
[2023-01-18T00:28:29.788+0000] {logging_mixin.py:137} INFO - [2023-01-18T00:28:29.788+0000] {dag.py:2676} INFO - Sync 1 DAGs
[2023-01-18T00:28:29.811+0000] {logging_mixin.py:137} INFO - [2023-01-18T00:28:29.810+0000] {dag.py:3423} INFO - Setting next_dagrun for ingestion-energydata to None, run_after=None
[2023-01-18T00:28:29.826+0000] {processor.py:175} INFO - Processing /opt/airflow/dags/ingestion_energydata_dag.py took 0.086 seconds
[2023-01-18T00:28:59.942+0000] {processor.py:153} INFO - Started process (PID=10160) to work on /opt/airflow/dags/ingestion_energydata_dag.py
[2023-01-18T00:28:59.943+0000] {processor.py:743} INFO - Processing file /opt/airflow/dags/ingestion_energydata_dag.py for tasks to queue
[2023-01-18T00:28:59.944+0000] {logging_mixin.py:137} INFO - [2023-01-18T00:28:59.944+0000] {dagbag.py:538} INFO - Filling up the DagBag from /opt/airflow/dags/ingestion_energydata_dag.py
[2023-01-18T00:28:59.959+0000] {logging_mixin.py:137} INFO - [2023-01-18T00:28:59.959+0000] {main.py:55} INFO - Python-dotenv could not find configuration file /opt/airflow/.env.
[2023-01-18T00:28:59.960+0000] {logging_mixin.py:137} INFO - b1c926b9-e910-4af7-9d4e-0518685804e3
[2023-01-18T00:28:59.976+0000] {processor.py:753} INFO - DAG(s) dict_keys(['ingestion-energydata']) retrieved from /opt/airflow/dags/ingestion_energydata_dag.py
[2023-01-18T00:28:59.997+0000] {logging_mixin.py:137} INFO - [2023-01-18T00:28:59.997+0000] {dag.py:2676} INFO - Sync 1 DAGs
[2023-01-18T00:29:00.017+0000] {logging_mixin.py:137} INFO - [2023-01-18T00:29:00.017+0000] {dag.py:3423} INFO - Setting next_dagrun for ingestion-energydata to None, run_after=None
[2023-01-18T00:29:00.036+0000] {processor.py:175} INFO - Processing /opt/airflow/dags/ingestion_energydata_dag.py took 0.106 seconds
[2023-01-18T00:29:22.085+0000] {processor.py:153} INFO - Started process (PID=10175) to work on /opt/airflow/dags/ingestion_energydata_dag.py
[2023-01-18T00:29:22.087+0000] {processor.py:743} INFO - Processing file /opt/airflow/dags/ingestion_energydata_dag.py for tasks to queue
[2023-01-18T00:29:22.088+0000] {logging_mixin.py:137} INFO - [2023-01-18T00:29:22.088+0000] {dagbag.py:538} INFO - Filling up the DagBag from /opt/airflow/dags/ingestion_energydata_dag.py
[2023-01-18T00:29:22.108+0000] {logging_mixin.py:137} INFO - [2023-01-18T00:29:22.107+0000] {main.py:55} INFO - Python-dotenv could not find configuration file /opt/airflow/.env.
[2023-01-18T00:29:22.108+0000] {logging_mixin.py:137} INFO - b1c926b9-e910-4af7-9d4e-0518685804e3
[2023-01-18T00:29:22.143+0000] {processor.py:753} INFO - DAG(s) dict_keys(['ingestion-energydata']) retrieved from /opt/airflow/dags/ingestion_energydata_dag.py
[2023-01-18T00:29:22.220+0000] {logging_mixin.py:137} INFO - [2023-01-18T00:29:22.220+0000] {dag.py:2676} INFO - Sync 1 DAGs
[2023-01-18T00:29:22.241+0000] {logging_mixin.py:137} INFO - [2023-01-18T00:29:22.241+0000] {dag.py:3423} INFO - Setting next_dagrun for ingestion-energydata to None, run_after=None
[2023-01-18T00:29:22.280+0000] {processor.py:175} INFO - Processing /opt/airflow/dags/ingestion_energydata_dag.py took 0.204 seconds
[2023-01-18T00:29:23.150+0000] {processor.py:153} INFO - Started process (PID=10184) to work on /opt/airflow/dags/ingestion_energydata_dag.py
[2023-01-18T00:29:23.151+0000] {processor.py:743} INFO - Processing file /opt/airflow/dags/ingestion_energydata_dag.py for tasks to queue
[2023-01-18T00:29:23.151+0000] {logging_mixin.py:137} INFO - [2023-01-18T00:29:23.151+0000] {dagbag.py:538} INFO - Filling up the DagBag from /opt/airflow/dags/ingestion_energydata_dag.py
[2023-01-18T00:29:23.162+0000] {logging_mixin.py:137} INFO - [2023-01-18T00:29:23.162+0000] {main.py:55} INFO - Python-dotenv could not find configuration file /opt/airflow/.env.
[2023-01-18T00:29:23.162+0000] {logging_mixin.py:137} INFO - b1c926b9-e910-4af7-9d4e-0518685804e3
[2023-01-18T00:29:23.178+0000] {processor.py:753} INFO - DAG(s) dict_keys(['ingestion-energydata']) retrieved from /opt/airflow/dags/ingestion_energydata_dag.py
[2023-01-18T00:29:23.193+0000] {logging_mixin.py:137} INFO - [2023-01-18T00:29:23.193+0000] {dag.py:2676} INFO - Sync 1 DAGs
[2023-01-18T00:29:23.222+0000] {logging_mixin.py:137} INFO - [2023-01-18T00:29:23.222+0000] {dag.py:3423} INFO - Setting next_dagrun for ingestion-energydata to None, run_after=None
[2023-01-18T00:29:23.245+0000] {processor.py:175} INFO - Processing /opt/airflow/dags/ingestion_energydata_dag.py took 0.100 seconds
[2023-01-18T00:29:25.163+0000] {processor.py:153} INFO - Started process (PID=10192) to work on /opt/airflow/dags/ingestion_energydata_dag.py
[2023-01-18T00:29:25.164+0000] {processor.py:743} INFO - Processing file /opt/airflow/dags/ingestion_energydata_dag.py for tasks to queue
[2023-01-18T00:29:25.165+0000] {logging_mixin.py:137} INFO - [2023-01-18T00:29:25.165+0000] {dagbag.py:538} INFO - Filling up the DagBag from /opt/airflow/dags/ingestion_energydata_dag.py
[2023-01-18T00:29:25.173+0000] {logging_mixin.py:137} INFO - [2023-01-18T00:29:25.173+0000] {main.py:55} INFO - Python-dotenv could not find configuration file /opt/airflow/.env.
[2023-01-18T00:29:25.173+0000] {logging_mixin.py:137} INFO - b1c926b9-e910-4af7-9d4e-0518685804e3
[2023-01-18T00:29:25.185+0000] {processor.py:753} INFO - DAG(s) dict_keys(['ingestion-energydata']) retrieved from /opt/airflow/dags/ingestion_energydata_dag.py
[2023-01-18T00:29:25.197+0000] {logging_mixin.py:137} INFO - [2023-01-18T00:29:25.197+0000] {dag.py:2676} INFO - Sync 1 DAGs
[2023-01-18T00:29:25.221+0000] {logging_mixin.py:137} INFO - [2023-01-18T00:29:25.221+0000] {dag.py:3423} INFO - Setting next_dagrun for ingestion-energydata to None, run_after=None
[2023-01-18T00:29:25.238+0000] {processor.py:175} INFO - Processing /opt/airflow/dags/ingestion_energydata_dag.py took 0.077 seconds
[2023-01-18T00:29:55.358+0000] {processor.py:153} INFO - Started process (PID=10221) to work on /opt/airflow/dags/ingestion_energydata_dag.py
[2023-01-18T00:29:55.367+0000] {processor.py:743} INFO - Processing file /opt/airflow/dags/ingestion_energydata_dag.py for tasks to queue
[2023-01-18T00:29:55.367+0000] {logging_mixin.py:137} INFO - [2023-01-18T00:29:55.367+0000] {dagbag.py:538} INFO - Filling up the DagBag from /opt/airflow/dags/ingestion_energydata_dag.py
[2023-01-18T00:29:55.375+0000] {logging_mixin.py:137} INFO - [2023-01-18T00:29:55.375+0000] {main.py:55} INFO - Python-dotenv could not find configuration file /opt/airflow/.env.
[2023-01-18T00:29:55.375+0000] {logging_mixin.py:137} INFO - b1c926b9-e910-4af7-9d4e-0518685804e3
[2023-01-18T00:29:55.391+0000] {processor.py:753} INFO - DAG(s) dict_keys(['ingestion-energydata']) retrieved from /opt/airflow/dags/ingestion_energydata_dag.py
[2023-01-18T00:29:55.424+0000] {logging_mixin.py:137} INFO - [2023-01-18T00:29:55.424+0000] {dag.py:2676} INFO - Sync 1 DAGs
[2023-01-18T00:29:55.459+0000] {logging_mixin.py:137} INFO - [2023-01-18T00:29:55.458+0000] {dag.py:3423} INFO - Setting next_dagrun for ingestion-energydata to 2021-01-01T00:00:00+00:00, run_after=2021-01-01T01:00:00+00:00
[2023-01-18T00:29:55.493+0000] {processor.py:175} INFO - Processing /opt/airflow/dags/ingestion_energydata_dag.py took 0.139 seconds
[2023-01-18T00:30:25.525+0000] {processor.py:153} INFO - Started process (PID=10250) to work on /opt/airflow/dags/ingestion_energydata_dag.py
[2023-01-18T00:30:25.526+0000] {processor.py:743} INFO - Processing file /opt/airflow/dags/ingestion_energydata_dag.py for tasks to queue
[2023-01-18T00:30:25.527+0000] {logging_mixin.py:137} INFO - [2023-01-18T00:30:25.527+0000] {dagbag.py:538} INFO - Filling up the DagBag from /opt/airflow/dags/ingestion_energydata_dag.py
[2023-01-18T00:30:25.543+0000] {logging_mixin.py:137} INFO - [2023-01-18T00:30:25.542+0000] {main.py:55} INFO - Python-dotenv could not find configuration file /opt/airflow/.env.
[2023-01-18T00:30:25.543+0000] {logging_mixin.py:137} INFO - b1c926b9-e910-4af7-9d4e-0518685804e3
[2023-01-18T00:30:25.565+0000] {processor.py:753} INFO - DAG(s) dict_keys(['ingestion-energydata']) retrieved from /opt/airflow/dags/ingestion_energydata_dag.py
[2023-01-18T00:30:25.614+0000] {logging_mixin.py:137} INFO - [2023-01-18T00:30:25.614+0000] {dag.py:2676} INFO - Sync 1 DAGs
[2023-01-18T00:30:25.649+0000] {logging_mixin.py:137} INFO - [2023-01-18T00:30:25.649+0000] {dag.py:3423} INFO - Setting next_dagrun for ingestion-energydata to None, run_after=None
[2023-01-18T00:30:25.671+0000] {processor.py:175} INFO - Processing /opt/airflow/dags/ingestion_energydata_dag.py took 0.152 seconds
[2023-01-18T00:30:55.780+0000] {processor.py:153} INFO - Started process (PID=10286) to work on /opt/airflow/dags/ingestion_energydata_dag.py
[2023-01-18T00:30:55.789+0000] {processor.py:743} INFO - Processing file /opt/airflow/dags/ingestion_energydata_dag.py for tasks to queue
[2023-01-18T00:30:55.790+0000] {logging_mixin.py:137} INFO - [2023-01-18T00:30:55.790+0000] {dagbag.py:538} INFO - Filling up the DagBag from /opt/airflow/dags/ingestion_energydata_dag.py
[2023-01-18T00:30:55.798+0000] {logging_mixin.py:137} INFO - [2023-01-18T00:30:55.798+0000] {main.py:55} INFO - Python-dotenv could not find configuration file /opt/airflow/.env.
[2023-01-18T00:30:55.798+0000] {logging_mixin.py:137} INFO - b1c926b9-e910-4af7-9d4e-0518685804e3
[2023-01-18T00:30:55.813+0000] {processor.py:753} INFO - DAG(s) dict_keys(['ingestion-energydata']) retrieved from /opt/airflow/dags/ingestion_energydata_dag.py
[2023-01-18T00:30:55.839+0000] {logging_mixin.py:137} INFO - [2023-01-18T00:30:55.838+0000] {dag.py:2676} INFO - Sync 1 DAGs
[2023-01-18T00:30:55.866+0000] {logging_mixin.py:137} INFO - [2023-01-18T00:30:55.866+0000] {dag.py:3423} INFO - Setting next_dagrun for ingestion-energydata to None, run_after=None
[2023-01-18T00:30:55.886+0000] {processor.py:175} INFO - Processing /opt/airflow/dags/ingestion_energydata_dag.py took 0.109 seconds
[2023-01-18T00:31:25.971+0000] {processor.py:153} INFO - Started process (PID=10322) to work on /opt/airflow/dags/ingestion_energydata_dag.py
[2023-01-18T00:31:25.972+0000] {processor.py:743} INFO - Processing file /opt/airflow/dags/ingestion_energydata_dag.py for tasks to queue
[2023-01-18T00:31:25.973+0000] {logging_mixin.py:137} INFO - [2023-01-18T00:31:25.973+0000] {dagbag.py:538} INFO - Filling up the DagBag from /opt/airflow/dags/ingestion_energydata_dag.py
[2023-01-18T00:31:25.984+0000] {logging_mixin.py:137} INFO - [2023-01-18T00:31:25.984+0000] {main.py:55} INFO - Python-dotenv could not find configuration file /opt/airflow/.env.
[2023-01-18T00:31:25.984+0000] {logging_mixin.py:137} INFO - b1c926b9-e910-4af7-9d4e-0518685804e3
[2023-01-18T00:31:26.004+0000] {processor.py:753} INFO - DAG(s) dict_keys(['ingestion-energydata']) retrieved from /opt/airflow/dags/ingestion_energydata_dag.py
[2023-01-18T00:31:26.035+0000] {logging_mixin.py:137} INFO - [2023-01-18T00:31:26.034+0000] {dag.py:2676} INFO - Sync 1 DAGs
[2023-01-18T00:31:26.072+0000] {logging_mixin.py:137} INFO - [2023-01-18T00:31:26.072+0000] {dag.py:3423} INFO - Setting next_dagrun for ingestion-energydata to None, run_after=None
[2023-01-18T00:31:26.102+0000] {processor.py:175} INFO - Processing /opt/airflow/dags/ingestion_energydata_dag.py took 0.136 seconds
[2023-01-18T00:31:56.202+0000] {processor.py:153} INFO - Started process (PID=10350) to work on /opt/airflow/dags/ingestion_energydata_dag.py
[2023-01-18T00:31:56.203+0000] {processor.py:743} INFO - Processing file /opt/airflow/dags/ingestion_energydata_dag.py for tasks to queue
[2023-01-18T00:31:56.203+0000] {logging_mixin.py:137} INFO - [2023-01-18T00:31:56.203+0000] {dagbag.py:538} INFO - Filling up the DagBag from /opt/airflow/dags/ingestion_energydata_dag.py
[2023-01-18T00:31:56.211+0000] {logging_mixin.py:137} INFO - [2023-01-18T00:31:56.211+0000] {main.py:55} INFO - Python-dotenv could not find configuration file /opt/airflow/.env.
[2023-01-18T00:31:56.212+0000] {logging_mixin.py:137} INFO - b1c926b9-e910-4af7-9d4e-0518685804e3
[2023-01-18T00:31:56.224+0000] {processor.py:753} INFO - DAG(s) dict_keys(['ingestion-energydata']) retrieved from /opt/airflow/dags/ingestion_energydata_dag.py
[2023-01-18T00:31:56.251+0000] {logging_mixin.py:137} INFO - [2023-01-18T00:31:56.251+0000] {dag.py:2676} INFO - Sync 1 DAGs
[2023-01-18T00:31:56.278+0000] {logging_mixin.py:137} INFO - [2023-01-18T00:31:56.278+0000] {dag.py:3423} INFO - Setting next_dagrun for ingestion-energydata to None, run_after=None
[2023-01-18T00:31:56.295+0000] {processor.py:175} INFO - Processing /opt/airflow/dags/ingestion_energydata_dag.py took 0.096 seconds
[2023-01-18T00:32:26.396+0000] {processor.py:153} INFO - Started process (PID=10387) to work on /opt/airflow/dags/ingestion_energydata_dag.py
[2023-01-18T00:32:26.397+0000] {processor.py:743} INFO - Processing file /opt/airflow/dags/ingestion_energydata_dag.py for tasks to queue
[2023-01-18T00:32:26.397+0000] {logging_mixin.py:137} INFO - [2023-01-18T00:32:26.397+0000] {dagbag.py:538} INFO - Filling up the DagBag from /opt/airflow/dags/ingestion_energydata_dag.py
[2023-01-18T00:32:26.405+0000] {logging_mixin.py:137} INFO - [2023-01-18T00:32:26.405+0000] {main.py:55} INFO - Python-dotenv could not find configuration file /opt/airflow/.env.
[2023-01-18T00:32:26.405+0000] {logging_mixin.py:137} INFO - b1c926b9-e910-4af7-9d4e-0518685804e3
[2023-01-18T00:32:26.416+0000] {processor.py:753} INFO - DAG(s) dict_keys(['ingestion-energydata']) retrieved from /opt/airflow/dags/ingestion_energydata_dag.py
[2023-01-18T00:32:26.437+0000] {logging_mixin.py:137} INFO - [2023-01-18T00:32:26.437+0000] {dag.py:2676} INFO - Sync 1 DAGs
[2023-01-18T00:32:26.457+0000] {logging_mixin.py:137} INFO - [2023-01-18T00:32:26.457+0000] {dag.py:3423} INFO - Setting next_dagrun for ingestion-energydata to None, run_after=None
[2023-01-18T00:32:26.472+0000] {processor.py:175} INFO - Processing /opt/airflow/dags/ingestion_energydata_dag.py took 0.079 seconds
[2023-01-18T00:32:56.581+0000] {processor.py:153} INFO - Started process (PID=10423) to work on /opt/airflow/dags/ingestion_energydata_dag.py
[2023-01-18T00:32:56.590+0000] {processor.py:743} INFO - Processing file /opt/airflow/dags/ingestion_energydata_dag.py for tasks to queue
[2023-01-18T00:32:56.591+0000] {logging_mixin.py:137} INFO - [2023-01-18T00:32:56.591+0000] {dagbag.py:538} INFO - Filling up the DagBag from /opt/airflow/dags/ingestion_energydata_dag.py
[2023-01-18T00:32:56.597+0000] {logging_mixin.py:137} INFO - [2023-01-18T00:32:56.597+0000] {main.py:55} INFO - Python-dotenv could not find configuration file /opt/airflow/.env.
[2023-01-18T00:32:56.598+0000] {logging_mixin.py:137} INFO - b1c926b9-e910-4af7-9d4e-0518685804e3
[2023-01-18T00:32:56.611+0000] {processor.py:753} INFO - DAG(s) dict_keys(['ingestion-energydata']) retrieved from /opt/airflow/dags/ingestion_energydata_dag.py
[2023-01-18T00:32:56.632+0000] {logging_mixin.py:137} INFO - [2023-01-18T00:32:56.632+0000] {dag.py:2676} INFO - Sync 1 DAGs
[2023-01-18T00:32:56.654+0000] {logging_mixin.py:137} INFO - [2023-01-18T00:32:56.654+0000] {dag.py:3423} INFO - Setting next_dagrun for ingestion-energydata to None, run_after=None
[2023-01-18T00:32:56.671+0000] {processor.py:175} INFO - Processing /opt/airflow/dags/ingestion_energydata_dag.py took 0.095 seconds
[2023-01-18T00:33:26.753+0000] {processor.py:153} INFO - Started process (PID=10452) to work on /opt/airflow/dags/ingestion_energydata_dag.py
[2023-01-18T00:33:26.762+0000] {processor.py:743} INFO - Processing file /opt/airflow/dags/ingestion_energydata_dag.py for tasks to queue
[2023-01-18T00:33:26.763+0000] {logging_mixin.py:137} INFO - [2023-01-18T00:33:26.762+0000] {dagbag.py:538} INFO - Filling up the DagBag from /opt/airflow/dags/ingestion_energydata_dag.py
[2023-01-18T00:33:26.770+0000] {logging_mixin.py:137} INFO - [2023-01-18T00:33:26.770+0000] {main.py:55} INFO - Python-dotenv could not find configuration file /opt/airflow/.env.
[2023-01-18T00:33:26.770+0000] {logging_mixin.py:137} INFO - b1c926b9-e910-4af7-9d4e-0518685804e3
[2023-01-18T00:33:26.784+0000] {processor.py:753} INFO - DAG(s) dict_keys(['ingestion-energydata']) retrieved from /opt/airflow/dags/ingestion_energydata_dag.py
[2023-01-18T00:33:26.808+0000] {logging_mixin.py:137} INFO - [2023-01-18T00:33:26.807+0000] {dag.py:2676} INFO - Sync 1 DAGs
[2023-01-18T00:33:26.840+0000] {logging_mixin.py:137} INFO - [2023-01-18T00:33:26.840+0000] {dag.py:3423} INFO - Setting next_dagrun for ingestion-energydata to None, run_after=None
[2023-01-18T00:33:26.859+0000] {processor.py:175} INFO - Processing /opt/airflow/dags/ingestion_energydata_dag.py took 0.109 seconds
[2023-01-18T00:33:56.978+0000] {processor.py:153} INFO - Started process (PID=10481) to work on /opt/airflow/dags/ingestion_energydata_dag.py
[2023-01-18T00:33:56.979+0000] {processor.py:743} INFO - Processing file /opt/airflow/dags/ingestion_energydata_dag.py for tasks to queue
[2023-01-18T00:33:56.980+0000] {logging_mixin.py:137} INFO - [2023-01-18T00:33:56.980+0000] {dagbag.py:538} INFO - Filling up the DagBag from /opt/airflow/dags/ingestion_energydata_dag.py
[2023-01-18T00:33:56.989+0000] {logging_mixin.py:137} INFO - [2023-01-18T00:33:56.989+0000] {main.py:55} INFO - Python-dotenv could not find configuration file /opt/airflow/.env.
[2023-01-18T00:33:56.989+0000] {logging_mixin.py:137} INFO - b1c926b9-e910-4af7-9d4e-0518685804e3
[2023-01-18T00:33:57.003+0000] {processor.py:753} INFO - DAG(s) dict_keys(['ingestion-energydata']) retrieved from /opt/airflow/dags/ingestion_energydata_dag.py
[2023-01-18T00:33:57.035+0000] {logging_mixin.py:137} INFO - [2023-01-18T00:33:57.035+0000] {dag.py:2676} INFO - Sync 1 DAGs
[2023-01-18T00:33:57.062+0000] {logging_mixin.py:137} INFO - [2023-01-18T00:33:57.062+0000] {dag.py:3423} INFO - Setting next_dagrun for ingestion-energydata to 2021-01-01T00:00:00+00:00, run_after=2021-01-01T01:00:00+00:00
[2023-01-18T00:33:57.086+0000] {processor.py:175} INFO - Processing /opt/airflow/dags/ingestion_energydata_dag.py took 0.113 seconds
[2023-01-18T00:34:27.145+0000] {processor.py:153} INFO - Started process (PID=10524) to work on /opt/airflow/dags/ingestion_energydata_dag.py
[2023-01-18T00:34:27.146+0000] {processor.py:743} INFO - Processing file /opt/airflow/dags/ingestion_energydata_dag.py for tasks to queue
[2023-01-18T00:34:27.147+0000] {logging_mixin.py:137} INFO - [2023-01-18T00:34:27.147+0000] {dagbag.py:538} INFO - Filling up the DagBag from /opt/airflow/dags/ingestion_energydata_dag.py
[2023-01-18T00:34:27.155+0000] {logging_mixin.py:137} INFO - [2023-01-18T00:34:27.155+0000] {main.py:55} INFO - Python-dotenv could not find configuration file /opt/airflow/.env.
[2023-01-18T00:34:27.155+0000] {logging_mixin.py:137} INFO - b1c926b9-e910-4af7-9d4e-0518685804e3
[2023-01-18T00:34:27.169+0000] {processor.py:753} INFO - DAG(s) dict_keys(['ingestion-energydata']) retrieved from /opt/airflow/dags/ingestion_energydata_dag.py
[2023-01-18T00:34:27.191+0000] {logging_mixin.py:137} INFO - [2023-01-18T00:34:27.191+0000] {dag.py:2676} INFO - Sync 1 DAGs
[2023-01-18T00:34:27.212+0000] {logging_mixin.py:137} INFO - [2023-01-18T00:34:27.212+0000] {dag.py:3423} INFO - Setting next_dagrun for ingestion-energydata to None, run_after=None
[2023-01-18T00:34:27.228+0000] {processor.py:175} INFO - Processing /opt/airflow/dags/ingestion_energydata_dag.py took 0.087 seconds
[2023-01-18T00:34:57.400+0000] {processor.py:153} INFO - Started process (PID=10553) to work on /opt/airflow/dags/ingestion_energydata_dag.py
[2023-01-18T00:34:57.401+0000] {processor.py:743} INFO - Processing file /opt/airflow/dags/ingestion_energydata_dag.py for tasks to queue
[2023-01-18T00:34:57.401+0000] {logging_mixin.py:137} INFO - [2023-01-18T00:34:57.401+0000] {dagbag.py:538} INFO - Filling up the DagBag from /opt/airflow/dags/ingestion_energydata_dag.py
[2023-01-18T00:34:57.407+0000] {logging_mixin.py:137} INFO - [2023-01-18T00:34:57.407+0000] {main.py:55} INFO - Python-dotenv could not find configuration file /opt/airflow/.env.
[2023-01-18T00:34:57.408+0000] {logging_mixin.py:137} INFO - b1c926b9-e910-4af7-9d4e-0518685804e3
[2023-01-18T00:34:57.418+0000] {processor.py:753} INFO - DAG(s) dict_keys(['ingestion-energydata']) retrieved from /opt/airflow/dags/ingestion_energydata_dag.py
[2023-01-18T00:34:57.439+0000] {logging_mixin.py:137} INFO - [2023-01-18T00:34:57.439+0000] {dag.py:2676} INFO - Sync 1 DAGs
[2023-01-18T00:34:57.460+0000] {logging_mixin.py:137} INFO - [2023-01-18T00:34:57.459+0000] {dag.py:3423} INFO - Setting next_dagrun for ingestion-energydata to None, run_after=None
[2023-01-18T00:34:57.475+0000] {processor.py:175} INFO - Processing /opt/airflow/dags/ingestion_energydata_dag.py took 0.077 seconds
[2023-01-18T00:35:27.585+0000] {processor.py:153} INFO - Started process (PID=10582) to work on /opt/airflow/dags/ingestion_energydata_dag.py
[2023-01-18T00:35:27.594+0000] {processor.py:743} INFO - Processing file /opt/airflow/dags/ingestion_energydata_dag.py for tasks to queue
[2023-01-18T00:35:27.595+0000] {logging_mixin.py:137} INFO - [2023-01-18T00:35:27.595+0000] {dagbag.py:538} INFO - Filling up the DagBag from /opt/airflow/dags/ingestion_energydata_dag.py
[2023-01-18T00:35:27.606+0000] {logging_mixin.py:137} INFO - [2023-01-18T00:35:27.606+0000] {main.py:55} INFO - Python-dotenv could not find configuration file /opt/airflow/.env.
[2023-01-18T00:35:27.607+0000] {logging_mixin.py:137} INFO - b1c926b9-e910-4af7-9d4e-0518685804e3
[2023-01-18T00:35:27.627+0000] {processor.py:753} INFO - DAG(s) dict_keys(['ingestion-energydata']) retrieved from /opt/airflow/dags/ingestion_energydata_dag.py
[2023-01-18T00:35:27.658+0000] {logging_mixin.py:137} INFO - [2023-01-18T00:35:27.658+0000] {dag.py:2676} INFO - Sync 1 DAGs
[2023-01-18T00:35:27.689+0000] {logging_mixin.py:137} INFO - [2023-01-18T00:35:27.688+0000] {dag.py:3423} INFO - Setting next_dagrun for ingestion-energydata to None, run_after=None
[2023-01-18T00:35:27.722+0000] {processor.py:175} INFO - Processing /opt/airflow/dags/ingestion_energydata_dag.py took 0.141 seconds
[2023-01-18T00:35:57.861+0000] {processor.py:153} INFO - Started process (PID=10618) to work on /opt/airflow/dags/ingestion_energydata_dag.py
[2023-01-18T00:35:57.870+0000] {processor.py:743} INFO - Processing file /opt/airflow/dags/ingestion_energydata_dag.py for tasks to queue
[2023-01-18T00:35:57.871+0000] {logging_mixin.py:137} INFO - [2023-01-18T00:35:57.871+0000] {dagbag.py:538} INFO - Filling up the DagBag from /opt/airflow/dags/ingestion_energydata_dag.py
[2023-01-18T00:35:57.880+0000] {logging_mixin.py:137} INFO - [2023-01-18T00:35:57.880+0000] {main.py:55} INFO - Python-dotenv could not find configuration file /opt/airflow/.env.
[2023-01-18T00:35:57.881+0000] {logging_mixin.py:137} INFO - b1c926b9-e910-4af7-9d4e-0518685804e3
[2023-01-18T00:35:57.898+0000] {processor.py:753} INFO - DAG(s) dict_keys(['ingestion-energydata']) retrieved from /opt/airflow/dags/ingestion_energydata_dag.py
[2023-01-18T00:35:57.934+0000] {logging_mixin.py:137} INFO - [2023-01-18T00:35:57.934+0000] {dag.py:2676} INFO - Sync 1 DAGs
[2023-01-18T00:35:57.973+0000] {logging_mixin.py:137} INFO - [2023-01-18T00:35:57.973+0000] {dag.py:3423} INFO - Setting next_dagrun for ingestion-energydata to None, run_after=None
[2023-01-18T00:35:58.005+0000] {processor.py:175} INFO - Processing /opt/airflow/dags/ingestion_energydata_dag.py took 0.149 seconds
[2023-01-18T00:36:28.160+0000] {processor.py:153} INFO - Started process (PID=10654) to work on /opt/airflow/dags/ingestion_energydata_dag.py
[2023-01-18T00:36:28.169+0000] {processor.py:743} INFO - Processing file /opt/airflow/dags/ingestion_energydata_dag.py for tasks to queue
[2023-01-18T00:36:28.170+0000] {logging_mixin.py:137} INFO - [2023-01-18T00:36:28.170+0000] {dagbag.py:538} INFO - Filling up the DagBag from /opt/airflow/dags/ingestion_energydata_dag.py
[2023-01-18T00:36:28.180+0000] {logging_mixin.py:137} INFO - [2023-01-18T00:36:28.179+0000] {main.py:55} INFO - Python-dotenv could not find configuration file /opt/airflow/.env.
[2023-01-18T00:36:28.180+0000] {logging_mixin.py:137} INFO - b1c926b9-e910-4af7-9d4e-0518685804e3
[2023-01-18T00:36:28.197+0000] {processor.py:753} INFO - DAG(s) dict_keys(['ingestion-energydata']) retrieved from /opt/airflow/dags/ingestion_energydata_dag.py
[2023-01-18T00:36:28.225+0000] {logging_mixin.py:137} INFO - [2023-01-18T00:36:28.225+0000] {dag.py:2676} INFO - Sync 1 DAGs
[2023-01-18T00:36:28.255+0000] {logging_mixin.py:137} INFO - [2023-01-18T00:36:28.255+0000] {dag.py:3423} INFO - Setting next_dagrun for ingestion-energydata to None, run_after=None
[2023-01-18T00:36:28.290+0000] {processor.py:175} INFO - Processing /opt/airflow/dags/ingestion_energydata_dag.py took 0.134 seconds
[2023-01-18T00:36:58.335+0000] {processor.py:153} INFO - Started process (PID=10683) to work on /opt/airflow/dags/ingestion_energydata_dag.py
[2023-01-18T00:36:58.336+0000] {processor.py:743} INFO - Processing file /opt/airflow/dags/ingestion_energydata_dag.py for tasks to queue
[2023-01-18T00:36:58.337+0000] {logging_mixin.py:137} INFO - [2023-01-18T00:36:58.337+0000] {dagbag.py:538} INFO - Filling up the DagBag from /opt/airflow/dags/ingestion_energydata_dag.py
[2023-01-18T00:36:58.345+0000] {logging_mixin.py:137} INFO - [2023-01-18T00:36:58.345+0000] {main.py:55} INFO - Python-dotenv could not find configuration file /opt/airflow/.env.
[2023-01-18T00:36:58.346+0000] {logging_mixin.py:137} INFO - b1c926b9-e910-4af7-9d4e-0518685804e3
[2023-01-18T00:36:58.361+0000] {processor.py:753} INFO - DAG(s) dict_keys(['ingestion-energydata']) retrieved from /opt/airflow/dags/ingestion_energydata_dag.py
[2023-01-18T00:36:58.390+0000] {logging_mixin.py:137} INFO - [2023-01-18T00:36:58.390+0000] {dag.py:2676} INFO - Sync 1 DAGs
[2023-01-18T00:36:58.419+0000] {logging_mixin.py:137} INFO - [2023-01-18T00:36:58.419+0000] {dag.py:3423} INFO - Setting next_dagrun for ingestion-energydata to None, run_after=None
[2023-01-18T00:36:58.439+0000] {processor.py:175} INFO - Processing /opt/airflow/dags/ingestion_energydata_dag.py took 0.108 seconds
[2023-01-18T00:37:28.609+0000] {processor.py:153} INFO - Started process (PID=10712) to work on /opt/airflow/dags/ingestion_energydata_dag.py
[2023-01-18T00:37:28.610+0000] {processor.py:743} INFO - Processing file /opt/airflow/dags/ingestion_energydata_dag.py for tasks to queue
[2023-01-18T00:37:28.610+0000] {logging_mixin.py:137} INFO - [2023-01-18T00:37:28.610+0000] {dagbag.py:538} INFO - Filling up the DagBag from /opt/airflow/dags/ingestion_energydata_dag.py
[2023-01-18T00:37:28.616+0000] {logging_mixin.py:137} INFO - [2023-01-18T00:37:28.616+0000] {main.py:55} INFO - Python-dotenv could not find configuration file /opt/airflow/.env.
[2023-01-18T00:37:28.617+0000] {logging_mixin.py:137} INFO - b1c926b9-e910-4af7-9d4e-0518685804e3
[2023-01-18T00:37:28.632+0000] {processor.py:753} INFO - DAG(s) dict_keys(['ingestion-energydata']) retrieved from /opt/airflow/dags/ingestion_energydata_dag.py
[2023-01-18T00:37:28.657+0000] {logging_mixin.py:137} INFO - [2023-01-18T00:37:28.657+0000] {dag.py:2676} INFO - Sync 1 DAGs
[2023-01-18T00:37:28.681+0000] {logging_mixin.py:137} INFO - [2023-01-18T00:37:28.681+0000] {dag.py:3423} INFO - Setting next_dagrun for ingestion-energydata to None, run_after=None
[2023-01-18T00:37:28.699+0000] {processor.py:175} INFO - Processing /opt/airflow/dags/ingestion_energydata_dag.py took 0.094 seconds
[2023-01-18T00:37:58.776+0000] {processor.py:153} INFO - Started process (PID=10741) to work on /opt/airflow/dags/ingestion_energydata_dag.py
[2023-01-18T00:37:58.785+0000] {processor.py:743} INFO - Processing file /opt/airflow/dags/ingestion_energydata_dag.py for tasks to queue
[2023-01-18T00:37:58.786+0000] {logging_mixin.py:137} INFO - [2023-01-18T00:37:58.786+0000] {dagbag.py:538} INFO - Filling up the DagBag from /opt/airflow/dags/ingestion_energydata_dag.py
[2023-01-18T00:37:58.795+0000] {logging_mixin.py:137} INFO - [2023-01-18T00:37:58.795+0000] {main.py:55} INFO - Python-dotenv could not find configuration file /opt/airflow/.env.
[2023-01-18T00:37:58.795+0000] {logging_mixin.py:137} INFO - b1c926b9-e910-4af7-9d4e-0518685804e3
[2023-01-18T00:37:58.813+0000] {processor.py:753} INFO - DAG(s) dict_keys(['ingestion-energydata']) retrieved from /opt/airflow/dags/ingestion_energydata_dag.py
[2023-01-18T00:37:58.846+0000] {logging_mixin.py:137} INFO - [2023-01-18T00:37:58.846+0000] {dag.py:2676} INFO - Sync 1 DAGs
[2023-01-18T00:37:58.878+0000] {logging_mixin.py:137} INFO - [2023-01-18T00:37:58.878+0000] {dag.py:3423} INFO - Setting next_dagrun for ingestion-energydata to None, run_after=None
[2023-01-18T00:37:58.910+0000] {processor.py:175} INFO - Processing /opt/airflow/dags/ingestion_energydata_dag.py took 0.139 seconds
[2023-01-18T00:38:28.993+0000] {processor.py:153} INFO - Started process (PID=10785) to work on /opt/airflow/dags/ingestion_energydata_dag.py
[2023-01-18T00:38:28.994+0000] {processor.py:743} INFO - Processing file /opt/airflow/dags/ingestion_energydata_dag.py for tasks to queue
[2023-01-18T00:38:28.995+0000] {logging_mixin.py:137} INFO - [2023-01-18T00:38:28.995+0000] {dagbag.py:538} INFO - Filling up the DagBag from /opt/airflow/dags/ingestion_energydata_dag.py
[2023-01-18T00:38:29.010+0000] {logging_mixin.py:137} INFO - [2023-01-18T00:38:29.010+0000] {main.py:55} INFO - Python-dotenv could not find configuration file /opt/airflow/.env.
[2023-01-18T00:38:29.010+0000] {logging_mixin.py:137} INFO - b1c926b9-e910-4af7-9d4e-0518685804e3
[2023-01-18T00:38:29.028+0000] {processor.py:753} INFO - DAG(s) dict_keys(['ingestion-energydata']) retrieved from /opt/airflow/dags/ingestion_energydata_dag.py
[2023-01-18T00:38:29.059+0000] {logging_mixin.py:137} INFO - [2023-01-18T00:38:29.059+0000] {dag.py:2676} INFO - Sync 1 DAGs
[2023-01-18T00:38:29.097+0000] {logging_mixin.py:137} INFO - [2023-01-18T00:38:29.097+0000] {dag.py:3423} INFO - Setting next_dagrun for ingestion-energydata to None, run_after=None
[2023-01-18T00:38:29.127+0000] {processor.py:175} INFO - Processing /opt/airflow/dags/ingestion_energydata_dag.py took 0.138 seconds
[2023-01-18T00:38:59.211+0000] {processor.py:153} INFO - Started process (PID=10813) to work on /opt/airflow/dags/ingestion_energydata_dag.py
[2023-01-18T00:38:59.212+0000] {processor.py:743} INFO - Processing file /opt/airflow/dags/ingestion_energydata_dag.py for tasks to queue
[2023-01-18T00:38:59.213+0000] {logging_mixin.py:137} INFO - [2023-01-18T00:38:59.213+0000] {dagbag.py:538} INFO - Filling up the DagBag from /opt/airflow/dags/ingestion_energydata_dag.py
[2023-01-18T00:38:59.224+0000] {logging_mixin.py:137} INFO - [2023-01-18T00:38:59.224+0000] {main.py:55} INFO - Python-dotenv could not find configuration file /opt/airflow/.env.
[2023-01-18T00:38:59.224+0000] {logging_mixin.py:137} INFO - b1c926b9-e910-4af7-9d4e-0518685804e3
[2023-01-18T00:38:59.245+0000] {processor.py:753} INFO - DAG(s) dict_keys(['ingestion-energydata']) retrieved from /opt/airflow/dags/ingestion_energydata_dag.py
[2023-01-18T00:38:59.269+0000] {logging_mixin.py:137} INFO - [2023-01-18T00:38:59.269+0000] {dag.py:2676} INFO - Sync 1 DAGs
[2023-01-18T00:38:59.290+0000] {logging_mixin.py:137} INFO - [2023-01-18T00:38:59.290+0000] {dag.py:3423} INFO - Setting next_dagrun for ingestion-energydata to None, run_after=None
[2023-01-18T00:38:59.307+0000] {processor.py:175} INFO - Processing /opt/airflow/dags/ingestion_energydata_dag.py took 0.099 seconds
[2023-01-18T00:39:29.439+0000] {processor.py:153} INFO - Started process (PID=10842) to work on /opt/airflow/dags/ingestion_energydata_dag.py
[2023-01-18T00:39:29.448+0000] {processor.py:743} INFO - Processing file /opt/airflow/dags/ingestion_energydata_dag.py for tasks to queue
[2023-01-18T00:39:29.449+0000] {logging_mixin.py:137} INFO - [2023-01-18T00:39:29.449+0000] {dagbag.py:538} INFO - Filling up the DagBag from /opt/airflow/dags/ingestion_energydata_dag.py
[2023-01-18T00:39:29.457+0000] {logging_mixin.py:137} INFO - [2023-01-18T00:39:29.457+0000] {main.py:55} INFO - Python-dotenv could not find configuration file /opt/airflow/.env.
[2023-01-18T00:39:29.457+0000] {logging_mixin.py:137} INFO - b1c926b9-e910-4af7-9d4e-0518685804e3
[2023-01-18T00:39:29.471+0000] {processor.py:753} INFO - DAG(s) dict_keys(['ingestion-energydata']) retrieved from /opt/airflow/dags/ingestion_energydata_dag.py
[2023-01-18T00:39:29.503+0000] {logging_mixin.py:137} INFO - [2023-01-18T00:39:29.502+0000] {dag.py:2676} INFO - Sync 1 DAGs
[2023-01-18T00:39:29.539+0000] {logging_mixin.py:137} INFO - [2023-01-18T00:39:29.538+0000] {dag.py:3423} INFO - Setting next_dagrun for ingestion-energydata to None, run_after=None
[2023-01-18T00:39:29.572+0000] {processor.py:175} INFO - Processing /opt/airflow/dags/ingestion_energydata_dag.py took 0.136 seconds
[2023-01-18T00:39:59.645+0000] {processor.py:153} INFO - Started process (PID=10872) to work on /opt/airflow/dags/ingestion_energydata_dag.py
[2023-01-18T00:39:59.654+0000] {processor.py:743} INFO - Processing file /opt/airflow/dags/ingestion_energydata_dag.py for tasks to queue
[2023-01-18T00:39:59.655+0000] {logging_mixin.py:137} INFO - [2023-01-18T00:39:59.655+0000] {dagbag.py:538} INFO - Filling up the DagBag from /opt/airflow/dags/ingestion_energydata_dag.py
[2023-01-18T00:39:59.663+0000] {logging_mixin.py:137} INFO - [2023-01-18T00:39:59.662+0000] {main.py:55} INFO - Python-dotenv could not find configuration file /opt/airflow/.env.
[2023-01-18T00:39:59.663+0000] {logging_mixin.py:137} INFO - b1c926b9-e910-4af7-9d4e-0518685804e3
[2023-01-18T00:39:59.677+0000] {processor.py:753} INFO - DAG(s) dict_keys(['ingestion-energydata']) retrieved from /opt/airflow/dags/ingestion_energydata_dag.py
[2023-01-18T00:39:59.702+0000] {logging_mixin.py:137} INFO - [2023-01-18T00:39:59.702+0000] {dag.py:2676} INFO - Sync 1 DAGs
[2023-01-18T00:39:59.727+0000] {logging_mixin.py:137} INFO - [2023-01-18T00:39:59.727+0000] {dag.py:3423} INFO - Setting next_dagrun for ingestion-energydata to None, run_after=None
[2023-01-18T00:39:59.745+0000] {processor.py:175} INFO - Processing /opt/airflow/dags/ingestion_energydata_dag.py took 0.104 seconds
[2023-01-18T00:40:29.913+0000] {processor.py:153} INFO - Started process (PID=10901) to work on /opt/airflow/dags/ingestion_energydata_dag.py
[2023-01-18T00:40:29.915+0000] {processor.py:743} INFO - Processing file /opt/airflow/dags/ingestion_energydata_dag.py for tasks to queue
[2023-01-18T00:40:29.916+0000] {logging_mixin.py:137} INFO - [2023-01-18T00:40:29.916+0000] {dagbag.py:538} INFO - Filling up the DagBag from /opt/airflow/dags/ingestion_energydata_dag.py
[2023-01-18T00:40:29.924+0000] {logging_mixin.py:137} INFO - [2023-01-18T00:40:29.924+0000] {main.py:55} INFO - Python-dotenv could not find configuration file /opt/airflow/.env.
[2023-01-18T00:40:29.924+0000] {logging_mixin.py:137} INFO - b1c926b9-e910-4af7-9d4e-0518685804e3
[2023-01-18T00:40:29.941+0000] {processor.py:753} INFO - DAG(s) dict_keys(['ingestion-energydata']) retrieved from /opt/airflow/dags/ingestion_energydata_dag.py
[2023-01-18T00:40:29.970+0000] {logging_mixin.py:137} INFO - [2023-01-18T00:40:29.970+0000] {dag.py:2676} INFO - Sync 1 DAGs
[2023-01-18T00:40:29.993+0000] {logging_mixin.py:137} INFO - [2023-01-18T00:40:29.993+0000] {dag.py:3423} INFO - Setting next_dagrun for ingestion-energydata to None, run_after=None
[2023-01-18T00:40:30.012+0000] {processor.py:175} INFO - Processing /opt/airflow/dags/ingestion_energydata_dag.py took 0.103 seconds
[2023-01-18T00:41:00.075+0000] {processor.py:153} INFO - Started process (PID=10944) to work on /opt/airflow/dags/ingestion_energydata_dag.py
[2023-01-18T00:41:00.076+0000] {processor.py:743} INFO - Processing file /opt/airflow/dags/ingestion_energydata_dag.py for tasks to queue
[2023-01-18T00:41:00.077+0000] {logging_mixin.py:137} INFO - [2023-01-18T00:41:00.077+0000] {dagbag.py:538} INFO - Filling up the DagBag from /opt/airflow/dags/ingestion_energydata_dag.py
[2023-01-18T00:41:00.086+0000] {logging_mixin.py:137} INFO - [2023-01-18T00:41:00.086+0000] {main.py:55} INFO - Python-dotenv could not find configuration file /opt/airflow/.env.
[2023-01-18T00:41:00.086+0000] {logging_mixin.py:137} INFO - b1c926b9-e910-4af7-9d4e-0518685804e3
[2023-01-18T00:41:00.100+0000] {processor.py:753} INFO - DAG(s) dict_keys(['ingestion-energydata']) retrieved from /opt/airflow/dags/ingestion_energydata_dag.py
[2023-01-18T00:41:00.127+0000] {logging_mixin.py:137} INFO - [2023-01-18T00:41:00.127+0000] {dag.py:2676} INFO - Sync 1 DAGs
[2023-01-18T00:41:00.156+0000] {logging_mixin.py:137} INFO - [2023-01-18T00:41:00.156+0000] {dag.py:3423} INFO - Setting next_dagrun for ingestion-energydata to None, run_after=None
[2023-01-18T00:41:00.179+0000] {processor.py:175} INFO - Processing /opt/airflow/dags/ingestion_energydata_dag.py took 0.106 seconds
[2023-01-18T00:41:30.304+0000] {processor.py:153} INFO - Started process (PID=10973) to work on /opt/airflow/dags/ingestion_energydata_dag.py
[2023-01-18T00:41:30.313+0000] {processor.py:743} INFO - Processing file /opt/airflow/dags/ingestion_energydata_dag.py for tasks to queue
[2023-01-18T00:41:30.314+0000] {logging_mixin.py:137} INFO - [2023-01-18T00:41:30.314+0000] {dagbag.py:538} INFO - Filling up the DagBag from /opt/airflow/dags/ingestion_energydata_dag.py
[2023-01-18T00:41:30.319+0000] {logging_mixin.py:137} INFO - [2023-01-18T00:41:30.319+0000] {main.py:55} INFO - Python-dotenv could not find configuration file /opt/airflow/.env.
[2023-01-18T00:41:30.320+0000] {logging_mixin.py:137} INFO - b1c926b9-e910-4af7-9d4e-0518685804e3
[2023-01-18T00:41:30.329+0000] {processor.py:753} INFO - DAG(s) dict_keys(['ingestion-energydata']) retrieved from /opt/airflow/dags/ingestion_energydata_dag.py
[2023-01-18T00:41:30.349+0000] {logging_mixin.py:137} INFO - [2023-01-18T00:41:30.348+0000] {dag.py:2676} INFO - Sync 1 DAGs
[2023-01-18T00:41:30.366+0000] {logging_mixin.py:137} INFO - [2023-01-18T00:41:30.366+0000] {dag.py:3423} INFO - Setting next_dagrun for ingestion-energydata to None, run_after=None
[2023-01-18T00:41:30.380+0000] {processor.py:175} INFO - Processing /opt/airflow/dags/ingestion_energydata_dag.py took 0.078 seconds
[2023-01-18T00:42:00.473+0000] {processor.py:153} INFO - Started process (PID=11002) to work on /opt/airflow/dags/ingestion_energydata_dag.py
[2023-01-18T00:42:00.482+0000] {processor.py:743} INFO - Processing file /opt/airflow/dags/ingestion_energydata_dag.py for tasks to queue
[2023-01-18T00:42:00.483+0000] {logging_mixin.py:137} INFO - [2023-01-18T00:42:00.483+0000] {dagbag.py:538} INFO - Filling up the DagBag from /opt/airflow/dags/ingestion_energydata_dag.py
[2023-01-18T00:42:00.489+0000] {logging_mixin.py:137} INFO - [2023-01-18T00:42:00.489+0000] {main.py:55} INFO - Python-dotenv could not find configuration file /opt/airflow/.env.
[2023-01-18T00:42:00.489+0000] {logging_mixin.py:137} INFO - b1c926b9-e910-4af7-9d4e-0518685804e3
[2023-01-18T00:42:00.501+0000] {processor.py:753} INFO - DAG(s) dict_keys(['ingestion-energydata']) retrieved from /opt/airflow/dags/ingestion_energydata_dag.py
[2023-01-18T00:42:00.522+0000] {logging_mixin.py:137} INFO - [2023-01-18T00:42:00.522+0000] {dag.py:2676} INFO - Sync 1 DAGs
[2023-01-18T00:42:00.547+0000] {logging_mixin.py:137} INFO - [2023-01-18T00:42:00.547+0000] {dag.py:3423} INFO - Setting next_dagrun for ingestion-energydata to None, run_after=None
[2023-01-18T00:42:00.563+0000] {processor.py:175} INFO - Processing /opt/airflow/dags/ingestion_energydata_dag.py took 0.093 seconds
[2023-01-18T00:42:30.663+0000] {processor.py:153} INFO - Started process (PID=11045) to work on /opt/airflow/dags/ingestion_energydata_dag.py
[2023-01-18T00:42:30.672+0000] {processor.py:743} INFO - Processing file /opt/airflow/dags/ingestion_energydata_dag.py for tasks to queue
[2023-01-18T00:42:30.672+0000] {logging_mixin.py:137} INFO - [2023-01-18T00:42:30.672+0000] {dagbag.py:538} INFO - Filling up the DagBag from /opt/airflow/dags/ingestion_energydata_dag.py
[2023-01-18T00:42:30.678+0000] {logging_mixin.py:137} INFO - [2023-01-18T00:42:30.678+0000] {main.py:55} INFO - Python-dotenv could not find configuration file /opt/airflow/.env.
[2023-01-18T00:42:30.678+0000] {logging_mixin.py:137} INFO - b1c926b9-e910-4af7-9d4e-0518685804e3
[2023-01-18T00:42:30.688+0000] {processor.py:753} INFO - DAG(s) dict_keys(['ingestion-energydata']) retrieved from /opt/airflow/dags/ingestion_energydata_dag.py
[2023-01-18T00:42:30.707+0000] {logging_mixin.py:137} INFO - [2023-01-18T00:42:30.706+0000] {dag.py:2676} INFO - Sync 1 DAGs
[2023-01-18T00:42:30.727+0000] {logging_mixin.py:137} INFO - [2023-01-18T00:42:30.726+0000] {dag.py:3423} INFO - Setting next_dagrun for ingestion-energydata to None, run_after=None
[2023-01-18T00:42:30.740+0000] {processor.py:175} INFO - Processing /opt/airflow/dags/ingestion_energydata_dag.py took 0.080 seconds
[2023-01-18T00:43:00.832+0000] {processor.py:153} INFO - Started process (PID=11074) to work on /opt/airflow/dags/ingestion_energydata_dag.py
[2023-01-18T00:43:00.834+0000] {processor.py:743} INFO - Processing file /opt/airflow/dags/ingestion_energydata_dag.py for tasks to queue
[2023-01-18T00:43:00.835+0000] {logging_mixin.py:137} INFO - [2023-01-18T00:43:00.835+0000] {dagbag.py:538} INFO - Filling up the DagBag from /opt/airflow/dags/ingestion_energydata_dag.py
[2023-01-18T00:43:00.844+0000] {logging_mixin.py:137} INFO - [2023-01-18T00:43:00.844+0000] {main.py:55} INFO - Python-dotenv could not find configuration file /opt/airflow/.env.
[2023-01-18T00:43:00.844+0000] {logging_mixin.py:137} INFO - b1c926b9-e910-4af7-9d4e-0518685804e3
[2023-01-18T00:43:00.858+0000] {processor.py:753} INFO - DAG(s) dict_keys(['ingestion-energydata']) retrieved from /opt/airflow/dags/ingestion_energydata_dag.py
[2023-01-18T00:43:00.887+0000] {logging_mixin.py:137} INFO - [2023-01-18T00:43:00.887+0000] {dag.py:2676} INFO - Sync 1 DAGs
[2023-01-18T00:43:00.912+0000] {logging_mixin.py:137} INFO - [2023-01-18T00:43:00.912+0000] {dag.py:3423} INFO - Setting next_dagrun for ingestion-energydata to None, run_after=None
[2023-01-18T00:43:00.940+0000] {processor.py:175} INFO - Processing /opt/airflow/dags/ingestion_energydata_dag.py took 0.111 seconds
[2023-01-18T00:43:31.111+0000] {processor.py:153} INFO - Started process (PID=11103) to work on /opt/airflow/dags/ingestion_energydata_dag.py
[2023-01-18T00:43:31.115+0000] {processor.py:743} INFO - Processing file /opt/airflow/dags/ingestion_energydata_dag.py for tasks to queue
[2023-01-18T00:43:31.118+0000] {logging_mixin.py:137} INFO - [2023-01-18T00:43:31.117+0000] {dagbag.py:538} INFO - Filling up the DagBag from /opt/airflow/dags/ingestion_energydata_dag.py
[2023-01-18T00:43:31.148+0000] {logging_mixin.py:137} INFO - [2023-01-18T00:43:31.148+0000] {main.py:55} INFO - Python-dotenv could not find configuration file /opt/airflow/.env.
[2023-01-18T00:43:31.149+0000] {logging_mixin.py:137} INFO - b1c926b9-e910-4af7-9d4e-0518685804e3
[2023-01-18T00:43:31.197+0000] {processor.py:753} INFO - DAG(s) dict_keys(['ingestion-energydata']) retrieved from /opt/airflow/dags/ingestion_energydata_dag.py
[2023-01-18T00:43:31.283+0000] {logging_mixin.py:137} INFO - [2023-01-18T00:43:31.283+0000] {dag.py:2676} INFO - Sync 1 DAGs
[2023-01-18T00:43:31.370+0000] {logging_mixin.py:137} INFO - [2023-01-18T00:43:31.370+0000] {dag.py:3423} INFO - Setting next_dagrun for ingestion-energydata to None, run_after=None
[2023-01-18T00:43:31.432+0000] {processor.py:175} INFO - Processing /opt/airflow/dags/ingestion_energydata_dag.py took 0.332 seconds
[2023-01-18T00:44:01.761+0000] {processor.py:153} INFO - Started process (PID=11131) to work on /opt/airflow/dags/ingestion_energydata_dag.py
[2023-01-18T00:44:01.771+0000] {processor.py:743} INFO - Processing file /opt/airflow/dags/ingestion_energydata_dag.py for tasks to queue
[2023-01-18T00:44:01.772+0000] {logging_mixin.py:137} INFO - [2023-01-18T00:44:01.772+0000] {dagbag.py:538} INFO - Filling up the DagBag from /opt/airflow/dags/ingestion_energydata_dag.py
[2023-01-18T00:44:01.786+0000] {logging_mixin.py:137} INFO - [2023-01-18T00:44:01.786+0000] {main.py:55} INFO - Python-dotenv could not find configuration file /opt/airflow/.env.
[2023-01-18T00:44:01.787+0000] {logging_mixin.py:137} INFO - b1c926b9-e910-4af7-9d4e-0518685804e3
[2023-01-18T00:44:01.813+0000] {processor.py:753} INFO - DAG(s) dict_keys(['ingestion-energydata']) retrieved from /opt/airflow/dags/ingestion_energydata_dag.py
[2023-01-18T00:44:01.861+0000] {logging_mixin.py:137} INFO - [2023-01-18T00:44:01.861+0000] {dag.py:2676} INFO - Sync 1 DAGs
[2023-01-18T00:44:01.911+0000] {logging_mixin.py:137} INFO - [2023-01-18T00:44:01.911+0000] {dag.py:3423} INFO - Setting next_dagrun for ingestion-energydata to None, run_after=None
[2023-01-18T00:44:01.956+0000] {processor.py:175} INFO - Processing /opt/airflow/dags/ingestion_energydata_dag.py took 0.204 seconds
[2023-01-18T00:44:32.118+0000] {processor.py:153} INFO - Started process (PID=11159) to work on /opt/airflow/dags/ingestion_energydata_dag.py
[2023-01-18T00:44:32.127+0000] {processor.py:743} INFO - Processing file /opt/airflow/dags/ingestion_energydata_dag.py for tasks to queue
[2023-01-18T00:44:32.128+0000] {logging_mixin.py:137} INFO - [2023-01-18T00:44:32.128+0000] {dagbag.py:538} INFO - Filling up the DagBag from /opt/airflow/dags/ingestion_energydata_dag.py
[2023-01-18T00:44:32.136+0000] {logging_mixin.py:137} INFO - [2023-01-18T00:44:32.136+0000] {main.py:55} INFO - Python-dotenv could not find configuration file /opt/airflow/.env.
[2023-01-18T00:44:32.136+0000] {logging_mixin.py:137} INFO - b1c926b9-e910-4af7-9d4e-0518685804e3
[2023-01-18T00:44:32.153+0000] {processor.py:753} INFO - DAG(s) dict_keys(['ingestion-energydata']) retrieved from /opt/airflow/dags/ingestion_energydata_dag.py
[2023-01-18T00:44:32.185+0000] {logging_mixin.py:137} INFO - [2023-01-18T00:44:32.185+0000] {dag.py:2676} INFO - Sync 1 DAGs
[2023-01-18T00:44:32.217+0000] {logging_mixin.py:137} INFO - [2023-01-18T00:44:32.216+0000] {dag.py:3423} INFO - Setting next_dagrun for ingestion-energydata to None, run_after=None
[2023-01-18T00:44:32.251+0000] {processor.py:175} INFO - Processing /opt/airflow/dags/ingestion_energydata_dag.py took 0.138 seconds
[2023-01-18T00:45:02.290+0000] {processor.py:153} INFO - Started process (PID=11188) to work on /opt/airflow/dags/ingestion_energydata_dag.py
[2023-01-18T00:45:02.299+0000] {processor.py:743} INFO - Processing file /opt/airflow/dags/ingestion_energydata_dag.py for tasks to queue
[2023-01-18T00:45:02.300+0000] {logging_mixin.py:137} INFO - [2023-01-18T00:45:02.299+0000] {dagbag.py:538} INFO - Filling up the DagBag from /opt/airflow/dags/ingestion_energydata_dag.py
[2023-01-18T00:45:02.306+0000] {logging_mixin.py:137} INFO - [2023-01-18T00:45:02.305+0000] {main.py:55} INFO - Python-dotenv could not find configuration file /opt/airflow/.env.
[2023-01-18T00:45:02.306+0000] {logging_mixin.py:137} INFO - b1c926b9-e910-4af7-9d4e-0518685804e3
[2023-01-18T00:45:02.315+0000] {processor.py:753} INFO - DAG(s) dict_keys(['ingestion-energydata']) retrieved from /opt/airflow/dags/ingestion_energydata_dag.py
[2023-01-18T00:45:02.334+0000] {logging_mixin.py:137} INFO - [2023-01-18T00:45:02.334+0000] {dag.py:2676} INFO - Sync 1 DAGs
[2023-01-18T00:45:02.352+0000] {logging_mixin.py:137} INFO - [2023-01-18T00:45:02.352+0000] {dag.py:3423} INFO - Setting next_dagrun for ingestion-energydata to None, run_after=None
[2023-01-18T00:45:02.365+0000] {processor.py:175} INFO - Processing /opt/airflow/dags/ingestion_energydata_dag.py took 0.078 seconds
[2023-01-18T00:45:32.478+0000] {processor.py:153} INFO - Started process (PID=11217) to work on /opt/airflow/dags/ingestion_energydata_dag.py
[2023-01-18T00:45:32.488+0000] {processor.py:743} INFO - Processing file /opt/airflow/dags/ingestion_energydata_dag.py for tasks to queue
[2023-01-18T00:45:32.490+0000] {logging_mixin.py:137} INFO - [2023-01-18T00:45:32.489+0000] {dagbag.py:538} INFO - Filling up the DagBag from /opt/airflow/dags/ingestion_energydata_dag.py
[2023-01-18T00:45:32.510+0000] {logging_mixin.py:137} INFO - [2023-01-18T00:45:32.509+0000] {main.py:55} INFO - Python-dotenv could not find configuration file /opt/airflow/.env.
[2023-01-18T00:45:32.510+0000] {logging_mixin.py:137} INFO - b1c926b9-e910-4af7-9d4e-0518685804e3
[2023-01-18T00:45:32.539+0000] {processor.py:753} INFO - DAG(s) dict_keys(['ingestion-energydata']) retrieved from /opt/airflow/dags/ingestion_energydata_dag.py
[2023-01-18T00:45:32.590+0000] {logging_mixin.py:137} INFO - [2023-01-18T00:45:32.589+0000] {dag.py:2676} INFO - Sync 1 DAGs
[2023-01-18T00:45:32.639+0000] {logging_mixin.py:137} INFO - [2023-01-18T00:45:32.638+0000] {dag.py:3423} INFO - Setting next_dagrun for ingestion-energydata to None, run_after=None
[2023-01-18T00:45:32.677+0000] {processor.py:175} INFO - Processing /opt/airflow/dags/ingestion_energydata_dag.py took 0.207 seconds
[2023-01-18T00:46:02.776+0000] {processor.py:153} INFO - Started process (PID=11246) to work on /opt/airflow/dags/ingestion_energydata_dag.py
[2023-01-18T00:46:02.785+0000] {processor.py:743} INFO - Processing file /opt/airflow/dags/ingestion_energydata_dag.py for tasks to queue
[2023-01-18T00:46:02.786+0000] {logging_mixin.py:137} INFO - [2023-01-18T00:46:02.786+0000] {dagbag.py:538} INFO - Filling up the DagBag from /opt/airflow/dags/ingestion_energydata_dag.py
[2023-01-18T00:46:02.795+0000] {logging_mixin.py:137} INFO - [2023-01-18T00:46:02.795+0000] {main.py:55} INFO - Python-dotenv could not find configuration file /opt/airflow/.env.
[2023-01-18T00:46:02.796+0000] {logging_mixin.py:137} INFO - b1c926b9-e910-4af7-9d4e-0518685804e3
[2023-01-18T00:46:02.813+0000] {processor.py:753} INFO - DAG(s) dict_keys(['ingestion-energydata']) retrieved from /opt/airflow/dags/ingestion_energydata_dag.py
[2023-01-18T00:46:02.844+0000] {logging_mixin.py:137} INFO - [2023-01-18T00:46:02.844+0000] {dag.py:2676} INFO - Sync 1 DAGs
[2023-01-18T00:46:02.876+0000] {logging_mixin.py:137} INFO - [2023-01-18T00:46:02.875+0000] {dag.py:3423} INFO - Setting next_dagrun for ingestion-energydata to None, run_after=None
[2023-01-18T00:46:02.909+0000] {processor.py:175} INFO - Processing /opt/airflow/dags/ingestion_energydata_dag.py took 0.137 seconds
[2023-01-18T00:46:33.088+0000] {processor.py:153} INFO - Started process (PID=11275) to work on /opt/airflow/dags/ingestion_energydata_dag.py
[2023-01-18T00:46:33.090+0000] {processor.py:743} INFO - Processing file /opt/airflow/dags/ingestion_energydata_dag.py for tasks to queue
[2023-01-18T00:46:33.091+0000] {logging_mixin.py:137} INFO - [2023-01-18T00:46:33.091+0000] {dagbag.py:538} INFO - Filling up the DagBag from /opt/airflow/dags/ingestion_energydata_dag.py
[2023-01-18T00:46:33.107+0000] {logging_mixin.py:137} INFO - [2023-01-18T00:46:33.106+0000] {main.py:55} INFO - Python-dotenv could not find configuration file /opt/airflow/.env.
[2023-01-18T00:46:33.107+0000] {logging_mixin.py:137} INFO - b1c926b9-e910-4af7-9d4e-0518685804e3
[2023-01-18T00:46:33.134+0000] {processor.py:753} INFO - DAG(s) dict_keys(['ingestion-energydata']) retrieved from /opt/airflow/dags/ingestion_energydata_dag.py
[2023-01-18T00:46:33.174+0000] {logging_mixin.py:137} INFO - [2023-01-18T00:46:33.174+0000] {dag.py:2676} INFO - Sync 1 DAGs
[2023-01-18T00:46:33.213+0000] {logging_mixin.py:137} INFO - [2023-01-18T00:46:33.212+0000] {dag.py:3423} INFO - Setting next_dagrun for ingestion-energydata to None, run_after=None
[2023-01-18T00:46:33.252+0000] {processor.py:175} INFO - Processing /opt/airflow/dags/ingestion_energydata_dag.py took 0.169 seconds
[2023-01-18T00:47:03.299+0000] {processor.py:153} INFO - Started process (PID=11304) to work on /opt/airflow/dags/ingestion_energydata_dag.py
[2023-01-18T00:47:03.301+0000] {processor.py:743} INFO - Processing file /opt/airflow/dags/ingestion_energydata_dag.py for tasks to queue
[2023-01-18T00:47:03.301+0000] {logging_mixin.py:137} INFO - [2023-01-18T00:47:03.301+0000] {dagbag.py:538} INFO - Filling up the DagBag from /opt/airflow/dags/ingestion_energydata_dag.py
[2023-01-18T00:47:03.310+0000] {logging_mixin.py:137} INFO - [2023-01-18T00:47:03.310+0000] {main.py:55} INFO - Python-dotenv could not find configuration file /opt/airflow/.env.
[2023-01-18T00:47:03.311+0000] {logging_mixin.py:137} INFO - b1c926b9-e910-4af7-9d4e-0518685804e3
[2023-01-18T00:47:03.328+0000] {processor.py:753} INFO - DAG(s) dict_keys(['ingestion-energydata']) retrieved from /opt/airflow/dags/ingestion_energydata_dag.py
[2023-01-18T00:47:03.359+0000] {logging_mixin.py:137} INFO - [2023-01-18T00:47:03.359+0000] {dag.py:2676} INFO - Sync 1 DAGs
[2023-01-18T00:47:03.391+0000] {logging_mixin.py:137} INFO - [2023-01-18T00:47:03.391+0000] {dag.py:3423} INFO - Setting next_dagrun for ingestion-energydata to None, run_after=None
[2023-01-18T00:47:03.426+0000] {processor.py:175} INFO - Processing /opt/airflow/dags/ingestion_energydata_dag.py took 0.131 seconds
[2023-01-18T00:47:33.687+0000] {processor.py:153} INFO - Started process (PID=11333) to work on /opt/airflow/dags/ingestion_energydata_dag.py
[2023-01-18T00:47:33.689+0000] {processor.py:743} INFO - Processing file /opt/airflow/dags/ingestion_energydata_dag.py for tasks to queue
[2023-01-18T00:47:33.690+0000] {logging_mixin.py:137} INFO - [2023-01-18T00:47:33.690+0000] {dagbag.py:538} INFO - Filling up the DagBag from /opt/airflow/dags/ingestion_energydata_dag.py
[2023-01-18T00:47:33.713+0000] {logging_mixin.py:137} INFO - [2023-01-18T00:47:33.713+0000] {main.py:55} INFO - Python-dotenv could not find configuration file /opt/airflow/.env.
[2023-01-18T00:47:33.714+0000] {logging_mixin.py:137} INFO - b1c926b9-e910-4af7-9d4e-0518685804e3
[2023-01-18T00:47:33.752+0000] {processor.py:753} INFO - DAG(s) dict_keys(['ingestion-energydata']) retrieved from /opt/airflow/dags/ingestion_energydata_dag.py
[2023-01-18T00:47:33.830+0000] {logging_mixin.py:137} INFO - [2023-01-18T00:47:33.829+0000] {dag.py:2676} INFO - Sync 1 DAGs
[2023-01-18T00:47:33.919+0000] {logging_mixin.py:137} INFO - [2023-01-18T00:47:33.919+0000] {dag.py:3423} INFO - Setting next_dagrun for ingestion-energydata to None, run_after=None
[2023-01-18T00:47:33.977+0000] {processor.py:175} INFO - Processing /opt/airflow/dags/ingestion_energydata_dag.py took 0.299 seconds
[2023-01-18T00:48:04.337+0000] {processor.py:153} INFO - Started process (PID=11362) to work on /opt/airflow/dags/ingestion_energydata_dag.py
[2023-01-18T00:48:04.340+0000] {processor.py:743} INFO - Processing file /opt/airflow/dags/ingestion_energydata_dag.py for tasks to queue
[2023-01-18T00:48:04.342+0000] {logging_mixin.py:137} INFO - [2023-01-18T00:48:04.342+0000] {dagbag.py:538} INFO - Filling up the DagBag from /opt/airflow/dags/ingestion_energydata_dag.py
[2023-01-18T00:48:04.374+0000] {logging_mixin.py:137} INFO - [2023-01-18T00:48:04.373+0000] {main.py:55} INFO - Python-dotenv could not find configuration file /opt/airflow/.env.
[2023-01-18T00:48:04.375+0000] {logging_mixin.py:137} INFO - b1c926b9-e910-4af7-9d4e-0518685804e3
[2023-01-18T00:48:04.436+0000] {processor.py:753} INFO - DAG(s) dict_keys(['ingestion-energydata']) retrieved from /opt/airflow/dags/ingestion_energydata_dag.py
[2023-01-18T00:48:04.530+0000] {logging_mixin.py:137} INFO - [2023-01-18T00:48:04.529+0000] {dag.py:2676} INFO - Sync 1 DAGs
[2023-01-18T00:48:04.653+0000] {logging_mixin.py:137} INFO - [2023-01-18T00:48:04.653+0000] {dag.py:3423} INFO - Setting next_dagrun for ingestion-energydata to None, run_after=None
[2023-01-18T00:48:04.742+0000] {processor.py:175} INFO - Processing /opt/airflow/dags/ingestion_energydata_dag.py took 0.415 seconds
[2023-01-18T00:48:34.992+0000] {processor.py:153} INFO - Started process (PID=11391) to work on /opt/airflow/dags/ingestion_energydata_dag.py
[2023-01-18T00:48:34.994+0000] {processor.py:743} INFO - Processing file /opt/airflow/dags/ingestion_energydata_dag.py for tasks to queue
[2023-01-18T00:48:34.995+0000] {logging_mixin.py:137} INFO - [2023-01-18T00:48:34.995+0000] {dagbag.py:538} INFO - Filling up the DagBag from /opt/airflow/dags/ingestion_energydata_dag.py
[2023-01-18T00:48:35.008+0000] {logging_mixin.py:137} INFO - [2023-01-18T00:48:35.008+0000] {main.py:55} INFO - Python-dotenv could not find configuration file /opt/airflow/.env.
[2023-01-18T00:48:35.009+0000] {logging_mixin.py:137} INFO - b1c926b9-e910-4af7-9d4e-0518685804e3
[2023-01-18T00:48:35.027+0000] {processor.py:753} INFO - DAG(s) dict_keys(['ingestion-energydata']) retrieved from /opt/airflow/dags/ingestion_energydata_dag.py
[2023-01-18T00:48:35.061+0000] {logging_mixin.py:137} INFO - [2023-01-18T00:48:35.060+0000] {dag.py:2676} INFO - Sync 1 DAGs
[2023-01-18T00:48:35.099+0000] {logging_mixin.py:137} INFO - [2023-01-18T00:48:35.099+0000] {dag.py:3423} INFO - Setting next_dagrun for ingestion-energydata to None, run_after=None
[2023-01-18T00:48:35.135+0000] {processor.py:175} INFO - Processing /opt/airflow/dags/ingestion_energydata_dag.py took 0.148 seconds
[2023-01-18T00:49:05.268+0000] {processor.py:153} INFO - Started process (PID=11419) to work on /opt/airflow/dags/ingestion_energydata_dag.py
[2023-01-18T00:49:05.280+0000] {processor.py:743} INFO - Processing file /opt/airflow/dags/ingestion_energydata_dag.py for tasks to queue
[2023-01-18T00:49:05.288+0000] {logging_mixin.py:137} INFO - [2023-01-18T00:49:05.282+0000] {dagbag.py:538} INFO - Filling up the DagBag from /opt/airflow/dags/ingestion_energydata_dag.py
[2023-01-18T00:49:05.336+0000] {logging_mixin.py:137} INFO - [2023-01-18T00:49:05.335+0000] {main.py:55} INFO - Python-dotenv could not find configuration file /opt/airflow/.env.
[2023-01-18T00:49:05.337+0000] {logging_mixin.py:137} INFO - b1c926b9-e910-4af7-9d4e-0518685804e3
[2023-01-18T00:49:05.399+0000] {processor.py:753} INFO - DAG(s) dict_keys(['ingestion-energydata']) retrieved from /opt/airflow/dags/ingestion_energydata_dag.py
[2023-01-18T00:49:05.520+0000] {logging_mixin.py:137} INFO - [2023-01-18T00:49:05.520+0000] {dag.py:2676} INFO - Sync 1 DAGs
[2023-01-18T00:49:05.649+0000] {logging_mixin.py:137} INFO - [2023-01-18T00:49:05.648+0000] {dag.py:3423} INFO - Setting next_dagrun for ingestion-energydata to None, run_after=None
[2023-01-18T00:49:05.736+0000] {processor.py:175} INFO - Processing /opt/airflow/dags/ingestion_energydata_dag.py took 0.484 seconds
[2023-01-18T00:49:36.169+0000] {processor.py:153} INFO - Started process (PID=11433) to work on /opt/airflow/dags/ingestion_energydata_dag.py
[2023-01-18T00:49:36.171+0000] {processor.py:743} INFO - Processing file /opt/airflow/dags/ingestion_energydata_dag.py for tasks to queue
[2023-01-18T00:49:36.171+0000] {logging_mixin.py:137} INFO - [2023-01-18T00:49:36.171+0000] {dagbag.py:538} INFO - Filling up the DagBag from /opt/airflow/dags/ingestion_energydata_dag.py
[2023-01-18T00:49:36.183+0000] {logging_mixin.py:137} INFO - [2023-01-18T00:49:36.183+0000] {main.py:55} INFO - Python-dotenv could not find configuration file /opt/airflow/.env.
[2023-01-18T00:49:36.183+0000] {logging_mixin.py:137} INFO - b1c926b9-e910-4af7-9d4e-0518685804e3
[2023-01-18T00:49:36.205+0000] {processor.py:753} INFO - DAG(s) dict_keys(['ingestion-energydata']) retrieved from /opt/airflow/dags/ingestion_energydata_dag.py
[2023-01-18T00:49:36.243+0000] {logging_mixin.py:137} INFO - [2023-01-18T00:49:36.243+0000] {dag.py:2676} INFO - Sync 1 DAGs
[2023-01-18T00:49:36.282+0000] {logging_mixin.py:137} INFO - [2023-01-18T00:49:36.281+0000] {dag.py:3423} INFO - Setting next_dagrun for ingestion-energydata to None, run_after=None
[2023-01-18T00:49:36.311+0000] {processor.py:175} INFO - Processing /opt/airflow/dags/ingestion_energydata_dag.py took 0.147 seconds
