[2023-01-30T10:54:22.677+0000] {taskinstance.py:1087} INFO - Dependencies all met for <TaskInstance: entsoe-energydata.extract_generation scheduled__2021-01-01T00:00:00+00:00 [queued]>
[2023-01-30T10:54:22.716+0000] {taskinstance.py:1087} INFO - Dependencies all met for <TaskInstance: entsoe-energydata.extract_generation scheduled__2021-01-01T00:00:00+00:00 [queued]>
[2023-01-30T10:54:22.717+0000] {taskinstance.py:1283} INFO - 
--------------------------------------------------------------------------------
[2023-01-30T10:54:22.718+0000] {taskinstance.py:1284} INFO - Starting attempt 1 of 4
[2023-01-30T10:54:22.718+0000] {taskinstance.py:1285} INFO - 
--------------------------------------------------------------------------------
[2023-01-30T10:54:22.768+0000] {taskinstance.py:1304} INFO - Executing <Task(PythonOperator): extract_generation> on 2021-01-01 00:00:00+00:00
[2023-01-30T10:54:22.851+0000] {standard_task_runner.py:55} INFO - Started process 181 to run task
[2023-01-30T10:54:22.960+0000] {standard_task_runner.py:82} INFO - Running: ['***', 'tasks', 'run', 'entsoe-energydata', 'extract_generation', 'scheduled__2021-01-01T00:00:00+00:00', '--job-id', '524', '--raw', '--subdir', 'DAGS_FOLDER/ingestion_energydata_dag.py', '--cfg-path', '/tmp/tmprh014rw0']
[2023-01-30T10:54:23.057+0000] {standard_task_runner.py:83} INFO - Job 524: Subtask extract_generation
[2023-01-30T10:54:23.557+0000] {task_command.py:389} INFO - Running <TaskInstance: entsoe-energydata.extract_generation scheduled__2021-01-01T00:00:00+00:00 [running]> on host 5b6f5d29e531
[2023-01-30T10:54:23.946+0000] {taskinstance.py:1511} INFO - Exporting the following env vars:
AIRFLOW_CTX_DAG_OWNER=rafzul
AIRFLOW_CTX_DAG_ID=entsoe-energydata
AIRFLOW_CTX_TASK_ID=extract_generation
AIRFLOW_CTX_EXECUTION_DATE=2021-01-01T00:00:00+00:00
AIRFLOW_CTX_TRY_NUMBER=1
AIRFLOW_CTX_DAG_RUN_ID=scheduled__2021-01-01T00:00:00+00:00
[2023-01-30T10:54:25.733+0000] {crypto.py:83} WARNING - empty cryptography key - values will not be stored encrypted.
[2023-01-30T10:54:25.734+0000] {base.py:73} INFO - Using connection ID 'google_cloud_default' for task execution.
[2023-01-30T10:54:26.247+0000] {python.py:177} INFO - Done. Returned value was: None
[2023-01-30T10:54:26.323+0000] {taskinstance.py:1322} INFO - Marking task as SUCCESS. dag_id=entsoe-energydata, task_id=extract_generation, execution_date=20210101T000000, start_date=20230130T105422, end_date=20230130T105426
[2023-01-30T10:54:26.468+0000] {local_task_job.py:159} INFO - Task exited with return code 0
[2023-01-30T10:57:13.827+0000] {taskinstance.py:1087} INFO - Dependencies all met for <TaskInstance: entsoe-energydata.extract_generation scheduled__2021-01-01T00:00:00+00:00 [queued]>
[2023-01-30T10:57:13.907+0000] {taskinstance.py:1087} INFO - Dependencies all met for <TaskInstance: entsoe-energydata.extract_generation scheduled__2021-01-01T00:00:00+00:00 [queued]>
[2023-01-30T10:57:13.907+0000] {taskinstance.py:1283} INFO - 
--------------------------------------------------------------------------------
[2023-01-30T10:57:13.908+0000] {taskinstance.py:1284} INFO - Starting attempt 1 of 4
[2023-01-30T10:57:13.908+0000] {taskinstance.py:1285} INFO - 
--------------------------------------------------------------------------------
[2023-01-30T10:57:13.962+0000] {taskinstance.py:1304} INFO - Executing <Task(PythonOperator): extract_generation> on 2021-01-01 00:00:00+00:00
[2023-01-30T10:57:13.990+0000] {standard_task_runner.py:55} INFO - Started process 384 to run task
[2023-01-30T10:57:14.015+0000] {standard_task_runner.py:82} INFO - Running: ['***', 'tasks', 'run', 'entsoe-energydata', 'extract_generation', 'scheduled__2021-01-01T00:00:00+00:00', '--job-id', '534', '--raw', '--subdir', 'DAGS_FOLDER/ingestion_energydata_dag.py', '--cfg-path', '/tmp/tmpwinwhgh5']
[2023-01-30T10:57:14.025+0000] {standard_task_runner.py:83} INFO - Job 534: Subtask extract_generation
[2023-01-30T10:57:14.479+0000] {task_command.py:389} INFO - Running <TaskInstance: entsoe-energydata.extract_generation scheduled__2021-01-01T00:00:00+00:00 [running]> on host 5b6f5d29e531
[2023-01-30T10:57:15.106+0000] {taskinstance.py:1511} INFO - Exporting the following env vars:
AIRFLOW_CTX_DAG_OWNER=rafzul
AIRFLOW_CTX_DAG_ID=entsoe-energydata
AIRFLOW_CTX_TASK_ID=extract_generation
AIRFLOW_CTX_EXECUTION_DATE=2021-01-01T00:00:00+00:00
AIRFLOW_CTX_TRY_NUMBER=1
AIRFLOW_CTX_DAG_RUN_ID=scheduled__2021-01-01T00:00:00+00:00
[2023-01-30T10:57:16.704+0000] {crypto.py:83} WARNING - empty cryptography key - values will not be stored encrypted.
[2023-01-30T10:57:16.705+0000] {base.py:73} INFO - Using connection ID 'google_cloud_default' for task execution.
[2023-01-30T10:57:17.285+0000] {python.py:177} INFO - Done. Returned value was: None
[2023-01-30T10:57:17.342+0000] {taskinstance.py:1322} INFO - Marking task as SUCCESS. dag_id=entsoe-energydata, task_id=extract_generation, execution_date=20210101T000000, start_date=20230130T105713, end_date=20230130T105717
[2023-01-30T10:57:17.692+0000] {local_task_job.py:159} INFO - Task exited with return code 0
[2023-01-30T10:57:17.769+0000] {taskinstance.py:2582} INFO - 1 downstream tasks scheduled from follow-on schedule check
[2023-01-30T18:09:14.899+0000] {taskinstance.py:1087} INFO - Dependencies all met for <TaskInstance: entsoe-energydata.extract_generation scheduled__2021-01-01T00:00:00+00:00 [queued]>
[2023-01-30T18:09:14.947+0000] {taskinstance.py:1087} INFO - Dependencies all met for <TaskInstance: entsoe-energydata.extract_generation scheduled__2021-01-01T00:00:00+00:00 [queued]>
[2023-01-30T18:09:14.948+0000] {taskinstance.py:1283} INFO - 
--------------------------------------------------------------------------------
[2023-01-30T18:09:14.948+0000] {taskinstance.py:1284} INFO - Starting attempt 1 of 4
[2023-01-30T18:09:14.949+0000] {taskinstance.py:1285} INFO - 
--------------------------------------------------------------------------------
[2023-01-30T18:09:14.989+0000] {taskinstance.py:1304} INFO - Executing <Task(PythonOperator): extract_generation> on 2021-01-01 00:00:00+00:00
[2023-01-30T18:09:15.010+0000] {standard_task_runner.py:55} INFO - Started process 13014 to run task
[2023-01-30T18:09:15.037+0000] {standard_task_runner.py:82} INFO - Running: ['***', 'tasks', 'run', 'entsoe-energydata', 'extract_generation', 'scheduled__2021-01-01T00:00:00+00:00', '--job-id', '569', '--raw', '--subdir', 'DAGS_FOLDER/ingestion_energydata_dag.py', '--cfg-path', '/tmp/tmpwxvb1ber']
[2023-01-30T18:09:15.049+0000] {standard_task_runner.py:83} INFO - Job 569: Subtask extract_generation
[2023-01-30T18:09:15.425+0000] {task_command.py:389} INFO - Running <TaskInstance: entsoe-energydata.extract_generation scheduled__2021-01-01T00:00:00+00:00 [running]> on host 64b72c0214de
[2023-01-30T18:09:15.822+0000] {taskinstance.py:1511} INFO - Exporting the following env vars:
AIRFLOW_CTX_DAG_OWNER=rafzul
AIRFLOW_CTX_DAG_ID=entsoe-energydata
AIRFLOW_CTX_TASK_ID=extract_generation
AIRFLOW_CTX_EXECUTION_DATE=2021-01-01T00:00:00+00:00
AIRFLOW_CTX_TRY_NUMBER=1
AIRFLOW_CTX_DAG_RUN_ID=scheduled__2021-01-01T00:00:00+00:00
[2023-01-30T18:09:17.477+0000] {crypto.py:83} WARNING - empty cryptography key - values will not be stored encrypted.
[2023-01-30T18:09:17.477+0000] {base.py:73} INFO - Using connection ID 'google_cloud_default' for task execution.
[2023-01-30T18:09:17.834+0000] {python.py:177} INFO - Done. Returned value was: None
[2023-01-30T18:09:17.866+0000] {taskinstance.py:1322} INFO - Marking task as SUCCESS. dag_id=entsoe-energydata, task_id=extract_generation, execution_date=20210101T000000, start_date=20230130T180914, end_date=20230130T180917
[2023-01-30T18:09:18.005+0000] {local_task_job.py:159} INFO - Task exited with return code 0
[2023-01-30T18:09:18.270+0000] {taskinstance.py:2582} INFO - 1 downstream tasks scheduled from follow-on schedule check
[2023-01-30T18:17:16.191+0000] {taskinstance.py:1087} INFO - Dependencies all met for <TaskInstance: entsoe-energydata.extract_generation scheduled__2021-01-01T00:00:00+00:00 [queued]>
[2023-01-30T18:17:16.210+0000] {taskinstance.py:1087} INFO - Dependencies all met for <TaskInstance: entsoe-energydata.extract_generation scheduled__2021-01-01T00:00:00+00:00 [queued]>
[2023-01-30T18:17:16.211+0000] {taskinstance.py:1283} INFO - 
--------------------------------------------------------------------------------
[2023-01-30T18:17:16.211+0000] {taskinstance.py:1284} INFO - Starting attempt 1 of 4
[2023-01-30T18:17:16.212+0000] {taskinstance.py:1285} INFO - 
--------------------------------------------------------------------------------
[2023-01-30T18:17:16.237+0000] {taskinstance.py:1304} INFO - Executing <Task(PythonOperator): extract_generation> on 2021-01-01 00:00:00+00:00
[2023-01-30T18:17:16.260+0000] {standard_task_runner.py:55} INFO - Started process 13988 to run task
[2023-01-30T18:17:16.283+0000] {standard_task_runner.py:82} INFO - Running: ['***', 'tasks', 'run', 'entsoe-energydata', 'extract_generation', 'scheduled__2021-01-01T00:00:00+00:00', '--job-id', '588', '--raw', '--subdir', 'DAGS_FOLDER/ingestion_energydata_dag.py', '--cfg-path', '/tmp/tmpv63fm30x']
[2023-01-30T18:17:16.300+0000] {standard_task_runner.py:83} INFO - Job 588: Subtask extract_generation
[2023-01-30T18:17:16.584+0000] {task_command.py:389} INFO - Running <TaskInstance: entsoe-energydata.extract_generation scheduled__2021-01-01T00:00:00+00:00 [running]> on host 64b72c0214de
[2023-01-30T18:17:16.773+0000] {taskinstance.py:1511} INFO - Exporting the following env vars:
AIRFLOW_CTX_DAG_OWNER=rafzul
AIRFLOW_CTX_DAG_ID=entsoe-energydata
AIRFLOW_CTX_TASK_ID=extract_generation
AIRFLOW_CTX_EXECUTION_DATE=2021-01-01T00:00:00+00:00
AIRFLOW_CTX_TRY_NUMBER=1
AIRFLOW_CTX_DAG_RUN_ID=scheduled__2021-01-01T00:00:00+00:00
[2023-01-30T18:17:18.224+0000] {crypto.py:83} WARNING - empty cryptography key - values will not be stored encrypted.
[2023-01-30T18:17:18.224+0000] {base.py:73} INFO - Using connection ID 'google_cloud_default' for task execution.
[2023-01-30T18:17:18.636+0000] {python.py:177} INFO - Done. Returned value was: None
[2023-01-30T18:17:18.765+0000] {taskinstance.py:1322} INFO - Marking task as SUCCESS. dag_id=entsoe-energydata, task_id=extract_generation, execution_date=20210101T000000, start_date=20230130T181716, end_date=20230130T181718
[2023-01-30T18:17:18.868+0000] {local_task_job.py:159} INFO - Task exited with return code 0
[2023-01-30T18:17:18.941+0000] {taskinstance.py:2582} INFO - 1 downstream tasks scheduled from follow-on schedule check
[2023-01-30T18:24:44.560+0000] {taskinstance.py:1087} INFO - Dependencies all met for <TaskInstance: entsoe-energydata.extract_generation scheduled__2021-01-01T00:00:00+00:00 [queued]>
[2023-01-30T18:24:44.602+0000] {taskinstance.py:1087} INFO - Dependencies all met for <TaskInstance: entsoe-energydata.extract_generation scheduled__2021-01-01T00:00:00+00:00 [queued]>
[2023-01-30T18:24:44.603+0000] {taskinstance.py:1283} INFO - 
--------------------------------------------------------------------------------
[2023-01-30T18:24:44.604+0000] {taskinstance.py:1284} INFO - Starting attempt 1 of 4
[2023-01-30T18:24:44.605+0000] {taskinstance.py:1285} INFO - 
--------------------------------------------------------------------------------
[2023-01-30T18:24:44.652+0000] {taskinstance.py:1304} INFO - Executing <Task(PythonOperator): extract_generation> on 2021-01-01 00:00:00+00:00
[2023-01-30T18:24:44.680+0000] {standard_task_runner.py:55} INFO - Started process 16471 to run task
[2023-01-30T18:24:44.727+0000] {standard_task_runner.py:82} INFO - Running: ['***', 'tasks', 'run', 'entsoe-energydata', 'extract_generation', 'scheduled__2021-01-01T00:00:00+00:00', '--job-id', '610', '--raw', '--subdir', 'DAGS_FOLDER/ingestion_energydata_dag.py', '--cfg-path', '/tmp/tmpq1pibpsp']
[2023-01-30T18:24:44.752+0000] {standard_task_runner.py:83} INFO - Job 610: Subtask extract_generation
[2023-01-30T18:24:45.067+0000] {task_command.py:389} INFO - Running <TaskInstance: entsoe-energydata.extract_generation scheduled__2021-01-01T00:00:00+00:00 [running]> on host 64b72c0214de
[2023-01-30T18:24:45.401+0000] {taskinstance.py:1511} INFO - Exporting the following env vars:
AIRFLOW_CTX_DAG_OWNER=rafzul
AIRFLOW_CTX_DAG_ID=entsoe-energydata
AIRFLOW_CTX_TASK_ID=extract_generation
AIRFLOW_CTX_EXECUTION_DATE=2021-01-01T00:00:00+00:00
AIRFLOW_CTX_TRY_NUMBER=1
AIRFLOW_CTX_DAG_RUN_ID=scheduled__2021-01-01T00:00:00+00:00
[2023-01-30T18:24:46.899+0000] {crypto.py:83} WARNING - empty cryptography key - values will not be stored encrypted.
[2023-01-30T18:24:46.900+0000] {base.py:73} INFO - Using connection ID 'google_cloud_default' for task execution.
[2023-01-30T18:24:47.322+0000] {python.py:177} INFO - Done. Returned value was: None
[2023-01-30T18:24:47.353+0000] {taskinstance.py:1322} INFO - Marking task as SUCCESS. dag_id=entsoe-energydata, task_id=extract_generation, execution_date=20210101T000000, start_date=20230130T182444, end_date=20230130T182447
[2023-01-30T18:24:47.420+0000] {local_task_job.py:159} INFO - Task exited with return code 0
[2023-01-30T18:24:47.485+0000] {taskinstance.py:2582} INFO - 1 downstream tasks scheduled from follow-on schedule check
[2023-01-30T18:35:18.488+0000] {taskinstance.py:1087} INFO - Dependencies all met for <TaskInstance: entsoe-energydata.extract_generation scheduled__2021-01-01T00:00:00+00:00 [queued]>
[2023-01-30T18:35:18.544+0000] {taskinstance.py:1087} INFO - Dependencies all met for <TaskInstance: entsoe-energydata.extract_generation scheduled__2021-01-01T00:00:00+00:00 [queued]>
[2023-01-30T18:35:18.545+0000] {taskinstance.py:1283} INFO - 
--------------------------------------------------------------------------------
[2023-01-30T18:35:18.545+0000] {taskinstance.py:1284} INFO - Starting attempt 1 of 4
[2023-01-30T18:35:18.545+0000] {taskinstance.py:1285} INFO - 
--------------------------------------------------------------------------------
[2023-01-30T18:35:18.605+0000] {taskinstance.py:1304} INFO - Executing <Task(PythonOperator): extract_generation> on 2021-01-01 00:00:00+00:00
[2023-01-30T18:35:18.636+0000] {standard_task_runner.py:55} INFO - Started process 171 to run task
[2023-01-30T18:35:18.643+0000] {standard_task_runner.py:82} INFO - Running: ['***', 'tasks', 'run', 'entsoe-energydata', 'extract_generation', 'scheduled__2021-01-01T00:00:00+00:00', '--job-id', '651', '--raw', '--subdir', 'DAGS_FOLDER/ingestion_energydata_dag.py', '--cfg-path', '/tmp/tmpt6h8sun4']
[2023-01-30T18:35:18.649+0000] {standard_task_runner.py:83} INFO - Job 651: Subtask extract_generation
[2023-01-30T18:35:18.775+0000] {task_command.py:389} INFO - Running <TaskInstance: entsoe-energydata.extract_generation scheduled__2021-01-01T00:00:00+00:00 [running]> on host 767c6fe0d003
[2023-01-30T18:35:18.910+0000] {taskinstance.py:1511} INFO - Exporting the following env vars:
AIRFLOW_CTX_DAG_OWNER=rafzul
AIRFLOW_CTX_DAG_ID=entsoe-energydata
AIRFLOW_CTX_TASK_ID=extract_generation
AIRFLOW_CTX_EXECUTION_DATE=2021-01-01T00:00:00+00:00
AIRFLOW_CTX_TRY_NUMBER=1
AIRFLOW_CTX_DAG_RUN_ID=scheduled__2021-01-01T00:00:00+00:00
[2023-01-30T18:35:20.515+0000] {crypto.py:83} WARNING - empty cryptography key - values will not be stored encrypted.
[2023-01-30T18:35:20.516+0000] {base.py:73} INFO - Using connection ID 'google_cloud_default' for task execution.
[2023-01-30T18:35:20.839+0000] {python.py:177} INFO - Done. Returned value was: None
[2023-01-30T18:35:20.866+0000] {taskinstance.py:1322} INFO - Marking task as SUCCESS. dag_id=entsoe-energydata, task_id=extract_generation, execution_date=20210101T000000, start_date=20230130T183518, end_date=20230130T183520
[2023-01-30T18:35:20.921+0000] {local_task_job.py:159} INFO - Task exited with return code 0
[2023-01-30T18:35:21.045+0000] {taskinstance.py:2582} INFO - 1 downstream tasks scheduled from follow-on schedule check
[2023-01-30T18:44:02.032+0000] {taskinstance.py:1087} INFO - Dependencies all met for <TaskInstance: entsoe-energydata.extract_generation scheduled__2021-01-01T00:00:00+00:00 [queued]>
[2023-01-30T18:44:02.136+0000] {taskinstance.py:1087} INFO - Dependencies all met for <TaskInstance: entsoe-energydata.extract_generation scheduled__2021-01-01T00:00:00+00:00 [queued]>
[2023-01-30T18:44:02.151+0000] {taskinstance.py:1283} INFO - 
--------------------------------------------------------------------------------
[2023-01-30T18:44:02.152+0000] {taskinstance.py:1284} INFO - Starting attempt 1 of 4
[2023-01-30T18:44:02.153+0000] {taskinstance.py:1285} INFO - 
--------------------------------------------------------------------------------
[2023-01-30T18:44:02.245+0000] {taskinstance.py:1304} INFO - Executing <Task(PythonOperator): extract_generation> on 2021-01-01 00:00:00+00:00
[2023-01-30T18:44:02.275+0000] {standard_task_runner.py:55} INFO - Started process 2671 to run task
[2023-01-30T18:44:02.310+0000] {standard_task_runner.py:82} INFO - Running: ['***', 'tasks', 'run', 'entsoe-energydata', 'extract_generation', 'scheduled__2021-01-01T00:00:00+00:00', '--job-id', '659', '--raw', '--subdir', 'DAGS_FOLDER/ingestion_energydata_dag.py', '--cfg-path', '/tmp/tmp0o8djsf_']
[2023-01-30T18:44:02.324+0000] {standard_task_runner.py:83} INFO - Job 659: Subtask extract_generation
[2023-01-30T18:44:03.073+0000] {task_command.py:389} INFO - Running <TaskInstance: entsoe-energydata.extract_generation scheduled__2021-01-01T00:00:00+00:00 [running]> on host 767c6fe0d003
[2023-01-30T18:44:03.986+0000] {taskinstance.py:1511} INFO - Exporting the following env vars:
AIRFLOW_CTX_DAG_OWNER=rafzul
AIRFLOW_CTX_DAG_ID=entsoe-energydata
AIRFLOW_CTX_TASK_ID=extract_generation
AIRFLOW_CTX_EXECUTION_DATE=2021-01-01T00:00:00+00:00
AIRFLOW_CTX_TRY_NUMBER=1
AIRFLOW_CTX_DAG_RUN_ID=scheduled__2021-01-01T00:00:00+00:00
[2023-01-30T18:44:05.901+0000] {crypto.py:83} WARNING - empty cryptography key - values will not be stored encrypted.
[2023-01-30T18:44:05.903+0000] {base.py:73} INFO - Using connection ID 'google_cloud_default' for task execution.
[2023-01-30T18:44:06.781+0000] {python.py:177} INFO - Done. Returned value was: None
[2023-01-30T18:44:06.927+0000] {taskinstance.py:1322} INFO - Marking task as SUCCESS. dag_id=entsoe-energydata, task_id=extract_generation, execution_date=20210101T000000, start_date=20230130T184402, end_date=20230130T184406
[2023-01-30T18:44:07.084+0000] {local_task_job.py:159} INFO - Task exited with return code 0
[2023-01-30T18:44:07.303+0000] {taskinstance.py:2582} INFO - 1 downstream tasks scheduled from follow-on schedule check
[2023-01-31T01:10:37.978+0000] {taskinstance.py:1087} INFO - Dependencies all met for <TaskInstance: entsoe-energydata.extract_generation scheduled__2021-01-01T00:00:00+00:00 [queued]>
[2023-01-31T01:10:38.045+0000] {taskinstance.py:1087} INFO - Dependencies all met for <TaskInstance: entsoe-energydata.extract_generation scheduled__2021-01-01T00:00:00+00:00 [queued]>
[2023-01-31T01:10:38.046+0000] {taskinstance.py:1283} INFO - 
--------------------------------------------------------------------------------
[2023-01-31T01:10:38.046+0000] {taskinstance.py:1284} INFO - Starting attempt 1 of 4
[2023-01-31T01:10:38.048+0000] {taskinstance.py:1285} INFO - 
--------------------------------------------------------------------------------
[2023-01-31T01:10:38.112+0000] {taskinstance.py:1304} INFO - Executing <Task(PythonOperator): extract_generation> on 2021-01-01 00:00:00+00:00
[2023-01-31T01:10:38.167+0000] {standard_task_runner.py:55} INFO - Started process 1733 to run task
[2023-01-31T01:10:38.209+0000] {standard_task_runner.py:82} INFO - Running: ['***', 'tasks', 'run', 'entsoe-energydata', 'extract_generation', 'scheduled__2021-01-01T00:00:00+00:00', '--job-id', '675', '--raw', '--subdir', 'DAGS_FOLDER/ingestion_energydata_dag.py', '--cfg-path', '/tmp/tmp0gjrfea_']
[2023-01-31T01:10:38.217+0000] {standard_task_runner.py:83} INFO - Job 675: Subtask extract_generation
[2023-01-31T01:10:38.573+0000] {task_command.py:389} INFO - Running <TaskInstance: entsoe-energydata.extract_generation scheduled__2021-01-01T00:00:00+00:00 [running]> on host 767c6fe0d003
[2023-01-31T01:10:38.721+0000] {taskinstance.py:1511} INFO - Exporting the following env vars:
AIRFLOW_CTX_DAG_OWNER=rafzul
AIRFLOW_CTX_DAG_ID=entsoe-energydata
AIRFLOW_CTX_TASK_ID=extract_generation
AIRFLOW_CTX_EXECUTION_DATE=2021-01-01T00:00:00+00:00
AIRFLOW_CTX_TRY_NUMBER=1
AIRFLOW_CTX_DAG_RUN_ID=scheduled__2021-01-01T00:00:00+00:00
[2023-01-31T01:10:41.418+0000] {crypto.py:83} WARNING - empty cryptography key - values will not be stored encrypted.
[2023-01-31T01:10:41.422+0000] {base.py:73} INFO - Using connection ID 'google_cloud_default' for task execution.
[2023-01-31T01:10:41.775+0000] {python.py:177} INFO - Done. Returned value was: None
[2023-01-31T01:10:41.815+0000] {taskinstance.py:1322} INFO - Marking task as SUCCESS. dag_id=entsoe-energydata, task_id=extract_generation, execution_date=20210101T000000, start_date=20230131T011037, end_date=20230131T011041
[2023-01-31T01:10:41.896+0000] {local_task_job.py:159} INFO - Task exited with return code 0
[2023-01-31T01:10:41.953+0000] {taskinstance.py:2582} INFO - 1 downstream tasks scheduled from follow-on schedule check
[2023-01-31T01:20:24.352+0000] {taskinstance.py:1087} INFO - Dependencies all met for <TaskInstance: entsoe-energydata.extract_generation scheduled__2021-01-01T00:00:00+00:00 [queued]>
[2023-01-31T01:20:24.396+0000] {taskinstance.py:1087} INFO - Dependencies all met for <TaskInstance: entsoe-energydata.extract_generation scheduled__2021-01-01T00:00:00+00:00 [queued]>
[2023-01-31T01:20:24.399+0000] {taskinstance.py:1283} INFO - 
--------------------------------------------------------------------------------
[2023-01-31T01:20:24.400+0000] {taskinstance.py:1284} INFO - Starting attempt 1 of 4
[2023-01-31T01:20:24.401+0000] {taskinstance.py:1285} INFO - 
--------------------------------------------------------------------------------
[2023-01-31T01:20:24.467+0000] {taskinstance.py:1304} INFO - Executing <Task(PythonOperator): extract_generation> on 2021-01-01 00:00:00+00:00
[2023-01-31T01:20:24.495+0000] {standard_task_runner.py:55} INFO - Started process 4686 to run task
[2023-01-31T01:20:24.516+0000] {standard_task_runner.py:82} INFO - Running: ['***', 'tasks', 'run', 'entsoe-energydata', 'extract_generation', 'scheduled__2021-01-01T00:00:00+00:00', '--job-id', '697', '--raw', '--subdir', 'DAGS_FOLDER/ingestion_energydata_dag.py', '--cfg-path', '/tmp/tmph6ng_dq1']
[2023-01-31T01:20:24.527+0000] {standard_task_runner.py:83} INFO - Job 697: Subtask extract_generation
[2023-01-31T01:20:24.988+0000] {task_command.py:389} INFO - Running <TaskInstance: entsoe-energydata.extract_generation scheduled__2021-01-01T00:00:00+00:00 [running]> on host 767c6fe0d003
[2023-01-31T01:20:25.784+0000] {taskinstance.py:1511} INFO - Exporting the following env vars:
AIRFLOW_CTX_DAG_OWNER=rafzul
AIRFLOW_CTX_DAG_ID=entsoe-energydata
AIRFLOW_CTX_TASK_ID=extract_generation
AIRFLOW_CTX_EXECUTION_DATE=2021-01-01T00:00:00+00:00
AIRFLOW_CTX_TRY_NUMBER=1
AIRFLOW_CTX_DAG_RUN_ID=scheduled__2021-01-01T00:00:00+00:00
[2023-01-31T01:20:25.791+0000] {taskinstance.py:1772} ERROR - Task failed with exception
Traceback (most recent call last):
  File "/home/airflow/.local/lib/python3.10/site-packages/airflow/operators/python.py", line 175, in execute
    return_value = self.execute_callable()
  File "/home/airflow/.local/lib/python3.10/site-packages/airflow/operators/python.py", line 192, in execute_callable
    return self.python_callable(*self.op_args, **self.op_kwargs)
  File "/opt/airflow/plugins/scripts/extract_raw.py", line 79, in extract_raw_data
    start = pd.Timestamp(start, tz=timezone)
  File "pandas/_libs/tslibs/timestamps.pyx", line 1684, in pandas._libs.tslibs.timestamps.Timestamp.__new__
  File "pandas/_libs/tslibs/timezones.pyx", line 163, in pandas._libs.tslibs.timezones.maybe_get_tz
IndexError: string index out of range
[2023-01-31T01:20:25.857+0000] {taskinstance.py:1322} INFO - Marking task as UP_FOR_RETRY. dag_id=entsoe-energydata, task_id=extract_generation, execution_date=20210101T000000, start_date=20230131T012024, end_date=20230131T012025
[2023-01-31T01:20:25.954+0000] {standard_task_runner.py:100} ERROR - Failed to execute job 697 for task extract_generation (string index out of range; 4686)
[2023-01-31T01:20:26.193+0000] {local_task_job.py:159} INFO - Task exited with return code 1
[2023-01-31T01:20:26.390+0000] {taskinstance.py:2582} INFO - 0 downstream tasks scheduled from follow-on schedule check
[2023-01-31T01:22:14.993+0000] {taskinstance.py:1087} INFO - Dependencies all met for <TaskInstance: entsoe-energydata.extract_generation scheduled__2021-01-01T00:00:00+00:00 [queued]>
[2023-01-31T01:22:15.035+0000] {taskinstance.py:1087} INFO - Dependencies all met for <TaskInstance: entsoe-energydata.extract_generation scheduled__2021-01-01T00:00:00+00:00 [queued]>
[2023-01-31T01:22:15.035+0000] {taskinstance.py:1283} INFO - 
--------------------------------------------------------------------------------
[2023-01-31T01:22:15.036+0000] {taskinstance.py:1284} INFO - Starting attempt 1 of 4
[2023-01-31T01:22:15.036+0000] {taskinstance.py:1285} INFO - 
--------------------------------------------------------------------------------
[2023-01-31T01:22:15.105+0000] {taskinstance.py:1304} INFO - Executing <Task(PythonOperator): extract_generation> on 2021-01-01 00:00:00+00:00
[2023-01-31T01:22:15.119+0000] {standard_task_runner.py:55} INFO - Started process 4803 to run task
[2023-01-31T01:22:15.138+0000] {standard_task_runner.py:82} INFO - Running: ['***', 'tasks', 'run', 'entsoe-energydata', 'extract_generation', 'scheduled__2021-01-01T00:00:00+00:00', '--job-id', '703', '--raw', '--subdir', 'DAGS_FOLDER/ingestion_energydata_dag.py', '--cfg-path', '/tmp/tmp8pzqdn7o']
[2023-01-31T01:22:15.143+0000] {standard_task_runner.py:83} INFO - Job 703: Subtask extract_generation
[2023-01-31T01:22:15.507+0000] {task_command.py:389} INFO - Running <TaskInstance: entsoe-energydata.extract_generation scheduled__2021-01-01T00:00:00+00:00 [running]> on host 767c6fe0d003
[2023-01-31T01:22:15.733+0000] {taskinstance.py:1511} INFO - Exporting the following env vars:
AIRFLOW_CTX_DAG_OWNER=rafzul
AIRFLOW_CTX_DAG_ID=entsoe-energydata
AIRFLOW_CTX_TASK_ID=extract_generation
AIRFLOW_CTX_EXECUTION_DATE=2021-01-01T00:00:00+00:00
AIRFLOW_CTX_TRY_NUMBER=1
AIRFLOW_CTX_DAG_RUN_ID=scheduled__2021-01-01T00:00:00+00:00
[2023-01-31T01:22:17.332+0000] {crypto.py:83} WARNING - empty cryptography key - values will not be stored encrypted.
[2023-01-31T01:22:17.332+0000] {base.py:73} INFO - Using connection ID 'google_cloud_default' for task execution.
[2023-01-31T01:22:17.697+0000] {python.py:177} INFO - Done. Returned value was: None
[2023-01-31T01:22:17.752+0000] {taskinstance.py:1322} INFO - Marking task as SUCCESS. dag_id=entsoe-energydata, task_id=extract_generation, execution_date=20210101T000000, start_date=20230131T012215, end_date=20230131T012217
[2023-01-31T01:22:17.821+0000] {local_task_job.py:159} INFO - Task exited with return code 0
[2023-01-31T01:22:17.876+0000] {taskinstance.py:2582} INFO - 1 downstream tasks scheduled from follow-on schedule check
[2023-01-31T01:25:09.652+0000] {taskinstance.py:1087} INFO - Dependencies all met for <TaskInstance: entsoe-energydata.extract_generation scheduled__2021-01-01T00:00:00+00:00 [queued]>
[2023-01-31T01:25:09.669+0000] {taskinstance.py:1087} INFO - Dependencies all met for <TaskInstance: entsoe-energydata.extract_generation scheduled__2021-01-01T00:00:00+00:00 [queued]>
[2023-01-31T01:25:09.669+0000] {taskinstance.py:1283} INFO - 
--------------------------------------------------------------------------------
[2023-01-31T01:25:09.669+0000] {taskinstance.py:1284} INFO - Starting attempt 1 of 4
[2023-01-31T01:25:09.669+0000] {taskinstance.py:1285} INFO - 
--------------------------------------------------------------------------------
[2023-01-31T01:25:09.692+0000] {taskinstance.py:1304} INFO - Executing <Task(PythonOperator): extract_generation> on 2021-01-01 00:00:00+00:00
[2023-01-31T01:25:09.703+0000] {standard_task_runner.py:55} INFO - Started process 6340 to run task
[2023-01-31T01:25:09.709+0000] {standard_task_runner.py:82} INFO - Running: ['***', 'tasks', 'run', 'entsoe-energydata', 'extract_generation', 'scheduled__2021-01-01T00:00:00+00:00', '--job-id', '718', '--raw', '--subdir', 'DAGS_FOLDER/ingestion_energydata_dag.py', '--cfg-path', '/tmp/tmpwgxrsiek']
[2023-01-31T01:25:09.713+0000] {standard_task_runner.py:83} INFO - Job 718: Subtask extract_generation
[2023-01-31T01:25:09.817+0000] {task_command.py:389} INFO - Running <TaskInstance: entsoe-energydata.extract_generation scheduled__2021-01-01T00:00:00+00:00 [running]> on host 767c6fe0d003
[2023-01-31T01:25:09.935+0000] {taskinstance.py:1511} INFO - Exporting the following env vars:
AIRFLOW_CTX_DAG_OWNER=rafzul
AIRFLOW_CTX_DAG_ID=entsoe-energydata
AIRFLOW_CTX_TASK_ID=extract_generation
AIRFLOW_CTX_EXECUTION_DATE=2021-01-01T00:00:00+00:00
AIRFLOW_CTX_TRY_NUMBER=1
AIRFLOW_CTX_DAG_RUN_ID=scheduled__2021-01-01T00:00:00+00:00
[2023-01-31T01:25:09.939+0000] {taskinstance.py:1772} ERROR - Task failed with exception
Traceback (most recent call last):
  File "/home/airflow/.local/lib/python3.10/site-packages/airflow/operators/python.py", line 175, in execute
    return_value = self.execute_callable()
  File "/home/airflow/.local/lib/python3.10/site-packages/airflow/operators/python.py", line 192, in execute_callable
    return self.python_callable(*self.op_args, **self.op_kwargs)
  File "/opt/airflow/plugins/scripts/extract_raw.py", line 79, in extract_raw_data
    start = pd.Timestamp(start, tz=timezone)
  File "pandas/_libs/tslibs/timestamps.pyx", line 1684, in pandas._libs.tslibs.timestamps.Timestamp.__new__
  File "pandas/_libs/tslibs/timezones.pyx", line 163, in pandas._libs.tslibs.timezones.maybe_get_tz
IndexError: string index out of range
[2023-01-31T01:25:09.956+0000] {taskinstance.py:1322} INFO - Marking task as UP_FOR_RETRY. dag_id=entsoe-energydata, task_id=extract_generation, execution_date=20210101T000000, start_date=20230131T012509, end_date=20230131T012509
[2023-01-31T01:25:09.979+0000] {standard_task_runner.py:100} ERROR - Failed to execute job 718 for task extract_generation (string index out of range; 6340)
[2023-01-31T01:25:10.001+0000] {local_task_job.py:159} INFO - Task exited with return code 1
[2023-01-31T01:25:10.061+0000] {taskinstance.py:2582} INFO - 0 downstream tasks scheduled from follow-on schedule check
[2023-01-31T01:26:12.025+0000] {taskinstance.py:1087} INFO - Dependencies all met for <TaskInstance: entsoe-energydata.extract_generation scheduled__2021-01-01T00:00:00+00:00 [queued]>
[2023-01-31T01:26:12.060+0000] {taskinstance.py:1087} INFO - Dependencies all met for <TaskInstance: entsoe-energydata.extract_generation scheduled__2021-01-01T00:00:00+00:00 [queued]>
[2023-01-31T01:26:12.061+0000] {taskinstance.py:1283} INFO - 
--------------------------------------------------------------------------------
[2023-01-31T01:26:12.061+0000] {taskinstance.py:1284} INFO - Starting attempt 1 of 4
[2023-01-31T01:26:12.062+0000] {taskinstance.py:1285} INFO - 
--------------------------------------------------------------------------------
[2023-01-31T01:26:12.099+0000] {taskinstance.py:1304} INFO - Executing <Task(PythonOperator): extract_generation> on 2021-01-01 00:00:00+00:00
[2023-01-31T01:26:12.118+0000] {standard_task_runner.py:55} INFO - Started process 6416 to run task
[2023-01-31T01:26:12.135+0000] {standard_task_runner.py:82} INFO - Running: ['***', 'tasks', 'run', 'entsoe-energydata', 'extract_generation', 'scheduled__2021-01-01T00:00:00+00:00', '--job-id', '724', '--raw', '--subdir', 'DAGS_FOLDER/ingestion_energydata_dag.py', '--cfg-path', '/tmp/tmpj4pq9u8s']
[2023-01-31T01:26:12.142+0000] {standard_task_runner.py:83} INFO - Job 724: Subtask extract_generation
[2023-01-31T01:26:12.449+0000] {task_command.py:389} INFO - Running <TaskInstance: entsoe-energydata.extract_generation scheduled__2021-01-01T00:00:00+00:00 [running]> on host 767c6fe0d003
[2023-01-31T01:26:12.713+0000] {taskinstance.py:1511} INFO - Exporting the following env vars:
AIRFLOW_CTX_DAG_OWNER=rafzul
AIRFLOW_CTX_DAG_ID=entsoe-energydata
AIRFLOW_CTX_TASK_ID=extract_generation
AIRFLOW_CTX_EXECUTION_DATE=2021-01-01T00:00:00+00:00
AIRFLOW_CTX_TRY_NUMBER=1
AIRFLOW_CTX_DAG_RUN_ID=scheduled__2021-01-01T00:00:00+00:00
[2023-01-31T01:26:14.258+0000] {crypto.py:83} WARNING - empty cryptography key - values will not be stored encrypted.
[2023-01-31T01:26:14.258+0000] {base.py:73} INFO - Using connection ID 'google_cloud_default' for task execution.
[2023-01-31T01:26:14.677+0000] {python.py:177} INFO - Done. Returned value was: None
[2023-01-31T01:26:14.755+0000] {taskinstance.py:1322} INFO - Marking task as SUCCESS. dag_id=entsoe-energydata, task_id=extract_generation, execution_date=20210101T000000, start_date=20230131T012612, end_date=20230131T012614
[2023-01-31T01:26:14.882+0000] {local_task_job.py:159} INFO - Task exited with return code 0
[2023-01-31T01:26:15.166+0000] {taskinstance.py:2582} INFO - 0 downstream tasks scheduled from follow-on schedule check
[2023-01-31T03:42:25.286+0000] {taskinstance.py:1087} INFO - Dependencies all met for <TaskInstance: entsoe-energydata.extract_generation scheduled__2021-01-01T00:00:00+00:00 [queued]>
[2023-01-31T03:42:25.493+0000] {taskinstance.py:1087} INFO - Dependencies all met for <TaskInstance: entsoe-energydata.extract_generation scheduled__2021-01-01T00:00:00+00:00 [queued]>
[2023-01-31T03:42:25.493+0000] {taskinstance.py:1283} INFO - 
--------------------------------------------------------------------------------
[2023-01-31T03:42:25.494+0000] {taskinstance.py:1284} INFO - Starting attempt 1 of 4
[2023-01-31T03:42:25.502+0000] {taskinstance.py:1285} INFO - 
--------------------------------------------------------------------------------
[2023-01-31T03:42:25.788+0000] {taskinstance.py:1304} INFO - Executing <Task(PythonOperator): extract_generation> on 2021-01-01 00:00:00+00:00
[2023-01-31T03:42:25.904+0000] {standard_task_runner.py:55} INFO - Started process 369 to run task
[2023-01-31T03:42:26.016+0000] {standard_task_runner.py:82} INFO - Running: ['***', 'tasks', 'run', 'entsoe-energydata', 'extract_generation', 'scheduled__2021-01-01T00:00:00+00:00', '--job-id', '798', '--raw', '--subdir', 'DAGS_FOLDER/ingestion_energydata_dag.py', '--cfg-path', '/tmp/tmp61r7e3ul']
[2023-01-31T03:42:26.075+0000] {standard_task_runner.py:83} INFO - Job 798: Subtask extract_generation
[2023-01-31T03:42:26.803+0000] {task_command.py:389} INFO - Running <TaskInstance: entsoe-energydata.extract_generation scheduled__2021-01-01T00:00:00+00:00 [running]> on host 2f101bc15e7a
[2023-01-31T03:42:27.679+0000] {taskinstance.py:1511} INFO - Exporting the following env vars:
AIRFLOW_CTX_DAG_OWNER=rafzul
AIRFLOW_CTX_DAG_ID=entsoe-energydata
AIRFLOW_CTX_TASK_ID=extract_generation
AIRFLOW_CTX_EXECUTION_DATE=2021-01-01T00:00:00+00:00
AIRFLOW_CTX_TRY_NUMBER=1
AIRFLOW_CTX_DAG_RUN_ID=scheduled__2021-01-01T00:00:00+00:00
[2023-01-31T03:42:29.331+0000] {crypto.py:83} WARNING - empty cryptography key - values will not be stored encrypted.
[2023-01-31T03:42:29.333+0000] {base.py:73} INFO - Using connection ID 'google_cloud_default' for task execution.
[2023-01-31T03:42:30.444+0000] {python.py:177} INFO - Done. Returned value was: None
[2023-01-31T03:42:30.736+0000] {taskinstance.py:1322} INFO - Marking task as SUCCESS. dag_id=entsoe-energydata, task_id=extract_generation, execution_date=20210101T000000, start_date=20230131T034225, end_date=20230131T034230
[2023-01-31T03:42:32.131+0000] {local_task_job.py:159} INFO - Task exited with return code 0
[2023-01-31T03:42:32.389+0000] {taskinstance.py:2582} INFO - 0 downstream tasks scheduled from follow-on schedule check
[2023-01-31T03:53:46.709+0000] {taskinstance.py:1087} INFO - Dependencies all met for <TaskInstance: entsoe-energydata.extract_generation scheduled__2021-01-01T00:00:00+00:00 [queued]>
[2023-01-31T03:53:46.819+0000] {taskinstance.py:1087} INFO - Dependencies all met for <TaskInstance: entsoe-energydata.extract_generation scheduled__2021-01-01T00:00:00+00:00 [queued]>
[2023-01-31T03:53:46.820+0000] {taskinstance.py:1283} INFO - 
--------------------------------------------------------------------------------
[2023-01-31T03:53:46.821+0000] {taskinstance.py:1284} INFO - Starting attempt 1 of 4
[2023-01-31T03:53:46.822+0000] {taskinstance.py:1285} INFO - 
--------------------------------------------------------------------------------
[2023-01-31T03:53:46.892+0000] {taskinstance.py:1304} INFO - Executing <Task(PythonOperator): extract_generation> on 2021-01-01 00:00:00+00:00
[2023-01-31T03:53:46.942+0000] {standard_task_runner.py:55} INFO - Started process 2241 to run task
[2023-01-31T03:53:46.993+0000] {standard_task_runner.py:82} INFO - Running: ['***', 'tasks', 'run', 'entsoe-energydata', 'extract_generation', 'scheduled__2021-01-01T00:00:00+00:00', '--job-id', '808', '--raw', '--subdir', 'DAGS_FOLDER/ingestion_energydata_dag.py', '--cfg-path', '/tmp/tmplzswj7nz']
[2023-01-31T03:53:47.006+0000] {standard_task_runner.py:83} INFO - Job 808: Subtask extract_generation
[2023-01-31T03:53:47.554+0000] {task_command.py:389} INFO - Running <TaskInstance: entsoe-energydata.extract_generation scheduled__2021-01-01T00:00:00+00:00 [running]> on host 2f101bc15e7a
[2023-01-31T03:53:48.031+0000] {taskinstance.py:1511} INFO - Exporting the following env vars:
AIRFLOW_CTX_DAG_OWNER=rafzul
AIRFLOW_CTX_DAG_ID=entsoe-energydata
AIRFLOW_CTX_TASK_ID=extract_generation
AIRFLOW_CTX_EXECUTION_DATE=2021-01-01T00:00:00+00:00
AIRFLOW_CTX_TRY_NUMBER=1
AIRFLOW_CTX_DAG_RUN_ID=scheduled__2021-01-01T00:00:00+00:00
[2023-01-31T03:53:49.537+0000] {crypto.py:83} WARNING - empty cryptography key - values will not be stored encrypted.
[2023-01-31T03:53:49.538+0000] {base.py:73} INFO - Using connection ID 'google_cloud_default' for task execution.
[2023-01-31T03:53:50.081+0000] {python.py:177} INFO - Done. Returned value was: None
[2023-01-31T03:53:50.139+0000] {taskinstance.py:1322} INFO - Marking task as SUCCESS. dag_id=entsoe-energydata, task_id=extract_generation, execution_date=20210101T000000, start_date=20230131T035346, end_date=20230131T035350
[2023-01-31T03:53:50.287+0000] {local_task_job.py:159} INFO - Task exited with return code 0
[2023-01-31T03:53:50.420+0000] {taskinstance.py:2582} INFO - 1 downstream tasks scheduled from follow-on schedule check
[2023-01-31T04:24:07.542+0000] {taskinstance.py:1087} INFO - Dependencies all met for <TaskInstance: entsoe-energydata.extract_generation scheduled__2021-01-01T00:00:00+00:00 [queued]>
[2023-01-31T04:24:07.599+0000] {taskinstance.py:1087} INFO - Dependencies all met for <TaskInstance: entsoe-energydata.extract_generation scheduled__2021-01-01T00:00:00+00:00 [queued]>
[2023-01-31T04:24:07.599+0000] {taskinstance.py:1283} INFO - 
--------------------------------------------------------------------------------
[2023-01-31T04:24:07.600+0000] {taskinstance.py:1284} INFO - Starting attempt 1 of 4
[2023-01-31T04:24:07.601+0000] {taskinstance.py:1285} INFO - 
--------------------------------------------------------------------------------
[2023-01-31T04:24:07.684+0000] {taskinstance.py:1304} INFO - Executing <Task(PythonOperator): extract_generation> on 2021-01-01 00:00:00+00:00
[2023-01-31T04:24:07.779+0000] {standard_task_runner.py:55} INFO - Started process 213 to run task
[2023-01-31T04:24:07.795+0000] {standard_task_runner.py:82} INFO - Running: ['***', 'tasks', 'run', 'entsoe-energydata', 'extract_generation', 'scheduled__2021-01-01T00:00:00+00:00', '--job-id', '836', '--raw', '--subdir', 'DAGS_FOLDER/ingestion_energydata_dag.py', '--cfg-path', '/tmp/tmpj5zp64rf']
[2023-01-31T04:24:07.804+0000] {standard_task_runner.py:83} INFO - Job 836: Subtask extract_generation
[2023-01-31T04:24:08.319+0000] {task_command.py:389} INFO - Running <TaskInstance: entsoe-energydata.extract_generation scheduled__2021-01-01T00:00:00+00:00 [running]> on host 81d5fcd0285b
[2023-01-31T04:24:08.667+0000] {taskinstance.py:1511} INFO - Exporting the following env vars:
AIRFLOW_CTX_DAG_OWNER=rafzul
AIRFLOW_CTX_DAG_ID=entsoe-energydata
AIRFLOW_CTX_TASK_ID=extract_generation
AIRFLOW_CTX_EXECUTION_DATE=2021-01-01T00:00:00+00:00
AIRFLOW_CTX_TRY_NUMBER=1
AIRFLOW_CTX_DAG_RUN_ID=scheduled__2021-01-01T00:00:00+00:00
[2023-01-31T04:24:10.128+0000] {crypto.py:83} WARNING - empty cryptography key - values will not be stored encrypted.
[2023-01-31T04:24:10.128+0000] {base.py:73} INFO - Using connection ID 'google_cloud_default' for task execution.
[2023-01-31T04:24:10.571+0000] {python.py:177} INFO - Done. Returned value was: None
[2023-01-31T04:24:10.629+0000] {taskinstance.py:1322} INFO - Marking task as SUCCESS. dag_id=entsoe-energydata, task_id=extract_generation, execution_date=20210101T000000, start_date=20230131T042407, end_date=20230131T042410
[2023-01-31T04:24:10.730+0000] {local_task_job.py:159} INFO - Task exited with return code 0
[2023-01-31T04:24:10.785+0000] {taskinstance.py:2582} INFO - 1 downstream tasks scheduled from follow-on schedule check
[2023-01-31T04:30:38.643+0000] {taskinstance.py:1087} INFO - Dependencies all met for <TaskInstance: entsoe-energydata.extract_generation scheduled__2021-01-01T00:00:00+00:00 [queued]>
[2023-01-31T04:30:38.694+0000] {taskinstance.py:1087} INFO - Dependencies all met for <TaskInstance: entsoe-energydata.extract_generation scheduled__2021-01-01T00:00:00+00:00 [queued]>
[2023-01-31T04:30:38.695+0000] {taskinstance.py:1283} INFO - 
--------------------------------------------------------------------------------
[2023-01-31T04:30:38.696+0000] {taskinstance.py:1284} INFO - Starting attempt 1 of 4
[2023-01-31T04:30:38.696+0000] {taskinstance.py:1285} INFO - 
--------------------------------------------------------------------------------
[2023-01-31T04:30:38.768+0000] {taskinstance.py:1304} INFO - Executing <Task(PythonOperator): extract_generation> on 2021-01-01 00:00:00+00:00
[2023-01-31T04:30:38.858+0000] {standard_task_runner.py:55} INFO - Started process 2609 to run task
[2023-01-31T04:30:38.945+0000] {standard_task_runner.py:82} INFO - Running: ['***', 'tasks', 'run', 'entsoe-energydata', 'extract_generation', 'scheduled__2021-01-01T00:00:00+00:00', '--job-id', '845', '--raw', '--subdir', 'DAGS_FOLDER/ingestion_energydata_dag.py', '--cfg-path', '/tmp/tmpmjjwqw83']
[2023-01-31T04:30:38.976+0000] {standard_task_runner.py:83} INFO - Job 845: Subtask extract_generation
[2023-01-31T04:30:39.807+0000] {task_command.py:389} INFO - Running <TaskInstance: entsoe-energydata.extract_generation scheduled__2021-01-01T00:00:00+00:00 [running]> on host 81d5fcd0285b
[2023-01-31T04:30:40.558+0000] {taskinstance.py:1511} INFO - Exporting the following env vars:
AIRFLOW_CTX_DAG_OWNER=rafzul
AIRFLOW_CTX_DAG_ID=entsoe-energydata
AIRFLOW_CTX_TASK_ID=extract_generation
AIRFLOW_CTX_EXECUTION_DATE=2021-01-01T00:00:00+00:00
AIRFLOW_CTX_TRY_NUMBER=1
AIRFLOW_CTX_DAG_RUN_ID=scheduled__2021-01-01T00:00:00+00:00
[2023-01-31T04:30:42.351+0000] {crypto.py:83} WARNING - empty cryptography key - values will not be stored encrypted.
[2023-01-31T04:30:42.366+0000] {base.py:73} INFO - Using connection ID 'google_cloud_default' for task execution.
[2023-01-31T04:30:42.904+0000] {python.py:177} INFO - Done. Returned value was: None
[2023-01-31T04:30:42.958+0000] {taskinstance.py:1322} INFO - Marking task as SUCCESS. dag_id=entsoe-energydata, task_id=extract_generation, execution_date=20210101T000000, start_date=20230131T043038, end_date=20230131T043042
[2023-01-31T04:30:43.148+0000] {local_task_job.py:159} INFO - Task exited with return code 0
[2023-01-31T04:30:43.337+0000] {taskinstance.py:2582} INFO - 1 downstream tasks scheduled from follow-on schedule check
[2023-01-31T04:48:08.291+0000] {taskinstance.py:1087} INFO - Dependencies all met for <TaskInstance: entsoe-energydata.extract_generation scheduled__2021-01-01T00:00:00+00:00 [queued]>
[2023-01-31T04:48:08.323+0000] {taskinstance.py:1087} INFO - Dependencies all met for <TaskInstance: entsoe-energydata.extract_generation scheduled__2021-01-01T00:00:00+00:00 [queued]>
[2023-01-31T04:48:08.324+0000] {taskinstance.py:1283} INFO - 
--------------------------------------------------------------------------------
[2023-01-31T04:48:08.324+0000] {taskinstance.py:1284} INFO - Starting attempt 1 of 4
[2023-01-31T04:48:08.325+0000] {taskinstance.py:1285} INFO - 
--------------------------------------------------------------------------------
[2023-01-31T04:48:08.361+0000] {taskinstance.py:1304} INFO - Executing <Task(PythonOperator): extract_generation> on 2021-01-01 00:00:00+00:00
[2023-01-31T04:48:08.380+0000] {standard_task_runner.py:55} INFO - Started process 7255 to run task
[2023-01-31T04:48:08.393+0000] {standard_task_runner.py:82} INFO - Running: ['***', 'tasks', 'run', 'entsoe-energydata', 'extract_generation', 'scheduled__2021-01-01T00:00:00+00:00', '--job-id', '859', '--raw', '--subdir', 'DAGS_FOLDER/ingestion_energydata_dag.py', '--cfg-path', '/tmp/tmpejss7jl1']
[2023-01-31T04:48:08.404+0000] {standard_task_runner.py:83} INFO - Job 859: Subtask extract_generation
[2023-01-31T04:48:08.595+0000] {task_command.py:389} INFO - Running <TaskInstance: entsoe-energydata.extract_generation scheduled__2021-01-01T00:00:00+00:00 [running]> on host 81d5fcd0285b
[2023-01-31T04:48:08.810+0000] {taskinstance.py:1511} INFO - Exporting the following env vars:
AIRFLOW_CTX_DAG_OWNER=rafzul
AIRFLOW_CTX_DAG_ID=entsoe-energydata
AIRFLOW_CTX_TASK_ID=extract_generation
AIRFLOW_CTX_EXECUTION_DATE=2021-01-01T00:00:00+00:00
AIRFLOW_CTX_TRY_NUMBER=1
AIRFLOW_CTX_DAG_RUN_ID=scheduled__2021-01-01T00:00:00+00:00
[2023-01-31T04:48:10.137+0000] {crypto.py:83} WARNING - empty cryptography key - values will not be stored encrypted.
[2023-01-31T04:48:10.139+0000] {base.py:73} INFO - Using connection ID 'google_cloud_default' for task execution.
[2023-01-31T04:48:10.507+0000] {python.py:177} INFO - Done. Returned value was: None
[2023-01-31T04:48:10.537+0000] {taskinstance.py:1322} INFO - Marking task as SUCCESS. dag_id=entsoe-energydata, task_id=extract_generation, execution_date=20210101T000000, start_date=20230131T044808, end_date=20230131T044810
[2023-01-31T04:48:10.584+0000] {local_task_job.py:159} INFO - Task exited with return code 0
[2023-01-31T04:48:10.642+0000] {taskinstance.py:2582} INFO - 1 downstream tasks scheduled from follow-on schedule check
