[2023-01-30T10:54:39.395+0000] {taskinstance.py:1087} INFO - Dependencies all met for <TaskInstance: entsoe-energydata.stage_total_generation scheduled__2021-01-01T06:00:00+00:00 [queued]>
[2023-01-30T10:54:39.694+0000] {taskinstance.py:1087} INFO - Dependencies all met for <TaskInstance: entsoe-energydata.stage_total_generation scheduled__2021-01-01T06:00:00+00:00 [queued]>
[2023-01-30T10:54:39.695+0000] {taskinstance.py:1283} INFO - 
--------------------------------------------------------------------------------
[2023-01-30T10:54:39.696+0000] {taskinstance.py:1284} INFO - Starting attempt 1 of 4
[2023-01-30T10:54:39.696+0000] {taskinstance.py:1285} INFO - 
--------------------------------------------------------------------------------
[2023-01-30T10:54:39.897+0000] {taskinstance.py:1304} INFO - Executing <Task(SparkSubmitOperator): stage_total_generation> on 2021-01-01 06:00:00+00:00
[2023-01-30T10:54:40.047+0000] {standard_task_runner.py:55} INFO - Started process 217 to run task
[2023-01-30T10:54:40.095+0000] {standard_task_runner.py:82} INFO - Running: ['***', 'tasks', 'run', 'entsoe-energydata', 'stage_total_generation', 'scheduled__2021-01-01T06:00:00+00:00', '--job-id', '529', '--raw', '--subdir', 'DAGS_FOLDER/ingestion_energydata_dag.py', '--cfg-path', '/tmp/tmpl0d9cb4o']
[2023-01-30T10:54:40.139+0000] {standard_task_runner.py:83} INFO - Job 529: Subtask stage_total_generation
[2023-01-30T10:54:41.661+0000] {task_command.py:389} INFO - Running <TaskInstance: entsoe-energydata.stage_total_generation scheduled__2021-01-01T06:00:00+00:00 [running]> on host 5b6f5d29e531
[2023-01-30T10:54:42.516+0000] {taskinstance.py:1511} INFO - Exporting the following env vars:
AIRFLOW_CTX_DAG_OWNER=rafzul
AIRFLOW_CTX_DAG_ID=entsoe-energydata
AIRFLOW_CTX_TASK_ID=stage_total_generation
AIRFLOW_CTX_EXECUTION_DATE=2021-01-01T06:00:00+00:00
AIRFLOW_CTX_TRY_NUMBER=1
AIRFLOW_CTX_DAG_RUN_ID=scheduled__2021-01-01T06:00:00+00:00
[2023-01-30T10:54:42.585+0000] {base.py:73} INFO - Using connection ID 'spark_local' for task execution.
[2023-01-30T10:54:42.589+0000] {taskinstance.py:1772} ERROR - Task failed with exception
Traceback (most recent call last):
  File "/home/airflow/.local/lib/python3.10/site-packages/airflow/providers/apache/spark/operators/spark_submit.py", line 157, in execute
    self._hook.submit(self._application)
  File "/home/airflow/.local/lib/python3.10/site-packages/airflow/providers/apache/spark/hooks/spark_submit.py", line 398, in submit
    spark_submit_cmd = self._build_spark_submit_command(application)
  File "/home/airflow/.local/lib/python3.10/site-packages/airflow/providers/apache/spark/hooks/spark_submit.py", line 344, in _build_spark_submit_command
    self.log.info("Spark-Submit cmd: %s", self._mask_cmd(connection_cmd))
  File "/home/airflow/.local/lib/python3.10/site-packages/airflow/providers/apache/spark/hooks/spark_submit.py", line 256, in _mask_cmd
    " ".join(connection_cmd),
TypeError: sequence item 5: expected str instance, module found
[2023-01-30T10:54:42.624+0000] {taskinstance.py:1322} INFO - Marking task as UP_FOR_RETRY. dag_id=entsoe-energydata, task_id=stage_total_generation, execution_date=20210101T060000, start_date=20230130T105439, end_date=20230130T105442
[2023-01-30T10:54:42.705+0000] {standard_task_runner.py:100} ERROR - Failed to execute job 529 for task stage_total_generation (sequence item 5: expected str instance, module found; 217)
[2023-01-30T10:54:42.781+0000] {local_task_job.py:159} INFO - Task exited with return code 1
[2023-01-30T10:54:42.954+0000] {taskinstance.py:2582} INFO - 0 downstream tasks scheduled from follow-on schedule check
[2023-01-30T10:57:27.917+0000] {taskinstance.py:1087} INFO - Dependencies all met for <TaskInstance: entsoe-energydata.stage_total_generation scheduled__2021-01-01T06:00:00+00:00 [queued]>
[2023-01-30T10:57:27.960+0000] {taskinstance.py:1087} INFO - Dependencies all met for <TaskInstance: entsoe-energydata.stage_total_generation scheduled__2021-01-01T06:00:00+00:00 [queued]>
[2023-01-30T10:57:27.961+0000] {taskinstance.py:1283} INFO - 
--------------------------------------------------------------------------------
[2023-01-30T10:57:27.961+0000] {taskinstance.py:1284} INFO - Starting attempt 1 of 4
[2023-01-30T10:57:27.962+0000] {taskinstance.py:1285} INFO - 
--------------------------------------------------------------------------------
[2023-01-30T10:57:28.016+0000] {taskinstance.py:1304} INFO - Executing <Task(SparkSubmitOperator): stage_total_generation> on 2021-01-01 06:00:00+00:00
[2023-01-30T10:57:28.072+0000] {standard_task_runner.py:55} INFO - Started process 488 to run task
[2023-01-30T10:57:28.129+0000] {standard_task_runner.py:82} INFO - Running: ['***', 'tasks', 'run', 'entsoe-energydata', 'stage_total_generation', 'scheduled__2021-01-01T06:00:00+00:00', '--job-id', '544', '--raw', '--subdir', 'DAGS_FOLDER/ingestion_energydata_dag.py', '--cfg-path', '/tmp/tmp82lg16u0']
[2023-01-30T10:57:28.138+0000] {standard_task_runner.py:83} INFO - Job 544: Subtask stage_total_generation
[2023-01-30T10:57:28.621+0000] {task_command.py:389} INFO - Running <TaskInstance: entsoe-energydata.stage_total_generation scheduled__2021-01-01T06:00:00+00:00 [running]> on host 5b6f5d29e531
[2023-01-30T10:57:29.158+0000] {taskinstance.py:1511} INFO - Exporting the following env vars:
AIRFLOW_CTX_DAG_OWNER=rafzul
AIRFLOW_CTX_DAG_ID=entsoe-energydata
AIRFLOW_CTX_TASK_ID=stage_total_generation
AIRFLOW_CTX_EXECUTION_DATE=2021-01-01T06:00:00+00:00
AIRFLOW_CTX_TRY_NUMBER=1
AIRFLOW_CTX_DAG_RUN_ID=scheduled__2021-01-01T06:00:00+00:00
[2023-01-30T10:57:29.210+0000] {base.py:73} INFO - Using connection ID 'spark_local' for task execution.
[2023-01-30T10:57:29.220+0000] {spark_submit.py:344} INFO - Spark-Submit cmd: spark-submit --master local --name arrow-spark /opt/***/plugins/scripts/transform_raw_staging.py total_generation 202101010600 202101010700 DE_TENNET
[2023-01-30T10:58:07.003+0000] {spark_submit.py:495} INFO - 23/01/30 10:58:06 INFO SparkContext: Running Spark version 3.3.1
[2023-01-30T10:58:07.318+0000] {spark_submit.py:495} INFO - 23/01/30 10:58:07 WARN NativeCodeLoader: Unable to load native-hadoop library for your platform... using builtin-java classes where applicable
[2023-01-30T10:58:07.855+0000] {spark_submit.py:495} INFO - 23/01/30 10:58:07 INFO ResourceUtils: ==============================================================
[2023-01-30T10:58:07.855+0000] {spark_submit.py:495} INFO - 23/01/30 10:58:07 INFO ResourceUtils: No custom resources configured for spark.driver.
[2023-01-30T10:58:07.862+0000] {spark_submit.py:495} INFO - 23/01/30 10:58:07 INFO ResourceUtils: ==============================================================
[2023-01-30T10:58:07.863+0000] {spark_submit.py:495} INFO - 23/01/30 10:58:07 INFO SparkContext: Submitted application: gcp_playground
[2023-01-30T10:58:07.999+0000] {spark_submit.py:495} INFO - 23/01/30 10:58:07 INFO ResourceProfile: Default ResourceProfile created, executor resources: Map(cores -> name: cores, amount: 1, script: , vendor: , memory -> name: memory, amount: 1024, script: , vendor: , offHeap -> name: offHeap, amount: 0, script: , vendor: ), task resources: Map(cpus -> name: cpus, amount: 1.0)
[2023-01-30T10:58:08.014+0000] {spark_submit.py:495} INFO - 23/01/30 10:58:08 INFO ResourceProfile: Limiting resource is cpu
[2023-01-30T10:58:08.017+0000] {spark_submit.py:495} INFO - 23/01/30 10:58:08 INFO ResourceProfileManager: Added ResourceProfile id: 0
[2023-01-30T10:58:08.548+0000] {spark_submit.py:495} INFO - 23/01/30 10:58:08 INFO SecurityManager: Changing view acls to: ***
[2023-01-30T10:58:08.558+0000] {spark_submit.py:495} INFO - 23/01/30 10:58:08 INFO SecurityManager: Changing modify acls to: ***
[2023-01-30T10:58:08.577+0000] {spark_submit.py:495} INFO - 23/01/30 10:58:08 INFO SecurityManager: Changing view acls groups to:
[2023-01-30T10:58:08.579+0000] {spark_submit.py:495} INFO - 23/01/30 10:58:08 INFO SecurityManager: Changing modify acls groups to:
[2023-01-30T10:58:08.595+0000] {spark_submit.py:495} INFO - 23/01/30 10:58:08 INFO SecurityManager: SecurityManager: authentication disabled; ui acls disabled; users  with view permissions: Set(***); groups with view permissions: Set(); users  with modify permissions: Set(***); groups with modify permissions: Set()
[2023-01-30T10:58:11.471+0000] {spark_submit.py:495} INFO - 23/01/30 10:58:11 INFO Utils: Successfully started service 'sparkDriver' on port 40491.
[2023-01-30T10:58:11.799+0000] {spark_submit.py:495} INFO - 23/01/30 10:58:11 INFO SparkEnv: Registering MapOutputTracker
[2023-01-30T10:58:12.052+0000] {spark_submit.py:495} INFO - 23/01/30 10:58:12 INFO SparkEnv: Registering BlockManagerMaster
[2023-01-30T10:58:12.260+0000] {spark_submit.py:495} INFO - 23/01/30 10:58:12 INFO BlockManagerMasterEndpoint: Using org.apache.spark.storage.DefaultTopologyMapper for getting topology information
[2023-01-30T10:58:12.264+0000] {spark_submit.py:495} INFO - 23/01/30 10:58:12 INFO BlockManagerMasterEndpoint: BlockManagerMasterEndpoint up
[2023-01-30T10:58:12.342+0000] {spark_submit.py:495} INFO - 23/01/30 10:58:12 INFO SparkEnv: Registering BlockManagerMasterHeartbeat
[2023-01-30T10:58:12.716+0000] {spark_submit.py:495} INFO - 23/01/30 10:58:12 INFO DiskBlockManager: Created local directory at /tmp/blockmgr-1c8d8086-a3fc-4b99-a46e-932a258e5c15
[2023-01-30T10:58:12.999+0000] {spark_submit.py:495} INFO - 23/01/30 10:58:12 INFO MemoryStore: MemoryStore started with capacity 434.4 MiB
[2023-01-30T10:58:13.119+0000] {spark_submit.py:495} INFO - 23/01/30 10:58:13 INFO SparkEnv: Registering OutputCommitCoordinator
[2023-01-30T10:58:15.452+0000] {spark_submit.py:495} INFO - 23/01/30 10:58:15 WARN Utils: Service 'SparkUI' could not bind on port 4040. Attempting port 4041.
[2023-01-30T10:58:15.459+0000] {spark_submit.py:495} INFO - 23/01/30 10:58:15 WARN Utils: Service 'SparkUI' could not bind on port 4041. Attempting port 4042.
[2023-01-30T10:58:15.465+0000] {spark_submit.py:495} INFO - 23/01/30 10:58:15 WARN Utils: Service 'SparkUI' could not bind on port 4042. Attempting port 4043.
[2023-01-30T10:58:15.467+0000] {spark_submit.py:495} INFO - 23/01/30 10:58:15 WARN Utils: Service 'SparkUI' could not bind on port 4043. Attempting port 4044.
[2023-01-30T10:58:15.470+0000] {spark_submit.py:495} INFO - 23/01/30 10:58:15 WARN Utils: Service 'SparkUI' could not bind on port 4044. Attempting port 4045.
[2023-01-30T10:58:15.477+0000] {spark_submit.py:495} INFO - 23/01/30 10:58:15 WARN Utils: Service 'SparkUI' could not bind on port 4045. Attempting port 4046.
[2023-01-30T10:58:15.597+0000] {spark_submit.py:495} INFO - 23/01/30 10:58:15 INFO Utils: Successfully started service 'SparkUI' on port 4046.
[2023-01-30T10:58:15.898+0000] {spark_submit.py:495} INFO - 23/01/30 10:58:15 INFO SparkContext: Added JAR /opt/spark/jars/gcs-connector-hadoop3-latest.jar at spark://5b6f5d29e531:40491/jars/gcs-connector-hadoop3-latest.jar with timestamp 1675076286940
[2023-01-30T10:58:15.903+0000] {spark_submit.py:495} INFO - 23/01/30 10:58:15 INFO SparkContext: Added JAR /opt/spark/jars/spark-bigquery-with-dependencies_2.13-0.27.1.jar at spark://5b6f5d29e531:40491/jars/spark-bigquery-with-dependencies_2.13-0.27.1.jar with timestamp 1675076286940
[2023-01-30T10:58:17.255+0000] {spark_submit.py:495} INFO - 23/01/30 10:58:17 INFO Executor: Starting executor ID driver on host 5b6f5d29e531
[2023-01-30T10:58:17.306+0000] {spark_submit.py:495} INFO - 23/01/30 10:58:17 INFO Executor: Starting executor with user classpath (userClassPathFirst = false): ''
[2023-01-30T10:58:17.406+0000] {spark_submit.py:495} INFO - 23/01/30 10:58:17 INFO Executor: Fetching spark://5b6f5d29e531:40491/jars/spark-bigquery-with-dependencies_2.13-0.27.1.jar with timestamp 1675076286940
[2023-01-30T10:58:18.010+0000] {spark_submit.py:495} INFO - 23/01/30 10:58:17 INFO TransportClientFactory: Successfully created connection to 5b6f5d29e531/172.21.0.7:40491 after 400 ms (0 ms spent in bootstraps)
[2023-01-30T10:58:18.147+0000] {spark_submit.py:495} INFO - 23/01/30 10:58:18 INFO Utils: Fetching spark://5b6f5d29e531:40491/jars/spark-bigquery-with-dependencies_2.13-0.27.1.jar to /tmp/spark-48886c5e-3faf-4a1d-a135-c6e9259843ad/userFiles-10da9c70-1101-4125-b1b1-607f463428fd/fetchFileTemp10812395121835574942.tmp
[2023-01-30T10:58:20.033+0000] {spark_submit.py:495} INFO - 23/01/30 10:58:20 INFO Executor: Adding file:/tmp/spark-48886c5e-3faf-4a1d-a135-c6e9259843ad/userFiles-10da9c70-1101-4125-b1b1-607f463428fd/spark-bigquery-with-dependencies_2.13-0.27.1.jar to class loader
[2023-01-30T10:58:20.036+0000] {spark_submit.py:495} INFO - 23/01/30 10:58:20 INFO Executor: Fetching spark://5b6f5d29e531:40491/jars/gcs-connector-hadoop3-latest.jar with timestamp 1675076286940
[2023-01-30T10:58:20.055+0000] {spark_submit.py:495} INFO - 23/01/30 10:58:20 INFO Utils: Fetching spark://5b6f5d29e531:40491/jars/gcs-connector-hadoop3-latest.jar to /tmp/spark-48886c5e-3faf-4a1d-a135-c6e9259843ad/userFiles-10da9c70-1101-4125-b1b1-607f463428fd/fetchFileTemp14039403061883751064.tmp
[2023-01-30T10:58:21.616+0000] {spark_submit.py:495} INFO - 23/01/30 10:58:21 INFO Executor: Adding file:/tmp/spark-48886c5e-3faf-4a1d-a135-c6e9259843ad/userFiles-10da9c70-1101-4125-b1b1-607f463428fd/gcs-connector-hadoop3-latest.jar to class loader
[2023-01-30T10:58:21.715+0000] {spark_submit.py:495} INFO - 23/01/30 10:58:21 INFO Utils: Successfully started service 'org.apache.spark.network.netty.NettyBlockTransferService' on port 38037.
[2023-01-30T10:58:21.716+0000] {spark_submit.py:495} INFO - 23/01/30 10:58:21 INFO NettyBlockTransferService: Server created on 5b6f5d29e531:38037
[2023-01-30T10:58:21.746+0000] {spark_submit.py:495} INFO - 23/01/30 10:58:21 INFO BlockManager: Using org.apache.spark.storage.RandomBlockReplicationPolicy for block replication policy
[2023-01-30T10:58:21.853+0000] {spark_submit.py:495} INFO - 23/01/30 10:58:21 INFO BlockManagerMaster: Registering BlockManager BlockManagerId(driver, 5b6f5d29e531, 38037, None)
[2023-01-30T10:58:21.874+0000] {spark_submit.py:495} INFO - 23/01/30 10:58:21 INFO BlockManagerMasterEndpoint: Registering block manager 5b6f5d29e531:38037 with 434.4 MiB RAM, BlockManagerId(driver, 5b6f5d29e531, 38037, None)
[2023-01-30T10:58:21.908+0000] {spark_submit.py:495} INFO - 23/01/30 10:58:21 INFO BlockManagerMaster: Registered BlockManager BlockManagerId(driver, 5b6f5d29e531, 38037, None)
[2023-01-30T10:58:21.917+0000] {spark_submit.py:495} INFO - 23/01/30 10:58:21 INFO BlockManager: Initialized BlockManager: BlockManagerId(driver, 5b6f5d29e531, 38037, None)
[2023-01-30T10:58:27.510+0000] {spark_submit.py:495} INFO - 23/01/30 10:58:27 INFO SharedState: Setting hive.metastore.warehouse.dir ('null') to the value of spark.sql.warehouse.dir.
[2023-01-30T10:58:27.581+0000] {spark_submit.py:495} INFO - 23/01/30 10:58:27 INFO SharedState: Warehouse path is 'file:/opt/***/spark-warehouse'.
[2023-01-30T10:58:48.035+0000] {spark_submit.py:495} INFO - Traceback (most recent call last):
[2023-01-30T10:58:48.038+0000] {spark_submit.py:495} INFO - File "/opt/***/plugins/scripts/transform_raw_staging.py", line 233, in <module>
[2023-01-30T10:58:48.039+0000] {spark_submit.py:495} INFO - main(metrics_label=metrics_label, start=start, end=end, country_code=country_code)
[2023-01-30T10:58:48.040+0000] {spark_submit.py:495} INFO - File "/opt/***/plugins/scripts/transform_raw_staging.py", line 220, in main
[2023-01-30T10:58:48.042+0000] {spark_submit.py:495} INFO - run_method = method(metrics_label, start, end, country_code, **params)
[2023-01-30T10:58:48.043+0000] {spark_submit.py:495} INFO - File "/opt/***/plugins/scripts/transform_raw_staging.py", line 176, in transform_generation
[2023-01-30T10:58:48.044+0000] {spark_submit.py:495} INFO - full_df = self._base_timeseries(metrics_label, start, end, country_code)
[2023-01-30T10:58:48.045+0000] {spark_submit.py:495} INFO - File "/opt/***/plugins/scripts/transform_raw_staging.py", line 82, in _base_timeseries
[2023-01-30T10:58:48.046+0000] {spark_submit.py:495} INFO - raise e
[2023-01-30T10:58:48.095+0000] {spark_submit.py:495} INFO - File "/opt/***/plugins/scripts/transform_raw_staging.py", line 79, in _base_timeseries
[2023-01-30T10:58:48.103+0000] {spark_submit.py:495} INFO - .load(path)
[2023-01-30T10:58:48.110+0000] {spark_submit.py:495} INFO - File "/opt/spark/python/lib/pyspark.zip/pyspark/sql/readwriter.py", line 177, in load
[2023-01-30T10:58:48.112+0000] {spark_submit.py:495} INFO - File "/opt/spark/python/lib/py4j-0.10.9.5-src.zip/py4j/java_gateway.py", line 1321, in __call__
[2023-01-30T10:58:48.116+0000] {spark_submit.py:495} INFO - File "/opt/spark/python/lib/pyspark.zip/pyspark/sql/utils.py", line 196, in deco
[2023-01-30T10:58:48.212+0000] {spark_submit.py:495} INFO - pyspark.sql.utils.AnalysisException: Path does not exist: gs://entsoe_analytics_1009/TEST_total_generation__DE_TENNET__202101010600__202101010700.json
[2023-01-30T10:58:48.696+0000] {spark_submit.py:495} INFO - 23/01/30 10:58:48 INFO SparkContext: Invoking stop() from shutdown hook
[2023-01-30T10:58:48.872+0000] {spark_submit.py:495} INFO - 23/01/30 10:58:48 INFO SparkUI: Stopped Spark web UI at http://5b6f5d29e531:4046
[2023-01-30T10:58:49.048+0000] {spark_submit.py:495} INFO - 23/01/30 10:58:49 INFO MapOutputTrackerMasterEndpoint: MapOutputTrackerMasterEndpoint stopped!
[2023-01-30T10:58:49.383+0000] {spark_submit.py:495} INFO - 23/01/30 10:58:49 INFO MemoryStore: MemoryStore cleared
[2023-01-30T10:58:49.399+0000] {spark_submit.py:495} INFO - 23/01/30 10:58:49 INFO BlockManager: BlockManager stopped
[2023-01-30T10:58:49.580+0000] {spark_submit.py:495} INFO - 23/01/30 10:58:49 INFO BlockManagerMaster: BlockManagerMaster stopped
[2023-01-30T10:58:49.636+0000] {spark_submit.py:495} INFO - 23/01/30 10:58:49 INFO OutputCommitCoordinator$OutputCommitCoordinatorEndpoint: OutputCommitCoordinator stopped!
[2023-01-30T10:58:49.803+0000] {spark_submit.py:495} INFO - 23/01/30 10:58:49 INFO SparkContext: Successfully stopped SparkContext
[2023-01-30T10:58:49.820+0000] {spark_submit.py:495} INFO - 23/01/30 10:58:49 INFO ShutdownHookManager: Shutdown hook called
[2023-01-30T10:58:49.848+0000] {spark_submit.py:495} INFO - 23/01/30 10:58:49 INFO ShutdownHookManager: Deleting directory /tmp/spark-48886c5e-3faf-4a1d-a135-c6e9259843ad
[2023-01-30T10:58:49.877+0000] {spark_submit.py:495} INFO - 23/01/30 10:58:49 INFO ShutdownHookManager: Deleting directory /tmp/spark-98d88148-1bb6-440c-b381-959824df385b
[2023-01-30T10:58:49.907+0000] {spark_submit.py:495} INFO - 23/01/30 10:58:49 INFO ShutdownHookManager: Deleting directory /tmp/spark-48886c5e-3faf-4a1d-a135-c6e9259843ad/pyspark-8afe2f4d-4226-4c5c-a242-f5d7eae6b61c
[2023-01-30T10:58:50.260+0000] {taskinstance.py:1772} ERROR - Task failed with exception
Traceback (most recent call last):
  File "/home/airflow/.local/lib/python3.10/site-packages/airflow/providers/apache/spark/operators/spark_submit.py", line 157, in execute
    self._hook.submit(self._application)
  File "/home/airflow/.local/lib/python3.10/site-packages/airflow/providers/apache/spark/hooks/spark_submit.py", line 426, in submit
    raise AirflowException(
airflow.exceptions.AirflowException: Cannot execute: spark-submit --master local --name arrow-spark /opt/***/plugins/scripts/transform_raw_staging.py total_generation 202101010600 202101010700 DE_TENNET. Error code is: 1.
[2023-01-30T10:58:50.269+0000] {taskinstance.py:1322} INFO - Marking task as UP_FOR_RETRY. dag_id=entsoe-energydata, task_id=stage_total_generation, execution_date=20210101T060000, start_date=20230130T105727, end_date=20230130T105850
[2023-01-30T10:58:50.319+0000] {standard_task_runner.py:100} ERROR - Failed to execute job 544 for task stage_total_generation (Cannot execute: spark-submit --master local --name arrow-spark /opt/***/plugins/scripts/transform_raw_staging.py total_generation 202101010600 202101010700 DE_TENNET. Error code is: 1.; 488)
[2023-01-30T10:58:50.359+0000] {local_task_job.py:159} INFO - Task exited with return code 1
[2023-01-30T10:58:50.584+0000] {taskinstance.py:2582} INFO - 0 downstream tasks scheduled from follow-on schedule check
