[2023-01-30T10:54:22.772+0000] {taskinstance.py:1087} INFO - Dependencies all met for <TaskInstance: entsoe-energydata.extract_generation scheduled__2021-01-01T06:00:00+00:00 [queued]>
[2023-01-30T10:54:22.955+0000] {taskinstance.py:1087} INFO - Dependencies all met for <TaskInstance: entsoe-energydata.extract_generation scheduled__2021-01-01T06:00:00+00:00 [queued]>
[2023-01-30T10:54:22.957+0000] {taskinstance.py:1283} INFO - 
--------------------------------------------------------------------------------
[2023-01-30T10:54:22.958+0000] {taskinstance.py:1284} INFO - Starting attempt 1 of 4
[2023-01-30T10:54:22.959+0000] {taskinstance.py:1285} INFO - 
--------------------------------------------------------------------------------
[2023-01-30T10:54:23.105+0000] {taskinstance.py:1304} INFO - Executing <Task(PythonOperator): extract_generation> on 2021-01-01 06:00:00+00:00
[2023-01-30T10:54:23.265+0000] {standard_task_runner.py:55} INFO - Started process 186 to run task
[2023-01-30T10:54:23.335+0000] {standard_task_runner.py:82} INFO - Running: ['***', 'tasks', 'run', 'entsoe-energydata', 'extract_generation', 'scheduled__2021-01-01T06:00:00+00:00', '--job-id', '522', '--raw', '--subdir', 'DAGS_FOLDER/ingestion_energydata_dag.py', '--cfg-path', '/tmp/tmpop0564hn']
[2023-01-30T10:54:23.379+0000] {standard_task_runner.py:83} INFO - Job 522: Subtask extract_generation
[2023-01-30T10:54:23.687+0000] {task_command.py:389} INFO - Running <TaskInstance: entsoe-energydata.extract_generation scheduled__2021-01-01T06:00:00+00:00 [running]> on host 5b6f5d29e531
[2023-01-30T10:54:24.251+0000] {taskinstance.py:1511} INFO - Exporting the following env vars:
AIRFLOW_CTX_DAG_OWNER=rafzul
AIRFLOW_CTX_DAG_ID=entsoe-energydata
AIRFLOW_CTX_TASK_ID=extract_generation
AIRFLOW_CTX_EXECUTION_DATE=2021-01-01T06:00:00+00:00
AIRFLOW_CTX_TRY_NUMBER=1
AIRFLOW_CTX_DAG_RUN_ID=scheduled__2021-01-01T06:00:00+00:00
[2023-01-30T10:54:25.761+0000] {crypto.py:83} WARNING - empty cryptography key - values will not be stored encrypted.
[2023-01-30T10:54:25.762+0000] {base.py:73} INFO - Using connection ID 'google_cloud_default' for task execution.
[2023-01-30T10:54:26.386+0000] {python.py:177} INFO - Done. Returned value was: None
[2023-01-30T10:54:26.473+0000] {taskinstance.py:1322} INFO - Marking task as SUCCESS. dag_id=entsoe-energydata, task_id=extract_generation, execution_date=20210101T060000, start_date=20230130T105422, end_date=20230130T105426
[2023-01-30T10:54:26.661+0000] {local_task_job.py:159} INFO - Task exited with return code 0
[2023-01-30T10:57:17.798+0000] {taskinstance.py:1087} INFO - Dependencies all met for <TaskInstance: entsoe-energydata.extract_generation scheduled__2021-01-01T06:00:00+00:00 [queued]>
[2023-01-30T10:57:17.897+0000] {taskinstance.py:1087} INFO - Dependencies all met for <TaskInstance: entsoe-energydata.extract_generation scheduled__2021-01-01T06:00:00+00:00 [queued]>
[2023-01-30T10:57:17.898+0000] {taskinstance.py:1283} INFO - 
--------------------------------------------------------------------------------
[2023-01-30T10:57:17.898+0000] {taskinstance.py:1284} INFO - Starting attempt 1 of 4
[2023-01-30T10:57:17.899+0000] {taskinstance.py:1285} INFO - 
--------------------------------------------------------------------------------
[2023-01-30T10:57:18.160+0000] {taskinstance.py:1304} INFO - Executing <Task(PythonOperator): extract_generation> on 2021-01-01 06:00:00+00:00
[2023-01-30T10:57:18.176+0000] {standard_task_runner.py:55} INFO - Started process 390 to run task
[2023-01-30T10:57:18.188+0000] {standard_task_runner.py:82} INFO - Running: ['***', 'tasks', 'run', 'entsoe-energydata', 'extract_generation', 'scheduled__2021-01-01T06:00:00+00:00', '--job-id', '540', '--raw', '--subdir', 'DAGS_FOLDER/ingestion_energydata_dag.py', '--cfg-path', '/tmp/tmpf6xk66v_']
[2023-01-30T10:57:18.195+0000] {standard_task_runner.py:83} INFO - Job 540: Subtask extract_generation
[2023-01-30T10:57:18.370+0000] {task_command.py:389} INFO - Running <TaskInstance: entsoe-energydata.extract_generation scheduled__2021-01-01T06:00:00+00:00 [running]> on host 5b6f5d29e531
[2023-01-30T10:57:18.625+0000] {taskinstance.py:1511} INFO - Exporting the following env vars:
AIRFLOW_CTX_DAG_OWNER=rafzul
AIRFLOW_CTX_DAG_ID=entsoe-energydata
AIRFLOW_CTX_TASK_ID=extract_generation
AIRFLOW_CTX_EXECUTION_DATE=2021-01-01T06:00:00+00:00
AIRFLOW_CTX_TRY_NUMBER=1
AIRFLOW_CTX_DAG_RUN_ID=scheduled__2021-01-01T06:00:00+00:00
[2023-01-30T10:57:20.037+0000] {crypto.py:83} WARNING - empty cryptography key - values will not be stored encrypted.
[2023-01-30T10:57:20.038+0000] {base.py:73} INFO - Using connection ID 'google_cloud_default' for task execution.
[2023-01-30T10:57:20.514+0000] {python.py:177} INFO - Done. Returned value was: None
[2023-01-30T10:57:20.548+0000] {taskinstance.py:1322} INFO - Marking task as SUCCESS. dag_id=entsoe-energydata, task_id=extract_generation, execution_date=20210101T060000, start_date=20230130T105717, end_date=20230130T105720
[2023-01-30T10:57:20.653+0000] {local_task_job.py:159} INFO - Task exited with return code 0
[2023-01-30T10:57:20.832+0000] {taskinstance.py:2582} INFO - 1 downstream tasks scheduled from follow-on schedule check
[2023-01-30T18:09:14.845+0000] {taskinstance.py:1087} INFO - Dependencies all met for <TaskInstance: entsoe-energydata.extract_generation scheduled__2021-01-01T06:00:00+00:00 [queued]>
[2023-01-30T18:09:14.878+0000] {taskinstance.py:1087} INFO - Dependencies all met for <TaskInstance: entsoe-energydata.extract_generation scheduled__2021-01-01T06:00:00+00:00 [queued]>
[2023-01-30T18:09:14.879+0000] {taskinstance.py:1283} INFO - 
--------------------------------------------------------------------------------
[2023-01-30T18:09:14.879+0000] {taskinstance.py:1284} INFO - Starting attempt 1 of 4
[2023-01-30T18:09:14.879+0000] {taskinstance.py:1285} INFO - 
--------------------------------------------------------------------------------
[2023-01-30T18:09:14.918+0000] {taskinstance.py:1304} INFO - Executing <Task(PythonOperator): extract_generation> on 2021-01-01 06:00:00+00:00
[2023-01-30T18:09:14.954+0000] {standard_task_runner.py:55} INFO - Started process 13012 to run task
[2023-01-30T18:09:14.981+0000] {standard_task_runner.py:82} INFO - Running: ['***', 'tasks', 'run', 'entsoe-energydata', 'extract_generation', 'scheduled__2021-01-01T06:00:00+00:00', '--job-id', '568', '--raw', '--subdir', 'DAGS_FOLDER/ingestion_energydata_dag.py', '--cfg-path', '/tmp/tmpw5z8gj9x']
[2023-01-30T18:09:14.994+0000] {standard_task_runner.py:83} INFO - Job 568: Subtask extract_generation
[2023-01-30T18:09:15.351+0000] {task_command.py:389} INFO - Running <TaskInstance: entsoe-energydata.extract_generation scheduled__2021-01-01T06:00:00+00:00 [running]> on host 64b72c0214de
[2023-01-30T18:09:15.892+0000] {taskinstance.py:1511} INFO - Exporting the following env vars:
AIRFLOW_CTX_DAG_OWNER=rafzul
AIRFLOW_CTX_DAG_ID=entsoe-energydata
AIRFLOW_CTX_TASK_ID=extract_generation
AIRFLOW_CTX_EXECUTION_DATE=2021-01-01T06:00:00+00:00
AIRFLOW_CTX_TRY_NUMBER=1
AIRFLOW_CTX_DAG_RUN_ID=scheduled__2021-01-01T06:00:00+00:00
[2023-01-30T18:09:17.288+0000] {crypto.py:83} WARNING - empty cryptography key - values will not be stored encrypted.
[2023-01-30T18:09:17.289+0000] {base.py:73} INFO - Using connection ID 'google_cloud_default' for task execution.
[2023-01-30T18:09:17.654+0000] {python.py:177} INFO - Done. Returned value was: None
[2023-01-30T18:09:17.685+0000] {taskinstance.py:1322} INFO - Marking task as SUCCESS. dag_id=entsoe-energydata, task_id=extract_generation, execution_date=20210101T060000, start_date=20230130T180914, end_date=20230130T180917
[2023-01-30T18:09:17.749+0000] {local_task_job.py:159} INFO - Task exited with return code 0
[2023-01-30T18:09:17.793+0000] {taskinstance.py:2582} INFO - 1 downstream tasks scheduled from follow-on schedule check
[2023-01-30T18:17:20.766+0000] {taskinstance.py:1087} INFO - Dependencies all met for <TaskInstance: entsoe-energydata.extract_generation scheduled__2021-01-01T06:00:00+00:00 [queued]>
[2023-01-30T18:17:20.780+0000] {taskinstance.py:1087} INFO - Dependencies all met for <TaskInstance: entsoe-energydata.extract_generation scheduled__2021-01-01T06:00:00+00:00 [queued]>
[2023-01-30T18:17:20.781+0000] {taskinstance.py:1283} INFO - 
--------------------------------------------------------------------------------
[2023-01-30T18:17:20.781+0000] {taskinstance.py:1284} INFO - Starting attempt 1 of 4
[2023-01-30T18:17:20.781+0000] {taskinstance.py:1285} INFO - 
--------------------------------------------------------------------------------
[2023-01-30T18:17:20.800+0000] {taskinstance.py:1304} INFO - Executing <Task(PythonOperator): extract_generation> on 2021-01-01 06:00:00+00:00
[2023-01-30T18:17:20.810+0000] {standard_task_runner.py:55} INFO - Started process 14005 to run task
[2023-01-30T18:17:20.818+0000] {standard_task_runner.py:82} INFO - Running: ['***', 'tasks', 'run', 'entsoe-energydata', 'extract_generation', 'scheduled__2021-01-01T06:00:00+00:00', '--job-id', '593', '--raw', '--subdir', 'DAGS_FOLDER/ingestion_energydata_dag.py', '--cfg-path', '/tmp/tmpjd7o5a5s']
[2023-01-30T18:17:20.822+0000] {standard_task_runner.py:83} INFO - Job 593: Subtask extract_generation
[2023-01-30T18:17:20.905+0000] {task_command.py:389} INFO - Running <TaskInstance: entsoe-energydata.extract_generation scheduled__2021-01-01T06:00:00+00:00 [running]> on host 64b72c0214de
[2023-01-30T18:17:21.003+0000] {taskinstance.py:1511} INFO - Exporting the following env vars:
AIRFLOW_CTX_DAG_OWNER=rafzul
AIRFLOW_CTX_DAG_ID=entsoe-energydata
AIRFLOW_CTX_TASK_ID=extract_generation
AIRFLOW_CTX_EXECUTION_DATE=2021-01-01T06:00:00+00:00
AIRFLOW_CTX_TRY_NUMBER=1
AIRFLOW_CTX_DAG_RUN_ID=scheduled__2021-01-01T06:00:00+00:00
[2023-01-30T18:17:22.323+0000] {crypto.py:83} WARNING - empty cryptography key - values will not be stored encrypted.
[2023-01-30T18:17:22.324+0000] {base.py:73} INFO - Using connection ID 'google_cloud_default' for task execution.
[2023-01-30T18:17:22.660+0000] {python.py:177} INFO - Done. Returned value was: None
[2023-01-30T18:17:22.731+0000] {taskinstance.py:1322} INFO - Marking task as SUCCESS. dag_id=entsoe-energydata, task_id=extract_generation, execution_date=20210101T060000, start_date=20230130T181720, end_date=20230130T181722
[2023-01-30T18:17:22.816+0000] {local_task_job.py:159} INFO - Task exited with return code 0
[2023-01-30T18:17:22.871+0000] {taskinstance.py:2582} INFO - 1 downstream tasks scheduled from follow-on schedule check
[2023-01-30T18:24:46.607+0000] {taskinstance.py:1087} INFO - Dependencies all met for <TaskInstance: entsoe-energydata.extract_generation scheduled__2021-01-01T06:00:00+00:00 [queued]>
[2023-01-30T18:24:46.639+0000] {taskinstance.py:1087} INFO - Dependencies all met for <TaskInstance: entsoe-energydata.extract_generation scheduled__2021-01-01T06:00:00+00:00 [queued]>
[2023-01-30T18:24:46.639+0000] {taskinstance.py:1283} INFO - 
--------------------------------------------------------------------------------
[2023-01-30T18:24:46.640+0000] {taskinstance.py:1284} INFO - Starting attempt 1 of 4
[2023-01-30T18:24:46.641+0000] {taskinstance.py:1285} INFO - 
--------------------------------------------------------------------------------
[2023-01-30T18:24:46.699+0000] {taskinstance.py:1304} INFO - Executing <Task(PythonOperator): extract_generation> on 2021-01-01 06:00:00+00:00
[2023-01-30T18:24:46.734+0000] {standard_task_runner.py:55} INFO - Started process 16474 to run task
[2023-01-30T18:24:46.776+0000] {standard_task_runner.py:82} INFO - Running: ['***', 'tasks', 'run', 'entsoe-energydata', 'extract_generation', 'scheduled__2021-01-01T06:00:00+00:00', '--job-id', '614', '--raw', '--subdir', 'DAGS_FOLDER/ingestion_energydata_dag.py', '--cfg-path', '/tmp/tmpofvdlvim']
[2023-01-30T18:24:46.785+0000] {standard_task_runner.py:83} INFO - Job 614: Subtask extract_generation
[2023-01-30T18:24:46.982+0000] {task_command.py:389} INFO - Running <TaskInstance: entsoe-energydata.extract_generation scheduled__2021-01-01T06:00:00+00:00 [running]> on host 64b72c0214de
[2023-01-30T18:24:47.178+0000] {taskinstance.py:1511} INFO - Exporting the following env vars:
AIRFLOW_CTX_DAG_OWNER=rafzul
AIRFLOW_CTX_DAG_ID=entsoe-energydata
AIRFLOW_CTX_TASK_ID=extract_generation
AIRFLOW_CTX_EXECUTION_DATE=2021-01-01T06:00:00+00:00
AIRFLOW_CTX_TRY_NUMBER=1
AIRFLOW_CTX_DAG_RUN_ID=scheduled__2021-01-01T06:00:00+00:00
[2023-01-30T18:24:48.792+0000] {crypto.py:83} WARNING - empty cryptography key - values will not be stored encrypted.
[2023-01-30T18:24:48.810+0000] {base.py:73} INFO - Using connection ID 'google_cloud_default' for task execution.
[2023-01-30T18:24:49.652+0000] {python.py:177} INFO - Done. Returned value was: None
[2023-01-30T18:24:49.751+0000] {taskinstance.py:1322} INFO - Marking task as SUCCESS. dag_id=entsoe-energydata, task_id=extract_generation, execution_date=20210101T060000, start_date=20230130T182446, end_date=20230130T182449
[2023-01-30T18:24:50.066+0000] {local_task_job.py:159} INFO - Task exited with return code 0
[2023-01-30T18:24:50.303+0000] {taskinstance.py:2582} INFO - 1 downstream tasks scheduled from follow-on schedule check
[2023-01-30T18:35:18.322+0000] {taskinstance.py:1087} INFO - Dependencies all met for <TaskInstance: entsoe-energydata.extract_generation scheduled__2021-01-01T06:00:00+00:00 [queued]>
[2023-01-30T18:35:18.348+0000] {taskinstance.py:1087} INFO - Dependencies all met for <TaskInstance: entsoe-energydata.extract_generation scheduled__2021-01-01T06:00:00+00:00 [queued]>
[2023-01-30T18:35:18.348+0000] {taskinstance.py:1283} INFO - 
--------------------------------------------------------------------------------
[2023-01-30T18:35:18.349+0000] {taskinstance.py:1284} INFO - Starting attempt 1 of 4
[2023-01-30T18:35:18.349+0000] {taskinstance.py:1285} INFO - 
--------------------------------------------------------------------------------
[2023-01-30T18:35:18.405+0000] {taskinstance.py:1304} INFO - Executing <Task(PythonOperator): extract_generation> on 2021-01-01 06:00:00+00:00
[2023-01-30T18:35:18.426+0000] {standard_task_runner.py:55} INFO - Started process 167 to run task
[2023-01-30T18:35:18.466+0000] {standard_task_runner.py:82} INFO - Running: ['***', 'tasks', 'run', 'entsoe-energydata', 'extract_generation', 'scheduled__2021-01-01T06:00:00+00:00', '--job-id', '646', '--raw', '--subdir', 'DAGS_FOLDER/ingestion_energydata_dag.py', '--cfg-path', '/tmp/tmp1o0wrowg']
[2023-01-30T18:35:18.490+0000] {standard_task_runner.py:83} INFO - Job 646: Subtask extract_generation
[2023-01-30T18:35:18.704+0000] {task_command.py:389} INFO - Running <TaskInstance: entsoe-energydata.extract_generation scheduled__2021-01-01T06:00:00+00:00 [running]> on host 767c6fe0d003
[2023-01-30T18:35:18.840+0000] {taskinstance.py:1511} INFO - Exporting the following env vars:
AIRFLOW_CTX_DAG_OWNER=rafzul
AIRFLOW_CTX_DAG_ID=entsoe-energydata
AIRFLOW_CTX_TASK_ID=extract_generation
AIRFLOW_CTX_EXECUTION_DATE=2021-01-01T06:00:00+00:00
AIRFLOW_CTX_TRY_NUMBER=1
AIRFLOW_CTX_DAG_RUN_ID=scheduled__2021-01-01T06:00:00+00:00
[2023-01-30T18:35:20.515+0000] {crypto.py:83} WARNING - empty cryptography key - values will not be stored encrypted.
[2023-01-30T18:35:20.516+0000] {base.py:73} INFO - Using connection ID 'google_cloud_default' for task execution.
[2023-01-30T18:35:20.833+0000] {python.py:177} INFO - Done. Returned value was: None
[2023-01-30T18:35:20.854+0000] {taskinstance.py:1322} INFO - Marking task as SUCCESS. dag_id=entsoe-energydata, task_id=extract_generation, execution_date=20210101T060000, start_date=20230130T183518, end_date=20230130T183520
[2023-01-30T18:35:20.927+0000] {local_task_job.py:159} INFO - Task exited with return code 0
[2023-01-30T18:35:21.031+0000] {taskinstance.py:2582} INFO - 1 downstream tasks scheduled from follow-on schedule check
[2023-01-30T18:44:06.075+0000] {taskinstance.py:1087} INFO - Dependencies all met for <TaskInstance: entsoe-energydata.extract_generation scheduled__2021-01-01T06:00:00+00:00 [queued]>
[2023-01-30T18:44:06.122+0000] {taskinstance.py:1087} INFO - Dependencies all met for <TaskInstance: entsoe-energydata.extract_generation scheduled__2021-01-01T06:00:00+00:00 [queued]>
[2023-01-30T18:44:06.123+0000] {taskinstance.py:1283} INFO - 
--------------------------------------------------------------------------------
[2023-01-30T18:44:06.123+0000] {taskinstance.py:1284} INFO - Starting attempt 1 of 4
[2023-01-30T18:44:06.124+0000] {taskinstance.py:1285} INFO - 
--------------------------------------------------------------------------------
[2023-01-30T18:44:06.188+0000] {taskinstance.py:1304} INFO - Executing <Task(PythonOperator): extract_generation> on 2021-01-01 06:00:00+00:00
[2023-01-30T18:44:06.234+0000] {standard_task_runner.py:55} INFO - Started process 2674 to run task
[2023-01-30T18:44:06.275+0000] {standard_task_runner.py:82} INFO - Running: ['***', 'tasks', 'run', 'entsoe-energydata', 'extract_generation', 'scheduled__2021-01-01T06:00:00+00:00', '--job-id', '662', '--raw', '--subdir', 'DAGS_FOLDER/ingestion_energydata_dag.py', '--cfg-path', '/tmp/tmpiut262o0']
[2023-01-30T18:44:06.288+0000] {standard_task_runner.py:83} INFO - Job 662: Subtask extract_generation
[2023-01-30T18:44:06.746+0000] {task_command.py:389} INFO - Running <TaskInstance: entsoe-energydata.extract_generation scheduled__2021-01-01T06:00:00+00:00 [running]> on host 767c6fe0d003
[2023-01-30T18:44:07.381+0000] {taskinstance.py:1511} INFO - Exporting the following env vars:
AIRFLOW_CTX_DAG_OWNER=rafzul
AIRFLOW_CTX_DAG_ID=entsoe-energydata
AIRFLOW_CTX_TASK_ID=extract_generation
AIRFLOW_CTX_EXECUTION_DATE=2021-01-01T06:00:00+00:00
AIRFLOW_CTX_TRY_NUMBER=1
AIRFLOW_CTX_DAG_RUN_ID=scheduled__2021-01-01T06:00:00+00:00
[2023-01-30T18:44:08.990+0000] {crypto.py:83} WARNING - empty cryptography key - values will not be stored encrypted.
[2023-01-30T18:44:08.995+0000] {base.py:73} INFO - Using connection ID 'google_cloud_default' for task execution.
[2023-01-30T18:44:09.856+0000] {python.py:177} INFO - Done. Returned value was: None
[2023-01-30T18:44:09.968+0000] {taskinstance.py:1322} INFO - Marking task as SUCCESS. dag_id=entsoe-energydata, task_id=extract_generation, execution_date=20210101T060000, start_date=20230130T184406, end_date=20230130T184409
[2023-01-30T18:44:10.522+0000] {local_task_job.py:159} INFO - Task exited with return code 0
[2023-01-30T18:44:10.718+0000] {taskinstance.py:2582} INFO - 1 downstream tasks scheduled from follow-on schedule check
[2023-01-31T01:10:40.061+0000] {taskinstance.py:1087} INFO - Dependencies all met for <TaskInstance: entsoe-energydata.extract_generation scheduled__2021-01-01T06:00:00+00:00 [queued]>
[2023-01-31T01:10:40.078+0000] {taskinstance.py:1087} INFO - Dependencies all met for <TaskInstance: entsoe-energydata.extract_generation scheduled__2021-01-01T06:00:00+00:00 [queued]>
[2023-01-31T01:10:40.078+0000] {taskinstance.py:1283} INFO - 
--------------------------------------------------------------------------------
[2023-01-31T01:10:40.078+0000] {taskinstance.py:1284} INFO - Starting attempt 1 of 4
[2023-01-31T01:10:40.079+0000] {taskinstance.py:1285} INFO - 
--------------------------------------------------------------------------------
[2023-01-31T01:10:40.099+0000] {taskinstance.py:1304} INFO - Executing <Task(PythonOperator): extract_generation> on 2021-01-01 06:00:00+00:00
[2023-01-31T01:10:40.109+0000] {standard_task_runner.py:55} INFO - Started process 1745 to run task
[2023-01-31T01:10:40.116+0000] {standard_task_runner.py:82} INFO - Running: ['***', 'tasks', 'run', 'entsoe-energydata', 'extract_generation', 'scheduled__2021-01-01T06:00:00+00:00', '--job-id', '681', '--raw', '--subdir', 'DAGS_FOLDER/ingestion_energydata_dag.py', '--cfg-path', '/tmp/tmpm_c5flz1']
[2023-01-31T01:10:40.120+0000] {standard_task_runner.py:83} INFO - Job 681: Subtask extract_generation
[2023-01-31T01:10:40.196+0000] {task_command.py:389} INFO - Running <TaskInstance: entsoe-energydata.extract_generation scheduled__2021-01-01T06:00:00+00:00 [running]> on host 767c6fe0d003
[2023-01-31T01:10:40.288+0000] {taskinstance.py:1511} INFO - Exporting the following env vars:
AIRFLOW_CTX_DAG_OWNER=rafzul
AIRFLOW_CTX_DAG_ID=entsoe-energydata
AIRFLOW_CTX_TASK_ID=extract_generation
AIRFLOW_CTX_EXECUTION_DATE=2021-01-01T06:00:00+00:00
AIRFLOW_CTX_TRY_NUMBER=1
AIRFLOW_CTX_DAG_RUN_ID=scheduled__2021-01-01T06:00:00+00:00
[2023-01-31T01:10:41.738+0000] {crypto.py:83} WARNING - empty cryptography key - values will not be stored encrypted.
[2023-01-31T01:10:41.754+0000] {base.py:73} INFO - Using connection ID 'google_cloud_default' for task execution.
[2023-01-31T01:10:42.120+0000] {python.py:177} INFO - Done. Returned value was: None
[2023-01-31T01:10:42.152+0000] {taskinstance.py:1322} INFO - Marking task as SUCCESS. dag_id=entsoe-energydata, task_id=extract_generation, execution_date=20210101T060000, start_date=20230131T011040, end_date=20230131T011042
[2023-01-31T01:10:42.207+0000] {local_task_job.py:159} INFO - Task exited with return code 0
[2023-01-31T01:10:42.295+0000] {taskinstance.py:2582} INFO - 1 downstream tasks scheduled from follow-on schedule check
[2023-01-31T01:20:26.726+0000] {taskinstance.py:1087} INFO - Dependencies all met for <TaskInstance: entsoe-energydata.extract_generation scheduled__2021-01-01T06:00:00+00:00 [queued]>
[2023-01-31T01:20:26.776+0000] {taskinstance.py:1087} INFO - Dependencies all met for <TaskInstance: entsoe-energydata.extract_generation scheduled__2021-01-01T06:00:00+00:00 [queued]>
[2023-01-31T01:20:26.777+0000] {taskinstance.py:1283} INFO - 
--------------------------------------------------------------------------------
[2023-01-31T01:20:26.778+0000] {taskinstance.py:1284} INFO - Starting attempt 1 of 4
[2023-01-31T01:20:26.778+0000] {taskinstance.py:1285} INFO - 
--------------------------------------------------------------------------------
[2023-01-31T01:20:26.864+0000] {taskinstance.py:1304} INFO - Executing <Task(PythonOperator): extract_generation> on 2021-01-01 06:00:00+00:00
[2023-01-31T01:20:26.891+0000] {standard_task_runner.py:55} INFO - Started process 4691 to run task
[2023-01-31T01:20:26.918+0000] {standard_task_runner.py:82} INFO - Running: ['***', 'tasks', 'run', 'entsoe-energydata', 'extract_generation', 'scheduled__2021-01-01T06:00:00+00:00', '--job-id', '701', '--raw', '--subdir', 'DAGS_FOLDER/ingestion_energydata_dag.py', '--cfg-path', '/tmp/tmpox3k_la3']
[2023-01-31T01:20:26.939+0000] {standard_task_runner.py:83} INFO - Job 701: Subtask extract_generation
[2023-01-31T01:20:27.256+0000] {task_command.py:389} INFO - Running <TaskInstance: entsoe-energydata.extract_generation scheduled__2021-01-01T06:00:00+00:00 [running]> on host 767c6fe0d003
[2023-01-31T01:20:27.564+0000] {taskinstance.py:1511} INFO - Exporting the following env vars:
AIRFLOW_CTX_DAG_OWNER=rafzul
AIRFLOW_CTX_DAG_ID=entsoe-energydata
AIRFLOW_CTX_TASK_ID=extract_generation
AIRFLOW_CTX_EXECUTION_DATE=2021-01-01T06:00:00+00:00
AIRFLOW_CTX_TRY_NUMBER=1
AIRFLOW_CTX_DAG_RUN_ID=scheduled__2021-01-01T06:00:00+00:00
[2023-01-31T01:20:27.569+0000] {taskinstance.py:1772} ERROR - Task failed with exception
Traceback (most recent call last):
  File "/home/airflow/.local/lib/python3.10/site-packages/airflow/operators/python.py", line 175, in execute
    return_value = self.execute_callable()
  File "/home/airflow/.local/lib/python3.10/site-packages/airflow/operators/python.py", line 192, in execute_callable
    return self.python_callable(*self.op_args, **self.op_kwargs)
  File "/opt/airflow/plugins/scripts/extract_raw.py", line 79, in extract_raw_data
    start = pd.Timestamp(start, tz=timezone)
  File "pandas/_libs/tslibs/timestamps.pyx", line 1684, in pandas._libs.tslibs.timestamps.Timestamp.__new__
  File "pandas/_libs/tslibs/timezones.pyx", line 163, in pandas._libs.tslibs.timezones.maybe_get_tz
IndexError: string index out of range
[2023-01-31T01:20:27.590+0000] {taskinstance.py:1322} INFO - Marking task as UP_FOR_RETRY. dag_id=entsoe-energydata, task_id=extract_generation, execution_date=20210101T060000, start_date=20230131T012026, end_date=20230131T012027
[2023-01-31T01:20:27.624+0000] {standard_task_runner.py:100} ERROR - Failed to execute job 701 for task extract_generation (string index out of range; 4691)
[2023-01-31T01:20:27.673+0000] {local_task_job.py:159} INFO - Task exited with return code 1
[2023-01-31T01:20:27.745+0000] {taskinstance.py:2582} INFO - 0 downstream tasks scheduled from follow-on schedule check
[2023-01-31T01:22:17.765+0000] {taskinstance.py:1087} INFO - Dependencies all met for <TaskInstance: entsoe-energydata.extract_generation scheduled__2021-01-01T06:00:00+00:00 [queued]>
[2023-01-31T01:22:17.793+0000] {taskinstance.py:1087} INFO - Dependencies all met for <TaskInstance: entsoe-energydata.extract_generation scheduled__2021-01-01T06:00:00+00:00 [queued]>
[2023-01-31T01:22:17.793+0000] {taskinstance.py:1283} INFO - 
--------------------------------------------------------------------------------
[2023-01-31T01:22:17.794+0000] {taskinstance.py:1284} INFO - Starting attempt 1 of 4
[2023-01-31T01:22:17.794+0000] {taskinstance.py:1285} INFO - 
--------------------------------------------------------------------------------
[2023-01-31T01:22:17.820+0000] {taskinstance.py:1304} INFO - Executing <Task(PythonOperator): extract_generation> on 2021-01-01 06:00:00+00:00
[2023-01-31T01:22:17.837+0000] {standard_task_runner.py:55} INFO - Started process 4808 to run task
[2023-01-31T01:22:17.849+0000] {standard_task_runner.py:82} INFO - Running: ['***', 'tasks', 'run', 'entsoe-energydata', 'extract_generation', 'scheduled__2021-01-01T06:00:00+00:00', '--job-id', '708', '--raw', '--subdir', 'DAGS_FOLDER/ingestion_energydata_dag.py', '--cfg-path', '/tmp/tmpkcyc9k8k']
[2023-01-31T01:22:17.855+0000] {standard_task_runner.py:83} INFO - Job 708: Subtask extract_generation
[2023-01-31T01:22:17.960+0000] {task_command.py:389} INFO - Running <TaskInstance: entsoe-energydata.extract_generation scheduled__2021-01-01T06:00:00+00:00 [running]> on host 767c6fe0d003
[2023-01-31T01:22:18.070+0000] {taskinstance.py:1511} INFO - Exporting the following env vars:
AIRFLOW_CTX_DAG_OWNER=rafzul
AIRFLOW_CTX_DAG_ID=entsoe-energydata
AIRFLOW_CTX_TASK_ID=extract_generation
AIRFLOW_CTX_EXECUTION_DATE=2021-01-01T06:00:00+00:00
AIRFLOW_CTX_TRY_NUMBER=1
AIRFLOW_CTX_DAG_RUN_ID=scheduled__2021-01-01T06:00:00+00:00
[2023-01-31T01:22:19.461+0000] {crypto.py:83} WARNING - empty cryptography key - values will not be stored encrypted.
[2023-01-31T01:22:19.462+0000] {base.py:73} INFO - Using connection ID 'google_cloud_default' for task execution.
[2023-01-31T01:22:19.852+0000] {python.py:177} INFO - Done. Returned value was: None
[2023-01-31T01:22:19.895+0000] {taskinstance.py:1322} INFO - Marking task as SUCCESS. dag_id=entsoe-energydata, task_id=extract_generation, execution_date=20210101T060000, start_date=20230131T012217, end_date=20230131T012219
[2023-01-31T01:22:19.940+0000] {local_task_job.py:159} INFO - Task exited with return code 0
[2023-01-31T01:22:20.022+0000] {taskinstance.py:2582} INFO - 0 downstream tasks scheduled from follow-on schedule check
[2023-01-31T01:25:12.606+0000] {taskinstance.py:1087} INFO - Dependencies all met for <TaskInstance: entsoe-energydata.extract_generation scheduled__2021-01-01T06:00:00+00:00 [queued]>
[2023-01-31T01:25:12.622+0000] {taskinstance.py:1087} INFO - Dependencies all met for <TaskInstance: entsoe-energydata.extract_generation scheduled__2021-01-01T06:00:00+00:00 [queued]>
[2023-01-31T01:25:12.622+0000] {taskinstance.py:1283} INFO - 
--------------------------------------------------------------------------------
[2023-01-31T01:25:12.623+0000] {taskinstance.py:1284} INFO - Starting attempt 1 of 4
[2023-01-31T01:25:12.623+0000] {taskinstance.py:1285} INFO - 
--------------------------------------------------------------------------------
[2023-01-31T01:25:12.640+0000] {taskinstance.py:1304} INFO - Executing <Task(PythonOperator): extract_generation> on 2021-01-01 06:00:00+00:00
[2023-01-31T01:25:12.651+0000] {standard_task_runner.py:55} INFO - Started process 6345 to run task
[2023-01-31T01:25:12.656+0000] {standard_task_runner.py:82} INFO - Running: ['***', 'tasks', 'run', 'entsoe-energydata', 'extract_generation', 'scheduled__2021-01-01T06:00:00+00:00', '--job-id', '723', '--raw', '--subdir', 'DAGS_FOLDER/ingestion_energydata_dag.py', '--cfg-path', '/tmp/tmp0_bhitpt']
[2023-01-31T01:25:12.661+0000] {standard_task_runner.py:83} INFO - Job 723: Subtask extract_generation
[2023-01-31T01:25:12.822+0000] {task_command.py:389} INFO - Running <TaskInstance: entsoe-energydata.extract_generation scheduled__2021-01-01T06:00:00+00:00 [running]> on host 767c6fe0d003
[2023-01-31T01:25:12.922+0000] {taskinstance.py:1511} INFO - Exporting the following env vars:
AIRFLOW_CTX_DAG_OWNER=rafzul
AIRFLOW_CTX_DAG_ID=entsoe-energydata
AIRFLOW_CTX_TASK_ID=extract_generation
AIRFLOW_CTX_EXECUTION_DATE=2021-01-01T06:00:00+00:00
AIRFLOW_CTX_TRY_NUMBER=1
AIRFLOW_CTX_DAG_RUN_ID=scheduled__2021-01-01T06:00:00+00:00
[2023-01-31T01:25:12.923+0000] {taskinstance.py:1772} ERROR - Task failed with exception
Traceback (most recent call last):
  File "/home/airflow/.local/lib/python3.10/site-packages/airflow/operators/python.py", line 175, in execute
    return_value = self.execute_callable()
  File "/home/airflow/.local/lib/python3.10/site-packages/airflow/operators/python.py", line 192, in execute_callable
    return self.python_callable(*self.op_args, **self.op_kwargs)
  File "/opt/airflow/plugins/scripts/extract_raw.py", line 79, in extract_raw_data
    start = pd.Timestamp(start, tz=timezone)
  File "pandas/_libs/tslibs/timestamps.pyx", line 1684, in pandas._libs.tslibs.timestamps.Timestamp.__new__
  File "pandas/_libs/tslibs/timezones.pyx", line 163, in pandas._libs.tslibs.timezones.maybe_get_tz
IndexError: string index out of range
[2023-01-31T01:25:12.933+0000] {taskinstance.py:1322} INFO - Marking task as UP_FOR_RETRY. dag_id=entsoe-energydata, task_id=extract_generation, execution_date=20210101T060000, start_date=20230131T012512, end_date=20230131T012512
[2023-01-31T01:25:12.947+0000] {standard_task_runner.py:100} ERROR - Failed to execute job 723 for task extract_generation (string index out of range; 6345)
[2023-01-31T01:25:12.987+0000] {local_task_job.py:159} INFO - Task exited with return code 1
[2023-01-31T01:25:13.024+0000] {taskinstance.py:2582} INFO - 0 downstream tasks scheduled from follow-on schedule check
[2023-01-31T01:26:15.979+0000] {taskinstance.py:1087} INFO - Dependencies all met for <TaskInstance: entsoe-energydata.extract_generation scheduled__2021-01-01T06:00:00+00:00 [queued]>
[2023-01-31T01:26:16.022+0000] {taskinstance.py:1087} INFO - Dependencies all met for <TaskInstance: entsoe-energydata.extract_generation scheduled__2021-01-01T06:00:00+00:00 [queued]>
[2023-01-31T01:26:16.023+0000] {taskinstance.py:1283} INFO - 
--------------------------------------------------------------------------------
[2023-01-31T01:26:16.023+0000] {taskinstance.py:1284} INFO - Starting attempt 1 of 4
[2023-01-31T01:26:16.024+0000] {taskinstance.py:1285} INFO - 
--------------------------------------------------------------------------------
[2023-01-31T01:26:16.084+0000] {taskinstance.py:1304} INFO - Executing <Task(PythonOperator): extract_generation> on 2021-01-01 06:00:00+00:00
[2023-01-31T01:26:16.165+0000] {standard_task_runner.py:55} INFO - Started process 6424 to run task
[2023-01-31T01:26:16.207+0000] {standard_task_runner.py:82} INFO - Running: ['***', 'tasks', 'run', 'entsoe-energydata', 'extract_generation', 'scheduled__2021-01-01T06:00:00+00:00', '--job-id', '730', '--raw', '--subdir', 'DAGS_FOLDER/ingestion_energydata_dag.py', '--cfg-path', '/tmp/tmpto36dk82']
[2023-01-31T01:26:16.250+0000] {standard_task_runner.py:83} INFO - Job 730: Subtask extract_generation
[2023-01-31T01:26:16.746+0000] {task_command.py:389} INFO - Running <TaskInstance: entsoe-energydata.extract_generation scheduled__2021-01-01T06:00:00+00:00 [running]> on host 767c6fe0d003
[2023-01-31T01:26:17.181+0000] {taskinstance.py:1511} INFO - Exporting the following env vars:
AIRFLOW_CTX_DAG_OWNER=rafzul
AIRFLOW_CTX_DAG_ID=entsoe-energydata
AIRFLOW_CTX_TASK_ID=extract_generation
AIRFLOW_CTX_EXECUTION_DATE=2021-01-01T06:00:00+00:00
AIRFLOW_CTX_TRY_NUMBER=1
AIRFLOW_CTX_DAG_RUN_ID=scheduled__2021-01-01T06:00:00+00:00
[2023-01-31T01:26:18.678+0000] {crypto.py:83} WARNING - empty cryptography key - values will not be stored encrypted.
[2023-01-31T01:26:18.679+0000] {base.py:73} INFO - Using connection ID 'google_cloud_default' for task execution.
[2023-01-31T01:26:19.184+0000] {python.py:177} INFO - Done. Returned value was: None
[2023-01-31T01:26:19.225+0000] {taskinstance.py:1322} INFO - Marking task as SUCCESS. dag_id=entsoe-energydata, task_id=extract_generation, execution_date=20210101T060000, start_date=20230131T012615, end_date=20230131T012619
[2023-01-31T01:26:19.327+0000] {local_task_job.py:159} INFO - Task exited with return code 0
[2023-01-31T01:26:19.396+0000] {taskinstance.py:2582} INFO - 1 downstream tasks scheduled from follow-on schedule check
[2023-01-31T03:42:25.097+0000] {taskinstance.py:1087} INFO - Dependencies all met for <TaskInstance: entsoe-energydata.extract_generation scheduled__2021-01-01T06:00:00+00:00 [queued]>
[2023-01-31T03:42:25.367+0000] {taskinstance.py:1087} INFO - Dependencies all met for <TaskInstance: entsoe-energydata.extract_generation scheduled__2021-01-01T06:00:00+00:00 [queued]>
[2023-01-31T03:42:25.368+0000] {taskinstance.py:1283} INFO - 
--------------------------------------------------------------------------------
[2023-01-31T03:42:25.376+0000] {taskinstance.py:1284} INFO - Starting attempt 1 of 4
[2023-01-31T03:42:25.378+0000] {taskinstance.py:1285} INFO - 
--------------------------------------------------------------------------------
[2023-01-31T03:42:25.704+0000] {taskinstance.py:1304} INFO - Executing <Task(PythonOperator): extract_generation> on 2021-01-01 06:00:00+00:00
[2023-01-31T03:42:25.835+0000] {standard_task_runner.py:55} INFO - Started process 368 to run task
[2023-01-31T03:42:25.960+0000] {standard_task_runner.py:82} INFO - Running: ['***', 'tasks', 'run', 'entsoe-energydata', 'extract_generation', 'scheduled__2021-01-01T06:00:00+00:00', '--job-id', '797', '--raw', '--subdir', 'DAGS_FOLDER/ingestion_energydata_dag.py', '--cfg-path', '/tmp/tmp5pisbkkh']
[2023-01-31T03:42:26.009+0000] {standard_task_runner.py:83} INFO - Job 797: Subtask extract_generation
[2023-01-31T03:42:26.795+0000] {task_command.py:389} INFO - Running <TaskInstance: entsoe-energydata.extract_generation scheduled__2021-01-01T06:00:00+00:00 [running]> on host 2f101bc15e7a
[2023-01-31T03:42:27.438+0000] {taskinstance.py:1511} INFO - Exporting the following env vars:
AIRFLOW_CTX_DAG_OWNER=rafzul
AIRFLOW_CTX_DAG_ID=entsoe-energydata
AIRFLOW_CTX_TASK_ID=extract_generation
AIRFLOW_CTX_EXECUTION_DATE=2021-01-01T06:00:00+00:00
AIRFLOW_CTX_TRY_NUMBER=1
AIRFLOW_CTX_DAG_RUN_ID=scheduled__2021-01-01T06:00:00+00:00
[2023-01-31T03:42:29.905+0000] {crypto.py:83} WARNING - empty cryptography key - values will not be stored encrypted.
[2023-01-31T03:42:29.918+0000] {base.py:73} INFO - Using connection ID 'google_cloud_default' for task execution.
[2023-01-31T03:42:31.011+0000] {python.py:177} INFO - Done. Returned value was: None
[2023-01-31T03:42:31.234+0000] {taskinstance.py:1322} INFO - Marking task as SUCCESS. dag_id=entsoe-energydata, task_id=extract_generation, execution_date=20210101T060000, start_date=20230131T034225, end_date=20230131T034231
[2023-01-31T03:42:31.641+0000] {local_task_job.py:159} INFO - Task exited with return code 0
[2023-01-31T03:42:32.507+0000] {taskinstance.py:2582} INFO - 0 downstream tasks scheduled from follow-on schedule check
[2023-01-31T03:53:57.871+0000] {taskinstance.py:1087} INFO - Dependencies all met for <TaskInstance: entsoe-energydata.extract_generation scheduled__2021-01-01T06:00:00+00:00 [queued]>
[2023-01-31T03:53:57.933+0000] {taskinstance.py:1087} INFO - Dependencies all met for <TaskInstance: entsoe-energydata.extract_generation scheduled__2021-01-01T06:00:00+00:00 [queued]>
[2023-01-31T03:53:57.934+0000] {taskinstance.py:1283} INFO - 
--------------------------------------------------------------------------------
[2023-01-31T03:53:57.934+0000] {taskinstance.py:1284} INFO - Starting attempt 1 of 4
[2023-01-31T03:53:57.935+0000] {taskinstance.py:1285} INFO - 
--------------------------------------------------------------------------------
[2023-01-31T03:53:58.015+0000] {taskinstance.py:1304} INFO - Executing <Task(PythonOperator): extract_generation> on 2021-01-01 06:00:00+00:00
[2023-01-31T03:53:58.057+0000] {standard_task_runner.py:55} INFO - Started process 2264 to run task
[2023-01-31T03:53:58.134+0000] {standard_task_runner.py:82} INFO - Running: ['***', 'tasks', 'run', 'entsoe-energydata', 'extract_generation', 'scheduled__2021-01-01T06:00:00+00:00', '--job-id', '813', '--raw', '--subdir', 'DAGS_FOLDER/ingestion_energydata_dag.py', '--cfg-path', '/tmp/tmpia3ku4b6']
[2023-01-31T03:53:58.181+0000] {standard_task_runner.py:83} INFO - Job 813: Subtask extract_generation
[2023-01-31T03:53:58.935+0000] {task_command.py:389} INFO - Running <TaskInstance: entsoe-energydata.extract_generation scheduled__2021-01-01T06:00:00+00:00 [running]> on host 2f101bc15e7a
[2023-01-31T03:53:59.813+0000] {taskinstance.py:1511} INFO - Exporting the following env vars:
AIRFLOW_CTX_DAG_OWNER=rafzul
AIRFLOW_CTX_DAG_ID=entsoe-energydata
AIRFLOW_CTX_TASK_ID=extract_generation
AIRFLOW_CTX_EXECUTION_DATE=2021-01-01T06:00:00+00:00
AIRFLOW_CTX_TRY_NUMBER=1
AIRFLOW_CTX_DAG_RUN_ID=scheduled__2021-01-01T06:00:00+00:00
[2023-01-31T03:54:01.464+0000] {crypto.py:83} WARNING - empty cryptography key - values will not be stored encrypted.
[2023-01-31T03:54:01.466+0000] {base.py:73} INFO - Using connection ID 'google_cloud_default' for task execution.
[2023-01-31T03:54:02.259+0000] {python.py:177} INFO - Done. Returned value was: None
[2023-01-31T03:54:02.538+0000] {taskinstance.py:1322} INFO - Marking task as SUCCESS. dag_id=entsoe-energydata, task_id=extract_generation, execution_date=20210101T060000, start_date=20230131T035357, end_date=20230131T035402
[2023-01-31T03:54:02.878+0000] {local_task_job.py:159} INFO - Task exited with return code 0
[2023-01-31T03:54:03.471+0000] {taskinstance.py:2582} INFO - 0 downstream tasks scheduled from follow-on schedule check
[2023-01-31T04:24:07.370+0000] {taskinstance.py:1087} INFO - Dependencies all met for <TaskInstance: entsoe-energydata.extract_generation scheduled__2021-01-01T06:00:00+00:00 [queued]>
[2023-01-31T04:24:07.449+0000] {taskinstance.py:1087} INFO - Dependencies all met for <TaskInstance: entsoe-energydata.extract_generation scheduled__2021-01-01T06:00:00+00:00 [queued]>
[2023-01-31T04:24:07.450+0000] {taskinstance.py:1283} INFO - 
--------------------------------------------------------------------------------
[2023-01-31T04:24:07.450+0000] {taskinstance.py:1284} INFO - Starting attempt 1 of 4
[2023-01-31T04:24:07.451+0000] {taskinstance.py:1285} INFO - 
--------------------------------------------------------------------------------
[2023-01-31T04:24:07.525+0000] {taskinstance.py:1304} INFO - Executing <Task(PythonOperator): extract_generation> on 2021-01-01 06:00:00+00:00
[2023-01-31T04:24:07.572+0000] {standard_task_runner.py:55} INFO - Started process 212 to run task
[2023-01-31T04:24:07.608+0000] {standard_task_runner.py:82} INFO - Running: ['***', 'tasks', 'run', 'entsoe-energydata', 'extract_generation', 'scheduled__2021-01-01T06:00:00+00:00', '--job-id', '834', '--raw', '--subdir', 'DAGS_FOLDER/ingestion_energydata_dag.py', '--cfg-path', '/tmp/tmpo792vumn']
[2023-01-31T04:24:07.622+0000] {standard_task_runner.py:83} INFO - Job 834: Subtask extract_generation
[2023-01-31T04:24:08.020+0000] {task_command.py:389} INFO - Running <TaskInstance: entsoe-energydata.extract_generation scheduled__2021-01-01T06:00:00+00:00 [running]> on host 81d5fcd0285b
[2023-01-31T04:24:08.453+0000] {taskinstance.py:1511} INFO - Exporting the following env vars:
AIRFLOW_CTX_DAG_OWNER=rafzul
AIRFLOW_CTX_DAG_ID=entsoe-energydata
AIRFLOW_CTX_TASK_ID=extract_generation
AIRFLOW_CTX_EXECUTION_DATE=2021-01-01T06:00:00+00:00
AIRFLOW_CTX_TRY_NUMBER=1
AIRFLOW_CTX_DAG_RUN_ID=scheduled__2021-01-01T06:00:00+00:00
[2023-01-31T04:24:10.023+0000] {crypto.py:83} WARNING - empty cryptography key - values will not be stored encrypted.
[2023-01-31T04:24:10.025+0000] {base.py:73} INFO - Using connection ID 'google_cloud_default' for task execution.
[2023-01-31T04:24:10.464+0000] {python.py:177} INFO - Done. Returned value was: None
[2023-01-31T04:24:10.508+0000] {taskinstance.py:1322} INFO - Marking task as SUCCESS. dag_id=entsoe-energydata, task_id=extract_generation, execution_date=20210101T060000, start_date=20230131T042407, end_date=20230131T042410
[2023-01-31T04:24:10.619+0000] {local_task_job.py:159} INFO - Task exited with return code 0
[2023-01-31T04:24:10.700+0000] {taskinstance.py:2582} INFO - 1 downstream tasks scheduled from follow-on schedule check
[2023-01-31T04:30:41.595+0000] {taskinstance.py:1087} INFO - Dependencies all met for <TaskInstance: entsoe-energydata.extract_generation scheduled__2021-01-01T06:00:00+00:00 [queued]>
[2023-01-31T04:30:41.681+0000] {taskinstance.py:1087} INFO - Dependencies all met for <TaskInstance: entsoe-energydata.extract_generation scheduled__2021-01-01T06:00:00+00:00 [queued]>
[2023-01-31T04:30:41.681+0000] {taskinstance.py:1283} INFO - 
--------------------------------------------------------------------------------
[2023-01-31T04:30:41.682+0000] {taskinstance.py:1284} INFO - Starting attempt 1 of 4
[2023-01-31T04:30:41.684+0000] {taskinstance.py:1285} INFO - 
--------------------------------------------------------------------------------
[2023-01-31T04:30:41.772+0000] {taskinstance.py:1304} INFO - Executing <Task(PythonOperator): extract_generation> on 2021-01-01 06:00:00+00:00
[2023-01-31T04:30:41.835+0000] {standard_task_runner.py:55} INFO - Started process 2613 to run task
[2023-01-31T04:30:41.914+0000] {standard_task_runner.py:82} INFO - Running: ['***', 'tasks', 'run', 'entsoe-energydata', 'extract_generation', 'scheduled__2021-01-01T06:00:00+00:00', '--job-id', '849', '--raw', '--subdir', 'DAGS_FOLDER/ingestion_energydata_dag.py', '--cfg-path', '/tmp/tmpyar46yw3']
[2023-01-31T04:30:41.943+0000] {standard_task_runner.py:83} INFO - Job 849: Subtask extract_generation
[2023-01-31T04:30:42.260+0000] {task_command.py:389} INFO - Running <TaskInstance: entsoe-energydata.extract_generation scheduled__2021-01-01T06:00:00+00:00 [running]> on host 81d5fcd0285b
[2023-01-31T04:30:42.688+0000] {taskinstance.py:1511} INFO - Exporting the following env vars:
AIRFLOW_CTX_DAG_OWNER=rafzul
AIRFLOW_CTX_DAG_ID=entsoe-energydata
AIRFLOW_CTX_TASK_ID=extract_generation
AIRFLOW_CTX_EXECUTION_DATE=2021-01-01T06:00:00+00:00
AIRFLOW_CTX_TRY_NUMBER=1
AIRFLOW_CTX_DAG_RUN_ID=scheduled__2021-01-01T06:00:00+00:00
[2023-01-31T04:30:44.321+0000] {crypto.py:83} WARNING - empty cryptography key - values will not be stored encrypted.
[2023-01-31T04:30:44.321+0000] {base.py:73} INFO - Using connection ID 'google_cloud_default' for task execution.
[2023-01-31T04:30:44.790+0000] {python.py:177} INFO - Done. Returned value was: None
[2023-01-31T04:30:44.832+0000] {taskinstance.py:1322} INFO - Marking task as SUCCESS. dag_id=entsoe-energydata, task_id=extract_generation, execution_date=20210101T060000, start_date=20230131T043041, end_date=20230131T043044
[2023-01-31T04:30:44.960+0000] {local_task_job.py:159} INFO - Task exited with return code 0
[2023-01-31T04:30:45.031+0000] {taskinstance.py:2582} INFO - 1 downstream tasks scheduled from follow-on schedule check
[2023-01-31T04:48:15.142+0000] {taskinstance.py:1087} INFO - Dependencies all met for <TaskInstance: entsoe-energydata.extract_generation scheduled__2021-01-01T06:00:00+00:00 [queued]>
[2023-01-31T04:48:15.202+0000] {taskinstance.py:1087} INFO - Dependencies all met for <TaskInstance: entsoe-energydata.extract_generation scheduled__2021-01-01T06:00:00+00:00 [queued]>
[2023-01-31T04:48:15.203+0000] {taskinstance.py:1283} INFO - 
--------------------------------------------------------------------------------
[2023-01-31T04:48:15.203+0000] {taskinstance.py:1284} INFO - Starting attempt 1 of 4
[2023-01-31T04:48:15.204+0000] {taskinstance.py:1285} INFO - 
--------------------------------------------------------------------------------
[2023-01-31T04:48:15.298+0000] {taskinstance.py:1304} INFO - Executing <Task(PythonOperator): extract_generation> on 2021-01-01 06:00:00+00:00
[2023-01-31T04:48:15.326+0000] {standard_task_runner.py:55} INFO - Started process 7270 to run task
[2023-01-31T04:48:15.343+0000] {standard_task_runner.py:82} INFO - Running: ['***', 'tasks', 'run', 'entsoe-energydata', 'extract_generation', 'scheduled__2021-01-01T06:00:00+00:00', '--job-id', '863', '--raw', '--subdir', 'DAGS_FOLDER/ingestion_energydata_dag.py', '--cfg-path', '/tmp/tmpekm8pm33']
[2023-01-31T04:48:15.356+0000] {standard_task_runner.py:83} INFO - Job 863: Subtask extract_generation
[2023-01-31T04:48:15.785+0000] {task_command.py:389} INFO - Running <TaskInstance: entsoe-energydata.extract_generation scheduled__2021-01-01T06:00:00+00:00 [running]> on host 81d5fcd0285b
[2023-01-31T04:48:16.110+0000] {taskinstance.py:1511} INFO - Exporting the following env vars:
AIRFLOW_CTX_DAG_OWNER=rafzul
AIRFLOW_CTX_DAG_ID=entsoe-energydata
AIRFLOW_CTX_TASK_ID=extract_generation
AIRFLOW_CTX_EXECUTION_DATE=2021-01-01T06:00:00+00:00
AIRFLOW_CTX_TRY_NUMBER=1
AIRFLOW_CTX_DAG_RUN_ID=scheduled__2021-01-01T06:00:00+00:00
[2023-01-31T04:48:17.633+0000] {crypto.py:83} WARNING - empty cryptography key - values will not be stored encrypted.
[2023-01-31T04:48:17.635+0000] {base.py:73} INFO - Using connection ID 'google_cloud_default' for task execution.
[2023-01-31T04:48:18.160+0000] {python.py:177} INFO - Done. Returned value was: None
[2023-01-31T04:48:18.294+0000] {taskinstance.py:1322} INFO - Marking task as SUCCESS. dag_id=entsoe-energydata, task_id=extract_generation, execution_date=20210101T060000, start_date=20230131T044815, end_date=20230131T044818
[2023-01-31T04:48:18.429+0000] {local_task_job.py:159} INFO - Task exited with return code 0
[2023-01-31T04:48:18.529+0000] {taskinstance.py:2582} INFO - 1 downstream tasks scheduled from follow-on schedule check
