[2023-01-31T12:06:47.814+0000] {taskinstance.py:1087} INFO - Dependencies all met for <TaskInstance: entsoe-energydata-backfill.stage_total_generation scheduled__2021-01-01T00:00:00+00:00 [queued]>
[2023-01-31T12:06:47.843+0000] {taskinstance.py:1087} INFO - Dependencies all met for <TaskInstance: entsoe-energydata-backfill.stage_total_generation scheduled__2021-01-01T00:00:00+00:00 [queued]>
[2023-01-31T12:06:47.843+0000] {taskinstance.py:1283} INFO - 
--------------------------------------------------------------------------------
[2023-01-31T12:06:47.844+0000] {taskinstance.py:1284} INFO - Starting attempt 2 of 4
[2023-01-31T12:06:47.844+0000] {taskinstance.py:1285} INFO - 
--------------------------------------------------------------------------------
[2023-01-31T12:06:48.019+0000] {taskinstance.py:1304} INFO - Executing <Task(SparkSubmitOperator): stage_total_generation> on 2021-01-01 00:00:00+00:00
[2023-01-31T12:06:48.043+0000] {standard_task_runner.py:55} INFO - Started process 457 to run task
[2023-01-31T12:06:48.056+0000] {standard_task_runner.py:82} INFO - Running: ['***', 'tasks', 'run', 'entsoe-energydata-backfill', 'stage_total_generation', 'scheduled__2021-01-01T00:00:00+00:00', '--job-id', '985', '--raw', '--subdir', 'DAGS_FOLDER/ingestion_energydata_dag.py', '--cfg-path', '/tmp/tmpowe50_6k']
[2023-01-31T12:06:48.070+0000] {standard_task_runner.py:83} INFO - Job 985: Subtask stage_total_generation
[2023-01-31T12:06:48.298+0000] {task_command.py:389} INFO - Running <TaskInstance: entsoe-energydata-backfill.stage_total_generation scheduled__2021-01-01T00:00:00+00:00 [running]> on host 8124f810dec3
[2023-01-31T12:06:48.500+0000] {taskinstance.py:1511} INFO - Exporting the following env vars:
AIRFLOW_CTX_DAG_OWNER=rafzul
AIRFLOW_CTX_DAG_ID=entsoe-energydata-backfill
AIRFLOW_CTX_TASK_ID=stage_total_generation
AIRFLOW_CTX_EXECUTION_DATE=2021-01-01T00:00:00+00:00
AIRFLOW_CTX_TRY_NUMBER=2
AIRFLOW_CTX_DAG_RUN_ID=scheduled__2021-01-01T00:00:00+00:00
[2023-01-31T12:06:48.534+0000] {base.py:73} INFO - Using connection ID 'spark_local' for task execution.
[2023-01-31T12:06:48.535+0000] {taskinstance.py:1772} ERROR - Task failed with exception
Traceback (most recent call last):
  File "/home/airflow/.local/lib/python3.10/site-packages/airflow/providers/apache/spark/operators/spark_submit.py", line 157, in execute
    self._hook.submit(self._application)
  File "/home/airflow/.local/lib/python3.10/site-packages/airflow/providers/apache/spark/hooks/spark_submit.py", line 398, in submit
    spark_submit_cmd = self._build_spark_submit_command(application)
  File "/home/airflow/.local/lib/python3.10/site-packages/airflow/providers/apache/spark/hooks/spark_submit.py", line 344, in _build_spark_submit_command
    self.log.info("Spark-Submit cmd: %s", self._mask_cmd(connection_cmd))
  File "/home/airflow/.local/lib/python3.10/site-packages/airflow/providers/apache/spark/hooks/spark_submit.py", line 256, in _mask_cmd
    " ".join(connection_cmd),
TypeError: sequence item 10: expected str instance, DateTime found
[2023-01-31T12:06:48.560+0000] {taskinstance.py:1322} INFO - Marking task as UP_FOR_RETRY. dag_id=entsoe-energydata-backfill, task_id=stage_total_generation, execution_date=20210101T000000, start_date=20230131T120647, end_date=20230131T120648
[2023-01-31T12:06:48.604+0000] {standard_task_runner.py:100} ERROR - Failed to execute job 985 for task stage_total_generation (sequence item 10: expected str instance, DateTime found; 457)
[2023-01-31T12:06:48.651+0000] {local_task_job.py:159} INFO - Task exited with return code 1
[2023-01-31T12:06:48.690+0000] {taskinstance.py:2582} INFO - 0 downstream tasks scheduled from follow-on schedule check
[2023-01-31T12:29:58.547+0000] {taskinstance.py:1087} INFO - Dependencies all met for <TaskInstance: entsoe-energydata-backfill.stage_total_generation scheduled__2021-01-01T00:00:00+00:00 [queued]>
[2023-01-31T12:29:58.683+0000] {taskinstance.py:1087} INFO - Dependencies all met for <TaskInstance: entsoe-energydata-backfill.stage_total_generation scheduled__2021-01-01T00:00:00+00:00 [queued]>
[2023-01-31T12:29:58.683+0000] {taskinstance.py:1283} INFO - 
--------------------------------------------------------------------------------
[2023-01-31T12:29:58.690+0000] {taskinstance.py:1284} INFO - Starting attempt 2 of 4
[2023-01-31T12:29:58.690+0000] {taskinstance.py:1285} INFO - 
--------------------------------------------------------------------------------
[2023-01-31T12:29:58.843+0000] {taskinstance.py:1304} INFO - Executing <Task(SparkSubmitOperator): stage_total_generation> on 2021-01-01 00:00:00+00:00
[2023-01-31T12:29:58.887+0000] {standard_task_runner.py:55} INFO - Started process 84 to run task
[2023-01-31T12:29:58.920+0000] {standard_task_runner.py:82} INFO - Running: ['***', 'tasks', 'run', 'entsoe-energydata-backfill', 'stage_total_generation', 'scheduled__2021-01-01T00:00:00+00:00', '--job-id', '1007', '--raw', '--subdir', 'DAGS_FOLDER/ingestion_energydata_dag.py', '--cfg-path', '/tmp/tmp9w_sb_of']
[2023-01-31T12:29:58.936+0000] {standard_task_runner.py:83} INFO - Job 1007: Subtask stage_total_generation
[2023-01-31T12:29:59.392+0000] {task_command.py:389} INFO - Running <TaskInstance: entsoe-energydata-backfill.stage_total_generation scheduled__2021-01-01T00:00:00+00:00 [running]> on host 213f57d06c83
[2023-01-31T12:29:59.897+0000] {taskinstance.py:1511} INFO - Exporting the following env vars:
AIRFLOW_CTX_DAG_OWNER=rafzul
AIRFLOW_CTX_DAG_ID=entsoe-energydata-backfill
AIRFLOW_CTX_TASK_ID=stage_total_generation
AIRFLOW_CTX_EXECUTION_DATE=2021-01-01T00:00:00+00:00
AIRFLOW_CTX_TRY_NUMBER=2
AIRFLOW_CTX_DAG_RUN_ID=scheduled__2021-01-01T00:00:00+00:00
[2023-01-31T12:29:59.980+0000] {base.py:73} INFO - Using connection ID 'spark_local' for task execution.
[2023-01-31T12:29:59.989+0000] {spark_submit.py:344} INFO - Spark-Submit cmd: spark-submit --master local --name arrow-spark /opt/***/plugins/scripts/transform_raw_staging.py total_generation 202101010000 202101010100 DE_TENNET 202101010000 202101010600
[2023-01-31T12:30:37.296+0000] {spark_submit.py:495} INFO - mulai periode: 202101010000
[2023-01-31T12:30:37.303+0000] {spark_submit.py:495} INFO - selesai periode: 202101010600
[2023-01-31T12:30:38.030+0000] {spark_submit.py:495} INFO - 23/01/31 12:30:38 INFO SparkContext: Running Spark version 3.3.1
[2023-01-31T12:30:39.955+0000] {spark_submit.py:495} INFO - 23/01/31 12:30:39 WARN NativeCodeLoader: Unable to load native-hadoop library for your platform... using builtin-java classes where applicable
[2023-01-31T12:30:41.093+0000] {spark_submit.py:495} INFO - 23/01/31 12:30:41 INFO ResourceUtils: ==============================================================
[2023-01-31T12:30:41.096+0000] {spark_submit.py:495} INFO - 23/01/31 12:30:41 INFO ResourceUtils: No custom resources configured for spark.driver.
[2023-01-31T12:30:41.098+0000] {spark_submit.py:495} INFO - 23/01/31 12:30:41 INFO ResourceUtils: ==============================================================
[2023-01-31T12:30:41.101+0000] {spark_submit.py:495} INFO - 23/01/31 12:30:41 INFO SparkContext: Submitted application: gcp_playground
[2023-01-31T12:30:41.399+0000] {spark_submit.py:495} INFO - 23/01/31 12:30:41 INFO ResourceProfile: Default ResourceProfile created, executor resources: Map(cores -> name: cores, amount: 1, script: , vendor: , memory -> name: memory, amount: 1024, script: , vendor: , offHeap -> name: offHeap, amount: 0, script: , vendor: ), task resources: Map(cpus -> name: cpus, amount: 1.0)
[2023-01-31T12:30:41.455+0000] {spark_submit.py:495} INFO - 23/01/31 12:30:41 INFO ResourceProfile: Limiting resource is cpu
[2023-01-31T12:30:41.465+0000] {spark_submit.py:495} INFO - 23/01/31 12:30:41 INFO ResourceProfileManager: Added ResourceProfile id: 0
[2023-01-31T12:30:42.002+0000] {spark_submit.py:495} INFO - 23/01/31 12:30:41 INFO SecurityManager: Changing view acls to: ***
[2023-01-31T12:30:42.026+0000] {spark_submit.py:495} INFO - 23/01/31 12:30:42 INFO SecurityManager: Changing modify acls to: ***
[2023-01-31T12:30:42.065+0000] {spark_submit.py:495} INFO - 23/01/31 12:30:42 INFO SecurityManager: Changing view acls groups to:
[2023-01-31T12:30:42.067+0000] {spark_submit.py:495} INFO - 23/01/31 12:30:42 INFO SecurityManager: Changing modify acls groups to:
[2023-01-31T12:30:42.094+0000] {spark_submit.py:495} INFO - 23/01/31 12:30:42 INFO SecurityManager: SecurityManager: authentication disabled; ui acls disabled; users  with view permissions: Set(***); groups with view permissions: Set(); users  with modify permissions: Set(***); groups with modify permissions: Set()
[2023-01-31T12:30:45.677+0000] {spark_submit.py:495} INFO - 23/01/31 12:30:45 INFO Utils: Successfully started service 'sparkDriver' on port 38379.
[2023-01-31T12:30:45.982+0000] {spark_submit.py:495} INFO - 23/01/31 12:30:45 INFO SparkEnv: Registering MapOutputTracker
[2023-01-31T12:30:46.270+0000] {spark_submit.py:495} INFO - 23/01/31 12:30:46 INFO SparkEnv: Registering BlockManagerMaster
[2023-01-31T12:30:46.339+0000] {spark_submit.py:495} INFO - 23/01/31 12:30:46 INFO BlockManagerMasterEndpoint: Using org.apache.spark.storage.DefaultTopologyMapper for getting topology information
[2023-01-31T12:30:46.349+0000] {spark_submit.py:495} INFO - 23/01/31 12:30:46 INFO BlockManagerMasterEndpoint: BlockManagerMasterEndpoint up
[2023-01-31T12:30:46.412+0000] {spark_submit.py:495} INFO - 23/01/31 12:30:46 INFO SparkEnv: Registering BlockManagerMasterHeartbeat
[2023-01-31T12:30:47.165+0000] {spark_submit.py:495} INFO - 23/01/31 12:30:47 INFO DiskBlockManager: Created local directory at /tmp/blockmgr-37baa7b1-6498-45a3-838e-c52cbd09651b
[2023-01-31T12:30:47.684+0000] {spark_submit.py:495} INFO - 23/01/31 12:30:47 INFO MemoryStore: MemoryStore started with capacity 434.4 MiB
[2023-01-31T12:30:47.935+0000] {spark_submit.py:495} INFO - 23/01/31 12:30:47 INFO SparkEnv: Registering OutputCommitCoordinator
[2023-01-31T12:30:50.574+0000] {spark_submit.py:495} INFO - 23/01/31 12:30:50 INFO Utils: Successfully started service 'SparkUI' on port 4040.
[2023-01-31T12:30:50.860+0000] {spark_submit.py:495} INFO - 23/01/31 12:30:50 INFO SparkContext: Added JAR /opt/spark/jars/gcs-connector-hadoop3-latest.jar at spark://213f57d06c83:38379/jars/gcs-connector-hadoop3-latest.jar with timestamp 1675168237884
[2023-01-31T12:30:50.861+0000] {spark_submit.py:495} INFO - 23/01/31 12:30:50 INFO SparkContext: Added JAR /opt/spark/jars/spark-bigquery-with-dependencies_2.13-0.27.1.jar at spark://213f57d06c83:38379/jars/spark-bigquery-with-dependencies_2.13-0.27.1.jar with timestamp 1675168237884
[2023-01-31T12:30:51.814+0000] {spark_submit.py:495} INFO - 23/01/31 12:30:51 INFO Executor: Starting executor ID driver on host 213f57d06c83
[2023-01-31T12:30:51.903+0000] {spark_submit.py:495} INFO - 23/01/31 12:30:51 INFO Executor: Starting executor with user classpath (userClassPathFirst = false): ''
[2023-01-31T12:30:52.136+0000] {spark_submit.py:495} INFO - 23/01/31 12:30:52 INFO Executor: Fetching spark://213f57d06c83:38379/jars/spark-bigquery-with-dependencies_2.13-0.27.1.jar with timestamp 1675168237884
[2023-01-31T12:30:52.730+0000] {spark_submit.py:495} INFO - 23/01/31 12:30:52 INFO TransportClientFactory: Successfully created connection to 213f57d06c83/172.21.0.8:38379 after 423 ms (0 ms spent in bootstraps)
[2023-01-31T12:30:52.844+0000] {spark_submit.py:495} INFO - 23/01/31 12:30:52 INFO Utils: Fetching spark://213f57d06c83:38379/jars/spark-bigquery-with-dependencies_2.13-0.27.1.jar to /tmp/spark-9bc6323a-ffac-4bc8-80e1-1a5e44084ae0/userFiles-27c7c8ab-6650-47c0-bc92-3c54a3aa2a72/fetchFileTemp1540215092552147377.tmp
[2023-01-31T12:30:55.790+0000] {spark_submit.py:495} INFO - 23/01/31 12:30:55 INFO Executor: Adding file:/tmp/spark-9bc6323a-ffac-4bc8-80e1-1a5e44084ae0/userFiles-27c7c8ab-6650-47c0-bc92-3c54a3aa2a72/spark-bigquery-with-dependencies_2.13-0.27.1.jar to class loader
[2023-01-31T12:30:55.804+0000] {spark_submit.py:495} INFO - 23/01/31 12:30:55 INFO Executor: Fetching spark://213f57d06c83:38379/jars/gcs-connector-hadoop3-latest.jar with timestamp 1675168237884
[2023-01-31T12:30:55.815+0000] {spark_submit.py:495} INFO - 23/01/31 12:30:55 INFO Utils: Fetching spark://213f57d06c83:38379/jars/gcs-connector-hadoop3-latest.jar to /tmp/spark-9bc6323a-ffac-4bc8-80e1-1a5e44084ae0/userFiles-27c7c8ab-6650-47c0-bc92-3c54a3aa2a72/fetchFileTemp17502930730178370153.tmp
[2023-01-31T12:30:57.566+0000] {spark_submit.py:495} INFO - 23/01/31 12:30:57 INFO Executor: Adding file:/tmp/spark-9bc6323a-ffac-4bc8-80e1-1a5e44084ae0/userFiles-27c7c8ab-6650-47c0-bc92-3c54a3aa2a72/gcs-connector-hadoop3-latest.jar to class loader
[2023-01-31T12:30:57.688+0000] {spark_submit.py:495} INFO - 23/01/31 12:30:57 INFO Utils: Successfully started service 'org.apache.spark.network.netty.NettyBlockTransferService' on port 34061.
[2023-01-31T12:30:57.692+0000] {spark_submit.py:495} INFO - 23/01/31 12:30:57 INFO NettyBlockTransferService: Server created on 213f57d06c83:34061
[2023-01-31T12:30:57.706+0000] {spark_submit.py:495} INFO - 23/01/31 12:30:57 INFO BlockManager: Using org.apache.spark.storage.RandomBlockReplicationPolicy for block replication policy
[2023-01-31T12:30:57.774+0000] {spark_submit.py:495} INFO - 23/01/31 12:30:57 INFO BlockManagerMaster: Registering BlockManager BlockManagerId(driver, 213f57d06c83, 34061, None)
[2023-01-31T12:30:57.870+0000] {spark_submit.py:495} INFO - 23/01/31 12:30:57 INFO BlockManagerMasterEndpoint: Registering block manager 213f57d06c83:34061 with 434.4 MiB RAM, BlockManagerId(driver, 213f57d06c83, 34061, None)
[2023-01-31T12:30:57.939+0000] {spark_submit.py:495} INFO - 23/01/31 12:30:57 INFO BlockManagerMaster: Registered BlockManager BlockManagerId(driver, 213f57d06c83, 34061, None)
[2023-01-31T12:30:57.964+0000] {spark_submit.py:495} INFO - 23/01/31 12:30:57 INFO BlockManager: Initialized BlockManager: BlockManagerId(driver, 213f57d06c83, 34061, None)
[2023-01-31T12:31:08.309+0000] {spark_submit.py:495} INFO - 23/01/31 12:31:08 INFO SharedState: Setting hive.metastore.warehouse.dir ('null') to the value of spark.sql.warehouse.dir.
[2023-01-31T12:31:08.445+0000] {spark_submit.py:495} INFO - 23/01/31 12:31:08 INFO SharedState: Warehouse path is 'file:/opt/***/spark-warehouse'.
[2023-01-31T12:31:31.455+0000] {spark_submit.py:495} INFO - 23/01/31 12:31:31 INFO InMemoryFileIndex: It took 1292 ms to list leaf files for 1 paths.
[2023-01-31T12:31:34.100+0000] {spark_submit.py:495} INFO - 23/01/31 12:31:34 INFO MemoryStore: Block broadcast_0 stored as values in memory (estimated size 201.9 KiB, free 434.2 MiB)
[2023-01-31T12:31:35.677+0000] {spark_submit.py:495} INFO - 23/01/31 12:31:35 INFO MemoryStore: Block broadcast_0_piece0 stored as bytes in memory (estimated size 34.6 KiB, free 434.2 MiB)
[2023-01-31T12:31:35.718+0000] {spark_submit.py:495} INFO - 23/01/31 12:31:35 INFO BlockManagerInfo: Added broadcast_0_piece0 in memory on 213f57d06c83:34061 (size: 34.6 KiB, free: 434.4 MiB)
[2023-01-31T12:31:36.496+0000] {spark_submit.py:495} INFO - 23/01/31 12:31:36 INFO SparkContext: Created broadcast 0 from load at NativeMethodAccessorImpl.java:0
[2023-01-31T12:31:43.006+0000] {spark_submit.py:495} INFO - 23/01/31 12:31:43 INFO FileInputFormat: Total input files to process : 1
[2023-01-31T12:31:43.189+0000] {spark_submit.py:495} INFO - 23/01/31 12:31:43 INFO FileInputFormat: Total input files to process : 1
[2023-01-31T12:31:43.300+0000] {spark_submit.py:495} INFO - 23/01/31 12:31:43 INFO SparkContext: Starting job: load at NativeMethodAccessorImpl.java:0
[2023-01-31T12:31:43.463+0000] {spark_submit.py:495} INFO - 23/01/31 12:31:43 INFO DAGScheduler: Got job 0 (load at NativeMethodAccessorImpl.java:0) with 1 output partitions
[2023-01-31T12:31:43.464+0000] {spark_submit.py:495} INFO - 23/01/31 12:31:43 INFO DAGScheduler: Final stage: ResultStage 0 (load at NativeMethodAccessorImpl.java:0)
[2023-01-31T12:31:43.464+0000] {spark_submit.py:495} INFO - 23/01/31 12:31:43 INFO DAGScheduler: Parents of final stage: List()
[2023-01-31T12:31:43.475+0000] {spark_submit.py:495} INFO - 23/01/31 12:31:43 INFO DAGScheduler: Missing parents: List()
[2023-01-31T12:31:43.497+0000] {spark_submit.py:495} INFO - 23/01/31 12:31:43 INFO DAGScheduler: Submitting ResultStage 0 (MapPartitionsRDD[2] at load at NativeMethodAccessorImpl.java:0), which has no missing parents
[2023-01-31T12:31:44.183+0000] {spark_submit.py:495} INFO - 23/01/31 12:31:44 INFO MemoryStore: Block broadcast_1 stored as values in memory (estimated size 8.6 KiB, free 434.2 MiB)
[2023-01-31T12:31:44.318+0000] {spark_submit.py:495} INFO - 23/01/31 12:31:44 INFO MemoryStore: Block broadcast_1_piece0 stored as bytes in memory (estimated size 4.6 KiB, free 434.2 MiB)
[2023-01-31T12:31:44.332+0000] {spark_submit.py:495} INFO - 23/01/31 12:31:44 INFO BlockManagerInfo: Added broadcast_1_piece0 in memory on 213f57d06c83:34061 (size: 4.6 KiB, free: 434.4 MiB)
[2023-01-31T12:31:44.343+0000] {spark_submit.py:495} INFO - 23/01/31 12:31:44 INFO SparkContext: Created broadcast 1 from broadcast at DAGScheduler.scala:1513
[2023-01-31T12:31:44.637+0000] {spark_submit.py:495} INFO - 23/01/31 12:31:44 INFO DAGScheduler: Submitting 1 missing tasks from ResultStage 0 (MapPartitionsRDD[2] at load at NativeMethodAccessorImpl.java:0) (first 15 tasks are for partitions Vector(0))
[2023-01-31T12:31:44.658+0000] {spark_submit.py:495} INFO - 23/01/31 12:31:44 INFO TaskSchedulerImpl: Adding task set 0.0 with 1 tasks resource profile 0
[2023-01-31T12:31:45.385+0000] {spark_submit.py:495} INFO - 23/01/31 12:31:45 INFO TaskSetManager: Starting task 0.0 in stage 0.0 (TID 0) (213f57d06c83, executor driver, partition 0, PROCESS_LOCAL, 7578 bytes) taskResourceAssignments Map()
[2023-01-31T12:31:45.574+0000] {spark_submit.py:495} INFO - 23/01/31 12:31:45 INFO Executor: Running task 0.0 in stage 0.0 (TID 0)
[2023-01-31T12:31:47.666+0000] {spark_submit.py:495} INFO - 23/01/31 12:31:47 INFO BinaryFileRDD: Input split: Paths:/total_generation__DE_TENNET__202101010000__202101010100.json:0+9369
[2023-01-31T12:32:03.817+0000] {spark_submit.py:495} INFO - 23/01/31 12:32:03 INFO AsyncEventQueue: Process of event SparkListenerExecutorMetricsUpdate(driver,ArraySeq(),HashMap((-1,-1) -> org.apache.spark.executor.ExecutorMetrics@384a3eca)) by listener AppStatusListener took 1.490147567s.
[2023-01-31T12:32:47.796+0000] {spark_submit.py:495} INFO - 23/01/31 12:32:47 INFO Executor: Finished task 0.0 in stage 0.0 (TID 0). 3437 bytes result sent to driver
[2023-01-31T12:32:47.915+0000] {spark_submit.py:495} INFO - 23/01/31 12:32:47 INFO TaskSetManager: Finished task 0.0 in stage 0.0 (TID 0) in 62660 ms on 213f57d06c83 (executor driver) (1/1)
[2023-01-31T12:32:48.067+0000] {spark_submit.py:495} INFO - 23/01/31 12:32:48 INFO TaskSchedulerImpl: Removed TaskSet 0.0, whose tasks have all completed, from pool
[2023-01-31T12:32:48.181+0000] {spark_submit.py:495} INFO - 23/01/31 12:32:48 INFO DAGScheduler: ResultStage 0 (load at NativeMethodAccessorImpl.java:0) finished in 64.491 s
[2023-01-31T12:32:48.216+0000] {spark_submit.py:495} INFO - 23/01/31 12:32:48 INFO DAGScheduler: Job 0 is finished. Cancelling potential speculative or zombie tasks for this job
[2023-01-31T12:32:48.221+0000] {spark_submit.py:495} INFO - 23/01/31 12:32:48 INFO TaskSchedulerImpl: Killing all running tasks in stage 0: Stage finished
[2023-01-31T12:32:48.243+0000] {spark_submit.py:495} INFO - 23/01/31 12:32:48 INFO DAGScheduler: Job 0 finished: load at NativeMethodAccessorImpl.java:0, took 64.939574 s
[2023-01-31T12:32:54.030+0000] {spark_submit.py:495} INFO - 23/01/31 12:32:54 INFO BlockManagerInfo: Removed broadcast_0_piece0 on 213f57d06c83:34061 in memory (size: 34.6 KiB, free: 434.4 MiB)
[2023-01-31T12:32:54.138+0000] {spark_submit.py:495} INFO - 23/01/31 12:32:54 INFO BlockManagerInfo: Removed broadcast_1_piece0 on 213f57d06c83:34061 in memory (size: 4.6 KiB, free: 434.4 MiB)
