[2023-01-31T05:10:48.820+0000] {taskinstance.py:1087} INFO - Dependencies all met for <TaskInstance: entsoe-energydata-backfill.extract_generation scheduled__2021-01-01T00:00:00+00:00 [queued]>
[2023-01-31T05:10:48.864+0000] {taskinstance.py:1087} INFO - Dependencies all met for <TaskInstance: entsoe-energydata-backfill.extract_generation scheduled__2021-01-01T00:00:00+00:00 [queued]>
[2023-01-31T05:10:48.864+0000] {taskinstance.py:1283} INFO - 
--------------------------------------------------------------------------------
[2023-01-31T05:10:48.865+0000] {taskinstance.py:1284} INFO - Starting attempt 1 of 4
[2023-01-31T05:10:48.865+0000] {taskinstance.py:1285} INFO - 
--------------------------------------------------------------------------------
[2023-01-31T05:10:48.905+0000] {taskinstance.py:1304} INFO - Executing <Task(PythonOperator): extract_generation> on 2021-01-01 00:00:00+00:00
[2023-01-31T05:10:48.931+0000] {standard_task_runner.py:55} INFO - Started process 12234 to run task
[2023-01-31T05:10:48.951+0000] {standard_task_runner.py:82} INFO - Running: ['***', 'tasks', 'run', 'entsoe-energydata-backfill', 'extract_generation', 'scheduled__2021-01-01T00:00:00+00:00', '--job-id', '878', '--raw', '--subdir', 'DAGS_FOLDER/ingestion_energydata_dag.py', '--cfg-path', '/tmp/tmpxc4f6vfx']
[2023-01-31T05:10:48.958+0000] {standard_task_runner.py:83} INFO - Job 878: Subtask extract_generation
[2023-01-31T05:10:49.177+0000] {task_command.py:389} INFO - Running <TaskInstance: entsoe-energydata-backfill.extract_generation scheduled__2021-01-01T00:00:00+00:00 [running]> on host 81d5fcd0285b
[2023-01-31T05:10:49.358+0000] {taskinstance.py:1511} INFO - Exporting the following env vars:
AIRFLOW_CTX_DAG_OWNER=rafzul
AIRFLOW_CTX_DAG_ID=entsoe-energydata-backfill
AIRFLOW_CTX_TASK_ID=extract_generation
AIRFLOW_CTX_EXECUTION_DATE=2021-01-01T00:00:00+00:00
AIRFLOW_CTX_TRY_NUMBER=1
AIRFLOW_CTX_DAG_RUN_ID=scheduled__2021-01-01T00:00:00+00:00
[2023-01-31T05:10:50.779+0000] {crypto.py:83} WARNING - empty cryptography key - values will not be stored encrypted.
[2023-01-31T05:10:50.781+0000] {base.py:73} INFO - Using connection ID 'google_cloud_default' for task execution.
[2023-01-31T05:10:51.201+0000] {python.py:177} INFO - Done. Returned value was: None
[2023-01-31T05:10:51.243+0000] {taskinstance.py:1322} INFO - Marking task as SUCCESS. dag_id=entsoe-energydata-backfill, task_id=extract_generation, execution_date=20210101T000000, start_date=20230131T051048, end_date=20230131T051051
[2023-01-31T05:10:51.680+0000] {local_task_job.py:159} INFO - Task exited with return code 0
[2023-01-31T05:10:51.861+0000] {taskinstance.py:2582} INFO - 1 downstream tasks scheduled from follow-on schedule check
[2023-01-31T05:30:18.956+0000] {taskinstance.py:1087} INFO - Dependencies all met for <TaskInstance: entsoe-energydata-backfill.extract_generation scheduled__2021-01-01T00:00:00+00:00 [queued]>
[2023-01-31T05:30:19.008+0000] {taskinstance.py:1087} INFO - Dependencies all met for <TaskInstance: entsoe-energydata-backfill.extract_generation scheduled__2021-01-01T00:00:00+00:00 [queued]>
[2023-01-31T05:30:19.010+0000] {taskinstance.py:1283} INFO - 
--------------------------------------------------------------------------------
[2023-01-31T05:30:19.010+0000] {taskinstance.py:1284} INFO - Starting attempt 1 of 4
[2023-01-31T05:30:19.011+0000] {taskinstance.py:1285} INFO - 
--------------------------------------------------------------------------------
[2023-01-31T05:30:19.074+0000] {taskinstance.py:1304} INFO - Executing <Task(PythonOperator): extract_generation> on 2021-01-01 00:00:00+00:00
[2023-01-31T05:30:19.107+0000] {standard_task_runner.py:55} INFO - Started process 15687 to run task
[2023-01-31T05:30:19.131+0000] {standard_task_runner.py:82} INFO - Running: ['***', 'tasks', 'run', 'entsoe-energydata-backfill', 'extract_generation', 'scheduled__2021-01-01T00:00:00+00:00', '--job-id', '886', '--raw', '--subdir', 'DAGS_FOLDER/ingestion_energydata_dag.py', '--cfg-path', '/tmp/tmpf5yob7b9']
[2023-01-31T05:30:19.147+0000] {standard_task_runner.py:83} INFO - Job 886: Subtask extract_generation
[2023-01-31T05:30:19.511+0000] {task_command.py:389} INFO - Running <TaskInstance: entsoe-energydata-backfill.extract_generation scheduled__2021-01-01T00:00:00+00:00 [running]> on host 81d5fcd0285b
[2023-01-31T05:30:19.907+0000] {taskinstance.py:1511} INFO - Exporting the following env vars:
AIRFLOW_CTX_DAG_OWNER=rafzul
AIRFLOW_CTX_DAG_ID=entsoe-energydata-backfill
AIRFLOW_CTX_TASK_ID=extract_generation
AIRFLOW_CTX_EXECUTION_DATE=2021-01-01T00:00:00+00:00
AIRFLOW_CTX_TRY_NUMBER=1
AIRFLOW_CTX_DAG_RUN_ID=scheduled__2021-01-01T00:00:00+00:00
[2023-01-31T05:30:22.874+0000] {crypto.py:83} WARNING - empty cryptography key - values will not be stored encrypted.
[2023-01-31T05:30:22.877+0000] {base.py:73} INFO - Using connection ID 'google_cloud_default' for task execution.
[2023-01-31T05:30:23.686+0000] {python.py:177} INFO - Done. Returned value was: None
[2023-01-31T05:30:23.831+0000] {taskinstance.py:1322} INFO - Marking task as SUCCESS. dag_id=entsoe-energydata-backfill, task_id=extract_generation, execution_date=20210101T000000, start_date=20230131T053018, end_date=20230131T053023
[2023-01-31T05:30:24.027+0000] {local_task_job.py:159} INFO - Task exited with return code 0
[2023-01-31T05:30:25.107+0000] {taskinstance.py:2582} INFO - 0 downstream tasks scheduled from follow-on schedule check
[2023-01-31T07:38:30.211+0000] {taskinstance.py:1087} INFO - Dependencies all met for <TaskInstance: entsoe-energydata-backfill.extract_generation scheduled__2021-01-01T00:00:00+00:00 [queued]>
[2023-01-31T07:38:30.422+0000] {taskinstance.py:1087} INFO - Dependencies all met for <TaskInstance: entsoe-energydata-backfill.extract_generation scheduled__2021-01-01T00:00:00+00:00 [queued]>
[2023-01-31T07:38:30.423+0000] {taskinstance.py:1283} INFO - 
--------------------------------------------------------------------------------
[2023-01-31T07:38:30.424+0000] {taskinstance.py:1284} INFO - Starting attempt 1 of 4
[2023-01-31T07:38:30.424+0000] {taskinstance.py:1285} INFO - 
--------------------------------------------------------------------------------
[2023-01-31T07:38:31.289+0000] {taskinstance.py:1304} INFO - Executing <Task(PythonOperator): extract_generation> on 2021-01-01 00:00:00+00:00
[2023-01-31T07:38:31.435+0000] {standard_task_runner.py:55} INFO - Started process 25728 to run task
[2023-01-31T07:38:31.492+0000] {standard_task_runner.py:82} INFO - Running: ['***', 'tasks', 'run', 'entsoe-energydata-backfill', 'extract_generation', 'scheduled__2021-01-01T00:00:00+00:00', '--job-id', '901', '--raw', '--subdir', 'DAGS_FOLDER/ingestion_energydata_dag.py', '--cfg-path', '/tmp/tmp8ra85ti7']
[2023-01-31T07:38:31.509+0000] {standard_task_runner.py:83} INFO - Job 901: Subtask extract_generation
[2023-01-31T07:38:32.510+0000] {task_command.py:389} INFO - Running <TaskInstance: entsoe-energydata-backfill.extract_generation scheduled__2021-01-01T00:00:00+00:00 [running]> on host 81d5fcd0285b
[2023-01-31T07:38:34.406+0000] {taskinstance.py:1511} INFO - Exporting the following env vars:
AIRFLOW_CTX_DAG_OWNER=rafzul
AIRFLOW_CTX_DAG_ID=entsoe-energydata-backfill
AIRFLOW_CTX_TASK_ID=extract_generation
AIRFLOW_CTX_EXECUTION_DATE=2021-01-01T00:00:00+00:00
AIRFLOW_CTX_TRY_NUMBER=1
AIRFLOW_CTX_DAG_RUN_ID=scheduled__2021-01-01T00:00:00+00:00
[2023-01-31T07:38:36.058+0000] {crypto.py:83} WARNING - empty cryptography key - values will not be stored encrypted.
[2023-01-31T07:38:36.059+0000] {base.py:73} INFO - Using connection ID 'google_cloud_default' for task execution.
[2023-01-31T07:38:36.971+0000] {python.py:177} INFO - Done. Returned value was: None
[2023-01-31T07:38:37.081+0000] {taskinstance.py:1322} INFO - Marking task as SUCCESS. dag_id=entsoe-energydata-backfill, task_id=extract_generation, execution_date=20210101T000000, start_date=20230131T073830, end_date=20230131T073837
[2023-01-31T07:38:37.568+0000] {local_task_job.py:159} INFO - Task exited with return code 0
[2023-01-31T07:38:38.003+0000] {taskinstance.py:2582} INFO - 1 downstream tasks scheduled from follow-on schedule check
[2023-01-31T08:21:27.209+0000] {taskinstance.py:1087} INFO - Dependencies all met for <TaskInstance: entsoe-energydata-backfill.extract_generation scheduled__2021-01-01T00:00:00+00:00 [queued]>
[2023-01-31T08:21:27.282+0000] {taskinstance.py:1087} INFO - Dependencies all met for <TaskInstance: entsoe-energydata-backfill.extract_generation scheduled__2021-01-01T00:00:00+00:00 [queued]>
[2023-01-31T08:21:27.283+0000] {taskinstance.py:1283} INFO - 
--------------------------------------------------------------------------------
[2023-01-31T08:21:27.284+0000] {taskinstance.py:1284} INFO - Starting attempt 1 of 4
[2023-01-31T08:21:27.284+0000] {taskinstance.py:1285} INFO - 
--------------------------------------------------------------------------------
[2023-01-31T08:21:27.382+0000] {taskinstance.py:1304} INFO - Executing <Task(PythonOperator): extract_generation> on 2021-01-01 00:00:00+00:00
[2023-01-31T08:21:27.407+0000] {standard_task_runner.py:55} INFO - Started process 2047 to run task
[2023-01-31T08:21:27.451+0000] {standard_task_runner.py:82} INFO - Running: ['***', 'tasks', 'run', 'entsoe-energydata-backfill', 'extract_generation', 'scheduled__2021-01-01T00:00:00+00:00', '--job-id', '916', '--raw', '--subdir', 'DAGS_FOLDER/ingestion_energydata_dag.py', '--cfg-path', '/tmp/tmpczjne42g']
[2023-01-31T08:21:27.461+0000] {standard_task_runner.py:83} INFO - Job 916: Subtask extract_generation
[2023-01-31T08:21:27.897+0000] {task_command.py:389} INFO - Running <TaskInstance: entsoe-energydata-backfill.extract_generation scheduled__2021-01-01T00:00:00+00:00 [running]> on host 81d5fcd0285b
[2023-01-31T08:21:28.277+0000] {taskinstance.py:1511} INFO - Exporting the following env vars:
AIRFLOW_CTX_DAG_OWNER=rafzul
AIRFLOW_CTX_DAG_ID=entsoe-energydata-backfill
AIRFLOW_CTX_TASK_ID=extract_generation
AIRFLOW_CTX_EXECUTION_DATE=2021-01-01T00:00:00+00:00
AIRFLOW_CTX_TRY_NUMBER=1
AIRFLOW_CTX_DAG_RUN_ID=scheduled__2021-01-01T00:00:00+00:00
[2023-01-31T08:21:29.885+0000] {crypto.py:83} WARNING - empty cryptography key - values will not be stored encrypted.
[2023-01-31T08:21:29.888+0000] {base.py:73} INFO - Using connection ID 'google_cloud_default' for task execution.
[2023-01-31T08:21:30.251+0000] {python.py:177} INFO - Done. Returned value was: None
[2023-01-31T08:21:30.297+0000] {taskinstance.py:1322} INFO - Marking task as SUCCESS. dag_id=entsoe-energydata-backfill, task_id=extract_generation, execution_date=20210101T000000, start_date=20230131T082127, end_date=20230131T082130
[2023-01-31T08:21:30.480+0000] {local_task_job.py:159} INFO - Task exited with return code 0
[2023-01-31T08:21:30.614+0000] {taskinstance.py:2582} INFO - 0 downstream tasks scheduled from follow-on schedule check
[2023-01-31T08:30:16.959+0000] {taskinstance.py:1087} INFO - Dependencies all met for <TaskInstance: entsoe-energydata-backfill.extract_generation scheduled__2021-01-01T00:00:00+00:00 [queued]>
[2023-01-31T08:30:16.996+0000] {taskinstance.py:1087} INFO - Dependencies all met for <TaskInstance: entsoe-energydata-backfill.extract_generation scheduled__2021-01-01T00:00:00+00:00 [queued]>
[2023-01-31T08:30:16.997+0000] {taskinstance.py:1283} INFO - 
--------------------------------------------------------------------------------
[2023-01-31T08:30:16.997+0000] {taskinstance.py:1284} INFO - Starting attempt 1 of 4
[2023-01-31T08:30:16.998+0000] {taskinstance.py:1285} INFO - 
--------------------------------------------------------------------------------
[2023-01-31T08:30:17.104+0000] {taskinstance.py:1304} INFO - Executing <Task(PythonOperator): extract_generation> on 2021-01-01 00:00:00+00:00
[2023-01-31T08:30:17.137+0000] {standard_task_runner.py:55} INFO - Started process 248 to run task
[2023-01-31T08:30:17.149+0000] {standard_task_runner.py:82} INFO - Running: ['***', 'tasks', 'run', 'entsoe-energydata-backfill', 'extract_generation', 'scheduled__2021-01-01T00:00:00+00:00', '--job-id', '937', '--raw', '--subdir', 'DAGS_FOLDER/ingestion_energydata_dag.py', '--cfg-path', '/tmp/tmp_0i9h861']
[2023-01-31T08:30:17.166+0000] {standard_task_runner.py:83} INFO - Job 937: Subtask extract_generation
[2023-01-31T08:30:17.510+0000] {task_command.py:389} INFO - Running <TaskInstance: entsoe-energydata-backfill.extract_generation scheduled__2021-01-01T00:00:00+00:00 [running]> on host 4475e39484c1
[2023-01-31T08:30:17.705+0000] {taskinstance.py:1511} INFO - Exporting the following env vars:
AIRFLOW_CTX_DAG_OWNER=rafzul
AIRFLOW_CTX_DAG_ID=entsoe-energydata-backfill
AIRFLOW_CTX_TASK_ID=extract_generation
AIRFLOW_CTX_EXECUTION_DATE=2021-01-01T00:00:00+00:00
AIRFLOW_CTX_TRY_NUMBER=1
AIRFLOW_CTX_DAG_RUN_ID=scheduled__2021-01-01T00:00:00+00:00
[2023-01-31T08:30:19.631+0000] {crypto.py:83} WARNING - empty cryptography key - values will not be stored encrypted.
[2023-01-31T08:30:19.632+0000] {base.py:73} INFO - Using connection ID 'google_cloud_default' for task execution.
[2023-01-31T08:30:19.973+0000] {python.py:177} INFO - Done. Returned value was: None
[2023-01-31T08:30:20.020+0000] {taskinstance.py:1322} INFO - Marking task as SUCCESS. dag_id=entsoe-energydata-backfill, task_id=extract_generation, execution_date=20210101T000000, start_date=20230131T083016, end_date=20230131T083020
[2023-01-31T08:30:20.088+0000] {local_task_job.py:159} INFO - Task exited with return code 0
[2023-01-31T08:30:20.148+0000] {taskinstance.py:2582} INFO - 1 downstream tasks scheduled from follow-on schedule check
[2023-01-31T08:32:21.513+0000] {taskinstance.py:1087} INFO - Dependencies all met for <TaskInstance: entsoe-energydata-backfill.extract_generation scheduled__2021-01-01T00:00:00+00:00 [queued]>
[2023-01-31T08:32:21.637+0000] {taskinstance.py:1087} INFO - Dependencies all met for <TaskInstance: entsoe-energydata-backfill.extract_generation scheduled__2021-01-01T00:00:00+00:00 [queued]>
[2023-01-31T08:32:21.638+0000] {taskinstance.py:1283} INFO - 
--------------------------------------------------------------------------------
[2023-01-31T08:32:21.638+0000] {taskinstance.py:1284} INFO - Starting attempt 1 of 4
[2023-01-31T08:32:21.639+0000] {taskinstance.py:1285} INFO - 
--------------------------------------------------------------------------------
[2023-01-31T08:32:21.746+0000] {taskinstance.py:1304} INFO - Executing <Task(PythonOperator): extract_generation> on 2021-01-01 00:00:00+00:00
[2023-01-31T08:32:21.864+0000] {standard_task_runner.py:55} INFO - Started process 374 to run task
[2023-01-31T08:32:21.871+0000] {standard_task_runner.py:82} INFO - Running: ['***', 'tasks', 'run', 'entsoe-energydata-backfill', 'extract_generation', 'scheduled__2021-01-01T00:00:00+00:00', '--job-id', '939', '--raw', '--subdir', 'DAGS_FOLDER/ingestion_energydata_dag.py', '--cfg-path', '/tmp/tmpp_129nq4']
[2023-01-31T08:32:21.895+0000] {standard_task_runner.py:83} INFO - Job 939: Subtask extract_generation
[2023-01-31T08:32:22.052+0000] {task_command.py:389} INFO - Running <TaskInstance: entsoe-energydata-backfill.extract_generation scheduled__2021-01-01T00:00:00+00:00 [running]> on host 4475e39484c1
[2023-01-31T08:32:22.273+0000] {taskinstance.py:1511} INFO - Exporting the following env vars:
AIRFLOW_CTX_DAG_OWNER=rafzul
AIRFLOW_CTX_DAG_ID=entsoe-energydata-backfill
AIRFLOW_CTX_TASK_ID=extract_generation
AIRFLOW_CTX_EXECUTION_DATE=2021-01-01T00:00:00+00:00
AIRFLOW_CTX_TRY_NUMBER=1
AIRFLOW_CTX_DAG_RUN_ID=scheduled__2021-01-01T00:00:00+00:00
[2023-01-31T08:32:24.063+0000] {crypto.py:83} WARNING - empty cryptography key - values will not be stored encrypted.
[2023-01-31T08:32:24.064+0000] {base.py:73} INFO - Using connection ID 'google_cloud_default' for task execution.
[2023-01-31T08:32:24.427+0000] {python.py:177} INFO - Done. Returned value was: None
[2023-01-31T08:32:24.457+0000] {taskinstance.py:1322} INFO - Marking task as SUCCESS. dag_id=entsoe-energydata-backfill, task_id=extract_generation, execution_date=20210101T000000, start_date=20230131T083221, end_date=20230131T083224
[2023-01-31T08:32:24.515+0000] {local_task_job.py:159} INFO - Task exited with return code 0
[2023-01-31T08:32:24.583+0000] {taskinstance.py:2582} INFO - 1 downstream tasks scheduled from follow-on schedule check
