[2023-01-17T16:50:13.319+0000] {taskinstance.py:1087} INFO - Dependencies all met for <TaskInstance: ingestion-energydata.extract_generation scheduled__2021-01-01T00:00:00+00:00 [queued]>
[2023-01-17T16:50:13.429+0000] {taskinstance.py:1087} INFO - Dependencies all met for <TaskInstance: ingestion-energydata.extract_generation scheduled__2021-01-01T00:00:00+00:00 [queued]>
[2023-01-17T16:50:13.429+0000] {taskinstance.py:1283} INFO - 
--------------------------------------------------------------------------------
[2023-01-17T16:50:13.430+0000] {taskinstance.py:1284} INFO - Starting attempt 1 of 4
[2023-01-17T16:50:13.430+0000] {taskinstance.py:1285} INFO - 
--------------------------------------------------------------------------------
[2023-01-17T16:50:13.504+0000] {taskinstance.py:1304} INFO - Executing <Task(PythonOperator): extract_generation> on 2021-01-01 00:00:00+00:00
[2023-01-17T16:50:13.528+0000] {standard_task_runner.py:55} INFO - Started process 1389 to run task
[2023-01-17T16:50:13.551+0000] {standard_task_runner.py:82} INFO - Running: ['***', 'tasks', 'run', 'ingestion-energydata', 'extract_generation', 'scheduled__2021-01-01T00:00:00+00:00', '--job-id', '17', '--raw', '--subdir', 'DAGS_FOLDER/ingestion_energydata_dag.py', '--cfg-path', '/tmp/tmp619k_7ms']
[2023-01-17T16:50:13.561+0000] {standard_task_runner.py:83} INFO - Job 17: Subtask extract_generation
[2023-01-17T16:50:14.136+0000] {task_command.py:389} INFO - Running <TaskInstance: ingestion-energydata.extract_generation scheduled__2021-01-01T00:00:00+00:00 [running]> on host 60e8e9877e7a
[2023-01-17T16:50:15.370+0000] {taskinstance.py:1511} INFO - Exporting the following env vars:
AIRFLOW_CTX_DAG_OWNER=rafzul
AIRFLOW_CTX_DAG_ID=ingestion-energydata
AIRFLOW_CTX_TASK_ID=extract_generation
AIRFLOW_CTX_EXECUTION_DATE=2021-01-01T00:00:00+00:00
AIRFLOW_CTX_TRY_NUMBER=1
AIRFLOW_CTX_DAG_RUN_ID=scheduled__2021-01-01T00:00:00+00:00
[2023-01-17T16:50:17.481+0000] {crypto.py:83} WARNING - empty cryptography key - values will not be stored encrypted.
[2023-01-17T16:50:17.482+0000] {base.py:73} INFO - Using connection ID 'google_cloud_default' for task execution.
[2023-01-17T16:50:17.881+0000] {python.py:177} INFO - Done. Returned value was: None
[2023-01-17T16:50:17.905+0000] {taskinstance.py:1322} INFO - Marking task as SUCCESS. dag_id=ingestion-energydata, task_id=extract_generation, execution_date=20210101T000000, start_date=20230117T165013, end_date=20230117T165017
[2023-01-17T16:50:17.966+0000] {local_task_job.py:159} INFO - Task exited with return code 0
[2023-01-17T16:50:18.021+0000] {taskinstance.py:2582} INFO - 0 downstream tasks scheduled from follow-on schedule check
[2023-01-17T19:02:43.379+0000] {taskinstance.py:1087} INFO - Dependencies all met for <TaskInstance: ingestion-energydata.extract_generation scheduled__2021-01-01T00:00:00+00:00 [queued]>
[2023-01-17T19:02:43.463+0000] {taskinstance.py:1087} INFO - Dependencies all met for <TaskInstance: ingestion-energydata.extract_generation scheduled__2021-01-01T00:00:00+00:00 [queued]>
[2023-01-17T19:02:43.463+0000] {taskinstance.py:1283} INFO - 
--------------------------------------------------------------------------------
[2023-01-17T19:02:43.464+0000] {taskinstance.py:1284} INFO - Starting attempt 1 of 4
[2023-01-17T19:02:43.464+0000] {taskinstance.py:1285} INFO - 
--------------------------------------------------------------------------------
[2023-01-17T19:02:43.562+0000] {taskinstance.py:1304} INFO - Executing <Task(PythonOperator): extract_generation> on 2021-01-01 00:00:00+00:00
[2023-01-17T19:02:43.620+0000] {standard_task_runner.py:55} INFO - Started process 9570 to run task
[2023-01-17T19:02:43.651+0000] {standard_task_runner.py:82} INFO - Running: ['***', 'tasks', 'run', 'ingestion-energydata', 'extract_generation', 'scheduled__2021-01-01T00:00:00+00:00', '--job-id', '32', '--raw', '--subdir', 'DAGS_FOLDER/ingestion_energydata_dag.py', '--cfg-path', '/tmp/tmp6ch6dooh']
[2023-01-17T19:02:43.664+0000] {standard_task_runner.py:83} INFO - Job 32: Subtask extract_generation
[2023-01-17T19:02:43.892+0000] {task_command.py:389} INFO - Running <TaskInstance: ingestion-energydata.extract_generation scheduled__2021-01-01T00:00:00+00:00 [running]> on host 60e8e9877e7a
[2023-01-17T19:02:44.077+0000] {taskinstance.py:1511} INFO - Exporting the following env vars:
AIRFLOW_CTX_DAG_OWNER=rafzul
AIRFLOW_CTX_DAG_ID=ingestion-energydata
AIRFLOW_CTX_TASK_ID=extract_generation
AIRFLOW_CTX_EXECUTION_DATE=2021-01-01T00:00:00+00:00
AIRFLOW_CTX_TRY_NUMBER=1
AIRFLOW_CTX_DAG_RUN_ID=scheduled__2021-01-01T00:00:00+00:00
[2023-01-17T19:02:45.662+0000] {crypto.py:83} WARNING - empty cryptography key - values will not be stored encrypted.
[2023-01-17T19:02:45.663+0000] {base.py:73} INFO - Using connection ID 'google_cloud_default' for task execution.
[2023-01-17T19:02:46.007+0000] {python.py:177} INFO - Done. Returned value was: None
[2023-01-17T19:02:46.031+0000] {taskinstance.py:1322} INFO - Marking task as SUCCESS. dag_id=ingestion-energydata, task_id=extract_generation, execution_date=20210101T000000, start_date=20230117T190243, end_date=20230117T190246
[2023-01-17T19:02:46.089+0000] {local_task_job.py:159} INFO - Task exited with return code 0
[2023-01-17T19:02:46.126+0000] {taskinstance.py:2582} INFO - 0 downstream tasks scheduled from follow-on schedule check
[2023-01-18T00:29:58.991+0000] {taskinstance.py:1087} INFO - Dependencies all met for <TaskInstance: ingestion-energydata.extract_generation scheduled__2021-01-01T00:00:00+00:00 [queued]>
[2023-01-18T00:29:59.011+0000] {taskinstance.py:1087} INFO - Dependencies all met for <TaskInstance: ingestion-energydata.extract_generation scheduled__2021-01-01T00:00:00+00:00 [queued]>
[2023-01-18T00:29:59.012+0000] {taskinstance.py:1283} INFO - 
--------------------------------------------------------------------------------
[2023-01-18T00:29:59.012+0000] {taskinstance.py:1284} INFO - Starting attempt 1 of 4
[2023-01-18T00:29:59.012+0000] {taskinstance.py:1285} INFO - 
--------------------------------------------------------------------------------
[2023-01-18T00:29:59.031+0000] {taskinstance.py:1304} INFO - Executing <Task(PythonOperator): extract_generation> on 2021-01-01 00:00:00+00:00
[2023-01-18T00:29:59.044+0000] {standard_task_runner.py:55} INFO - Started process 10134 to run task
[2023-01-18T00:29:59.050+0000] {standard_task_runner.py:82} INFO - Running: ['***', 'tasks', 'run', 'ingestion-energydata', 'extract_generation', 'scheduled__2021-01-01T00:00:00+00:00', '--job-id', '38', '--raw', '--subdir', 'DAGS_FOLDER/ingestion_energydata_dag.py', '--cfg-path', '/tmp/tmpmj8l50f1']
[2023-01-18T00:29:59.055+0000] {standard_task_runner.py:83} INFO - Job 38: Subtask extract_generation
[2023-01-18T00:29:59.176+0000] {task_command.py:389} INFO - Running <TaskInstance: ingestion-energydata.extract_generation scheduled__2021-01-01T00:00:00+00:00 [running]> on host 60e8e9877e7a
[2023-01-18T00:29:59.273+0000] {taskinstance.py:1511} INFO - Exporting the following env vars:
AIRFLOW_CTX_DAG_OWNER=rafzul
AIRFLOW_CTX_DAG_ID=ingestion-energydata
AIRFLOW_CTX_TASK_ID=extract_generation
AIRFLOW_CTX_EXECUTION_DATE=2021-01-01T00:00:00+00:00
AIRFLOW_CTX_TRY_NUMBER=1
AIRFLOW_CTX_DAG_RUN_ID=scheduled__2021-01-01T00:00:00+00:00
[2023-01-18T00:30:01.346+0000] {crypto.py:83} WARNING - empty cryptography key - values will not be stored encrypted.
[2023-01-18T00:30:01.346+0000] {base.py:73} INFO - Using connection ID 'google_cloud_default' for task execution.
[2023-01-18T00:30:01.648+0000] {python.py:177} INFO - Done. Returned value was: None
[2023-01-18T00:30:01.661+0000] {taskinstance.py:1322} INFO - Marking task as SUCCESS. dag_id=ingestion-energydata, task_id=extract_generation, execution_date=20210101T000000, start_date=20230118T002958, end_date=20230118T003001
[2023-01-18T00:30:01.719+0000] {local_task_job.py:159} INFO - Task exited with return code 0
[2023-01-18T00:30:01.735+0000] {taskinstance.py:2582} INFO - 0 downstream tasks scheduled from follow-on schedule check
[2023-01-18T00:34:00.850+0000] {taskinstance.py:1087} INFO - Dependencies all met for <TaskInstance: ingestion-energydata.extract_generation scheduled__2021-01-01T00:00:00+00:00 [queued]>
[2023-01-18T00:34:00.861+0000] {taskinstance.py:1087} INFO - Dependencies all met for <TaskInstance: ingestion-energydata.extract_generation scheduled__2021-01-01T00:00:00+00:00 [queued]>
[2023-01-18T00:34:00.861+0000] {taskinstance.py:1283} INFO - 
--------------------------------------------------------------------------------
[2023-01-18T00:34:00.862+0000] {taskinstance.py:1284} INFO - Starting attempt 1 of 4
[2023-01-18T00:34:00.862+0000] {taskinstance.py:1285} INFO - 
--------------------------------------------------------------------------------
[2023-01-18T00:34:00.873+0000] {taskinstance.py:1304} INFO - Executing <Task(PythonOperator): extract_generation> on 2021-01-01 00:00:00+00:00
[2023-01-18T00:34:00.882+0000] {standard_task_runner.py:55} INFO - Started process 10398 to run task
[2023-01-18T00:34:00.886+0000] {standard_task_runner.py:82} INFO - Running: ['***', 'tasks', 'run', 'ingestion-energydata', 'extract_generation', 'scheduled__2021-01-01T00:00:00+00:00', '--job-id', '40', '--raw', '--subdir', 'DAGS_FOLDER/ingestion_energydata_dag.py', '--cfg-path', '/tmp/tmp7iflshk5']
[2023-01-18T00:34:00.889+0000] {standard_task_runner.py:83} INFO - Job 40: Subtask extract_generation
[2023-01-18T00:34:00.955+0000] {task_command.py:389} INFO - Running <TaskInstance: ingestion-energydata.extract_generation scheduled__2021-01-01T00:00:00+00:00 [running]> on host 60e8e9877e7a
[2023-01-18T00:34:01.027+0000] {taskinstance.py:1511} INFO - Exporting the following env vars:
AIRFLOW_CTX_DAG_OWNER=rafzul
AIRFLOW_CTX_DAG_ID=ingestion-energydata
AIRFLOW_CTX_TASK_ID=extract_generation
AIRFLOW_CTX_EXECUTION_DATE=2021-01-01T00:00:00+00:00
AIRFLOW_CTX_TRY_NUMBER=1
AIRFLOW_CTX_DAG_RUN_ID=scheduled__2021-01-01T00:00:00+00:00
[2023-01-18T00:34:02.545+0000] {crypto.py:83} WARNING - empty cryptography key - values will not be stored encrypted.
[2023-01-18T00:34:02.545+0000] {base.py:73} INFO - Using connection ID 'google_cloud_default' for task execution.
[2023-01-18T00:34:02.835+0000] {python.py:177} INFO - Done. Returned value was: None
[2023-01-18T00:34:02.846+0000] {taskinstance.py:1322} INFO - Marking task as SUCCESS. dag_id=ingestion-energydata, task_id=extract_generation, execution_date=20210101T000000, start_date=20230118T003400, end_date=20230118T003402
[2023-01-18T00:34:02.870+0000] {local_task_job.py:159} INFO - Task exited with return code 0
[2023-01-18T00:34:02.885+0000] {taskinstance.py:2582} INFO - 0 downstream tasks scheduled from follow-on schedule check
