[2023-01-17T18:29:48.251+0000] {taskinstance.py:1087} INFO - Dependencies all met for <TaskInstance: ingestion-energydata.extract_generation scheduled__2021-01-01T03:00:00+00:00 [queued]>
[2023-01-17T18:29:48.268+0000] {taskinstance.py:1087} INFO - Dependencies all met for <TaskInstance: ingestion-energydata.extract_generation scheduled__2021-01-01T03:00:00+00:00 [queued]>
[2023-01-17T18:29:48.269+0000] {taskinstance.py:1283} INFO - 
--------------------------------------------------------------------------------
[2023-01-17T18:29:48.269+0000] {taskinstance.py:1284} INFO - Starting attempt 2 of 5
[2023-01-17T18:29:48.269+0000] {taskinstance.py:1285} INFO - 
--------------------------------------------------------------------------------
[2023-01-17T18:29:48.290+0000] {taskinstance.py:1304} INFO - Executing <Task(PythonOperator): extract_generation> on 2021-01-01 03:00:00+00:00
[2023-01-17T18:29:48.300+0000] {standard_task_runner.py:55} INFO - Started process 7845 to run task
[2023-01-17T18:29:48.305+0000] {standard_task_runner.py:82} INFO - Running: ['***', 'tasks', 'run', 'ingestion-energydata', 'extract_generation', 'scheduled__2021-01-01T03:00:00+00:00', '--job-id', '28', '--raw', '--subdir', 'DAGS_FOLDER/ingestion_energydata_dag.py', '--cfg-path', '/tmp/tmppz_8dxop']
[2023-01-17T18:29:48.309+0000] {standard_task_runner.py:83} INFO - Job 28: Subtask extract_generation
[2023-01-17T18:29:48.402+0000] {task_command.py:389} INFO - Running <TaskInstance: ingestion-energydata.extract_generation scheduled__2021-01-01T03:00:00+00:00 [running]> on host 60e8e9877e7a
[2023-01-17T18:29:48.515+0000] {taskinstance.py:1511} INFO - Exporting the following env vars:
AIRFLOW_CTX_DAG_OWNER=rafzul
AIRFLOW_CTX_DAG_ID=ingestion-energydata
AIRFLOW_CTX_TASK_ID=extract_generation
AIRFLOW_CTX_EXECUTION_DATE=2021-01-01T03:00:00+00:00
AIRFLOW_CTX_TRY_NUMBER=2
AIRFLOW_CTX_DAG_RUN_ID=scheduled__2021-01-01T03:00:00+00:00
[2023-01-17T18:29:49.767+0000] {crypto.py:83} WARNING - empty cryptography key - values will not be stored encrypted.
[2023-01-17T18:29:49.768+0000] {base.py:73} INFO - Using connection ID 'google_cloud_default' for task execution.
[2023-01-17T18:29:50.068+0000] {python.py:177} INFO - Done. Returned value was: None
[2023-01-17T18:29:50.081+0000] {taskinstance.py:1322} INFO - Marking task as SUCCESS. dag_id=ingestion-energydata, task_id=extract_generation, execution_date=20210101T030000, start_date=20230117T182948, end_date=20230117T182950
[2023-01-17T18:29:50.127+0000] {local_task_job.py:159} INFO - Task exited with return code 0
[2023-01-17T18:29:50.152+0000] {taskinstance.py:2582} INFO - 0 downstream tasks scheduled from follow-on schedule check
