[2023-01-17T16:50:13.309+0000] {taskinstance.py:1087} INFO - Dependencies all met for <TaskInstance: ingestion-energydata.extract_generation scheduled__2021-01-01T03:00:00+00:00 [queued]>
[2023-01-17T16:50:13.424+0000] {taskinstance.py:1087} INFO - Dependencies all met for <TaskInstance: ingestion-energydata.extract_generation scheduled__2021-01-01T03:00:00+00:00 [queued]>
[2023-01-17T16:50:13.425+0000] {taskinstance.py:1283} INFO - 
--------------------------------------------------------------------------------
[2023-01-17T16:50:13.425+0000] {taskinstance.py:1284} INFO - Starting attempt 1 of 4
[2023-01-17T16:50:13.426+0000] {taskinstance.py:1285} INFO - 
--------------------------------------------------------------------------------
[2023-01-17T16:50:13.481+0000] {taskinstance.py:1304} INFO - Executing <Task(PythonOperator): extract_generation> on 2021-01-01 03:00:00+00:00
[2023-01-17T16:50:13.548+0000] {standard_task_runner.py:55} INFO - Started process 1391 to run task
[2023-01-17T16:50:13.629+0000] {standard_task_runner.py:82} INFO - Running: ['***', 'tasks', 'run', 'ingestion-energydata', 'extract_generation', 'scheduled__2021-01-01T03:00:00+00:00', '--job-id', '18', '--raw', '--subdir', 'DAGS_FOLDER/ingestion_energydata_dag.py', '--cfg-path', '/tmp/tmpuiijq_xl']
[2023-01-17T16:50:13.656+0000] {standard_task_runner.py:83} INFO - Job 18: Subtask extract_generation
[2023-01-17T16:50:14.761+0000] {task_command.py:389} INFO - Running <TaskInstance: ingestion-energydata.extract_generation scheduled__2021-01-01T03:00:00+00:00 [running]> on host 60e8e9877e7a
[2023-01-17T16:50:15.285+0000] {taskinstance.py:1511} INFO - Exporting the following env vars:
AIRFLOW_CTX_DAG_OWNER=rafzul
AIRFLOW_CTX_DAG_ID=ingestion-energydata
AIRFLOW_CTX_TASK_ID=extract_generation
AIRFLOW_CTX_EXECUTION_DATE=2021-01-01T03:00:00+00:00
AIRFLOW_CTX_TRY_NUMBER=1
AIRFLOW_CTX_DAG_RUN_ID=scheduled__2021-01-01T03:00:00+00:00
[2023-01-17T16:50:17.383+0000] {crypto.py:83} WARNING - empty cryptography key - values will not be stored encrypted.
[2023-01-17T16:50:17.384+0000] {base.py:73} INFO - Using connection ID 'google_cloud_default' for task execution.
[2023-01-17T16:50:17.825+0000] {python.py:177} INFO - Done. Returned value was: None
[2023-01-17T16:50:17.851+0000] {taskinstance.py:1322} INFO - Marking task as SUCCESS. dag_id=ingestion-energydata, task_id=extract_generation, execution_date=20210101T030000, start_date=20230117T165013, end_date=20230117T165017
[2023-01-17T16:50:17.928+0000] {local_task_job.py:159} INFO - Task exited with return code 0
[2023-01-17T16:50:17.976+0000] {taskinstance.py:2582} INFO - 0 downstream tasks scheduled from follow-on schedule check
[2023-01-17T19:02:43.338+0000] {taskinstance.py:1087} INFO - Dependencies all met for <TaskInstance: ingestion-energydata.extract_generation scheduled__2021-01-01T03:00:00+00:00 [queued]>
[2023-01-17T19:02:43.463+0000] {taskinstance.py:1087} INFO - Dependencies all met for <TaskInstance: ingestion-energydata.extract_generation scheduled__2021-01-01T03:00:00+00:00 [queued]>
[2023-01-17T19:02:43.463+0000] {taskinstance.py:1283} INFO - 
--------------------------------------------------------------------------------
[2023-01-17T19:02:43.463+0000] {taskinstance.py:1284} INFO - Starting attempt 1 of 4
[2023-01-17T19:02:43.463+0000] {taskinstance.py:1285} INFO - 
--------------------------------------------------------------------------------
[2023-01-17T19:02:43.524+0000] {taskinstance.py:1304} INFO - Executing <Task(PythonOperator): extract_generation> on 2021-01-01 03:00:00+00:00
[2023-01-17T19:02:43.568+0000] {standard_task_runner.py:55} INFO - Started process 9567 to run task
[2023-01-17T19:02:43.640+0000] {standard_task_runner.py:82} INFO - Running: ['***', 'tasks', 'run', 'ingestion-energydata', 'extract_generation', 'scheduled__2021-01-01T03:00:00+00:00', '--job-id', '31', '--raw', '--subdir', 'DAGS_FOLDER/ingestion_energydata_dag.py', '--cfg-path', '/tmp/tmpn5ncrt3e']
[2023-01-17T19:02:43.690+0000] {standard_task_runner.py:83} INFO - Job 31: Subtask extract_generation
[2023-01-17T19:02:43.921+0000] {task_command.py:389} INFO - Running <TaskInstance: ingestion-energydata.extract_generation scheduled__2021-01-01T03:00:00+00:00 [running]> on host 60e8e9877e7a
[2023-01-17T19:02:44.120+0000] {taskinstance.py:1511} INFO - Exporting the following env vars:
AIRFLOW_CTX_DAG_OWNER=rafzul
AIRFLOW_CTX_DAG_ID=ingestion-energydata
AIRFLOW_CTX_TASK_ID=extract_generation
AIRFLOW_CTX_EXECUTION_DATE=2021-01-01T03:00:00+00:00
AIRFLOW_CTX_TRY_NUMBER=1
AIRFLOW_CTX_DAG_RUN_ID=scheduled__2021-01-01T03:00:00+00:00
[2023-01-17T19:02:45.663+0000] {crypto.py:83} WARNING - empty cryptography key - values will not be stored encrypted.
[2023-01-17T19:02:45.663+0000] {base.py:73} INFO - Using connection ID 'google_cloud_default' for task execution.
[2023-01-17T19:02:45.988+0000] {python.py:177} INFO - Done. Returned value was: None
[2023-01-17T19:02:46.009+0000] {taskinstance.py:1322} INFO - Marking task as SUCCESS. dag_id=ingestion-energydata, task_id=extract_generation, execution_date=20210101T030000, start_date=20230117T190243, end_date=20230117T190246
[2023-01-17T19:02:46.089+0000] {local_task_job.py:159} INFO - Task exited with return code 0
[2023-01-17T19:02:46.127+0000] {taskinstance.py:2582} INFO - 0 downstream tasks scheduled from follow-on schedule check
