[2023-01-30T10:54:22.837+0000] {taskinstance.py:1087} INFO - Dependencies all met for <TaskInstance: entsoe-energydata.extract_generation scheduled__2021-01-01T05:00:00+00:00 [queued]>
[2023-01-30T10:54:22.892+0000] {taskinstance.py:1087} INFO - Dependencies all met for <TaskInstance: entsoe-energydata.extract_generation scheduled__2021-01-01T05:00:00+00:00 [queued]>
[2023-01-30T10:54:22.893+0000] {taskinstance.py:1283} INFO - 
--------------------------------------------------------------------------------
[2023-01-30T10:54:22.894+0000] {taskinstance.py:1284} INFO - Starting attempt 1 of 4
[2023-01-30T10:54:22.894+0000] {taskinstance.py:1285} INFO - 
--------------------------------------------------------------------------------
[2023-01-30T10:54:23.076+0000] {taskinstance.py:1304} INFO - Executing <Task(PythonOperator): extract_generation> on 2021-01-01 05:00:00+00:00
[2023-01-30T10:54:23.156+0000] {standard_task_runner.py:55} INFO - Started process 184 to run task
[2023-01-30T10:54:23.191+0000] {standard_task_runner.py:82} INFO - Running: ['***', 'tasks', 'run', 'entsoe-energydata', 'extract_generation', 'scheduled__2021-01-01T05:00:00+00:00', '--job-id', '526', '--raw', '--subdir', 'DAGS_FOLDER/ingestion_energydata_dag.py', '--cfg-path', '/tmp/tmp48confd3']
[2023-01-30T10:54:23.206+0000] {standard_task_runner.py:83} INFO - Job 526: Subtask extract_generation
[2023-01-30T10:54:23.697+0000] {task_command.py:389} INFO - Running <TaskInstance: entsoe-energydata.extract_generation scheduled__2021-01-01T05:00:00+00:00 [running]> on host 5b6f5d29e531
[2023-01-30T10:54:24.112+0000] {taskinstance.py:1511} INFO - Exporting the following env vars:
AIRFLOW_CTX_DAG_OWNER=rafzul
AIRFLOW_CTX_DAG_ID=entsoe-energydata
AIRFLOW_CTX_TASK_ID=extract_generation
AIRFLOW_CTX_EXECUTION_DATE=2021-01-01T05:00:00+00:00
AIRFLOW_CTX_TRY_NUMBER=1
AIRFLOW_CTX_DAG_RUN_ID=scheduled__2021-01-01T05:00:00+00:00
[2023-01-30T10:54:25.653+0000] {crypto.py:83} WARNING - empty cryptography key - values will not be stored encrypted.
[2023-01-30T10:54:25.654+0000] {base.py:73} INFO - Using connection ID 'google_cloud_default' for task execution.
[2023-01-30T10:54:26.346+0000] {python.py:177} INFO - Done. Returned value was: None
[2023-01-30T10:54:26.392+0000] {taskinstance.py:1322} INFO - Marking task as SUCCESS. dag_id=entsoe-energydata, task_id=extract_generation, execution_date=20210101T050000, start_date=20230130T105422, end_date=20230130T105426
[2023-01-30T10:54:26.567+0000] {local_task_job.py:159} INFO - Task exited with return code 0
[2023-01-30T10:57:16.497+0000] {taskinstance.py:1087} INFO - Dependencies all met for <TaskInstance: entsoe-energydata.extract_generation scheduled__2021-01-01T05:00:00+00:00 [queued]>
[2023-01-30T10:57:16.573+0000] {taskinstance.py:1087} INFO - Dependencies all met for <TaskInstance: entsoe-energydata.extract_generation scheduled__2021-01-01T05:00:00+00:00 [queued]>
[2023-01-30T10:57:16.573+0000] {taskinstance.py:1283} INFO - 
--------------------------------------------------------------------------------
[2023-01-30T10:57:16.574+0000] {taskinstance.py:1284} INFO - Starting attempt 1 of 4
[2023-01-30T10:57:16.574+0000] {taskinstance.py:1285} INFO - 
--------------------------------------------------------------------------------
[2023-01-30T10:57:16.669+0000] {taskinstance.py:1304} INFO - Executing <Task(PythonOperator): extract_generation> on 2021-01-01 05:00:00+00:00
[2023-01-30T10:57:16.753+0000] {standard_task_runner.py:55} INFO - Started process 386 to run task
[2023-01-30T10:57:16.790+0000] {standard_task_runner.py:82} INFO - Running: ['***', 'tasks', 'run', 'entsoe-energydata', 'extract_generation', 'scheduled__2021-01-01T05:00:00+00:00', '--job-id', '536', '--raw', '--subdir', 'DAGS_FOLDER/ingestion_energydata_dag.py', '--cfg-path', '/tmp/tmpv8t69rjn']
[2023-01-30T10:57:16.807+0000] {standard_task_runner.py:83} INFO - Job 536: Subtask extract_generation
[2023-01-30T10:57:17.208+0000] {task_command.py:389} INFO - Running <TaskInstance: entsoe-energydata.extract_generation scheduled__2021-01-01T05:00:00+00:00 [running]> on host 5b6f5d29e531
[2023-01-30T10:57:17.598+0000] {taskinstance.py:1511} INFO - Exporting the following env vars:
AIRFLOW_CTX_DAG_OWNER=rafzul
AIRFLOW_CTX_DAG_ID=entsoe-energydata
AIRFLOW_CTX_TASK_ID=extract_generation
AIRFLOW_CTX_EXECUTION_DATE=2021-01-01T05:00:00+00:00
AIRFLOW_CTX_TRY_NUMBER=1
AIRFLOW_CTX_DAG_RUN_ID=scheduled__2021-01-01T05:00:00+00:00
[2023-01-30T10:57:19.151+0000] {crypto.py:83} WARNING - empty cryptography key - values will not be stored encrypted.
[2023-01-30T10:57:19.152+0000] {base.py:73} INFO - Using connection ID 'google_cloud_default' for task execution.
[2023-01-30T10:57:19.531+0000] {python.py:177} INFO - Done. Returned value was: None
[2023-01-30T10:57:19.558+0000] {taskinstance.py:1322} INFO - Marking task as SUCCESS. dag_id=entsoe-energydata, task_id=extract_generation, execution_date=20210101T050000, start_date=20230130T105716, end_date=20230130T105719
[2023-01-30T10:57:19.662+0000] {local_task_job.py:159} INFO - Task exited with return code 0
[2023-01-30T10:57:19.727+0000] {taskinstance.py:2582} INFO - 1 downstream tasks scheduled from follow-on schedule check
