[2023-01-30T10:54:40.794+0000] {taskinstance.py:1087} INFO - Dependencies all met for <TaskInstance: entsoe-energydata.stage_total_generation scheduled__2021-01-01T03:00:00+00:00 [queued]>
[2023-01-30T10:54:40.890+0000] {taskinstance.py:1087} INFO - Dependencies all met for <TaskInstance: entsoe-energydata.stage_total_generation scheduled__2021-01-01T03:00:00+00:00 [queued]>
[2023-01-30T10:54:40.891+0000] {taskinstance.py:1283} INFO - 
--------------------------------------------------------------------------------
[2023-01-30T10:54:40.892+0000] {taskinstance.py:1284} INFO - Starting attempt 1 of 4
[2023-01-30T10:54:40.892+0000] {taskinstance.py:1285} INFO - 
--------------------------------------------------------------------------------
[2023-01-30T10:54:41.165+0000] {taskinstance.py:1304} INFO - Executing <Task(SparkSubmitOperator): stage_total_generation> on 2021-01-01 03:00:00+00:00
[2023-01-30T10:54:41.335+0000] {standard_task_runner.py:55} INFO - Started process 219 to run task
[2023-01-30T10:54:41.410+0000] {standard_task_runner.py:82} INFO - Running: ['***', 'tasks', 'run', 'entsoe-energydata', 'stage_total_generation', 'scheduled__2021-01-01T03:00:00+00:00', '--job-id', '531', '--raw', '--subdir', 'DAGS_FOLDER/ingestion_energydata_dag.py', '--cfg-path', '/tmp/tmpitsmu2ki']
[2023-01-30T10:54:41.453+0000] {standard_task_runner.py:83} INFO - Job 531: Subtask stage_total_generation
[2023-01-30T10:54:42.161+0000] {task_command.py:389} INFO - Running <TaskInstance: entsoe-energydata.stage_total_generation scheduled__2021-01-01T03:00:00+00:00 [running]> on host 5b6f5d29e531
[2023-01-30T10:54:43.040+0000] {taskinstance.py:1511} INFO - Exporting the following env vars:
AIRFLOW_CTX_DAG_OWNER=rafzul
AIRFLOW_CTX_DAG_ID=entsoe-energydata
AIRFLOW_CTX_TASK_ID=stage_total_generation
AIRFLOW_CTX_EXECUTION_DATE=2021-01-01T03:00:00+00:00
AIRFLOW_CTX_TRY_NUMBER=1
AIRFLOW_CTX_DAG_RUN_ID=scheduled__2021-01-01T03:00:00+00:00
[2023-01-30T10:54:43.124+0000] {base.py:73} INFO - Using connection ID 'spark_local' for task execution.
[2023-01-30T10:54:43.126+0000] {taskinstance.py:1772} ERROR - Task failed with exception
Traceback (most recent call last):
  File "/home/airflow/.local/lib/python3.10/site-packages/airflow/providers/apache/spark/operators/spark_submit.py", line 157, in execute
    self._hook.submit(self._application)
  File "/home/airflow/.local/lib/python3.10/site-packages/airflow/providers/apache/spark/hooks/spark_submit.py", line 398, in submit
    spark_submit_cmd = self._build_spark_submit_command(application)
  File "/home/airflow/.local/lib/python3.10/site-packages/airflow/providers/apache/spark/hooks/spark_submit.py", line 344, in _build_spark_submit_command
    self.log.info("Spark-Submit cmd: %s", self._mask_cmd(connection_cmd))
  File "/home/airflow/.local/lib/python3.10/site-packages/airflow/providers/apache/spark/hooks/spark_submit.py", line 256, in _mask_cmd
    " ".join(connection_cmd),
TypeError: sequence item 5: expected str instance, module found
[2023-01-30T10:54:43.197+0000] {taskinstance.py:1322} INFO - Marking task as UP_FOR_RETRY. dag_id=entsoe-energydata, task_id=stage_total_generation, execution_date=20210101T030000, start_date=20230130T105440, end_date=20230130T105443
[2023-01-30T10:54:43.296+0000] {standard_task_runner.py:100} ERROR - Failed to execute job 531 for task stage_total_generation (sequence item 5: expected str instance, module found; 219)
[2023-01-30T10:54:43.357+0000] {local_task_job.py:159} INFO - Task exited with return code 1
[2023-01-30T10:54:43.456+0000] {taskinstance.py:2582} INFO - 0 downstream tasks scheduled from follow-on schedule check
[2023-01-30T10:57:28.938+0000] {taskinstance.py:1087} INFO - Dependencies all met for <TaskInstance: entsoe-energydata.stage_total_generation scheduled__2021-01-01T03:00:00+00:00 [queued]>
[2023-01-30T10:57:28.982+0000] {taskinstance.py:1087} INFO - Dependencies all met for <TaskInstance: entsoe-energydata.stage_total_generation scheduled__2021-01-01T03:00:00+00:00 [queued]>
[2023-01-30T10:57:28.983+0000] {taskinstance.py:1283} INFO - 
--------------------------------------------------------------------------------
[2023-01-30T10:57:28.983+0000] {taskinstance.py:1284} INFO - Starting attempt 1 of 4
[2023-01-30T10:57:28.984+0000] {taskinstance.py:1285} INFO - 
--------------------------------------------------------------------------------
[2023-01-30T10:57:29.048+0000] {taskinstance.py:1304} INFO - Executing <Task(SparkSubmitOperator): stage_total_generation> on 2021-01-01 03:00:00+00:00
[2023-01-30T10:57:29.075+0000] {standard_task_runner.py:55} INFO - Started process 509 to run task
[2023-01-30T10:57:29.113+0000] {standard_task_runner.py:82} INFO - Running: ['***', 'tasks', 'run', 'entsoe-energydata', 'stage_total_generation', 'scheduled__2021-01-01T03:00:00+00:00', '--job-id', '546', '--raw', '--subdir', 'DAGS_FOLDER/ingestion_energydata_dag.py', '--cfg-path', '/tmp/tmpz_boena3']
[2023-01-30T10:57:29.130+0000] {standard_task_runner.py:83} INFO - Job 546: Subtask stage_total_generation
[2023-01-30T10:57:29.446+0000] {task_command.py:389} INFO - Running <TaskInstance: entsoe-energydata.stage_total_generation scheduled__2021-01-01T03:00:00+00:00 [running]> on host 5b6f5d29e531
[2023-01-30T10:57:29.745+0000] {taskinstance.py:1511} INFO - Exporting the following env vars:
AIRFLOW_CTX_DAG_OWNER=rafzul
AIRFLOW_CTX_DAG_ID=entsoe-energydata
AIRFLOW_CTX_TASK_ID=stage_total_generation
AIRFLOW_CTX_EXECUTION_DATE=2021-01-01T03:00:00+00:00
AIRFLOW_CTX_TRY_NUMBER=1
AIRFLOW_CTX_DAG_RUN_ID=scheduled__2021-01-01T03:00:00+00:00
[2023-01-30T10:57:29.801+0000] {base.py:73} INFO - Using connection ID 'spark_local' for task execution.
[2023-01-30T10:57:29.815+0000] {spark_submit.py:344} INFO - Spark-Submit cmd: spark-submit --master local --name arrow-spark /opt/***/plugins/scripts/transform_raw_staging.py total_generation 202101010300 202101010400 DE_TENNET
[2023-01-30T10:58:06.742+0000] {spark_submit.py:495} INFO - 23/01/30 10:58:06 INFO SparkContext: Running Spark version 3.3.1
[2023-01-30T10:58:06.977+0000] {spark_submit.py:495} INFO - 23/01/30 10:58:06 WARN NativeCodeLoader: Unable to load native-hadoop library for your platform... using builtin-java classes where applicable
[2023-01-30T10:58:07.533+0000] {spark_submit.py:495} INFO - 23/01/30 10:58:07 INFO ResourceUtils: ==============================================================
[2023-01-30T10:58:07.535+0000] {spark_submit.py:495} INFO - 23/01/30 10:58:07 INFO ResourceUtils: No custom resources configured for spark.driver.
[2023-01-30T10:58:07.540+0000] {spark_submit.py:495} INFO - 23/01/30 10:58:07 INFO ResourceUtils: ==============================================================
[2023-01-30T10:58:07.543+0000] {spark_submit.py:495} INFO - 23/01/30 10:58:07 INFO SparkContext: Submitted application: gcp_playground
[2023-01-30T10:58:07.760+0000] {spark_submit.py:495} INFO - 23/01/30 10:58:07 INFO ResourceProfile: Default ResourceProfile created, executor resources: Map(cores -> name: cores, amount: 1, script: , vendor: , memory -> name: memory, amount: 1024, script: , vendor: , offHeap -> name: offHeap, amount: 0, script: , vendor: ), task resources: Map(cpus -> name: cpus, amount: 1.0)
[2023-01-30T10:58:07.793+0000] {spark_submit.py:495} INFO - 23/01/30 10:58:07 INFO ResourceProfile: Limiting resource is cpu
[2023-01-30T10:58:07.799+0000] {spark_submit.py:495} INFO - 23/01/30 10:58:07 INFO ResourceProfileManager: Added ResourceProfile id: 0
[2023-01-30T10:58:08.320+0000] {spark_submit.py:495} INFO - 23/01/30 10:58:08 INFO SecurityManager: Changing view acls to: ***
[2023-01-30T10:58:08.325+0000] {spark_submit.py:495} INFO - 23/01/30 10:58:08 INFO SecurityManager: Changing modify acls to: ***
[2023-01-30T10:58:08.330+0000] {spark_submit.py:495} INFO - 23/01/30 10:58:08 INFO SecurityManager: Changing view acls groups to:
[2023-01-30T10:58:08.342+0000] {spark_submit.py:495} INFO - 23/01/30 10:58:08 INFO SecurityManager: Changing modify acls groups to:
[2023-01-30T10:58:08.351+0000] {spark_submit.py:495} INFO - 23/01/30 10:58:08 INFO SecurityManager: SecurityManager: authentication disabled; ui acls disabled; users  with view permissions: Set(***); groups with view permissions: Set(); users  with modify permissions: Set(***); groups with modify permissions: Set()
[2023-01-30T10:58:11.180+0000] {spark_submit.py:495} INFO - 23/01/30 10:58:11 INFO Utils: Successfully started service 'sparkDriver' on port 38913.
[2023-01-30T10:58:11.647+0000] {spark_submit.py:495} INFO - 23/01/30 10:58:11 INFO SparkEnv: Registering MapOutputTracker
[2023-01-30T10:58:11.941+0000] {spark_submit.py:495} INFO - 23/01/30 10:58:11 INFO SparkEnv: Registering BlockManagerMaster
[2023-01-30T10:58:12.067+0000] {spark_submit.py:495} INFO - 23/01/30 10:58:12 INFO BlockManagerMasterEndpoint: Using org.apache.spark.storage.DefaultTopologyMapper for getting topology information
[2023-01-30T10:58:12.069+0000] {spark_submit.py:495} INFO - 23/01/30 10:58:12 INFO BlockManagerMasterEndpoint: BlockManagerMasterEndpoint up
[2023-01-30T10:58:12.115+0000] {spark_submit.py:495} INFO - 23/01/30 10:58:12 INFO SparkEnv: Registering BlockManagerMasterHeartbeat
[2023-01-30T10:58:12.311+0000] {spark_submit.py:495} INFO - 23/01/30 10:58:12 INFO DiskBlockManager: Created local directory at /tmp/blockmgr-ecd1e645-6fb8-4f3a-a509-752ec5ab6813
[2023-01-30T10:58:12.340+0000] {spark_submit.py:495} INFO - 23/01/30 10:58:12 INFO MemoryStore: MemoryStore started with capacity 434.4 MiB
[2023-01-30T10:58:12.566+0000] {spark_submit.py:495} INFO - 23/01/30 10:58:12 INFO SparkEnv: Registering OutputCommitCoordinator
[2023-01-30T10:58:14.936+0000] {spark_submit.py:495} INFO - 23/01/30 10:58:14 WARN Utils: Service 'SparkUI' could not bind on port 4040. Attempting port 4041.
[2023-01-30T10:58:14.939+0000] {spark_submit.py:495} INFO - 23/01/30 10:58:14 WARN Utils: Service 'SparkUI' could not bind on port 4041. Attempting port 4042.
[2023-01-30T10:58:14.941+0000] {spark_submit.py:495} INFO - 23/01/30 10:58:14 WARN Utils: Service 'SparkUI' could not bind on port 4042. Attempting port 4043.
[2023-01-30T10:58:14.943+0000] {spark_submit.py:495} INFO - 23/01/30 10:58:14 WARN Utils: Service 'SparkUI' could not bind on port 4043. Attempting port 4044.
[2023-01-30T10:58:15.035+0000] {spark_submit.py:495} INFO - 23/01/30 10:58:15 INFO Utils: Successfully started service 'SparkUI' on port 4044.
[2023-01-30T10:58:15.557+0000] {spark_submit.py:495} INFO - 23/01/30 10:58:15 INFO SparkContext: Added JAR /opt/spark/jars/gcs-connector-hadoop3-latest.jar at spark://5b6f5d29e531:38913/jars/gcs-connector-hadoop3-latest.jar with timestamp 1675076286720
[2023-01-30T10:58:15.564+0000] {spark_submit.py:495} INFO - 23/01/30 10:58:15 INFO SparkContext: Added JAR /opt/spark/jars/spark-bigquery-with-dependencies_2.13-0.27.1.jar at spark://5b6f5d29e531:38913/jars/spark-bigquery-with-dependencies_2.13-0.27.1.jar with timestamp 1675076286720
[2023-01-30T10:58:16.663+0000] {spark_submit.py:495} INFO - 23/01/30 10:58:16 INFO Executor: Starting executor ID driver on host 5b6f5d29e531
[2023-01-30T10:58:16.944+0000] {spark_submit.py:495} INFO - 23/01/30 10:58:16 INFO Executor: Starting executor with user classpath (userClassPathFirst = false): ''
[2023-01-30T10:58:17.323+0000] {spark_submit.py:495} INFO - 23/01/30 10:58:17 INFO Executor: Fetching spark://5b6f5d29e531:38913/jars/spark-bigquery-with-dependencies_2.13-0.27.1.jar with timestamp 1675076286720
[2023-01-30T10:58:18.177+0000] {spark_submit.py:495} INFO - 23/01/30 10:58:18 INFO TransportClientFactory: Successfully created connection to 5b6f5d29e531/172.21.0.7:38913 after 349 ms (0 ms spent in bootstraps)
[2023-01-30T10:58:18.239+0000] {spark_submit.py:495} INFO - 23/01/30 10:58:18 INFO Utils: Fetching spark://5b6f5d29e531:38913/jars/spark-bigquery-with-dependencies_2.13-0.27.1.jar to /tmp/spark-1ae98075-3646-4255-81b6-9343c9c3f3e3/userFiles-2796f0de-45c7-4338-b6c4-f07b10f3fcc9/fetchFileTemp17424689612138048691.tmp
[2023-01-30T10:58:20.825+0000] {spark_submit.py:495} INFO - 23/01/30 10:58:20 INFO Executor: Adding file:/tmp/spark-1ae98075-3646-4255-81b6-9343c9c3f3e3/userFiles-2796f0de-45c7-4338-b6c4-f07b10f3fcc9/spark-bigquery-with-dependencies_2.13-0.27.1.jar to class loader
[2023-01-30T10:58:20.838+0000] {spark_submit.py:495} INFO - 23/01/30 10:58:20 INFO Executor: Fetching spark://5b6f5d29e531:38913/jars/gcs-connector-hadoop3-latest.jar with timestamp 1675076286720
[2023-01-30T10:58:20.857+0000] {spark_submit.py:495} INFO - 23/01/30 10:58:20 INFO Utils: Fetching spark://5b6f5d29e531:38913/jars/gcs-connector-hadoop3-latest.jar to /tmp/spark-1ae98075-3646-4255-81b6-9343c9c3f3e3/userFiles-2796f0de-45c7-4338-b6c4-f07b10f3fcc9/fetchFileTemp15496063456439663224.tmp
[2023-01-30T10:58:21.927+0000] {spark_submit.py:495} INFO - 23/01/30 10:58:21 INFO Executor: Adding file:/tmp/spark-1ae98075-3646-4255-81b6-9343c9c3f3e3/userFiles-2796f0de-45c7-4338-b6c4-f07b10f3fcc9/gcs-connector-hadoop3-latest.jar to class loader
[2023-01-30T10:58:21.995+0000] {spark_submit.py:495} INFO - 23/01/30 10:58:21 INFO Utils: Successfully started service 'org.apache.spark.network.netty.NettyBlockTransferService' on port 44873.
[2023-01-30T10:58:21.996+0000] {spark_submit.py:495} INFO - 23/01/30 10:58:21 INFO NettyBlockTransferService: Server created on 5b6f5d29e531:44873
[2023-01-30T10:58:22.008+0000] {spark_submit.py:495} INFO - 23/01/30 10:58:22 INFO BlockManager: Using org.apache.spark.storage.RandomBlockReplicationPolicy for block replication policy
[2023-01-30T10:58:22.045+0000] {spark_submit.py:495} INFO - 23/01/30 10:58:22 INFO BlockManagerMaster: Registering BlockManager BlockManagerId(driver, 5b6f5d29e531, 44873, None)
[2023-01-30T10:58:22.056+0000] {spark_submit.py:495} INFO - 23/01/30 10:58:22 INFO BlockManagerMasterEndpoint: Registering block manager 5b6f5d29e531:44873 with 434.4 MiB RAM, BlockManagerId(driver, 5b6f5d29e531, 44873, None)
[2023-01-30T10:58:22.074+0000] {spark_submit.py:495} INFO - 23/01/30 10:58:22 INFO BlockManagerMaster: Registered BlockManager BlockManagerId(driver, 5b6f5d29e531, 44873, None)
[2023-01-30T10:58:22.081+0000] {spark_submit.py:495} INFO - 23/01/30 10:58:22 INFO BlockManager: Initialized BlockManager: BlockManagerId(driver, 5b6f5d29e531, 44873, None)
[2023-01-30T10:58:28.503+0000] {spark_submit.py:495} INFO - 23/01/30 10:58:28 INFO SharedState: Setting hive.metastore.warehouse.dir ('null') to the value of spark.sql.warehouse.dir.
[2023-01-30T10:58:28.543+0000] {spark_submit.py:495} INFO - 23/01/30 10:58:28 INFO SharedState: Warehouse path is 'file:/opt/***/spark-warehouse'.
[2023-01-30T10:58:47.706+0000] {spark_submit.py:495} INFO - Traceback (most recent call last):
[2023-01-30T10:58:47.710+0000] {spark_submit.py:495} INFO - File "/opt/***/plugins/scripts/transform_raw_staging.py", line 233, in <module>
[2023-01-30T10:58:47.710+0000] {spark_submit.py:495} INFO - main(metrics_label=metrics_label, start=start, end=end, country_code=country_code)
[2023-01-30T10:58:47.711+0000] {spark_submit.py:495} INFO - File "/opt/***/plugins/scripts/transform_raw_staging.py", line 220, in main
[2023-01-30T10:58:47.711+0000] {spark_submit.py:495} INFO - run_method = method(metrics_label, start, end, country_code, **params)
[2023-01-30T10:58:47.713+0000] {spark_submit.py:495} INFO - File "/opt/***/plugins/scripts/transform_raw_staging.py", line 176, in transform_generation
[2023-01-30T10:58:47.717+0000] {spark_submit.py:495} INFO - full_df = self._base_timeseries(metrics_label, start, end, country_code)
[2023-01-30T10:58:47.723+0000] {spark_submit.py:495} INFO - File "/opt/***/plugins/scripts/transform_raw_staging.py", line 82, in _base_timeseries
[2023-01-30T10:58:47.726+0000] {spark_submit.py:495} INFO - raise e
[2023-01-30T10:58:47.727+0000] {spark_submit.py:495} INFO - File "/opt/***/plugins/scripts/transform_raw_staging.py", line 79, in _base_timeseries
[2023-01-30T10:58:47.727+0000] {spark_submit.py:495} INFO - .load(path)
[2023-01-30T10:58:47.732+0000] {spark_submit.py:495} INFO - File "/opt/spark/python/lib/pyspark.zip/pyspark/sql/readwriter.py", line 177, in load
[2023-01-30T10:58:47.736+0000] {spark_submit.py:495} INFO - File "/opt/spark/python/lib/py4j-0.10.9.5-src.zip/py4j/java_gateway.py", line 1321, in __call__
[2023-01-30T10:58:47.740+0000] {spark_submit.py:495} INFO - File "/opt/spark/python/lib/pyspark.zip/pyspark/sql/utils.py", line 196, in deco
[2023-01-30T10:58:47.750+0000] {spark_submit.py:495} INFO - pyspark.sql.utils.AnalysisException: Path does not exist: gs://entsoe_analytics_1009/TEST_total_generation__DE_TENNET__202101010300__202101010400.json
[2023-01-30T10:58:48.304+0000] {spark_submit.py:495} INFO - 23/01/30 10:58:48 INFO SparkContext: Invoking stop() from shutdown hook
[2023-01-30T10:58:48.460+0000] {spark_submit.py:495} INFO - 23/01/30 10:58:48 INFO SparkUI: Stopped Spark web UI at http://5b6f5d29e531:4044
[2023-01-30T10:58:48.577+0000] {spark_submit.py:495} INFO - 23/01/30 10:58:48 INFO MapOutputTrackerMasterEndpoint: MapOutputTrackerMasterEndpoint stopped!
[2023-01-30T10:58:48.666+0000] {spark_submit.py:495} INFO - 23/01/30 10:58:48 INFO MemoryStore: MemoryStore cleared
[2023-01-30T10:58:48.668+0000] {spark_submit.py:495} INFO - 23/01/30 10:58:48 INFO BlockManager: BlockManager stopped
[2023-01-30T10:58:48.803+0000] {spark_submit.py:495} INFO - 23/01/30 10:58:48 INFO BlockManagerMaster: BlockManagerMaster stopped
[2023-01-30T10:58:48.853+0000] {spark_submit.py:495} INFO - 23/01/30 10:58:48 INFO OutputCommitCoordinator$OutputCommitCoordinatorEndpoint: OutputCommitCoordinator stopped!
[2023-01-30T10:58:48.976+0000] {spark_submit.py:495} INFO - 23/01/30 10:58:48 INFO SparkContext: Successfully stopped SparkContext
[2023-01-30T10:58:48.977+0000] {spark_submit.py:495} INFO - 23/01/30 10:58:48 INFO ShutdownHookManager: Shutdown hook called
[2023-01-30T10:58:48.979+0000] {spark_submit.py:495} INFO - 23/01/30 10:58:48 INFO ShutdownHookManager: Deleting directory /tmp/spark-1ae98075-3646-4255-81b6-9343c9c3f3e3/pyspark-abe284b1-d020-4229-b707-050c55a94751
[2023-01-30T10:58:49.089+0000] {spark_submit.py:495} INFO - 23/01/30 10:58:49 INFO ShutdownHookManager: Deleting directory /tmp/spark-bba3ce9f-a844-43ec-bb30-abd10ddd4e73
[2023-01-30T10:58:49.224+0000] {spark_submit.py:495} INFO - 23/01/30 10:58:49 INFO ShutdownHookManager: Deleting directory /tmp/spark-1ae98075-3646-4255-81b6-9343c9c3f3e3
[2023-01-30T10:58:49.972+0000] {taskinstance.py:1772} ERROR - Task failed with exception
Traceback (most recent call last):
  File "/home/airflow/.local/lib/python3.10/site-packages/airflow/providers/apache/spark/operators/spark_submit.py", line 157, in execute
    self._hook.submit(self._application)
  File "/home/airflow/.local/lib/python3.10/site-packages/airflow/providers/apache/spark/hooks/spark_submit.py", line 426, in submit
    raise AirflowException(
airflow.exceptions.AirflowException: Cannot execute: spark-submit --master local --name arrow-spark /opt/***/plugins/scripts/transform_raw_staging.py total_generation 202101010300 202101010400 DE_TENNET. Error code is: 1.
[2023-01-30T10:58:50.007+0000] {taskinstance.py:1322} INFO - Marking task as UP_FOR_RETRY. dag_id=entsoe-energydata, task_id=stage_total_generation, execution_date=20210101T030000, start_date=20230130T105728, end_date=20230130T105850
[2023-01-30T10:58:50.057+0000] {standard_task_runner.py:100} ERROR - Failed to execute job 546 for task stage_total_generation (Cannot execute: spark-submit --master local --name arrow-spark /opt/***/plugins/scripts/transform_raw_staging.py total_generation 202101010300 202101010400 DE_TENNET. Error code is: 1.; 509)
[2023-01-30T10:58:50.127+0000] {local_task_job.py:159} INFO - Task exited with return code 1
[2023-01-30T10:58:50.182+0000] {taskinstance.py:2582} INFO - 0 downstream tasks scheduled from follow-on schedule check
