[2023-02-07T10:24:15.590+0000] {taskinstance.py:1087} INFO - Dependencies all met for <TaskInstance: entsoe-energydata-backfill.extract_generation scheduled__2021-01-01T06:00:00+00:00 [queued]>
[2023-02-07T10:24:15.614+0000] {taskinstance.py:1087} INFO - Dependencies all met for <TaskInstance: entsoe-energydata-backfill.extract_generation scheduled__2021-01-01T06:00:00+00:00 [queued]>
[2023-02-07T10:24:15.615+0000] {taskinstance.py:1283} INFO - 
--------------------------------------------------------------------------------
[2023-02-07T10:24:15.615+0000] {taskinstance.py:1284} INFO - Starting attempt 2 of 5
[2023-02-07T10:24:15.615+0000] {taskinstance.py:1285} INFO - 
--------------------------------------------------------------------------------
[2023-02-07T10:24:15.655+0000] {taskinstance.py:1304} INFO - Executing <Task(PythonOperator): extract_generation> on 2021-01-01 06:00:00+00:00
[2023-02-07T10:24:15.677+0000] {standard_task_runner.py:55} INFO - Started process 1765 to run task
[2023-02-07T10:24:15.687+0000] {standard_task_runner.py:82} INFO - Running: ['***', 'tasks', 'run', 'entsoe-energydata-backfill', 'extract_generation', 'scheduled__2021-01-01T06:00:00+00:00', '--job-id', '1096', '--raw', '--subdir', 'DAGS_FOLDER/ingestion_energydata_dag.py', '--cfg-path', '/tmp/tmpa8k9myqp']
[2023-02-07T10:24:15.696+0000] {standard_task_runner.py:83} INFO - Job 1096: Subtask extract_generation
[2023-02-07T10:24:15.924+0000] {task_command.py:389} INFO - Running <TaskInstance: entsoe-energydata-backfill.extract_generation scheduled__2021-01-01T06:00:00+00:00 [running]> on host 9a546498ac33
[2023-02-07T10:24:16.141+0000] {taskinstance.py:1511} INFO - Exporting the following env vars:
AIRFLOW_CTX_DAG_OWNER=rafzul
AIRFLOW_CTX_DAG_ID=entsoe-energydata-backfill
AIRFLOW_CTX_TASK_ID=extract_generation
AIRFLOW_CTX_EXECUTION_DATE=2021-01-01T06:00:00+00:00
AIRFLOW_CTX_TRY_NUMBER=2
AIRFLOW_CTX_DAG_RUN_ID=scheduled__2021-01-01T06:00:00+00:00
[2023-02-07T10:24:17.868+0000] {crypto.py:83} WARNING - empty cryptography key - values will not be stored encrypted.
[2023-02-07T10:24:17.869+0000] {base.py:73} INFO - Using connection ID 'google_cloud_default' for task execution.
[2023-02-07T10:24:18.274+0000] {python.py:177} INFO - Done. Returned value was: None
[2023-02-07T10:24:18.301+0000] {taskinstance.py:1322} INFO - Marking task as SUCCESS. dag_id=entsoe-energydata-backfill, task_id=extract_generation, execution_date=20210101T060000, start_date=20230207T102415, end_date=20230207T102418
[2023-02-07T10:24:18.403+0000] {local_task_job.py:159} INFO - Task exited with return code 0
[2023-02-07T10:24:18.462+0000] {taskinstance.py:2582} INFO - 1 downstream tasks scheduled from follow-on schedule check
