[2023-01-31T05:10:48.116+0000] {taskinstance.py:1087} INFO - Dependencies all met for <TaskInstance: entsoe-energydata-backfill.extract_generation scheduled__2021-01-01T06:00:00+00:00 [queued]>
[2023-01-31T05:10:48.164+0000] {taskinstance.py:1087} INFO - Dependencies all met for <TaskInstance: entsoe-energydata-backfill.extract_generation scheduled__2021-01-01T06:00:00+00:00 [queued]>
[2023-01-31T05:10:48.164+0000] {taskinstance.py:1283} INFO - 
--------------------------------------------------------------------------------
[2023-01-31T05:10:48.165+0000] {taskinstance.py:1284} INFO - Starting attempt 1 of 4
[2023-01-31T05:10:48.165+0000] {taskinstance.py:1285} INFO - 
--------------------------------------------------------------------------------
[2023-01-31T05:10:48.223+0000] {taskinstance.py:1304} INFO - Executing <Task(PythonOperator): extract_generation> on 2021-01-01 06:00:00+00:00
[2023-01-31T05:10:48.278+0000] {standard_task_runner.py:55} INFO - Started process 12231 to run task
[2023-01-31T05:10:48.297+0000] {standard_task_runner.py:82} INFO - Running: ['***', 'tasks', 'run', 'entsoe-energydata-backfill', 'extract_generation', 'scheduled__2021-01-01T06:00:00+00:00', '--job-id', '875', '--raw', '--subdir', 'DAGS_FOLDER/ingestion_energydata_dag.py', '--cfg-path', '/tmp/tmpvnm2bp_u']
[2023-01-31T05:10:48.309+0000] {standard_task_runner.py:83} INFO - Job 875: Subtask extract_generation
[2023-01-31T05:10:48.479+0000] {task_command.py:389} INFO - Running <TaskInstance: entsoe-energydata-backfill.extract_generation scheduled__2021-01-01T06:00:00+00:00 [running]> on host 81d5fcd0285b
[2023-01-31T05:10:48.692+0000] {taskinstance.py:1511} INFO - Exporting the following env vars:
AIRFLOW_CTX_DAG_OWNER=rafzul
AIRFLOW_CTX_DAG_ID=entsoe-energydata-backfill
AIRFLOW_CTX_TASK_ID=extract_generation
AIRFLOW_CTX_EXECUTION_DATE=2021-01-01T06:00:00+00:00
AIRFLOW_CTX_TRY_NUMBER=1
AIRFLOW_CTX_DAG_RUN_ID=scheduled__2021-01-01T06:00:00+00:00
[2023-01-31T05:10:51.920+0000] {crypto.py:83} WARNING - empty cryptography key - values will not be stored encrypted.
[2023-01-31T05:10:51.922+0000] {base.py:73} INFO - Using connection ID 'google_cloud_default' for task execution.
[2023-01-31T05:10:52.667+0000] {python.py:177} INFO - Done. Returned value was: None
[2023-01-31T05:10:52.934+0000] {taskinstance.py:1322} INFO - Marking task as SUCCESS. dag_id=entsoe-energydata-backfill, task_id=extract_generation, execution_date=20210101T060000, start_date=20230131T051048, end_date=20230131T051052
[2023-01-31T05:10:53.572+0000] {local_task_job.py:159} INFO - Task exited with return code 0
[2023-01-31T05:10:53.718+0000] {taskinstance.py:2582} INFO - 0 downstream tasks scheduled from follow-on schedule check
[2023-01-31T05:30:26.966+0000] {taskinstance.py:1087} INFO - Dependencies all met for <TaskInstance: entsoe-energydata-backfill.extract_generation scheduled__2021-01-01T06:00:00+00:00 [queued]>
[2023-01-31T05:30:27.016+0000] {taskinstance.py:1087} INFO - Dependencies all met for <TaskInstance: entsoe-energydata-backfill.extract_generation scheduled__2021-01-01T06:00:00+00:00 [queued]>
[2023-01-31T05:30:27.017+0000] {taskinstance.py:1283} INFO - 
--------------------------------------------------------------------------------
[2023-01-31T05:30:27.018+0000] {taskinstance.py:1284} INFO - Starting attempt 1 of 4
[2023-01-31T05:30:27.019+0000] {taskinstance.py:1285} INFO - 
--------------------------------------------------------------------------------
[2023-01-31T05:30:27.107+0000] {taskinstance.py:1304} INFO - Executing <Task(PythonOperator): extract_generation> on 2021-01-01 06:00:00+00:00
[2023-01-31T05:30:27.192+0000] {standard_task_runner.py:55} INFO - Started process 15701 to run task
[2023-01-31T05:30:27.217+0000] {standard_task_runner.py:82} INFO - Running: ['***', 'tasks', 'run', 'entsoe-energydata-backfill', 'extract_generation', 'scheduled__2021-01-01T06:00:00+00:00', '--job-id', '890', '--raw', '--subdir', 'DAGS_FOLDER/ingestion_energydata_dag.py', '--cfg-path', '/tmp/tmpu9ck4i46']
[2023-01-31T05:30:27.235+0000] {standard_task_runner.py:83} INFO - Job 890: Subtask extract_generation
[2023-01-31T05:30:27.683+0000] {task_command.py:389} INFO - Running <TaskInstance: entsoe-energydata-backfill.extract_generation scheduled__2021-01-01T06:00:00+00:00 [running]> on host 81d5fcd0285b
[2023-01-31T05:30:28.182+0000] {taskinstance.py:1511} INFO - Exporting the following env vars:
AIRFLOW_CTX_DAG_OWNER=rafzul
AIRFLOW_CTX_DAG_ID=entsoe-energydata-backfill
AIRFLOW_CTX_TASK_ID=extract_generation
AIRFLOW_CTX_EXECUTION_DATE=2021-01-01T06:00:00+00:00
AIRFLOW_CTX_TRY_NUMBER=1
AIRFLOW_CTX_DAG_RUN_ID=scheduled__2021-01-01T06:00:00+00:00
[2023-01-31T05:30:30.047+0000] {crypto.py:83} WARNING - empty cryptography key - values will not be stored encrypted.
[2023-01-31T05:30:30.048+0000] {base.py:73} INFO - Using connection ID 'google_cloud_default' for task execution.
[2023-01-31T05:30:30.840+0000] {python.py:177} INFO - Done. Returned value was: None
[2023-01-31T05:30:30.978+0000] {taskinstance.py:1322} INFO - Marking task as SUCCESS. dag_id=entsoe-energydata-backfill, task_id=extract_generation, execution_date=20210101T060000, start_date=20230131T053026, end_date=20230131T053030
[2023-01-31T05:30:31.308+0000] {local_task_job.py:159} INFO - Task exited with return code 0
[2023-01-31T05:30:31.454+0000] {taskinstance.py:2582} INFO - 1 downstream tasks scheduled from follow-on schedule check
[2023-01-31T07:38:34.815+0000] {taskinstance.py:1087} INFO - Dependencies all met for <TaskInstance: entsoe-energydata-backfill.extract_generation scheduled__2021-01-01T06:00:00+00:00 [queued]>
[2023-01-31T07:38:35.033+0000] {taskinstance.py:1087} INFO - Dependencies all met for <TaskInstance: entsoe-energydata-backfill.extract_generation scheduled__2021-01-01T06:00:00+00:00 [queued]>
[2023-01-31T07:38:35.034+0000] {taskinstance.py:1283} INFO - 
--------------------------------------------------------------------------------
[2023-01-31T07:38:35.036+0000] {taskinstance.py:1284} INFO - Starting attempt 1 of 4
[2023-01-31T07:38:35.040+0000] {taskinstance.py:1285} INFO - 
--------------------------------------------------------------------------------
[2023-01-31T07:38:35.169+0000] {taskinstance.py:1304} INFO - Executing <Task(PythonOperator): extract_generation> on 2021-01-01 06:00:00+00:00
[2023-01-31T07:38:35.244+0000] {standard_task_runner.py:55} INFO - Started process 25733 to run task
[2023-01-31T07:38:35.276+0000] {standard_task_runner.py:82} INFO - Running: ['***', 'tasks', 'run', 'entsoe-energydata-backfill', 'extract_generation', 'scheduled__2021-01-01T06:00:00+00:00', '--job-id', '906', '--raw', '--subdir', 'DAGS_FOLDER/ingestion_energydata_dag.py', '--cfg-path', '/tmp/tmpp75s21vl']
[2023-01-31T07:38:35.295+0000] {standard_task_runner.py:83} INFO - Job 906: Subtask extract_generation
[2023-01-31T07:38:35.908+0000] {task_command.py:389} INFO - Running <TaskInstance: entsoe-energydata-backfill.extract_generation scheduled__2021-01-01T06:00:00+00:00 [running]> on host 81d5fcd0285b
[2023-01-31T07:38:37.026+0000] {taskinstance.py:1511} INFO - Exporting the following env vars:
AIRFLOW_CTX_DAG_OWNER=rafzul
AIRFLOW_CTX_DAG_ID=entsoe-energydata-backfill
AIRFLOW_CTX_TASK_ID=extract_generation
AIRFLOW_CTX_EXECUTION_DATE=2021-01-01T06:00:00+00:00
AIRFLOW_CTX_TRY_NUMBER=1
AIRFLOW_CTX_DAG_RUN_ID=scheduled__2021-01-01T06:00:00+00:00
[2023-01-31T07:38:38.957+0000] {crypto.py:83} WARNING - empty cryptography key - values will not be stored encrypted.
[2023-01-31T07:38:38.958+0000] {base.py:73} INFO - Using connection ID 'google_cloud_default' for task execution.
[2023-01-31T07:38:39.886+0000] {python.py:177} INFO - Done. Returned value was: None
[2023-01-31T07:38:40.164+0000] {taskinstance.py:1322} INFO - Marking task as SUCCESS. dag_id=entsoe-energydata-backfill, task_id=extract_generation, execution_date=20210101T060000, start_date=20230131T073834, end_date=20230131T073840
[2023-01-31T07:38:40.886+0000] {local_task_job.py:159} INFO - Task exited with return code 0
[2023-01-31T07:38:41.394+0000] {taskinstance.py:2582} INFO - 1 downstream tasks scheduled from follow-on schedule check
[2023-01-31T08:21:29.283+0000] {taskinstance.py:1087} INFO - Dependencies all met for <TaskInstance: entsoe-energydata-backfill.extract_generation scheduled__2021-01-01T06:00:00+00:00 [queued]>
[2023-01-31T08:21:29.307+0000] {taskinstance.py:1087} INFO - Dependencies all met for <TaskInstance: entsoe-energydata-backfill.extract_generation scheduled__2021-01-01T06:00:00+00:00 [queued]>
[2023-01-31T08:21:29.307+0000] {taskinstance.py:1283} INFO - 
--------------------------------------------------------------------------------
[2023-01-31T08:21:29.308+0000] {taskinstance.py:1284} INFO - Starting attempt 1 of 4
[2023-01-31T08:21:29.308+0000] {taskinstance.py:1285} INFO - 
--------------------------------------------------------------------------------
[2023-01-31T08:21:29.334+0000] {taskinstance.py:1304} INFO - Executing <Task(PythonOperator): extract_generation> on 2021-01-01 06:00:00+00:00
[2023-01-31T08:21:29.349+0000] {standard_task_runner.py:55} INFO - Started process 2053 to run task
[2023-01-31T08:21:29.356+0000] {standard_task_runner.py:82} INFO - Running: ['***', 'tasks', 'run', 'entsoe-energydata-backfill', 'extract_generation', 'scheduled__2021-01-01T06:00:00+00:00', '--job-id', '922', '--raw', '--subdir', 'DAGS_FOLDER/ingestion_energydata_dag.py', '--cfg-path', '/tmp/tmphqnhegw3']
[2023-01-31T08:21:29.361+0000] {standard_task_runner.py:83} INFO - Job 922: Subtask extract_generation
[2023-01-31T08:21:29.476+0000] {task_command.py:389} INFO - Running <TaskInstance: entsoe-energydata-backfill.extract_generation scheduled__2021-01-01T06:00:00+00:00 [running]> on host 81d5fcd0285b
[2023-01-31T08:21:29.616+0000] {taskinstance.py:1511} INFO - Exporting the following env vars:
AIRFLOW_CTX_DAG_OWNER=rafzul
AIRFLOW_CTX_DAG_ID=entsoe-energydata-backfill
AIRFLOW_CTX_TASK_ID=extract_generation
AIRFLOW_CTX_EXECUTION_DATE=2021-01-01T06:00:00+00:00
AIRFLOW_CTX_TRY_NUMBER=1
AIRFLOW_CTX_DAG_RUN_ID=scheduled__2021-01-01T06:00:00+00:00
[2023-01-31T08:21:31.505+0000] {crypto.py:83} WARNING - empty cryptography key - values will not be stored encrypted.
[2023-01-31T08:21:31.512+0000] {base.py:73} INFO - Using connection ID 'google_cloud_default' for task execution.
[2023-01-31T08:21:31.955+0000] {python.py:177} INFO - Done. Returned value was: None
[2023-01-31T08:21:32.014+0000] {taskinstance.py:1322} INFO - Marking task as SUCCESS. dag_id=entsoe-energydata-backfill, task_id=extract_generation, execution_date=20210101T060000, start_date=20230131T082129, end_date=20230131T082132
[2023-01-31T08:21:32.138+0000] {local_task_job.py:159} INFO - Task exited with return code 0
[2023-01-31T08:21:32.202+0000] {taskinstance.py:2582} INFO - 1 downstream tasks scheduled from follow-on schedule check
[2023-01-31T08:30:16.743+0000] {taskinstance.py:1087} INFO - Dependencies all met for <TaskInstance: entsoe-energydata-backfill.extract_generation scheduled__2021-01-01T06:00:00+00:00 [queued]>
[2023-01-31T08:30:16.779+0000] {taskinstance.py:1087} INFO - Dependencies all met for <TaskInstance: entsoe-energydata-backfill.extract_generation scheduled__2021-01-01T06:00:00+00:00 [queued]>
[2023-01-31T08:30:16.780+0000] {taskinstance.py:1283} INFO - 
--------------------------------------------------------------------------------
[2023-01-31T08:30:16.780+0000] {taskinstance.py:1284} INFO - Starting attempt 1 of 4
[2023-01-31T08:30:16.780+0000] {taskinstance.py:1285} INFO - 
--------------------------------------------------------------------------------
[2023-01-31T08:30:16.819+0000] {taskinstance.py:1304} INFO - Executing <Task(PythonOperator): extract_generation> on 2021-01-01 06:00:00+00:00
[2023-01-31T08:30:16.851+0000] {standard_task_runner.py:55} INFO - Started process 246 to run task
[2023-01-31T08:30:16.871+0000] {standard_task_runner.py:82} INFO - Running: ['***', 'tasks', 'run', 'entsoe-energydata-backfill', 'extract_generation', 'scheduled__2021-01-01T06:00:00+00:00', '--job-id', '934', '--raw', '--subdir', 'DAGS_FOLDER/ingestion_energydata_dag.py', '--cfg-path', '/tmp/tmp2o205k3b']
[2023-01-31T08:30:16.878+0000] {standard_task_runner.py:83} INFO - Job 934: Subtask extract_generation
[2023-01-31T08:30:17.373+0000] {task_command.py:389} INFO - Running <TaskInstance: entsoe-energydata-backfill.extract_generation scheduled__2021-01-01T06:00:00+00:00 [running]> on host 4475e39484c1
[2023-01-31T08:30:17.573+0000] {taskinstance.py:1511} INFO - Exporting the following env vars:
AIRFLOW_CTX_DAG_OWNER=rafzul
AIRFLOW_CTX_DAG_ID=entsoe-energydata-backfill
AIRFLOW_CTX_TASK_ID=extract_generation
AIRFLOW_CTX_EXECUTION_DATE=2021-01-01T06:00:00+00:00
AIRFLOW_CTX_TRY_NUMBER=1
AIRFLOW_CTX_DAG_RUN_ID=scheduled__2021-01-01T06:00:00+00:00
[2023-01-31T08:30:19.691+0000] {crypto.py:83} WARNING - empty cryptography key - values will not be stored encrypted.
[2023-01-31T08:30:19.692+0000] {base.py:73} INFO - Using connection ID 'google_cloud_default' for task execution.
[2023-01-31T08:30:20.039+0000] {python.py:177} INFO - Done. Returned value was: None
[2023-01-31T08:30:20.069+0000] {taskinstance.py:1322} INFO - Marking task as SUCCESS. dag_id=entsoe-energydata-backfill, task_id=extract_generation, execution_date=20210101T060000, start_date=20230131T083016, end_date=20230131T083020
[2023-01-31T08:30:20.119+0000] {local_task_job.py:159} INFO - Task exited with return code 0
[2023-01-31T08:30:20.177+0000] {taskinstance.py:2582} INFO - 1 downstream tasks scheduled from follow-on schedule check
[2023-01-31T08:32:24.005+0000] {taskinstance.py:1087} INFO - Dependencies all met for <TaskInstance: entsoe-energydata-backfill.extract_generation scheduled__2021-01-01T06:00:00+00:00 [queued]>
[2023-01-31T08:32:24.024+0000] {taskinstance.py:1087} INFO - Dependencies all met for <TaskInstance: entsoe-energydata-backfill.extract_generation scheduled__2021-01-01T06:00:00+00:00 [queued]>
[2023-01-31T08:32:24.025+0000] {taskinstance.py:1283} INFO - 
--------------------------------------------------------------------------------
[2023-01-31T08:32:24.025+0000] {taskinstance.py:1284} INFO - Starting attempt 1 of 4
[2023-01-31T08:32:24.025+0000] {taskinstance.py:1285} INFO - 
--------------------------------------------------------------------------------
[2023-01-31T08:32:24.053+0000] {taskinstance.py:1304} INFO - Executing <Task(PythonOperator): extract_generation> on 2021-01-01 06:00:00+00:00
[2023-01-31T08:32:24.071+0000] {standard_task_runner.py:55} INFO - Started process 379 to run task
[2023-01-31T08:32:24.079+0000] {standard_task_runner.py:82} INFO - Running: ['***', 'tasks', 'run', 'entsoe-energydata-backfill', 'extract_generation', 'scheduled__2021-01-01T06:00:00+00:00', '--job-id', '944', '--raw', '--subdir', 'DAGS_FOLDER/ingestion_energydata_dag.py', '--cfg-path', '/tmp/tmpez0xl8hx']
[2023-01-31T08:32:24.084+0000] {standard_task_runner.py:83} INFO - Job 944: Subtask extract_generation
[2023-01-31T08:32:24.221+0000] {task_command.py:389} INFO - Running <TaskInstance: entsoe-energydata-backfill.extract_generation scheduled__2021-01-01T06:00:00+00:00 [running]> on host 4475e39484c1
[2023-01-31T08:32:24.383+0000] {taskinstance.py:1511} INFO - Exporting the following env vars:
AIRFLOW_CTX_DAG_OWNER=rafzul
AIRFLOW_CTX_DAG_ID=entsoe-energydata-backfill
AIRFLOW_CTX_TASK_ID=extract_generation
AIRFLOW_CTX_EXECUTION_DATE=2021-01-01T06:00:00+00:00
AIRFLOW_CTX_TRY_NUMBER=1
AIRFLOW_CTX_DAG_RUN_ID=scheduled__2021-01-01T06:00:00+00:00
[2023-01-31T08:32:25.921+0000] {crypto.py:83} WARNING - empty cryptography key - values will not be stored encrypted.
[2023-01-31T08:32:25.923+0000] {base.py:73} INFO - Using connection ID 'google_cloud_default' for task execution.
[2023-01-31T08:32:26.293+0000] {python.py:177} INFO - Done. Returned value was: None
[2023-01-31T08:32:26.348+0000] {taskinstance.py:1322} INFO - Marking task as SUCCESS. dag_id=entsoe-energydata-backfill, task_id=extract_generation, execution_date=20210101T060000, start_date=20230131T083224, end_date=20230131T083226
[2023-01-31T08:32:26.492+0000] {local_task_job.py:159} INFO - Task exited with return code 0
[2023-01-31T08:32:26.536+0000] {taskinstance.py:2582} INFO - 1 downstream tasks scheduled from follow-on schedule check
