[2023-01-31T12:06:49.178+0000] {taskinstance.py:1087} INFO - Dependencies all met for <TaskInstance: entsoe-energydata-backfill.stage_total_generation scheduled__2021-01-01T05:00:00+00:00 [queued]>
[2023-01-31T12:06:49.199+0000] {taskinstance.py:1087} INFO - Dependencies all met for <TaskInstance: entsoe-energydata-backfill.stage_total_generation scheduled__2021-01-01T05:00:00+00:00 [queued]>
[2023-01-31T12:06:49.200+0000] {taskinstance.py:1283} INFO - 
--------------------------------------------------------------------------------
[2023-01-31T12:06:49.200+0000] {taskinstance.py:1284} INFO - Starting attempt 2 of 4
[2023-01-31T12:06:49.200+0000] {taskinstance.py:1285} INFO - 
--------------------------------------------------------------------------------
[2023-01-31T12:06:49.225+0000] {taskinstance.py:1304} INFO - Executing <Task(SparkSubmitOperator): stage_total_generation> on 2021-01-01 05:00:00+00:00
[2023-01-31T12:06:49.240+0000] {standard_task_runner.py:55} INFO - Started process 458 to run task
[2023-01-31T12:06:49.246+0000] {standard_task_runner.py:82} INFO - Running: ['***', 'tasks', 'run', 'entsoe-energydata-backfill', 'stage_total_generation', 'scheduled__2021-01-01T05:00:00+00:00', '--job-id', '987', '--raw', '--subdir', 'DAGS_FOLDER/ingestion_energydata_dag.py', '--cfg-path', '/tmp/tmp0k_chdph']
[2023-01-31T12:06:49.251+0000] {standard_task_runner.py:83} INFO - Job 987: Subtask stage_total_generation
[2023-01-31T12:06:49.404+0000] {task_command.py:389} INFO - Running <TaskInstance: entsoe-energydata-backfill.stage_total_generation scheduled__2021-01-01T05:00:00+00:00 [running]> on host 8124f810dec3
[2023-01-31T12:06:49.533+0000] {taskinstance.py:1511} INFO - Exporting the following env vars:
AIRFLOW_CTX_DAG_OWNER=rafzul
AIRFLOW_CTX_DAG_ID=entsoe-energydata-backfill
AIRFLOW_CTX_TASK_ID=stage_total_generation
AIRFLOW_CTX_EXECUTION_DATE=2021-01-01T05:00:00+00:00
AIRFLOW_CTX_TRY_NUMBER=2
AIRFLOW_CTX_DAG_RUN_ID=scheduled__2021-01-01T05:00:00+00:00
[2023-01-31T12:06:49.552+0000] {base.py:73} INFO - Using connection ID 'spark_local' for task execution.
[2023-01-31T12:06:49.554+0000] {taskinstance.py:1772} ERROR - Task failed with exception
Traceback (most recent call last):
  File "/home/airflow/.local/lib/python3.10/site-packages/airflow/providers/apache/spark/operators/spark_submit.py", line 157, in execute
    self._hook.submit(self._application)
  File "/home/airflow/.local/lib/python3.10/site-packages/airflow/providers/apache/spark/hooks/spark_submit.py", line 398, in submit
    spark_submit_cmd = self._build_spark_submit_command(application)
  File "/home/airflow/.local/lib/python3.10/site-packages/airflow/providers/apache/spark/hooks/spark_submit.py", line 344, in _build_spark_submit_command
    self.log.info("Spark-Submit cmd: %s", self._mask_cmd(connection_cmd))
  File "/home/airflow/.local/lib/python3.10/site-packages/airflow/providers/apache/spark/hooks/spark_submit.py", line 256, in _mask_cmd
    " ".join(connection_cmd),
TypeError: sequence item 10: expected str instance, DateTime found
[2023-01-31T12:06:49.571+0000] {taskinstance.py:1322} INFO - Marking task as UP_FOR_RETRY. dag_id=entsoe-energydata-backfill, task_id=stage_total_generation, execution_date=20210101T050000, start_date=20230131T120649, end_date=20230131T120649
[2023-01-31T12:06:49.597+0000] {standard_task_runner.py:100} ERROR - Failed to execute job 987 for task stage_total_generation (sequence item 10: expected str instance, DateTime found; 458)
[2023-01-31T12:06:49.659+0000] {local_task_job.py:159} INFO - Task exited with return code 1
[2023-01-31T12:06:49.703+0000] {taskinstance.py:2582} INFO - 0 downstream tasks scheduled from follow-on schedule check
[2023-01-31T12:29:58.024+0000] {taskinstance.py:1087} INFO - Dependencies all met for <TaskInstance: entsoe-energydata-backfill.stage_total_generation scheduled__2021-01-01T05:00:00+00:00 [queued]>
[2023-01-31T12:29:58.105+0000] {taskinstance.py:1087} INFO - Dependencies all met for <TaskInstance: entsoe-energydata-backfill.stage_total_generation scheduled__2021-01-01T05:00:00+00:00 [queued]>
[2023-01-31T12:29:58.106+0000] {taskinstance.py:1283} INFO - 
--------------------------------------------------------------------------------
[2023-01-31T12:29:58.107+0000] {taskinstance.py:1284} INFO - Starting attempt 2 of 4
[2023-01-31T12:29:58.108+0000] {taskinstance.py:1285} INFO - 
--------------------------------------------------------------------------------
[2023-01-31T12:29:58.243+0000] {taskinstance.py:1304} INFO - Executing <Task(SparkSubmitOperator): stage_total_generation> on 2021-01-01 05:00:00+00:00
[2023-01-31T12:29:58.333+0000] {standard_task_runner.py:55} INFO - Started process 83 to run task
[2023-01-31T12:29:58.441+0000] {standard_task_runner.py:82} INFO - Running: ['***', 'tasks', 'run', 'entsoe-energydata-backfill', 'stage_total_generation', 'scheduled__2021-01-01T05:00:00+00:00', '--job-id', '1006', '--raw', '--subdir', 'DAGS_FOLDER/ingestion_energydata_dag.py', '--cfg-path', '/tmp/tmpklbw6rgj']
[2023-01-31T12:29:58.494+0000] {standard_task_runner.py:83} INFO - Job 1006: Subtask stage_total_generation
[2023-01-31T12:29:59.036+0000] {task_command.py:389} INFO - Running <TaskInstance: entsoe-energydata-backfill.stage_total_generation scheduled__2021-01-01T05:00:00+00:00 [running]> on host 213f57d06c83
[2023-01-31T12:29:59.512+0000] {taskinstance.py:1511} INFO - Exporting the following env vars:
AIRFLOW_CTX_DAG_OWNER=rafzul
AIRFLOW_CTX_DAG_ID=entsoe-energydata-backfill
AIRFLOW_CTX_TASK_ID=stage_total_generation
AIRFLOW_CTX_EXECUTION_DATE=2021-01-01T05:00:00+00:00
AIRFLOW_CTX_TRY_NUMBER=2
AIRFLOW_CTX_DAG_RUN_ID=scheduled__2021-01-01T05:00:00+00:00
[2023-01-31T12:29:59.608+0000] {base.py:73} INFO - Using connection ID 'spark_local' for task execution.
[2023-01-31T12:29:59.617+0000] {spark_submit.py:344} INFO - Spark-Submit cmd: spark-submit --master local --name arrow-spark /opt/***/plugins/scripts/transform_raw_staging.py total_generation 202101010500 202101010600 DE_TENNET 202101010000 202101010600
[2023-01-31T12:30:37.265+0000] {spark_submit.py:495} INFO - mulai periode: 202101010000
[2023-01-31T12:30:37.268+0000] {spark_submit.py:495} INFO - selesai periode: 202101010600
[2023-01-31T12:30:38.031+0000] {spark_submit.py:495} INFO - 23/01/31 12:30:38 INFO SparkContext: Running Spark version 3.3.1
[2023-01-31T12:30:38.788+0000] {spark_submit.py:495} INFO - 23/01/31 12:30:38 WARN NativeCodeLoader: Unable to load native-hadoop library for your platform... using builtin-java classes where applicable
[2023-01-31T12:30:40.002+0000] {spark_submit.py:495} INFO - 23/01/31 12:30:40 INFO ResourceUtils: ==============================================================
[2023-01-31T12:30:40.026+0000] {spark_submit.py:495} INFO - 23/01/31 12:30:40 INFO ResourceUtils: No custom resources configured for spark.driver.
[2023-01-31T12:30:40.042+0000] {spark_submit.py:495} INFO - 23/01/31 12:30:40 INFO ResourceUtils: ==============================================================
[2023-01-31T12:30:40.059+0000] {spark_submit.py:495} INFO - 23/01/31 12:30:40 INFO SparkContext: Submitted application: gcp_playground
[2023-01-31T12:30:40.639+0000] {spark_submit.py:495} INFO - 23/01/31 12:30:40 INFO ResourceProfile: Default ResourceProfile created, executor resources: Map(cores -> name: cores, amount: 1, script: , vendor: , memory -> name: memory, amount: 1024, script: , vendor: , offHeap -> name: offHeap, amount: 0, script: , vendor: ), task resources: Map(cpus -> name: cpus, amount: 1.0)
[2023-01-31T12:30:40.667+0000] {spark_submit.py:495} INFO - 23/01/31 12:30:40 INFO ResourceProfile: Limiting resource is cpu
[2023-01-31T12:30:40.678+0000] {spark_submit.py:495} INFO - 23/01/31 12:30:40 INFO ResourceProfileManager: Added ResourceProfile id: 0
[2023-01-31T12:30:41.461+0000] {spark_submit.py:495} INFO - 23/01/31 12:30:41 INFO SecurityManager: Changing view acls to: ***
[2023-01-31T12:30:41.464+0000] {spark_submit.py:495} INFO - 23/01/31 12:30:41 INFO SecurityManager: Changing modify acls to: ***
[2023-01-31T12:30:41.466+0000] {spark_submit.py:495} INFO - 23/01/31 12:30:41 INFO SecurityManager: Changing view acls groups to:
[2023-01-31T12:30:41.472+0000] {spark_submit.py:495} INFO - 23/01/31 12:30:41 INFO SecurityManager: Changing modify acls groups to:
[2023-01-31T12:30:41.479+0000] {spark_submit.py:495} INFO - 23/01/31 12:30:41 INFO SecurityManager: SecurityManager: authentication disabled; ui acls disabled; users  with view permissions: Set(***); groups with view permissions: Set(); users  with modify permissions: Set(***); groups with modify permissions: Set()
[2023-01-31T12:30:44.499+0000] {spark_submit.py:495} INFO - 23/01/31 12:30:44 INFO Utils: Successfully started service 'sparkDriver' on port 35649.
[2023-01-31T12:30:45.140+0000] {spark_submit.py:495} INFO - 23/01/31 12:30:45 INFO SparkEnv: Registering MapOutputTracker
[2023-01-31T12:30:45.482+0000] {spark_submit.py:495} INFO - 23/01/31 12:30:45 INFO SparkEnv: Registering BlockManagerMaster
[2023-01-31T12:30:45.816+0000] {spark_submit.py:495} INFO - 23/01/31 12:30:45 INFO BlockManagerMasterEndpoint: Using org.apache.spark.storage.DefaultTopologyMapper for getting topology information
[2023-01-31T12:30:45.840+0000] {spark_submit.py:495} INFO - 23/01/31 12:30:45 INFO BlockManagerMasterEndpoint: BlockManagerMasterEndpoint up
[2023-01-31T12:30:45.893+0000] {spark_submit.py:495} INFO - 23/01/31 12:30:45 INFO SparkEnv: Registering BlockManagerMasterHeartbeat
[2023-01-31T12:30:46.303+0000] {spark_submit.py:495} INFO - 23/01/31 12:30:46 INFO DiskBlockManager: Created local directory at /tmp/blockmgr-519542bf-f935-44a5-9a90-36d0cb54fd47
[2023-01-31T12:30:46.658+0000] {spark_submit.py:495} INFO - 23/01/31 12:30:46 INFO MemoryStore: MemoryStore started with capacity 434.4 MiB
[2023-01-31T12:30:47.156+0000] {spark_submit.py:495} INFO - 23/01/31 12:30:47 INFO SparkEnv: Registering OutputCommitCoordinator
[2023-01-31T12:30:50.897+0000] {spark_submit.py:495} INFO - 23/01/31 12:30:50 WARN Utils: Service 'SparkUI' could not bind on port 4040. Attempting port 4041.
[2023-01-31T12:30:50.901+0000] {spark_submit.py:495} INFO - 23/01/31 12:30:50 WARN Utils: Service 'SparkUI' could not bind on port 4041. Attempting port 4042.
[2023-01-31T12:30:50.946+0000] {spark_submit.py:495} INFO - 23/01/31 12:30:50 INFO Utils: Successfully started service 'SparkUI' on port 4042.
[2023-01-31T12:30:51.141+0000] {spark_submit.py:495} INFO - 23/01/31 12:30:51 INFO SparkContext: Added JAR /opt/spark/jars/gcs-connector-hadoop3-latest.jar at spark://213f57d06c83:35649/jars/gcs-connector-hadoop3-latest.jar with timestamp 1675168237973
[2023-01-31T12:30:51.144+0000] {spark_submit.py:495} INFO - 23/01/31 12:30:51 INFO SparkContext: Added JAR /opt/spark/jars/spark-bigquery-with-dependencies_2.13-0.27.1.jar at spark://213f57d06c83:35649/jars/spark-bigquery-with-dependencies_2.13-0.27.1.jar with timestamp 1675168237973
[2023-01-31T12:30:51.729+0000] {spark_submit.py:495} INFO - 23/01/31 12:30:51 INFO Executor: Starting executor ID driver on host 213f57d06c83
[2023-01-31T12:30:51.835+0000] {spark_submit.py:495} INFO - 23/01/31 12:30:51 INFO Executor: Starting executor with user classpath (userClassPathFirst = false): ''
[2023-01-31T12:30:52.009+0000] {spark_submit.py:495} INFO - 23/01/31 12:30:52 INFO Executor: Fetching spark://213f57d06c83:35649/jars/spark-bigquery-with-dependencies_2.13-0.27.1.jar with timestamp 1675168237973
[2023-01-31T12:30:52.864+0000] {spark_submit.py:495} INFO - 23/01/31 12:30:52 INFO TransportClientFactory: Successfully created connection to 213f57d06c83/172.21.0.8:35649 after 481 ms (0 ms spent in bootstraps)
[2023-01-31T12:30:53.097+0000] {spark_submit.py:495} INFO - 23/01/31 12:30:53 INFO Utils: Fetching spark://213f57d06c83:35649/jars/spark-bigquery-with-dependencies_2.13-0.27.1.jar to /tmp/spark-9f83df06-dd10-4af4-af4f-1dae20569ffa/userFiles-3ab78548-a028-4e4f-aaa4-a62c6568ce73/fetchFileTemp14869476723700513020.tmp
[2023-01-31T12:30:56.430+0000] {spark_submit.py:495} INFO - 23/01/31 12:30:56 INFO Executor: Adding file:/tmp/spark-9f83df06-dd10-4af4-af4f-1dae20569ffa/userFiles-3ab78548-a028-4e4f-aaa4-a62c6568ce73/spark-bigquery-with-dependencies_2.13-0.27.1.jar to class loader
[2023-01-31T12:30:56.482+0000] {spark_submit.py:495} INFO - 23/01/31 12:30:56 INFO Executor: Fetching spark://213f57d06c83:35649/jars/gcs-connector-hadoop3-latest.jar with timestamp 1675168237973
[2023-01-31T12:30:56.483+0000] {spark_submit.py:495} INFO - 23/01/31 12:30:56 INFO Utils: Fetching spark://213f57d06c83:35649/jars/gcs-connector-hadoop3-latest.jar to /tmp/spark-9f83df06-dd10-4af4-af4f-1dae20569ffa/userFiles-3ab78548-a028-4e4f-aaa4-a62c6568ce73/fetchFileTemp8781499553538047480.tmp
[2023-01-31T12:30:58.580+0000] {spark_submit.py:495} INFO - 23/01/31 12:30:58 INFO Executor: Adding file:/tmp/spark-9f83df06-dd10-4af4-af4f-1dae20569ffa/userFiles-3ab78548-a028-4e4f-aaa4-a62c6568ce73/gcs-connector-hadoop3-latest.jar to class loader
[2023-01-31T12:30:58.731+0000] {spark_submit.py:495} INFO - 23/01/31 12:30:58 INFO Utils: Successfully started service 'org.apache.spark.network.netty.NettyBlockTransferService' on port 40695.
[2023-01-31T12:30:58.732+0000] {spark_submit.py:495} INFO - 23/01/31 12:30:58 INFO NettyBlockTransferService: Server created on 213f57d06c83:40695
[2023-01-31T12:30:58.758+0000] {spark_submit.py:495} INFO - 23/01/31 12:30:58 INFO BlockManager: Using org.apache.spark.storage.RandomBlockReplicationPolicy for block replication policy
[2023-01-31T12:30:58.876+0000] {spark_submit.py:495} INFO - 23/01/31 12:30:58 INFO BlockManagerMaster: Registering BlockManager BlockManagerId(driver, 213f57d06c83, 40695, None)
[2023-01-31T12:30:58.911+0000] {spark_submit.py:495} INFO - 23/01/31 12:30:58 INFO BlockManagerMasterEndpoint: Registering block manager 213f57d06c83:40695 with 434.4 MiB RAM, BlockManagerId(driver, 213f57d06c83, 40695, None)
[2023-01-31T12:30:58.928+0000] {spark_submit.py:495} INFO - 23/01/31 12:30:58 INFO BlockManagerMaster: Registered BlockManager BlockManagerId(driver, 213f57d06c83, 40695, None)
[2023-01-31T12:30:58.934+0000] {spark_submit.py:495} INFO - 23/01/31 12:30:58 INFO BlockManager: Initialized BlockManager: BlockManagerId(driver, 213f57d06c83, 40695, None)
[2023-01-31T12:31:05.989+0000] {spark_submit.py:495} INFO - 23/01/31 12:31:05 INFO SharedState: Setting hive.metastore.warehouse.dir ('null') to the value of spark.sql.warehouse.dir.
[2023-01-31T12:31:06.143+0000] {spark_submit.py:495} INFO - 23/01/31 12:31:06 INFO SharedState: Warehouse path is 'file:/opt/***/spark-warehouse'.
[2023-01-31T12:31:30.166+0000] {spark_submit.py:495} INFO - 23/01/31 12:31:30 INFO InMemoryFileIndex: It took 1452 ms to list leaf files for 1 paths.
[2023-01-31T12:31:32.582+0000] {spark_submit.py:495} INFO - 23/01/31 12:31:32 INFO MemoryStore: Block broadcast_0 stored as values in memory (estimated size 201.9 KiB, free 434.2 MiB)
[2023-01-31T12:31:33.267+0000] {spark_submit.py:495} INFO - 23/01/31 12:31:33 INFO MemoryStore: Block broadcast_0_piece0 stored as bytes in memory (estimated size 34.6 KiB, free 434.2 MiB)
[2023-01-31T12:31:33.274+0000] {spark_submit.py:495} INFO - 23/01/31 12:31:33 INFO BlockManagerInfo: Added broadcast_0_piece0 in memory on 213f57d06c83:40695 (size: 34.6 KiB, free: 434.4 MiB)
[2023-01-31T12:31:33.300+0000] {spark_submit.py:495} INFO - 23/01/31 12:31:33 INFO SparkContext: Created broadcast 0 from load at NativeMethodAccessorImpl.java:0
[2023-01-31T12:31:41.077+0000] {spark_submit.py:495} INFO - 23/01/31 12:31:41 INFO FileInputFormat: Total input files to process : 1
[2023-01-31T12:31:41.289+0000] {spark_submit.py:495} INFO - 23/01/31 12:31:41 INFO FileInputFormat: Total input files to process : 1
[2023-01-31T12:31:41.426+0000] {spark_submit.py:495} INFO - 23/01/31 12:31:41 INFO SparkContext: Starting job: load at NativeMethodAccessorImpl.java:0
[2023-01-31T12:31:41.535+0000] {spark_submit.py:495} INFO - 23/01/31 12:31:41 INFO DAGScheduler: Got job 0 (load at NativeMethodAccessorImpl.java:0) with 1 output partitions
[2023-01-31T12:31:41.537+0000] {spark_submit.py:495} INFO - 23/01/31 12:31:41 INFO DAGScheduler: Final stage: ResultStage 0 (load at NativeMethodAccessorImpl.java:0)
[2023-01-31T12:31:41.544+0000] {spark_submit.py:495} INFO - 23/01/31 12:31:41 INFO DAGScheduler: Parents of final stage: List()
[2023-01-31T12:31:41.567+0000] {spark_submit.py:495} INFO - 23/01/31 12:31:41 INFO DAGScheduler: Missing parents: List()
[2023-01-31T12:31:41.593+0000] {spark_submit.py:495} INFO - 23/01/31 12:31:41 INFO DAGScheduler: Submitting ResultStage 0 (MapPartitionsRDD[2] at load at NativeMethodAccessorImpl.java:0), which has no missing parents
[2023-01-31T12:31:42.007+0000] {spark_submit.py:495} INFO - 23/01/31 12:31:42 INFO MemoryStore: Block broadcast_1 stored as values in memory (estimated size 8.6 KiB, free 434.2 MiB)
[2023-01-31T12:31:42.029+0000] {spark_submit.py:495} INFO - 23/01/31 12:31:42 INFO MemoryStore: Block broadcast_1_piece0 stored as bytes in memory (estimated size 4.6 KiB, free 434.2 MiB)
[2023-01-31T12:31:42.034+0000] {spark_submit.py:495} INFO - 23/01/31 12:31:42 INFO BlockManagerInfo: Added broadcast_1_piece0 in memory on 213f57d06c83:40695 (size: 4.6 KiB, free: 434.4 MiB)
[2023-01-31T12:31:42.040+0000] {spark_submit.py:495} INFO - 23/01/31 12:31:42 INFO SparkContext: Created broadcast 1 from broadcast at DAGScheduler.scala:1513
[2023-01-31T12:31:42.219+0000] {spark_submit.py:495} INFO - 23/01/31 12:31:42 INFO DAGScheduler: Submitting 1 missing tasks from ResultStage 0 (MapPartitionsRDD[2] at load at NativeMethodAccessorImpl.java:0) (first 15 tasks are for partitions Vector(0))
[2023-01-31T12:31:42.230+0000] {spark_submit.py:495} INFO - 23/01/31 12:31:42 INFO TaskSchedulerImpl: Adding task set 0.0 with 1 tasks resource profile 0
[2023-01-31T12:31:42.789+0000] {spark_submit.py:495} INFO - 23/01/31 12:31:42 INFO TaskSetManager: Starting task 0.0 in stage 0.0 (TID 0) (213f57d06c83, executor driver, partition 0, PROCESS_LOCAL, 7578 bytes) taskResourceAssignments Map()
[2023-01-31T12:31:42.940+0000] {spark_submit.py:495} INFO - 23/01/31 12:31:42 INFO Executor: Running task 0.0 in stage 0.0 (TID 0)
[2023-01-31T12:31:43.870+0000] {spark_submit.py:495} INFO - 23/01/31 12:31:43 INFO BinaryFileRDD: Input split: Paths:/total_generation__DE_TENNET__202101010500__202101010600.json:0+9367
[2023-01-31T12:31:47.603+0000] {spark_submit.py:495} INFO - 23/01/31 12:31:47 INFO Executor: Finished task 0.0 in stage 0.0 (TID 0). 3480 bytes result sent to driver
[2023-01-31T12:31:49.426+0000] {spark_submit.py:495} INFO - 23/01/31 12:31:49 INFO TaskSetManager: Finished task 0.0 in stage 0.0 (TID 0) in 6731 ms on 213f57d06c83 (executor driver) (1/1)
[2023-01-31T12:31:49.442+0000] {spark_submit.py:495} INFO - 23/01/31 12:31:49 INFO TaskSchedulerImpl: Removed TaskSet 0.0, whose tasks have all completed, from pool
[2023-01-31T12:31:50.354+0000] {spark_submit.py:495} INFO - 23/01/31 12:31:50 INFO DAGScheduler: ResultStage 0 (load at NativeMethodAccessorImpl.java:0) finished in 8.274 s
[2023-01-31T12:31:51.010+0000] {spark_submit.py:495} INFO - 23/01/31 12:31:51 INFO DAGScheduler: Job 0 is finished. Cancelling potential speculative or zombie tasks for this job
[2023-01-31T12:31:51.015+0000] {spark_submit.py:495} INFO - 23/01/31 12:31:51 INFO TaskSchedulerImpl: Killing all running tasks in stage 0: Stage finished
[2023-01-31T12:31:51.995+0000] {spark_submit.py:495} INFO - 23/01/31 12:31:51 INFO DAGScheduler: Job 0 finished: load at NativeMethodAccessorImpl.java:0, took 10.498853 s
[2023-01-31T12:32:54.401+0000] {spark_submit.py:495} INFO - 23/01/31 12:32:54 INFO BlockManagerInfo: Removed broadcast_0_piece0 on 213f57d06c83:40695 in memory (size: 34.6 KiB, free: 434.4 MiB)
[2023-01-31T12:32:54.454+0000] {spark_submit.py:495} INFO - 23/01/31 12:32:54 INFO BlockManagerInfo: Removed broadcast_1_piece0 on 213f57d06c83:40695 in memory (size: 4.6 KiB, free: 434.4 MiB)
