[2023-01-17T16:50:13.418+0000] {taskinstance.py:1087} INFO - Dependencies all met for <TaskInstance: ingestion-energydata.extract_generation scheduled__2021-01-01T04:00:00+00:00 [queued]>
[2023-01-17T16:50:13.457+0000] {taskinstance.py:1087} INFO - Dependencies all met for <TaskInstance: ingestion-energydata.extract_generation scheduled__2021-01-01T04:00:00+00:00 [queued]>
[2023-01-17T16:50:13.458+0000] {taskinstance.py:1283} INFO - 
--------------------------------------------------------------------------------
[2023-01-17T16:50:13.458+0000] {taskinstance.py:1284} INFO - Starting attempt 1 of 4
[2023-01-17T16:50:13.458+0000] {taskinstance.py:1285} INFO - 
--------------------------------------------------------------------------------
[2023-01-17T16:50:13.507+0000] {taskinstance.py:1304} INFO - Executing <Task(PythonOperator): extract_generation> on 2021-01-01 04:00:00+00:00
[2023-01-17T16:50:13.533+0000] {standard_task_runner.py:55} INFO - Started process 1390 to run task
[2023-01-17T16:50:13.557+0000] {standard_task_runner.py:82} INFO - Running: ['***', 'tasks', 'run', 'ingestion-energydata', 'extract_generation', 'scheduled__2021-01-01T04:00:00+00:00', '--job-id', '21', '--raw', '--subdir', 'DAGS_FOLDER/ingestion_energydata_dag.py', '--cfg-path', '/tmp/tmp_x1w7lb5']
[2023-01-17T16:50:13.567+0000] {standard_task_runner.py:83} INFO - Job 21: Subtask extract_generation
[2023-01-17T16:50:14.261+0000] {task_command.py:389} INFO - Running <TaskInstance: ingestion-energydata.extract_generation scheduled__2021-01-01T04:00:00+00:00 [running]> on host 60e8e9877e7a
[2023-01-17T16:50:15.420+0000] {taskinstance.py:1511} INFO - Exporting the following env vars:
AIRFLOW_CTX_DAG_OWNER=rafzul
AIRFLOW_CTX_DAG_ID=ingestion-energydata
AIRFLOW_CTX_TASK_ID=extract_generation
AIRFLOW_CTX_EXECUTION_DATE=2021-01-01T04:00:00+00:00
AIRFLOW_CTX_TRY_NUMBER=1
AIRFLOW_CTX_DAG_RUN_ID=scheduled__2021-01-01T04:00:00+00:00
[2023-01-17T16:50:19.957+0000] {crypto.py:83} WARNING - empty cryptography key - values will not be stored encrypted.
[2023-01-17T16:50:19.958+0000] {base.py:73} INFO - Using connection ID 'google_cloud_default' for task execution.
[2023-01-17T16:50:20.440+0000] {python.py:177} INFO - Done. Returned value was: None
[2023-01-17T16:50:20.504+0000] {taskinstance.py:1322} INFO - Marking task as SUCCESS. dag_id=ingestion-energydata, task_id=extract_generation, execution_date=20210101T040000, start_date=20230117T165013, end_date=20230117T165020
[2023-01-17T16:50:20.589+0000] {local_task_job.py:159} INFO - Task exited with return code 0
[2023-01-17T16:50:20.648+0000] {taskinstance.py:2582} INFO - 0 downstream tasks scheduled from follow-on schedule check
[2023-01-17T19:02:43.578+0000] {taskinstance.py:1087} INFO - Dependencies all met for <TaskInstance: ingestion-energydata.extract_generation scheduled__2021-01-01T04:00:00+00:00 [queued]>
[2023-01-17T19:02:43.644+0000] {taskinstance.py:1087} INFO - Dependencies all met for <TaskInstance: ingestion-energydata.extract_generation scheduled__2021-01-01T04:00:00+00:00 [queued]>
[2023-01-17T19:02:43.645+0000] {taskinstance.py:1283} INFO - 
--------------------------------------------------------------------------------
[2023-01-17T19:02:43.645+0000] {taskinstance.py:1284} INFO - Starting attempt 1 of 4
[2023-01-17T19:02:43.645+0000] {taskinstance.py:1285} INFO - 
--------------------------------------------------------------------------------
[2023-01-17T19:02:43.707+0000] {taskinstance.py:1304} INFO - Executing <Task(PythonOperator): extract_generation> on 2021-01-01 04:00:00+00:00
[2023-01-17T19:02:43.737+0000] {standard_task_runner.py:55} INFO - Started process 9572 to run task
[2023-01-17T19:02:43.764+0000] {standard_task_runner.py:82} INFO - Running: ['***', 'tasks', 'run', 'ingestion-energydata', 'extract_generation', 'scheduled__2021-01-01T04:00:00+00:00', '--job-id', '35', '--raw', '--subdir', 'DAGS_FOLDER/ingestion_energydata_dag.py', '--cfg-path', '/tmp/tmpkm4_euvd']
[2023-01-17T19:02:43.774+0000] {standard_task_runner.py:83} INFO - Job 35: Subtask extract_generation
[2023-01-17T19:02:43.948+0000] {task_command.py:389} INFO - Running <TaskInstance: ingestion-energydata.extract_generation scheduled__2021-01-01T04:00:00+00:00 [running]> on host 60e8e9877e7a
[2023-01-17T19:02:44.098+0000] {taskinstance.py:1511} INFO - Exporting the following env vars:
AIRFLOW_CTX_DAG_OWNER=rafzul
AIRFLOW_CTX_DAG_ID=ingestion-energydata
AIRFLOW_CTX_TASK_ID=extract_generation
AIRFLOW_CTX_EXECUTION_DATE=2021-01-01T04:00:00+00:00
AIRFLOW_CTX_TRY_NUMBER=1
AIRFLOW_CTX_DAG_RUN_ID=scheduled__2021-01-01T04:00:00+00:00
[2023-01-17T19:02:45.549+0000] {crypto.py:83} WARNING - empty cryptography key - values will not be stored encrypted.
[2023-01-17T19:02:45.549+0000] {base.py:73} INFO - Using connection ID 'google_cloud_default' for task execution.
[2023-01-17T19:02:45.890+0000] {python.py:177} INFO - Done. Returned value was: None
[2023-01-17T19:02:45.907+0000] {taskinstance.py:1322} INFO - Marking task as SUCCESS. dag_id=ingestion-energydata, task_id=extract_generation, execution_date=20210101T040000, start_date=20230117T190243, end_date=20230117T190245
[2023-01-17T19:02:45.947+0000] {local_task_job.py:159} INFO - Task exited with return code 0
[2023-01-17T19:02:45.980+0000] {taskinstance.py:2582} INFO - 0 downstream tasks scheduled from follow-on schedule check
