[2023-01-31T05:10:47.027+0000] {taskinstance.py:1087} INFO - Dependencies all met for <TaskInstance: entsoe-energydata-backfill.extract_generation scheduled__2021-01-01T03:00:00+00:00 [queued]>
[2023-01-31T05:10:47.079+0000] {taskinstance.py:1087} INFO - Dependencies all met for <TaskInstance: entsoe-energydata-backfill.extract_generation scheduled__2021-01-01T03:00:00+00:00 [queued]>
[2023-01-31T05:10:47.080+0000] {taskinstance.py:1283} INFO - 
--------------------------------------------------------------------------------
[2023-01-31T05:10:47.080+0000] {taskinstance.py:1284} INFO - Starting attempt 1 of 4
[2023-01-31T05:10:47.080+0000] {taskinstance.py:1285} INFO - 
--------------------------------------------------------------------------------
[2023-01-31T05:10:47.145+0000] {taskinstance.py:1304} INFO - Executing <Task(PythonOperator): extract_generation> on 2021-01-01 03:00:00+00:00
[2023-01-31T05:10:47.178+0000] {standard_task_runner.py:55} INFO - Started process 12228 to run task
[2023-01-31T05:10:47.220+0000] {standard_task_runner.py:82} INFO - Running: ['***', 'tasks', 'run', 'entsoe-energydata-backfill', 'extract_generation', 'scheduled__2021-01-01T03:00:00+00:00', '--job-id', '873', '--raw', '--subdir', 'DAGS_FOLDER/ingestion_energydata_dag.py', '--cfg-path', '/tmp/tmpv59d47co']
[2023-01-31T05:10:47.233+0000] {standard_task_runner.py:83} INFO - Job 873: Subtask extract_generation
[2023-01-31T05:10:47.606+0000] {task_command.py:389} INFO - Running <TaskInstance: entsoe-energydata-backfill.extract_generation scheduled__2021-01-01T03:00:00+00:00 [running]> on host 81d5fcd0285b
[2023-01-31T05:10:47.955+0000] {taskinstance.py:1511} INFO - Exporting the following env vars:
AIRFLOW_CTX_DAG_OWNER=rafzul
AIRFLOW_CTX_DAG_ID=entsoe-energydata-backfill
AIRFLOW_CTX_TASK_ID=extract_generation
AIRFLOW_CTX_EXECUTION_DATE=2021-01-01T03:00:00+00:00
AIRFLOW_CTX_TRY_NUMBER=1
AIRFLOW_CTX_DAG_RUN_ID=scheduled__2021-01-01T03:00:00+00:00
[2023-01-31T05:10:49.488+0000] {crypto.py:83} WARNING - empty cryptography key - values will not be stored encrypted.
[2023-01-31T05:10:49.489+0000] {base.py:73} INFO - Using connection ID 'google_cloud_default' for task execution.
[2023-01-31T05:10:49.884+0000] {python.py:177} INFO - Done. Returned value was: None
[2023-01-31T05:10:49.915+0000] {taskinstance.py:1322} INFO - Marking task as SUCCESS. dag_id=entsoe-energydata-backfill, task_id=extract_generation, execution_date=20210101T030000, start_date=20230131T051047, end_date=20230131T051049
[2023-01-31T05:10:50.224+0000] {local_task_job.py:159} INFO - Task exited with return code 0
[2023-01-31T05:10:50.329+0000] {taskinstance.py:2582} INFO - 1 downstream tasks scheduled from follow-on schedule check
[2023-01-31T05:30:24.034+0000] {taskinstance.py:1087} INFO - Dependencies all met for <TaskInstance: entsoe-energydata-backfill.extract_generation scheduled__2021-01-01T03:00:00+00:00 [queued]>
[2023-01-31T05:30:24.233+0000] {taskinstance.py:1087} INFO - Dependencies all met for <TaskInstance: entsoe-energydata-backfill.extract_generation scheduled__2021-01-01T03:00:00+00:00 [queued]>
[2023-01-31T05:30:24.234+0000] {taskinstance.py:1283} INFO - 
--------------------------------------------------------------------------------
[2023-01-31T05:30:24.234+0000] {taskinstance.py:1284} INFO - Starting attempt 1 of 4
[2023-01-31T05:30:24.235+0000] {taskinstance.py:1285} INFO - 
--------------------------------------------------------------------------------
[2023-01-31T05:30:24.385+0000] {taskinstance.py:1304} INFO - Executing <Task(PythonOperator): extract_generation> on 2021-01-01 03:00:00+00:00
[2023-01-31T05:30:24.459+0000] {standard_task_runner.py:55} INFO - Started process 15696 to run task
[2023-01-31T05:30:24.515+0000] {standard_task_runner.py:82} INFO - Running: ['***', 'tasks', 'run', 'entsoe-energydata-backfill', 'extract_generation', 'scheduled__2021-01-01T03:00:00+00:00', '--job-id', '888', '--raw', '--subdir', 'DAGS_FOLDER/ingestion_energydata_dag.py', '--cfg-path', '/tmp/tmpfjwhup21']
[2023-01-31T05:30:24.537+0000] {standard_task_runner.py:83} INFO - Job 888: Subtask extract_generation
[2023-01-31T05:30:25.388+0000] {task_command.py:389} INFO - Running <TaskInstance: entsoe-energydata-backfill.extract_generation scheduled__2021-01-01T03:00:00+00:00 [running]> on host 81d5fcd0285b
[2023-01-31T05:30:26.506+0000] {taskinstance.py:1511} INFO - Exporting the following env vars:
AIRFLOW_CTX_DAG_OWNER=rafzul
AIRFLOW_CTX_DAG_ID=entsoe-energydata-backfill
AIRFLOW_CTX_TASK_ID=extract_generation
AIRFLOW_CTX_EXECUTION_DATE=2021-01-01T03:00:00+00:00
AIRFLOW_CTX_TRY_NUMBER=1
AIRFLOW_CTX_DAG_RUN_ID=scheduled__2021-01-01T03:00:00+00:00
[2023-01-31T05:30:28.078+0000] {crypto.py:83} WARNING - empty cryptography key - values will not be stored encrypted.
[2023-01-31T05:30:28.080+0000] {base.py:73} INFO - Using connection ID 'google_cloud_default' for task execution.
[2023-01-31T05:30:28.648+0000] {python.py:177} INFO - Done. Returned value was: None
[2023-01-31T05:30:28.792+0000] {taskinstance.py:1322} INFO - Marking task as SUCCESS. dag_id=entsoe-energydata-backfill, task_id=extract_generation, execution_date=20210101T030000, start_date=20230131T053024, end_date=20230131T053028
[2023-01-31T05:30:28.938+0000] {local_task_job.py:159} INFO - Task exited with return code 0
[2023-01-31T05:30:29.067+0000] {taskinstance.py:2582} INFO - 1 downstream tasks scheduled from follow-on schedule check
[2023-01-31T07:38:31.529+0000] {taskinstance.py:1087} INFO - Dependencies all met for <TaskInstance: entsoe-energydata-backfill.extract_generation scheduled__2021-01-01T03:00:00+00:00 [queued]>
[2023-01-31T07:38:31.727+0000] {taskinstance.py:1087} INFO - Dependencies all met for <TaskInstance: entsoe-energydata-backfill.extract_generation scheduled__2021-01-01T03:00:00+00:00 [queued]>
[2023-01-31T07:38:31.728+0000] {taskinstance.py:1283} INFO - 
--------------------------------------------------------------------------------
[2023-01-31T07:38:31.760+0000] {taskinstance.py:1284} INFO - Starting attempt 1 of 4
[2023-01-31T07:38:31.760+0000] {taskinstance.py:1285} INFO - 
--------------------------------------------------------------------------------
[2023-01-31T07:38:32.034+0000] {taskinstance.py:1304} INFO - Executing <Task(PythonOperator): extract_generation> on 2021-01-01 03:00:00+00:00
[2023-01-31T07:38:32.225+0000] {standard_task_runner.py:55} INFO - Started process 25730 to run task
[2023-01-31T07:38:32.342+0000] {standard_task_runner.py:82} INFO - Running: ['***', 'tasks', 'run', 'entsoe-energydata-backfill', 'extract_generation', 'scheduled__2021-01-01T03:00:00+00:00', '--job-id', '903', '--raw', '--subdir', 'DAGS_FOLDER/ingestion_energydata_dag.py', '--cfg-path', '/tmp/tmpv1744gbc']
[2023-01-31T07:38:32.426+0000] {standard_task_runner.py:83} INFO - Job 903: Subtask extract_generation
[2023-01-31T07:38:33.561+0000] {task_command.py:389} INFO - Running <TaskInstance: entsoe-energydata-backfill.extract_generation scheduled__2021-01-01T03:00:00+00:00 [running]> on host 81d5fcd0285b
[2023-01-31T07:38:34.866+0000] {taskinstance.py:1511} INFO - Exporting the following env vars:
AIRFLOW_CTX_DAG_OWNER=rafzul
AIRFLOW_CTX_DAG_ID=entsoe-energydata-backfill
AIRFLOW_CTX_TASK_ID=extract_generation
AIRFLOW_CTX_EXECUTION_DATE=2021-01-01T03:00:00+00:00
AIRFLOW_CTX_TRY_NUMBER=1
AIRFLOW_CTX_DAG_RUN_ID=scheduled__2021-01-01T03:00:00+00:00
[2023-01-31T07:38:36.933+0000] {crypto.py:83} WARNING - empty cryptography key - values will not be stored encrypted.
[2023-01-31T07:38:36.935+0000] {base.py:73} INFO - Using connection ID 'google_cloud_default' for task execution.
[2023-01-31T07:38:37.932+0000] {python.py:177} INFO - Done. Returned value was: None
[2023-01-31T07:38:38.188+0000] {taskinstance.py:1322} INFO - Marking task as SUCCESS. dag_id=entsoe-energydata-backfill, task_id=extract_generation, execution_date=20210101T030000, start_date=20230131T073831, end_date=20230131T073838
[2023-01-31T07:38:38.889+0000] {local_task_job.py:159} INFO - Task exited with return code 0
[2023-01-31T07:38:39.287+0000] {taskinstance.py:2582} INFO - 0 downstream tasks scheduled from follow-on schedule check
[2023-01-31T08:21:27.698+0000] {taskinstance.py:1087} INFO - Dependencies all met for <TaskInstance: entsoe-energydata-backfill.extract_generation scheduled__2021-01-01T03:00:00+00:00 [queued]>
[2023-01-31T08:21:27.782+0000] {taskinstance.py:1087} INFO - Dependencies all met for <TaskInstance: entsoe-energydata-backfill.extract_generation scheduled__2021-01-01T03:00:00+00:00 [queued]>
[2023-01-31T08:21:27.782+0000] {taskinstance.py:1283} INFO - 
--------------------------------------------------------------------------------
[2023-01-31T08:21:27.783+0000] {taskinstance.py:1284} INFO - Starting attempt 1 of 4
[2023-01-31T08:21:27.783+0000] {taskinstance.py:1285} INFO - 
--------------------------------------------------------------------------------
[2023-01-31T08:21:27.922+0000] {taskinstance.py:1304} INFO - Executing <Task(PythonOperator): extract_generation> on 2021-01-01 03:00:00+00:00
[2023-01-31T08:21:27.961+0000] {standard_task_runner.py:55} INFO - Started process 2050 to run task
[2023-01-31T08:21:27.992+0000] {standard_task_runner.py:82} INFO - Running: ['***', 'tasks', 'run', 'entsoe-energydata-backfill', 'extract_generation', 'scheduled__2021-01-01T03:00:00+00:00', '--job-id', '919', '--raw', '--subdir', 'DAGS_FOLDER/ingestion_energydata_dag.py', '--cfg-path', '/tmp/tmptb98gx1d']
[2023-01-31T08:21:28.009+0000] {standard_task_runner.py:83} INFO - Job 919: Subtask extract_generation
[2023-01-31T08:21:28.332+0000] {task_command.py:389} INFO - Running <TaskInstance: entsoe-energydata-backfill.extract_generation scheduled__2021-01-01T03:00:00+00:00 [running]> on host 81d5fcd0285b
[2023-01-31T08:21:28.513+0000] {taskinstance.py:1511} INFO - Exporting the following env vars:
AIRFLOW_CTX_DAG_OWNER=rafzul
AIRFLOW_CTX_DAG_ID=entsoe-energydata-backfill
AIRFLOW_CTX_TASK_ID=extract_generation
AIRFLOW_CTX_EXECUTION_DATE=2021-01-01T03:00:00+00:00
AIRFLOW_CTX_TRY_NUMBER=1
AIRFLOW_CTX_DAG_RUN_ID=scheduled__2021-01-01T03:00:00+00:00
[2023-01-31T08:21:30.393+0000] {crypto.py:83} WARNING - empty cryptography key - values will not be stored encrypted.
[2023-01-31T08:21:30.394+0000] {base.py:73} INFO - Using connection ID 'google_cloud_default' for task execution.
[2023-01-31T08:21:30.826+0000] {python.py:177} INFO - Done. Returned value was: None
[2023-01-31T08:21:30.880+0000] {taskinstance.py:1322} INFO - Marking task as SUCCESS. dag_id=entsoe-energydata-backfill, task_id=extract_generation, execution_date=20210101T030000, start_date=20230131T082127, end_date=20230131T082130
[2023-01-31T08:21:30.942+0000] {local_task_job.py:159} INFO - Task exited with return code 0
[2023-01-31T08:21:31.039+0000] {taskinstance.py:2582} INFO - 1 downstream tasks scheduled from follow-on schedule check
[2023-01-31T08:30:17.018+0000] {taskinstance.py:1087} INFO - Dependencies all met for <TaskInstance: entsoe-energydata-backfill.extract_generation scheduled__2021-01-01T03:00:00+00:00 [queued]>
[2023-01-31T08:30:17.188+0000] {taskinstance.py:1087} INFO - Dependencies all met for <TaskInstance: entsoe-energydata-backfill.extract_generation scheduled__2021-01-01T03:00:00+00:00 [queued]>
[2023-01-31T08:30:17.189+0000] {taskinstance.py:1283} INFO - 
--------------------------------------------------------------------------------
[2023-01-31T08:30:17.189+0000] {taskinstance.py:1284} INFO - Starting attempt 1 of 4
[2023-01-31T08:30:17.189+0000] {taskinstance.py:1285} INFO - 
--------------------------------------------------------------------------------
[2023-01-31T08:30:17.243+0000] {taskinstance.py:1304} INFO - Executing <Task(PythonOperator): extract_generation> on 2021-01-01 03:00:00+00:00
[2023-01-31T08:30:17.275+0000] {standard_task_runner.py:55} INFO - Started process 249 to run task
[2023-01-31T08:30:17.323+0000] {standard_task_runner.py:82} INFO - Running: ['***', 'tasks', 'run', 'entsoe-energydata-backfill', 'extract_generation', 'scheduled__2021-01-01T03:00:00+00:00', '--job-id', '938', '--raw', '--subdir', 'DAGS_FOLDER/ingestion_energydata_dag.py', '--cfg-path', '/tmp/tmp_256e2je']
[2023-01-31T08:30:17.344+0000] {standard_task_runner.py:83} INFO - Job 938: Subtask extract_generation
[2023-01-31T08:30:17.530+0000] {task_command.py:389} INFO - Running <TaskInstance: entsoe-energydata-backfill.extract_generation scheduled__2021-01-01T03:00:00+00:00 [running]> on host 4475e39484c1
[2023-01-31T08:30:17.698+0000] {taskinstance.py:1511} INFO - Exporting the following env vars:
AIRFLOW_CTX_DAG_OWNER=rafzul
AIRFLOW_CTX_DAG_ID=entsoe-energydata-backfill
AIRFLOW_CTX_TASK_ID=extract_generation
AIRFLOW_CTX_EXECUTION_DATE=2021-01-01T03:00:00+00:00
AIRFLOW_CTX_TRY_NUMBER=1
AIRFLOW_CTX_DAG_RUN_ID=scheduled__2021-01-01T03:00:00+00:00
[2023-01-31T08:30:19.728+0000] {crypto.py:83} WARNING - empty cryptography key - values will not be stored encrypted.
[2023-01-31T08:30:19.729+0000] {base.py:73} INFO - Using connection ID 'google_cloud_default' for task execution.
[2023-01-31T08:30:20.072+0000] {python.py:177} INFO - Done. Returned value was: None
[2023-01-31T08:30:20.096+0000] {taskinstance.py:1322} INFO - Marking task as SUCCESS. dag_id=entsoe-energydata-backfill, task_id=extract_generation, execution_date=20210101T030000, start_date=20230131T083017, end_date=20230131T083020
[2023-01-31T08:30:20.151+0000] {local_task_job.py:159} INFO - Task exited with return code 0
[2023-01-31T08:30:20.195+0000] {taskinstance.py:2582} INFO - 1 downstream tasks scheduled from follow-on schedule check
[2023-01-31T08:32:23.136+0000] {taskinstance.py:1087} INFO - Dependencies all met for <TaskInstance: entsoe-energydata-backfill.extract_generation scheduled__2021-01-01T03:00:00+00:00 [queued]>
[2023-01-31T08:32:23.255+0000] {taskinstance.py:1087} INFO - Dependencies all met for <TaskInstance: entsoe-energydata-backfill.extract_generation scheduled__2021-01-01T03:00:00+00:00 [queued]>
[2023-01-31T08:32:23.256+0000] {taskinstance.py:1283} INFO - 
--------------------------------------------------------------------------------
[2023-01-31T08:32:23.256+0000] {taskinstance.py:1284} INFO - Starting attempt 1 of 4
[2023-01-31T08:32:23.256+0000] {taskinstance.py:1285} INFO - 
--------------------------------------------------------------------------------
[2023-01-31T08:32:23.316+0000] {taskinstance.py:1304} INFO - Executing <Task(PythonOperator): extract_generation> on 2021-01-01 03:00:00+00:00
[2023-01-31T08:32:23.332+0000] {standard_task_runner.py:55} INFO - Started process 377 to run task
[2023-01-31T08:32:23.349+0000] {standard_task_runner.py:82} INFO - Running: ['***', 'tasks', 'run', 'entsoe-energydata-backfill', 'extract_generation', 'scheduled__2021-01-01T03:00:00+00:00', '--job-id', '942', '--raw', '--subdir', 'DAGS_FOLDER/ingestion_energydata_dag.py', '--cfg-path', '/tmp/tmpc90p2cn0']
[2023-01-31T08:32:23.356+0000] {standard_task_runner.py:83} INFO - Job 942: Subtask extract_generation
[2023-01-31T08:32:23.612+0000] {task_command.py:389} INFO - Running <TaskInstance: entsoe-energydata-backfill.extract_generation scheduled__2021-01-01T03:00:00+00:00 [running]> on host 4475e39484c1
[2023-01-31T08:32:23.754+0000] {taskinstance.py:1511} INFO - Exporting the following env vars:
AIRFLOW_CTX_DAG_OWNER=rafzul
AIRFLOW_CTX_DAG_ID=entsoe-energydata-backfill
AIRFLOW_CTX_TASK_ID=extract_generation
AIRFLOW_CTX_EXECUTION_DATE=2021-01-01T03:00:00+00:00
AIRFLOW_CTX_TRY_NUMBER=1
AIRFLOW_CTX_DAG_RUN_ID=scheduled__2021-01-01T03:00:00+00:00
[2023-01-31T08:32:25.041+0000] {crypto.py:83} WARNING - empty cryptography key - values will not be stored encrypted.
[2023-01-31T08:32:25.041+0000] {base.py:73} INFO - Using connection ID 'google_cloud_default' for task execution.
[2023-01-31T08:32:25.399+0000] {python.py:177} INFO - Done. Returned value was: None
[2023-01-31T08:32:25.440+0000] {taskinstance.py:1322} INFO - Marking task as SUCCESS. dag_id=entsoe-energydata-backfill, task_id=extract_generation, execution_date=20210101T030000, start_date=20230131T083223, end_date=20230131T083225
[2023-01-31T08:32:25.564+0000] {local_task_job.py:159} INFO - Task exited with return code 0
[2023-01-31T08:32:25.740+0000] {taskinstance.py:2582} INFO - 0 downstream tasks scheduled from follow-on schedule check
[2023-01-31T09:27:21.121+0000] {taskinstance.py:1087} INFO - Dependencies all met for <TaskInstance: entsoe-energydata-backfill.extract_generation scheduled__2021-01-01T03:00:00+00:00 [queued]>
[2023-01-31T09:27:21.154+0000] {taskinstance.py:1087} INFO - Dependencies all met for <TaskInstance: entsoe-energydata-backfill.extract_generation scheduled__2021-01-01T03:00:00+00:00 [queued]>
[2023-01-31T09:27:21.154+0000] {taskinstance.py:1283} INFO - 
--------------------------------------------------------------------------------
[2023-01-31T09:27:21.155+0000] {taskinstance.py:1284} INFO - Starting attempt 1 of 4
[2023-01-31T09:27:21.155+0000] {taskinstance.py:1285} INFO - 
--------------------------------------------------------------------------------
[2023-01-31T09:27:21.186+0000] {taskinstance.py:1304} INFO - Executing <Task(PythonOperator): extract_generation> on 2021-01-01 03:00:00+00:00
[2023-01-31T09:27:21.206+0000] {standard_task_runner.py:55} INFO - Started process 3517 to run task
[2023-01-31T09:27:21.221+0000] {standard_task_runner.py:82} INFO - Running: ['***', 'tasks', 'run', 'entsoe-energydata-backfill', 'extract_generation', 'scheduled__2021-01-01T03:00:00+00:00', '--job-id', '949', '--raw', '--subdir', 'DAGS_FOLDER/ingestion_energydata_dag.py', '--cfg-path', '/tmp/tmp8cfms5fz']
[2023-01-31T09:27:21.233+0000] {standard_task_runner.py:83} INFO - Job 949: Subtask extract_generation
[2023-01-31T09:27:21.379+0000] {task_command.py:389} INFO - Running <TaskInstance: entsoe-energydata-backfill.extract_generation scheduled__2021-01-01T03:00:00+00:00 [running]> on host 4475e39484c1
[2023-01-31T09:27:21.521+0000] {taskinstance.py:1511} INFO - Exporting the following env vars:
AIRFLOW_CTX_DAG_OWNER=rafzul
AIRFLOW_CTX_DAG_ID=entsoe-energydata-backfill
AIRFLOW_CTX_TASK_ID=extract_generation
AIRFLOW_CTX_EXECUTION_DATE=2021-01-01T03:00:00+00:00
AIRFLOW_CTX_TRY_NUMBER=1
AIRFLOW_CTX_DAG_RUN_ID=scheduled__2021-01-01T03:00:00+00:00
[2023-01-31T09:27:39.094+0000] {crypto.py:83} WARNING - empty cryptography key - values will not be stored encrypted.
[2023-01-31T09:27:39.094+0000] {base.py:73} INFO - Using connection ID 'google_cloud_default' for task execution.
[2023-01-31T09:27:39.449+0000] {python.py:177} INFO - Done. Returned value was: None
[2023-01-31T09:27:39.483+0000] {taskinstance.py:1322} INFO - Marking task as SUCCESS. dag_id=entsoe-energydata-backfill, task_id=extract_generation, execution_date=20210101T030000, start_date=20230131T092721, end_date=20230131T092739
[2023-01-31T09:27:39.563+0000] {local_task_job.py:159} INFO - Task exited with return code 0
[2023-01-31T09:27:39.612+0000] {taskinstance.py:2582} INFO - 1 downstream tasks scheduled from follow-on schedule check
[2023-01-31T11:07:54.336+0000] {taskinstance.py:1087} INFO - Dependencies all met for <TaskInstance: entsoe-energydata-backfill.extract_generation scheduled__2021-01-01T03:00:00+00:00 [queued]>
[2023-01-31T11:07:54.387+0000] {taskinstance.py:1087} INFO - Dependencies all met for <TaskInstance: entsoe-energydata-backfill.extract_generation scheduled__2021-01-01T03:00:00+00:00 [queued]>
[2023-01-31T11:07:54.387+0000] {taskinstance.py:1283} INFO - 
--------------------------------------------------------------------------------
[2023-01-31T11:07:54.388+0000] {taskinstance.py:1284} INFO - Starting attempt 1 of 4
[2023-01-31T11:07:54.388+0000] {taskinstance.py:1285} INFO - 
--------------------------------------------------------------------------------
[2023-01-31T11:07:54.424+0000] {taskinstance.py:1304} INFO - Executing <Task(PythonOperator): extract_generation> on 2021-01-01 03:00:00+00:00
[2023-01-31T11:07:54.445+0000] {standard_task_runner.py:55} INFO - Started process 9657 to run task
[2023-01-31T11:07:54.461+0000] {standard_task_runner.py:82} INFO - Running: ['***', 'tasks', 'run', 'entsoe-energydata-backfill', 'extract_generation', 'scheduled__2021-01-01T03:00:00+00:00', '--job-id', '956', '--raw', '--subdir', 'DAGS_FOLDER/ingestion_energydata_dag.py', '--cfg-path', '/tmp/tmpnfe9f0jq']
[2023-01-31T11:07:54.477+0000] {standard_task_runner.py:83} INFO - Job 956: Subtask extract_generation
[2023-01-31T11:07:54.819+0000] {task_command.py:389} INFO - Running <TaskInstance: entsoe-energydata-backfill.extract_generation scheduled__2021-01-01T03:00:00+00:00 [running]> on host 4475e39484c1
[2023-01-31T11:07:55.187+0000] {taskinstance.py:1511} INFO - Exporting the following env vars:
AIRFLOW_CTX_DAG_OWNER=rafzul
AIRFLOW_CTX_DAG_ID=entsoe-energydata-backfill
AIRFLOW_CTX_TASK_ID=extract_generation
AIRFLOW_CTX_EXECUTION_DATE=2021-01-01T03:00:00+00:00
AIRFLOW_CTX_TRY_NUMBER=1
AIRFLOW_CTX_DAG_RUN_ID=scheduled__2021-01-01T03:00:00+00:00
[2023-01-31T11:07:57.114+0000] {crypto.py:83} WARNING - empty cryptography key - values will not be stored encrypted.
[2023-01-31T11:07:57.115+0000] {base.py:73} INFO - Using connection ID 'google_cloud_default' for task execution.
[2023-01-31T11:07:57.830+0000] {python.py:177} INFO - Done. Returned value was: None
[2023-01-31T11:07:57.882+0000] {taskinstance.py:1322} INFO - Marking task as SUCCESS. dag_id=entsoe-energydata-backfill, task_id=extract_generation, execution_date=20210101T030000, start_date=20230131T110754, end_date=20230131T110757
[2023-01-31T11:07:57.974+0000] {local_task_job.py:159} INFO - Task exited with return code 0
[2023-01-31T11:07:58.024+0000] {taskinstance.py:2582} INFO - 1 downstream tasks scheduled from follow-on schedule check
[2023-01-31T11:56:07.838+0000] {taskinstance.py:1087} INFO - Dependencies all met for <TaskInstance: entsoe-energydata-backfill.extract_generation scheduled__2021-01-01T03:00:00+00:00 [queued]>
[2023-01-31T11:56:07.893+0000] {taskinstance.py:1087} INFO - Dependencies all met for <TaskInstance: entsoe-energydata-backfill.extract_generation scheduled__2021-01-01T03:00:00+00:00 [queued]>
[2023-01-31T11:56:07.894+0000] {taskinstance.py:1283} INFO - 
--------------------------------------------------------------------------------
[2023-01-31T11:56:07.894+0000] {taskinstance.py:1284} INFO - Starting attempt 1 of 4
[2023-01-31T11:56:07.894+0000] {taskinstance.py:1285} INFO - 
--------------------------------------------------------------------------------
[2023-01-31T11:56:07.948+0000] {taskinstance.py:1304} INFO - Executing <Task(PythonOperator): extract_generation> on 2021-01-01 03:00:00+00:00
[2023-01-31T11:56:07.975+0000] {standard_task_runner.py:55} INFO - Started process 12445 to run task
[2023-01-31T11:56:07.996+0000] {standard_task_runner.py:82} INFO - Running: ['***', 'tasks', 'run', 'entsoe-energydata-backfill', 'extract_generation', 'scheduled__2021-01-01T03:00:00+00:00', '--job-id', '962', '--raw', '--subdir', 'DAGS_FOLDER/ingestion_energydata_dag.py', '--cfg-path', '/tmp/tmpt0pufo4b']
[2023-01-31T11:56:08.004+0000] {standard_task_runner.py:83} INFO - Job 962: Subtask extract_generation
[2023-01-31T11:56:08.321+0000] {task_command.py:389} INFO - Running <TaskInstance: entsoe-energydata-backfill.extract_generation scheduled__2021-01-01T03:00:00+00:00 [running]> on host 4475e39484c1
[2023-01-31T11:56:08.566+0000] {taskinstance.py:1511} INFO - Exporting the following env vars:
AIRFLOW_CTX_DAG_OWNER=rafzul
AIRFLOW_CTX_DAG_ID=entsoe-energydata-backfill
AIRFLOW_CTX_TASK_ID=extract_generation
AIRFLOW_CTX_EXECUTION_DATE=2021-01-01T03:00:00+00:00
AIRFLOW_CTX_TRY_NUMBER=1
AIRFLOW_CTX_DAG_RUN_ID=scheduled__2021-01-01T03:00:00+00:00
[2023-01-31T11:56:10.863+0000] {crypto.py:83} WARNING - empty cryptography key - values will not be stored encrypted.
[2023-01-31T11:56:10.864+0000] {base.py:73} INFO - Using connection ID 'google_cloud_default' for task execution.
[2023-01-31T11:56:11.241+0000] {python.py:177} INFO - Done. Returned value was: None
[2023-01-31T11:56:11.282+0000] {taskinstance.py:1322} INFO - Marking task as SUCCESS. dag_id=entsoe-energydata-backfill, task_id=extract_generation, execution_date=20210101T030000, start_date=20230131T115607, end_date=20230131T115611
[2023-01-31T11:56:11.489+0000] {local_task_job.py:159} INFO - Task exited with return code 0
[2023-01-31T11:56:11.553+0000] {taskinstance.py:2582} INFO - 1 downstream tasks scheduled from follow-on schedule check
[2023-01-31T12:01:30.314+0000] {taskinstance.py:1087} INFO - Dependencies all met for <TaskInstance: entsoe-energydata-backfill.extract_generation scheduled__2021-01-01T03:00:00+00:00 [queued]>
[2023-01-31T12:01:30.408+0000] {taskinstance.py:1087} INFO - Dependencies all met for <TaskInstance: entsoe-energydata-backfill.extract_generation scheduled__2021-01-01T03:00:00+00:00 [queued]>
[2023-01-31T12:01:30.411+0000] {taskinstance.py:1283} INFO - 
--------------------------------------------------------------------------------
[2023-01-31T12:01:30.411+0000] {taskinstance.py:1284} INFO - Starting attempt 1 of 4
[2023-01-31T12:01:30.412+0000] {taskinstance.py:1285} INFO - 
--------------------------------------------------------------------------------
[2023-01-31T12:01:30.479+0000] {taskinstance.py:1304} INFO - Executing <Task(PythonOperator): extract_generation> on 2021-01-01 03:00:00+00:00
[2023-01-31T12:01:30.513+0000] {standard_task_runner.py:55} INFO - Started process 121 to run task
[2023-01-31T12:01:30.527+0000] {standard_task_runner.py:82} INFO - Running: ['***', 'tasks', 'run', 'entsoe-energydata-backfill', 'extract_generation', 'scheduled__2021-01-01T03:00:00+00:00', '--job-id', '973', '--raw', '--subdir', 'DAGS_FOLDER/ingestion_energydata_dag.py', '--cfg-path', '/tmp/tmpm7j1qad8']
[2023-01-31T12:01:30.535+0000] {standard_task_runner.py:83} INFO - Job 973: Subtask extract_generation
[2023-01-31T12:01:30.926+0000] {task_command.py:389} INFO - Running <TaskInstance: entsoe-energydata-backfill.extract_generation scheduled__2021-01-01T03:00:00+00:00 [running]> on host 8124f810dec3
[2023-01-31T12:01:31.487+0000] {taskinstance.py:1511} INFO - Exporting the following env vars:
AIRFLOW_CTX_DAG_OWNER=rafzul
AIRFLOW_CTX_DAG_ID=entsoe-energydata-backfill
AIRFLOW_CTX_TASK_ID=extract_generation
AIRFLOW_CTX_EXECUTION_DATE=2021-01-01T03:00:00+00:00
AIRFLOW_CTX_TRY_NUMBER=1
AIRFLOW_CTX_DAG_RUN_ID=scheduled__2021-01-01T03:00:00+00:00
[2023-01-31T12:01:33.583+0000] {crypto.py:83} WARNING - empty cryptography key - values will not be stored encrypted.
[2023-01-31T12:01:33.584+0000] {base.py:73} INFO - Using connection ID 'google_cloud_default' for task execution.
[2023-01-31T12:01:34.188+0000] {python.py:177} INFO - Done. Returned value was: None
[2023-01-31T12:01:34.265+0000] {taskinstance.py:1322} INFO - Marking task as SUCCESS. dag_id=entsoe-energydata-backfill, task_id=extract_generation, execution_date=20210101T030000, start_date=20230131T120130, end_date=20230131T120134
[2023-01-31T12:01:34.526+0000] {local_task_job.py:159} INFO - Task exited with return code 0
[2023-01-31T12:01:34.615+0000] {taskinstance.py:2582} INFO - 1 downstream tasks scheduled from follow-on schedule check
[2023-01-31T12:08:42.783+0000] {taskinstance.py:1087} INFO - Dependencies all met for <TaskInstance: entsoe-energydata-backfill.extract_generation scheduled__2021-01-01T03:00:00+00:00 [queued]>
[2023-01-31T12:08:42.805+0000] {taskinstance.py:1087} INFO - Dependencies all met for <TaskInstance: entsoe-energydata-backfill.extract_generation scheduled__2021-01-01T03:00:00+00:00 [queued]>
[2023-01-31T12:08:42.805+0000] {taskinstance.py:1283} INFO - 
--------------------------------------------------------------------------------
[2023-01-31T12:08:42.805+0000] {taskinstance.py:1284} INFO - Starting attempt 1 of 4
[2023-01-31T12:08:42.806+0000] {taskinstance.py:1285} INFO - 
--------------------------------------------------------------------------------
[2023-01-31T12:08:42.834+0000] {taskinstance.py:1304} INFO - Executing <Task(PythonOperator): extract_generation> on 2021-01-01 03:00:00+00:00
[2023-01-31T12:08:42.855+0000] {standard_task_runner.py:55} INFO - Started process 581 to run task
[2023-01-31T12:08:42.885+0000] {standard_task_runner.py:82} INFO - Running: ['***', 'tasks', 'run', 'entsoe-energydata-backfill', 'extract_generation', 'scheduled__2021-01-01T03:00:00+00:00', '--job-id', '993', '--raw', '--subdir', 'DAGS_FOLDER/ingestion_energydata_dag.py', '--cfg-path', '/tmp/tmpju1ghla8']
[2023-01-31T12:08:42.893+0000] {standard_task_runner.py:83} INFO - Job 993: Subtask extract_generation
[2023-01-31T12:08:43.060+0000] {task_command.py:389} INFO - Running <TaskInstance: entsoe-energydata-backfill.extract_generation scheduled__2021-01-01T03:00:00+00:00 [running]> on host 8124f810dec3
[2023-01-31T12:08:43.390+0000] {taskinstance.py:1511} INFO - Exporting the following env vars:
AIRFLOW_CTX_DAG_OWNER=rafzul
AIRFLOW_CTX_DAG_ID=entsoe-energydata-backfill
AIRFLOW_CTX_TASK_ID=extract_generation
AIRFLOW_CTX_EXECUTION_DATE=2021-01-01T03:00:00+00:00
AIRFLOW_CTX_TRY_NUMBER=1
AIRFLOW_CTX_DAG_RUN_ID=scheduled__2021-01-01T03:00:00+00:00
[2023-01-31T12:08:44.953+0000] {crypto.py:83} WARNING - empty cryptography key - values will not be stored encrypted.
[2023-01-31T12:08:44.954+0000] {base.py:73} INFO - Using connection ID 'google_cloud_default' for task execution.
[2023-01-31T12:08:45.605+0000] {python.py:177} INFO - Done. Returned value was: None
[2023-01-31T12:08:45.713+0000] {taskinstance.py:1322} INFO - Marking task as SUCCESS. dag_id=entsoe-energydata-backfill, task_id=extract_generation, execution_date=20210101T030000, start_date=20230131T120842, end_date=20230131T120845
[2023-01-31T12:08:45.910+0000] {local_task_job.py:159} INFO - Task exited with return code 0
[2023-01-31T12:08:46.060+0000] {taskinstance.py:2582} INFO - 1 downstream tasks scheduled from follow-on schedule check
[2023-01-31T13:03:34.729+0000] {taskinstance.py:1087} INFO - Dependencies all met for <TaskInstance: entsoe-energydata-backfill.extract_generation scheduled__2021-01-01T03:00:00+00:00 [queued]>
[2023-01-31T13:03:34.761+0000] {taskinstance.py:1087} INFO - Dependencies all met for <TaskInstance: entsoe-energydata-backfill.extract_generation scheduled__2021-01-01T03:00:00+00:00 [queued]>
[2023-01-31T13:03:34.761+0000] {taskinstance.py:1283} INFO - 
--------------------------------------------------------------------------------
[2023-01-31T13:03:34.761+0000] {taskinstance.py:1284} INFO - Starting attempt 1 of 4
[2023-01-31T13:03:34.762+0000] {taskinstance.py:1285} INFO - 
--------------------------------------------------------------------------------
[2023-01-31T13:03:34.834+0000] {taskinstance.py:1304} INFO - Executing <Task(PythonOperator): extract_generation> on 2021-01-01 03:00:00+00:00
[2023-01-31T13:03:34.923+0000] {standard_task_runner.py:55} INFO - Started process 176 to run task
[2023-01-31T13:03:34.972+0000] {standard_task_runner.py:82} INFO - Running: ['***', 'tasks', 'run', 'entsoe-energydata-backfill', 'extract_generation', 'scheduled__2021-01-01T03:00:00+00:00', '--job-id', '1019', '--raw', '--subdir', 'DAGS_FOLDER/ingestion_energydata_dag.py', '--cfg-path', '/tmp/tmphcltl34f']
[2023-01-31T13:03:34.998+0000] {standard_task_runner.py:83} INFO - Job 1019: Subtask extract_generation
[2023-01-31T13:03:35.188+0000] {task_command.py:389} INFO - Running <TaskInstance: entsoe-energydata-backfill.extract_generation scheduled__2021-01-01T03:00:00+00:00 [running]> on host b37fe3cbf330
[2023-01-31T13:03:35.301+0000] {taskinstance.py:1511} INFO - Exporting the following env vars:
AIRFLOW_CTX_DAG_OWNER=rafzul
AIRFLOW_CTX_DAG_ID=entsoe-energydata-backfill
AIRFLOW_CTX_TASK_ID=extract_generation
AIRFLOW_CTX_EXECUTION_DATE=2021-01-01T03:00:00+00:00
AIRFLOW_CTX_TRY_NUMBER=1
AIRFLOW_CTX_DAG_RUN_ID=scheduled__2021-01-01T03:00:00+00:00
[2023-01-31T13:03:36.802+0000] {crypto.py:83} WARNING - empty cryptography key - values will not be stored encrypted.
[2023-01-31T13:03:36.802+0000] {base.py:73} INFO - Using connection ID 'google_cloud_default' for task execution.
[2023-01-31T13:03:37.252+0000] {python.py:177} INFO - Done. Returned value was: None
[2023-01-31T13:03:37.279+0000] {taskinstance.py:1322} INFO - Marking task as SUCCESS. dag_id=entsoe-energydata-backfill, task_id=extract_generation, execution_date=20210101T030000, start_date=20230131T130334, end_date=20230131T130337
[2023-01-31T13:03:37.349+0000] {local_task_job.py:159} INFO - Task exited with return code 0
[2023-01-31T13:03:37.449+0000] {taskinstance.py:2582} INFO - 1 downstream tasks scheduled from follow-on schedule check
[2023-01-31T14:09:32.371+0000] {taskinstance.py:1087} INFO - Dependencies all met for <TaskInstance: entsoe-energydata-backfill.extract_generation scheduled__2021-01-01T03:00:00+00:00 [queued]>
[2023-01-31T14:09:32.404+0000] {taskinstance.py:1087} INFO - Dependencies all met for <TaskInstance: entsoe-energydata-backfill.extract_generation scheduled__2021-01-01T03:00:00+00:00 [queued]>
[2023-01-31T14:09:32.405+0000] {taskinstance.py:1283} INFO - 
--------------------------------------------------------------------------------
[2023-01-31T14:09:32.405+0000] {taskinstance.py:1284} INFO - Starting attempt 1 of 4
[2023-01-31T14:09:32.405+0000] {taskinstance.py:1285} INFO - 
--------------------------------------------------------------------------------
[2023-01-31T14:09:32.439+0000] {taskinstance.py:1304} INFO - Executing <Task(PythonOperator): extract_generation> on 2021-01-01 03:00:00+00:00
[2023-01-31T14:09:32.486+0000] {standard_task_runner.py:55} INFO - Started process 6076 to run task
[2023-01-31T14:09:32.520+0000] {standard_task_runner.py:82} INFO - Running: ['***', 'tasks', 'run', 'entsoe-energydata-backfill', 'extract_generation', 'scheduled__2021-01-01T03:00:00+00:00', '--job-id', '1033', '--raw', '--subdir', 'DAGS_FOLDER/ingestion_energydata_dag.py', '--cfg-path', '/tmp/tmpzuop2op8']
[2023-01-31T14:09:32.562+0000] {standard_task_runner.py:83} INFO - Job 1033: Subtask extract_generation
[2023-01-31T14:09:33.020+0000] {task_command.py:389} INFO - Running <TaskInstance: entsoe-energydata-backfill.extract_generation scheduled__2021-01-01T03:00:00+00:00 [running]> on host b37fe3cbf330
[2023-01-31T14:09:33.300+0000] {taskinstance.py:1511} INFO - Exporting the following env vars:
AIRFLOW_CTX_DAG_OWNER=rafzul
AIRFLOW_CTX_DAG_ID=entsoe-energydata-backfill
AIRFLOW_CTX_TASK_ID=extract_generation
AIRFLOW_CTX_EXECUTION_DATE=2021-01-01T03:00:00+00:00
AIRFLOW_CTX_TRY_NUMBER=1
AIRFLOW_CTX_DAG_RUN_ID=scheduled__2021-01-01T03:00:00+00:00
[2023-01-31T14:09:35.083+0000] {crypto.py:83} WARNING - empty cryptography key - values will not be stored encrypted.
[2023-01-31T14:09:35.083+0000] {base.py:73} INFO - Using connection ID 'google_cloud_default' for task execution.
[2023-01-31T14:09:35.480+0000] {python.py:177} INFO - Done. Returned value was: None
[2023-01-31T14:09:35.519+0000] {taskinstance.py:1322} INFO - Marking task as SUCCESS. dag_id=entsoe-energydata-backfill, task_id=extract_generation, execution_date=20210101T030000, start_date=20230131T140932, end_date=20230131T140935
[2023-01-31T14:09:35.594+0000] {local_task_job.py:159} INFO - Task exited with return code 0
[2023-01-31T14:09:35.628+0000] {taskinstance.py:2582} INFO - 1 downstream tasks scheduled from follow-on schedule check
[2023-01-31T14:10:40.023+0000] {taskinstance.py:1087} INFO - Dependencies all met for <TaskInstance: entsoe-energydata-backfill.extract_generation scheduled__2021-01-01T03:00:00+00:00 [queued]>
[2023-01-31T14:10:40.068+0000] {taskinstance.py:1087} INFO - Dependencies all met for <TaskInstance: entsoe-energydata-backfill.extract_generation scheduled__2021-01-01T03:00:00+00:00 [queued]>
[2023-01-31T14:10:40.068+0000] {taskinstance.py:1283} INFO - 
--------------------------------------------------------------------------------
[2023-01-31T14:10:40.068+0000] {taskinstance.py:1284} INFO - Starting attempt 1 of 4
[2023-01-31T14:10:40.069+0000] {taskinstance.py:1285} INFO - 
--------------------------------------------------------------------------------
[2023-01-31T14:10:40.113+0000] {taskinstance.py:1304} INFO - Executing <Task(PythonOperator): extract_generation> on 2021-01-01 03:00:00+00:00
[2023-01-31T14:10:40.135+0000] {standard_task_runner.py:55} INFO - Started process 6176 to run task
[2023-01-31T14:10:40.148+0000] {standard_task_runner.py:82} INFO - Running: ['***', 'tasks', 'run', 'entsoe-energydata-backfill', 'extract_generation', 'scheduled__2021-01-01T03:00:00+00:00', '--job-id', '1049', '--raw', '--subdir', 'DAGS_FOLDER/ingestion_energydata_dag.py', '--cfg-path', '/tmp/tmpy1swi969']
[2023-01-31T14:10:40.154+0000] {standard_task_runner.py:83} INFO - Job 1049: Subtask extract_generation
[2023-01-31T14:10:40.684+0000] {task_command.py:389} INFO - Running <TaskInstance: entsoe-energydata-backfill.extract_generation scheduled__2021-01-01T03:00:00+00:00 [running]> on host b37fe3cbf330
[2023-01-31T14:10:41.294+0000] {taskinstance.py:1511} INFO - Exporting the following env vars:
AIRFLOW_CTX_DAG_OWNER=rafzul
AIRFLOW_CTX_DAG_ID=entsoe-energydata-backfill
AIRFLOW_CTX_TASK_ID=extract_generation
AIRFLOW_CTX_EXECUTION_DATE=2021-01-01T03:00:00+00:00
AIRFLOW_CTX_TRY_NUMBER=1
AIRFLOW_CTX_DAG_RUN_ID=scheduled__2021-01-01T03:00:00+00:00
[2023-01-31T14:10:44.894+0000] {crypto.py:83} WARNING - empty cryptography key - values will not be stored encrypted.
[2023-01-31T14:10:44.896+0000] {base.py:73} INFO - Using connection ID 'google_cloud_default' for task execution.
[2023-01-31T14:10:45.553+0000] {python.py:177} INFO - Done. Returned value was: None
[2023-01-31T14:10:45.585+0000] {taskinstance.py:1322} INFO - Marking task as SUCCESS. dag_id=entsoe-energydata-backfill, task_id=extract_generation, execution_date=20210101T030000, start_date=20230131T141040, end_date=20230131T141045
[2023-01-31T14:10:45.747+0000] {local_task_job.py:159} INFO - Task exited with return code 0
[2023-01-31T14:10:45.970+0000] {taskinstance.py:2582} INFO - 1 downstream tasks scheduled from follow-on schedule check
[2023-01-31T14:27:57.603+0000] {taskinstance.py:1087} INFO - Dependencies all met for <TaskInstance: entsoe-energydata-backfill.extract_generation scheduled__2021-01-01T03:00:00+00:00 [queued]>
[2023-01-31T14:27:57.633+0000] {taskinstance.py:1087} INFO - Dependencies all met for <TaskInstance: entsoe-energydata-backfill.extract_generation scheduled__2021-01-01T03:00:00+00:00 [queued]>
[2023-01-31T14:27:57.636+0000] {taskinstance.py:1283} INFO - 
--------------------------------------------------------------------------------
[2023-01-31T14:27:57.636+0000] {taskinstance.py:1284} INFO - Starting attempt 1 of 4
[2023-01-31T14:27:57.637+0000] {taskinstance.py:1285} INFO - 
--------------------------------------------------------------------------------
[2023-01-31T14:27:57.674+0000] {taskinstance.py:1304} INFO - Executing <Task(PythonOperator): extract_generation> on 2021-01-01 03:00:00+00:00
[2023-01-31T14:27:57.709+0000] {standard_task_runner.py:55} INFO - Started process 9249 to run task
[2023-01-31T14:27:57.725+0000] {standard_task_runner.py:82} INFO - Running: ['***', 'tasks', 'run', 'entsoe-energydata-backfill', 'extract_generation', 'scheduled__2021-01-01T03:00:00+00:00', '--job-id', '1070', '--raw', '--subdir', 'DAGS_FOLDER/ingestion_energydata_dag.py', '--cfg-path', '/tmp/tmp4hdhej5g']
[2023-01-31T14:27:57.733+0000] {standard_task_runner.py:83} INFO - Job 1070: Subtask extract_generation
[2023-01-31T14:27:57.941+0000] {task_command.py:389} INFO - Running <TaskInstance: entsoe-energydata-backfill.extract_generation scheduled__2021-01-01T03:00:00+00:00 [running]> on host b37fe3cbf330
[2023-01-31T14:27:58.149+0000] {taskinstance.py:1511} INFO - Exporting the following env vars:
AIRFLOW_CTX_DAG_OWNER=rafzul
AIRFLOW_CTX_DAG_ID=entsoe-energydata-backfill
AIRFLOW_CTX_TASK_ID=extract_generation
AIRFLOW_CTX_EXECUTION_DATE=2021-01-01T03:00:00+00:00
AIRFLOW_CTX_TRY_NUMBER=1
AIRFLOW_CTX_DAG_RUN_ID=scheduled__2021-01-01T03:00:00+00:00
[2023-01-31T14:27:59.864+0000] {crypto.py:83} WARNING - empty cryptography key - values will not be stored encrypted.
[2023-01-31T14:27:59.865+0000] {base.py:73} INFO - Using connection ID 'google_cloud_default' for task execution.
[2023-01-31T14:28:00.456+0000] {python.py:177} INFO - Done. Returned value was: None
[2023-01-31T14:28:00.564+0000] {taskinstance.py:1322} INFO - Marking task as SUCCESS. dag_id=entsoe-energydata-backfill, task_id=extract_generation, execution_date=20210101T030000, start_date=20230131T142757, end_date=20230131T142800
[2023-01-31T14:28:00.684+0000] {local_task_job.py:159} INFO - Task exited with return code 0
[2023-01-31T14:28:00.769+0000] {taskinstance.py:2582} INFO - 1 downstream tasks scheduled from follow-on schedule check
[2023-02-08T01:32:07.177+0000] {taskinstance.py:1087} INFO - Dependencies all met for <TaskInstance: entsoe-energydata-backfill.extract_generation scheduled__2021-01-01T03:00:00+00:00 [queued]>
[2023-02-08T01:32:07.232+0000] {taskinstance.py:1087} INFO - Dependencies all met for <TaskInstance: entsoe-energydata-backfill.extract_generation scheduled__2021-01-01T03:00:00+00:00 [queued]>
[2023-02-08T01:32:07.232+0000] {taskinstance.py:1283} INFO - 
--------------------------------------------------------------------------------
[2023-02-08T01:32:07.233+0000] {taskinstance.py:1284} INFO - Starting attempt 1 of 4
[2023-02-08T01:32:07.233+0000] {taskinstance.py:1285} INFO - 
--------------------------------------------------------------------------------
[2023-02-08T01:32:07.286+0000] {taskinstance.py:1304} INFO - Executing <Task(PythonOperator): extract_generation> on 2021-01-01 03:00:00+00:00
[2023-02-08T01:32:07.332+0000] {standard_task_runner.py:55} INFO - Started process 4076 to run task
[2023-02-08T01:32:07.351+0000] {standard_task_runner.py:82} INFO - Running: ['***', 'tasks', 'run', 'entsoe-energydata-backfill', 'extract_generation', 'scheduled__2021-01-01T03:00:00+00:00', '--job-id', '1114', '--raw', '--subdir', 'DAGS_FOLDER/ingestion_energydata_dag.py', '--cfg-path', '/tmp/tmpwjnm_rf7']
[2023-02-08T01:32:07.361+0000] {standard_task_runner.py:83} INFO - Job 1114: Subtask extract_generation
[2023-02-08T01:32:08.078+0000] {task_command.py:389} INFO - Running <TaskInstance: entsoe-energydata-backfill.extract_generation scheduled__2021-01-01T03:00:00+00:00 [running]> on host 4e853e3e6d16
[2023-02-08T01:32:08.710+0000] {taskinstance.py:1511} INFO - Exporting the following env vars:
AIRFLOW_CTX_DAG_OWNER=rafzul
AIRFLOW_CTX_DAG_ID=entsoe-energydata-backfill
AIRFLOW_CTX_TASK_ID=extract_generation
AIRFLOW_CTX_EXECUTION_DATE=2021-01-01T03:00:00+00:00
AIRFLOW_CTX_TRY_NUMBER=1
AIRFLOW_CTX_DAG_RUN_ID=scheduled__2021-01-01T03:00:00+00:00
[2023-02-08T01:32:10.340+0000] {crypto.py:83} WARNING - empty cryptography key - values will not be stored encrypted.
[2023-02-08T01:32:10.341+0000] {base.py:73} INFO - Using connection ID 'google_cloud_default' for task execution.
[2023-02-08T01:32:10.898+0000] {python.py:177} INFO - Done. Returned value was: None
[2023-02-08T01:32:10.941+0000] {taskinstance.py:1322} INFO - Marking task as SUCCESS. dag_id=entsoe-energydata-backfill, task_id=extract_generation, execution_date=20210101T030000, start_date=20230208T013207, end_date=20230208T013210
[2023-02-08T01:32:11.020+0000] {local_task_job.py:159} INFO - Task exited with return code 0
[2023-02-08T01:32:11.206+0000] {taskinstance.py:2582} INFO - 0 downstream tasks scheduled from follow-on schedule check
