[2023-01-30T10:54:22.648+0000] {taskinstance.py:1087} INFO - Dependencies all met for <TaskInstance: entsoe-energydata.extract_generation scheduled__2021-01-01T03:00:00+00:00 [queued]>
[2023-01-30T10:54:22.766+0000] {taskinstance.py:1087} INFO - Dependencies all met for <TaskInstance: entsoe-energydata.extract_generation scheduled__2021-01-01T03:00:00+00:00 [queued]>
[2023-01-30T10:54:22.767+0000] {taskinstance.py:1283} INFO - 
--------------------------------------------------------------------------------
[2023-01-30T10:54:22.770+0000] {taskinstance.py:1284} INFO - Starting attempt 1 of 4
[2023-01-30T10:54:22.771+0000] {taskinstance.py:1285} INFO - 
--------------------------------------------------------------------------------
[2023-01-30T10:54:23.040+0000] {taskinstance.py:1304} INFO - Executing <Task(PythonOperator): extract_generation> on 2021-01-01 03:00:00+00:00
[2023-01-30T10:54:23.204+0000] {standard_task_runner.py:55} INFO - Started process 185 to run task
[2023-01-30T10:54:23.298+0000] {standard_task_runner.py:82} INFO - Running: ['***', 'tasks', 'run', 'entsoe-energydata', 'extract_generation', 'scheduled__2021-01-01T03:00:00+00:00', '--job-id', '523', '--raw', '--subdir', 'DAGS_FOLDER/ingestion_energydata_dag.py', '--cfg-path', '/tmp/tmpg9u6fb3l']
[2023-01-30T10:54:23.318+0000] {standard_task_runner.py:83} INFO - Job 523: Subtask extract_generation
[2023-01-30T10:54:23.702+0000] {task_command.py:389} INFO - Running <TaskInstance: entsoe-energydata.extract_generation scheduled__2021-01-01T03:00:00+00:00 [running]> on host 5b6f5d29e531
[2023-01-30T10:54:24.238+0000] {taskinstance.py:1511} INFO - Exporting the following env vars:
AIRFLOW_CTX_DAG_OWNER=rafzul
AIRFLOW_CTX_DAG_ID=entsoe-energydata
AIRFLOW_CTX_TASK_ID=extract_generation
AIRFLOW_CTX_EXECUTION_DATE=2021-01-01T03:00:00+00:00
AIRFLOW_CTX_TRY_NUMBER=1
AIRFLOW_CTX_DAG_RUN_ID=scheduled__2021-01-01T03:00:00+00:00
[2023-01-30T10:54:25.787+0000] {crypto.py:83} WARNING - empty cryptography key - values will not be stored encrypted.
[2023-01-30T10:54:25.788+0000] {base.py:73} INFO - Using connection ID 'google_cloud_default' for task execution.
[2023-01-30T10:54:26.370+0000] {python.py:177} INFO - Done. Returned value was: None
[2023-01-30T10:54:26.465+0000] {taskinstance.py:1322} INFO - Marking task as SUCCESS. dag_id=entsoe-energydata, task_id=extract_generation, execution_date=20210101T030000, start_date=20230130T105422, end_date=20230130T105426
[2023-01-30T10:54:26.598+0000] {local_task_job.py:159} INFO - Task exited with return code 0
[2023-01-30T10:57:17.461+0000] {taskinstance.py:1087} INFO - Dependencies all met for <TaskInstance: entsoe-energydata.extract_generation scheduled__2021-01-01T03:00:00+00:00 [queued]>
[2023-01-30T10:57:17.499+0000] {taskinstance.py:1087} INFO - Dependencies all met for <TaskInstance: entsoe-energydata.extract_generation scheduled__2021-01-01T03:00:00+00:00 [queued]>
[2023-01-30T10:57:17.499+0000] {taskinstance.py:1283} INFO - 
--------------------------------------------------------------------------------
[2023-01-30T10:57:17.500+0000] {taskinstance.py:1284} INFO - Starting attempt 1 of 4
[2023-01-30T10:57:17.500+0000] {taskinstance.py:1285} INFO - 
--------------------------------------------------------------------------------
[2023-01-30T10:57:17.541+0000] {taskinstance.py:1304} INFO - Executing <Task(PythonOperator): extract_generation> on 2021-01-01 03:00:00+00:00
[2023-01-30T10:57:17.570+0000] {standard_task_runner.py:55} INFO - Started process 389 to run task
[2023-01-30T10:57:17.585+0000] {standard_task_runner.py:82} INFO - Running: ['***', 'tasks', 'run', 'entsoe-energydata', 'extract_generation', 'scheduled__2021-01-01T03:00:00+00:00', '--job-id', '539', '--raw', '--subdir', 'DAGS_FOLDER/ingestion_energydata_dag.py', '--cfg-path', '/tmp/tmp1adfbqkh']
[2023-01-30T10:57:17.595+0000] {standard_task_runner.py:83} INFO - Job 539: Subtask extract_generation
[2023-01-30T10:57:17.835+0000] {task_command.py:389} INFO - Running <TaskInstance: entsoe-energydata.extract_generation scheduled__2021-01-01T03:00:00+00:00 [running]> on host 5b6f5d29e531
[2023-01-30T10:57:18.117+0000] {taskinstance.py:1511} INFO - Exporting the following env vars:
AIRFLOW_CTX_DAG_OWNER=rafzul
AIRFLOW_CTX_DAG_ID=entsoe-energydata
AIRFLOW_CTX_TASK_ID=extract_generation
AIRFLOW_CTX_EXECUTION_DATE=2021-01-01T03:00:00+00:00
AIRFLOW_CTX_TRY_NUMBER=1
AIRFLOW_CTX_DAG_RUN_ID=scheduled__2021-01-01T03:00:00+00:00
[2023-01-30T10:57:19.560+0000] {crypto.py:83} WARNING - empty cryptography key - values will not be stored encrypted.
[2023-01-30T10:57:19.561+0000] {base.py:73} INFO - Using connection ID 'google_cloud_default' for task execution.
[2023-01-30T10:57:19.912+0000] {python.py:177} INFO - Done. Returned value was: None
[2023-01-30T10:57:19.945+0000] {taskinstance.py:1322} INFO - Marking task as SUCCESS. dag_id=entsoe-energydata, task_id=extract_generation, execution_date=20210101T030000, start_date=20230130T105717, end_date=20230130T105719
[2023-01-30T10:57:20.182+0000] {local_task_job.py:159} INFO - Task exited with return code 0
[2023-01-30T10:57:20.329+0000] {taskinstance.py:2582} INFO - 1 downstream tasks scheduled from follow-on schedule check
