[2023-02-08T01:32:02.774+0000] {taskinstance.py:1087} INFO - Dependencies all met for <TaskInstance: entsoe-energydata-backfill.extract_load scheduled__2021-01-01T00:00:00+00:00 [queued]>
[2023-02-08T01:32:02.936+0000] {taskinstance.py:1087} INFO - Dependencies all met for <TaskInstance: entsoe-energydata-backfill.extract_load scheduled__2021-01-01T00:00:00+00:00 [queued]>
[2023-02-08T01:32:02.936+0000] {taskinstance.py:1283} INFO - 
--------------------------------------------------------------------------------
[2023-02-08T01:32:02.937+0000] {taskinstance.py:1284} INFO - Starting attempt 1 of 4
[2023-02-08T01:32:02.937+0000] {taskinstance.py:1285} INFO - 
--------------------------------------------------------------------------------
[2023-02-08T01:32:03.069+0000] {taskinstance.py:1304} INFO - Executing <Task(PythonOperator): extract_load> on 2021-01-01 00:00:00+00:00
[2023-02-08T01:32:03.128+0000] {standard_task_runner.py:55} INFO - Started process 4071 to run task
[2023-02-08T01:32:03.166+0000] {standard_task_runner.py:82} INFO - Running: ['***', 'tasks', 'run', 'entsoe-energydata-backfill', 'extract_load', 'scheduled__2021-01-01T00:00:00+00:00', '--job-id', '1111', '--raw', '--subdir', 'DAGS_FOLDER/ingestion_energydata_dag.py', '--cfg-path', '/tmp/tmpuembr5jr']
[2023-02-08T01:32:03.192+0000] {standard_task_runner.py:83} INFO - Job 1111: Subtask extract_load
[2023-02-08T01:32:03.746+0000] {task_command.py:389} INFO - Running <TaskInstance: entsoe-energydata-backfill.extract_load scheduled__2021-01-01T00:00:00+00:00 [running]> on host 4e853e3e6d16
[2023-02-08T01:32:04.147+0000] {taskinstance.py:1511} INFO - Exporting the following env vars:
AIRFLOW_CTX_DAG_OWNER=rafzul
AIRFLOW_CTX_DAG_ID=entsoe-energydata-backfill
AIRFLOW_CTX_TASK_ID=extract_load
AIRFLOW_CTX_EXECUTION_DATE=2021-01-01T00:00:00+00:00
AIRFLOW_CTX_TRY_NUMBER=1
AIRFLOW_CTX_DAG_RUN_ID=scheduled__2021-01-01T00:00:00+00:00
[2023-02-08T01:32:05.625+0000] {crypto.py:83} WARNING - empty cryptography key - values will not be stored encrypted.
[2023-02-08T01:32:05.626+0000] {base.py:73} INFO - Using connection ID 'google_cloud_default' for task execution.
[2023-02-08T01:32:06.666+0000] {python.py:177} INFO - Done. Returned value was: None
[2023-02-08T01:32:06.745+0000] {taskinstance.py:1322} INFO - Marking task as SUCCESS. dag_id=entsoe-energydata-backfill, task_id=extract_load, execution_date=20210101T000000, start_date=20230208T013202, end_date=20230208T013206
[2023-02-08T01:32:06.898+0000] {local_task_job.py:159} INFO - Task exited with return code 0
[2023-02-08T01:32:07.231+0000] {taskinstance.py:2582} INFO - 0 downstream tasks scheduled from follow-on schedule check
