[2023-01-17T16:50:14.144+0000] {taskinstance.py:1087} INFO - Dependencies all met for <TaskInstance: ingestion-energydata.extract_generation scheduled__2021-01-01T06:00:00+00:00 [queued]>
[2023-01-17T16:50:14.188+0000] {taskinstance.py:1087} INFO - Dependencies all met for <TaskInstance: ingestion-energydata.extract_generation scheduled__2021-01-01T06:00:00+00:00 [queued]>
[2023-01-17T16:50:14.189+0000] {taskinstance.py:1283} INFO - 
--------------------------------------------------------------------------------
[2023-01-17T16:50:14.189+0000] {taskinstance.py:1284} INFO - Starting attempt 1 of 4
[2023-01-17T16:50:14.190+0000] {taskinstance.py:1285} INFO - 
--------------------------------------------------------------------------------
[2023-01-17T16:50:14.250+0000] {taskinstance.py:1304} INFO - Executing <Task(PythonOperator): extract_generation> on 2021-01-01 06:00:00+00:00
[2023-01-17T16:50:14.300+0000] {standard_task_runner.py:55} INFO - Started process 1393 to run task
[2023-01-17T16:50:14.400+0000] {standard_task_runner.py:82} INFO - Running: ['***', 'tasks', 'run', 'ingestion-energydata', 'extract_generation', 'scheduled__2021-01-01T06:00:00+00:00', '--job-id', '22', '--raw', '--subdir', 'DAGS_FOLDER/ingestion_energydata_dag.py', '--cfg-path', '/tmp/tmpdoyqwde3']
[2023-01-17T16:50:14.410+0000] {standard_task_runner.py:83} INFO - Job 22: Subtask extract_generation
[2023-01-17T16:50:15.252+0000] {task_command.py:389} INFO - Running <TaskInstance: ingestion-energydata.extract_generation scheduled__2021-01-01T06:00:00+00:00 [running]> on host 60e8e9877e7a
[2023-01-17T16:50:15.808+0000] {taskinstance.py:1511} INFO - Exporting the following env vars:
AIRFLOW_CTX_DAG_OWNER=rafzul
AIRFLOW_CTX_DAG_ID=ingestion-energydata
AIRFLOW_CTX_TASK_ID=extract_generation
AIRFLOW_CTX_EXECUTION_DATE=2021-01-01T06:00:00+00:00
AIRFLOW_CTX_TRY_NUMBER=1
AIRFLOW_CTX_DAG_RUN_ID=scheduled__2021-01-01T06:00:00+00:00
[2023-01-17T16:50:18.656+0000] {crypto.py:83} WARNING - empty cryptography key - values will not be stored encrypted.
[2023-01-17T16:50:18.657+0000] {base.py:73} INFO - Using connection ID 'google_cloud_default' for task execution.
[2023-01-17T16:50:19.172+0000] {python.py:177} INFO - Done. Returned value was: None
[2023-01-17T16:50:19.223+0000] {taskinstance.py:1322} INFO - Marking task as SUCCESS. dag_id=ingestion-energydata, task_id=extract_generation, execution_date=20210101T060000, start_date=20230117T165014, end_date=20230117T165019
[2023-01-17T16:50:19.345+0000] {local_task_job.py:159} INFO - Task exited with return code 0
[2023-01-17T16:50:19.411+0000] {taskinstance.py:2582} INFO - 0 downstream tasks scheduled from follow-on schedule check
[2023-01-17T19:02:44.061+0000] {taskinstance.py:1087} INFO - Dependencies all met for <TaskInstance: ingestion-energydata.extract_generation scheduled__2021-01-01T06:00:00+00:00 [queued]>
[2023-01-17T19:02:44.087+0000] {taskinstance.py:1087} INFO - Dependencies all met for <TaskInstance: ingestion-energydata.extract_generation scheduled__2021-01-01T06:00:00+00:00 [queued]>
[2023-01-17T19:02:44.089+0000] {taskinstance.py:1283} INFO - 
--------------------------------------------------------------------------------
[2023-01-17T19:02:44.089+0000] {taskinstance.py:1284} INFO - Starting attempt 1 of 4
[2023-01-17T19:02:44.089+0000] {taskinstance.py:1285} INFO - 
--------------------------------------------------------------------------------
[2023-01-17T19:02:44.120+0000] {taskinstance.py:1304} INFO - Executing <Task(PythonOperator): extract_generation> on 2021-01-01 06:00:00+00:00
[2023-01-17T19:02:44.137+0000] {standard_task_runner.py:55} INFO - Started process 9573 to run task
[2023-01-17T19:02:44.143+0000] {standard_task_runner.py:82} INFO - Running: ['***', 'tasks', 'run', 'ingestion-energydata', 'extract_generation', 'scheduled__2021-01-01T06:00:00+00:00', '--job-id', '37', '--raw', '--subdir', 'DAGS_FOLDER/ingestion_energydata_dag.py', '--cfg-path', '/tmp/tmpbx3udbap']
[2023-01-17T19:02:44.147+0000] {standard_task_runner.py:83} INFO - Job 37: Subtask extract_generation
[2023-01-17T19:02:44.240+0000] {task_command.py:389} INFO - Running <TaskInstance: ingestion-energydata.extract_generation scheduled__2021-01-01T06:00:00+00:00 [running]> on host 60e8e9877e7a
[2023-01-17T19:02:44.328+0000] {taskinstance.py:1511} INFO - Exporting the following env vars:
AIRFLOW_CTX_DAG_OWNER=rafzul
AIRFLOW_CTX_DAG_ID=ingestion-energydata
AIRFLOW_CTX_TASK_ID=extract_generation
AIRFLOW_CTX_EXECUTION_DATE=2021-01-01T06:00:00+00:00
AIRFLOW_CTX_TRY_NUMBER=1
AIRFLOW_CTX_DAG_RUN_ID=scheduled__2021-01-01T06:00:00+00:00
[2023-01-17T19:02:45.724+0000] {crypto.py:83} WARNING - empty cryptography key - values will not be stored encrypted.
[2023-01-17T19:02:45.725+0000] {base.py:73} INFO - Using connection ID 'google_cloud_default' for task execution.
[2023-01-17T19:02:46.049+0000] {python.py:177} INFO - Done. Returned value was: None
[2023-01-17T19:02:46.081+0000] {taskinstance.py:1322} INFO - Marking task as SUCCESS. dag_id=ingestion-energydata, task_id=extract_generation, execution_date=20210101T060000, start_date=20230117T190244, end_date=20230117T190246
[2023-01-17T19:02:46.131+0000] {local_task_job.py:159} INFO - Task exited with return code 0
[2023-01-17T19:02:46.170+0000] {taskinstance.py:2582} INFO - 0 downstream tasks scheduled from follow-on schedule check
