[2023-01-30T10:54:22.764+0000] {taskinstance.py:1087} INFO - Dependencies all met for <TaskInstance: entsoe-energydata.extract_generation scheduled__2021-01-01T04:00:00+00:00 [queued]>
[2023-01-30T10:54:22.862+0000] {taskinstance.py:1087} INFO - Dependencies all met for <TaskInstance: entsoe-energydata.extract_generation scheduled__2021-01-01T04:00:00+00:00 [queued]>
[2023-01-30T10:54:22.863+0000] {taskinstance.py:1283} INFO - 
--------------------------------------------------------------------------------
[2023-01-30T10:54:22.864+0000] {taskinstance.py:1284} INFO - Starting attempt 1 of 4
[2023-01-30T10:54:22.864+0000] {taskinstance.py:1285} INFO - 
--------------------------------------------------------------------------------
[2023-01-30T10:54:23.040+0000] {taskinstance.py:1304} INFO - Executing <Task(PythonOperator): extract_generation> on 2021-01-01 04:00:00+00:00
[2023-01-30T10:54:23.073+0000] {standard_task_runner.py:55} INFO - Started process 182 to run task
[2023-01-30T10:54:23.120+0000] {standard_task_runner.py:82} INFO - Running: ['***', 'tasks', 'run', 'entsoe-energydata', 'extract_generation', 'scheduled__2021-01-01T04:00:00+00:00', '--job-id', '525', '--raw', '--subdir', 'DAGS_FOLDER/ingestion_energydata_dag.py', '--cfg-path', '/tmp/tmp60axgpvg']
[2023-01-30T10:54:23.131+0000] {standard_task_runner.py:83} INFO - Job 525: Subtask extract_generation
[2023-01-30T10:54:23.688+0000] {task_command.py:389} INFO - Running <TaskInstance: entsoe-energydata.extract_generation scheduled__2021-01-01T04:00:00+00:00 [running]> on host 5b6f5d29e531
[2023-01-30T10:54:24.093+0000] {taskinstance.py:1511} INFO - Exporting the following env vars:
AIRFLOW_CTX_DAG_OWNER=rafzul
AIRFLOW_CTX_DAG_ID=entsoe-energydata
AIRFLOW_CTX_TASK_ID=extract_generation
AIRFLOW_CTX_EXECUTION_DATE=2021-01-01T04:00:00+00:00
AIRFLOW_CTX_TRY_NUMBER=1
AIRFLOW_CTX_DAG_RUN_ID=scheduled__2021-01-01T04:00:00+00:00
[2023-01-30T10:54:25.488+0000] {crypto.py:83} WARNING - empty cryptography key - values will not be stored encrypted.
[2023-01-30T10:54:25.489+0000] {base.py:73} INFO - Using connection ID 'google_cloud_default' for task execution.
[2023-01-30T10:54:25.983+0000] {python.py:177} INFO - Done. Returned value was: None
[2023-01-30T10:54:26.047+0000] {taskinstance.py:1322} INFO - Marking task as SUCCESS. dag_id=entsoe-energydata, task_id=extract_generation, execution_date=20210101T040000, start_date=20230130T105422, end_date=20230130T105426
[2023-01-30T10:54:26.205+0000] {local_task_job.py:159} INFO - Task exited with return code 0
[2023-01-30T10:57:17.298+0000] {taskinstance.py:1087} INFO - Dependencies all met for <TaskInstance: entsoe-energydata.extract_generation scheduled__2021-01-01T04:00:00+00:00 [queued]>
[2023-01-30T10:57:17.357+0000] {taskinstance.py:1087} INFO - Dependencies all met for <TaskInstance: entsoe-energydata.extract_generation scheduled__2021-01-01T04:00:00+00:00 [queued]>
[2023-01-30T10:57:17.357+0000] {taskinstance.py:1283} INFO - 
--------------------------------------------------------------------------------
[2023-01-30T10:57:17.358+0000] {taskinstance.py:1284} INFO - Starting attempt 1 of 4
[2023-01-30T10:57:17.358+0000] {taskinstance.py:1285} INFO - 
--------------------------------------------------------------------------------
[2023-01-30T10:57:17.450+0000] {taskinstance.py:1304} INFO - Executing <Task(PythonOperator): extract_generation> on 2021-01-01 04:00:00+00:00
[2023-01-30T10:57:17.478+0000] {standard_task_runner.py:55} INFO - Started process 387 to run task
[2023-01-30T10:57:17.505+0000] {standard_task_runner.py:82} INFO - Running: ['***', 'tasks', 'run', 'entsoe-energydata', 'extract_generation', 'scheduled__2021-01-01T04:00:00+00:00', '--job-id', '537', '--raw', '--subdir', 'DAGS_FOLDER/ingestion_energydata_dag.py', '--cfg-path', '/tmp/tmpihjkantg']
[2023-01-30T10:57:17.513+0000] {standard_task_runner.py:83} INFO - Job 537: Subtask extract_generation
[2023-01-30T10:57:17.807+0000] {task_command.py:389} INFO - Running <TaskInstance: entsoe-energydata.extract_generation scheduled__2021-01-01T04:00:00+00:00 [running]> on host 5b6f5d29e531
[2023-01-30T10:57:18.120+0000] {taskinstance.py:1511} INFO - Exporting the following env vars:
AIRFLOW_CTX_DAG_OWNER=rafzul
AIRFLOW_CTX_DAG_ID=entsoe-energydata
AIRFLOW_CTX_TASK_ID=extract_generation
AIRFLOW_CTX_EXECUTION_DATE=2021-01-01T04:00:00+00:00
AIRFLOW_CTX_TRY_NUMBER=1
AIRFLOW_CTX_DAG_RUN_ID=scheduled__2021-01-01T04:00:00+00:00
[2023-01-30T10:57:19.528+0000] {crypto.py:83} WARNING - empty cryptography key - values will not be stored encrypted.
[2023-01-30T10:57:19.528+0000] {base.py:73} INFO - Using connection ID 'google_cloud_default' for task execution.
[2023-01-30T10:57:19.903+0000] {python.py:177} INFO - Done. Returned value was: None
[2023-01-30T10:57:19.933+0000] {taskinstance.py:1322} INFO - Marking task as SUCCESS. dag_id=entsoe-energydata, task_id=extract_generation, execution_date=20210101T040000, start_date=20230130T105717, end_date=20230130T105719
[2023-01-30T10:57:20.216+0000] {local_task_job.py:159} INFO - Task exited with return code 0
[2023-01-30T10:57:20.367+0000] {taskinstance.py:2582} INFO - 1 downstream tasks scheduled from follow-on schedule check
[2023-01-30T18:09:14.852+0000] {taskinstance.py:1087} INFO - Dependencies all met for <TaskInstance: entsoe-energydata.extract_generation scheduled__2021-01-01T04:00:00+00:00 [queued]>
[2023-01-30T18:09:14.880+0000] {taskinstance.py:1087} INFO - Dependencies all met for <TaskInstance: entsoe-energydata.extract_generation scheduled__2021-01-01T04:00:00+00:00 [queued]>
[2023-01-30T18:09:14.880+0000] {taskinstance.py:1283} INFO - 
--------------------------------------------------------------------------------
[2023-01-30T18:09:14.881+0000] {taskinstance.py:1284} INFO - Starting attempt 1 of 4
[2023-01-30T18:09:14.881+0000] {taskinstance.py:1285} INFO - 
--------------------------------------------------------------------------------
[2023-01-30T18:09:14.932+0000] {taskinstance.py:1304} INFO - Executing <Task(PythonOperator): extract_generation> on 2021-01-01 04:00:00+00:00
[2023-01-30T18:09:14.987+0000] {standard_task_runner.py:55} INFO - Started process 13013 to run task
[2023-01-30T18:09:15.019+0000] {standard_task_runner.py:82} INFO - Running: ['***', 'tasks', 'run', 'entsoe-energydata', 'extract_generation', 'scheduled__2021-01-01T04:00:00+00:00', '--job-id', '566', '--raw', '--subdir', 'DAGS_FOLDER/ingestion_energydata_dag.py', '--cfg-path', '/tmp/tmps49958da']
[2023-01-30T18:09:15.046+0000] {standard_task_runner.py:83} INFO - Job 566: Subtask extract_generation
[2023-01-30T18:09:15.388+0000] {task_command.py:389} INFO - Running <TaskInstance: entsoe-energydata.extract_generation scheduled__2021-01-01T04:00:00+00:00 [running]> on host 64b72c0214de
[2023-01-30T18:09:15.901+0000] {taskinstance.py:1511} INFO - Exporting the following env vars:
AIRFLOW_CTX_DAG_OWNER=rafzul
AIRFLOW_CTX_DAG_ID=entsoe-energydata
AIRFLOW_CTX_TASK_ID=extract_generation
AIRFLOW_CTX_EXECUTION_DATE=2021-01-01T04:00:00+00:00
AIRFLOW_CTX_TRY_NUMBER=1
AIRFLOW_CTX_DAG_RUN_ID=scheduled__2021-01-01T04:00:00+00:00
[2023-01-30T18:09:17.478+0000] {crypto.py:83} WARNING - empty cryptography key - values will not be stored encrypted.
[2023-01-30T18:09:17.479+0000] {base.py:73} INFO - Using connection ID 'google_cloud_default' for task execution.
[2023-01-30T18:09:17.846+0000] {python.py:177} INFO - Done. Returned value was: None
[2023-01-30T18:09:17.921+0000] {taskinstance.py:1322} INFO - Marking task as SUCCESS. dag_id=entsoe-energydata, task_id=extract_generation, execution_date=20210101T040000, start_date=20230130T180914, end_date=20230130T180917
[2023-01-30T18:09:17.987+0000] {local_task_job.py:159} INFO - Task exited with return code 0
[2023-01-30T18:09:18.186+0000] {taskinstance.py:2582} INFO - 1 downstream tasks scheduled from follow-on schedule check
[2023-01-30T18:17:20.187+0000] {taskinstance.py:1087} INFO - Dependencies all met for <TaskInstance: entsoe-energydata.extract_generation scheduled__2021-01-01T04:00:00+00:00 [queued]>
[2023-01-30T18:17:20.219+0000] {taskinstance.py:1087} INFO - Dependencies all met for <TaskInstance: entsoe-energydata.extract_generation scheduled__2021-01-01T04:00:00+00:00 [queued]>
[2023-01-30T18:17:20.219+0000] {taskinstance.py:1283} INFO - 
--------------------------------------------------------------------------------
[2023-01-30T18:17:20.219+0000] {taskinstance.py:1284} INFO - Starting attempt 1 of 4
[2023-01-30T18:17:20.220+0000] {taskinstance.py:1285} INFO - 
--------------------------------------------------------------------------------
[2023-01-30T18:17:20.252+0000] {taskinstance.py:1304} INFO - Executing <Task(PythonOperator): extract_generation> on 2021-01-01 04:00:00+00:00
[2023-01-30T18:17:20.270+0000] {standard_task_runner.py:55} INFO - Started process 14003 to run task
[2023-01-30T18:17:20.282+0000] {standard_task_runner.py:82} INFO - Running: ['***', 'tasks', 'run', 'entsoe-energydata', 'extract_generation', 'scheduled__2021-01-01T04:00:00+00:00', '--job-id', '592', '--raw', '--subdir', 'DAGS_FOLDER/ingestion_energydata_dag.py', '--cfg-path', '/tmp/tmp7okuuldi']
[2023-01-30T18:17:20.286+0000] {standard_task_runner.py:83} INFO - Job 592: Subtask extract_generation
[2023-01-30T18:17:20.427+0000] {task_command.py:389} INFO - Running <TaskInstance: entsoe-energydata.extract_generation scheduled__2021-01-01T04:00:00+00:00 [running]> on host 64b72c0214de
[2023-01-30T18:17:20.555+0000] {taskinstance.py:1511} INFO - Exporting the following env vars:
AIRFLOW_CTX_DAG_OWNER=rafzul
AIRFLOW_CTX_DAG_ID=entsoe-energydata
AIRFLOW_CTX_TASK_ID=extract_generation
AIRFLOW_CTX_EXECUTION_DATE=2021-01-01T04:00:00+00:00
AIRFLOW_CTX_TRY_NUMBER=1
AIRFLOW_CTX_DAG_RUN_ID=scheduled__2021-01-01T04:00:00+00:00
[2023-01-30T18:17:21.962+0000] {crypto.py:83} WARNING - empty cryptography key - values will not be stored encrypted.
[2023-01-30T18:17:21.962+0000] {base.py:73} INFO - Using connection ID 'google_cloud_default' for task execution.
[2023-01-30T18:17:22.263+0000] {python.py:177} INFO - Done. Returned value was: None
[2023-01-30T18:17:22.280+0000] {taskinstance.py:1322} INFO - Marking task as SUCCESS. dag_id=entsoe-energydata, task_id=extract_generation, execution_date=20210101T040000, start_date=20230130T181720, end_date=20230130T181722
[2023-01-30T18:17:22.421+0000] {local_task_job.py:159} INFO - Task exited with return code 0
[2023-01-30T18:17:22.491+0000] {taskinstance.py:2582} INFO - 1 downstream tasks scheduled from follow-on schedule check
[2023-01-30T18:24:45.653+0000] {taskinstance.py:1087} INFO - Dependencies all met for <TaskInstance: entsoe-energydata.extract_generation scheduled__2021-01-01T04:00:00+00:00 [queued]>
[2023-01-30T18:24:45.694+0000] {taskinstance.py:1087} INFO - Dependencies all met for <TaskInstance: entsoe-energydata.extract_generation scheduled__2021-01-01T04:00:00+00:00 [queued]>
[2023-01-30T18:24:45.695+0000] {taskinstance.py:1283} INFO - 
--------------------------------------------------------------------------------
[2023-01-30T18:24:45.695+0000] {taskinstance.py:1284} INFO - Starting attempt 1 of 4
[2023-01-30T18:24:45.696+0000] {taskinstance.py:1285} INFO - 
--------------------------------------------------------------------------------
[2023-01-30T18:24:45.749+0000] {taskinstance.py:1304} INFO - Executing <Task(PythonOperator): extract_generation> on 2021-01-01 04:00:00+00:00
[2023-01-30T18:24:45.797+0000] {standard_task_runner.py:55} INFO - Started process 16473 to run task
[2023-01-30T18:24:45.813+0000] {standard_task_runner.py:82} INFO - Running: ['***', 'tasks', 'run', 'entsoe-energydata', 'extract_generation', 'scheduled__2021-01-01T04:00:00+00:00', '--job-id', '612', '--raw', '--subdir', 'DAGS_FOLDER/ingestion_energydata_dag.py', '--cfg-path', '/tmp/tmpjdbw38v5']
[2023-01-30T18:24:45.825+0000] {standard_task_runner.py:83} INFO - Job 612: Subtask extract_generation
[2023-01-30T18:24:46.050+0000] {task_command.py:389} INFO - Running <TaskInstance: entsoe-energydata.extract_generation scheduled__2021-01-01T04:00:00+00:00 [running]> on host 64b72c0214de
[2023-01-30T18:24:46.401+0000] {taskinstance.py:1511} INFO - Exporting the following env vars:
AIRFLOW_CTX_DAG_OWNER=rafzul
AIRFLOW_CTX_DAG_ID=entsoe-energydata
AIRFLOW_CTX_TASK_ID=extract_generation
AIRFLOW_CTX_EXECUTION_DATE=2021-01-01T04:00:00+00:00
AIRFLOW_CTX_TRY_NUMBER=1
AIRFLOW_CTX_DAG_RUN_ID=scheduled__2021-01-01T04:00:00+00:00
[2023-01-30T18:24:47.959+0000] {crypto.py:83} WARNING - empty cryptography key - values will not be stored encrypted.
[2023-01-30T18:24:47.960+0000] {base.py:73} INFO - Using connection ID 'google_cloud_default' for task execution.
[2023-01-30T18:24:48.694+0000] {python.py:177} INFO - Done. Returned value was: None
[2023-01-30T18:24:48.891+0000] {taskinstance.py:1322} INFO - Marking task as SUCCESS. dag_id=entsoe-energydata, task_id=extract_generation, execution_date=20210101T040000, start_date=20230130T182445, end_date=20230130T182448
[2023-01-30T18:24:49.137+0000] {local_task_job.py:159} INFO - Task exited with return code 0
[2023-01-30T18:24:49.417+0000] {taskinstance.py:2582} INFO - 1 downstream tasks scheduled from follow-on schedule check
[2023-01-30T18:35:18.344+0000] {taskinstance.py:1087} INFO - Dependencies all met for <TaskInstance: entsoe-energydata.extract_generation scheduled__2021-01-01T04:00:00+00:00 [queued]>
[2023-01-30T18:35:18.389+0000] {taskinstance.py:1087} INFO - Dependencies all met for <TaskInstance: entsoe-energydata.extract_generation scheduled__2021-01-01T04:00:00+00:00 [queued]>
[2023-01-30T18:35:18.389+0000] {taskinstance.py:1283} INFO - 
--------------------------------------------------------------------------------
[2023-01-30T18:35:18.390+0000] {taskinstance.py:1284} INFO - Starting attempt 1 of 4
[2023-01-30T18:35:18.390+0000] {taskinstance.py:1285} INFO - 
--------------------------------------------------------------------------------
[2023-01-30T18:35:18.463+0000] {taskinstance.py:1304} INFO - Executing <Task(PythonOperator): extract_generation> on 2021-01-01 04:00:00+00:00
[2023-01-30T18:35:18.530+0000] {standard_task_runner.py:55} INFO - Started process 168 to run task
[2023-01-30T18:35:18.548+0000] {standard_task_runner.py:82} INFO - Running: ['***', 'tasks', 'run', 'entsoe-energydata', 'extract_generation', 'scheduled__2021-01-01T04:00:00+00:00', '--job-id', '649', '--raw', '--subdir', 'DAGS_FOLDER/ingestion_energydata_dag.py', '--cfg-path', '/tmp/tmp95zshcvi']
[2023-01-30T18:35:18.555+0000] {standard_task_runner.py:83} INFO - Job 649: Subtask extract_generation
[2023-01-30T18:35:18.759+0000] {task_command.py:389} INFO - Running <TaskInstance: entsoe-energydata.extract_generation scheduled__2021-01-01T04:00:00+00:00 [running]> on host 767c6fe0d003
[2023-01-30T18:35:18.903+0000] {taskinstance.py:1511} INFO - Exporting the following env vars:
AIRFLOW_CTX_DAG_OWNER=rafzul
AIRFLOW_CTX_DAG_ID=entsoe-energydata
AIRFLOW_CTX_TASK_ID=extract_generation
AIRFLOW_CTX_EXECUTION_DATE=2021-01-01T04:00:00+00:00
AIRFLOW_CTX_TRY_NUMBER=1
AIRFLOW_CTX_DAG_RUN_ID=scheduled__2021-01-01T04:00:00+00:00
[2023-01-30T18:35:20.523+0000] {crypto.py:83} WARNING - empty cryptography key - values will not be stored encrypted.
[2023-01-30T18:35:20.523+0000] {base.py:73} INFO - Using connection ID 'google_cloud_default' for task execution.
[2023-01-30T18:35:20.833+0000] {python.py:177} INFO - Done. Returned value was: None
[2023-01-30T18:35:20.854+0000] {taskinstance.py:1322} INFO - Marking task as SUCCESS. dag_id=entsoe-energydata, task_id=extract_generation, execution_date=20210101T040000, start_date=20230130T183518, end_date=20230130T183520
[2023-01-30T18:35:20.927+0000] {local_task_job.py:159} INFO - Task exited with return code 0
[2023-01-30T18:35:21.021+0000] {taskinstance.py:2582} INFO - 1 downstream tasks scheduled from follow-on schedule check
[2023-01-30T18:44:16.834+0000] {taskinstance.py:1087} INFO - Dependencies all met for <TaskInstance: entsoe-energydata.extract_generation scheduled__2021-01-01T04:00:00+00:00 [queued]>
[2023-01-30T18:44:17.061+0000] {taskinstance.py:1087} INFO - Dependencies all met for <TaskInstance: entsoe-energydata.extract_generation scheduled__2021-01-01T04:00:00+00:00 [queued]>
[2023-01-30T18:44:17.064+0000] {taskinstance.py:1283} INFO - 
--------------------------------------------------------------------------------
[2023-01-30T18:44:17.065+0000] {taskinstance.py:1284} INFO - Starting attempt 1 of 4
[2023-01-30T18:44:17.081+0000] {taskinstance.py:1285} INFO - 
--------------------------------------------------------------------------------
[2023-01-30T18:44:17.277+0000] {taskinstance.py:1304} INFO - Executing <Task(PythonOperator): extract_generation> on 2021-01-01 04:00:00+00:00
[2023-01-30T18:44:17.382+0000] {standard_task_runner.py:55} INFO - Started process 2688 to run task
[2023-01-30T18:44:17.427+0000] {standard_task_runner.py:82} INFO - Running: ['***', 'tasks', 'run', 'entsoe-energydata', 'extract_generation', 'scheduled__2021-01-01T04:00:00+00:00', '--job-id', '665', '--raw', '--subdir', 'DAGS_FOLDER/ingestion_energydata_dag.py', '--cfg-path', '/tmp/tmpxhraomi_']
[2023-01-30T18:44:17.453+0000] {standard_task_runner.py:83} INFO - Job 665: Subtask extract_generation
[2023-01-30T18:44:18.440+0000] {task_command.py:389} INFO - Running <TaskInstance: entsoe-energydata.extract_generation scheduled__2021-01-01T04:00:00+00:00 [running]> on host 767c6fe0d003
[2023-01-30T18:44:19.127+0000] {taskinstance.py:1511} INFO - Exporting the following env vars:
AIRFLOW_CTX_DAG_OWNER=rafzul
AIRFLOW_CTX_DAG_ID=entsoe-energydata
AIRFLOW_CTX_TASK_ID=extract_generation
AIRFLOW_CTX_EXECUTION_DATE=2021-01-01T04:00:00+00:00
AIRFLOW_CTX_TRY_NUMBER=1
AIRFLOW_CTX_DAG_RUN_ID=scheduled__2021-01-01T04:00:00+00:00
[2023-01-30T18:44:20.911+0000] {crypto.py:83} WARNING - empty cryptography key - values will not be stored encrypted.
[2023-01-30T18:44:20.913+0000] {base.py:73} INFO - Using connection ID 'google_cloud_default' for task execution.
[2023-01-30T18:44:22.116+0000] {python.py:177} INFO - Done. Returned value was: None
[2023-01-30T18:44:22.219+0000] {taskinstance.py:1322} INFO - Marking task as SUCCESS. dag_id=entsoe-energydata, task_id=extract_generation, execution_date=20210101T040000, start_date=20230130T184416, end_date=20230130T184422
[2023-01-30T18:44:22.959+0000] {local_task_job.py:159} INFO - Task exited with return code 0
[2023-01-30T18:44:23.110+0000] {taskinstance.py:2582} INFO - 0 downstream tasks scheduled from follow-on schedule check
[2023-01-31T01:10:38.489+0000] {taskinstance.py:1087} INFO - Dependencies all met for <TaskInstance: entsoe-energydata.extract_generation scheduled__2021-01-01T04:00:00+00:00 [queued]>
[2023-01-31T01:10:38.514+0000] {taskinstance.py:1087} INFO - Dependencies all met for <TaskInstance: entsoe-energydata.extract_generation scheduled__2021-01-01T04:00:00+00:00 [queued]>
[2023-01-31T01:10:38.515+0000] {taskinstance.py:1283} INFO - 
--------------------------------------------------------------------------------
[2023-01-31T01:10:38.515+0000] {taskinstance.py:1284} INFO - Starting attempt 1 of 4
[2023-01-31T01:10:38.515+0000] {taskinstance.py:1285} INFO - 
--------------------------------------------------------------------------------
[2023-01-31T01:10:38.566+0000] {taskinstance.py:1304} INFO - Executing <Task(PythonOperator): extract_generation> on 2021-01-01 04:00:00+00:00
[2023-01-31T01:10:38.585+0000] {standard_task_runner.py:55} INFO - Started process 1736 to run task
[2023-01-31T01:10:38.593+0000] {standard_task_runner.py:82} INFO - Running: ['***', 'tasks', 'run', 'entsoe-energydata', 'extract_generation', 'scheduled__2021-01-01T04:00:00+00:00', '--job-id', '678', '--raw', '--subdir', 'DAGS_FOLDER/ingestion_energydata_dag.py', '--cfg-path', '/tmp/tmp60vg4v01']
[2023-01-31T01:10:38.598+0000] {standard_task_runner.py:83} INFO - Job 678: Subtask extract_generation
[2023-01-31T01:10:38.744+0000] {task_command.py:389} INFO - Running <TaskInstance: entsoe-energydata.extract_generation scheduled__2021-01-01T04:00:00+00:00 [running]> on host 767c6fe0d003
[2023-01-31T01:10:39.088+0000] {taskinstance.py:1511} INFO - Exporting the following env vars:
AIRFLOW_CTX_DAG_OWNER=rafzul
AIRFLOW_CTX_DAG_ID=entsoe-energydata
AIRFLOW_CTX_TASK_ID=extract_generation
AIRFLOW_CTX_EXECUTION_DATE=2021-01-01T04:00:00+00:00
AIRFLOW_CTX_TRY_NUMBER=1
AIRFLOW_CTX_DAG_RUN_ID=scheduled__2021-01-01T04:00:00+00:00
[2023-01-31T01:10:40.777+0000] {crypto.py:83} WARNING - empty cryptography key - values will not be stored encrypted.
[2023-01-31T01:10:40.777+0000] {base.py:73} INFO - Using connection ID 'google_cloud_default' for task execution.
[2023-01-31T01:10:41.073+0000] {python.py:177} INFO - Done. Returned value was: None
[2023-01-31T01:10:41.093+0000] {taskinstance.py:1322} INFO - Marking task as SUCCESS. dag_id=entsoe-energydata, task_id=extract_generation, execution_date=20210101T040000, start_date=20230131T011038, end_date=20230131T011041
[2023-01-31T01:10:41.152+0000] {local_task_job.py:159} INFO - Task exited with return code 0
[2023-01-31T01:10:41.205+0000] {taskinstance.py:2582} INFO - 1 downstream tasks scheduled from follow-on schedule check
[2023-01-31T01:20:26.837+0000] {taskinstance.py:1087} INFO - Dependencies all met for <TaskInstance: entsoe-energydata.extract_generation scheduled__2021-01-01T04:00:00+00:00 [queued]>
[2023-01-31T01:20:26.901+0000] {taskinstance.py:1087} INFO - Dependencies all met for <TaskInstance: entsoe-energydata.extract_generation scheduled__2021-01-01T04:00:00+00:00 [queued]>
[2023-01-31T01:20:26.902+0000] {taskinstance.py:1283} INFO - 
--------------------------------------------------------------------------------
[2023-01-31T01:20:26.923+0000] {taskinstance.py:1284} INFO - Starting attempt 1 of 4
[2023-01-31T01:20:26.924+0000] {taskinstance.py:1285} INFO - 
--------------------------------------------------------------------------------
[2023-01-31T01:20:26.995+0000] {taskinstance.py:1304} INFO - Executing <Task(PythonOperator): extract_generation> on 2021-01-01 04:00:00+00:00
[2023-01-31T01:20:27.032+0000] {standard_task_runner.py:55} INFO - Started process 4692 to run task
[2023-01-31T01:20:27.068+0000] {standard_task_runner.py:82} INFO - Running: ['***', 'tasks', 'run', 'entsoe-energydata', 'extract_generation', 'scheduled__2021-01-01T04:00:00+00:00', '--job-id', '702', '--raw', '--subdir', 'DAGS_FOLDER/ingestion_energydata_dag.py', '--cfg-path', '/tmp/tmp_mjmhzhl']
[2023-01-31T01:20:27.083+0000] {standard_task_runner.py:83} INFO - Job 702: Subtask extract_generation
[2023-01-31T01:20:27.371+0000] {task_command.py:389} INFO - Running <TaskInstance: entsoe-energydata.extract_generation scheduled__2021-01-01T04:00:00+00:00 [running]> on host 767c6fe0d003
[2023-01-31T01:20:27.650+0000] {taskinstance.py:1511} INFO - Exporting the following env vars:
AIRFLOW_CTX_DAG_OWNER=rafzul
AIRFLOW_CTX_DAG_ID=entsoe-energydata
AIRFLOW_CTX_TASK_ID=extract_generation
AIRFLOW_CTX_EXECUTION_DATE=2021-01-01T04:00:00+00:00
AIRFLOW_CTX_TRY_NUMBER=1
AIRFLOW_CTX_DAG_RUN_ID=scheduled__2021-01-01T04:00:00+00:00
[2023-01-31T01:20:27.655+0000] {taskinstance.py:1772} ERROR - Task failed with exception
Traceback (most recent call last):
  File "/home/airflow/.local/lib/python3.10/site-packages/airflow/operators/python.py", line 175, in execute
    return_value = self.execute_callable()
  File "/home/airflow/.local/lib/python3.10/site-packages/airflow/operators/python.py", line 192, in execute_callable
    return self.python_callable(*self.op_args, **self.op_kwargs)
  File "/opt/airflow/plugins/scripts/extract_raw.py", line 79, in extract_raw_data
    start = pd.Timestamp(start, tz=timezone)
  File "pandas/_libs/tslibs/timestamps.pyx", line 1684, in pandas._libs.tslibs.timestamps.Timestamp.__new__
  File "pandas/_libs/tslibs/timezones.pyx", line 163, in pandas._libs.tslibs.timezones.maybe_get_tz
IndexError: string index out of range
[2023-01-31T01:20:27.675+0000] {taskinstance.py:1322} INFO - Marking task as UP_FOR_RETRY. dag_id=entsoe-energydata, task_id=extract_generation, execution_date=20210101T040000, start_date=20230131T012026, end_date=20230131T012027
[2023-01-31T01:20:27.709+0000] {standard_task_runner.py:100} ERROR - Failed to execute job 702 for task extract_generation (string index out of range; 4692)
[2023-01-31T01:20:27.770+0000] {local_task_job.py:159} INFO - Task exited with return code 1
[2023-01-31T01:20:27.884+0000] {taskinstance.py:2582} INFO - 0 downstream tasks scheduled from follow-on schedule check
[2023-01-31T01:22:17.471+0000] {taskinstance.py:1087} INFO - Dependencies all met for <TaskInstance: entsoe-energydata.extract_generation scheduled__2021-01-01T04:00:00+00:00 [queued]>
[2023-01-31T01:22:17.487+0000] {taskinstance.py:1087} INFO - Dependencies all met for <TaskInstance: entsoe-energydata.extract_generation scheduled__2021-01-01T04:00:00+00:00 [queued]>
[2023-01-31T01:22:17.487+0000] {taskinstance.py:1283} INFO - 
--------------------------------------------------------------------------------
[2023-01-31T01:22:17.487+0000] {taskinstance.py:1284} INFO - Starting attempt 1 of 4
[2023-01-31T01:22:17.488+0000] {taskinstance.py:1285} INFO - 
--------------------------------------------------------------------------------
[2023-01-31T01:22:17.508+0000] {taskinstance.py:1304} INFO - Executing <Task(PythonOperator): extract_generation> on 2021-01-01 04:00:00+00:00
[2023-01-31T01:22:17.518+0000] {standard_task_runner.py:55} INFO - Started process 4807 to run task
[2023-01-31T01:22:17.523+0000] {standard_task_runner.py:82} INFO - Running: ['***', 'tasks', 'run', 'entsoe-energydata', 'extract_generation', 'scheduled__2021-01-01T04:00:00+00:00', '--job-id', '707', '--raw', '--subdir', 'DAGS_FOLDER/ingestion_energydata_dag.py', '--cfg-path', '/tmp/tmpz0cq2x3t']
[2023-01-31T01:22:17.526+0000] {standard_task_runner.py:83} INFO - Job 707: Subtask extract_generation
[2023-01-31T01:22:17.630+0000] {task_command.py:389} INFO - Running <TaskInstance: entsoe-energydata.extract_generation scheduled__2021-01-01T04:00:00+00:00 [running]> on host 767c6fe0d003
[2023-01-31T01:22:17.792+0000] {taskinstance.py:1511} INFO - Exporting the following env vars:
AIRFLOW_CTX_DAG_OWNER=rafzul
AIRFLOW_CTX_DAG_ID=entsoe-energydata
AIRFLOW_CTX_TASK_ID=extract_generation
AIRFLOW_CTX_EXECUTION_DATE=2021-01-01T04:00:00+00:00
AIRFLOW_CTX_TRY_NUMBER=1
AIRFLOW_CTX_DAG_RUN_ID=scheduled__2021-01-01T04:00:00+00:00
[2023-01-31T01:22:19.138+0000] {crypto.py:83} WARNING - empty cryptography key - values will not be stored encrypted.
[2023-01-31T01:22:19.138+0000] {base.py:73} INFO - Using connection ID 'google_cloud_default' for task execution.
[2023-01-31T01:22:19.493+0000] {python.py:177} INFO - Done. Returned value was: None
[2023-01-31T01:22:19.523+0000] {taskinstance.py:1322} INFO - Marking task as SUCCESS. dag_id=entsoe-energydata, task_id=extract_generation, execution_date=20210101T040000, start_date=20230131T012217, end_date=20230131T012219
[2023-01-31T01:22:19.622+0000] {local_task_job.py:159} INFO - Task exited with return code 0
[2023-01-31T01:22:19.708+0000] {taskinstance.py:2582} INFO - 1 downstream tasks scheduled from follow-on schedule check
[2023-01-31T01:25:11.045+0000] {taskinstance.py:1087} INFO - Dependencies all met for <TaskInstance: entsoe-energydata.extract_generation scheduled__2021-01-01T04:00:00+00:00 [queued]>
[2023-01-31T01:25:11.086+0000] {taskinstance.py:1087} INFO - Dependencies all met for <TaskInstance: entsoe-energydata.extract_generation scheduled__2021-01-01T04:00:00+00:00 [queued]>
[2023-01-31T01:25:11.087+0000] {taskinstance.py:1283} INFO - 
--------------------------------------------------------------------------------
[2023-01-31T01:25:11.088+0000] {taskinstance.py:1284} INFO - Starting attempt 1 of 4
[2023-01-31T01:25:11.089+0000] {taskinstance.py:1285} INFO - 
--------------------------------------------------------------------------------
[2023-01-31T01:25:11.150+0000] {taskinstance.py:1304} INFO - Executing <Task(PythonOperator): extract_generation> on 2021-01-01 04:00:00+00:00
[2023-01-31T01:25:11.239+0000] {standard_task_runner.py:55} INFO - Started process 6341 to run task
[2023-01-31T01:25:11.283+0000] {standard_task_runner.py:82} INFO - Running: ['***', 'tasks', 'run', 'entsoe-energydata', 'extract_generation', 'scheduled__2021-01-01T04:00:00+00:00', '--job-id', '719', '--raw', '--subdir', 'DAGS_FOLDER/ingestion_energydata_dag.py', '--cfg-path', '/tmp/tmpv22cbk2s']
[2023-01-31T01:25:11.317+0000] {standard_task_runner.py:83} INFO - Job 719: Subtask extract_generation
[2023-01-31T01:25:11.597+0000] {task_command.py:389} INFO - Running <TaskInstance: entsoe-energydata.extract_generation scheduled__2021-01-01T04:00:00+00:00 [running]> on host 767c6fe0d003
[2023-01-31T01:25:11.870+0000] {taskinstance.py:1511} INFO - Exporting the following env vars:
AIRFLOW_CTX_DAG_OWNER=rafzul
AIRFLOW_CTX_DAG_ID=entsoe-energydata
AIRFLOW_CTX_TASK_ID=extract_generation
AIRFLOW_CTX_EXECUTION_DATE=2021-01-01T04:00:00+00:00
AIRFLOW_CTX_TRY_NUMBER=1
AIRFLOW_CTX_DAG_RUN_ID=scheduled__2021-01-01T04:00:00+00:00
[2023-01-31T01:25:11.873+0000] {taskinstance.py:1772} ERROR - Task failed with exception
Traceback (most recent call last):
  File "/home/airflow/.local/lib/python3.10/site-packages/airflow/operators/python.py", line 175, in execute
    return_value = self.execute_callable()
  File "/home/airflow/.local/lib/python3.10/site-packages/airflow/operators/python.py", line 192, in execute_callable
    return self.python_callable(*self.op_args, **self.op_kwargs)
  File "/opt/airflow/plugins/scripts/extract_raw.py", line 79, in extract_raw_data
    start = pd.Timestamp(start, tz=timezone)
  File "pandas/_libs/tslibs/timestamps.pyx", line 1684, in pandas._libs.tslibs.timestamps.Timestamp.__new__
  File "pandas/_libs/tslibs/timezones.pyx", line 163, in pandas._libs.tslibs.timezones.maybe_get_tz
IndexError: string index out of range
[2023-01-31T01:25:11.909+0000] {taskinstance.py:1322} INFO - Marking task as UP_FOR_RETRY. dag_id=entsoe-energydata, task_id=extract_generation, execution_date=20210101T040000, start_date=20230131T012511, end_date=20230131T012511
[2023-01-31T01:25:11.947+0000] {standard_task_runner.py:100} ERROR - Failed to execute job 719 for task extract_generation (string index out of range; 6341)
[2023-01-31T01:25:12.019+0000] {local_task_job.py:159} INFO - Task exited with return code 1
[2023-01-31T01:25:12.140+0000] {taskinstance.py:2582} INFO - 0 downstream tasks scheduled from follow-on schedule check
[2023-01-31T01:26:14.571+0000] {taskinstance.py:1087} INFO - Dependencies all met for <TaskInstance: entsoe-energydata.extract_generation scheduled__2021-01-01T04:00:00+00:00 [queued]>
[2023-01-31T01:26:14.619+0000] {taskinstance.py:1087} INFO - Dependencies all met for <TaskInstance: entsoe-energydata.extract_generation scheduled__2021-01-01T04:00:00+00:00 [queued]>
[2023-01-31T01:26:14.620+0000] {taskinstance.py:1283} INFO - 
--------------------------------------------------------------------------------
[2023-01-31T01:26:14.620+0000] {taskinstance.py:1284} INFO - Starting attempt 1 of 4
[2023-01-31T01:26:14.621+0000] {taskinstance.py:1285} INFO - 
--------------------------------------------------------------------------------
[2023-01-31T01:26:14.726+0000] {taskinstance.py:1304} INFO - Executing <Task(PythonOperator): extract_generation> on 2021-01-01 04:00:00+00:00
[2023-01-31T01:26:14.759+0000] {standard_task_runner.py:55} INFO - Started process 6420 to run task
[2023-01-31T01:26:14.779+0000] {standard_task_runner.py:82} INFO - Running: ['***', 'tasks', 'run', 'entsoe-energydata', 'extract_generation', 'scheduled__2021-01-01T04:00:00+00:00', '--job-id', '728', '--raw', '--subdir', 'DAGS_FOLDER/ingestion_energydata_dag.py', '--cfg-path', '/tmp/tmp31dzi3j1']
[2023-01-31T01:26:14.791+0000] {standard_task_runner.py:83} INFO - Job 728: Subtask extract_generation
[2023-01-31T01:26:15.050+0000] {task_command.py:389} INFO - Running <TaskInstance: entsoe-energydata.extract_generation scheduled__2021-01-01T04:00:00+00:00 [running]> on host 767c6fe0d003
[2023-01-31T01:26:15.439+0000] {taskinstance.py:1511} INFO - Exporting the following env vars:
AIRFLOW_CTX_DAG_OWNER=rafzul
AIRFLOW_CTX_DAG_ID=entsoe-energydata
AIRFLOW_CTX_TASK_ID=extract_generation
AIRFLOW_CTX_EXECUTION_DATE=2021-01-01T04:00:00+00:00
AIRFLOW_CTX_TRY_NUMBER=1
AIRFLOW_CTX_DAG_RUN_ID=scheduled__2021-01-01T04:00:00+00:00
[2023-01-31T01:26:16.839+0000] {crypto.py:83} WARNING - empty cryptography key - values will not be stored encrypted.
[2023-01-31T01:26:16.840+0000] {base.py:73} INFO - Using connection ID 'google_cloud_default' for task execution.
[2023-01-31T01:26:17.353+0000] {python.py:177} INFO - Done. Returned value was: None
[2023-01-31T01:26:17.427+0000] {taskinstance.py:1322} INFO - Marking task as SUCCESS. dag_id=entsoe-energydata, task_id=extract_generation, execution_date=20210101T040000, start_date=20230131T012614, end_date=20230131T012617
[2023-01-31T01:26:17.592+0000] {local_task_job.py:159} INFO - Task exited with return code 0
[2023-01-31T01:26:17.758+0000] {taskinstance.py:2582} INFO - 0 downstream tasks scheduled from follow-on schedule check
[2023-01-31T03:42:23.373+0000] {taskinstance.py:1087} INFO - Dependencies all met for <TaskInstance: entsoe-energydata.extract_generation scheduled__2021-01-01T04:00:00+00:00 [queued]>
[2023-01-31T03:42:23.871+0000] {taskinstance.py:1087} INFO - Dependencies all met for <TaskInstance: entsoe-energydata.extract_generation scheduled__2021-01-01T04:00:00+00:00 [queued]>
[2023-01-31T03:42:23.871+0000] {taskinstance.py:1283} INFO - 
--------------------------------------------------------------------------------
[2023-01-31T03:42:23.872+0000] {taskinstance.py:1284} INFO - Starting attempt 1 of 4
[2023-01-31T03:42:23.873+0000] {taskinstance.py:1285} INFO - 
--------------------------------------------------------------------------------
[2023-01-31T03:42:24.020+0000] {taskinstance.py:1304} INFO - Executing <Task(PythonOperator): extract_generation> on 2021-01-01 04:00:00+00:00
[2023-01-31T03:42:24.244+0000] {standard_task_runner.py:55} INFO - Started process 367 to run task
[2023-01-31T03:42:24.352+0000] {standard_task_runner.py:82} INFO - Running: ['***', 'tasks', 'run', 'entsoe-energydata', 'extract_generation', 'scheduled__2021-01-01T04:00:00+00:00', '--job-id', '796', '--raw', '--subdir', 'DAGS_FOLDER/ingestion_energydata_dag.py', '--cfg-path', '/tmp/tmpyyjitndc']
[2023-01-31T03:42:24.366+0000] {standard_task_runner.py:83} INFO - Job 796: Subtask extract_generation
[2023-01-31T03:42:25.481+0000] {task_command.py:389} INFO - Running <TaskInstance: entsoe-energydata.extract_generation scheduled__2021-01-01T04:00:00+00:00 [running]> on host 2f101bc15e7a
[2023-01-31T03:42:26.300+0000] {taskinstance.py:1511} INFO - Exporting the following env vars:
AIRFLOW_CTX_DAG_OWNER=rafzul
AIRFLOW_CTX_DAG_ID=entsoe-energydata
AIRFLOW_CTX_TASK_ID=extract_generation
AIRFLOW_CTX_EXECUTION_DATE=2021-01-01T04:00:00+00:00
AIRFLOW_CTX_TRY_NUMBER=1
AIRFLOW_CTX_DAG_RUN_ID=scheduled__2021-01-01T04:00:00+00:00
[2023-01-31T03:42:27.825+0000] {crypto.py:83} WARNING - empty cryptography key - values will not be stored encrypted.
[2023-01-31T03:42:27.827+0000] {base.py:73} INFO - Using connection ID 'google_cloud_default' for task execution.
[2023-01-31T03:42:28.593+0000] {python.py:177} INFO - Done. Returned value was: None
[2023-01-31T03:42:28.680+0000] {taskinstance.py:1322} INFO - Marking task as SUCCESS. dag_id=entsoe-energydata, task_id=extract_generation, execution_date=20210101T040000, start_date=20230131T034223, end_date=20230131T034228
[2023-01-31T03:42:28.818+0000] {local_task_job.py:159} INFO - Task exited with return code 0
[2023-01-31T03:42:28.967+0000] {taskinstance.py:2582} INFO - 1 downstream tasks scheduled from follow-on schedule check
[2023-01-31T03:53:56.121+0000] {taskinstance.py:1087} INFO - Dependencies all met for <TaskInstance: entsoe-energydata.extract_generation scheduled__2021-01-01T04:00:00+00:00 [queued]>
[2023-01-31T03:53:56.259+0000] {taskinstance.py:1087} INFO - Dependencies all met for <TaskInstance: entsoe-energydata.extract_generation scheduled__2021-01-01T04:00:00+00:00 [queued]>
[2023-01-31T03:53:56.259+0000] {taskinstance.py:1283} INFO - 
--------------------------------------------------------------------------------
[2023-01-31T03:53:56.260+0000] {taskinstance.py:1284} INFO - Starting attempt 1 of 4
[2023-01-31T03:53:56.261+0000] {taskinstance.py:1285} INFO - 
--------------------------------------------------------------------------------
[2023-01-31T03:53:56.468+0000] {taskinstance.py:1304} INFO - Executing <Task(PythonOperator): extract_generation> on 2021-01-01 04:00:00+00:00
[2023-01-31T03:53:56.565+0000] {standard_task_runner.py:55} INFO - Started process 2263 to run task
[2023-01-31T03:53:56.659+0000] {standard_task_runner.py:82} INFO - Running: ['***', 'tasks', 'run', 'entsoe-energydata', 'extract_generation', 'scheduled__2021-01-01T04:00:00+00:00', '--job-id', '812', '--raw', '--subdir', 'DAGS_FOLDER/ingestion_energydata_dag.py', '--cfg-path', '/tmp/tmpiqpm2tq_']
[2023-01-31T03:53:56.748+0000] {standard_task_runner.py:83} INFO - Job 812: Subtask extract_generation
[2023-01-31T03:53:57.445+0000] {task_command.py:389} INFO - Running <TaskInstance: entsoe-energydata.extract_generation scheduled__2021-01-01T04:00:00+00:00 [running]> on host 2f101bc15e7a
[2023-01-31T03:53:58.156+0000] {taskinstance.py:1511} INFO - Exporting the following env vars:
AIRFLOW_CTX_DAG_OWNER=rafzul
AIRFLOW_CTX_DAG_ID=entsoe-energydata
AIRFLOW_CTX_TASK_ID=extract_generation
AIRFLOW_CTX_EXECUTION_DATE=2021-01-01T04:00:00+00:00
AIRFLOW_CTX_TRY_NUMBER=1
AIRFLOW_CTX_DAG_RUN_ID=scheduled__2021-01-01T04:00:00+00:00
[2023-01-31T03:54:00.528+0000] {crypto.py:83} WARNING - empty cryptography key - values will not be stored encrypted.
[2023-01-31T03:54:00.530+0000] {base.py:73} INFO - Using connection ID 'google_cloud_default' for task execution.
[2023-01-31T03:54:01.169+0000] {python.py:177} INFO - Done. Returned value was: None
[2023-01-31T03:54:01.347+0000] {taskinstance.py:1322} INFO - Marking task as SUCCESS. dag_id=entsoe-energydata, task_id=extract_generation, execution_date=20210101T040000, start_date=20230131T035356, end_date=20230131T035401
[2023-01-31T03:54:01.904+0000] {local_task_job.py:159} INFO - Task exited with return code 0
[2023-01-31T03:54:02.170+0000] {taskinstance.py:2582} INFO - 0 downstream tasks scheduled from follow-on schedule check
[2023-01-31T04:24:06.646+0000] {taskinstance.py:1087} INFO - Dependencies all met for <TaskInstance: entsoe-energydata.extract_generation scheduled__2021-01-01T04:00:00+00:00 [queued]>
[2023-01-31T04:24:06.782+0000] {taskinstance.py:1087} INFO - Dependencies all met for <TaskInstance: entsoe-energydata.extract_generation scheduled__2021-01-01T04:00:00+00:00 [queued]>
[2023-01-31T04:24:06.784+0000] {taskinstance.py:1283} INFO - 
--------------------------------------------------------------------------------
[2023-01-31T04:24:06.803+0000] {taskinstance.py:1284} INFO - Starting attempt 1 of 4
[2023-01-31T04:24:06.804+0000] {taskinstance.py:1285} INFO - 
--------------------------------------------------------------------------------
[2023-01-31T04:24:06.882+0000] {taskinstance.py:1304} INFO - Executing <Task(PythonOperator): extract_generation> on 2021-01-01 04:00:00+00:00
[2023-01-31T04:24:07.060+0000] {standard_task_runner.py:55} INFO - Started process 209 to run task
[2023-01-31T04:24:07.103+0000] {standard_task_runner.py:82} INFO - Running: ['***', 'tasks', 'run', 'entsoe-energydata', 'extract_generation', 'scheduled__2021-01-01T04:00:00+00:00', '--job-id', '832', '--raw', '--subdir', 'DAGS_FOLDER/ingestion_energydata_dag.py', '--cfg-path', '/tmp/tmp_12olk35']
[2023-01-31T04:24:07.114+0000] {standard_task_runner.py:83} INFO - Job 832: Subtask extract_generation
[2023-01-31T04:24:07.947+0000] {task_command.py:389} INFO - Running <TaskInstance: entsoe-energydata.extract_generation scheduled__2021-01-01T04:00:00+00:00 [running]> on host 81d5fcd0285b
[2023-01-31T04:24:08.425+0000] {taskinstance.py:1511} INFO - Exporting the following env vars:
AIRFLOW_CTX_DAG_OWNER=rafzul
AIRFLOW_CTX_DAG_ID=entsoe-energydata
AIRFLOW_CTX_TASK_ID=extract_generation
AIRFLOW_CTX_EXECUTION_DATE=2021-01-01T04:00:00+00:00
AIRFLOW_CTX_TRY_NUMBER=1
AIRFLOW_CTX_DAG_RUN_ID=scheduled__2021-01-01T04:00:00+00:00
[2023-01-31T04:24:09.901+0000] {crypto.py:83} WARNING - empty cryptography key - values will not be stored encrypted.
[2023-01-31T04:24:09.901+0000] {base.py:73} INFO - Using connection ID 'google_cloud_default' for task execution.
[2023-01-31T04:24:10.203+0000] {python.py:177} INFO - Done. Returned value was: None
[2023-01-31T04:24:10.250+0000] {taskinstance.py:1322} INFO - Marking task as SUCCESS. dag_id=entsoe-energydata, task_id=extract_generation, execution_date=20210101T040000, start_date=20230131T042406, end_date=20230131T042410
[2023-01-31T04:24:10.363+0000] {local_task_job.py:159} INFO - Task exited with return code 0
[2023-01-31T04:24:10.401+0000] {taskinstance.py:2582} INFO - 1 downstream tasks scheduled from follow-on schedule check
[2023-01-31T04:30:41.109+0000] {taskinstance.py:1087} INFO - Dependencies all met for <TaskInstance: entsoe-energydata.extract_generation scheduled__2021-01-01T04:00:00+00:00 [queued]>
[2023-01-31T04:30:41.165+0000] {taskinstance.py:1087} INFO - Dependencies all met for <TaskInstance: entsoe-energydata.extract_generation scheduled__2021-01-01T04:00:00+00:00 [queued]>
[2023-01-31T04:30:41.167+0000] {taskinstance.py:1283} INFO - 
--------------------------------------------------------------------------------
[2023-01-31T04:30:41.168+0000] {taskinstance.py:1284} INFO - Starting attempt 1 of 4
[2023-01-31T04:30:41.169+0000] {taskinstance.py:1285} INFO - 
--------------------------------------------------------------------------------
[2023-01-31T04:30:41.283+0000] {taskinstance.py:1304} INFO - Executing <Task(PythonOperator): extract_generation> on 2021-01-01 04:00:00+00:00
[2023-01-31T04:30:41.327+0000] {standard_task_runner.py:55} INFO - Started process 2612 to run task
[2023-01-31T04:30:41.376+0000] {standard_task_runner.py:82} INFO - Running: ['***', 'tasks', 'run', 'entsoe-energydata', 'extract_generation', 'scheduled__2021-01-01T04:00:00+00:00', '--job-id', '848', '--raw', '--subdir', 'DAGS_FOLDER/ingestion_energydata_dag.py', '--cfg-path', '/tmp/tmpfu4lqm0s']
[2023-01-31T04:30:41.394+0000] {standard_task_runner.py:83} INFO - Job 848: Subtask extract_generation
[2023-01-31T04:30:41.828+0000] {task_command.py:389} INFO - Running <TaskInstance: entsoe-energydata.extract_generation scheduled__2021-01-01T04:00:00+00:00 [running]> on host 81d5fcd0285b
[2023-01-31T04:30:42.306+0000] {taskinstance.py:1511} INFO - Exporting the following env vars:
AIRFLOW_CTX_DAG_OWNER=rafzul
AIRFLOW_CTX_DAG_ID=entsoe-energydata
AIRFLOW_CTX_TASK_ID=extract_generation
AIRFLOW_CTX_EXECUTION_DATE=2021-01-01T04:00:00+00:00
AIRFLOW_CTX_TRY_NUMBER=1
AIRFLOW_CTX_DAG_RUN_ID=scheduled__2021-01-01T04:00:00+00:00
[2023-01-31T04:30:44.307+0000] {crypto.py:83} WARNING - empty cryptography key - values will not be stored encrypted.
[2023-01-31T04:30:44.322+0000] {base.py:73} INFO - Using connection ID 'google_cloud_default' for task execution.
[2023-01-31T04:30:44.831+0000] {python.py:177} INFO - Done. Returned value was: None
[2023-01-31T04:30:44.877+0000] {taskinstance.py:1322} INFO - Marking task as SUCCESS. dag_id=entsoe-energydata, task_id=extract_generation, execution_date=20210101T040000, start_date=20230131T043041, end_date=20230131T043044
[2023-01-31T04:30:45.017+0000] {local_task_job.py:159} INFO - Task exited with return code 0
[2023-01-31T04:30:45.080+0000] {taskinstance.py:2582} INFO - 1 downstream tasks scheduled from follow-on schedule check
[2023-01-31T04:48:15.459+0000] {taskinstance.py:1087} INFO - Dependencies all met for <TaskInstance: entsoe-energydata.extract_generation scheduled__2021-01-01T04:00:00+00:00 [queued]>
[2023-01-31T04:48:15.508+0000] {taskinstance.py:1087} INFO - Dependencies all met for <TaskInstance: entsoe-energydata.extract_generation scheduled__2021-01-01T04:00:00+00:00 [queued]>
[2023-01-31T04:48:15.509+0000] {taskinstance.py:1283} INFO - 
--------------------------------------------------------------------------------
[2023-01-31T04:48:15.509+0000] {taskinstance.py:1284} INFO - Starting attempt 1 of 4
[2023-01-31T04:48:15.510+0000] {taskinstance.py:1285} INFO - 
--------------------------------------------------------------------------------
[2023-01-31T04:48:15.589+0000] {taskinstance.py:1304} INFO - Executing <Task(PythonOperator): extract_generation> on 2021-01-01 04:00:00+00:00
[2023-01-31T04:48:15.642+0000] {standard_task_runner.py:55} INFO - Started process 7272 to run task
[2023-01-31T04:48:15.673+0000] {standard_task_runner.py:82} INFO - Running: ['***', 'tasks', 'run', 'entsoe-energydata', 'extract_generation', 'scheduled__2021-01-01T04:00:00+00:00', '--job-id', '865', '--raw', '--subdir', 'DAGS_FOLDER/ingestion_energydata_dag.py', '--cfg-path', '/tmp/tmpqftmzwxo']
[2023-01-31T04:48:15.686+0000] {standard_task_runner.py:83} INFO - Job 865: Subtask extract_generation
[2023-01-31T04:48:15.996+0000] {task_command.py:389} INFO - Running <TaskInstance: entsoe-energydata.extract_generation scheduled__2021-01-01T04:00:00+00:00 [running]> on host 81d5fcd0285b
[2023-01-31T04:48:16.306+0000] {taskinstance.py:1511} INFO - Exporting the following env vars:
AIRFLOW_CTX_DAG_OWNER=rafzul
AIRFLOW_CTX_DAG_ID=entsoe-energydata
AIRFLOW_CTX_TASK_ID=extract_generation
AIRFLOW_CTX_EXECUTION_DATE=2021-01-01T04:00:00+00:00
AIRFLOW_CTX_TRY_NUMBER=1
AIRFLOW_CTX_DAG_RUN_ID=scheduled__2021-01-01T04:00:00+00:00
[2023-01-31T04:48:17.810+0000] {crypto.py:83} WARNING - empty cryptography key - values will not be stored encrypted.
[2023-01-31T04:48:17.813+0000] {base.py:73} INFO - Using connection ID 'google_cloud_default' for task execution.
[2023-01-31T04:48:18.342+0000] {python.py:177} INFO - Done. Returned value was: None
[2023-01-31T04:48:18.414+0000] {taskinstance.py:1322} INFO - Marking task as SUCCESS. dag_id=entsoe-energydata, task_id=extract_generation, execution_date=20210101T040000, start_date=20230131T044815, end_date=20230131T044818
[2023-01-31T04:48:18.570+0000] {local_task_job.py:159} INFO - Task exited with return code 0
[2023-01-31T04:48:18.813+0000] {taskinstance.py:2582} INFO - 1 downstream tasks scheduled from follow-on schedule check
