[2023-01-15T12:33:01.842+0000] {processor.py:153} INFO - Started process (PID=73) to work on /home/airflow/.local/lib/python3.10/site-packages/airflow/example_dags/example_trigger_controller_dag.py
[2023-01-15T12:33:01.842+0000] {processor.py:743} INFO - Processing file /home/airflow/.local/lib/python3.10/site-packages/airflow/example_dags/example_trigger_controller_dag.py for tasks to queue
[2023-01-15T12:33:01.843+0000] {logging_mixin.py:137} INFO - [2023-01-15T12:33:01.843+0000] {dagbag.py:538} INFO - Filling up the DagBag from /home/airflow/.local/lib/python3.10/site-packages/airflow/example_dags/example_trigger_controller_dag.py
[2023-01-15T12:33:01.858+0000] {processor.py:753} INFO - DAG(s) dict_keys(['example_trigger_controller_dag']) retrieved from /home/airflow/.local/lib/python3.10/site-packages/airflow/example_dags/example_trigger_controller_dag.py
[2023-01-15T12:33:02.053+0000] {logging_mixin.py:137} INFO - [2023-01-15T12:33:02.053+0000] {dag.py:2676} INFO - Sync 1 DAGs
[2023-01-15T12:33:02.076+0000] {logging_mixin.py:137} INFO - [2023-01-15T12:33:02.076+0000] {dag.py:3423} INFO - Setting next_dagrun for example_trigger_controller_dag to 2021-01-01T00:00:00+00:00, run_after=2021-01-01T00:00:00+00:00
[2023-01-15T12:33:02.096+0000] {processor.py:175} INFO - Processing /home/airflow/.local/lib/python3.10/site-packages/airflow/example_dags/example_trigger_controller_dag.py took 0.259 seconds
[2023-01-15T12:33:32.730+0000] {processor.py:153} INFO - Started process (PID=139) to work on /home/airflow/.local/lib/python3.10/site-packages/airflow/example_dags/example_trigger_controller_dag.py
[2023-01-15T12:33:32.731+0000] {processor.py:743} INFO - Processing file /home/airflow/.local/lib/python3.10/site-packages/airflow/example_dags/example_trigger_controller_dag.py for tasks to queue
[2023-01-15T12:33:32.731+0000] {logging_mixin.py:137} INFO - [2023-01-15T12:33:32.731+0000] {dagbag.py:538} INFO - Filling up the DagBag from /home/airflow/.local/lib/python3.10/site-packages/airflow/example_dags/example_trigger_controller_dag.py
[2023-01-15T12:33:32.969+0000] {processor.py:753} INFO - DAG(s) dict_keys(['example_trigger_controller_dag']) retrieved from /home/airflow/.local/lib/python3.10/site-packages/airflow/example_dags/example_trigger_controller_dag.py
[2023-01-15T12:33:33.040+0000] {logging_mixin.py:137} INFO - [2023-01-15T12:33:33.040+0000] {dag.py:2676} INFO - Sync 1 DAGs
[2023-01-15T12:33:33.069+0000] {logging_mixin.py:137} INFO - [2023-01-15T12:33:33.069+0000] {dag.py:3423} INFO - Setting next_dagrun for example_trigger_controller_dag to 2021-01-01T00:00:00+00:00, run_after=2021-01-01T00:00:00+00:00
[2023-01-15T12:33:33.088+0000] {processor.py:175} INFO - Processing /home/airflow/.local/lib/python3.10/site-packages/airflow/example_dags/example_trigger_controller_dag.py took 0.362 seconds
[2023-01-15T12:34:03.917+0000] {processor.py:153} INFO - Started process (PID=219) to work on /home/airflow/.local/lib/python3.10/site-packages/airflow/example_dags/example_trigger_controller_dag.py
[2023-01-15T12:34:03.928+0000] {processor.py:743} INFO - Processing file /home/airflow/.local/lib/python3.10/site-packages/airflow/example_dags/example_trigger_controller_dag.py for tasks to queue
[2023-01-15T12:34:03.930+0000] {logging_mixin.py:137} INFO - [2023-01-15T12:34:03.930+0000] {dagbag.py:538} INFO - Filling up the DagBag from /home/airflow/.local/lib/python3.10/site-packages/airflow/example_dags/example_trigger_controller_dag.py
[2023-01-15T12:34:03.968+0000] {processor.py:753} INFO - DAG(s) dict_keys(['example_trigger_controller_dag']) retrieved from /home/airflow/.local/lib/python3.10/site-packages/airflow/example_dags/example_trigger_controller_dag.py
[2023-01-15T12:34:04.086+0000] {logging_mixin.py:137} INFO - [2023-01-15T12:34:04.086+0000] {dag.py:2676} INFO - Sync 1 DAGs
[2023-01-15T12:34:04.157+0000] {logging_mixin.py:137} INFO - [2023-01-15T12:34:04.157+0000] {dag.py:3423} INFO - Setting next_dagrun for example_trigger_controller_dag to 2021-01-01T00:00:00+00:00, run_after=2021-01-01T00:00:00+00:00
[2023-01-15T12:34:04.185+0000] {processor.py:175} INFO - Processing /home/airflow/.local/lib/python3.10/site-packages/airflow/example_dags/example_trigger_controller_dag.py took 0.283 seconds
[2023-01-15T12:34:35.155+0000] {processor.py:153} INFO - Started process (PID=276) to work on /home/airflow/.local/lib/python3.10/site-packages/airflow/example_dags/example_trigger_controller_dag.py
[2023-01-15T12:34:35.157+0000] {processor.py:743} INFO - Processing file /home/airflow/.local/lib/python3.10/site-packages/airflow/example_dags/example_trigger_controller_dag.py for tasks to queue
[2023-01-15T12:34:35.158+0000] {logging_mixin.py:137} INFO - [2023-01-15T12:34:35.158+0000] {dagbag.py:538} INFO - Filling up the DagBag from /home/airflow/.local/lib/python3.10/site-packages/airflow/example_dags/example_trigger_controller_dag.py
[2023-01-15T12:34:35.188+0000] {processor.py:753} INFO - DAG(s) dict_keys(['example_trigger_controller_dag']) retrieved from /home/airflow/.local/lib/python3.10/site-packages/airflow/example_dags/example_trigger_controller_dag.py
[2023-01-15T12:34:35.302+0000] {logging_mixin.py:137} INFO - [2023-01-15T12:34:35.301+0000] {dag.py:2676} INFO - Sync 1 DAGs
[2023-01-15T12:34:35.380+0000] {logging_mixin.py:137} INFO - [2023-01-15T12:34:35.379+0000] {dag.py:3423} INFO - Setting next_dagrun for example_trigger_controller_dag to 2021-01-01T00:00:00+00:00, run_after=2021-01-01T00:00:00+00:00
[2023-01-15T12:34:35.457+0000] {processor.py:175} INFO - Processing /home/airflow/.local/lib/python3.10/site-packages/airflow/example_dags/example_trigger_controller_dag.py took 0.311 seconds
[2023-01-15T12:35:05.554+0000] {processor.py:153} INFO - Started process (PID=348) to work on /home/airflow/.local/lib/python3.10/site-packages/airflow/example_dags/example_trigger_controller_dag.py
[2023-01-15T12:35:05.556+0000] {processor.py:743} INFO - Processing file /home/airflow/.local/lib/python3.10/site-packages/airflow/example_dags/example_trigger_controller_dag.py for tasks to queue
[2023-01-15T12:35:05.557+0000] {logging_mixin.py:137} INFO - [2023-01-15T12:35:05.557+0000] {dagbag.py:538} INFO - Filling up the DagBag from /home/airflow/.local/lib/python3.10/site-packages/airflow/example_dags/example_trigger_controller_dag.py
[2023-01-15T12:35:05.582+0000] {processor.py:753} INFO - DAG(s) dict_keys(['example_trigger_controller_dag']) retrieved from /home/airflow/.local/lib/python3.10/site-packages/airflow/example_dags/example_trigger_controller_dag.py
[2023-01-15T12:35:05.654+0000] {logging_mixin.py:137} INFO - [2023-01-15T12:35:05.654+0000] {dag.py:2676} INFO - Sync 1 DAGs
[2023-01-15T12:35:05.690+0000] {logging_mixin.py:137} INFO - [2023-01-15T12:35:05.690+0000] {dag.py:3423} INFO - Setting next_dagrun for example_trigger_controller_dag to 2021-01-01T00:00:00+00:00, run_after=2021-01-01T00:00:00+00:00
[2023-01-15T12:35:05.720+0000] {processor.py:175} INFO - Processing /home/airflow/.local/lib/python3.10/site-packages/airflow/example_dags/example_trigger_controller_dag.py took 0.172 seconds
[2023-01-15T12:35:35.873+0000] {processor.py:153} INFO - Started process (PID=413) to work on /home/airflow/.local/lib/python3.10/site-packages/airflow/example_dags/example_trigger_controller_dag.py
[2023-01-15T12:35:35.874+0000] {processor.py:743} INFO - Processing file /home/airflow/.local/lib/python3.10/site-packages/airflow/example_dags/example_trigger_controller_dag.py for tasks to queue
[2023-01-15T12:35:35.875+0000] {logging_mixin.py:137} INFO - [2023-01-15T12:35:35.875+0000] {dagbag.py:538} INFO - Filling up the DagBag from /home/airflow/.local/lib/python3.10/site-packages/airflow/example_dags/example_trigger_controller_dag.py
[2023-01-15T12:35:35.889+0000] {processor.py:753} INFO - DAG(s) dict_keys(['example_trigger_controller_dag']) retrieved from /home/airflow/.local/lib/python3.10/site-packages/airflow/example_dags/example_trigger_controller_dag.py
[2023-01-15T12:35:35.934+0000] {logging_mixin.py:137} INFO - [2023-01-15T12:35:35.933+0000] {dag.py:2676} INFO - Sync 1 DAGs
[2023-01-15T12:35:35.959+0000] {logging_mixin.py:137} INFO - [2023-01-15T12:35:35.959+0000] {dag.py:3423} INFO - Setting next_dagrun for example_trigger_controller_dag to 2021-01-01T00:00:00+00:00, run_after=2021-01-01T00:00:00+00:00
[2023-01-15T12:35:35.980+0000] {processor.py:175} INFO - Processing /home/airflow/.local/lib/python3.10/site-packages/airflow/example_dags/example_trigger_controller_dag.py took 0.111 seconds
[2023-01-15T12:36:02.102+0000] {processor.py:153} INFO - Started process (PID=73) to work on /home/airflow/.local/lib/python3.10/site-packages/airflow/example_dags/example_trigger_controller_dag.py
[2023-01-15T12:36:02.104+0000] {processor.py:743} INFO - Processing file /home/airflow/.local/lib/python3.10/site-packages/airflow/example_dags/example_trigger_controller_dag.py for tasks to queue
[2023-01-15T12:36:02.106+0000] {logging_mixin.py:137} INFO - [2023-01-15T12:36:02.105+0000] {dagbag.py:538} INFO - Filling up the DagBag from /home/airflow/.local/lib/python3.10/site-packages/airflow/example_dags/example_trigger_controller_dag.py
[2023-01-15T12:36:02.133+0000] {processor.py:753} INFO - DAG(s) dict_keys(['example_trigger_controller_dag']) retrieved from /home/airflow/.local/lib/python3.10/site-packages/airflow/example_dags/example_trigger_controller_dag.py
[2023-01-15T12:36:02.210+0000] {logging_mixin.py:137} INFO - [2023-01-15T12:36:02.210+0000] {dag.py:2676} INFO - Sync 1 DAGs
[2023-01-15T12:36:02.255+0000] {logging_mixin.py:137} INFO - [2023-01-15T12:36:02.255+0000] {dag.py:3423} INFO - Setting next_dagrun for example_trigger_controller_dag to 2021-01-01T00:00:00+00:00, run_after=2021-01-01T00:00:00+00:00
[2023-01-15T12:36:02.300+0000] {processor.py:175} INFO - Processing /home/airflow/.local/lib/python3.10/site-packages/airflow/example_dags/example_trigger_controller_dag.py took 0.204 seconds
[2023-01-15T12:36:33.267+0000] {processor.py:153} INFO - Started process (PID=139) to work on /home/airflow/.local/lib/python3.10/site-packages/airflow/example_dags/example_trigger_controller_dag.py
[2023-01-15T12:36:33.268+0000] {processor.py:743} INFO - Processing file /home/airflow/.local/lib/python3.10/site-packages/airflow/example_dags/example_trigger_controller_dag.py for tasks to queue
[2023-01-15T12:36:33.269+0000] {logging_mixin.py:137} INFO - [2023-01-15T12:36:33.269+0000] {dagbag.py:538} INFO - Filling up the DagBag from /home/airflow/.local/lib/python3.10/site-packages/airflow/example_dags/example_trigger_controller_dag.py
[2023-01-15T12:36:33.287+0000] {processor.py:753} INFO - DAG(s) dict_keys(['example_trigger_controller_dag']) retrieved from /home/airflow/.local/lib/python3.10/site-packages/airflow/example_dags/example_trigger_controller_dag.py
[2023-01-15T12:36:33.332+0000] {logging_mixin.py:137} INFO - [2023-01-15T12:36:33.331+0000] {dag.py:2676} INFO - Sync 1 DAGs
[2023-01-15T12:36:33.356+0000] {logging_mixin.py:137} INFO - [2023-01-15T12:36:33.356+0000] {dag.py:3423} INFO - Setting next_dagrun for example_trigger_controller_dag to 2021-01-01T00:00:00+00:00, run_after=2021-01-01T00:00:00+00:00
[2023-01-15T12:36:33.535+0000] {processor.py:175} INFO - Processing /home/airflow/.local/lib/python3.10/site-packages/airflow/example_dags/example_trigger_controller_dag.py took 0.271 seconds
[2023-01-15T12:37:06.809+0000] {processor.py:153} INFO - Started process (PID=205) to work on /home/airflow/.local/lib/python3.10/site-packages/airflow/example_dags/example_trigger_controller_dag.py
[2023-01-15T12:37:06.810+0000] {processor.py:743} INFO - Processing file /home/airflow/.local/lib/python3.10/site-packages/airflow/example_dags/example_trigger_controller_dag.py for tasks to queue
[2023-01-15T12:37:06.811+0000] {logging_mixin.py:137} INFO - [2023-01-15T12:37:06.811+0000] {dagbag.py:538} INFO - Filling up the DagBag from /home/airflow/.local/lib/python3.10/site-packages/airflow/example_dags/example_trigger_controller_dag.py
[2023-01-15T12:37:06.832+0000] {processor.py:753} INFO - DAG(s) dict_keys(['example_trigger_controller_dag']) retrieved from /home/airflow/.local/lib/python3.10/site-packages/airflow/example_dags/example_trigger_controller_dag.py
[2023-01-15T12:37:06.914+0000] {logging_mixin.py:137} INFO - [2023-01-15T12:37:06.913+0000] {dag.py:2676} INFO - Sync 1 DAGs
[2023-01-15T12:37:07.134+0000] {logging_mixin.py:137} INFO - [2023-01-15T12:37:07.133+0000] {dag.py:3423} INFO - Setting next_dagrun for example_trigger_controller_dag to 2021-01-01T00:00:00+00:00, run_after=2021-01-01T00:00:00+00:00
[2023-01-15T12:37:07.158+0000] {processor.py:175} INFO - Processing /home/airflow/.local/lib/python3.10/site-packages/airflow/example_dags/example_trigger_controller_dag.py took 0.354 seconds
[2023-01-15T12:37:37.682+0000] {processor.py:153} INFO - Started process (PID=271) to work on /home/airflow/.local/lib/python3.10/site-packages/airflow/example_dags/example_trigger_controller_dag.py
[2023-01-15T12:37:37.683+0000] {processor.py:743} INFO - Processing file /home/airflow/.local/lib/python3.10/site-packages/airflow/example_dags/example_trigger_controller_dag.py for tasks to queue
[2023-01-15T12:37:37.683+0000] {logging_mixin.py:137} INFO - [2023-01-15T12:37:37.683+0000] {dagbag.py:538} INFO - Filling up the DagBag from /home/airflow/.local/lib/python3.10/site-packages/airflow/example_dags/example_trigger_controller_dag.py
[2023-01-15T12:37:37.697+0000] {processor.py:753} INFO - DAG(s) dict_keys(['example_trigger_controller_dag']) retrieved from /home/airflow/.local/lib/python3.10/site-packages/airflow/example_dags/example_trigger_controller_dag.py
[2023-01-15T12:37:37.762+0000] {logging_mixin.py:137} INFO - [2023-01-15T12:37:37.761+0000] {dag.py:2676} INFO - Sync 1 DAGs
[2023-01-15T12:37:37.912+0000] {logging_mixin.py:137} INFO - [2023-01-15T12:37:37.912+0000] {dag.py:3423} INFO - Setting next_dagrun for example_trigger_controller_dag to 2021-01-01T00:00:00+00:00, run_after=2021-01-01T00:00:00+00:00
[2023-01-15T12:37:37.934+0000] {processor.py:175} INFO - Processing /home/airflow/.local/lib/python3.10/site-packages/airflow/example_dags/example_trigger_controller_dag.py took 0.256 seconds
[2023-01-15T12:38:08.455+0000] {processor.py:153} INFO - Started process (PID=344) to work on /home/airflow/.local/lib/python3.10/site-packages/airflow/example_dags/example_trigger_controller_dag.py
[2023-01-15T12:38:08.456+0000] {processor.py:743} INFO - Processing file /home/airflow/.local/lib/python3.10/site-packages/airflow/example_dags/example_trigger_controller_dag.py for tasks to queue
[2023-01-15T12:38:08.457+0000] {logging_mixin.py:137} INFO - [2023-01-15T12:38:08.456+0000] {dagbag.py:538} INFO - Filling up the DagBag from /home/airflow/.local/lib/python3.10/site-packages/airflow/example_dags/example_trigger_controller_dag.py
[2023-01-15T12:38:08.475+0000] {processor.py:753} INFO - DAG(s) dict_keys(['example_trigger_controller_dag']) retrieved from /home/airflow/.local/lib/python3.10/site-packages/airflow/example_dags/example_trigger_controller_dag.py
[2023-01-15T12:38:08.711+0000] {logging_mixin.py:137} INFO - [2023-01-15T12:38:08.711+0000] {dag.py:2676} INFO - Sync 1 DAGs
[2023-01-15T12:38:08.741+0000] {logging_mixin.py:137} INFO - [2023-01-15T12:38:08.741+0000] {dag.py:3423} INFO - Setting next_dagrun for example_trigger_controller_dag to 2021-01-01T00:00:00+00:00, run_after=2021-01-01T00:00:00+00:00
[2023-01-15T12:38:08.765+0000] {processor.py:175} INFO - Processing /home/airflow/.local/lib/python3.10/site-packages/airflow/example_dags/example_trigger_controller_dag.py took 0.315 seconds
[2023-01-15T12:38:39.667+0000] {processor.py:153} INFO - Started process (PID=417) to work on /home/airflow/.local/lib/python3.10/site-packages/airflow/example_dags/example_trigger_controller_dag.py
[2023-01-15T12:38:39.668+0000] {processor.py:743} INFO - Processing file /home/airflow/.local/lib/python3.10/site-packages/airflow/example_dags/example_trigger_controller_dag.py for tasks to queue
[2023-01-15T12:38:39.669+0000] {logging_mixin.py:137} INFO - [2023-01-15T12:38:39.668+0000] {dagbag.py:538} INFO - Filling up the DagBag from /home/airflow/.local/lib/python3.10/site-packages/airflow/example_dags/example_trigger_controller_dag.py
[2023-01-15T12:38:39.679+0000] {processor.py:753} INFO - DAG(s) dict_keys(['example_trigger_controller_dag']) retrieved from /home/airflow/.local/lib/python3.10/site-packages/airflow/example_dags/example_trigger_controller_dag.py
[2023-01-15T12:38:39.835+0000] {logging_mixin.py:137} INFO - [2023-01-15T12:38:39.835+0000] {dag.py:2676} INFO - Sync 1 DAGs
[2023-01-15T12:38:39.854+0000] {logging_mixin.py:137} INFO - [2023-01-15T12:38:39.854+0000] {dag.py:3423} INFO - Setting next_dagrun for example_trigger_controller_dag to 2021-01-01T00:00:00+00:00, run_after=2021-01-01T00:00:00+00:00
[2023-01-15T12:38:39.879+0000] {processor.py:175} INFO - Processing /home/airflow/.local/lib/python3.10/site-packages/airflow/example_dags/example_trigger_controller_dag.py took 0.214 seconds
[2023-01-15T12:39:10.166+0000] {processor.py:153} INFO - Started process (PID=483) to work on /home/airflow/.local/lib/python3.10/site-packages/airflow/example_dags/example_trigger_controller_dag.py
[2023-01-15T12:39:10.167+0000] {processor.py:743} INFO - Processing file /home/airflow/.local/lib/python3.10/site-packages/airflow/example_dags/example_trigger_controller_dag.py for tasks to queue
[2023-01-15T12:39:10.167+0000] {logging_mixin.py:137} INFO - [2023-01-15T12:39:10.167+0000] {dagbag.py:538} INFO - Filling up the DagBag from /home/airflow/.local/lib/python3.10/site-packages/airflow/example_dags/example_trigger_controller_dag.py
[2023-01-15T12:39:10.310+0000] {processor.py:753} INFO - DAG(s) dict_keys(['example_trigger_controller_dag']) retrieved from /home/airflow/.local/lib/python3.10/site-packages/airflow/example_dags/example_trigger_controller_dag.py
[2023-01-15T12:39:10.342+0000] {logging_mixin.py:137} INFO - [2023-01-15T12:39:10.342+0000] {dag.py:2676} INFO - Sync 1 DAGs
[2023-01-15T12:39:10.363+0000] {logging_mixin.py:137} INFO - [2023-01-15T12:39:10.362+0000] {dag.py:3423} INFO - Setting next_dagrun for example_trigger_controller_dag to 2021-01-01T00:00:00+00:00, run_after=2021-01-01T00:00:00+00:00
[2023-01-15T12:39:10.380+0000] {processor.py:175} INFO - Processing /home/airflow/.local/lib/python3.10/site-packages/airflow/example_dags/example_trigger_controller_dag.py took 0.218 seconds
