[2023-01-15T12:33:01.860+0000] {processor.py:153} INFO - Started process (PID=74) to work on /home/airflow/.local/lib/python3.10/site-packages/airflow/example_dags/example_dag_decorator.py
[2023-01-15T12:33:01.861+0000] {processor.py:743} INFO - Processing file /home/airflow/.local/lib/python3.10/site-packages/airflow/example_dags/example_dag_decorator.py for tasks to queue
[2023-01-15T12:33:01.862+0000] {logging_mixin.py:137} INFO - [2023-01-15T12:33:01.862+0000] {dagbag.py:538} INFO - Filling up the DagBag from /home/airflow/.local/lib/python3.10/site-packages/airflow/example_dags/example_dag_decorator.py
[2023-01-15T12:33:01.891+0000] {logging_mixin.py:137} INFO - [2023-01-15T12:33:01.890+0000] {taskmixin.py:205} WARNING - Dependency <Task(_PythonDecoratedOperator): prepare_email>, send_email already registered for DAG: example_dag_decorator
[2023-01-15T12:33:01.891+0000] {logging_mixin.py:137} INFO - [2023-01-15T12:33:01.891+0000] {taskmixin.py:205} WARNING - Dependency <Task(EmailOperator): send_email>, prepare_email already registered for DAG: example_dag_decorator
[2023-01-15T12:33:02.070+0000] {processor.py:753} INFO - DAG(s) dict_keys(['example_dag_decorator']) retrieved from /home/airflow/.local/lib/python3.10/site-packages/airflow/example_dags/example_dag_decorator.py
[2023-01-15T12:33:02.163+0000] {logging_mixin.py:137} INFO - [2023-01-15T12:33:02.162+0000] {dag.py:2676} INFO - Sync 1 DAGs
[2023-01-15T12:33:02.183+0000] {logging_mixin.py:137} INFO - [2023-01-15T12:33:02.182+0000] {dag.py:3423} INFO - Setting next_dagrun for example_dag_decorator to None, run_after=None
[2023-01-15T12:33:02.203+0000] {processor.py:175} INFO - Processing /home/airflow/.local/lib/python3.10/site-packages/airflow/example_dags/example_dag_decorator.py took 0.348 seconds
[2023-01-15T12:33:33.141+0000] {processor.py:153} INFO - Started process (PID=147) to work on /home/airflow/.local/lib/python3.10/site-packages/airflow/example_dags/example_dag_decorator.py
[2023-01-15T12:33:33.142+0000] {processor.py:743} INFO - Processing file /home/airflow/.local/lib/python3.10/site-packages/airflow/example_dags/example_dag_decorator.py for tasks to queue
[2023-01-15T12:33:33.143+0000] {logging_mixin.py:137} INFO - [2023-01-15T12:33:33.143+0000] {dagbag.py:538} INFO - Filling up the DagBag from /home/airflow/.local/lib/python3.10/site-packages/airflow/example_dags/example_dag_decorator.py
[2023-01-15T12:33:33.327+0000] {logging_mixin.py:137} INFO - [2023-01-15T12:33:33.327+0000] {taskmixin.py:205} WARNING - Dependency <Task(_PythonDecoratedOperator): prepare_email>, send_email already registered for DAG: example_dag_decorator
[2023-01-15T12:33:33.327+0000] {logging_mixin.py:137} INFO - [2023-01-15T12:33:33.327+0000] {taskmixin.py:205} WARNING - Dependency <Task(EmailOperator): send_email>, prepare_email already registered for DAG: example_dag_decorator
[2023-01-15T12:33:33.339+0000] {processor.py:753} INFO - DAG(s) dict_keys(['example_dag_decorator']) retrieved from /home/airflow/.local/lib/python3.10/site-packages/airflow/example_dags/example_dag_decorator.py
[2023-01-15T12:33:33.433+0000] {logging_mixin.py:137} INFO - [2023-01-15T12:33:33.433+0000] {dag.py:2676} INFO - Sync 1 DAGs
[2023-01-15T12:33:33.461+0000] {logging_mixin.py:137} INFO - [2023-01-15T12:33:33.461+0000] {dag.py:3423} INFO - Setting next_dagrun for example_dag_decorator to None, run_after=None
[2023-01-15T12:33:33.494+0000] {processor.py:175} INFO - Processing /home/airflow/.local/lib/python3.10/site-packages/airflow/example_dags/example_dag_decorator.py took 0.358 seconds
[2023-01-15T12:34:03.964+0000] {processor.py:153} INFO - Started process (PID=220) to work on /home/airflow/.local/lib/python3.10/site-packages/airflow/example_dags/example_dag_decorator.py
[2023-01-15T12:34:03.966+0000] {processor.py:743} INFO - Processing file /home/airflow/.local/lib/python3.10/site-packages/airflow/example_dags/example_dag_decorator.py for tasks to queue
[2023-01-15T12:34:03.967+0000] {logging_mixin.py:137} INFO - [2023-01-15T12:34:03.967+0000] {dagbag.py:538} INFO - Filling up the DagBag from /home/airflow/.local/lib/python3.10/site-packages/airflow/example_dags/example_dag_decorator.py
[2023-01-15T12:34:04.027+0000] {logging_mixin.py:137} INFO - [2023-01-15T12:34:04.026+0000] {taskmixin.py:205} WARNING - Dependency <Task(_PythonDecoratedOperator): prepare_email>, send_email already registered for DAG: example_dag_decorator
[2023-01-15T12:34:04.028+0000] {logging_mixin.py:137} INFO - [2023-01-15T12:34:04.027+0000] {taskmixin.py:205} WARNING - Dependency <Task(EmailOperator): send_email>, prepare_email already registered for DAG: example_dag_decorator
[2023-01-15T12:34:04.067+0000] {processor.py:753} INFO - DAG(s) dict_keys(['example_dag_decorator']) retrieved from /home/airflow/.local/lib/python3.10/site-packages/airflow/example_dags/example_dag_decorator.py
[2023-01-15T12:34:04.228+0000] {logging_mixin.py:137} INFO - [2023-01-15T12:34:04.227+0000] {dag.py:2676} INFO - Sync 1 DAGs
[2023-01-15T12:34:04.263+0000] {logging_mixin.py:137} INFO - [2023-01-15T12:34:04.263+0000] {dag.py:3423} INFO - Setting next_dagrun for example_dag_decorator to None, run_after=None
[2023-01-15T12:34:04.290+0000] {processor.py:175} INFO - Processing /home/airflow/.local/lib/python3.10/site-packages/airflow/example_dags/example_dag_decorator.py took 0.334 seconds
[2023-01-15T12:34:35.255+0000] {processor.py:153} INFO - Started process (PID=277) to work on /home/airflow/.local/lib/python3.10/site-packages/airflow/example_dags/example_dag_decorator.py
[2023-01-15T12:34:35.265+0000] {processor.py:743} INFO - Processing file /home/airflow/.local/lib/python3.10/site-packages/airflow/example_dags/example_dag_decorator.py for tasks to queue
[2023-01-15T12:34:35.266+0000] {logging_mixin.py:137} INFO - [2023-01-15T12:34:35.266+0000] {dagbag.py:538} INFO - Filling up the DagBag from /home/airflow/.local/lib/python3.10/site-packages/airflow/example_dags/example_dag_decorator.py
[2023-01-15T12:34:35.314+0000] {logging_mixin.py:137} INFO - [2023-01-15T12:34:35.314+0000] {taskmixin.py:205} WARNING - Dependency <Task(_PythonDecoratedOperator): prepare_email>, send_email already registered for DAG: example_dag_decorator
[2023-01-15T12:34:35.315+0000] {logging_mixin.py:137} INFO - [2023-01-15T12:34:35.315+0000] {taskmixin.py:205} WARNING - Dependency <Task(EmailOperator): send_email>, prepare_email already registered for DAG: example_dag_decorator
[2023-01-15T12:34:35.346+0000] {processor.py:753} INFO - DAG(s) dict_keys(['example_dag_decorator']) retrieved from /home/airflow/.local/lib/python3.10/site-packages/airflow/example_dags/example_dag_decorator.py
[2023-01-15T12:34:35.682+0000] {logging_mixin.py:137} INFO - [2023-01-15T12:34:35.681+0000] {dag.py:2676} INFO - Sync 1 DAGs
[2023-01-15T12:34:35.761+0000] {logging_mixin.py:137} INFO - [2023-01-15T12:34:35.760+0000] {dag.py:3423} INFO - Setting next_dagrun for example_dag_decorator to None, run_after=None
[2023-01-15T12:34:35.874+0000] {processor.py:175} INFO - Processing /home/airflow/.local/lib/python3.10/site-packages/airflow/example_dags/example_dag_decorator.py took 0.627 seconds
[2023-01-15T12:35:06.581+0000] {processor.py:153} INFO - Started process (PID=349) to work on /home/airflow/.local/lib/python3.10/site-packages/airflow/example_dags/example_dag_decorator.py
[2023-01-15T12:35:06.583+0000] {processor.py:743} INFO - Processing file /home/airflow/.local/lib/python3.10/site-packages/airflow/example_dags/example_dag_decorator.py for tasks to queue
[2023-01-15T12:35:06.585+0000] {logging_mixin.py:137} INFO - [2023-01-15T12:35:06.584+0000] {dagbag.py:538} INFO - Filling up the DagBag from /home/airflow/.local/lib/python3.10/site-packages/airflow/example_dags/example_dag_decorator.py
[2023-01-15T12:35:06.654+0000] {logging_mixin.py:137} INFO - [2023-01-15T12:35:06.654+0000] {taskmixin.py:205} WARNING - Dependency <Task(_PythonDecoratedOperator): prepare_email>, send_email already registered for DAG: example_dag_decorator
[2023-01-15T12:35:06.655+0000] {logging_mixin.py:137} INFO - [2023-01-15T12:35:06.654+0000] {taskmixin.py:205} WARNING - Dependency <Task(EmailOperator): send_email>, prepare_email already registered for DAG: example_dag_decorator
[2023-01-15T12:35:06.693+0000] {processor.py:753} INFO - DAG(s) dict_keys(['example_dag_decorator']) retrieved from /home/airflow/.local/lib/python3.10/site-packages/airflow/example_dags/example_dag_decorator.py
[2023-01-15T12:35:06.857+0000] {logging_mixin.py:137} INFO - [2023-01-15T12:35:06.857+0000] {dag.py:2676} INFO - Sync 1 DAGs
[2023-01-15T12:35:06.900+0000] {logging_mixin.py:137} INFO - [2023-01-15T12:35:06.900+0000] {dag.py:3423} INFO - Setting next_dagrun for example_dag_decorator to None, run_after=None
[2023-01-15T12:35:06.958+0000] {processor.py:175} INFO - Processing /home/airflow/.local/lib/python3.10/site-packages/airflow/example_dags/example_dag_decorator.py took 0.386 seconds
[2023-01-15T12:35:36.998+0000] {processor.py:153} INFO - Started process (PID=414) to work on /home/airflow/.local/lib/python3.10/site-packages/airflow/example_dags/example_dag_decorator.py
[2023-01-15T12:35:37.008+0000] {processor.py:743} INFO - Processing file /home/airflow/.local/lib/python3.10/site-packages/airflow/example_dags/example_dag_decorator.py for tasks to queue
[2023-01-15T12:35:37.010+0000] {logging_mixin.py:137} INFO - [2023-01-15T12:35:37.009+0000] {dagbag.py:538} INFO - Filling up the DagBag from /home/airflow/.local/lib/python3.10/site-packages/airflow/example_dags/example_dag_decorator.py
[2023-01-15T12:35:37.028+0000] {logging_mixin.py:137} INFO - [2023-01-15T12:35:37.028+0000] {taskmixin.py:205} WARNING - Dependency <Task(_PythonDecoratedOperator): prepare_email>, send_email already registered for DAG: example_dag_decorator
[2023-01-15T12:35:37.028+0000] {logging_mixin.py:137} INFO - [2023-01-15T12:35:37.028+0000] {taskmixin.py:205} WARNING - Dependency <Task(EmailOperator): send_email>, prepare_email already registered for DAG: example_dag_decorator
[2023-01-15T12:35:37.039+0000] {processor.py:753} INFO - DAG(s) dict_keys(['example_dag_decorator']) retrieved from /home/airflow/.local/lib/python3.10/site-packages/airflow/example_dags/example_dag_decorator.py
[2023-01-15T12:35:37.095+0000] {logging_mixin.py:137} INFO - [2023-01-15T12:35:37.095+0000] {dag.py:2676} INFO - Sync 1 DAGs
[2023-01-15T12:35:37.111+0000] {logging_mixin.py:137} INFO - [2023-01-15T12:35:37.111+0000] {dag.py:3423} INFO - Setting next_dagrun for example_dag_decorator to None, run_after=None
[2023-01-15T12:35:37.125+0000] {processor.py:175} INFO - Processing /home/airflow/.local/lib/python3.10/site-packages/airflow/example_dags/example_dag_decorator.py took 0.129 seconds
[2023-01-15T12:36:02.346+0000] {processor.py:153} INFO - Started process (PID=74) to work on /home/airflow/.local/lib/python3.10/site-packages/airflow/example_dags/example_dag_decorator.py
[2023-01-15T12:36:02.354+0000] {processor.py:743} INFO - Processing file /home/airflow/.local/lib/python3.10/site-packages/airflow/example_dags/example_dag_decorator.py for tasks to queue
[2023-01-15T12:36:02.355+0000] {logging_mixin.py:137} INFO - [2023-01-15T12:36:02.355+0000] {dagbag.py:538} INFO - Filling up the DagBag from /home/airflow/.local/lib/python3.10/site-packages/airflow/example_dags/example_dag_decorator.py
[2023-01-15T12:36:02.410+0000] {logging_mixin.py:137} INFO - [2023-01-15T12:36:02.410+0000] {taskmixin.py:205} WARNING - Dependency <Task(_PythonDecoratedOperator): prepare_email>, send_email already registered for DAG: example_dag_decorator
[2023-01-15T12:36:02.410+0000] {logging_mixin.py:137} INFO - [2023-01-15T12:36:02.410+0000] {taskmixin.py:205} WARNING - Dependency <Task(EmailOperator): send_email>, prepare_email already registered for DAG: example_dag_decorator
[2023-01-15T12:36:02.438+0000] {processor.py:753} INFO - DAG(s) dict_keys(['example_dag_decorator']) retrieved from /home/airflow/.local/lib/python3.10/site-packages/airflow/example_dags/example_dag_decorator.py
[2023-01-15T12:36:02.524+0000] {logging_mixin.py:137} INFO - [2023-01-15T12:36:02.524+0000] {dag.py:2676} INFO - Sync 1 DAGs
[2023-01-15T12:36:02.590+0000] {logging_mixin.py:137} INFO - [2023-01-15T12:36:02.589+0000] {dag.py:3423} INFO - Setting next_dagrun for example_dag_decorator to None, run_after=None
[2023-01-15T12:36:02.649+0000] {processor.py:175} INFO - Processing /home/airflow/.local/lib/python3.10/site-packages/airflow/example_dags/example_dag_decorator.py took 0.308 seconds
[2023-01-15T12:36:33.294+0000] {processor.py:153} INFO - Started process (PID=140) to work on /home/airflow/.local/lib/python3.10/site-packages/airflow/example_dags/example_dag_decorator.py
[2023-01-15T12:36:33.295+0000] {processor.py:743} INFO - Processing file /home/airflow/.local/lib/python3.10/site-packages/airflow/example_dags/example_dag_decorator.py for tasks to queue
[2023-01-15T12:36:33.296+0000] {logging_mixin.py:137} INFO - [2023-01-15T12:36:33.296+0000] {dagbag.py:538} INFO - Filling up the DagBag from /home/airflow/.local/lib/python3.10/site-packages/airflow/example_dags/example_dag_decorator.py
[2023-01-15T12:36:33.320+0000] {logging_mixin.py:137} INFO - [2023-01-15T12:36:33.320+0000] {taskmixin.py:205} WARNING - Dependency <Task(_PythonDecoratedOperator): prepare_email>, send_email already registered for DAG: example_dag_decorator
[2023-01-15T12:36:33.320+0000] {logging_mixin.py:137} INFO - [2023-01-15T12:36:33.320+0000] {taskmixin.py:205} WARNING - Dependency <Task(EmailOperator): send_email>, prepare_email already registered for DAG: example_dag_decorator
[2023-01-15T12:36:33.332+0000] {processor.py:753} INFO - DAG(s) dict_keys(['example_dag_decorator']) retrieved from /home/airflow/.local/lib/python3.10/site-packages/airflow/example_dags/example_dag_decorator.py
[2023-01-15T12:36:33.564+0000] {logging_mixin.py:137} INFO - [2023-01-15T12:36:33.564+0000] {dag.py:2676} INFO - Sync 1 DAGs
[2023-01-15T12:36:33.583+0000] {logging_mixin.py:137} INFO - [2023-01-15T12:36:33.583+0000] {dag.py:3423} INFO - Setting next_dagrun for example_dag_decorator to None, run_after=None
[2023-01-15T12:36:33.604+0000] {processor.py:175} INFO - Processing /home/airflow/.local/lib/python3.10/site-packages/airflow/example_dags/example_dag_decorator.py took 0.314 seconds
[2023-01-15T12:37:07.195+0000] {processor.py:153} INFO - Started process (PID=206) to work on /home/airflow/.local/lib/python3.10/site-packages/airflow/example_dags/example_dag_decorator.py
[2023-01-15T12:37:07.197+0000] {processor.py:743} INFO - Processing file /home/airflow/.local/lib/python3.10/site-packages/airflow/example_dags/example_dag_decorator.py for tasks to queue
[2023-01-15T12:37:07.198+0000] {logging_mixin.py:137} INFO - [2023-01-15T12:37:07.197+0000] {dagbag.py:538} INFO - Filling up the DagBag from /home/airflow/.local/lib/python3.10/site-packages/airflow/example_dags/example_dag_decorator.py
[2023-01-15T12:37:07.227+0000] {logging_mixin.py:137} INFO - [2023-01-15T12:37:07.227+0000] {taskmixin.py:205} WARNING - Dependency <Task(_PythonDecoratedOperator): prepare_email>, send_email already registered for DAG: example_dag_decorator
[2023-01-15T12:37:07.228+0000] {logging_mixin.py:137} INFO - [2023-01-15T12:37:07.227+0000] {taskmixin.py:205} WARNING - Dependency <Task(EmailOperator): send_email>, prepare_email already registered for DAG: example_dag_decorator
[2023-01-15T12:37:07.245+0000] {processor.py:753} INFO - DAG(s) dict_keys(['example_dag_decorator']) retrieved from /home/airflow/.local/lib/python3.10/site-packages/airflow/example_dags/example_dag_decorator.py
[2023-01-15T12:37:07.516+0000] {logging_mixin.py:137} INFO - [2023-01-15T12:37:07.516+0000] {dag.py:2676} INFO - Sync 1 DAGs
[2023-01-15T12:37:07.539+0000] {logging_mixin.py:137} INFO - [2023-01-15T12:37:07.539+0000] {dag.py:3423} INFO - Setting next_dagrun for example_dag_decorator to None, run_after=None
[2023-01-15T12:37:07.562+0000] {processor.py:175} INFO - Processing /home/airflow/.local/lib/python3.10/site-packages/airflow/example_dags/example_dag_decorator.py took 0.371 seconds
[2023-01-15T12:37:37.740+0000] {processor.py:153} INFO - Started process (PID=272) to work on /home/airflow/.local/lib/python3.10/site-packages/airflow/example_dags/example_dag_decorator.py
[2023-01-15T12:37:37.741+0000] {processor.py:743} INFO - Processing file /home/airflow/.local/lib/python3.10/site-packages/airflow/example_dags/example_dag_decorator.py for tasks to queue
[2023-01-15T12:37:37.742+0000] {logging_mixin.py:137} INFO - [2023-01-15T12:37:37.742+0000] {dagbag.py:538} INFO - Filling up the DagBag from /home/airflow/.local/lib/python3.10/site-packages/airflow/example_dags/example_dag_decorator.py
[2023-01-15T12:37:37.768+0000] {logging_mixin.py:137} INFO - [2023-01-15T12:37:37.768+0000] {taskmixin.py:205} WARNING - Dependency <Task(_PythonDecoratedOperator): prepare_email>, send_email already registered for DAG: example_dag_decorator
[2023-01-15T12:37:37.769+0000] {logging_mixin.py:137} INFO - [2023-01-15T12:37:37.768+0000] {taskmixin.py:205} WARNING - Dependency <Task(EmailOperator): send_email>, prepare_email already registered for DAG: example_dag_decorator
[2023-01-15T12:37:37.780+0000] {processor.py:753} INFO - DAG(s) dict_keys(['example_dag_decorator']) retrieved from /home/airflow/.local/lib/python3.10/site-packages/airflow/example_dags/example_dag_decorator.py
[2023-01-15T12:37:37.966+0000] {logging_mixin.py:137} INFO - [2023-01-15T12:37:37.966+0000] {dag.py:2676} INFO - Sync 1 DAGs
[2023-01-15T12:37:37.985+0000] {logging_mixin.py:137} INFO - [2023-01-15T12:37:37.984+0000] {dag.py:3423} INFO - Setting next_dagrun for example_dag_decorator to None, run_after=None
[2023-01-15T12:37:38.002+0000] {processor.py:175} INFO - Processing /home/airflow/.local/lib/python3.10/site-packages/airflow/example_dags/example_dag_decorator.py took 0.266 seconds
[2023-01-15T12:38:08.740+0000] {processor.py:153} INFO - Started process (PID=345) to work on /home/airflow/.local/lib/python3.10/site-packages/airflow/example_dags/example_dag_decorator.py
[2023-01-15T12:38:08.741+0000] {processor.py:743} INFO - Processing file /home/airflow/.local/lib/python3.10/site-packages/airflow/example_dags/example_dag_decorator.py for tasks to queue
[2023-01-15T12:38:08.741+0000] {logging_mixin.py:137} INFO - [2023-01-15T12:38:08.741+0000] {dagbag.py:538} INFO - Filling up the DagBag from /home/airflow/.local/lib/python3.10/site-packages/airflow/example_dags/example_dag_decorator.py
[2023-01-15T12:38:08.760+0000] {logging_mixin.py:137} INFO - [2023-01-15T12:38:08.760+0000] {taskmixin.py:205} WARNING - Dependency <Task(_PythonDecoratedOperator): prepare_email>, send_email already registered for DAG: example_dag_decorator
[2023-01-15T12:38:08.760+0000] {logging_mixin.py:137} INFO - [2023-01-15T12:38:08.760+0000] {taskmixin.py:205} WARNING - Dependency <Task(EmailOperator): send_email>, prepare_email already registered for DAG: example_dag_decorator
[2023-01-15T12:38:08.775+0000] {processor.py:753} INFO - DAG(s) dict_keys(['example_dag_decorator']) retrieved from /home/airflow/.local/lib/python3.10/site-packages/airflow/example_dags/example_dag_decorator.py
[2023-01-15T12:38:09.027+0000] {logging_mixin.py:137} INFO - [2023-01-15T12:38:09.026+0000] {dag.py:2676} INFO - Sync 1 DAGs
[2023-01-15T12:38:09.067+0000] {logging_mixin.py:137} INFO - [2023-01-15T12:38:09.067+0000] {dag.py:3423} INFO - Setting next_dagrun for example_dag_decorator to None, run_after=None
[2023-01-15T12:38:09.102+0000] {processor.py:175} INFO - Processing /home/airflow/.local/lib/python3.10/site-packages/airflow/example_dags/example_dag_decorator.py took 0.365 seconds
[2023-01-15T12:38:39.673+0000] {processor.py:153} INFO - Started process (PID=418) to work on /home/airflow/.local/lib/python3.10/site-packages/airflow/example_dags/example_dag_decorator.py
[2023-01-15T12:38:39.673+0000] {processor.py:743} INFO - Processing file /home/airflow/.local/lib/python3.10/site-packages/airflow/example_dags/example_dag_decorator.py for tasks to queue
[2023-01-15T12:38:39.674+0000] {logging_mixin.py:137} INFO - [2023-01-15T12:38:39.674+0000] {dagbag.py:538} INFO - Filling up the DagBag from /home/airflow/.local/lib/python3.10/site-packages/airflow/example_dags/example_dag_decorator.py
[2023-01-15T12:38:39.688+0000] {logging_mixin.py:137} INFO - [2023-01-15T12:38:39.688+0000] {taskmixin.py:205} WARNING - Dependency <Task(_PythonDecoratedOperator): prepare_email>, send_email already registered for DAG: example_dag_decorator
[2023-01-15T12:38:39.688+0000] {logging_mixin.py:137} INFO - [2023-01-15T12:38:39.688+0000] {taskmixin.py:205} WARNING - Dependency <Task(EmailOperator): send_email>, prepare_email already registered for DAG: example_dag_decorator
[2023-01-15T12:38:39.823+0000] {processor.py:753} INFO - DAG(s) dict_keys(['example_dag_decorator']) retrieved from /home/airflow/.local/lib/python3.10/site-packages/airflow/example_dags/example_dag_decorator.py
[2023-01-15T12:38:39.881+0000] {logging_mixin.py:137} INFO - [2023-01-15T12:38:39.881+0000] {dag.py:2676} INFO - Sync 1 DAGs
[2023-01-15T12:38:39.898+0000] {logging_mixin.py:137} INFO - [2023-01-15T12:38:39.898+0000] {dag.py:3423} INFO - Setting next_dagrun for example_dag_decorator to None, run_after=None
[2023-01-15T12:38:39.915+0000] {processor.py:175} INFO - Processing /home/airflow/.local/lib/python3.10/site-packages/airflow/example_dags/example_dag_decorator.py took 0.245 seconds
[2023-01-15T12:39:10.172+0000] {processor.py:153} INFO - Started process (PID=484) to work on /home/airflow/.local/lib/python3.10/site-packages/airflow/example_dags/example_dag_decorator.py
[2023-01-15T12:39:10.173+0000] {processor.py:743} INFO - Processing file /home/airflow/.local/lib/python3.10/site-packages/airflow/example_dags/example_dag_decorator.py for tasks to queue
[2023-01-15T12:39:10.173+0000] {logging_mixin.py:137} INFO - [2023-01-15T12:39:10.173+0000] {dagbag.py:538} INFO - Filling up the DagBag from /home/airflow/.local/lib/python3.10/site-packages/airflow/example_dags/example_dag_decorator.py
[2023-01-15T12:39:10.321+0000] {logging_mixin.py:137} INFO - [2023-01-15T12:39:10.321+0000] {taskmixin.py:205} WARNING - Dependency <Task(_PythonDecoratedOperator): prepare_email>, send_email already registered for DAG: example_dag_decorator
[2023-01-15T12:39:10.322+0000] {logging_mixin.py:137} INFO - [2023-01-15T12:39:10.322+0000] {taskmixin.py:205} WARNING - Dependency <Task(EmailOperator): send_email>, prepare_email already registered for DAG: example_dag_decorator
[2023-01-15T12:39:10.333+0000] {processor.py:753} INFO - DAG(s) dict_keys(['example_dag_decorator']) retrieved from /home/airflow/.local/lib/python3.10/site-packages/airflow/example_dags/example_dag_decorator.py
[2023-01-15T12:39:10.397+0000] {logging_mixin.py:137} INFO - [2023-01-15T12:39:10.397+0000] {dag.py:2676} INFO - Sync 1 DAGs
[2023-01-15T12:39:10.415+0000] {logging_mixin.py:137} INFO - [2023-01-15T12:39:10.415+0000] {dag.py:3423} INFO - Setting next_dagrun for example_dag_decorator to None, run_after=None
[2023-01-15T12:39:10.433+0000] {processor.py:175} INFO - Processing /home/airflow/.local/lib/python3.10/site-packages/airflow/example_dags/example_dag_decorator.py took 0.265 seconds
