[2023-01-15T12:33:02.443+0000] {processor.py:153} INFO - Started process (PID=77) to work on /home/airflow/.local/lib/python3.10/site-packages/airflow/example_dags/example_branch_datetime_operator.py
[2023-01-15T12:33:02.443+0000] {processor.py:743} INFO - Processing file /home/airflow/.local/lib/python3.10/site-packages/airflow/example_dags/example_branch_datetime_operator.py for tasks to queue
[2023-01-15T12:33:02.444+0000] {logging_mixin.py:137} INFO - [2023-01-15T12:33:02.444+0000] {dagbag.py:538} INFO - Filling up the DagBag from /home/airflow/.local/lib/python3.10/site-packages/airflow/example_dags/example_branch_datetime_operator.py
[2023-01-15T12:33:02.472+0000] {processor.py:753} INFO - DAG(s) dict_keys(['example_branch_datetime_operator_2', 'example_branch_datetime_operator_3', 'example_branch_datetime_operator']) retrieved from /home/airflow/.local/lib/python3.10/site-packages/airflow/example_dags/example_branch_datetime_operator.py
[2023-01-15T12:33:02.688+0000] {logging_mixin.py:137} INFO - [2023-01-15T12:33:02.688+0000] {dag.py:2676} INFO - Sync 3 DAGs
[2023-01-15T12:33:02.724+0000] {logging_mixin.py:137} INFO - [2023-01-15T12:33:02.724+0000] {dag.py:3423} INFO - Setting next_dagrun for example_branch_datetime_operator to 2023-01-14T00:00:00+00:00, run_after=2023-01-15T00:00:00+00:00
[2023-01-15T12:33:02.732+0000] {logging_mixin.py:137} INFO - [2023-01-15T12:33:02.732+0000] {dag.py:3423} INFO - Setting next_dagrun for example_branch_datetime_operator_2 to 2023-01-14T00:00:00+00:00, run_after=2023-01-15T00:00:00+00:00
[2023-01-15T12:33:02.736+0000] {logging_mixin.py:137} INFO - [2023-01-15T12:33:02.736+0000] {dag.py:3423} INFO - Setting next_dagrun for example_branch_datetime_operator_3 to 2023-01-14T00:00:00+00:00, run_after=2023-01-15T00:00:00+00:00
[2023-01-15T12:33:02.758+0000] {processor.py:175} INFO - Processing /home/airflow/.local/lib/python3.10/site-packages/airflow/example_dags/example_branch_datetime_operator.py took 0.319 seconds
[2023-01-15T12:33:33.901+0000] {processor.py:153} INFO - Started process (PID=150) to work on /home/airflow/.local/lib/python3.10/site-packages/airflow/example_dags/example_branch_datetime_operator.py
[2023-01-15T12:33:33.902+0000] {processor.py:743} INFO - Processing file /home/airflow/.local/lib/python3.10/site-packages/airflow/example_dags/example_branch_datetime_operator.py for tasks to queue
[2023-01-15T12:33:33.908+0000] {logging_mixin.py:137} INFO - [2023-01-15T12:33:33.908+0000] {dagbag.py:538} INFO - Filling up the DagBag from /home/airflow/.local/lib/python3.10/site-packages/airflow/example_dags/example_branch_datetime_operator.py
[2023-01-15T12:33:34.142+0000] {processor.py:753} INFO - DAG(s) dict_keys(['example_branch_datetime_operator_2', 'example_branch_datetime_operator', 'example_branch_datetime_operator_3']) retrieved from /home/airflow/.local/lib/python3.10/site-packages/airflow/example_dags/example_branch_datetime_operator.py
[2023-01-15T12:33:34.205+0000] {logging_mixin.py:137} INFO - [2023-01-15T12:33:34.205+0000] {dag.py:2676} INFO - Sync 3 DAGs
[2023-01-15T12:33:34.242+0000] {logging_mixin.py:137} INFO - [2023-01-15T12:33:34.242+0000] {dag.py:3423} INFO - Setting next_dagrun for example_branch_datetime_operator to 2023-01-14T00:00:00+00:00, run_after=2023-01-15T00:00:00+00:00
[2023-01-15T12:33:34.250+0000] {logging_mixin.py:137} INFO - [2023-01-15T12:33:34.250+0000] {dag.py:3423} INFO - Setting next_dagrun for example_branch_datetime_operator_2 to 2023-01-14T00:00:00+00:00, run_after=2023-01-15T00:00:00+00:00
[2023-01-15T12:33:34.255+0000] {logging_mixin.py:137} INFO - [2023-01-15T12:33:34.254+0000] {dag.py:3423} INFO - Setting next_dagrun for example_branch_datetime_operator_3 to 2023-01-14T00:00:00+00:00, run_after=2023-01-15T00:00:00+00:00
[2023-01-15T12:33:34.279+0000] {processor.py:175} INFO - Processing /home/airflow/.local/lib/python3.10/site-packages/airflow/example_dags/example_branch_datetime_operator.py took 0.382 seconds
[2023-01-15T12:34:04.411+0000] {processor.py:153} INFO - Started process (PID=223) to work on /home/airflow/.local/lib/python3.10/site-packages/airflow/example_dags/example_branch_datetime_operator.py
[2023-01-15T12:34:04.414+0000] {processor.py:743} INFO - Processing file /home/airflow/.local/lib/python3.10/site-packages/airflow/example_dags/example_branch_datetime_operator.py for tasks to queue
[2023-01-15T12:34:04.416+0000] {logging_mixin.py:137} INFO - [2023-01-15T12:34:04.415+0000] {dagbag.py:538} INFO - Filling up the DagBag from /home/airflow/.local/lib/python3.10/site-packages/airflow/example_dags/example_branch_datetime_operator.py
[2023-01-15T12:34:04.458+0000] {processor.py:753} INFO - DAG(s) dict_keys(['example_branch_datetime_operator_3', 'example_branch_datetime_operator', 'example_branch_datetime_operator_2']) retrieved from /home/airflow/.local/lib/python3.10/site-packages/airflow/example_dags/example_branch_datetime_operator.py
[2023-01-15T12:34:04.549+0000] {logging_mixin.py:137} INFO - [2023-01-15T12:34:04.549+0000] {dag.py:2676} INFO - Sync 3 DAGs
[2023-01-15T12:34:04.596+0000] {logging_mixin.py:137} INFO - [2023-01-15T12:34:04.595+0000] {dag.py:3423} INFO - Setting next_dagrun for example_branch_datetime_operator to 2023-01-14T00:00:00+00:00, run_after=2023-01-15T00:00:00+00:00
[2023-01-15T12:34:04.604+0000] {logging_mixin.py:137} INFO - [2023-01-15T12:34:04.604+0000] {dag.py:3423} INFO - Setting next_dagrun for example_branch_datetime_operator_2 to 2023-01-14T00:00:00+00:00, run_after=2023-01-15T00:00:00+00:00
[2023-01-15T12:34:04.609+0000] {logging_mixin.py:137} INFO - [2023-01-15T12:34:04.609+0000] {dag.py:3423} INFO - Setting next_dagrun for example_branch_datetime_operator_3 to 2023-01-14T00:00:00+00:00, run_after=2023-01-15T00:00:00+00:00
[2023-01-15T12:34:04.633+0000] {processor.py:175} INFO - Processing /home/airflow/.local/lib/python3.10/site-packages/airflow/example_dags/example_branch_datetime_operator.py took 0.230 seconds
[2023-01-15T12:34:35.970+0000] {processor.py:153} INFO - Started process (PID=287) to work on /home/airflow/.local/lib/python3.10/site-packages/airflow/example_dags/example_branch_datetime_operator.py
[2023-01-15T12:34:35.972+0000] {processor.py:743} INFO - Processing file /home/airflow/.local/lib/python3.10/site-packages/airflow/example_dags/example_branch_datetime_operator.py for tasks to queue
[2023-01-15T12:34:35.973+0000] {logging_mixin.py:137} INFO - [2023-01-15T12:34:35.973+0000] {dagbag.py:538} INFO - Filling up the DagBag from /home/airflow/.local/lib/python3.10/site-packages/airflow/example_dags/example_branch_datetime_operator.py
[2023-01-15T12:34:36.031+0000] {processor.py:753} INFO - DAG(s) dict_keys(['example_branch_datetime_operator', 'example_branch_datetime_operator_2', 'example_branch_datetime_operator_3']) retrieved from /home/airflow/.local/lib/python3.10/site-packages/airflow/example_dags/example_branch_datetime_operator.py
[2023-01-15T12:34:36.099+0000] {logging_mixin.py:137} INFO - [2023-01-15T12:34:36.099+0000] {dag.py:2676} INFO - Sync 3 DAGs
[2023-01-15T12:34:36.125+0000] {logging_mixin.py:137} INFO - [2023-01-15T12:34:36.124+0000] {dag.py:3423} INFO - Setting next_dagrun for example_branch_datetime_operator to 2023-01-14T00:00:00+00:00, run_after=2023-01-15T00:00:00+00:00
[2023-01-15T12:34:36.129+0000] {logging_mixin.py:137} INFO - [2023-01-15T12:34:36.129+0000] {dag.py:3423} INFO - Setting next_dagrun for example_branch_datetime_operator_2 to 2023-01-14T00:00:00+00:00, run_after=2023-01-15T00:00:00+00:00
[2023-01-15T12:34:36.132+0000] {logging_mixin.py:137} INFO - [2023-01-15T12:34:36.132+0000] {dag.py:3423} INFO - Setting next_dagrun for example_branch_datetime_operator_3 to 2023-01-14T00:00:00+00:00, run_after=2023-01-15T00:00:00+00:00
[2023-01-15T12:34:36.150+0000] {processor.py:175} INFO - Processing /home/airflow/.local/lib/python3.10/site-packages/airflow/example_dags/example_branch_datetime_operator.py took 0.185 seconds
[2023-01-15T12:35:07.013+0000] {processor.py:153} INFO - Started process (PID=352) to work on /home/airflow/.local/lib/python3.10/site-packages/airflow/example_dags/example_branch_datetime_operator.py
[2023-01-15T12:35:07.015+0000] {processor.py:743} INFO - Processing file /home/airflow/.local/lib/python3.10/site-packages/airflow/example_dags/example_branch_datetime_operator.py for tasks to queue
[2023-01-15T12:35:07.016+0000] {logging_mixin.py:137} INFO - [2023-01-15T12:35:07.016+0000] {dagbag.py:538} INFO - Filling up the DagBag from /home/airflow/.local/lib/python3.10/site-packages/airflow/example_dags/example_branch_datetime_operator.py
[2023-01-15T12:35:07.065+0000] {processor.py:753} INFO - DAG(s) dict_keys(['example_branch_datetime_operator_2', 'example_branch_datetime_operator', 'example_branch_datetime_operator_3']) retrieved from /home/airflow/.local/lib/python3.10/site-packages/airflow/example_dags/example_branch_datetime_operator.py
[2023-01-15T12:35:07.178+0000] {logging_mixin.py:137} INFO - [2023-01-15T12:35:07.177+0000] {dag.py:2676} INFO - Sync 3 DAGs
[2023-01-15T12:35:07.233+0000] {logging_mixin.py:137} INFO - [2023-01-15T12:35:07.233+0000] {dag.py:3423} INFO - Setting next_dagrun for example_branch_datetime_operator to 2023-01-14T00:00:00+00:00, run_after=2023-01-15T00:00:00+00:00
[2023-01-15T12:35:07.244+0000] {logging_mixin.py:137} INFO - [2023-01-15T12:35:07.244+0000] {dag.py:3423} INFO - Setting next_dagrun for example_branch_datetime_operator_2 to 2023-01-14T00:00:00+00:00, run_after=2023-01-15T00:00:00+00:00
[2023-01-15T12:35:07.250+0000] {logging_mixin.py:137} INFO - [2023-01-15T12:35:07.249+0000] {dag.py:3423} INFO - Setting next_dagrun for example_branch_datetime_operator_3 to 2023-01-14T00:00:00+00:00, run_after=2023-01-15T00:00:00+00:00
[2023-01-15T12:35:07.289+0000] {processor.py:175} INFO - Processing /home/airflow/.local/lib/python3.10/site-packages/airflow/example_dags/example_branch_datetime_operator.py took 0.282 seconds
[2023-01-15T12:35:38.132+0000] {processor.py:153} INFO - Started process (PID=417) to work on /home/airflow/.local/lib/python3.10/site-packages/airflow/example_dags/example_branch_datetime_operator.py
[2023-01-15T12:35:38.136+0000] {processor.py:743} INFO - Processing file /home/airflow/.local/lib/python3.10/site-packages/airflow/example_dags/example_branch_datetime_operator.py for tasks to queue
[2023-01-15T12:35:38.137+0000] {logging_mixin.py:137} INFO - [2023-01-15T12:35:38.137+0000] {dagbag.py:538} INFO - Filling up the DagBag from /home/airflow/.local/lib/python3.10/site-packages/airflow/example_dags/example_branch_datetime_operator.py
[2023-01-15T12:35:38.158+0000] {processor.py:753} INFO - DAG(s) dict_keys(['example_branch_datetime_operator_3', 'example_branch_datetime_operator', 'example_branch_datetime_operator_2']) retrieved from /home/airflow/.local/lib/python3.10/site-packages/airflow/example_dags/example_branch_datetime_operator.py
[2023-01-15T12:35:38.215+0000] {logging_mixin.py:137} INFO - [2023-01-15T12:35:38.215+0000] {dag.py:2676} INFO - Sync 3 DAGs
[2023-01-15T12:35:38.245+0000] {logging_mixin.py:137} INFO - [2023-01-15T12:35:38.245+0000] {dag.py:3423} INFO - Setting next_dagrun for example_branch_datetime_operator to 2023-01-14T00:00:00+00:00, run_after=2023-01-15T00:00:00+00:00
[2023-01-15T12:35:38.253+0000] {logging_mixin.py:137} INFO - [2023-01-15T12:35:38.253+0000] {dag.py:3423} INFO - Setting next_dagrun for example_branch_datetime_operator_2 to 2023-01-14T00:00:00+00:00, run_after=2023-01-15T00:00:00+00:00
[2023-01-15T12:35:38.256+0000] {logging_mixin.py:137} INFO - [2023-01-15T12:35:38.256+0000] {dag.py:3423} INFO - Setting next_dagrun for example_branch_datetime_operator_3 to 2023-01-14T00:00:00+00:00, run_after=2023-01-15T00:00:00+00:00
[2023-01-15T12:35:38.275+0000] {processor.py:175} INFO - Processing /home/airflow/.local/lib/python3.10/site-packages/airflow/example_dags/example_branch_datetime_operator.py took 0.146 seconds
[2023-01-15T12:36:02.750+0000] {processor.py:153} INFO - Started process (PID=77) to work on /home/airflow/.local/lib/python3.10/site-packages/airflow/example_dags/example_branch_datetime_operator.py
[2023-01-15T12:36:02.752+0000] {processor.py:743} INFO - Processing file /home/airflow/.local/lib/python3.10/site-packages/airflow/example_dags/example_branch_datetime_operator.py for tasks to queue
[2023-01-15T12:36:02.753+0000] {logging_mixin.py:137} INFO - [2023-01-15T12:36:02.753+0000] {dagbag.py:538} INFO - Filling up the DagBag from /home/airflow/.local/lib/python3.10/site-packages/airflow/example_dags/example_branch_datetime_operator.py
[2023-01-15T12:36:02.789+0000] {processor.py:753} INFO - DAG(s) dict_keys(['example_branch_datetime_operator_2', 'example_branch_datetime_operator', 'example_branch_datetime_operator_3']) retrieved from /home/airflow/.local/lib/python3.10/site-packages/airflow/example_dags/example_branch_datetime_operator.py
[2023-01-15T12:36:02.845+0000] {logging_mixin.py:137} INFO - [2023-01-15T12:36:02.845+0000] {dag.py:2676} INFO - Sync 3 DAGs
[2023-01-15T12:36:02.896+0000] {logging_mixin.py:137} INFO - [2023-01-15T12:36:02.896+0000] {dag.py:3423} INFO - Setting next_dagrun for example_branch_datetime_operator to 2023-01-14T00:00:00+00:00, run_after=2023-01-15T00:00:00+00:00
[2023-01-15T12:36:02.906+0000] {logging_mixin.py:137} INFO - [2023-01-15T12:36:02.905+0000] {dag.py:3423} INFO - Setting next_dagrun for example_branch_datetime_operator_2 to 2023-01-14T00:00:00+00:00, run_after=2023-01-15T00:00:00+00:00
[2023-01-15T12:36:02.910+0000] {logging_mixin.py:137} INFO - [2023-01-15T12:36:02.910+0000] {dag.py:3423} INFO - Setting next_dagrun for example_branch_datetime_operator_3 to 2023-01-14T00:00:00+00:00, run_after=2023-01-15T00:00:00+00:00
[2023-01-15T12:36:02.940+0000] {processor.py:175} INFO - Processing /home/airflow/.local/lib/python3.10/site-packages/airflow/example_dags/example_branch_datetime_operator.py took 0.197 seconds
[2023-01-15T12:36:33.875+0000] {processor.py:153} INFO - Started process (PID=143) to work on /home/airflow/.local/lib/python3.10/site-packages/airflow/example_dags/example_branch_datetime_operator.py
[2023-01-15T12:36:33.876+0000] {processor.py:743} INFO - Processing file /home/airflow/.local/lib/python3.10/site-packages/airflow/example_dags/example_branch_datetime_operator.py for tasks to queue
[2023-01-15T12:36:33.877+0000] {logging_mixin.py:137} INFO - [2023-01-15T12:36:33.877+0000] {dagbag.py:538} INFO - Filling up the DagBag from /home/airflow/.local/lib/python3.10/site-packages/airflow/example_dags/example_branch_datetime_operator.py
[2023-01-15T12:36:33.902+0000] {processor.py:753} INFO - DAG(s) dict_keys(['example_branch_datetime_operator', 'example_branch_datetime_operator_3', 'example_branch_datetime_operator_2']) retrieved from /home/airflow/.local/lib/python3.10/site-packages/airflow/example_dags/example_branch_datetime_operator.py
[2023-01-15T12:36:33.952+0000] {logging_mixin.py:137} INFO - [2023-01-15T12:36:33.952+0000] {dag.py:2676} INFO - Sync 3 DAGs
[2023-01-15T12:36:33.980+0000] {logging_mixin.py:137} INFO - [2023-01-15T12:36:33.980+0000] {dag.py:3423} INFO - Setting next_dagrun for example_branch_datetime_operator to 2023-01-14T00:00:00+00:00, run_after=2023-01-15T00:00:00+00:00
[2023-01-15T12:36:33.985+0000] {logging_mixin.py:137} INFO - [2023-01-15T12:36:33.985+0000] {dag.py:3423} INFO - Setting next_dagrun for example_branch_datetime_operator_2 to 2023-01-14T00:00:00+00:00, run_after=2023-01-15T00:00:00+00:00
[2023-01-15T12:36:33.989+0000] {logging_mixin.py:137} INFO - [2023-01-15T12:36:33.989+0000] {dag.py:3423} INFO - Setting next_dagrun for example_branch_datetime_operator_3 to 2023-01-14T00:00:00+00:00, run_after=2023-01-15T00:00:00+00:00
[2023-01-15T12:36:34.143+0000] {processor.py:175} INFO - Processing /home/airflow/.local/lib/python3.10/site-packages/airflow/example_dags/example_branch_datetime_operator.py took 0.272 seconds
[2023-01-15T12:37:07.995+0000] {processor.py:153} INFO - Started process (PID=209) to work on /home/airflow/.local/lib/python3.10/site-packages/airflow/example_dags/example_branch_datetime_operator.py
[2023-01-15T12:37:07.996+0000] {processor.py:743} INFO - Processing file /home/airflow/.local/lib/python3.10/site-packages/airflow/example_dags/example_branch_datetime_operator.py for tasks to queue
[2023-01-15T12:37:07.997+0000] {logging_mixin.py:137} INFO - [2023-01-15T12:37:07.997+0000] {dagbag.py:538} INFO - Filling up the DagBag from /home/airflow/.local/lib/python3.10/site-packages/airflow/example_dags/example_branch_datetime_operator.py
[2023-01-15T12:37:08.027+0000] {processor.py:753} INFO - DAG(s) dict_keys(['example_branch_datetime_operator_3', 'example_branch_datetime_operator_2', 'example_branch_datetime_operator']) retrieved from /home/airflow/.local/lib/python3.10/site-packages/airflow/example_dags/example_branch_datetime_operator.py
[2023-01-15T12:37:08.089+0000] {logging_mixin.py:137} INFO - [2023-01-15T12:37:08.089+0000] {dag.py:2676} INFO - Sync 3 DAGs
[2023-01-15T12:37:08.324+0000] {logging_mixin.py:137} INFO - [2023-01-15T12:37:08.323+0000] {dag.py:3423} INFO - Setting next_dagrun for example_branch_datetime_operator to 2023-01-14T00:00:00+00:00, run_after=2023-01-15T00:00:00+00:00
[2023-01-15T12:37:08.330+0000] {logging_mixin.py:137} INFO - [2023-01-15T12:37:08.330+0000] {dag.py:3423} INFO - Setting next_dagrun for example_branch_datetime_operator_2 to 2023-01-14T00:00:00+00:00, run_after=2023-01-15T00:00:00+00:00
[2023-01-15T12:37:08.334+0000] {logging_mixin.py:137} INFO - [2023-01-15T12:37:08.333+0000] {dag.py:3423} INFO - Setting next_dagrun for example_branch_datetime_operator_3 to 2023-01-14T00:00:00+00:00, run_after=2023-01-15T00:00:00+00:00
[2023-01-15T12:37:08.361+0000] {processor.py:175} INFO - Processing /home/airflow/.local/lib/python3.10/site-packages/airflow/example_dags/example_branch_datetime_operator.py took 0.371 seconds
[2023-01-15T12:37:39.320+0000] {processor.py:153} INFO - Started process (PID=275) to work on /home/airflow/.local/lib/python3.10/site-packages/airflow/example_dags/example_branch_datetime_operator.py
[2023-01-15T12:37:39.329+0000] {processor.py:743} INFO - Processing file /home/airflow/.local/lib/python3.10/site-packages/airflow/example_dags/example_branch_datetime_operator.py for tasks to queue
[2023-01-15T12:37:39.330+0000] {logging_mixin.py:137} INFO - [2023-01-15T12:37:39.330+0000] {dagbag.py:538} INFO - Filling up the DagBag from /home/airflow/.local/lib/python3.10/site-packages/airflow/example_dags/example_branch_datetime_operator.py
[2023-01-15T12:37:39.348+0000] {processor.py:753} INFO - DAG(s) dict_keys(['example_branch_datetime_operator_2', 'example_branch_datetime_operator_3', 'example_branch_datetime_operator']) retrieved from /home/airflow/.local/lib/python3.10/site-packages/airflow/example_dags/example_branch_datetime_operator.py
[2023-01-15T12:37:39.393+0000] {logging_mixin.py:137} INFO - [2023-01-15T12:37:39.392+0000] {dag.py:2676} INFO - Sync 3 DAGs
[2023-01-15T12:37:39.515+0000] {logging_mixin.py:137} INFO - [2023-01-15T12:37:39.515+0000] {dag.py:3423} INFO - Setting next_dagrun for example_branch_datetime_operator to 2023-01-14T00:00:00+00:00, run_after=2023-01-15T00:00:00+00:00
[2023-01-15T12:37:39.518+0000] {logging_mixin.py:137} INFO - [2023-01-15T12:37:39.518+0000] {dag.py:3423} INFO - Setting next_dagrun for example_branch_datetime_operator_2 to 2023-01-14T00:00:00+00:00, run_after=2023-01-15T00:00:00+00:00
[2023-01-15T12:37:39.520+0000] {logging_mixin.py:137} INFO - [2023-01-15T12:37:39.520+0000] {dag.py:3423} INFO - Setting next_dagrun for example_branch_datetime_operator_3 to 2023-01-14T00:00:00+00:00, run_after=2023-01-15T00:00:00+00:00
[2023-01-15T12:37:39.541+0000] {processor.py:175} INFO - Processing /home/airflow/.local/lib/python3.10/site-packages/airflow/example_dags/example_branch_datetime_operator.py took 0.224 seconds
[2023-01-15T12:38:10.517+0000] {processor.py:153} INFO - Started process (PID=357) to work on /home/airflow/.local/lib/python3.10/site-packages/airflow/example_dags/example_branch_datetime_operator.py
[2023-01-15T12:38:10.518+0000] {processor.py:743} INFO - Processing file /home/airflow/.local/lib/python3.10/site-packages/airflow/example_dags/example_branch_datetime_operator.py for tasks to queue
[2023-01-15T12:38:10.519+0000] {logging_mixin.py:137} INFO - [2023-01-15T12:38:10.518+0000] {dagbag.py:538} INFO - Filling up the DagBag from /home/airflow/.local/lib/python3.10/site-packages/airflow/example_dags/example_branch_datetime_operator.py
[2023-01-15T12:38:10.538+0000] {processor.py:753} INFO - DAG(s) dict_keys(['example_branch_datetime_operator_3', 'example_branch_datetime_operator_2', 'example_branch_datetime_operator']) retrieved from /home/airflow/.local/lib/python3.10/site-packages/airflow/example_dags/example_branch_datetime_operator.py
[2023-01-15T12:38:10.731+0000] {logging_mixin.py:137} INFO - [2023-01-15T12:38:10.731+0000] {dag.py:2676} INFO - Sync 3 DAGs
[2023-01-15T12:38:10.762+0000] {logging_mixin.py:137} INFO - [2023-01-15T12:38:10.762+0000] {dag.py:3423} INFO - Setting next_dagrun for example_branch_datetime_operator to 2023-01-14T00:00:00+00:00, run_after=2023-01-15T00:00:00+00:00
[2023-01-15T12:38:10.767+0000] {logging_mixin.py:137} INFO - [2023-01-15T12:38:10.767+0000] {dag.py:3423} INFO - Setting next_dagrun for example_branch_datetime_operator_2 to 2023-01-14T00:00:00+00:00, run_after=2023-01-15T00:00:00+00:00
[2023-01-15T12:38:10.770+0000] {logging_mixin.py:137} INFO - [2023-01-15T12:38:10.770+0000] {dag.py:3423} INFO - Setting next_dagrun for example_branch_datetime_operator_3 to 2023-01-14T00:00:00+00:00, run_after=2023-01-15T00:00:00+00:00
[2023-01-15T12:38:10.787+0000] {processor.py:175} INFO - Processing /home/airflow/.local/lib/python3.10/site-packages/airflow/example_dags/example_branch_datetime_operator.py took 0.273 seconds
[2023-01-15T12:38:41.239+0000] {processor.py:153} INFO - Started process (PID=423) to work on /home/airflow/.local/lib/python3.10/site-packages/airflow/example_dags/example_branch_datetime_operator.py
[2023-01-15T12:38:41.248+0000] {processor.py:743} INFO - Processing file /home/airflow/.local/lib/python3.10/site-packages/airflow/example_dags/example_branch_datetime_operator.py for tasks to queue
[2023-01-15T12:38:41.248+0000] {logging_mixin.py:137} INFO - [2023-01-15T12:38:41.248+0000] {dagbag.py:538} INFO - Filling up the DagBag from /home/airflow/.local/lib/python3.10/site-packages/airflow/example_dags/example_branch_datetime_operator.py
[2023-01-15T12:38:41.263+0000] {processor.py:753} INFO - DAG(s) dict_keys(['example_branch_datetime_operator_2', 'example_branch_datetime_operator', 'example_branch_datetime_operator_3']) retrieved from /home/airflow/.local/lib/python3.10/site-packages/airflow/example_dags/example_branch_datetime_operator.py
[2023-01-15T12:38:41.411+0000] {logging_mixin.py:137} INFO - [2023-01-15T12:38:41.411+0000] {dag.py:2676} INFO - Sync 3 DAGs
[2023-01-15T12:38:41.427+0000] {logging_mixin.py:137} INFO - [2023-01-15T12:38:41.427+0000] {dag.py:3423} INFO - Setting next_dagrun for example_branch_datetime_operator to 2023-01-14T00:00:00+00:00, run_after=2023-01-15T00:00:00+00:00
[2023-01-15T12:38:41.431+0000] {logging_mixin.py:137} INFO - [2023-01-15T12:38:41.431+0000] {dag.py:3423} INFO - Setting next_dagrun for example_branch_datetime_operator_2 to 2023-01-14T00:00:00+00:00, run_after=2023-01-15T00:00:00+00:00
[2023-01-15T12:38:41.433+0000] {logging_mixin.py:137} INFO - [2023-01-15T12:38:41.433+0000] {dag.py:3423} INFO - Setting next_dagrun for example_branch_datetime_operator_3 to 2023-01-14T00:00:00+00:00, run_after=2023-01-15T00:00:00+00:00
[2023-01-15T12:38:41.453+0000] {processor.py:175} INFO - Processing /home/airflow/.local/lib/python3.10/site-packages/airflow/example_dags/example_branch_datetime_operator.py took 0.217 seconds
[2023-01-15T12:39:11.738+0000] {processor.py:153} INFO - Started process (PID=489) to work on /home/airflow/.local/lib/python3.10/site-packages/airflow/example_dags/example_branch_datetime_operator.py
[2023-01-15T12:39:11.746+0000] {processor.py:743} INFO - Processing file /home/airflow/.local/lib/python3.10/site-packages/airflow/example_dags/example_branch_datetime_operator.py for tasks to queue
[2023-01-15T12:39:11.747+0000] {logging_mixin.py:137} INFO - [2023-01-15T12:39:11.747+0000] {dagbag.py:538} INFO - Filling up the DagBag from /home/airflow/.local/lib/python3.10/site-packages/airflow/example_dags/example_branch_datetime_operator.py
[2023-01-15T12:39:11.872+0000] {processor.py:753} INFO - DAG(s) dict_keys(['example_branch_datetime_operator_3', 'example_branch_datetime_operator_2', 'example_branch_datetime_operator']) retrieved from /home/airflow/.local/lib/python3.10/site-packages/airflow/example_dags/example_branch_datetime_operator.py
[2023-01-15T12:39:11.900+0000] {logging_mixin.py:137} INFO - [2023-01-15T12:39:11.900+0000] {dag.py:2676} INFO - Sync 3 DAGs
[2023-01-15T12:39:11.918+0000] {logging_mixin.py:137} INFO - [2023-01-15T12:39:11.918+0000] {dag.py:3423} INFO - Setting next_dagrun for example_branch_datetime_operator to 2023-01-14T00:00:00+00:00, run_after=2023-01-15T00:00:00+00:00
[2023-01-15T12:39:11.922+0000] {logging_mixin.py:137} INFO - [2023-01-15T12:39:11.921+0000] {dag.py:3423} INFO - Setting next_dagrun for example_branch_datetime_operator_2 to 2023-01-14T00:00:00+00:00, run_after=2023-01-15T00:00:00+00:00
[2023-01-15T12:39:11.923+0000] {logging_mixin.py:137} INFO - [2023-01-15T12:39:11.923+0000] {dag.py:3423} INFO - Setting next_dagrun for example_branch_datetime_operator_3 to 2023-01-14T00:00:00+00:00, run_after=2023-01-15T00:00:00+00:00
[2023-01-15T12:39:11.944+0000] {processor.py:175} INFO - Processing /home/airflow/.local/lib/python3.10/site-packages/airflow/example_dags/example_branch_datetime_operator.py took 0.208 seconds
