[2023-01-15T12:33:00.226+0000] {processor.py:153} INFO - Started process (PID=64) to work on /home/airflow/.local/lib/python3.10/site-packages/airflow/example_dags/example_short_circuit_operator.py
[2023-01-15T12:33:00.227+0000] {processor.py:743} INFO - Processing file /home/airflow/.local/lib/python3.10/site-packages/airflow/example_dags/example_short_circuit_operator.py for tasks to queue
[2023-01-15T12:33:00.228+0000] {logging_mixin.py:137} INFO - [2023-01-15T12:33:00.228+0000] {dagbag.py:538} INFO - Filling up the DagBag from /home/airflow/.local/lib/python3.10/site-packages/airflow/example_dags/example_short_circuit_operator.py
[2023-01-15T12:33:00.254+0000] {processor.py:753} INFO - DAG(s) dict_keys(['example_short_circuit_operator']) retrieved from /home/airflow/.local/lib/python3.10/site-packages/airflow/example_dags/example_short_circuit_operator.py
[2023-01-15T12:33:00.453+0000] {logging_mixin.py:137} INFO - [2023-01-15T12:33:00.453+0000] {dag.py:2676} INFO - Sync 1 DAGs
[2023-01-15T12:33:00.480+0000] {logging_mixin.py:137} INFO - [2023-01-15T12:33:00.480+0000] {dag.py:3423} INFO - Setting next_dagrun for example_short_circuit_operator to 2023-01-14T12:33:00.479915+00:00, run_after=2023-01-15T12:33:00.479915+00:00
[2023-01-15T12:33:00.503+0000] {processor.py:175} INFO - Processing /home/airflow/.local/lib/python3.10/site-packages/airflow/example_dags/example_short_circuit_operator.py took 0.281 seconds
[2023-01-15T12:33:31.380+0000] {processor.py:153} INFO - Started process (PID=130) to work on /home/airflow/.local/lib/python3.10/site-packages/airflow/example_dags/example_short_circuit_operator.py
[2023-01-15T12:33:31.381+0000] {processor.py:743} INFO - Processing file /home/airflow/.local/lib/python3.10/site-packages/airflow/example_dags/example_short_circuit_operator.py for tasks to queue
[2023-01-15T12:33:31.381+0000] {logging_mixin.py:137} INFO - [2023-01-15T12:33:31.381+0000] {dagbag.py:538} INFO - Filling up the DagBag from /home/airflow/.local/lib/python3.10/site-packages/airflow/example_dags/example_short_circuit_operator.py
[2023-01-15T12:33:31.516+0000] {processor.py:753} INFO - DAG(s) dict_keys(['example_short_circuit_operator']) retrieved from /home/airflow/.local/lib/python3.10/site-packages/airflow/example_dags/example_short_circuit_operator.py
[2023-01-15T12:33:31.544+0000] {logging_mixin.py:137} INFO - [2023-01-15T12:33:31.544+0000] {dag.py:2676} INFO - Sync 1 DAGs
[2023-01-15T12:33:31.563+0000] {logging_mixin.py:137} INFO - [2023-01-15T12:33:31.563+0000] {dag.py:3423} INFO - Setting next_dagrun for example_short_circuit_operator to 2023-01-14T12:33:31.563081+00:00, run_after=2023-01-15T12:33:31.563081+00:00
[2023-01-15T12:33:31.587+0000] {processor.py:175} INFO - Processing /home/airflow/.local/lib/python3.10/site-packages/airflow/example_dags/example_short_circuit_operator.py took 0.210 seconds
[2023-01-15T12:34:02.122+0000] {processor.py:153} INFO - Started process (PID=203) to work on /home/airflow/.local/lib/python3.10/site-packages/airflow/example_dags/example_short_circuit_operator.py
[2023-01-15T12:34:02.124+0000] {processor.py:743} INFO - Processing file /home/airflow/.local/lib/python3.10/site-packages/airflow/example_dags/example_short_circuit_operator.py for tasks to queue
[2023-01-15T12:34:02.126+0000] {logging_mixin.py:137} INFO - [2023-01-15T12:34:02.125+0000] {dagbag.py:538} INFO - Filling up the DagBag from /home/airflow/.local/lib/python3.10/site-packages/airflow/example_dags/example_short_circuit_operator.py
[2023-01-15T12:34:02.181+0000] {processor.py:753} INFO - DAG(s) dict_keys(['example_short_circuit_operator']) retrieved from /home/airflow/.local/lib/python3.10/site-packages/airflow/example_dags/example_short_circuit_operator.py
[2023-01-15T12:34:02.286+0000] {logging_mixin.py:137} INFO - [2023-01-15T12:34:02.286+0000] {dag.py:2676} INFO - Sync 1 DAGs
[2023-01-15T12:34:02.338+0000] {logging_mixin.py:137} INFO - [2023-01-15T12:34:02.338+0000] {dag.py:3423} INFO - Setting next_dagrun for example_short_circuit_operator to 2023-01-14T12:34:02.337768+00:00, run_after=2023-01-15T12:34:02.337768+00:00
[2023-01-15T12:34:02.394+0000] {processor.py:175} INFO - Processing /home/airflow/.local/lib/python3.10/site-packages/airflow/example_dags/example_short_circuit_operator.py took 0.283 seconds
[2023-01-15T12:34:32.912+0000] {processor.py:153} INFO - Started process (PID=267) to work on /home/airflow/.local/lib/python3.10/site-packages/airflow/example_dags/example_short_circuit_operator.py
[2023-01-15T12:34:32.914+0000] {processor.py:743} INFO - Processing file /home/airflow/.local/lib/python3.10/site-packages/airflow/example_dags/example_short_circuit_operator.py for tasks to queue
[2023-01-15T12:34:32.916+0000] {logging_mixin.py:137} INFO - [2023-01-15T12:34:32.916+0000] {dagbag.py:538} INFO - Filling up the DagBag from /home/airflow/.local/lib/python3.10/site-packages/airflow/example_dags/example_short_circuit_operator.py
[2023-01-15T12:34:32.977+0000] {processor.py:753} INFO - DAG(s) dict_keys(['example_short_circuit_operator']) retrieved from /home/airflow/.local/lib/python3.10/site-packages/airflow/example_dags/example_short_circuit_operator.py
[2023-01-15T12:34:33.115+0000] {logging_mixin.py:137} INFO - [2023-01-15T12:34:33.113+0000] {dag.py:2676} INFO - Sync 1 DAGs
[2023-01-15T12:34:33.197+0000] {logging_mixin.py:137} INFO - [2023-01-15T12:34:33.196+0000] {dag.py:3423} INFO - Setting next_dagrun for example_short_circuit_operator to 2023-01-14T12:34:33.196216+00:00, run_after=2023-01-15T12:34:33.196216+00:00
[2023-01-15T12:34:33.242+0000] {processor.py:175} INFO - Processing /home/airflow/.local/lib/python3.10/site-packages/airflow/example_dags/example_short_circuit_operator.py took 0.340 seconds
[2023-01-15T12:35:03.866+0000] {processor.py:153} INFO - Started process (PID=339) to work on /home/airflow/.local/lib/python3.10/site-packages/airflow/example_dags/example_short_circuit_operator.py
[2023-01-15T12:35:03.868+0000] {processor.py:743} INFO - Processing file /home/airflow/.local/lib/python3.10/site-packages/airflow/example_dags/example_short_circuit_operator.py for tasks to queue
[2023-01-15T12:35:03.869+0000] {logging_mixin.py:137} INFO - [2023-01-15T12:35:03.869+0000] {dagbag.py:538} INFO - Filling up the DagBag from /home/airflow/.local/lib/python3.10/site-packages/airflow/example_dags/example_short_circuit_operator.py
[2023-01-15T12:35:03.945+0000] {processor.py:753} INFO - DAG(s) dict_keys(['example_short_circuit_operator']) retrieved from /home/airflow/.local/lib/python3.10/site-packages/airflow/example_dags/example_short_circuit_operator.py
[2023-01-15T12:35:04.055+0000] {logging_mixin.py:137} INFO - [2023-01-15T12:35:04.055+0000] {dag.py:2676} INFO - Sync 1 DAGs
[2023-01-15T12:35:04.118+0000] {logging_mixin.py:137} INFO - [2023-01-15T12:35:04.117+0000] {dag.py:3423} INFO - Setting next_dagrun for example_short_circuit_operator to 2023-01-14T12:35:04.117067+00:00, run_after=2023-01-15T12:35:04.117067+00:00
[2023-01-15T12:35:04.164+0000] {processor.py:175} INFO - Processing /home/airflow/.local/lib/python3.10/site-packages/airflow/example_dags/example_short_circuit_operator.py took 0.317 seconds
[2023-01-15T12:35:34.938+0000] {processor.py:153} INFO - Started process (PID=404) to work on /home/airflow/.local/lib/python3.10/site-packages/airflow/example_dags/example_short_circuit_operator.py
[2023-01-15T12:35:34.940+0000] {processor.py:743} INFO - Processing file /home/airflow/.local/lib/python3.10/site-packages/airflow/example_dags/example_short_circuit_operator.py for tasks to queue
[2023-01-15T12:35:34.942+0000] {logging_mixin.py:137} INFO - [2023-01-15T12:35:34.941+0000] {dagbag.py:538} INFO - Filling up the DagBag from /home/airflow/.local/lib/python3.10/site-packages/airflow/example_dags/example_short_circuit_operator.py
[2023-01-15T12:35:34.976+0000] {processor.py:753} INFO - DAG(s) dict_keys(['example_short_circuit_operator']) retrieved from /home/airflow/.local/lib/python3.10/site-packages/airflow/example_dags/example_short_circuit_operator.py
[2023-01-15T12:35:35.036+0000] {logging_mixin.py:137} INFO - [2023-01-15T12:35:35.036+0000] {dag.py:2676} INFO - Sync 1 DAGs
[2023-01-15T12:35:35.089+0000] {logging_mixin.py:137} INFO - [2023-01-15T12:35:35.088+0000] {dag.py:3423} INFO - Setting next_dagrun for example_short_circuit_operator to 2023-01-14T12:35:35.083531+00:00, run_after=2023-01-15T12:35:35.083531+00:00
[2023-01-15T12:35:35.130+0000] {processor.py:175} INFO - Processing /home/airflow/.local/lib/python3.10/site-packages/airflow/example_dags/example_short_circuit_operator.py took 0.201 seconds
[2023-01-15T12:36:00.719+0000] {processor.py:153} INFO - Started process (PID=64) to work on /home/airflow/.local/lib/python3.10/site-packages/airflow/example_dags/example_short_circuit_operator.py
[2023-01-15T12:36:00.722+0000] {processor.py:743} INFO - Processing file /home/airflow/.local/lib/python3.10/site-packages/airflow/example_dags/example_short_circuit_operator.py for tasks to queue
[2023-01-15T12:36:00.728+0000] {logging_mixin.py:137} INFO - [2023-01-15T12:36:00.728+0000] {dagbag.py:538} INFO - Filling up the DagBag from /home/airflow/.local/lib/python3.10/site-packages/airflow/example_dags/example_short_circuit_operator.py
[2023-01-15T12:36:00.761+0000] {processor.py:753} INFO - DAG(s) dict_keys(['example_short_circuit_operator']) retrieved from /home/airflow/.local/lib/python3.10/site-packages/airflow/example_dags/example_short_circuit_operator.py
[2023-01-15T12:36:00.836+0000] {logging_mixin.py:137} INFO - [2023-01-15T12:36:00.836+0000] {dag.py:2676} INFO - Sync 1 DAGs
[2023-01-15T12:36:00.892+0000] {logging_mixin.py:137} INFO - [2023-01-15T12:36:00.891+0000] {dag.py:3423} INFO - Setting next_dagrun for example_short_circuit_operator to 2023-01-14T12:36:00.891332+00:00, run_after=2023-01-15T12:36:00.891332+00:00
[2023-01-15T12:36:00.928+0000] {processor.py:175} INFO - Processing /home/airflow/.local/lib/python3.10/site-packages/airflow/example_dags/example_short_circuit_operator.py took 0.214 seconds
[2023-01-15T12:36:31.492+0000] {processor.py:153} INFO - Started process (PID=130) to work on /home/airflow/.local/lib/python3.10/site-packages/airflow/example_dags/example_short_circuit_operator.py
[2023-01-15T12:36:31.493+0000] {processor.py:743} INFO - Processing file /home/airflow/.local/lib/python3.10/site-packages/airflow/example_dags/example_short_circuit_operator.py for tasks to queue
[2023-01-15T12:36:31.494+0000] {logging_mixin.py:137} INFO - [2023-01-15T12:36:31.494+0000] {dagbag.py:538} INFO - Filling up the DagBag from /home/airflow/.local/lib/python3.10/site-packages/airflow/example_dags/example_short_circuit_operator.py
[2023-01-15T12:36:31.514+0000] {processor.py:753} INFO - DAG(s) dict_keys(['example_short_circuit_operator']) retrieved from /home/airflow/.local/lib/python3.10/site-packages/airflow/example_dags/example_short_circuit_operator.py
[2023-01-15T12:36:31.550+0000] {logging_mixin.py:137} INFO - [2023-01-15T12:36:31.550+0000] {dag.py:2676} INFO - Sync 1 DAGs
[2023-01-15T12:36:31.570+0000] {logging_mixin.py:137} INFO - [2023-01-15T12:36:31.570+0000] {dag.py:3423} INFO - Setting next_dagrun for example_short_circuit_operator to 2023-01-14T12:36:31.570417+00:00, run_after=2023-01-15T12:36:31.570417+00:00
[2023-01-15T12:36:31.711+0000] {processor.py:175} INFO - Processing /home/airflow/.local/lib/python3.10/site-packages/airflow/example_dags/example_short_circuit_operator.py took 0.222 seconds
[2023-01-15T12:37:04.651+0000] {processor.py:153} INFO - Started process (PID=196) to work on /home/airflow/.local/lib/python3.10/site-packages/airflow/example_dags/example_short_circuit_operator.py
[2023-01-15T12:37:04.652+0000] {processor.py:743} INFO - Processing file /home/airflow/.local/lib/python3.10/site-packages/airflow/example_dags/example_short_circuit_operator.py for tasks to queue
[2023-01-15T12:37:04.653+0000] {logging_mixin.py:137} INFO - [2023-01-15T12:37:04.653+0000] {dagbag.py:538} INFO - Filling up the DagBag from /home/airflow/.local/lib/python3.10/site-packages/airflow/example_dags/example_short_circuit_operator.py
[2023-01-15T12:37:04.676+0000] {processor.py:753} INFO - DAG(s) dict_keys(['example_short_circuit_operator']) retrieved from /home/airflow/.local/lib/python3.10/site-packages/airflow/example_dags/example_short_circuit_operator.py
[2023-01-15T12:37:04.746+0000] {logging_mixin.py:137} INFO - [2023-01-15T12:37:04.745+0000] {dag.py:2676} INFO - Sync 1 DAGs
[2023-01-15T12:37:05.064+0000] {logging_mixin.py:137} INFO - [2023-01-15T12:37:05.063+0000] {dag.py:3423} INFO - Setting next_dagrun for example_short_circuit_operator to 2023-01-14T12:37:05.062911+00:00, run_after=2023-01-15T12:37:05.062911+00:00
[2023-01-15T12:37:05.113+0000] {processor.py:175} INFO - Processing /home/airflow/.local/lib/python3.10/site-packages/airflow/example_dags/example_short_circuit_operator.py took 0.468 seconds
[2023-01-15T12:37:35.245+0000] {processor.py:153} INFO - Started process (PID=262) to work on /home/airflow/.local/lib/python3.10/site-packages/airflow/example_dags/example_short_circuit_operator.py
[2023-01-15T12:37:35.246+0000] {processor.py:743} INFO - Processing file /home/airflow/.local/lib/python3.10/site-packages/airflow/example_dags/example_short_circuit_operator.py for tasks to queue
[2023-01-15T12:37:35.247+0000] {logging_mixin.py:137} INFO - [2023-01-15T12:37:35.247+0000] {dagbag.py:538} INFO - Filling up the DagBag from /home/airflow/.local/lib/python3.10/site-packages/airflow/example_dags/example_short_circuit_operator.py
[2023-01-15T12:37:35.272+0000] {processor.py:753} INFO - DAG(s) dict_keys(['example_short_circuit_operator']) retrieved from /home/airflow/.local/lib/python3.10/site-packages/airflow/example_dags/example_short_circuit_operator.py
[2023-01-15T12:37:35.333+0000] {logging_mixin.py:137} INFO - [2023-01-15T12:37:35.333+0000] {dag.py:2676} INFO - Sync 1 DAGs
[2023-01-15T12:37:35.499+0000] {logging_mixin.py:137} INFO - [2023-01-15T12:37:35.499+0000] {dag.py:3423} INFO - Setting next_dagrun for example_short_circuit_operator to 2023-01-14T12:37:35.499046+00:00, run_after=2023-01-15T12:37:35.499046+00:00
[2023-01-15T12:37:35.514+0000] {processor.py:175} INFO - Processing /home/airflow/.local/lib/python3.10/site-packages/airflow/example_dags/example_short_circuit_operator.py took 0.274 seconds
[2023-01-15T12:38:05.600+0000] {processor.py:153} INFO - Started process (PID=328) to work on /home/airflow/.local/lib/python3.10/site-packages/airflow/example_dags/example_short_circuit_operator.py
[2023-01-15T12:38:05.601+0000] {processor.py:743} INFO - Processing file /home/airflow/.local/lib/python3.10/site-packages/airflow/example_dags/example_short_circuit_operator.py for tasks to queue
[2023-01-15T12:38:05.601+0000] {logging_mixin.py:137} INFO - [2023-01-15T12:38:05.601+0000] {dagbag.py:538} INFO - Filling up the DagBag from /home/airflow/.local/lib/python3.10/site-packages/airflow/example_dags/example_short_circuit_operator.py
[2023-01-15T12:38:05.620+0000] {processor.py:753} INFO - DAG(s) dict_keys(['example_short_circuit_operator']) retrieved from /home/airflow/.local/lib/python3.10/site-packages/airflow/example_dags/example_short_circuit_operator.py
[2023-01-15T12:38:05.823+0000] {logging_mixin.py:137} INFO - [2023-01-15T12:38:05.823+0000] {dag.py:2676} INFO - Sync 1 DAGs
[2023-01-15T12:38:05.846+0000] {logging_mixin.py:137} INFO - [2023-01-15T12:38:05.845+0000] {dag.py:3423} INFO - Setting next_dagrun for example_short_circuit_operator to 2023-01-14T12:38:05.845629+00:00, run_after=2023-01-15T12:38:05.845629+00:00
[2023-01-15T12:38:05.872+0000] {processor.py:175} INFO - Processing /home/airflow/.local/lib/python3.10/site-packages/airflow/example_dags/example_short_circuit_operator.py took 0.275 seconds
[2023-01-15T12:38:37.266+0000] {processor.py:153} INFO - Started process (PID=408) to work on /home/airflow/.local/lib/python3.10/site-packages/airflow/example_dags/example_short_circuit_operator.py
[2023-01-15T12:38:37.267+0000] {processor.py:743} INFO - Processing file /home/airflow/.local/lib/python3.10/site-packages/airflow/example_dags/example_short_circuit_operator.py for tasks to queue
[2023-01-15T12:38:37.267+0000] {logging_mixin.py:137} INFO - [2023-01-15T12:38:37.267+0000] {dagbag.py:538} INFO - Filling up the DagBag from /home/airflow/.local/lib/python3.10/site-packages/airflow/example_dags/example_short_circuit_operator.py
[2023-01-15T12:38:37.284+0000] {processor.py:753} INFO - DAG(s) dict_keys(['example_short_circuit_operator']) retrieved from /home/airflow/.local/lib/python3.10/site-packages/airflow/example_dags/example_short_circuit_operator.py
[2023-01-15T12:38:37.454+0000] {logging_mixin.py:137} INFO - [2023-01-15T12:38:37.454+0000] {dag.py:2676} INFO - Sync 1 DAGs
[2023-01-15T12:38:37.474+0000] {logging_mixin.py:137} INFO - [2023-01-15T12:38:37.474+0000] {dag.py:3423} INFO - Setting next_dagrun for example_short_circuit_operator to 2023-01-14T12:38:37.474299+00:00, run_after=2023-01-15T12:38:37.474299+00:00
[2023-01-15T12:38:37.500+0000] {processor.py:175} INFO - Processing /home/airflow/.local/lib/python3.10/site-packages/airflow/example_dags/example_short_circuit_operator.py took 0.237 seconds
[2023-01-15T12:39:08.623+0000] {processor.py:153} INFO - Started process (PID=474) to work on /home/airflow/.local/lib/python3.10/site-packages/airflow/example_dags/example_short_circuit_operator.py
[2023-01-15T12:39:08.624+0000] {processor.py:743} INFO - Processing file /home/airflow/.local/lib/python3.10/site-packages/airflow/example_dags/example_short_circuit_operator.py for tasks to queue
[2023-01-15T12:39:08.624+0000] {logging_mixin.py:137} INFO - [2023-01-15T12:39:08.624+0000] {dagbag.py:538} INFO - Filling up the DagBag from /home/airflow/.local/lib/python3.10/site-packages/airflow/example_dags/example_short_circuit_operator.py
[2023-01-15T12:39:08.772+0000] {processor.py:753} INFO - DAG(s) dict_keys(['example_short_circuit_operator']) retrieved from /home/airflow/.local/lib/python3.10/site-packages/airflow/example_dags/example_short_circuit_operator.py
[2023-01-15T12:39:08.803+0000] {logging_mixin.py:137} INFO - [2023-01-15T12:39:08.803+0000] {dag.py:2676} INFO - Sync 1 DAGs
[2023-01-15T12:39:08.821+0000] {logging_mixin.py:137} INFO - [2023-01-15T12:39:08.821+0000] {dag.py:3423} INFO - Setting next_dagrun for example_short_circuit_operator to 2023-01-14T12:39:08.821486+00:00, run_after=2023-01-15T12:39:08.821486+00:00
[2023-01-15T12:39:08.845+0000] {processor.py:175} INFO - Processing /home/airflow/.local/lib/python3.10/site-packages/airflow/example_dags/example_short_circuit_operator.py took 0.225 seconds
