[2023-01-15T12:32:57.751+0000] {processor.py:153} INFO - Started process (PID=51) to work on /home/airflow/.local/lib/python3.10/site-packages/airflow/example_dags/example_subdag_operator.py
[2023-01-15T12:32:57.752+0000] {processor.py:743} INFO - Processing file /home/airflow/.local/lib/python3.10/site-packages/airflow/example_dags/example_subdag_operator.py for tasks to queue
[2023-01-15T12:32:57.752+0000] {logging_mixin.py:137} INFO - [2023-01-15T12:32:57.752+0000] {dagbag.py:538} INFO - Filling up the DagBag from /home/airflow/.local/lib/python3.10/site-packages/airflow/example_dags/example_subdag_operator.py
[2023-01-15T12:32:57.792+0000] {processor.py:753} INFO - DAG(s) dict_keys(['example_subdag_operator.section-1', 'example_subdag_operator.section-2', 'example_subdag_operator']) retrieved from /home/airflow/.local/lib/python3.10/site-packages/airflow/example_dags/example_subdag_operator.py
[2023-01-15T12:32:57.985+0000] {logging_mixin.py:137} INFO - [2023-01-15T12:32:57.985+0000] {dag.py:2676} INFO - Sync 3 DAGs
[2023-01-15T12:32:58.011+0000] {logging_mixin.py:137} INFO - [2023-01-15T12:32:58.011+0000] {dag.py:3423} INFO - Setting next_dagrun for example_subdag_operator to 2022-01-01T00:00:00+00:00, run_after=2022-01-01T00:00:00+00:00
[2023-01-15T12:32:58.015+0000] {logging_mixin.py:137} INFO - [2023-01-15T12:32:58.015+0000] {dag.py:3423} INFO - Setting next_dagrun for example_subdag_operator.section-1 to None, run_after=None
[2023-01-15T12:32:58.016+0000] {logging_mixin.py:137} INFO - [2023-01-15T12:32:58.016+0000] {dag.py:3423} INFO - Setting next_dagrun for example_subdag_operator.section-2 to None, run_after=None
[2023-01-15T12:32:58.024+0000] {logging_mixin.py:137} INFO - [2023-01-15T12:32:58.024+0000] {dag.py:2676} INFO - Sync 2 DAGs
[2023-01-15T12:32:58.031+0000] {logging_mixin.py:137} INFO - [2023-01-15T12:32:58.031+0000] {dag.py:3423} INFO - Setting next_dagrun for example_subdag_operator.section-1 to None, run_after=None
[2023-01-15T12:32:58.032+0000] {logging_mixin.py:137} INFO - [2023-01-15T12:32:58.032+0000] {dag.py:3423} INFO - Setting next_dagrun for example_subdag_operator.section-2 to None, run_after=None
[2023-01-15T12:32:58.047+0000] {processor.py:175} INFO - Processing /home/airflow/.local/lib/python3.10/site-packages/airflow/example_dags/example_subdag_operator.py took 0.300 seconds
[2023-01-15T12:33:28.236+0000] {processor.py:153} INFO - Started process (PID=117) to work on /home/airflow/.local/lib/python3.10/site-packages/airflow/example_dags/example_subdag_operator.py
[2023-01-15T12:33:28.237+0000] {processor.py:743} INFO - Processing file /home/airflow/.local/lib/python3.10/site-packages/airflow/example_dags/example_subdag_operator.py for tasks to queue
[2023-01-15T12:33:28.237+0000] {logging_mixin.py:137} INFO - [2023-01-15T12:33:28.237+0000] {dagbag.py:538} INFO - Filling up the DagBag from /home/airflow/.local/lib/python3.10/site-packages/airflow/example_dags/example_subdag_operator.py
[2023-01-15T12:33:28.410+0000] {processor.py:753} INFO - DAG(s) dict_keys(['example_subdag_operator.section-1', 'example_subdag_operator.section-2', 'example_subdag_operator']) retrieved from /home/airflow/.local/lib/python3.10/site-packages/airflow/example_dags/example_subdag_operator.py
[2023-01-15T12:33:28.434+0000] {logging_mixin.py:137} INFO - [2023-01-15T12:33:28.434+0000] {dag.py:2676} INFO - Sync 3 DAGs
[2023-01-15T12:33:28.455+0000] {logging_mixin.py:137} INFO - [2023-01-15T12:33:28.455+0000] {dag.py:3423} INFO - Setting next_dagrun for example_subdag_operator to 2022-01-01T00:00:00+00:00, run_after=2022-01-01T00:00:00+00:00
[2023-01-15T12:33:28.457+0000] {logging_mixin.py:137} INFO - [2023-01-15T12:33:28.457+0000] {dag.py:3423} INFO - Setting next_dagrun for example_subdag_operator.section-1 to None, run_after=None
[2023-01-15T12:33:28.458+0000] {logging_mixin.py:137} INFO - [2023-01-15T12:33:28.458+0000] {dag.py:3423} INFO - Setting next_dagrun for example_subdag_operator.section-2 to None, run_after=None
[2023-01-15T12:33:28.463+0000] {logging_mixin.py:137} INFO - [2023-01-15T12:33:28.463+0000] {dag.py:2676} INFO - Sync 2 DAGs
[2023-01-15T12:33:28.470+0000] {logging_mixin.py:137} INFO - [2023-01-15T12:33:28.470+0000] {dag.py:3423} INFO - Setting next_dagrun for example_subdag_operator.section-1 to None, run_after=None
[2023-01-15T12:33:28.470+0000] {logging_mixin.py:137} INFO - [2023-01-15T12:33:28.470+0000] {dag.py:3423} INFO - Setting next_dagrun for example_subdag_operator.section-2 to None, run_after=None
[2023-01-15T12:33:28.479+0000] {processor.py:175} INFO - Processing /home/airflow/.local/lib/python3.10/site-packages/airflow/example_dags/example_subdag_operator.py took 0.246 seconds
[2023-01-15T12:33:59.260+0000] {processor.py:153} INFO - Started process (PID=183) to work on /home/airflow/.local/lib/python3.10/site-packages/airflow/example_dags/example_subdag_operator.py
[2023-01-15T12:33:59.262+0000] {processor.py:743} INFO - Processing file /home/airflow/.local/lib/python3.10/site-packages/airflow/example_dags/example_subdag_operator.py for tasks to queue
[2023-01-15T12:33:59.263+0000] {logging_mixin.py:137} INFO - [2023-01-15T12:33:59.263+0000] {dagbag.py:538} INFO - Filling up the DagBag from /home/airflow/.local/lib/python3.10/site-packages/airflow/example_dags/example_subdag_operator.py
[2023-01-15T12:33:59.350+0000] {processor.py:753} INFO - DAG(s) dict_keys(['example_subdag_operator.section-1', 'example_subdag_operator.section-2', 'example_subdag_operator']) retrieved from /home/airflow/.local/lib/python3.10/site-packages/airflow/example_dags/example_subdag_operator.py
[2023-01-15T12:33:59.412+0000] {logging_mixin.py:137} INFO - [2023-01-15T12:33:59.411+0000] {dag.py:2676} INFO - Sync 3 DAGs
[2023-01-15T12:33:59.490+0000] {logging_mixin.py:137} INFO - [2023-01-15T12:33:59.489+0000] {dag.py:3423} INFO - Setting next_dagrun for example_subdag_operator to 2022-01-01T00:00:00+00:00, run_after=2022-01-01T00:00:00+00:00
[2023-01-15T12:33:59.501+0000] {logging_mixin.py:137} INFO - [2023-01-15T12:33:59.501+0000] {dag.py:3423} INFO - Setting next_dagrun for example_subdag_operator.section-1 to None, run_after=None
[2023-01-15T12:33:59.506+0000] {logging_mixin.py:137} INFO - [2023-01-15T12:33:59.505+0000] {dag.py:3423} INFO - Setting next_dagrun for example_subdag_operator.section-2 to None, run_after=None
[2023-01-15T12:33:59.523+0000] {logging_mixin.py:137} INFO - [2023-01-15T12:33:59.523+0000] {dag.py:2676} INFO - Sync 2 DAGs
[2023-01-15T12:33:59.538+0000] {logging_mixin.py:137} INFO - [2023-01-15T12:33:59.538+0000] {dag.py:3423} INFO - Setting next_dagrun for example_subdag_operator.section-1 to None, run_after=None
[2023-01-15T12:33:59.539+0000] {logging_mixin.py:137} INFO - [2023-01-15T12:33:59.539+0000] {dag.py:3423} INFO - Setting next_dagrun for example_subdag_operator.section-2 to None, run_after=None
[2023-01-15T12:33:59.569+0000] {processor.py:175} INFO - Processing /home/airflow/.local/lib/python3.10/site-packages/airflow/example_dags/example_subdag_operator.py took 0.315 seconds
[2023-01-15T12:34:30.177+0000] {processor.py:153} INFO - Started process (PID=248) to work on /home/airflow/.local/lib/python3.10/site-packages/airflow/example_dags/example_subdag_operator.py
[2023-01-15T12:34:30.179+0000] {processor.py:743} INFO - Processing file /home/airflow/.local/lib/python3.10/site-packages/airflow/example_dags/example_subdag_operator.py for tasks to queue
[2023-01-15T12:34:30.179+0000] {logging_mixin.py:137} INFO - [2023-01-15T12:34:30.179+0000] {dagbag.py:538} INFO - Filling up the DagBag from /home/airflow/.local/lib/python3.10/site-packages/airflow/example_dags/example_subdag_operator.py
[2023-01-15T12:34:30.230+0000] {processor.py:753} INFO - DAG(s) dict_keys(['example_subdag_operator.section-1', 'example_subdag_operator.section-2', 'example_subdag_operator']) retrieved from /home/airflow/.local/lib/python3.10/site-packages/airflow/example_dags/example_subdag_operator.py
[2023-01-15T12:34:30.282+0000] {logging_mixin.py:137} INFO - [2023-01-15T12:34:30.282+0000] {dag.py:2676} INFO - Sync 3 DAGs
[2023-01-15T12:34:30.318+0000] {logging_mixin.py:137} INFO - [2023-01-15T12:34:30.318+0000] {dag.py:3423} INFO - Setting next_dagrun for example_subdag_operator to 2022-01-01T00:00:00+00:00, run_after=2022-01-01T00:00:00+00:00
[2023-01-15T12:34:30.324+0000] {logging_mixin.py:137} INFO - [2023-01-15T12:34:30.323+0000] {dag.py:3423} INFO - Setting next_dagrun for example_subdag_operator.section-1 to None, run_after=None
[2023-01-15T12:34:30.325+0000] {logging_mixin.py:137} INFO - [2023-01-15T12:34:30.325+0000] {dag.py:3423} INFO - Setting next_dagrun for example_subdag_operator.section-2 to None, run_after=None
[2023-01-15T12:34:30.336+0000] {logging_mixin.py:137} INFO - [2023-01-15T12:34:30.336+0000] {dag.py:2676} INFO - Sync 2 DAGs
[2023-01-15T12:34:30.344+0000] {logging_mixin.py:137} INFO - [2023-01-15T12:34:30.344+0000] {dag.py:3423} INFO - Setting next_dagrun for example_subdag_operator.section-1 to None, run_after=None
[2023-01-15T12:34:30.345+0000] {logging_mixin.py:137} INFO - [2023-01-15T12:34:30.345+0000] {dag.py:3423} INFO - Setting next_dagrun for example_subdag_operator.section-2 to None, run_after=None
[2023-01-15T12:34:30.360+0000] {processor.py:175} INFO - Processing /home/airflow/.local/lib/python3.10/site-packages/airflow/example_dags/example_subdag_operator.py took 0.188 seconds
[2023-01-15T12:35:01.489+0000] {processor.py:153} INFO - Started process (PID=319) to work on /home/airflow/.local/lib/python3.10/site-packages/airflow/example_dags/example_subdag_operator.py
[2023-01-15T12:35:01.490+0000] {processor.py:743} INFO - Processing file /home/airflow/.local/lib/python3.10/site-packages/airflow/example_dags/example_subdag_operator.py for tasks to queue
[2023-01-15T12:35:01.491+0000] {logging_mixin.py:137} INFO - [2023-01-15T12:35:01.491+0000] {dagbag.py:538} INFO - Filling up the DagBag from /home/airflow/.local/lib/python3.10/site-packages/airflow/example_dags/example_subdag_operator.py
[2023-01-15T12:35:01.564+0000] {processor.py:753} INFO - DAG(s) dict_keys(['example_subdag_operator.section-1', 'example_subdag_operator.section-2', 'example_subdag_operator']) retrieved from /home/airflow/.local/lib/python3.10/site-packages/airflow/example_dags/example_subdag_operator.py
[2023-01-15T12:35:01.623+0000] {logging_mixin.py:137} INFO - [2023-01-15T12:35:01.622+0000] {dag.py:2676} INFO - Sync 3 DAGs
[2023-01-15T12:35:01.659+0000] {logging_mixin.py:137} INFO - [2023-01-15T12:35:01.659+0000] {dag.py:3423} INFO - Setting next_dagrun for example_subdag_operator to 2022-01-01T00:00:00+00:00, run_after=2022-01-01T00:00:00+00:00
[2023-01-15T12:35:01.665+0000] {logging_mixin.py:137} INFO - [2023-01-15T12:35:01.664+0000] {dag.py:3423} INFO - Setting next_dagrun for example_subdag_operator.section-1 to None, run_after=None
[2023-01-15T12:35:01.666+0000] {logging_mixin.py:137} INFO - [2023-01-15T12:35:01.666+0000] {dag.py:3423} INFO - Setting next_dagrun for example_subdag_operator.section-2 to None, run_after=None
[2023-01-15T12:35:01.678+0000] {logging_mixin.py:137} INFO - [2023-01-15T12:35:01.678+0000] {dag.py:2676} INFO - Sync 2 DAGs
[2023-01-15T12:35:01.687+0000] {logging_mixin.py:137} INFO - [2023-01-15T12:35:01.687+0000] {dag.py:3423} INFO - Setting next_dagrun for example_subdag_operator.section-1 to None, run_after=None
[2023-01-15T12:35:01.688+0000] {logging_mixin.py:137} INFO - [2023-01-15T12:35:01.688+0000] {dag.py:3423} INFO - Setting next_dagrun for example_subdag_operator.section-2 to None, run_after=None
[2023-01-15T12:35:01.706+0000] {processor.py:175} INFO - Processing /home/airflow/.local/lib/python3.10/site-packages/airflow/example_dags/example_subdag_operator.py took 0.224 seconds
[2023-01-15T12:35:32.270+0000] {processor.py:153} INFO - Started process (PID=384) to work on /home/airflow/.local/lib/python3.10/site-packages/airflow/example_dags/example_subdag_operator.py
[2023-01-15T12:35:32.271+0000] {processor.py:743} INFO - Processing file /home/airflow/.local/lib/python3.10/site-packages/airflow/example_dags/example_subdag_operator.py for tasks to queue
[2023-01-15T12:35:32.272+0000] {logging_mixin.py:137} INFO - [2023-01-15T12:35:32.272+0000] {dagbag.py:538} INFO - Filling up the DagBag from /home/airflow/.local/lib/python3.10/site-packages/airflow/example_dags/example_subdag_operator.py
[2023-01-15T12:35:32.319+0000] {processor.py:753} INFO - DAG(s) dict_keys(['example_subdag_operator.section-1', 'example_subdag_operator.section-2', 'example_subdag_operator']) retrieved from /home/airflow/.local/lib/python3.10/site-packages/airflow/example_dags/example_subdag_operator.py
[2023-01-15T12:35:32.370+0000] {logging_mixin.py:137} INFO - [2023-01-15T12:35:32.370+0000] {dag.py:2676} INFO - Sync 3 DAGs
[2023-01-15T12:35:32.403+0000] {logging_mixin.py:137} INFO - [2023-01-15T12:35:32.402+0000] {dag.py:3423} INFO - Setting next_dagrun for example_subdag_operator to 2022-01-01T00:00:00+00:00, run_after=2022-01-01T00:00:00+00:00
[2023-01-15T12:35:32.410+0000] {logging_mixin.py:137} INFO - [2023-01-15T12:35:32.410+0000] {dag.py:3423} INFO - Setting next_dagrun for example_subdag_operator.section-1 to None, run_after=None
[2023-01-15T12:35:32.412+0000] {logging_mixin.py:137} INFO - [2023-01-15T12:35:32.412+0000] {dag.py:3423} INFO - Setting next_dagrun for example_subdag_operator.section-2 to None, run_after=None
[2023-01-15T12:35:32.423+0000] {logging_mixin.py:137} INFO - [2023-01-15T12:35:32.423+0000] {dag.py:2676} INFO - Sync 2 DAGs
[2023-01-15T12:35:32.431+0000] {logging_mixin.py:137} INFO - [2023-01-15T12:35:32.431+0000] {dag.py:3423} INFO - Setting next_dagrun for example_subdag_operator.section-1 to None, run_after=None
[2023-01-15T12:35:32.431+0000] {logging_mixin.py:137} INFO - [2023-01-15T12:35:32.431+0000] {dag.py:3423} INFO - Setting next_dagrun for example_subdag_operator.section-2 to None, run_after=None
[2023-01-15T12:35:32.447+0000] {processor.py:175} INFO - Processing /home/airflow/.local/lib/python3.10/site-packages/airflow/example_dags/example_subdag_operator.py took 0.183 seconds
[2023-01-15T12:35:58.368+0000] {processor.py:153} INFO - Started process (PID=51) to work on /home/airflow/.local/lib/python3.10/site-packages/airflow/example_dags/example_subdag_operator.py
[2023-01-15T12:35:58.370+0000] {processor.py:743} INFO - Processing file /home/airflow/.local/lib/python3.10/site-packages/airflow/example_dags/example_subdag_operator.py for tasks to queue
[2023-01-15T12:35:58.371+0000] {logging_mixin.py:137} INFO - [2023-01-15T12:35:58.371+0000] {dagbag.py:538} INFO - Filling up the DagBag from /home/airflow/.local/lib/python3.10/site-packages/airflow/example_dags/example_subdag_operator.py
[2023-01-15T12:35:58.448+0000] {processor.py:753} INFO - DAG(s) dict_keys(['example_subdag_operator.section-1', 'example_subdag_operator.section-2', 'example_subdag_operator']) retrieved from /home/airflow/.local/lib/python3.10/site-packages/airflow/example_dags/example_subdag_operator.py
[2023-01-15T12:35:58.484+0000] {logging_mixin.py:137} INFO - [2023-01-15T12:35:58.483+0000] {dag.py:2676} INFO - Sync 3 DAGs
[2023-01-15T12:35:58.533+0000] {logging_mixin.py:137} INFO - [2023-01-15T12:35:58.533+0000] {dag.py:3423} INFO - Setting next_dagrun for example_subdag_operator to 2022-01-01T00:00:00+00:00, run_after=2022-01-01T00:00:00+00:00
[2023-01-15T12:35:58.540+0000] {logging_mixin.py:137} INFO - [2023-01-15T12:35:58.540+0000] {dag.py:3423} INFO - Setting next_dagrun for example_subdag_operator.section-1 to None, run_after=None
[2023-01-15T12:35:58.543+0000] {logging_mixin.py:137} INFO - [2023-01-15T12:35:58.542+0000] {dag.py:3423} INFO - Setting next_dagrun for example_subdag_operator.section-2 to None, run_after=None
[2023-01-15T12:35:58.557+0000] {logging_mixin.py:137} INFO - [2023-01-15T12:35:58.557+0000] {dag.py:2676} INFO - Sync 2 DAGs
[2023-01-15T12:35:58.568+0000] {logging_mixin.py:137} INFO - [2023-01-15T12:35:58.568+0000] {dag.py:3423} INFO - Setting next_dagrun for example_subdag_operator.section-1 to None, run_after=None
[2023-01-15T12:35:58.569+0000] {logging_mixin.py:137} INFO - [2023-01-15T12:35:58.569+0000] {dag.py:3423} INFO - Setting next_dagrun for example_subdag_operator.section-2 to None, run_after=None
[2023-01-15T12:35:58.597+0000] {processor.py:175} INFO - Processing /home/airflow/.local/lib/python3.10/site-packages/airflow/example_dags/example_subdag_operator.py took 0.234 seconds
[2023-01-15T12:36:29.315+0000] {processor.py:153} INFO - Started process (PID=117) to work on /home/airflow/.local/lib/python3.10/site-packages/airflow/example_dags/example_subdag_operator.py
[2023-01-15T12:36:29.316+0000] {processor.py:743} INFO - Processing file /home/airflow/.local/lib/python3.10/site-packages/airflow/example_dags/example_subdag_operator.py for tasks to queue
[2023-01-15T12:36:29.317+0000] {logging_mixin.py:137} INFO - [2023-01-15T12:36:29.317+0000] {dagbag.py:538} INFO - Filling up the DagBag from /home/airflow/.local/lib/python3.10/site-packages/airflow/example_dags/example_subdag_operator.py
[2023-01-15T12:36:29.389+0000] {processor.py:753} INFO - DAG(s) dict_keys(['example_subdag_operator.section-1', 'example_subdag_operator.section-2', 'example_subdag_operator']) retrieved from /home/airflow/.local/lib/python3.10/site-packages/airflow/example_dags/example_subdag_operator.py
[2023-01-15T12:36:29.441+0000] {logging_mixin.py:137} INFO - [2023-01-15T12:36:29.440+0000] {dag.py:2676} INFO - Sync 3 DAGs
[2023-01-15T12:36:29.486+0000] {logging_mixin.py:137} INFO - [2023-01-15T12:36:29.486+0000] {dag.py:3423} INFO - Setting next_dagrun for example_subdag_operator to 2022-01-01T00:00:00+00:00, run_after=2022-01-01T00:00:00+00:00
[2023-01-15T12:36:29.491+0000] {logging_mixin.py:137} INFO - [2023-01-15T12:36:29.491+0000] {dag.py:3423} INFO - Setting next_dagrun for example_subdag_operator.section-1 to None, run_after=None
[2023-01-15T12:36:29.493+0000] {logging_mixin.py:137} INFO - [2023-01-15T12:36:29.493+0000] {dag.py:3423} INFO - Setting next_dagrun for example_subdag_operator.section-2 to None, run_after=None
[2023-01-15T12:36:29.736+0000] {logging_mixin.py:137} INFO - [2023-01-15T12:36:29.736+0000] {dag.py:2676} INFO - Sync 2 DAGs
[2023-01-15T12:36:29.742+0000] {logging_mixin.py:137} INFO - [2023-01-15T12:36:29.742+0000] {dag.py:3423} INFO - Setting next_dagrun for example_subdag_operator.section-1 to None, run_after=None
[2023-01-15T12:36:29.742+0000] {logging_mixin.py:137} INFO - [2023-01-15T12:36:29.742+0000] {dag.py:3423} INFO - Setting next_dagrun for example_subdag_operator.section-2 to None, run_after=None
[2023-01-15T12:36:29.761+0000] {processor.py:175} INFO - Processing /home/airflow/.local/lib/python3.10/site-packages/airflow/example_dags/example_subdag_operator.py took 0.453 seconds
[2023-01-15T12:37:01.514+0000] {processor.py:153} INFO - Started process (PID=183) to work on /home/airflow/.local/lib/python3.10/site-packages/airflow/example_dags/example_subdag_operator.py
[2023-01-15T12:37:01.515+0000] {processor.py:743} INFO - Processing file /home/airflow/.local/lib/python3.10/site-packages/airflow/example_dags/example_subdag_operator.py for tasks to queue
[2023-01-15T12:37:01.517+0000] {logging_mixin.py:137} INFO - [2023-01-15T12:37:01.516+0000] {dagbag.py:538} INFO - Filling up the DagBag from /home/airflow/.local/lib/python3.10/site-packages/airflow/example_dags/example_subdag_operator.py
[2023-01-15T12:37:01.586+0000] {processor.py:753} INFO - DAG(s) dict_keys(['example_subdag_operator.section-1', 'example_subdag_operator.section-2', 'example_subdag_operator']) retrieved from /home/airflow/.local/lib/python3.10/site-packages/airflow/example_dags/example_subdag_operator.py
[2023-01-15T12:37:01.674+0000] {logging_mixin.py:137} INFO - [2023-01-15T12:37:01.673+0000] {dag.py:2676} INFO - Sync 3 DAGs
[2023-01-15T12:37:02.040+0000] {logging_mixin.py:137} INFO - [2023-01-15T12:37:02.039+0000] {dag.py:3423} INFO - Setting next_dagrun for example_subdag_operator to 2022-01-01T00:00:00+00:00, run_after=2022-01-01T00:00:00+00:00
[2023-01-15T12:37:02.050+0000] {logging_mixin.py:137} INFO - [2023-01-15T12:37:02.049+0000] {dag.py:3423} INFO - Setting next_dagrun for example_subdag_operator.section-1 to None, run_after=None
[2023-01-15T12:37:02.053+0000] {logging_mixin.py:137} INFO - [2023-01-15T12:37:02.053+0000] {dag.py:3423} INFO - Setting next_dagrun for example_subdag_operator.section-2 to None, run_after=None
[2023-01-15T12:37:02.075+0000] {logging_mixin.py:137} INFO - [2023-01-15T12:37:02.074+0000] {dag.py:2676} INFO - Sync 2 DAGs
[2023-01-15T12:37:02.093+0000] {logging_mixin.py:137} INFO - [2023-01-15T12:37:02.093+0000] {dag.py:3423} INFO - Setting next_dagrun for example_subdag_operator.section-1 to None, run_after=None
[2023-01-15T12:37:02.094+0000] {logging_mixin.py:137} INFO - [2023-01-15T12:37:02.094+0000] {dag.py:3423} INFO - Setting next_dagrun for example_subdag_operator.section-2 to None, run_after=None
[2023-01-15T12:37:02.121+0000] {processor.py:175} INFO - Processing /home/airflow/.local/lib/python3.10/site-packages/airflow/example_dags/example_subdag_operator.py took 0.615 seconds
[2023-01-15T12:37:32.211+0000] {processor.py:153} INFO - Started process (PID=249) to work on /home/airflow/.local/lib/python3.10/site-packages/airflow/example_dags/example_subdag_operator.py
[2023-01-15T12:37:32.212+0000] {processor.py:743} INFO - Processing file /home/airflow/.local/lib/python3.10/site-packages/airflow/example_dags/example_subdag_operator.py for tasks to queue
[2023-01-15T12:37:32.212+0000] {logging_mixin.py:137} INFO - [2023-01-15T12:37:32.212+0000] {dagbag.py:538} INFO - Filling up the DagBag from /home/airflow/.local/lib/python3.10/site-packages/airflow/example_dags/example_subdag_operator.py
[2023-01-15T12:37:32.237+0000] {processor.py:753} INFO - DAG(s) dict_keys(['example_subdag_operator.section-1', 'example_subdag_operator.section-2', 'example_subdag_operator']) retrieved from /home/airflow/.local/lib/python3.10/site-packages/airflow/example_dags/example_subdag_operator.py
[2023-01-15T12:37:32.261+0000] {logging_mixin.py:137} INFO - [2023-01-15T12:37:32.261+0000] {dag.py:2676} INFO - Sync 3 DAGs
[2023-01-15T12:37:32.389+0000] {logging_mixin.py:137} INFO - [2023-01-15T12:37:32.389+0000] {dag.py:3423} INFO - Setting next_dagrun for example_subdag_operator to 2022-01-01T00:00:00+00:00, run_after=2022-01-01T00:00:00+00:00
[2023-01-15T12:37:32.392+0000] {logging_mixin.py:137} INFO - [2023-01-15T12:37:32.392+0000] {dag.py:3423} INFO - Setting next_dagrun for example_subdag_operator.section-1 to None, run_after=None
[2023-01-15T12:37:32.393+0000] {logging_mixin.py:137} INFO - [2023-01-15T12:37:32.393+0000] {dag.py:3423} INFO - Setting next_dagrun for example_subdag_operator.section-2 to None, run_after=None
[2023-01-15T12:37:32.397+0000] {logging_mixin.py:137} INFO - [2023-01-15T12:37:32.397+0000] {dag.py:2676} INFO - Sync 2 DAGs
[2023-01-15T12:37:32.401+0000] {logging_mixin.py:137} INFO - [2023-01-15T12:37:32.401+0000] {dag.py:3423} INFO - Setting next_dagrun for example_subdag_operator.section-1 to None, run_after=None
[2023-01-15T12:37:32.402+0000] {logging_mixin.py:137} INFO - [2023-01-15T12:37:32.401+0000] {dag.py:3423} INFO - Setting next_dagrun for example_subdag_operator.section-2 to None, run_after=None
[2023-01-15T12:37:32.410+0000] {processor.py:175} INFO - Processing /home/airflow/.local/lib/python3.10/site-packages/airflow/example_dags/example_subdag_operator.py took 0.201 seconds
[2023-01-15T12:38:02.614+0000] {processor.py:153} INFO - Started process (PID=315) to work on /home/airflow/.local/lib/python3.10/site-packages/airflow/example_dags/example_subdag_operator.py
[2023-01-15T12:38:02.615+0000] {processor.py:743} INFO - Processing file /home/airflow/.local/lib/python3.10/site-packages/airflow/example_dags/example_subdag_operator.py for tasks to queue
[2023-01-15T12:38:02.616+0000] {logging_mixin.py:137} INFO - [2023-01-15T12:38:02.615+0000] {dagbag.py:538} INFO - Filling up the DagBag from /home/airflow/.local/lib/python3.10/site-packages/airflow/example_dags/example_subdag_operator.py
[2023-01-15T12:38:02.657+0000] {processor.py:753} INFO - DAG(s) dict_keys(['example_subdag_operator.section-1', 'example_subdag_operator.section-2', 'example_subdag_operator']) retrieved from /home/airflow/.local/lib/python3.10/site-packages/airflow/example_dags/example_subdag_operator.py
[2023-01-15T12:38:02.837+0000] {logging_mixin.py:137} INFO - [2023-01-15T12:38:02.837+0000] {dag.py:2676} INFO - Sync 3 DAGs
[2023-01-15T12:38:02.863+0000] {logging_mixin.py:137} INFO - [2023-01-15T12:38:02.863+0000] {dag.py:3423} INFO - Setting next_dagrun for example_subdag_operator to 2022-01-01T00:00:00+00:00, run_after=2022-01-01T00:00:00+00:00
[2023-01-15T12:38:02.868+0000] {logging_mixin.py:137} INFO - [2023-01-15T12:38:02.868+0000] {dag.py:3423} INFO - Setting next_dagrun for example_subdag_operator.section-1 to None, run_after=None
[2023-01-15T12:38:02.870+0000] {logging_mixin.py:137} INFO - [2023-01-15T12:38:02.870+0000] {dag.py:3423} INFO - Setting next_dagrun for example_subdag_operator.section-2 to None, run_after=None
[2023-01-15T12:38:02.877+0000] {logging_mixin.py:137} INFO - [2023-01-15T12:38:02.877+0000] {dag.py:2676} INFO - Sync 2 DAGs
[2023-01-15T12:38:02.882+0000] {logging_mixin.py:137} INFO - [2023-01-15T12:38:02.882+0000] {dag.py:3423} INFO - Setting next_dagrun for example_subdag_operator.section-1 to None, run_after=None
[2023-01-15T12:38:02.883+0000] {logging_mixin.py:137} INFO - [2023-01-15T12:38:02.883+0000] {dag.py:3423} INFO - Setting next_dagrun for example_subdag_operator.section-2 to None, run_after=None
[2023-01-15T12:38:02.893+0000] {processor.py:175} INFO - Processing /home/airflow/.local/lib/python3.10/site-packages/airflow/example_dags/example_subdag_operator.py took 0.283 seconds
[2023-01-15T12:38:33.649+0000] {processor.py:153} INFO - Started process (PID=381) to work on /home/airflow/.local/lib/python3.10/site-packages/airflow/example_dags/example_subdag_operator.py
[2023-01-15T12:38:33.650+0000] {processor.py:743} INFO - Processing file /home/airflow/.local/lib/python3.10/site-packages/airflow/example_dags/example_subdag_operator.py for tasks to queue
[2023-01-15T12:38:33.651+0000] {logging_mixin.py:137} INFO - [2023-01-15T12:38:33.651+0000] {dagbag.py:538} INFO - Filling up the DagBag from /home/airflow/.local/lib/python3.10/site-packages/airflow/example_dags/example_subdag_operator.py
[2023-01-15T12:38:33.692+0000] {processor.py:753} INFO - DAG(s) dict_keys(['example_subdag_operator.section-1', 'example_subdag_operator.section-2', 'example_subdag_operator']) retrieved from /home/airflow/.local/lib/python3.10/site-packages/airflow/example_dags/example_subdag_operator.py
[2023-01-15T12:38:33.904+0000] {logging_mixin.py:137} INFO - [2023-01-15T12:38:33.904+0000] {dag.py:2676} INFO - Sync 3 DAGs
[2023-01-15T12:38:33.924+0000] {logging_mixin.py:137} INFO - [2023-01-15T12:38:33.924+0000] {dag.py:3423} INFO - Setting next_dagrun for example_subdag_operator to 2022-01-01T00:00:00+00:00, run_after=2022-01-01T00:00:00+00:00
[2023-01-15T12:38:33.927+0000] {logging_mixin.py:137} INFO - [2023-01-15T12:38:33.927+0000] {dag.py:3423} INFO - Setting next_dagrun for example_subdag_operator.section-1 to None, run_after=None
[2023-01-15T12:38:33.928+0000] {logging_mixin.py:137} INFO - [2023-01-15T12:38:33.928+0000] {dag.py:3423} INFO - Setting next_dagrun for example_subdag_operator.section-2 to None, run_after=None
[2023-01-15T12:38:33.934+0000] {logging_mixin.py:137} INFO - [2023-01-15T12:38:33.933+0000] {dag.py:2676} INFO - Sync 2 DAGs
[2023-01-15T12:38:33.938+0000] {logging_mixin.py:137} INFO - [2023-01-15T12:38:33.937+0000] {dag.py:3423} INFO - Setting next_dagrun for example_subdag_operator.section-1 to None, run_after=None
[2023-01-15T12:38:33.938+0000] {logging_mixin.py:137} INFO - [2023-01-15T12:38:33.938+0000] {dag.py:3423} INFO - Setting next_dagrun for example_subdag_operator.section-2 to None, run_after=None
[2023-01-15T12:38:33.948+0000] {processor.py:175} INFO - Processing /home/airflow/.local/lib/python3.10/site-packages/airflow/example_dags/example_subdag_operator.py took 0.303 seconds
[2023-01-15T12:39:04.730+0000] {processor.py:153} INFO - Started process (PID=461) to work on /home/airflow/.local/lib/python3.10/site-packages/airflow/example_dags/example_subdag_operator.py
[2023-01-15T12:39:04.731+0000] {processor.py:743} INFO - Processing file /home/airflow/.local/lib/python3.10/site-packages/airflow/example_dags/example_subdag_operator.py for tasks to queue
[2023-01-15T12:39:04.732+0000] {logging_mixin.py:137} INFO - [2023-01-15T12:39:04.731+0000] {dagbag.py:538} INFO - Filling up the DagBag from /home/airflow/.local/lib/python3.10/site-packages/airflow/example_dags/example_subdag_operator.py
[2023-01-15T12:39:04.964+0000] {processor.py:753} INFO - DAG(s) dict_keys(['example_subdag_operator.section-1', 'example_subdag_operator.section-2', 'example_subdag_operator']) retrieved from /home/airflow/.local/lib/python3.10/site-packages/airflow/example_dags/example_subdag_operator.py
[2023-01-15T12:39:05.009+0000] {logging_mixin.py:137} INFO - [2023-01-15T12:39:05.008+0000] {dag.py:2676} INFO - Sync 3 DAGs
[2023-01-15T12:39:05.041+0000] {logging_mixin.py:137} INFO - [2023-01-15T12:39:05.041+0000] {dag.py:3423} INFO - Setting next_dagrun for example_subdag_operator to 2022-01-01T00:00:00+00:00, run_after=2022-01-01T00:00:00+00:00
[2023-01-15T12:39:05.045+0000] {logging_mixin.py:137} INFO - [2023-01-15T12:39:05.044+0000] {dag.py:3423} INFO - Setting next_dagrun for example_subdag_operator.section-1 to None, run_after=None
[2023-01-15T12:39:05.046+0000] {logging_mixin.py:137} INFO - [2023-01-15T12:39:05.046+0000] {dag.py:3423} INFO - Setting next_dagrun for example_subdag_operator.section-2 to None, run_after=None
[2023-01-15T12:39:05.053+0000] {logging_mixin.py:137} INFO - [2023-01-15T12:39:05.053+0000] {dag.py:2676} INFO - Sync 2 DAGs
[2023-01-15T12:39:05.059+0000] {logging_mixin.py:137} INFO - [2023-01-15T12:39:05.059+0000] {dag.py:3423} INFO - Setting next_dagrun for example_subdag_operator.section-1 to None, run_after=None
[2023-01-15T12:39:05.059+0000] {logging_mixin.py:137} INFO - [2023-01-15T12:39:05.059+0000] {dag.py:3423} INFO - Setting next_dagrun for example_subdag_operator.section-2 to None, run_after=None
[2023-01-15T12:39:05.071+0000] {processor.py:175} INFO - Processing /home/airflow/.local/lib/python3.10/site-packages/airflow/example_dags/example_subdag_operator.py took 0.345 seconds
