[2023-01-15T09:43:30.715+0000] {processor.py:153} INFO - Started process (PID=63) to work on /home/airflow/.local/lib/python3.10/site-packages/airflow/example_dags/example_task_group.py
[2023-01-15T09:43:30.717+0000] {processor.py:743} INFO - Processing file /home/airflow/.local/lib/python3.10/site-packages/airflow/example_dags/example_task_group.py for tasks to queue
[2023-01-15T09:43:30.725+0000] {logging_mixin.py:137} INFO - [2023-01-15T09:43:30.724+0000] {dagbag.py:538} INFO - Filling up the DagBag from /home/airflow/.local/lib/python3.10/site-packages/airflow/example_dags/example_task_group.py
[2023-01-15T09:43:30.890+0000] {processor.py:753} INFO - DAG(s) dict_keys(['example_task_group']) retrieved from /home/airflow/.local/lib/python3.10/site-packages/airflow/example_dags/example_task_group.py
[2023-01-15T09:43:31.049+0000] {logging_mixin.py:137} INFO - [2023-01-15T09:43:31.048+0000] {dag.py:2676} INFO - Sync 1 DAGs
[2023-01-15T09:43:31.660+0000] {logging_mixin.py:137} INFO - [2023-01-15T09:43:31.659+0000] {dag.py:3423} INFO - Setting next_dagrun for example_task_group to 2023-01-14T09:43:31.658815+00:00, run_after=2023-01-15T09:43:31.658815+00:00
[2023-01-15T09:43:31.717+0000] {processor.py:175} INFO - Processing /home/airflow/.local/lib/python3.10/site-packages/airflow/example_dags/example_task_group.py took 1.011 seconds
[2023-01-15T12:32:55.658+0000] {processor.py:153} INFO - Started process (PID=43) to work on /home/airflow/.local/lib/python3.10/site-packages/airflow/example_dags/example_task_group.py
[2023-01-15T12:32:55.659+0000] {processor.py:743} INFO - Processing file /home/airflow/.local/lib/python3.10/site-packages/airflow/example_dags/example_task_group.py for tasks to queue
[2023-01-15T12:32:55.660+0000] {logging_mixin.py:137} INFO - [2023-01-15T12:32:55.660+0000] {dagbag.py:538} INFO - Filling up the DagBag from /home/airflow/.local/lib/python3.10/site-packages/airflow/example_dags/example_task_group.py
[2023-01-15T12:32:55.729+0000] {processor.py:753} INFO - DAG(s) dict_keys(['example_task_group']) retrieved from /home/airflow/.local/lib/python3.10/site-packages/airflow/example_dags/example_task_group.py
[2023-01-15T12:32:56.024+0000] {logging_mixin.py:137} INFO - [2023-01-15T12:32:56.024+0000] {dag.py:2676} INFO - Sync 1 DAGs
[2023-01-15T12:32:56.068+0000] {logging_mixin.py:137} INFO - [2023-01-15T12:32:56.068+0000] {dag.py:3423} INFO - Setting next_dagrun for example_task_group to 2023-01-14T12:32:56.068100+00:00, run_after=2023-01-15T12:32:56.068100+00:00
[2023-01-15T12:32:56.104+0000] {processor.py:175} INFO - Processing /home/airflow/.local/lib/python3.10/site-packages/airflow/example_dags/example_task_group.py took 0.449 seconds
[2023-01-15T12:33:26.880+0000] {processor.py:153} INFO - Started process (PID=109) to work on /home/airflow/.local/lib/python3.10/site-packages/airflow/example_dags/example_task_group.py
[2023-01-15T12:33:26.883+0000] {processor.py:743} INFO - Processing file /home/airflow/.local/lib/python3.10/site-packages/airflow/example_dags/example_task_group.py for tasks to queue
[2023-01-15T12:33:26.883+0000] {logging_mixin.py:137} INFO - [2023-01-15T12:33:26.883+0000] {dagbag.py:538} INFO - Filling up the DagBag from /home/airflow/.local/lib/python3.10/site-packages/airflow/example_dags/example_task_group.py
[2023-01-15T12:33:27.055+0000] {processor.py:753} INFO - DAG(s) dict_keys(['example_task_group']) retrieved from /home/airflow/.local/lib/python3.10/site-packages/airflow/example_dags/example_task_group.py
[2023-01-15T12:33:27.086+0000] {logging_mixin.py:137} INFO - [2023-01-15T12:33:27.086+0000] {dag.py:2676} INFO - Sync 1 DAGs
[2023-01-15T12:33:27.107+0000] {logging_mixin.py:137} INFO - [2023-01-15T12:33:27.107+0000] {dag.py:3423} INFO - Setting next_dagrun for example_task_group to 2023-01-14T12:33:27.107224+00:00, run_after=2023-01-15T12:33:27.107224+00:00
[2023-01-15T12:33:27.130+0000] {processor.py:175} INFO - Processing /home/airflow/.local/lib/python3.10/site-packages/airflow/example_dags/example_task_group.py took 0.253 seconds
[2023-01-15T12:33:57.847+0000] {processor.py:153} INFO - Started process (PID=175) to work on /home/airflow/.local/lib/python3.10/site-packages/airflow/example_dags/example_task_group.py
[2023-01-15T12:33:57.848+0000] {processor.py:743} INFO - Processing file /home/airflow/.local/lib/python3.10/site-packages/airflow/example_dags/example_task_group.py for tasks to queue
[2023-01-15T12:33:57.849+0000] {logging_mixin.py:137} INFO - [2023-01-15T12:33:57.849+0000] {dagbag.py:538} INFO - Filling up the DagBag from /home/airflow/.local/lib/python3.10/site-packages/airflow/example_dags/example_task_group.py
[2023-01-15T12:33:57.875+0000] {processor.py:753} INFO - DAG(s) dict_keys(['example_task_group']) retrieved from /home/airflow/.local/lib/python3.10/site-packages/airflow/example_dags/example_task_group.py
[2023-01-15T12:33:57.948+0000] {logging_mixin.py:137} INFO - [2023-01-15T12:33:57.947+0000] {dag.py:2676} INFO - Sync 1 DAGs
[2023-01-15T12:33:57.998+0000] {logging_mixin.py:137} INFO - [2023-01-15T12:33:57.998+0000] {dag.py:3423} INFO - Setting next_dagrun for example_task_group to 2023-01-14T12:33:57.997739+00:00, run_after=2023-01-15T12:33:57.997739+00:00
[2023-01-15T12:33:58.041+0000] {processor.py:175} INFO - Processing /home/airflow/.local/lib/python3.10/site-packages/airflow/example_dags/example_task_group.py took 0.199 seconds
[2023-01-15T12:34:28.900+0000] {processor.py:153} INFO - Started process (PID=240) to work on /home/airflow/.local/lib/python3.10/site-packages/airflow/example_dags/example_task_group.py
[2023-01-15T12:34:28.901+0000] {processor.py:743} INFO - Processing file /home/airflow/.local/lib/python3.10/site-packages/airflow/example_dags/example_task_group.py for tasks to queue
[2023-01-15T12:34:28.902+0000] {logging_mixin.py:137} INFO - [2023-01-15T12:34:28.902+0000] {dagbag.py:538} INFO - Filling up the DagBag from /home/airflow/.local/lib/python3.10/site-packages/airflow/example_dags/example_task_group.py
[2023-01-15T12:34:28.929+0000] {processor.py:753} INFO - DAG(s) dict_keys(['example_task_group']) retrieved from /home/airflow/.local/lib/python3.10/site-packages/airflow/example_dags/example_task_group.py
[2023-01-15T12:34:29.004+0000] {logging_mixin.py:137} INFO - [2023-01-15T12:34:29.004+0000] {dag.py:2676} INFO - Sync 1 DAGs
[2023-01-15T12:34:29.051+0000] {logging_mixin.py:137} INFO - [2023-01-15T12:34:29.051+0000] {dag.py:3423} INFO - Setting next_dagrun for example_task_group to 2023-01-14T12:34:29.050796+00:00, run_after=2023-01-15T12:34:29.050796+00:00
[2023-01-15T12:34:29.124+0000] {processor.py:175} INFO - Processing /home/airflow/.local/lib/python3.10/site-packages/airflow/example_dags/example_task_group.py took 0.230 seconds
[2023-01-15T12:34:59.374+0000] {processor.py:153} INFO - Started process (PID=304) to work on /home/airflow/.local/lib/python3.10/site-packages/airflow/example_dags/example_task_group.py
[2023-01-15T12:34:59.379+0000] {processor.py:743} INFO - Processing file /home/airflow/.local/lib/python3.10/site-packages/airflow/example_dags/example_task_group.py for tasks to queue
[2023-01-15T12:34:59.379+0000] {logging_mixin.py:137} INFO - [2023-01-15T12:34:59.379+0000] {dagbag.py:538} INFO - Filling up the DagBag from /home/airflow/.local/lib/python3.10/site-packages/airflow/example_dags/example_task_group.py
[2023-01-15T12:34:59.392+0000] {processor.py:753} INFO - DAG(s) dict_keys(['example_task_group']) retrieved from /home/airflow/.local/lib/python3.10/site-packages/airflow/example_dags/example_task_group.py
[2023-01-15T12:34:59.425+0000] {logging_mixin.py:137} INFO - [2023-01-15T12:34:59.425+0000] {dag.py:2676} INFO - Sync 1 DAGs
[2023-01-15T12:34:59.444+0000] {logging_mixin.py:137} INFO - [2023-01-15T12:34:59.444+0000] {dag.py:3423} INFO - Setting next_dagrun for example_task_group to 2023-01-14T12:34:59.444054+00:00, run_after=2023-01-15T12:34:59.444054+00:00
[2023-01-15T12:34:59.459+0000] {processor.py:175} INFO - Processing /home/airflow/.local/lib/python3.10/site-packages/airflow/example_dags/example_task_group.py took 0.088 seconds
[2023-01-15T12:35:29.493+0000] {processor.py:153} INFO - Started process (PID=369) to work on /home/airflow/.local/lib/python3.10/site-packages/airflow/example_dags/example_task_group.py
[2023-01-15T12:35:29.494+0000] {processor.py:743} INFO - Processing file /home/airflow/.local/lib/python3.10/site-packages/airflow/example_dags/example_task_group.py for tasks to queue
[2023-01-15T12:35:29.495+0000] {logging_mixin.py:137} INFO - [2023-01-15T12:35:29.495+0000] {dagbag.py:538} INFO - Filling up the DagBag from /home/airflow/.local/lib/python3.10/site-packages/airflow/example_dags/example_task_group.py
[2023-01-15T12:35:29.526+0000] {processor.py:753} INFO - DAG(s) dict_keys(['example_task_group']) retrieved from /home/airflow/.local/lib/python3.10/site-packages/airflow/example_dags/example_task_group.py
[2023-01-15T12:35:29.606+0000] {logging_mixin.py:137} INFO - [2023-01-15T12:35:29.605+0000] {dag.py:2676} INFO - Sync 1 DAGs
[2023-01-15T12:35:29.651+0000] {logging_mixin.py:137} INFO - [2023-01-15T12:35:29.651+0000] {dag.py:3423} INFO - Setting next_dagrun for example_task_group to 2023-01-14T12:35:29.651304+00:00, run_after=2023-01-15T12:35:29.651304+00:00
[2023-01-15T12:35:29.692+0000] {processor.py:175} INFO - Processing /home/airflow/.local/lib/python3.10/site-packages/airflow/example_dags/example_task_group.py took 0.202 seconds
[2023-01-15T12:35:56.917+0000] {processor.py:153} INFO - Started process (PID=36) to work on /home/airflow/.local/lib/python3.10/site-packages/airflow/example_dags/example_task_group.py
[2023-01-15T12:35:56.936+0000] {processor.py:743} INFO - Processing file /home/airflow/.local/lib/python3.10/site-packages/airflow/example_dags/example_task_group.py for tasks to queue
[2023-01-15T12:35:56.937+0000] {logging_mixin.py:137} INFO - [2023-01-15T12:35:56.937+0000] {dagbag.py:538} INFO - Filling up the DagBag from /home/airflow/.local/lib/python3.10/site-packages/airflow/example_dags/example_task_group.py
[2023-01-15T12:35:56.994+0000] {processor.py:753} INFO - DAG(s) dict_keys(['example_task_group']) retrieved from /home/airflow/.local/lib/python3.10/site-packages/airflow/example_dags/example_task_group.py
[2023-01-15T12:35:57.047+0000] {logging_mixin.py:137} INFO - [2023-01-15T12:35:57.047+0000] {dag.py:2676} INFO - Sync 1 DAGs
[2023-01-15T12:35:57.093+0000] {logging_mixin.py:137} INFO - [2023-01-15T12:35:57.093+0000] {dag.py:3423} INFO - Setting next_dagrun for example_task_group to 2023-01-14T12:35:57.092781+00:00, run_after=2023-01-15T12:35:57.092781+00:00
[2023-01-15T12:35:57.180+0000] {processor.py:175} INFO - Processing /home/airflow/.local/lib/python3.10/site-packages/airflow/example_dags/example_task_group.py took 0.283 seconds
[2023-01-15T12:36:27.603+0000] {processor.py:153} INFO - Started process (PID=109) to work on /home/airflow/.local/lib/python3.10/site-packages/airflow/example_dags/example_task_group.py
[2023-01-15T12:36:27.604+0000] {processor.py:743} INFO - Processing file /home/airflow/.local/lib/python3.10/site-packages/airflow/example_dags/example_task_group.py for tasks to queue
[2023-01-15T12:36:27.605+0000] {logging_mixin.py:137} INFO - [2023-01-15T12:36:27.605+0000] {dagbag.py:538} INFO - Filling up the DagBag from /home/airflow/.local/lib/python3.10/site-packages/airflow/example_dags/example_task_group.py
[2023-01-15T12:36:27.626+0000] {processor.py:753} INFO - DAG(s) dict_keys(['example_task_group']) retrieved from /home/airflow/.local/lib/python3.10/site-packages/airflow/example_dags/example_task_group.py
[2023-01-15T12:36:27.666+0000] {logging_mixin.py:137} INFO - [2023-01-15T12:36:27.666+0000] {dag.py:2676} INFO - Sync 1 DAGs
[2023-01-15T12:36:27.696+0000] {logging_mixin.py:137} INFO - [2023-01-15T12:36:27.695+0000] {dag.py:3423} INFO - Setting next_dagrun for example_task_group to 2023-01-14T12:36:27.695371+00:00, run_after=2023-01-15T12:36:27.695371+00:00
[2023-01-15T12:36:27.885+0000] {processor.py:175} INFO - Processing /home/airflow/.local/lib/python3.10/site-packages/airflow/example_dags/example_task_group.py took 0.287 seconds
[2023-01-15T12:36:58.243+0000] {processor.py:153} INFO - Started process (PID=175) to work on /home/airflow/.local/lib/python3.10/site-packages/airflow/example_dags/example_task_group.py
[2023-01-15T12:36:58.245+0000] {processor.py:743} INFO - Processing file /home/airflow/.local/lib/python3.10/site-packages/airflow/example_dags/example_task_group.py for tasks to queue
[2023-01-15T12:36:58.246+0000] {logging_mixin.py:137} INFO - [2023-01-15T12:36:58.246+0000] {dagbag.py:538} INFO - Filling up the DagBag from /home/airflow/.local/lib/python3.10/site-packages/airflow/example_dags/example_task_group.py
[2023-01-15T12:36:58.278+0000] {processor.py:753} INFO - DAG(s) dict_keys(['example_task_group']) retrieved from /home/airflow/.local/lib/python3.10/site-packages/airflow/example_dags/example_task_group.py
[2023-01-15T12:36:58.360+0000] {logging_mixin.py:137} INFO - [2023-01-15T12:36:58.359+0000] {dag.py:2676} INFO - Sync 1 DAGs
[2023-01-15T12:36:58.687+0000] {logging_mixin.py:137} INFO - [2023-01-15T12:36:58.687+0000] {dag.py:3423} INFO - Setting next_dagrun for example_task_group to 2023-01-14T12:36:58.686976+00:00, run_after=2023-01-15T12:36:58.686976+00:00
[2023-01-15T12:36:58.727+0000] {processor.py:175} INFO - Processing /home/airflow/.local/lib/python3.10/site-packages/airflow/example_dags/example_task_group.py took 0.490 seconds
[2023-01-15T12:37:29.570+0000] {processor.py:153} INFO - Started process (PID=241) to work on /home/airflow/.local/lib/python3.10/site-packages/airflow/example_dags/example_task_group.py
[2023-01-15T12:37:29.571+0000] {processor.py:743} INFO - Processing file /home/airflow/.local/lib/python3.10/site-packages/airflow/example_dags/example_task_group.py for tasks to queue
[2023-01-15T12:37:29.572+0000] {logging_mixin.py:137} INFO - [2023-01-15T12:37:29.572+0000] {dagbag.py:538} INFO - Filling up the DagBag from /home/airflow/.local/lib/python3.10/site-packages/airflow/example_dags/example_task_group.py
[2023-01-15T12:37:29.599+0000] {processor.py:753} INFO - DAG(s) dict_keys(['example_task_group']) retrieved from /home/airflow/.local/lib/python3.10/site-packages/airflow/example_dags/example_task_group.py
[2023-01-15T12:37:29.659+0000] {logging_mixin.py:137} INFO - [2023-01-15T12:37:29.659+0000] {dag.py:2676} INFO - Sync 1 DAGs
[2023-01-15T12:37:29.876+0000] {logging_mixin.py:137} INFO - [2023-01-15T12:37:29.876+0000] {dag.py:3423} INFO - Setting next_dagrun for example_task_group to 2023-01-14T12:37:29.876382+00:00, run_after=2023-01-15T12:37:29.876382+00:00
[2023-01-15T12:37:29.895+0000] {processor.py:175} INFO - Processing /home/airflow/.local/lib/python3.10/site-packages/airflow/example_dags/example_task_group.py took 0.328 seconds
[2023-01-15T12:38:00.530+0000] {processor.py:153} INFO - Started process (PID=307) to work on /home/airflow/.local/lib/python3.10/site-packages/airflow/example_dags/example_task_group.py
[2023-01-15T12:38:00.531+0000] {processor.py:743} INFO - Processing file /home/airflow/.local/lib/python3.10/site-packages/airflow/example_dags/example_task_group.py for tasks to queue
[2023-01-15T12:38:00.532+0000] {logging_mixin.py:137} INFO - [2023-01-15T12:38:00.531+0000] {dagbag.py:538} INFO - Filling up the DagBag from /home/airflow/.local/lib/python3.10/site-packages/airflow/example_dags/example_task_group.py
[2023-01-15T12:38:00.547+0000] {processor.py:753} INFO - DAG(s) dict_keys(['example_task_group']) retrieved from /home/airflow/.local/lib/python3.10/site-packages/airflow/example_dags/example_task_group.py
[2023-01-15T12:38:00.789+0000] {logging_mixin.py:137} INFO - [2023-01-15T12:38:00.789+0000] {dag.py:2676} INFO - Sync 1 DAGs
[2023-01-15T12:38:00.824+0000] {logging_mixin.py:137} INFO - [2023-01-15T12:38:00.824+0000] {dag.py:3423} INFO - Setting next_dagrun for example_task_group to 2023-01-14T12:38:00.823974+00:00, run_after=2023-01-15T12:38:00.823974+00:00
[2023-01-15T12:38:00.850+0000] {processor.py:175} INFO - Processing /home/airflow/.local/lib/python3.10/site-packages/airflow/example_dags/example_task_group.py took 0.323 seconds
[2023-01-15T12:38:30.902+0000] {processor.py:153} INFO - Started process (PID=373) to work on /home/airflow/.local/lib/python3.10/site-packages/airflow/example_dags/example_task_group.py
[2023-01-15T12:38:30.905+0000] {processor.py:743} INFO - Processing file /home/airflow/.local/lib/python3.10/site-packages/airflow/example_dags/example_task_group.py for tasks to queue
[2023-01-15T12:38:30.906+0000] {logging_mixin.py:137} INFO - [2023-01-15T12:38:30.906+0000] {dagbag.py:538} INFO - Filling up the DagBag from /home/airflow/.local/lib/python3.10/site-packages/airflow/example_dags/example_task_group.py
[2023-01-15T12:38:30.920+0000] {processor.py:753} INFO - DAG(s) dict_keys(['example_task_group']) retrieved from /home/airflow/.local/lib/python3.10/site-packages/airflow/example_dags/example_task_group.py
[2023-01-15T12:38:31.092+0000] {logging_mixin.py:137} INFO - [2023-01-15T12:38:31.092+0000] {dag.py:2676} INFO - Sync 1 DAGs
[2023-01-15T12:38:31.110+0000] {logging_mixin.py:137} INFO - [2023-01-15T12:38:31.110+0000] {dag.py:3423} INFO - Setting next_dagrun for example_task_group to 2023-01-14T12:38:31.109836+00:00, run_after=2023-01-15T12:38:31.109836+00:00
[2023-01-15T12:38:31.134+0000] {processor.py:175} INFO - Processing /home/airflow/.local/lib/python3.10/site-packages/airflow/example_dags/example_task_group.py took 0.235 seconds
[2023-01-15T12:39:01.357+0000] {processor.py:153} INFO - Started process (PID=439) to work on /home/airflow/.local/lib/python3.10/site-packages/airflow/example_dags/example_task_group.py
[2023-01-15T12:39:01.358+0000] {processor.py:743} INFO - Processing file /home/airflow/.local/lib/python3.10/site-packages/airflow/example_dags/example_task_group.py for tasks to queue
[2023-01-15T12:39:01.359+0000] {logging_mixin.py:137} INFO - [2023-01-15T12:39:01.359+0000] {dagbag.py:538} INFO - Filling up the DagBag from /home/airflow/.local/lib/python3.10/site-packages/airflow/example_dags/example_task_group.py
[2023-01-15T12:39:01.574+0000] {processor.py:753} INFO - DAG(s) dict_keys(['example_task_group']) retrieved from /home/airflow/.local/lib/python3.10/site-packages/airflow/example_dags/example_task_group.py
[2023-01-15T12:39:01.647+0000] {logging_mixin.py:137} INFO - [2023-01-15T12:39:01.647+0000] {dag.py:2676} INFO - Sync 1 DAGs
[2023-01-15T12:39:01.695+0000] {logging_mixin.py:137} INFO - [2023-01-15T12:39:01.695+0000] {dag.py:3423} INFO - Setting next_dagrun for example_task_group to 2023-01-14T12:39:01.694794+00:00, run_after=2023-01-15T12:39:01.694794+00:00
[2023-01-15T12:39:01.744+0000] {processor.py:175} INFO - Processing /home/airflow/.local/lib/python3.10/site-packages/airflow/example_dags/example_task_group.py took 0.391 seconds
[2023-01-15T12:39:31.878+0000] {processor.py:153} INFO - Started process (PID=512) to work on /home/airflow/.local/lib/python3.10/site-packages/airflow/example_dags/example_task_group.py
[2023-01-15T12:39:31.879+0000] {processor.py:743} INFO - Processing file /home/airflow/.local/lib/python3.10/site-packages/airflow/example_dags/example_task_group.py for tasks to queue
[2023-01-15T12:39:31.880+0000] {logging_mixin.py:137} INFO - [2023-01-15T12:39:31.879+0000] {dagbag.py:538} INFO - Filling up the DagBag from /home/airflow/.local/lib/python3.10/site-packages/airflow/example_dags/example_task_group.py
[2023-01-15T12:39:32.117+0000] {processor.py:753} INFO - DAG(s) dict_keys(['example_task_group']) retrieved from /home/airflow/.local/lib/python3.10/site-packages/airflow/example_dags/example_task_group.py
[2023-01-15T12:39:32.175+0000] {logging_mixin.py:137} INFO - [2023-01-15T12:39:32.175+0000] {dag.py:2676} INFO - Sync 1 DAGs
[2023-01-15T12:39:32.202+0000] {logging_mixin.py:137} INFO - [2023-01-15T12:39:32.201+0000] {dag.py:3423} INFO - Setting next_dagrun for example_task_group to 2023-01-14T12:39:32.201697+00:00, run_after=2023-01-15T12:39:32.201697+00:00
[2023-01-15T12:39:32.228+0000] {processor.py:175} INFO - Processing /home/airflow/.local/lib/python3.10/site-packages/airflow/example_dags/example_task_group.py took 0.355 seconds
