[2023-01-15T12:33:00.902+0000] {processor.py:153} INFO - Started process (PID=68) to work on /home/airflow/.local/lib/python3.10/site-packages/airflow/example_dags/example_branch_day_of_week_operator.py
[2023-01-15T12:33:00.903+0000] {processor.py:743} INFO - Processing file /home/airflow/.local/lib/python3.10/site-packages/airflow/example_dags/example_branch_day_of_week_operator.py for tasks to queue
[2023-01-15T12:33:00.904+0000] {logging_mixin.py:137} INFO - [2023-01-15T12:33:00.904+0000] {dagbag.py:538} INFO - Filling up the DagBag from /home/airflow/.local/lib/python3.10/site-packages/airflow/example_dags/example_branch_day_of_week_operator.py
[2023-01-15T12:33:00.927+0000] {processor.py:753} INFO - DAG(s) dict_keys(['example_weekday_branch_operator']) retrieved from /home/airflow/.local/lib/python3.10/site-packages/airflow/example_dags/example_branch_day_of_week_operator.py
[2023-01-15T12:33:01.126+0000] {logging_mixin.py:137} INFO - [2023-01-15T12:33:01.126+0000] {dag.py:2676} INFO - Sync 1 DAGs
[2023-01-15T12:33:01.151+0000] {logging_mixin.py:137} INFO - [2023-01-15T12:33:01.151+0000] {dag.py:3423} INFO - Setting next_dagrun for example_weekday_branch_operator to 2023-01-14T00:00:00+00:00, run_after=2023-01-15T00:00:00+00:00
[2023-01-15T12:33:01.173+0000] {processor.py:175} INFO - Processing /home/airflow/.local/lib/python3.10/site-packages/airflow/example_dags/example_branch_day_of_week_operator.py took 0.275 seconds
[2023-01-15T12:33:31.907+0000] {processor.py:153} INFO - Started process (PID=134) to work on /home/airflow/.local/lib/python3.10/site-packages/airflow/example_dags/example_branch_day_of_week_operator.py
[2023-01-15T12:33:31.907+0000] {processor.py:743} INFO - Processing file /home/airflow/.local/lib/python3.10/site-packages/airflow/example_dags/example_branch_day_of_week_operator.py for tasks to queue
[2023-01-15T12:33:31.908+0000] {logging_mixin.py:137} INFO - [2023-01-15T12:33:31.908+0000] {dagbag.py:538} INFO - Filling up the DagBag from /home/airflow/.local/lib/python3.10/site-packages/airflow/example_dags/example_branch_day_of_week_operator.py
[2023-01-15T12:33:32.068+0000] {processor.py:753} INFO - DAG(s) dict_keys(['example_weekday_branch_operator']) retrieved from /home/airflow/.local/lib/python3.10/site-packages/airflow/example_dags/example_branch_day_of_week_operator.py
[2023-01-15T12:33:32.106+0000] {logging_mixin.py:137} INFO - [2023-01-15T12:33:32.106+0000] {dag.py:2676} INFO - Sync 1 DAGs
[2023-01-15T12:33:32.134+0000] {logging_mixin.py:137} INFO - [2023-01-15T12:33:32.133+0000] {dag.py:3423} INFO - Setting next_dagrun for example_weekday_branch_operator to 2023-01-14T00:00:00+00:00, run_after=2023-01-15T00:00:00+00:00
[2023-01-15T12:33:32.150+0000] {processor.py:175} INFO - Processing /home/airflow/.local/lib/python3.10/site-packages/airflow/example_dags/example_branch_day_of_week_operator.py took 0.247 seconds
[2023-01-15T12:34:02.779+0000] {processor.py:153} INFO - Started process (PID=207) to work on /home/airflow/.local/lib/python3.10/site-packages/airflow/example_dags/example_branch_day_of_week_operator.py
[2023-01-15T12:34:02.781+0000] {processor.py:743} INFO - Processing file /home/airflow/.local/lib/python3.10/site-packages/airflow/example_dags/example_branch_day_of_week_operator.py for tasks to queue
[2023-01-15T12:34:02.783+0000] {logging_mixin.py:137} INFO - [2023-01-15T12:34:02.782+0000] {dagbag.py:538} INFO - Filling up the DagBag from /home/airflow/.local/lib/python3.10/site-packages/airflow/example_dags/example_branch_day_of_week_operator.py
[2023-01-15T12:34:02.839+0000] {processor.py:753} INFO - DAG(s) dict_keys(['example_weekday_branch_operator']) retrieved from /home/airflow/.local/lib/python3.10/site-packages/airflow/example_dags/example_branch_day_of_week_operator.py
[2023-01-15T12:34:02.959+0000] {logging_mixin.py:137} INFO - [2023-01-15T12:34:02.958+0000] {dag.py:2676} INFO - Sync 1 DAGs
[2023-01-15T12:34:03.031+0000] {logging_mixin.py:137} INFO - [2023-01-15T12:34:03.030+0000] {dag.py:3423} INFO - Setting next_dagrun for example_weekday_branch_operator to 2023-01-14T00:00:00+00:00, run_after=2023-01-15T00:00:00+00:00
[2023-01-15T12:34:03.078+0000] {processor.py:175} INFO - Processing /home/airflow/.local/lib/python3.10/site-packages/airflow/example_dags/example_branch_day_of_week_operator.py took 0.308 seconds
[2023-01-15T12:34:33.983+0000] {processor.py:153} INFO - Started process (PID=271) to work on /home/airflow/.local/lib/python3.10/site-packages/airflow/example_dags/example_branch_day_of_week_operator.py
[2023-01-15T12:34:33.985+0000] {processor.py:743} INFO - Processing file /home/airflow/.local/lib/python3.10/site-packages/airflow/example_dags/example_branch_day_of_week_operator.py for tasks to queue
[2023-01-15T12:34:33.987+0000] {logging_mixin.py:137} INFO - [2023-01-15T12:34:33.987+0000] {dagbag.py:538} INFO - Filling up the DagBag from /home/airflow/.local/lib/python3.10/site-packages/airflow/example_dags/example_branch_day_of_week_operator.py
[2023-01-15T12:34:34.032+0000] {processor.py:753} INFO - DAG(s) dict_keys(['example_weekday_branch_operator']) retrieved from /home/airflow/.local/lib/python3.10/site-packages/airflow/example_dags/example_branch_day_of_week_operator.py
[2023-01-15T12:34:34.157+0000] {logging_mixin.py:137} INFO - [2023-01-15T12:34:34.157+0000] {dag.py:2676} INFO - Sync 1 DAGs
[2023-01-15T12:34:34.247+0000] {logging_mixin.py:137} INFO - [2023-01-15T12:34:34.247+0000] {dag.py:3423} INFO - Setting next_dagrun for example_weekday_branch_operator to 2023-01-14T00:00:00+00:00, run_after=2023-01-15T00:00:00+00:00
[2023-01-15T12:34:34.306+0000] {processor.py:175} INFO - Processing /home/airflow/.local/lib/python3.10/site-packages/airflow/example_dags/example_branch_day_of_week_operator.py took 0.332 seconds
[2023-01-15T12:35:04.639+0000] {processor.py:153} INFO - Started process (PID=343) to work on /home/airflow/.local/lib/python3.10/site-packages/airflow/example_dags/example_branch_day_of_week_operator.py
[2023-01-15T12:35:04.643+0000] {processor.py:743} INFO - Processing file /home/airflow/.local/lib/python3.10/site-packages/airflow/example_dags/example_branch_day_of_week_operator.py for tasks to queue
[2023-01-15T12:35:04.646+0000] {logging_mixin.py:137} INFO - [2023-01-15T12:35:04.645+0000] {dagbag.py:538} INFO - Filling up the DagBag from /home/airflow/.local/lib/python3.10/site-packages/airflow/example_dags/example_branch_day_of_week_operator.py
[2023-01-15T12:35:04.698+0000] {processor.py:753} INFO - DAG(s) dict_keys(['example_weekday_branch_operator']) retrieved from /home/airflow/.local/lib/python3.10/site-packages/airflow/example_dags/example_branch_day_of_week_operator.py
[2023-01-15T12:35:04.801+0000] {logging_mixin.py:137} INFO - [2023-01-15T12:35:04.801+0000] {dag.py:2676} INFO - Sync 1 DAGs
[2023-01-15T12:35:04.861+0000] {logging_mixin.py:137} INFO - [2023-01-15T12:35:04.860+0000] {dag.py:3423} INFO - Setting next_dagrun for example_weekday_branch_operator to 2023-01-14T00:00:00+00:00, run_after=2023-01-15T00:00:00+00:00
[2023-01-15T12:35:04.908+0000] {processor.py:175} INFO - Processing /home/airflow/.local/lib/python3.10/site-packages/airflow/example_dags/example_branch_day_of_week_operator.py took 0.278 seconds
[2023-01-15T12:35:35.411+0000] {processor.py:153} INFO - Started process (PID=408) to work on /home/airflow/.local/lib/python3.10/site-packages/airflow/example_dags/example_branch_day_of_week_operator.py
[2023-01-15T12:35:35.413+0000] {processor.py:743} INFO - Processing file /home/airflow/.local/lib/python3.10/site-packages/airflow/example_dags/example_branch_day_of_week_operator.py for tasks to queue
[2023-01-15T12:35:35.414+0000] {logging_mixin.py:137} INFO - [2023-01-15T12:35:35.414+0000] {dagbag.py:538} INFO - Filling up the DagBag from /home/airflow/.local/lib/python3.10/site-packages/airflow/example_dags/example_branch_day_of_week_operator.py
[2023-01-15T12:35:35.442+0000] {processor.py:753} INFO - DAG(s) dict_keys(['example_weekday_branch_operator']) retrieved from /home/airflow/.local/lib/python3.10/site-packages/airflow/example_dags/example_branch_day_of_week_operator.py
[2023-01-15T12:35:35.514+0000] {logging_mixin.py:137} INFO - [2023-01-15T12:35:35.514+0000] {dag.py:2676} INFO - Sync 1 DAGs
[2023-01-15T12:35:35.554+0000] {logging_mixin.py:137} INFO - [2023-01-15T12:35:35.554+0000] {dag.py:3423} INFO - Setting next_dagrun for example_weekday_branch_operator to 2023-01-14T00:00:00+00:00, run_after=2023-01-15T00:00:00+00:00
[2023-01-15T12:35:35.591+0000] {processor.py:175} INFO - Processing /home/airflow/.local/lib/python3.10/site-packages/airflow/example_dags/example_branch_day_of_week_operator.py took 0.186 seconds
[2023-01-15T12:36:01.379+0000] {processor.py:153} INFO - Started process (PID=68) to work on /home/airflow/.local/lib/python3.10/site-packages/airflow/example_dags/example_branch_day_of_week_operator.py
[2023-01-15T12:36:01.384+0000] {processor.py:743} INFO - Processing file /home/airflow/.local/lib/python3.10/site-packages/airflow/example_dags/example_branch_day_of_week_operator.py for tasks to queue
[2023-01-15T12:36:01.385+0000] {logging_mixin.py:137} INFO - [2023-01-15T12:36:01.385+0000] {dagbag.py:538} INFO - Filling up the DagBag from /home/airflow/.local/lib/python3.10/site-packages/airflow/example_dags/example_branch_day_of_week_operator.py
[2023-01-15T12:36:01.473+0000] {processor.py:753} INFO - DAG(s) dict_keys(['example_weekday_branch_operator']) retrieved from /home/airflow/.local/lib/python3.10/site-packages/airflow/example_dags/example_branch_day_of_week_operator.py
[2023-01-15T12:36:01.534+0000] {logging_mixin.py:137} INFO - [2023-01-15T12:36:01.534+0000] {dag.py:2676} INFO - Sync 1 DAGs
[2023-01-15T12:36:01.586+0000] {logging_mixin.py:137} INFO - [2023-01-15T12:36:01.586+0000] {dag.py:3423} INFO - Setting next_dagrun for example_weekday_branch_operator to 2023-01-14T00:00:00+00:00, run_after=2023-01-15T00:00:00+00:00
[2023-01-15T12:36:01.646+0000] {processor.py:175} INFO - Processing /home/airflow/.local/lib/python3.10/site-packages/airflow/example_dags/example_branch_day_of_week_operator.py took 0.293 seconds
[2023-01-15T12:36:32.076+0000] {processor.py:153} INFO - Started process (PID=134) to work on /home/airflow/.local/lib/python3.10/site-packages/airflow/example_dags/example_branch_day_of_week_operator.py
[2023-01-15T12:36:32.077+0000] {processor.py:743} INFO - Processing file /home/airflow/.local/lib/python3.10/site-packages/airflow/example_dags/example_branch_day_of_week_operator.py for tasks to queue
[2023-01-15T12:36:32.077+0000] {logging_mixin.py:137} INFO - [2023-01-15T12:36:32.077+0000] {dagbag.py:538} INFO - Filling up the DagBag from /home/airflow/.local/lib/python3.10/site-packages/airflow/example_dags/example_branch_day_of_week_operator.py
[2023-01-15T12:36:32.103+0000] {processor.py:753} INFO - DAG(s) dict_keys(['example_weekday_branch_operator']) retrieved from /home/airflow/.local/lib/python3.10/site-packages/airflow/example_dags/example_branch_day_of_week_operator.py
[2023-01-15T12:36:32.160+0000] {logging_mixin.py:137} INFO - [2023-01-15T12:36:32.160+0000] {dag.py:2676} INFO - Sync 1 DAGs
[2023-01-15T12:36:32.197+0000] {logging_mixin.py:137} INFO - [2023-01-15T12:36:32.196+0000] {dag.py:3423} INFO - Setting next_dagrun for example_weekday_branch_operator to 2023-01-14T00:00:00+00:00, run_after=2023-01-15T00:00:00+00:00
[2023-01-15T12:36:32.404+0000] {processor.py:175} INFO - Processing /home/airflow/.local/lib/python3.10/site-packages/airflow/example_dags/example_branch_day_of_week_operator.py took 0.332 seconds
[2023-01-15T12:37:05.679+0000] {processor.py:153} INFO - Started process (PID=200) to work on /home/airflow/.local/lib/python3.10/site-packages/airflow/example_dags/example_branch_day_of_week_operator.py
[2023-01-15T12:37:05.681+0000] {processor.py:743} INFO - Processing file /home/airflow/.local/lib/python3.10/site-packages/airflow/example_dags/example_branch_day_of_week_operator.py for tasks to queue
[2023-01-15T12:37:05.681+0000] {logging_mixin.py:137} INFO - [2023-01-15T12:37:05.681+0000] {dagbag.py:538} INFO - Filling up the DagBag from /home/airflow/.local/lib/python3.10/site-packages/airflow/example_dags/example_branch_day_of_week_operator.py
[2023-01-15T12:37:05.712+0000] {processor.py:753} INFO - DAG(s) dict_keys(['example_weekday_branch_operator']) retrieved from /home/airflow/.local/lib/python3.10/site-packages/airflow/example_dags/example_branch_day_of_week_operator.py
[2023-01-15T12:37:05.775+0000] {logging_mixin.py:137} INFO - [2023-01-15T12:37:05.775+0000] {dag.py:2676} INFO - Sync 1 DAGs
[2023-01-15T12:37:05.984+0000] {logging_mixin.py:137} INFO - [2023-01-15T12:37:05.984+0000] {dag.py:3423} INFO - Setting next_dagrun for example_weekday_branch_operator to 2023-01-14T00:00:00+00:00, run_after=2023-01-15T00:00:00+00:00
[2023-01-15T12:37:06.019+0000] {processor.py:175} INFO - Processing /home/airflow/.local/lib/python3.10/site-packages/airflow/example_dags/example_branch_day_of_week_operator.py took 0.345 seconds
[2023-01-15T12:37:36.865+0000] {processor.py:153} INFO - Started process (PID=266) to work on /home/airflow/.local/lib/python3.10/site-packages/airflow/example_dags/example_branch_day_of_week_operator.py
[2023-01-15T12:37:36.866+0000] {processor.py:743} INFO - Processing file /home/airflow/.local/lib/python3.10/site-packages/airflow/example_dags/example_branch_day_of_week_operator.py for tasks to queue
[2023-01-15T12:37:36.867+0000] {logging_mixin.py:137} INFO - [2023-01-15T12:37:36.867+0000] {dagbag.py:538} INFO - Filling up the DagBag from /home/airflow/.local/lib/python3.10/site-packages/airflow/example_dags/example_branch_day_of_week_operator.py
[2023-01-15T12:37:36.895+0000] {processor.py:753} INFO - DAG(s) dict_keys(['example_weekday_branch_operator']) retrieved from /home/airflow/.local/lib/python3.10/site-packages/airflow/example_dags/example_branch_day_of_week_operator.py
[2023-01-15T12:37:36.954+0000] {logging_mixin.py:137} INFO - [2023-01-15T12:37:36.953+0000] {dag.py:2676} INFO - Sync 1 DAGs
[2023-01-15T12:37:37.139+0000] {logging_mixin.py:137} INFO - [2023-01-15T12:37:37.138+0000] {dag.py:3423} INFO - Setting next_dagrun for example_weekday_branch_operator to 2023-01-14T00:00:00+00:00, run_after=2023-01-15T00:00:00+00:00
[2023-01-15T12:37:37.165+0000] {processor.py:175} INFO - Processing /home/airflow/.local/lib/python3.10/site-packages/airflow/example_dags/example_branch_day_of_week_operator.py took 0.304 seconds
[2023-01-15T12:38:07.325+0000] {processor.py:153} INFO - Started process (PID=332) to work on /home/airflow/.local/lib/python3.10/site-packages/airflow/example_dags/example_branch_day_of_week_operator.py
[2023-01-15T12:38:07.326+0000] {processor.py:743} INFO - Processing file /home/airflow/.local/lib/python3.10/site-packages/airflow/example_dags/example_branch_day_of_week_operator.py for tasks to queue
[2023-01-15T12:38:07.327+0000] {logging_mixin.py:137} INFO - [2023-01-15T12:38:07.327+0000] {dagbag.py:538} INFO - Filling up the DagBag from /home/airflow/.local/lib/python3.10/site-packages/airflow/example_dags/example_branch_day_of_week_operator.py
[2023-01-15T12:38:07.358+0000] {processor.py:753} INFO - DAG(s) dict_keys(['example_weekday_branch_operator']) retrieved from /home/airflow/.local/lib/python3.10/site-packages/airflow/example_dags/example_branch_day_of_week_operator.py
[2023-01-15T12:38:07.616+0000] {logging_mixin.py:137} INFO - [2023-01-15T12:38:07.616+0000] {dag.py:2676} INFO - Sync 1 DAGs
[2023-01-15T12:38:07.638+0000] {logging_mixin.py:137} INFO - [2023-01-15T12:38:07.638+0000] {dag.py:3423} INFO - Setting next_dagrun for example_weekday_branch_operator to 2023-01-14T00:00:00+00:00, run_after=2023-01-15T00:00:00+00:00
[2023-01-15T12:38:07.662+0000] {processor.py:175} INFO - Processing /home/airflow/.local/lib/python3.10/site-packages/airflow/example_dags/example_branch_day_of_week_operator.py took 0.343 seconds
[2023-01-15T12:38:37.881+0000] {processor.py:153} INFO - Started process (PID=412) to work on /home/airflow/.local/lib/python3.10/site-packages/airflow/example_dags/example_branch_day_of_week_operator.py
[2023-01-15T12:38:37.882+0000] {processor.py:743} INFO - Processing file /home/airflow/.local/lib/python3.10/site-packages/airflow/example_dags/example_branch_day_of_week_operator.py for tasks to queue
[2023-01-15T12:38:37.882+0000] {logging_mixin.py:137} INFO - [2023-01-15T12:38:37.882+0000] {dagbag.py:538} INFO - Filling up the DagBag from /home/airflow/.local/lib/python3.10/site-packages/airflow/example_dags/example_branch_day_of_week_operator.py
[2023-01-15T12:38:37.900+0000] {processor.py:753} INFO - DAG(s) dict_keys(['example_weekday_branch_operator']) retrieved from /home/airflow/.local/lib/python3.10/site-packages/airflow/example_dags/example_branch_day_of_week_operator.py
[2023-01-15T12:38:38.083+0000] {logging_mixin.py:137} INFO - [2023-01-15T12:38:38.083+0000] {dag.py:2676} INFO - Sync 1 DAGs
[2023-01-15T12:38:38.104+0000] {logging_mixin.py:137} INFO - [2023-01-15T12:38:38.104+0000] {dag.py:3423} INFO - Setting next_dagrun for example_weekday_branch_operator to 2023-01-14T00:00:00+00:00, run_after=2023-01-15T00:00:00+00:00
[2023-01-15T12:38:38.124+0000] {processor.py:175} INFO - Processing /home/airflow/.local/lib/python3.10/site-packages/airflow/example_dags/example_branch_day_of_week_operator.py took 0.246 seconds
[2023-01-15T12:39:09.375+0000] {processor.py:153} INFO - Started process (PID=478) to work on /home/airflow/.local/lib/python3.10/site-packages/airflow/example_dags/example_branch_day_of_week_operator.py
[2023-01-15T12:39:09.376+0000] {processor.py:743} INFO - Processing file /home/airflow/.local/lib/python3.10/site-packages/airflow/example_dags/example_branch_day_of_week_operator.py for tasks to queue
[2023-01-15T12:39:09.377+0000] {logging_mixin.py:137} INFO - [2023-01-15T12:39:09.376+0000] {dagbag.py:538} INFO - Filling up the DagBag from /home/airflow/.local/lib/python3.10/site-packages/airflow/example_dags/example_branch_day_of_week_operator.py
[2023-01-15T12:39:09.528+0000] {processor.py:753} INFO - DAG(s) dict_keys(['example_weekday_branch_operator']) retrieved from /home/airflow/.local/lib/python3.10/site-packages/airflow/example_dags/example_branch_day_of_week_operator.py
[2023-01-15T12:39:09.556+0000] {logging_mixin.py:137} INFO - [2023-01-15T12:39:09.556+0000] {dag.py:2676} INFO - Sync 1 DAGs
[2023-01-15T12:39:09.576+0000] {logging_mixin.py:137} INFO - [2023-01-15T12:39:09.576+0000] {dag.py:3423} INFO - Setting next_dagrun for example_weekday_branch_operator to 2023-01-14T00:00:00+00:00, run_after=2023-01-15T00:00:00+00:00
[2023-01-15T12:39:09.591+0000] {processor.py:175} INFO - Processing /home/airflow/.local/lib/python3.10/site-packages/airflow/example_dags/example_branch_day_of_week_operator.py took 0.219 seconds
