[2023-01-15T09:43:30.712+0000] {processor.py:153} INFO - Started process (PID=62) to work on /home/airflow/.local/lib/python3.10/site-packages/airflow/example_dags/example_short_circuit_decorator.py
[2023-01-15T09:43:30.714+0000] {processor.py:743} INFO - Processing file /home/airflow/.local/lib/python3.10/site-packages/airflow/example_dags/example_short_circuit_decorator.py for tasks to queue
[2023-01-15T09:43:30.717+0000] {logging_mixin.py:137} INFO - [2023-01-15T09:43:30.717+0000] {dagbag.py:538} INFO - Filling up the DagBag from /home/airflow/.local/lib/python3.10/site-packages/airflow/example_dags/example_short_circuit_decorator.py
[2023-01-15T09:43:31.002+0000] {processor.py:753} INFO - DAG(s) dict_keys(['example_short_circuit_decorator']) retrieved from /home/airflow/.local/lib/python3.10/site-packages/airflow/example_dags/example_short_circuit_decorator.py
[2023-01-15T09:43:31.190+0000] {logging_mixin.py:137} INFO - [2023-01-15T09:43:31.189+0000] {dag.py:2676} INFO - Sync 1 DAGs
[2023-01-15T12:32:55.650+0000] {processor.py:153} INFO - Started process (PID=42) to work on /home/airflow/.local/lib/python3.10/site-packages/airflow/example_dags/example_short_circuit_decorator.py
[2023-01-15T12:32:55.652+0000] {processor.py:743} INFO - Processing file /home/airflow/.local/lib/python3.10/site-packages/airflow/example_dags/example_short_circuit_decorator.py for tasks to queue
[2023-01-15T12:32:55.653+0000] {logging_mixin.py:137} INFO - [2023-01-15T12:32:55.652+0000] {dagbag.py:538} INFO - Filling up the DagBag from /home/airflow/.local/lib/python3.10/site-packages/airflow/example_dags/example_short_circuit_decorator.py
[2023-01-15T12:32:55.729+0000] {processor.py:753} INFO - DAG(s) dict_keys(['example_short_circuit_decorator']) retrieved from /home/airflow/.local/lib/python3.10/site-packages/airflow/example_dags/example_short_circuit_decorator.py
[2023-01-15T12:32:56.010+0000] {logging_mixin.py:137} INFO - [2023-01-15T12:32:56.010+0000] {dag.py:2676} INFO - Sync 1 DAGs
[2023-01-15T12:32:56.050+0000] {logging_mixin.py:137} INFO - [2023-01-15T12:32:56.049+0000] {dag.py:3423} INFO - Setting next_dagrun for example_short_circuit_decorator to 2023-01-14T12:32:56.049441+00:00, run_after=2023-01-15T12:32:56.049441+00:00
[2023-01-15T12:32:56.079+0000] {processor.py:175} INFO - Processing /home/airflow/.local/lib/python3.10/site-packages/airflow/example_dags/example_short_circuit_decorator.py took 0.434 seconds
[2023-01-15T12:33:26.874+0000] {processor.py:153} INFO - Started process (PID=108) to work on /home/airflow/.local/lib/python3.10/site-packages/airflow/example_dags/example_short_circuit_decorator.py
[2023-01-15T12:33:26.883+0000] {processor.py:743} INFO - Processing file /home/airflow/.local/lib/python3.10/site-packages/airflow/example_dags/example_short_circuit_decorator.py for tasks to queue
[2023-01-15T12:33:26.883+0000] {logging_mixin.py:137} INFO - [2023-01-15T12:33:26.883+0000] {dagbag.py:538} INFO - Filling up the DagBag from /home/airflow/.local/lib/python3.10/site-packages/airflow/example_dags/example_short_circuit_decorator.py
[2023-01-15T12:33:27.076+0000] {processor.py:753} INFO - DAG(s) dict_keys(['example_short_circuit_decorator']) retrieved from /home/airflow/.local/lib/python3.10/site-packages/airflow/example_dags/example_short_circuit_decorator.py
[2023-01-15T12:33:27.116+0000] {logging_mixin.py:137} INFO - [2023-01-15T12:33:27.116+0000] {dag.py:2676} INFO - Sync 1 DAGs
[2023-01-15T12:33:27.137+0000] {logging_mixin.py:137} INFO - [2023-01-15T12:33:27.137+0000] {dag.py:3423} INFO - Setting next_dagrun for example_short_circuit_decorator to 2023-01-14T12:33:27.137458+00:00, run_after=2023-01-15T12:33:27.137458+00:00
[2023-01-15T12:33:27.155+0000] {processor.py:175} INFO - Processing /home/airflow/.local/lib/python3.10/site-packages/airflow/example_dags/example_short_circuit_decorator.py took 0.286 seconds
[2023-01-15T12:33:57.838+0000] {processor.py:153} INFO - Started process (PID=174) to work on /home/airflow/.local/lib/python3.10/site-packages/airflow/example_dags/example_short_circuit_decorator.py
[2023-01-15T12:33:57.847+0000] {processor.py:743} INFO - Processing file /home/airflow/.local/lib/python3.10/site-packages/airflow/example_dags/example_short_circuit_decorator.py for tasks to queue
[2023-01-15T12:33:57.849+0000] {logging_mixin.py:137} INFO - [2023-01-15T12:33:57.848+0000] {dagbag.py:538} INFO - Filling up the DagBag from /home/airflow/.local/lib/python3.10/site-packages/airflow/example_dags/example_short_circuit_decorator.py
[2023-01-15T12:33:57.890+0000] {processor.py:753} INFO - DAG(s) dict_keys(['example_short_circuit_decorator']) retrieved from /home/airflow/.local/lib/python3.10/site-packages/airflow/example_dags/example_short_circuit_decorator.py
[2023-01-15T12:33:57.968+0000] {logging_mixin.py:137} INFO - [2023-01-15T12:33:57.968+0000] {dag.py:2676} INFO - Sync 1 DAGs
[2023-01-15T12:33:58.015+0000] {logging_mixin.py:137} INFO - [2023-01-15T12:33:58.015+0000] {dag.py:3423} INFO - Setting next_dagrun for example_short_circuit_decorator to 2023-01-14T12:33:58.014594+00:00, run_after=2023-01-15T12:33:58.014594+00:00
[2023-01-15T12:33:58.049+0000] {processor.py:175} INFO - Processing /home/airflow/.local/lib/python3.10/site-packages/airflow/example_dags/example_short_circuit_decorator.py took 0.216 seconds
[2023-01-15T12:34:28.889+0000] {processor.py:153} INFO - Started process (PID=239) to work on /home/airflow/.local/lib/python3.10/site-packages/airflow/example_dags/example_short_circuit_decorator.py
[2023-01-15T12:34:28.891+0000] {processor.py:743} INFO - Processing file /home/airflow/.local/lib/python3.10/site-packages/airflow/example_dags/example_short_circuit_decorator.py for tasks to queue
[2023-01-15T12:34:28.892+0000] {logging_mixin.py:137} INFO - [2023-01-15T12:34:28.891+0000] {dagbag.py:538} INFO - Filling up the DagBag from /home/airflow/.local/lib/python3.10/site-packages/airflow/example_dags/example_short_circuit_decorator.py
[2023-01-15T12:34:28.938+0000] {processor.py:753} INFO - DAG(s) dict_keys(['example_short_circuit_decorator']) retrieved from /home/airflow/.local/lib/python3.10/site-packages/airflow/example_dags/example_short_circuit_decorator.py
[2023-01-15T12:34:29.014+0000] {logging_mixin.py:137} INFO - [2023-01-15T12:34:29.014+0000] {dag.py:2676} INFO - Sync 1 DAGs
[2023-01-15T12:34:29.091+0000] {logging_mixin.py:137} INFO - [2023-01-15T12:34:29.091+0000] {dag.py:3423} INFO - Setting next_dagrun for example_short_circuit_decorator to 2023-01-14T12:34:29.090956+00:00, run_after=2023-01-15T12:34:29.090956+00:00
[2023-01-15T12:34:29.124+0000] {processor.py:175} INFO - Processing /home/airflow/.local/lib/python3.10/site-packages/airflow/example_dags/example_short_circuit_decorator.py took 0.240 seconds
[2023-01-15T12:34:59.369+0000] {processor.py:153} INFO - Started process (PID=303) to work on /home/airflow/.local/lib/python3.10/site-packages/airflow/example_dags/example_short_circuit_decorator.py
[2023-01-15T12:34:59.378+0000] {processor.py:743} INFO - Processing file /home/airflow/.local/lib/python3.10/site-packages/airflow/example_dags/example_short_circuit_decorator.py for tasks to queue
[2023-01-15T12:34:59.379+0000] {logging_mixin.py:137} INFO - [2023-01-15T12:34:59.379+0000] {dagbag.py:538} INFO - Filling up the DagBag from /home/airflow/.local/lib/python3.10/site-packages/airflow/example_dags/example_short_circuit_decorator.py
[2023-01-15T12:34:59.399+0000] {processor.py:753} INFO - DAG(s) dict_keys(['example_short_circuit_decorator']) retrieved from /home/airflow/.local/lib/python3.10/site-packages/airflow/example_dags/example_short_circuit_decorator.py
[2023-01-15T12:34:59.434+0000] {logging_mixin.py:137} INFO - [2023-01-15T12:34:59.434+0000] {dag.py:2676} INFO - Sync 1 DAGs
[2023-01-15T12:34:59.452+0000] {logging_mixin.py:137} INFO - [2023-01-15T12:34:59.452+0000] {dag.py:3423} INFO - Setting next_dagrun for example_short_circuit_decorator to 2023-01-14T12:34:59.451729+00:00, run_after=2023-01-15T12:34:59.451729+00:00
[2023-01-15T12:34:59.468+0000] {processor.py:175} INFO - Processing /home/airflow/.local/lib/python3.10/site-packages/airflow/example_dags/example_short_circuit_decorator.py took 0.101 seconds
[2023-01-15T12:35:29.487+0000] {processor.py:153} INFO - Started process (PID=368) to work on /home/airflow/.local/lib/python3.10/site-packages/airflow/example_dags/example_short_circuit_decorator.py
[2023-01-15T12:35:29.488+0000] {processor.py:743} INFO - Processing file /home/airflow/.local/lib/python3.10/site-packages/airflow/example_dags/example_short_circuit_decorator.py for tasks to queue
[2023-01-15T12:35:29.489+0000] {logging_mixin.py:137} INFO - [2023-01-15T12:35:29.489+0000] {dagbag.py:538} INFO - Filling up the DagBag from /home/airflow/.local/lib/python3.10/site-packages/airflow/example_dags/example_short_circuit_decorator.py
[2023-01-15T12:35:29.536+0000] {processor.py:753} INFO - DAG(s) dict_keys(['example_short_circuit_decorator']) retrieved from /home/airflow/.local/lib/python3.10/site-packages/airflow/example_dags/example_short_circuit_decorator.py
[2023-01-15T12:35:29.608+0000] {logging_mixin.py:137} INFO - [2023-01-15T12:35:29.608+0000] {dag.py:2676} INFO - Sync 1 DAGs
[2023-01-15T12:35:29.662+0000] {logging_mixin.py:137} INFO - [2023-01-15T12:35:29.661+0000] {dag.py:3423} INFO - Setting next_dagrun for example_short_circuit_decorator to 2023-01-14T12:35:29.661589+00:00, run_after=2023-01-15T12:35:29.661589+00:00
[2023-01-15T12:35:29.697+0000] {processor.py:175} INFO - Processing /home/airflow/.local/lib/python3.10/site-packages/airflow/example_dags/example_short_circuit_decorator.py took 0.212 seconds
[2023-01-15T12:35:56.882+0000] {processor.py:153} INFO - Started process (PID=35) to work on /home/airflow/.local/lib/python3.10/site-packages/airflow/example_dags/example_short_circuit_decorator.py
[2023-01-15T12:35:56.883+0000] {processor.py:743} INFO - Processing file /home/airflow/.local/lib/python3.10/site-packages/airflow/example_dags/example_short_circuit_decorator.py for tasks to queue
[2023-01-15T12:35:56.884+0000] {logging_mixin.py:137} INFO - [2023-01-15T12:35:56.884+0000] {dagbag.py:538} INFO - Filling up the DagBag from /home/airflow/.local/lib/python3.10/site-packages/airflow/example_dags/example_short_circuit_decorator.py
[2023-01-15T12:35:56.935+0000] {processor.py:753} INFO - DAG(s) dict_keys(['example_short_circuit_decorator']) retrieved from /home/airflow/.local/lib/python3.10/site-packages/airflow/example_dags/example_short_circuit_decorator.py
[2023-01-15T12:35:56.987+0000] {logging_mixin.py:137} INFO - [2023-01-15T12:35:56.987+0000] {dag.py:2676} INFO - Sync 1 DAGs
[2023-01-15T12:35:57.031+0000] {logging_mixin.py:137} INFO - [2023-01-15T12:35:57.031+0000] {dag.py:3423} INFO - Setting next_dagrun for example_short_circuit_decorator to 2023-01-14T12:35:57.031036+00:00, run_after=2023-01-15T12:35:57.031036+00:00
[2023-01-15T12:35:57.072+0000] {processor.py:175} INFO - Processing /home/airflow/.local/lib/python3.10/site-packages/airflow/example_dags/example_short_circuit_decorator.py took 0.196 seconds
[2023-01-15T12:36:27.206+0000] {processor.py:153} INFO - Started process (PID=101) to work on /home/airflow/.local/lib/python3.10/site-packages/airflow/example_dags/example_short_circuit_decorator.py
[2023-01-15T12:36:27.207+0000] {processor.py:743} INFO - Processing file /home/airflow/.local/lib/python3.10/site-packages/airflow/example_dags/example_short_circuit_decorator.py for tasks to queue
[2023-01-15T12:36:27.208+0000] {logging_mixin.py:137} INFO - [2023-01-15T12:36:27.208+0000] {dagbag.py:538} INFO - Filling up the DagBag from /home/airflow/.local/lib/python3.10/site-packages/airflow/example_dags/example_short_circuit_decorator.py
[2023-01-15T12:36:27.246+0000] {processor.py:753} INFO - DAG(s) dict_keys(['example_short_circuit_decorator']) retrieved from /home/airflow/.local/lib/python3.10/site-packages/airflow/example_dags/example_short_circuit_decorator.py
[2023-01-15T12:36:27.321+0000] {logging_mixin.py:137} INFO - [2023-01-15T12:36:27.321+0000] {dag.py:2676} INFO - Sync 1 DAGs
[2023-01-15T12:36:27.538+0000] {logging_mixin.py:137} INFO - [2023-01-15T12:36:27.538+0000] {dag.py:3423} INFO - Setting next_dagrun for example_short_circuit_decorator to 2023-01-14T12:36:27.538165+00:00, run_after=2023-01-15T12:36:27.538165+00:00
[2023-01-15T12:36:27.571+0000] {processor.py:175} INFO - Processing /home/airflow/.local/lib/python3.10/site-packages/airflow/example_dags/example_short_circuit_decorator.py took 0.369 seconds
[2023-01-15T12:36:58.229+0000] {processor.py:153} INFO - Started process (PID=174) to work on /home/airflow/.local/lib/python3.10/site-packages/airflow/example_dags/example_short_circuit_decorator.py
[2023-01-15T12:36:58.239+0000] {processor.py:743} INFO - Processing file /home/airflow/.local/lib/python3.10/site-packages/airflow/example_dags/example_short_circuit_decorator.py for tasks to queue
[2023-01-15T12:36:58.240+0000] {logging_mixin.py:137} INFO - [2023-01-15T12:36:58.240+0000] {dagbag.py:538} INFO - Filling up the DagBag from /home/airflow/.local/lib/python3.10/site-packages/airflow/example_dags/example_short_circuit_decorator.py
[2023-01-15T12:36:58.308+0000] {processor.py:753} INFO - DAG(s) dict_keys(['example_short_circuit_decorator']) retrieved from /home/airflow/.local/lib/python3.10/site-packages/airflow/example_dags/example_short_circuit_decorator.py
[2023-01-15T12:36:58.384+0000] {logging_mixin.py:137} INFO - [2023-01-15T12:36:58.383+0000] {dag.py:2676} INFO - Sync 1 DAGs
[2023-01-15T12:36:58.638+0000] {logging_mixin.py:137} INFO - [2023-01-15T12:36:58.637+0000] {dag.py:3423} INFO - Setting next_dagrun for example_short_circuit_decorator to 2023-01-14T12:36:58.637367+00:00, run_after=2023-01-15T12:36:58.637367+00:00
[2023-01-15T12:36:58.683+0000] {processor.py:175} INFO - Processing /home/airflow/.local/lib/python3.10/site-packages/airflow/example_dags/example_short_circuit_decorator.py took 0.462 seconds
[2023-01-15T12:37:29.561+0000] {processor.py:153} INFO - Started process (PID=240) to work on /home/airflow/.local/lib/python3.10/site-packages/airflow/example_dags/example_short_circuit_decorator.py
[2023-01-15T12:37:29.570+0000] {processor.py:743} INFO - Processing file /home/airflow/.local/lib/python3.10/site-packages/airflow/example_dags/example_short_circuit_decorator.py for tasks to queue
[2023-01-15T12:37:29.571+0000] {logging_mixin.py:137} INFO - [2023-01-15T12:37:29.571+0000] {dagbag.py:538} INFO - Filling up the DagBag from /home/airflow/.local/lib/python3.10/site-packages/airflow/example_dags/example_short_circuit_decorator.py
[2023-01-15T12:37:29.616+0000] {processor.py:753} INFO - DAG(s) dict_keys(['example_short_circuit_decorator']) retrieved from /home/airflow/.local/lib/python3.10/site-packages/airflow/example_dags/example_short_circuit_decorator.py
[2023-01-15T12:37:29.883+0000] {logging_mixin.py:137} INFO - [2023-01-15T12:37:29.883+0000] {dag.py:2676} INFO - Sync 1 DAGs
[2023-01-15T12:37:29.904+0000] {logging_mixin.py:137} INFO - [2023-01-15T12:37:29.904+0000] {dag.py:3423} INFO - Setting next_dagrun for example_short_circuit_decorator to 2023-01-14T12:37:29.904309+00:00, run_after=2023-01-15T12:37:29.904309+00:00
[2023-01-15T12:37:29.926+0000] {processor.py:175} INFO - Processing /home/airflow/.local/lib/python3.10/site-packages/airflow/example_dags/example_short_circuit_decorator.py took 0.369 seconds
[2023-01-15T12:38:00.524+0000] {processor.py:153} INFO - Started process (PID=306) to work on /home/airflow/.local/lib/python3.10/site-packages/airflow/example_dags/example_short_circuit_decorator.py
[2023-01-15T12:38:00.525+0000] {processor.py:743} INFO - Processing file /home/airflow/.local/lib/python3.10/site-packages/airflow/example_dags/example_short_circuit_decorator.py for tasks to queue
[2023-01-15T12:38:00.525+0000] {logging_mixin.py:137} INFO - [2023-01-15T12:38:00.525+0000] {dagbag.py:538} INFO - Filling up the DagBag from /home/airflow/.local/lib/python3.10/site-packages/airflow/example_dags/example_short_circuit_decorator.py
[2023-01-15T12:38:00.552+0000] {processor.py:753} INFO - DAG(s) dict_keys(['example_short_circuit_decorator']) retrieved from /home/airflow/.local/lib/python3.10/site-packages/airflow/example_dags/example_short_circuit_decorator.py
[2023-01-15T12:38:00.800+0000] {logging_mixin.py:137} INFO - [2023-01-15T12:38:00.800+0000] {dag.py:2676} INFO - Sync 1 DAGs
[2023-01-15T12:38:00.830+0000] {logging_mixin.py:137} INFO - [2023-01-15T12:38:00.830+0000] {dag.py:3423} INFO - Setting next_dagrun for example_short_circuit_decorator to 2023-01-14T12:38:00.830067+00:00, run_after=2023-01-15T12:38:00.830067+00:00
[2023-01-15T12:38:00.861+0000] {processor.py:175} INFO - Processing /home/airflow/.local/lib/python3.10/site-packages/airflow/example_dags/example_short_circuit_decorator.py took 0.340 seconds
[2023-01-15T12:38:30.896+0000] {processor.py:153} INFO - Started process (PID=372) to work on /home/airflow/.local/lib/python3.10/site-packages/airflow/example_dags/example_short_circuit_decorator.py
[2023-01-15T12:38:30.905+0000] {processor.py:743} INFO - Processing file /home/airflow/.local/lib/python3.10/site-packages/airflow/example_dags/example_short_circuit_decorator.py for tasks to queue
[2023-01-15T12:38:30.906+0000] {logging_mixin.py:137} INFO - [2023-01-15T12:38:30.906+0000] {dagbag.py:538} INFO - Filling up the DagBag from /home/airflow/.local/lib/python3.10/site-packages/airflow/example_dags/example_short_circuit_decorator.py
[2023-01-15T12:38:30.935+0000] {processor.py:753} INFO - DAG(s) dict_keys(['example_short_circuit_decorator']) retrieved from /home/airflow/.local/lib/python3.10/site-packages/airflow/example_dags/example_short_circuit_decorator.py
[2023-01-15T12:38:31.114+0000] {logging_mixin.py:137} INFO - [2023-01-15T12:38:31.114+0000] {dag.py:2676} INFO - Sync 1 DAGs
[2023-01-15T12:38:31.133+0000] {logging_mixin.py:137} INFO - [2023-01-15T12:38:31.133+0000] {dag.py:3423} INFO - Setting next_dagrun for example_short_circuit_decorator to 2023-01-14T12:38:31.133510+00:00, run_after=2023-01-15T12:38:31.133510+00:00
[2023-01-15T12:38:31.150+0000] {processor.py:175} INFO - Processing /home/airflow/.local/lib/python3.10/site-packages/airflow/example_dags/example_short_circuit_decorator.py took 0.257 seconds
[2023-01-15T12:39:01.348+0000] {processor.py:153} INFO - Started process (PID=438) to work on /home/airflow/.local/lib/python3.10/site-packages/airflow/example_dags/example_short_circuit_decorator.py
[2023-01-15T12:39:01.358+0000] {processor.py:743} INFO - Processing file /home/airflow/.local/lib/python3.10/site-packages/airflow/example_dags/example_short_circuit_decorator.py for tasks to queue
[2023-01-15T12:39:01.358+0000] {logging_mixin.py:137} INFO - [2023-01-15T12:39:01.358+0000] {dagbag.py:538} INFO - Filling up the DagBag from /home/airflow/.local/lib/python3.10/site-packages/airflow/example_dags/example_short_circuit_decorator.py
[2023-01-15T12:39:01.570+0000] {processor.py:753} INFO - DAG(s) dict_keys(['example_short_circuit_decorator']) retrieved from /home/airflow/.local/lib/python3.10/site-packages/airflow/example_dags/example_short_circuit_decorator.py
[2023-01-15T12:39:01.645+0000] {logging_mixin.py:137} INFO - [2023-01-15T12:39:01.644+0000] {dag.py:2676} INFO - Sync 1 DAGs
[2023-01-15T12:39:01.691+0000] {logging_mixin.py:137} INFO - [2023-01-15T12:39:01.691+0000] {dag.py:3423} INFO - Setting next_dagrun for example_short_circuit_decorator to 2023-01-14T12:39:01.690876+00:00, run_after=2023-01-15T12:39:01.690876+00:00
[2023-01-15T12:39:01.736+0000] {processor.py:175} INFO - Processing /home/airflow/.local/lib/python3.10/site-packages/airflow/example_dags/example_short_circuit_decorator.py took 0.391 seconds
[2023-01-15T12:39:31.869+0000] {processor.py:153} INFO - Started process (PID=511) to work on /home/airflow/.local/lib/python3.10/site-packages/airflow/example_dags/example_short_circuit_decorator.py
[2023-01-15T12:39:31.878+0000] {processor.py:743} INFO - Processing file /home/airflow/.local/lib/python3.10/site-packages/airflow/example_dags/example_short_circuit_decorator.py for tasks to queue
[2023-01-15T12:39:31.879+0000] {logging_mixin.py:137} INFO - [2023-01-15T12:39:31.879+0000] {dagbag.py:538} INFO - Filling up the DagBag from /home/airflow/.local/lib/python3.10/site-packages/airflow/example_dags/example_short_circuit_decorator.py
[2023-01-15T12:39:32.199+0000] {processor.py:753} INFO - DAG(s) dict_keys(['example_short_circuit_decorator']) retrieved from /home/airflow/.local/lib/python3.10/site-packages/airflow/example_dags/example_short_circuit_decorator.py
[2023-01-15T12:39:32.254+0000] {logging_mixin.py:137} INFO - [2023-01-15T12:39:32.254+0000] {dag.py:2676} INFO - Sync 1 DAGs
[2023-01-15T12:39:32.280+0000] {logging_mixin.py:137} INFO - [2023-01-15T12:39:32.280+0000] {dag.py:3423} INFO - Setting next_dagrun for example_short_circuit_decorator to 2023-01-14T12:39:32.280027+00:00, run_after=2023-01-15T12:39:32.280027+00:00
[2023-01-15T12:39:32.302+0000] {processor.py:175} INFO - Processing /home/airflow/.local/lib/python3.10/site-packages/airflow/example_dags/example_short_circuit_decorator.py took 0.437 seconds
