[2023-01-15T12:32:58.087+0000] {processor.py:153} INFO - Started process (PID=53) to work on /home/airflow/.local/lib/python3.10/site-packages/airflow/example_dags/example_sensors.py
[2023-01-15T12:32:58.088+0000] {processor.py:743} INFO - Processing file /home/airflow/.local/lib/python3.10/site-packages/airflow/example_dags/example_sensors.py for tasks to queue
[2023-01-15T12:32:58.089+0000] {logging_mixin.py:137} INFO - [2023-01-15T12:32:58.089+0000] {dagbag.py:538} INFO - Filling up the DagBag from /home/airflow/.local/lib/python3.10/site-packages/airflow/example_dags/example_sensors.py
[2023-01-15T12:32:58.134+0000] {processor.py:753} INFO - DAG(s) dict_keys(['example_sensors']) retrieved from /home/airflow/.local/lib/python3.10/site-packages/airflow/example_dags/example_sensors.py
[2023-01-15T12:32:58.340+0000] {logging_mixin.py:137} INFO - [2023-01-15T12:32:58.339+0000] {dag.py:2676} INFO - Sync 1 DAGs
[2023-01-15T12:32:58.368+0000] {logging_mixin.py:137} INFO - [2023-01-15T12:32:58.368+0000] {dag.py:3423} INFO - Setting next_dagrun for example_sensors to None, run_after=None
[2023-01-15T12:32:58.399+0000] {processor.py:175} INFO - Processing /home/airflow/.local/lib/python3.10/site-packages/airflow/example_dags/example_sensors.py took 0.316 seconds
[2023-01-15T12:33:28.792+0000] {processor.py:153} INFO - Started process (PID=119) to work on /home/airflow/.local/lib/python3.10/site-packages/airflow/example_dags/example_sensors.py
[2023-01-15T12:33:28.793+0000] {processor.py:743} INFO - Processing file /home/airflow/.local/lib/python3.10/site-packages/airflow/example_dags/example_sensors.py for tasks to queue
[2023-01-15T12:33:28.794+0000] {logging_mixin.py:137} INFO - [2023-01-15T12:33:28.794+0000] {dagbag.py:538} INFO - Filling up the DagBag from /home/airflow/.local/lib/python3.10/site-packages/airflow/example_dags/example_sensors.py
[2023-01-15T12:33:28.968+0000] {processor.py:753} INFO - DAG(s) dict_keys(['example_sensors']) retrieved from /home/airflow/.local/lib/python3.10/site-packages/airflow/example_dags/example_sensors.py
[2023-01-15T12:33:28.997+0000] {logging_mixin.py:137} INFO - [2023-01-15T12:33:28.997+0000] {dag.py:2676} INFO - Sync 1 DAGs
[2023-01-15T12:33:29.018+0000] {logging_mixin.py:137} INFO - [2023-01-15T12:33:29.018+0000] {dag.py:3423} INFO - Setting next_dagrun for example_sensors to None, run_after=None
[2023-01-15T12:33:29.033+0000] {processor.py:175} INFO - Processing /home/airflow/.local/lib/python3.10/site-packages/airflow/example_dags/example_sensors.py took 0.245 seconds
[2023-01-15T12:33:59.660+0000] {processor.py:153} INFO - Started process (PID=185) to work on /home/airflow/.local/lib/python3.10/site-packages/airflow/example_dags/example_sensors.py
[2023-01-15T12:33:59.671+0000] {processor.py:743} INFO - Processing file /home/airflow/.local/lib/python3.10/site-packages/airflow/example_dags/example_sensors.py for tasks to queue
[2023-01-15T12:33:59.673+0000] {logging_mixin.py:137} INFO - [2023-01-15T12:33:59.673+0000] {dagbag.py:538} INFO - Filling up the DagBag from /home/airflow/.local/lib/python3.10/site-packages/airflow/example_dags/example_sensors.py
[2023-01-15T12:33:59.731+0000] {processor.py:753} INFO - DAG(s) dict_keys(['example_sensors']) retrieved from /home/airflow/.local/lib/python3.10/site-packages/airflow/example_dags/example_sensors.py
[2023-01-15T12:33:59.826+0000] {logging_mixin.py:137} INFO - [2023-01-15T12:33:59.826+0000] {dag.py:2676} INFO - Sync 1 DAGs
[2023-01-15T12:33:59.879+0000] {logging_mixin.py:137} INFO - [2023-01-15T12:33:59.879+0000] {dag.py:3423} INFO - Setting next_dagrun for example_sensors to None, run_after=None
[2023-01-15T12:33:59.918+0000] {processor.py:175} INFO - Processing /home/airflow/.local/lib/python3.10/site-packages/airflow/example_dags/example_sensors.py took 0.265 seconds
[2023-01-15T12:34:30.399+0000] {processor.py:153} INFO - Started process (PID=250) to work on /home/airflow/.local/lib/python3.10/site-packages/airflow/example_dags/example_sensors.py
[2023-01-15T12:34:30.400+0000] {processor.py:743} INFO - Processing file /home/airflow/.local/lib/python3.10/site-packages/airflow/example_dags/example_sensors.py for tasks to queue
[2023-01-15T12:34:30.401+0000] {logging_mixin.py:137} INFO - [2023-01-15T12:34:30.401+0000] {dagbag.py:538} INFO - Filling up the DagBag from /home/airflow/.local/lib/python3.10/site-packages/airflow/example_dags/example_sensors.py
[2023-01-15T12:34:30.435+0000] {processor.py:753} INFO - DAG(s) dict_keys(['example_sensors']) retrieved from /home/airflow/.local/lib/python3.10/site-packages/airflow/example_dags/example_sensors.py
[2023-01-15T12:34:30.504+0000] {logging_mixin.py:137} INFO - [2023-01-15T12:34:30.504+0000] {dag.py:2676} INFO - Sync 1 DAGs
[2023-01-15T12:34:30.549+0000] {logging_mixin.py:137} INFO - [2023-01-15T12:34:30.549+0000] {dag.py:3423} INFO - Setting next_dagrun for example_sensors to None, run_after=None
[2023-01-15T12:34:30.588+0000] {processor.py:175} INFO - Processing /home/airflow/.local/lib/python3.10/site-packages/airflow/example_dags/example_sensors.py took 0.194 seconds
[2023-01-15T12:35:01.759+0000] {processor.py:153} INFO - Started process (PID=321) to work on /home/airflow/.local/lib/python3.10/site-packages/airflow/example_dags/example_sensors.py
[2023-01-15T12:35:01.760+0000] {processor.py:743} INFO - Processing file /home/airflow/.local/lib/python3.10/site-packages/airflow/example_dags/example_sensors.py for tasks to queue
[2023-01-15T12:35:01.761+0000] {logging_mixin.py:137} INFO - [2023-01-15T12:35:01.761+0000] {dagbag.py:538} INFO - Filling up the DagBag from /home/airflow/.local/lib/python3.10/site-packages/airflow/example_dags/example_sensors.py
[2023-01-15T12:35:01.797+0000] {processor.py:753} INFO - DAG(s) dict_keys(['example_sensors']) retrieved from /home/airflow/.local/lib/python3.10/site-packages/airflow/example_dags/example_sensors.py
[2023-01-15T12:35:01.910+0000] {logging_mixin.py:137} INFO - [2023-01-15T12:35:01.909+0000] {dag.py:2676} INFO - Sync 1 DAGs
[2023-01-15T12:35:01.963+0000] {logging_mixin.py:137} INFO - [2023-01-15T12:35:01.963+0000] {dag.py:3423} INFO - Setting next_dagrun for example_sensors to None, run_after=None
[2023-01-15T12:35:01.999+0000] {processor.py:175} INFO - Processing /home/airflow/.local/lib/python3.10/site-packages/airflow/example_dags/example_sensors.py took 0.247 seconds
[2023-01-15T12:35:32.483+0000] {processor.py:153} INFO - Started process (PID=386) to work on /home/airflow/.local/lib/python3.10/site-packages/airflow/example_dags/example_sensors.py
[2023-01-15T12:35:32.484+0000] {processor.py:743} INFO - Processing file /home/airflow/.local/lib/python3.10/site-packages/airflow/example_dags/example_sensors.py for tasks to queue
[2023-01-15T12:35:32.485+0000] {logging_mixin.py:137} INFO - [2023-01-15T12:35:32.484+0000] {dagbag.py:538} INFO - Filling up the DagBag from /home/airflow/.local/lib/python3.10/site-packages/airflow/example_dags/example_sensors.py
[2023-01-15T12:35:32.514+0000] {processor.py:753} INFO - DAG(s) dict_keys(['example_sensors']) retrieved from /home/airflow/.local/lib/python3.10/site-packages/airflow/example_dags/example_sensors.py
[2023-01-15T12:35:32.578+0000] {logging_mixin.py:137} INFO - [2023-01-15T12:35:32.578+0000] {dag.py:2676} INFO - Sync 1 DAGs
[2023-01-15T12:35:32.605+0000] {logging_mixin.py:137} INFO - [2023-01-15T12:35:32.604+0000] {dag.py:3423} INFO - Setting next_dagrun for example_sensors to None, run_after=None
[2023-01-15T12:35:32.625+0000] {processor.py:175} INFO - Processing /home/airflow/.local/lib/python3.10/site-packages/airflow/example_dags/example_sensors.py took 0.147 seconds
[2023-01-15T12:35:58.649+0000] {processor.py:153} INFO - Started process (PID=53) to work on /home/airflow/.local/lib/python3.10/site-packages/airflow/example_dags/example_sensors.py
[2023-01-15T12:35:58.651+0000] {processor.py:743} INFO - Processing file /home/airflow/.local/lib/python3.10/site-packages/airflow/example_dags/example_sensors.py for tasks to queue
[2023-01-15T12:35:58.652+0000] {logging_mixin.py:137} INFO - [2023-01-15T12:35:58.652+0000] {dagbag.py:538} INFO - Filling up the DagBag from /home/airflow/.local/lib/python3.10/site-packages/airflow/example_dags/example_sensors.py
[2023-01-15T12:35:58.694+0000] {processor.py:753} INFO - DAG(s) dict_keys(['example_sensors']) retrieved from /home/airflow/.local/lib/python3.10/site-packages/airflow/example_dags/example_sensors.py
[2023-01-15T12:35:58.747+0000] {logging_mixin.py:137} INFO - [2023-01-15T12:35:58.746+0000] {dag.py:2676} INFO - Sync 1 DAGs
[2023-01-15T12:35:58.816+0000] {logging_mixin.py:137} INFO - [2023-01-15T12:35:58.816+0000] {dag.py:3423} INFO - Setting next_dagrun for example_sensors to None, run_after=None
[2023-01-15T12:35:58.875+0000] {processor.py:175} INFO - Processing /home/airflow/.local/lib/python3.10/site-packages/airflow/example_dags/example_sensors.py took 0.233 seconds
[2023-01-15T12:36:29.790+0000] {processor.py:153} INFO - Started process (PID=119) to work on /home/airflow/.local/lib/python3.10/site-packages/airflow/example_dags/example_sensors.py
[2023-01-15T12:36:29.791+0000] {processor.py:743} INFO - Processing file /home/airflow/.local/lib/python3.10/site-packages/airflow/example_dags/example_sensors.py for tasks to queue
[2023-01-15T12:36:29.791+0000] {logging_mixin.py:137} INFO - [2023-01-15T12:36:29.791+0000] {dagbag.py:538} INFO - Filling up the DagBag from /home/airflow/.local/lib/python3.10/site-packages/airflow/example_dags/example_sensors.py
[2023-01-15T12:36:29.816+0000] {processor.py:753} INFO - DAG(s) dict_keys(['example_sensors']) retrieved from /home/airflow/.local/lib/python3.10/site-packages/airflow/example_dags/example_sensors.py
[2023-01-15T12:36:29.856+0000] {logging_mixin.py:137} INFO - [2023-01-15T12:36:29.856+0000] {dag.py:2676} INFO - Sync 1 DAGs
[2023-01-15T12:36:30.041+0000] {logging_mixin.py:137} INFO - [2023-01-15T12:36:30.040+0000] {dag.py:3423} INFO - Setting next_dagrun for example_sensors to None, run_after=None
[2023-01-15T12:36:30.067+0000] {processor.py:175} INFO - Processing /home/airflow/.local/lib/python3.10/site-packages/airflow/example_dags/example_sensors.py took 0.281 seconds
[2023-01-15T12:37:02.202+0000] {processor.py:153} INFO - Started process (PID=185) to work on /home/airflow/.local/lib/python3.10/site-packages/airflow/example_dags/example_sensors.py
[2023-01-15T12:37:02.204+0000] {processor.py:743} INFO - Processing file /home/airflow/.local/lib/python3.10/site-packages/airflow/example_dags/example_sensors.py for tasks to queue
[2023-01-15T12:37:02.206+0000] {logging_mixin.py:137} INFO - [2023-01-15T12:37:02.205+0000] {dagbag.py:538} INFO - Filling up the DagBag from /home/airflow/.local/lib/python3.10/site-packages/airflow/example_dags/example_sensors.py
[2023-01-15T12:37:02.266+0000] {processor.py:753} INFO - DAG(s) dict_keys(['example_sensors']) retrieved from /home/airflow/.local/lib/python3.10/site-packages/airflow/example_dags/example_sensors.py
[2023-01-15T12:37:02.373+0000] {logging_mixin.py:137} INFO - [2023-01-15T12:37:02.373+0000] {dag.py:2676} INFO - Sync 1 DAGs
[2023-01-15T12:37:02.726+0000] {logging_mixin.py:137} INFO - [2023-01-15T12:37:02.726+0000] {dag.py:3423} INFO - Setting next_dagrun for example_sensors to None, run_after=None
[2023-01-15T12:37:02.759+0000] {processor.py:175} INFO - Processing /home/airflow/.local/lib/python3.10/site-packages/airflow/example_dags/example_sensors.py took 0.564 seconds
[2023-01-15T12:37:33.229+0000] {processor.py:153} INFO - Started process (PID=251) to work on /home/airflow/.local/lib/python3.10/site-packages/airflow/example_dags/example_sensors.py
[2023-01-15T12:37:33.232+0000] {processor.py:743} INFO - Processing file /home/airflow/.local/lib/python3.10/site-packages/airflow/example_dags/example_sensors.py for tasks to queue
[2023-01-15T12:37:33.233+0000] {logging_mixin.py:137} INFO - [2023-01-15T12:37:33.233+0000] {dagbag.py:538} INFO - Filling up the DagBag from /home/airflow/.local/lib/python3.10/site-packages/airflow/example_dags/example_sensors.py
[2023-01-15T12:37:33.250+0000] {processor.py:753} INFO - DAG(s) dict_keys(['example_sensors']) retrieved from /home/airflow/.local/lib/python3.10/site-packages/airflow/example_dags/example_sensors.py
[2023-01-15T12:37:33.404+0000] {logging_mixin.py:137} INFO - [2023-01-15T12:37:33.404+0000] {dag.py:2676} INFO - Sync 1 DAGs
[2023-01-15T12:37:33.420+0000] {logging_mixin.py:137} INFO - [2023-01-15T12:37:33.420+0000] {dag.py:3423} INFO - Setting next_dagrun for example_sensors to None, run_after=None
[2023-01-15T12:37:33.445+0000] {processor.py:175} INFO - Processing /home/airflow/.local/lib/python3.10/site-packages/airflow/example_dags/example_sensors.py took 0.219 seconds
[2023-01-15T12:38:03.906+0000] {processor.py:153} INFO - Started process (PID=317) to work on /home/airflow/.local/lib/python3.10/site-packages/airflow/example_dags/example_sensors.py
[2023-01-15T12:38:03.909+0000] {processor.py:743} INFO - Processing file /home/airflow/.local/lib/python3.10/site-packages/airflow/example_dags/example_sensors.py for tasks to queue
[2023-01-15T12:38:03.910+0000] {logging_mixin.py:137} INFO - [2023-01-15T12:38:03.910+0000] {dagbag.py:538} INFO - Filling up the DagBag from /home/airflow/.local/lib/python3.10/site-packages/airflow/example_dags/example_sensors.py
[2023-01-15T12:38:03.929+0000] {processor.py:753} INFO - DAG(s) dict_keys(['example_sensors']) retrieved from /home/airflow/.local/lib/python3.10/site-packages/airflow/example_dags/example_sensors.py
[2023-01-15T12:38:04.115+0000] {logging_mixin.py:137} INFO - [2023-01-15T12:38:04.115+0000] {dag.py:2676} INFO - Sync 1 DAGs
[2023-01-15T12:38:04.135+0000] {logging_mixin.py:137} INFO - [2023-01-15T12:38:04.134+0000] {dag.py:3423} INFO - Setting next_dagrun for example_sensors to None, run_after=None
[2023-01-15T12:38:04.161+0000] {processor.py:175} INFO - Processing /home/airflow/.local/lib/python3.10/site-packages/airflow/example_dags/example_sensors.py took 0.258 seconds
[2023-01-15T12:38:34.961+0000] {processor.py:153} INFO - Started process (PID=390) to work on /home/airflow/.local/lib/python3.10/site-packages/airflow/example_dags/example_sensors.py
[2023-01-15T12:38:34.963+0000] {processor.py:743} INFO - Processing file /home/airflow/.local/lib/python3.10/site-packages/airflow/example_dags/example_sensors.py for tasks to queue
[2023-01-15T12:38:34.966+0000] {logging_mixin.py:137} INFO - [2023-01-15T12:38:34.965+0000] {dagbag.py:538} INFO - Filling up the DagBag from /home/airflow/.local/lib/python3.10/site-packages/airflow/example_dags/example_sensors.py
[2023-01-15T12:38:35.003+0000] {processor.py:753} INFO - DAG(s) dict_keys(['example_sensors']) retrieved from /home/airflow/.local/lib/python3.10/site-packages/airflow/example_dags/example_sensors.py
[2023-01-15T12:38:35.259+0000] {logging_mixin.py:137} INFO - [2023-01-15T12:38:35.258+0000] {dag.py:2676} INFO - Sync 1 DAGs
[2023-01-15T12:38:35.290+0000] {logging_mixin.py:137} INFO - [2023-01-15T12:38:35.290+0000] {dag.py:3423} INFO - Setting next_dagrun for example_sensors to None, run_after=None
[2023-01-15T12:38:35.329+0000] {processor.py:175} INFO - Processing /home/airflow/.local/lib/python3.10/site-packages/airflow/example_dags/example_sensors.py took 0.374 seconds
[2023-01-15T12:39:06.074+0000] {processor.py:153} INFO - Started process (PID=463) to work on /home/airflow/.local/lib/python3.10/site-packages/airflow/example_dags/example_sensors.py
[2023-01-15T12:39:06.075+0000] {processor.py:743} INFO - Processing file /home/airflow/.local/lib/python3.10/site-packages/airflow/example_dags/example_sensors.py for tasks to queue
[2023-01-15T12:39:06.076+0000] {logging_mixin.py:137} INFO - [2023-01-15T12:39:06.076+0000] {dagbag.py:538} INFO - Filling up the DagBag from /home/airflow/.local/lib/python3.10/site-packages/airflow/example_dags/example_sensors.py
[2023-01-15T12:39:06.228+0000] {processor.py:753} INFO - DAG(s) dict_keys(['example_sensors']) retrieved from /home/airflow/.local/lib/python3.10/site-packages/airflow/example_dags/example_sensors.py
[2023-01-15T12:39:06.265+0000] {logging_mixin.py:137} INFO - [2023-01-15T12:39:06.265+0000] {dag.py:2676} INFO - Sync 1 DAGs
[2023-01-15T12:39:06.287+0000] {logging_mixin.py:137} INFO - [2023-01-15T12:39:06.287+0000] {dag.py:3423} INFO - Setting next_dagrun for example_sensors to None, run_after=None
[2023-01-15T12:39:06.306+0000] {processor.py:175} INFO - Processing /home/airflow/.local/lib/python3.10/site-packages/airflow/example_dags/example_sensors.py took 0.234 seconds
