[2023-01-15T12:33:00.538+0000] {processor.py:153} INFO - Started process (PID=65) to work on /home/airflow/.local/lib/python3.10/site-packages/airflow/example_dags/example_latest_only.py
[2023-01-15T12:33:00.539+0000] {processor.py:743} INFO - Processing file /home/airflow/.local/lib/python3.10/site-packages/airflow/example_dags/example_latest_only.py for tasks to queue
[2023-01-15T12:33:00.540+0000] {logging_mixin.py:137} INFO - [2023-01-15T12:33:00.540+0000] {dagbag.py:538} INFO - Filling up the DagBag from /home/airflow/.local/lib/python3.10/site-packages/airflow/example_dags/example_latest_only.py
[2023-01-15T12:33:00.563+0000] {processor.py:753} INFO - DAG(s) dict_keys(['latest_only']) retrieved from /home/airflow/.local/lib/python3.10/site-packages/airflow/example_dags/example_latest_only.py
[2023-01-15T12:33:00.783+0000] {logging_mixin.py:137} INFO - [2023-01-15T12:33:00.782+0000] {dag.py:2676} INFO - Sync 1 DAGs
[2023-01-15T12:33:00.810+0000] {logging_mixin.py:137} INFO - [2023-01-15T12:33:00.809+0000] {dag.py:3423} INFO - Setting next_dagrun for latest_only to 2023-01-15T08:33:00.809511+00:00, run_after=2023-01-15T12:33:00.809511+00:00
[2023-01-15T12:33:00.835+0000] {processor.py:175} INFO - Processing /home/airflow/.local/lib/python3.10/site-packages/airflow/example_dags/example_latest_only.py took 0.301 seconds
[2023-01-15T12:33:31.609+0000] {processor.py:153} INFO - Started process (PID=131) to work on /home/airflow/.local/lib/python3.10/site-packages/airflow/example_dags/example_latest_only.py
[2023-01-15T12:33:31.610+0000] {processor.py:743} INFO - Processing file /home/airflow/.local/lib/python3.10/site-packages/airflow/example_dags/example_latest_only.py for tasks to queue
[2023-01-15T12:33:31.611+0000] {logging_mixin.py:137} INFO - [2023-01-15T12:33:31.611+0000] {dagbag.py:538} INFO - Filling up the DagBag from /home/airflow/.local/lib/python3.10/site-packages/airflow/example_dags/example_latest_only.py
[2023-01-15T12:33:31.768+0000] {processor.py:753} INFO - DAG(s) dict_keys(['latest_only']) retrieved from /home/airflow/.local/lib/python3.10/site-packages/airflow/example_dags/example_latest_only.py
[2023-01-15T12:33:31.798+0000] {logging_mixin.py:137} INFO - [2023-01-15T12:33:31.798+0000] {dag.py:2676} INFO - Sync 1 DAGs
[2023-01-15T12:33:31.818+0000] {logging_mixin.py:137} INFO - [2023-01-15T12:33:31.817+0000] {dag.py:3423} INFO - Setting next_dagrun for latest_only to 2023-01-15T08:33:31.817707+00:00, run_after=2023-01-15T12:33:31.817707+00:00
[2023-01-15T12:33:31.845+0000] {processor.py:175} INFO - Processing /home/airflow/.local/lib/python3.10/site-packages/airflow/example_dags/example_latest_only.py took 0.238 seconds
[2023-01-15T12:34:02.132+0000] {processor.py:153} INFO - Started process (PID=204) to work on /home/airflow/.local/lib/python3.10/site-packages/airflow/example_dags/example_latest_only.py
[2023-01-15T12:34:02.134+0000] {processor.py:743} INFO - Processing file /home/airflow/.local/lib/python3.10/site-packages/airflow/example_dags/example_latest_only.py for tasks to queue
[2023-01-15T12:34:02.135+0000] {logging_mixin.py:137} INFO - [2023-01-15T12:34:02.135+0000] {dagbag.py:538} INFO - Filling up the DagBag from /home/airflow/.local/lib/python3.10/site-packages/airflow/example_dags/example_latest_only.py
[2023-01-15T12:34:02.168+0000] {processor.py:753} INFO - DAG(s) dict_keys(['latest_only']) retrieved from /home/airflow/.local/lib/python3.10/site-packages/airflow/example_dags/example_latest_only.py
[2023-01-15T12:34:02.277+0000] {logging_mixin.py:137} INFO - [2023-01-15T12:34:02.277+0000] {dag.py:2676} INFO - Sync 1 DAGs
[2023-01-15T12:34:02.341+0000] {logging_mixin.py:137} INFO - [2023-01-15T12:34:02.340+0000] {dag.py:3423} INFO - Setting next_dagrun for latest_only to 2023-01-15T08:34:02.340143+00:00, run_after=2023-01-15T12:34:02.340143+00:00
[2023-01-15T12:34:02.396+0000] {processor.py:175} INFO - Processing /home/airflow/.local/lib/python3.10/site-packages/airflow/example_dags/example_latest_only.py took 0.271 seconds
[2023-01-15T12:34:33.323+0000] {processor.py:153} INFO - Started process (PID=268) to work on /home/airflow/.local/lib/python3.10/site-packages/airflow/example_dags/example_latest_only.py
[2023-01-15T12:34:33.334+0000] {processor.py:743} INFO - Processing file /home/airflow/.local/lib/python3.10/site-packages/airflow/example_dags/example_latest_only.py for tasks to queue
[2023-01-15T12:34:33.337+0000] {logging_mixin.py:137} INFO - [2023-01-15T12:34:33.336+0000] {dagbag.py:538} INFO - Filling up the DagBag from /home/airflow/.local/lib/python3.10/site-packages/airflow/example_dags/example_latest_only.py
[2023-01-15T12:34:33.393+0000] {processor.py:753} INFO - DAG(s) dict_keys(['latest_only']) retrieved from /home/airflow/.local/lib/python3.10/site-packages/airflow/example_dags/example_latest_only.py
[2023-01-15T12:34:33.548+0000] {logging_mixin.py:137} INFO - [2023-01-15T12:34:33.548+0000] {dag.py:2676} INFO - Sync 1 DAGs
[2023-01-15T12:34:33.648+0000] {logging_mixin.py:137} INFO - [2023-01-15T12:34:33.647+0000] {dag.py:3423} INFO - Setting next_dagrun for latest_only to 2023-01-15T08:34:33.646116+00:00, run_after=2023-01-15T12:34:33.646116+00:00
[2023-01-15T12:34:33.724+0000] {processor.py:175} INFO - Processing /home/airflow/.local/lib/python3.10/site-packages/airflow/example_dags/example_latest_only.py took 0.410 seconds
[2023-01-15T12:35:04.098+0000] {processor.py:153} INFO - Started process (PID=340) to work on /home/airflow/.local/lib/python3.10/site-packages/airflow/example_dags/example_latest_only.py
[2023-01-15T12:35:04.100+0000] {processor.py:743} INFO - Processing file /home/airflow/.local/lib/python3.10/site-packages/airflow/example_dags/example_latest_only.py for tasks to queue
[2023-01-15T12:35:04.102+0000] {logging_mixin.py:137} INFO - [2023-01-15T12:35:04.101+0000] {dagbag.py:538} INFO - Filling up the DagBag from /home/airflow/.local/lib/python3.10/site-packages/airflow/example_dags/example_latest_only.py
[2023-01-15T12:35:04.139+0000] {processor.py:753} INFO - DAG(s) dict_keys(['latest_only']) retrieved from /home/airflow/.local/lib/python3.10/site-packages/airflow/example_dags/example_latest_only.py
[2023-01-15T12:35:04.242+0000] {logging_mixin.py:137} INFO - [2023-01-15T12:35:04.241+0000] {dag.py:2676} INFO - Sync 1 DAGs
[2023-01-15T12:35:04.344+0000] {logging_mixin.py:137} INFO - [2023-01-15T12:35:04.330+0000] {dag.py:3423} INFO - Setting next_dagrun for latest_only to 2023-01-15T08:35:04.329720+00:00, run_after=2023-01-15T12:35:04.329720+00:00
[2023-01-15T12:35:04.418+0000] {processor.py:175} INFO - Processing /home/airflow/.local/lib/python3.10/site-packages/airflow/example_dags/example_latest_only.py took 0.328 seconds
[2023-01-15T12:35:35.030+0000] {processor.py:153} INFO - Started process (PID=405) to work on /home/airflow/.local/lib/python3.10/site-packages/airflow/example_dags/example_latest_only.py
[2023-01-15T12:35:35.031+0000] {processor.py:743} INFO - Processing file /home/airflow/.local/lib/python3.10/site-packages/airflow/example_dags/example_latest_only.py for tasks to queue
[2023-01-15T12:35:35.032+0000] {logging_mixin.py:137} INFO - [2023-01-15T12:35:35.032+0000] {dagbag.py:538} INFO - Filling up the DagBag from /home/airflow/.local/lib/python3.10/site-packages/airflow/example_dags/example_latest_only.py
[2023-01-15T12:35:35.057+0000] {processor.py:753} INFO - DAG(s) dict_keys(['latest_only']) retrieved from /home/airflow/.local/lib/python3.10/site-packages/airflow/example_dags/example_latest_only.py
[2023-01-15T12:35:35.134+0000] {logging_mixin.py:137} INFO - [2023-01-15T12:35:35.134+0000] {dag.py:2676} INFO - Sync 1 DAGs
[2023-01-15T12:35:35.181+0000] {logging_mixin.py:137} INFO - [2023-01-15T12:35:35.181+0000] {dag.py:3423} INFO - Setting next_dagrun for latest_only to 2023-01-15T08:35:35.181188+00:00, run_after=2023-01-15T12:35:35.181188+00:00
[2023-01-15T12:35:35.213+0000] {processor.py:175} INFO - Processing /home/airflow/.local/lib/python3.10/site-packages/airflow/example_dags/example_latest_only.py took 0.189 seconds
[2023-01-15T12:36:00.814+0000] {processor.py:153} INFO - Started process (PID=65) to work on /home/airflow/.local/lib/python3.10/site-packages/airflow/example_dags/example_latest_only.py
[2023-01-15T12:36:00.827+0000] {processor.py:743} INFO - Processing file /home/airflow/.local/lib/python3.10/site-packages/airflow/example_dags/example_latest_only.py for tasks to queue
[2023-01-15T12:36:00.828+0000] {logging_mixin.py:137} INFO - [2023-01-15T12:36:00.828+0000] {dagbag.py:538} INFO - Filling up the DagBag from /home/airflow/.local/lib/python3.10/site-packages/airflow/example_dags/example_latest_only.py
[2023-01-15T12:36:00.860+0000] {processor.py:753} INFO - DAG(s) dict_keys(['latest_only']) retrieved from /home/airflow/.local/lib/python3.10/site-packages/airflow/example_dags/example_latest_only.py
[2023-01-15T12:36:00.936+0000] {logging_mixin.py:137} INFO - [2023-01-15T12:36:00.936+0000] {dag.py:2676} INFO - Sync 1 DAGs
[2023-01-15T12:36:00.990+0000] {logging_mixin.py:137} INFO - [2023-01-15T12:36:00.989+0000] {dag.py:3423} INFO - Setting next_dagrun for latest_only to 2023-01-15T08:36:00.989518+00:00, run_after=2023-01-15T12:36:00.989518+00:00
[2023-01-15T12:36:01.023+0000] {processor.py:175} INFO - Processing /home/airflow/.local/lib/python3.10/site-packages/airflow/example_dags/example_latest_only.py took 0.215 seconds
[2023-01-15T12:36:31.690+0000] {processor.py:153} INFO - Started process (PID=131) to work on /home/airflow/.local/lib/python3.10/site-packages/airflow/example_dags/example_latest_only.py
[2023-01-15T12:36:31.691+0000] {processor.py:743} INFO - Processing file /home/airflow/.local/lib/python3.10/site-packages/airflow/example_dags/example_latest_only.py for tasks to queue
[2023-01-15T12:36:31.691+0000] {logging_mixin.py:137} INFO - [2023-01-15T12:36:31.691+0000] {dagbag.py:538} INFO - Filling up the DagBag from /home/airflow/.local/lib/python3.10/site-packages/airflow/example_dags/example_latest_only.py
[2023-01-15T12:36:31.706+0000] {processor.py:753} INFO - DAG(s) dict_keys(['latest_only']) retrieved from /home/airflow/.local/lib/python3.10/site-packages/airflow/example_dags/example_latest_only.py
[2023-01-15T12:36:31.745+0000] {logging_mixin.py:137} INFO - [2023-01-15T12:36:31.744+0000] {dag.py:2676} INFO - Sync 1 DAGs
[2023-01-15T12:36:31.764+0000] {logging_mixin.py:137} INFO - [2023-01-15T12:36:31.764+0000] {dag.py:3423} INFO - Setting next_dagrun for latest_only to 2023-01-15T08:36:31.764372+00:00, run_after=2023-01-15T12:36:31.764372+00:00
[2023-01-15T12:36:31.932+0000] {processor.py:175} INFO - Processing /home/airflow/.local/lib/python3.10/site-packages/airflow/example_dags/example_latest_only.py took 0.245 seconds
[2023-01-15T12:37:04.779+0000] {processor.py:153} INFO - Started process (PID=197) to work on /home/airflow/.local/lib/python3.10/site-packages/airflow/example_dags/example_latest_only.py
[2023-01-15T12:37:04.780+0000] {processor.py:743} INFO - Processing file /home/airflow/.local/lib/python3.10/site-packages/airflow/example_dags/example_latest_only.py for tasks to queue
[2023-01-15T12:37:04.781+0000] {logging_mixin.py:137} INFO - [2023-01-15T12:37:04.781+0000] {dagbag.py:538} INFO - Filling up the DagBag from /home/airflow/.local/lib/python3.10/site-packages/airflow/example_dags/example_latest_only.py
[2023-01-15T12:37:04.812+0000] {processor.py:753} INFO - DAG(s) dict_keys(['latest_only']) retrieved from /home/airflow/.local/lib/python3.10/site-packages/airflow/example_dags/example_latest_only.py
[2023-01-15T12:37:04.873+0000] {logging_mixin.py:137} INFO - [2023-01-15T12:37:04.873+0000] {dag.py:2676} INFO - Sync 1 DAGs
[2023-01-15T12:37:05.153+0000] {logging_mixin.py:137} INFO - [2023-01-15T12:37:05.153+0000] {dag.py:3423} INFO - Setting next_dagrun for latest_only to 2023-01-15T08:37:05.152813+00:00, run_after=2023-01-15T12:37:05.152813+00:00
[2023-01-15T12:37:05.187+0000] {processor.py:175} INFO - Processing /home/airflow/.local/lib/python3.10/site-packages/airflow/example_dags/example_latest_only.py took 0.417 seconds
[2023-01-15T12:37:35.331+0000] {processor.py:153} INFO - Started process (PID=263) to work on /home/airflow/.local/lib/python3.10/site-packages/airflow/example_dags/example_latest_only.py
[2023-01-15T12:37:35.333+0000] {processor.py:743} INFO - Processing file /home/airflow/.local/lib/python3.10/site-packages/airflow/example_dags/example_latest_only.py for tasks to queue
[2023-01-15T12:37:35.334+0000] {logging_mixin.py:137} INFO - [2023-01-15T12:37:35.333+0000] {dagbag.py:538} INFO - Filling up the DagBag from /home/airflow/.local/lib/python3.10/site-packages/airflow/example_dags/example_latest_only.py
[2023-01-15T12:37:35.351+0000] {processor.py:753} INFO - DAG(s) dict_keys(['latest_only']) retrieved from /home/airflow/.local/lib/python3.10/site-packages/airflow/example_dags/example_latest_only.py
[2023-01-15T12:37:35.401+0000] {logging_mixin.py:137} INFO - [2023-01-15T12:37:35.401+0000] {dag.py:2676} INFO - Sync 1 DAGs
[2023-01-15T12:37:35.543+0000] {logging_mixin.py:137} INFO - [2023-01-15T12:37:35.543+0000] {dag.py:3423} INFO - Setting next_dagrun for latest_only to 2023-01-15T08:37:35.543490+00:00, run_after=2023-01-15T12:37:35.543490+00:00
[2023-01-15T12:37:35.556+0000] {processor.py:175} INFO - Processing /home/airflow/.local/lib/python3.10/site-packages/airflow/example_dags/example_latest_only.py took 0.228 seconds
[2023-01-15T12:38:05.906+0000] {processor.py:153} INFO - Started process (PID=329) to work on /home/airflow/.local/lib/python3.10/site-packages/airflow/example_dags/example_latest_only.py
[2023-01-15T12:38:05.907+0000] {processor.py:743} INFO - Processing file /home/airflow/.local/lib/python3.10/site-packages/airflow/example_dags/example_latest_only.py for tasks to queue
[2023-01-15T12:38:05.908+0000] {logging_mixin.py:137} INFO - [2023-01-15T12:38:05.908+0000] {dagbag.py:538} INFO - Filling up the DagBag from /home/airflow/.local/lib/python3.10/site-packages/airflow/example_dags/example_latest_only.py
[2023-01-15T12:38:05.924+0000] {processor.py:753} INFO - DAG(s) dict_keys(['latest_only']) retrieved from /home/airflow/.local/lib/python3.10/site-packages/airflow/example_dags/example_latest_only.py
[2023-01-15T12:38:06.105+0000] {logging_mixin.py:137} INFO - [2023-01-15T12:38:06.105+0000] {dag.py:2676} INFO - Sync 1 DAGs
[2023-01-15T12:38:06.125+0000] {logging_mixin.py:137} INFO - [2023-01-15T12:38:06.125+0000] {dag.py:3423} INFO - Setting next_dagrun for latest_only to 2023-01-15T08:38:06.125077+00:00, run_after=2023-01-15T12:38:06.125077+00:00
[2023-01-15T12:38:06.141+0000] {processor.py:175} INFO - Processing /home/airflow/.local/lib/python3.10/site-packages/airflow/example_dags/example_latest_only.py took 0.238 seconds
[2023-01-15T12:38:37.527+0000] {processor.py:153} INFO - Started process (PID=409) to work on /home/airflow/.local/lib/python3.10/site-packages/airflow/example_dags/example_latest_only.py
[2023-01-15T12:38:37.528+0000] {processor.py:743} INFO - Processing file /home/airflow/.local/lib/python3.10/site-packages/airflow/example_dags/example_latest_only.py for tasks to queue
[2023-01-15T12:38:37.528+0000] {logging_mixin.py:137} INFO - [2023-01-15T12:38:37.528+0000] {dagbag.py:538} INFO - Filling up the DagBag from /home/airflow/.local/lib/python3.10/site-packages/airflow/example_dags/example_latest_only.py
[2023-01-15T12:38:37.543+0000] {processor.py:753} INFO - DAG(s) dict_keys(['latest_only']) retrieved from /home/airflow/.local/lib/python3.10/site-packages/airflow/example_dags/example_latest_only.py
[2023-01-15T12:38:37.712+0000] {logging_mixin.py:137} INFO - [2023-01-15T12:38:37.712+0000] {dag.py:2676} INFO - Sync 1 DAGs
[2023-01-15T12:38:37.736+0000] {logging_mixin.py:137} INFO - [2023-01-15T12:38:37.735+0000] {dag.py:3423} INFO - Setting next_dagrun for latest_only to 2023-01-15T08:38:37.735517+00:00, run_after=2023-01-15T12:38:37.735517+00:00
[2023-01-15T12:38:37.762+0000] {processor.py:175} INFO - Processing /home/airflow/.local/lib/python3.10/site-packages/airflow/example_dags/example_latest_only.py took 0.238 seconds
[2023-01-15T12:39:08.870+0000] {processor.py:153} INFO - Started process (PID=475) to work on /home/airflow/.local/lib/python3.10/site-packages/airflow/example_dags/example_latest_only.py
[2023-01-15T12:39:08.871+0000] {processor.py:743} INFO - Processing file /home/airflow/.local/lib/python3.10/site-packages/airflow/example_dags/example_latest_only.py for tasks to queue
[2023-01-15T12:39:08.871+0000] {logging_mixin.py:137} INFO - [2023-01-15T12:39:08.871+0000] {dagbag.py:538} INFO - Filling up the DagBag from /home/airflow/.local/lib/python3.10/site-packages/airflow/example_dags/example_latest_only.py
[2023-01-15T12:39:09.023+0000] {processor.py:753} INFO - DAG(s) dict_keys(['latest_only']) retrieved from /home/airflow/.local/lib/python3.10/site-packages/airflow/example_dags/example_latest_only.py
[2023-01-15T12:39:09.057+0000] {logging_mixin.py:137} INFO - [2023-01-15T12:39:09.057+0000] {dag.py:2676} INFO - Sync 1 DAGs
[2023-01-15T12:39:09.083+0000] {logging_mixin.py:137} INFO - [2023-01-15T12:39:09.082+0000] {dag.py:3423} INFO - Setting next_dagrun for latest_only to 2023-01-15T08:39:09.082606+00:00, run_after=2023-01-15T12:39:09.082606+00:00
[2023-01-15T12:39:09.101+0000] {processor.py:175} INFO - Processing /home/airflow/.local/lib/python3.10/site-packages/airflow/example_dags/example_latest_only.py took 0.234 seconds
