[2023-01-15T12:33:02.132+0000] {processor.py:153} INFO - Started process (PID=75) to work on /home/airflow/.local/lib/python3.10/site-packages/airflow/example_dags/example_complex.py
[2023-01-15T12:33:02.133+0000] {processor.py:743} INFO - Processing file /home/airflow/.local/lib/python3.10/site-packages/airflow/example_dags/example_complex.py for tasks to queue
[2023-01-15T12:33:02.134+0000] {logging_mixin.py:137} INFO - [2023-01-15T12:33:02.134+0000] {dagbag.py:538} INFO - Filling up the DagBag from /home/airflow/.local/lib/python3.10/site-packages/airflow/example_dags/example_complex.py
[2023-01-15T12:33:02.153+0000] {logging_mixin.py:137} INFO - [2023-01-15T12:33:02.153+0000] {taskmixin.py:205} WARNING - Dependency <Task(BashOperator): create_entry_group>, delete_entry_group already registered for DAG: example_complex
[2023-01-15T12:33:02.153+0000] {logging_mixin.py:137} INFO - [2023-01-15T12:33:02.153+0000] {taskmixin.py:205} WARNING - Dependency <Task(BashOperator): delete_entry_group>, create_entry_group already registered for DAG: example_complex
[2023-01-15T12:33:02.153+0000] {logging_mixin.py:137} INFO - [2023-01-15T12:33:02.153+0000] {taskmixin.py:205} WARNING - Dependency <Task(BashOperator): create_entry_gcs>, delete_entry already registered for DAG: example_complex
[2023-01-15T12:33:02.153+0000] {logging_mixin.py:137} INFO - [2023-01-15T12:33:02.153+0000] {taskmixin.py:205} WARNING - Dependency <Task(BashOperator): delete_entry>, create_entry_gcs already registered for DAG: example_complex
[2023-01-15T12:33:02.154+0000] {logging_mixin.py:137} INFO - [2023-01-15T12:33:02.154+0000] {taskmixin.py:205} WARNING - Dependency <Task(BashOperator): create_tag>, delete_tag already registered for DAG: example_complex
[2023-01-15T12:33:02.154+0000] {logging_mixin.py:137} INFO - [2023-01-15T12:33:02.154+0000] {taskmixin.py:205} WARNING - Dependency <Task(BashOperator): delete_tag>, create_tag already registered for DAG: example_complex
[2023-01-15T12:33:02.166+0000] {processor.py:753} INFO - DAG(s) dict_keys(['example_complex']) retrieved from /home/airflow/.local/lib/python3.10/site-packages/airflow/example_dags/example_complex.py
[2023-01-15T12:33:02.366+0000] {logging_mixin.py:137} INFO - [2023-01-15T12:33:02.366+0000] {dag.py:2676} INFO - Sync 1 DAGs
[2023-01-15T12:33:02.388+0000] {logging_mixin.py:137} INFO - [2023-01-15T12:33:02.388+0000] {dag.py:3423} INFO - Setting next_dagrun for example_complex to None, run_after=None
[2023-01-15T12:33:02.410+0000] {processor.py:175} INFO - Processing /home/airflow/.local/lib/python3.10/site-packages/airflow/example_dags/example_complex.py took 0.282 seconds
[2023-01-15T12:33:33.527+0000] {processor.py:153} INFO - Started process (PID=148) to work on /home/airflow/.local/lib/python3.10/site-packages/airflow/example_dags/example_complex.py
[2023-01-15T12:33:33.528+0000] {processor.py:743} INFO - Processing file /home/airflow/.local/lib/python3.10/site-packages/airflow/example_dags/example_complex.py for tasks to queue
[2023-01-15T12:33:33.529+0000] {logging_mixin.py:137} INFO - [2023-01-15T12:33:33.529+0000] {dagbag.py:538} INFO - Filling up the DagBag from /home/airflow/.local/lib/python3.10/site-packages/airflow/example_dags/example_complex.py
[2023-01-15T12:33:33.709+0000] {logging_mixin.py:137} INFO - [2023-01-15T12:33:33.708+0000] {taskmixin.py:205} WARNING - Dependency <Task(BashOperator): create_entry_group>, delete_entry_group already registered for DAG: example_complex
[2023-01-15T12:33:33.709+0000] {logging_mixin.py:137} INFO - [2023-01-15T12:33:33.709+0000] {taskmixin.py:205} WARNING - Dependency <Task(BashOperator): delete_entry_group>, create_entry_group already registered for DAG: example_complex
[2023-01-15T12:33:33.709+0000] {logging_mixin.py:137} INFO - [2023-01-15T12:33:33.709+0000] {taskmixin.py:205} WARNING - Dependency <Task(BashOperator): create_entry_gcs>, delete_entry already registered for DAG: example_complex
[2023-01-15T12:33:33.709+0000] {logging_mixin.py:137} INFO - [2023-01-15T12:33:33.709+0000] {taskmixin.py:205} WARNING - Dependency <Task(BashOperator): delete_entry>, create_entry_gcs already registered for DAG: example_complex
[2023-01-15T12:33:33.710+0000] {logging_mixin.py:137} INFO - [2023-01-15T12:33:33.710+0000] {taskmixin.py:205} WARNING - Dependency <Task(BashOperator): create_tag>, delete_tag already registered for DAG: example_complex
[2023-01-15T12:33:33.710+0000] {logging_mixin.py:137} INFO - [2023-01-15T12:33:33.710+0000] {taskmixin.py:205} WARNING - Dependency <Task(BashOperator): delete_tag>, create_tag already registered for DAG: example_complex
[2023-01-15T12:33:33.719+0000] {processor.py:753} INFO - DAG(s) dict_keys(['example_complex']) retrieved from /home/airflow/.local/lib/python3.10/site-packages/airflow/example_dags/example_complex.py
[2023-01-15T12:33:33.772+0000] {logging_mixin.py:137} INFO - [2023-01-15T12:33:33.772+0000] {dag.py:2676} INFO - Sync 1 DAGs
[2023-01-15T12:33:33.803+0000] {logging_mixin.py:137} INFO - [2023-01-15T12:33:33.803+0000] {dag.py:3423} INFO - Setting next_dagrun for example_complex to None, run_after=None
[2023-01-15T12:33:33.836+0000] {processor.py:175} INFO - Processing /home/airflow/.local/lib/python3.10/site-packages/airflow/example_dags/example_complex.py took 0.312 seconds
[2023-01-15T12:34:04.216+0000] {processor.py:153} INFO - Started process (PID=221) to work on /home/airflow/.local/lib/python3.10/site-packages/airflow/example_dags/example_complex.py
[2023-01-15T12:34:04.217+0000] {processor.py:743} INFO - Processing file /home/airflow/.local/lib/python3.10/site-packages/airflow/example_dags/example_complex.py for tasks to queue
[2023-01-15T12:34:04.217+0000] {logging_mixin.py:137} INFO - [2023-01-15T12:34:04.217+0000] {dagbag.py:538} INFO - Filling up the DagBag from /home/airflow/.local/lib/python3.10/site-packages/airflow/example_dags/example_complex.py
[2023-01-15T12:34:04.233+0000] {logging_mixin.py:137} INFO - [2023-01-15T12:34:04.233+0000] {taskmixin.py:205} WARNING - Dependency <Task(BashOperator): create_entry_group>, delete_entry_group already registered for DAG: example_complex
[2023-01-15T12:34:04.233+0000] {logging_mixin.py:137} INFO - [2023-01-15T12:34:04.233+0000] {taskmixin.py:205} WARNING - Dependency <Task(BashOperator): delete_entry_group>, create_entry_group already registered for DAG: example_complex
[2023-01-15T12:34:04.234+0000] {logging_mixin.py:137} INFO - [2023-01-15T12:34:04.234+0000] {taskmixin.py:205} WARNING - Dependency <Task(BashOperator): create_entry_gcs>, delete_entry already registered for DAG: example_complex
[2023-01-15T12:34:04.234+0000] {logging_mixin.py:137} INFO - [2023-01-15T12:34:04.234+0000] {taskmixin.py:205} WARNING - Dependency <Task(BashOperator): delete_entry>, create_entry_gcs already registered for DAG: example_complex
[2023-01-15T12:34:04.235+0000] {logging_mixin.py:137} INFO - [2023-01-15T12:34:04.235+0000] {taskmixin.py:205} WARNING - Dependency <Task(BashOperator): create_tag>, delete_tag already registered for DAG: example_complex
[2023-01-15T12:34:04.235+0000] {logging_mixin.py:137} INFO - [2023-01-15T12:34:04.235+0000] {taskmixin.py:205} WARNING - Dependency <Task(BashOperator): delete_tag>, create_tag already registered for DAG: example_complex
[2023-01-15T12:34:04.247+0000] {processor.py:753} INFO - DAG(s) dict_keys(['example_complex']) retrieved from /home/airflow/.local/lib/python3.10/site-packages/airflow/example_dags/example_complex.py
[2023-01-15T12:34:04.306+0000] {logging_mixin.py:137} INFO - [2023-01-15T12:34:04.306+0000] {dag.py:2676} INFO - Sync 1 DAGs
[2023-01-15T12:34:04.342+0000] {logging_mixin.py:137} INFO - [2023-01-15T12:34:04.341+0000] {dag.py:3423} INFO - Setting next_dagrun for example_complex to None, run_after=None
[2023-01-15T12:34:04.368+0000] {processor.py:175} INFO - Processing /home/airflow/.local/lib/python3.10/site-packages/airflow/example_dags/example_complex.py took 0.155 seconds
[2023-01-15T12:34:35.577+0000] {processor.py:153} INFO - Started process (PID=285) to work on /home/airflow/.local/lib/python3.10/site-packages/airflow/example_dags/example_complex.py
[2023-01-15T12:34:35.588+0000] {processor.py:743} INFO - Processing file /home/airflow/.local/lib/python3.10/site-packages/airflow/example_dags/example_complex.py for tasks to queue
[2023-01-15T12:34:35.590+0000] {logging_mixin.py:137} INFO - [2023-01-15T12:34:35.589+0000] {dagbag.py:538} INFO - Filling up the DagBag from /home/airflow/.local/lib/python3.10/site-packages/airflow/example_dags/example_complex.py
[2023-01-15T12:34:35.630+0000] {logging_mixin.py:137} INFO - [2023-01-15T12:34:35.629+0000] {taskmixin.py:205} WARNING - Dependency <Task(BashOperator): create_entry_group>, delete_entry_group already registered for DAG: example_complex
[2023-01-15T12:34:35.631+0000] {logging_mixin.py:137} INFO - [2023-01-15T12:34:35.630+0000] {taskmixin.py:205} WARNING - Dependency <Task(BashOperator): delete_entry_group>, create_entry_group already registered for DAG: example_complex
[2023-01-15T12:34:35.631+0000] {logging_mixin.py:137} INFO - [2023-01-15T12:34:35.631+0000] {taskmixin.py:205} WARNING - Dependency <Task(BashOperator): create_entry_gcs>, delete_entry already registered for DAG: example_complex
[2023-01-15T12:34:35.632+0000] {logging_mixin.py:137} INFO - [2023-01-15T12:34:35.632+0000] {taskmixin.py:205} WARNING - Dependency <Task(BashOperator): delete_entry>, create_entry_gcs already registered for DAG: example_complex
[2023-01-15T12:34:35.633+0000] {logging_mixin.py:137} INFO - [2023-01-15T12:34:35.633+0000] {taskmixin.py:205} WARNING - Dependency <Task(BashOperator): create_tag>, delete_tag already registered for DAG: example_complex
[2023-01-15T12:34:35.634+0000] {logging_mixin.py:137} INFO - [2023-01-15T12:34:35.634+0000] {taskmixin.py:205} WARNING - Dependency <Task(BashOperator): delete_tag>, create_tag already registered for DAG: example_complex
[2023-01-15T12:34:35.661+0000] {processor.py:753} INFO - DAG(s) dict_keys(['example_complex']) retrieved from /home/airflow/.local/lib/python3.10/site-packages/airflow/example_dags/example_complex.py
[2023-01-15T12:34:35.806+0000] {logging_mixin.py:137} INFO - [2023-01-15T12:34:35.806+0000] {dag.py:2676} INFO - Sync 1 DAGs
[2023-01-15T12:34:35.883+0000] {logging_mixin.py:137} INFO - [2023-01-15T12:34:35.883+0000] {dag.py:3423} INFO - Setting next_dagrun for example_complex to None, run_after=None
[2023-01-15T12:34:35.918+0000] {processor.py:175} INFO - Processing /home/airflow/.local/lib/python3.10/site-packages/airflow/example_dags/example_complex.py took 0.352 seconds
[2023-01-15T12:35:06.599+0000] {processor.py:153} INFO - Started process (PID=350) to work on /home/airflow/.local/lib/python3.10/site-packages/airflow/example_dags/example_complex.py
[2023-01-15T12:35:06.603+0000] {processor.py:743} INFO - Processing file /home/airflow/.local/lib/python3.10/site-packages/airflow/example_dags/example_complex.py for tasks to queue
[2023-01-15T12:35:06.605+0000] {logging_mixin.py:137} INFO - [2023-01-15T12:35:06.605+0000] {dagbag.py:538} INFO - Filling up the DagBag from /home/airflow/.local/lib/python3.10/site-packages/airflow/example_dags/example_complex.py
[2023-01-15T12:35:06.638+0000] {logging_mixin.py:137} INFO - [2023-01-15T12:35:06.637+0000] {taskmixin.py:205} WARNING - Dependency <Task(BashOperator): create_entry_group>, delete_entry_group already registered for DAG: example_complex
[2023-01-15T12:35:06.638+0000] {logging_mixin.py:137} INFO - [2023-01-15T12:35:06.638+0000] {taskmixin.py:205} WARNING - Dependency <Task(BashOperator): delete_entry_group>, create_entry_group already registered for DAG: example_complex
[2023-01-15T12:35:06.639+0000] {logging_mixin.py:137} INFO - [2023-01-15T12:35:06.639+0000] {taskmixin.py:205} WARNING - Dependency <Task(BashOperator): create_entry_gcs>, delete_entry already registered for DAG: example_complex
[2023-01-15T12:35:06.640+0000] {logging_mixin.py:137} INFO - [2023-01-15T12:35:06.640+0000] {taskmixin.py:205} WARNING - Dependency <Task(BashOperator): delete_entry>, create_entry_gcs already registered for DAG: example_complex
[2023-01-15T12:35:06.641+0000] {logging_mixin.py:137} INFO - [2023-01-15T12:35:06.641+0000] {taskmixin.py:205} WARNING - Dependency <Task(BashOperator): create_tag>, delete_tag already registered for DAG: example_complex
[2023-01-15T12:35:06.641+0000] {logging_mixin.py:137} INFO - [2023-01-15T12:35:06.641+0000] {taskmixin.py:205} WARNING - Dependency <Task(BashOperator): delete_tag>, create_tag already registered for DAG: example_complex
[2023-01-15T12:35:06.663+0000] {processor.py:753} INFO - DAG(s) dict_keys(['example_complex']) retrieved from /home/airflow/.local/lib/python3.10/site-packages/airflow/example_dags/example_complex.py
[2023-01-15T12:35:06.778+0000] {logging_mixin.py:137} INFO - [2023-01-15T12:35:06.777+0000] {dag.py:2676} INFO - Sync 1 DAGs
[2023-01-15T12:35:06.831+0000] {logging_mixin.py:137} INFO - [2023-01-15T12:35:06.831+0000] {dag.py:3423} INFO - Setting next_dagrun for example_complex to None, run_after=None
[2023-01-15T12:35:06.872+0000] {processor.py:175} INFO - Processing /home/airflow/.local/lib/python3.10/site-packages/airflow/example_dags/example_complex.py took 0.281 seconds
[2023-01-15T12:35:37.011+0000] {processor.py:153} INFO - Started process (PID=415) to work on /home/airflow/.local/lib/python3.10/site-packages/airflow/example_dags/example_complex.py
[2023-01-15T12:35:37.012+0000] {processor.py:743} INFO - Processing file /home/airflow/.local/lib/python3.10/site-packages/airflow/example_dags/example_complex.py for tasks to queue
[2023-01-15T12:35:37.013+0000] {logging_mixin.py:137} INFO - [2023-01-15T12:35:37.013+0000] {dagbag.py:538} INFO - Filling up the DagBag from /home/airflow/.local/lib/python3.10/site-packages/airflow/example_dags/example_complex.py
[2023-01-15T12:35:37.022+0000] {logging_mixin.py:137} INFO - [2023-01-15T12:35:37.022+0000] {taskmixin.py:205} WARNING - Dependency <Task(BashOperator): create_entry_group>, delete_entry_group already registered for DAG: example_complex
[2023-01-15T12:35:37.022+0000] {logging_mixin.py:137} INFO - [2023-01-15T12:35:37.022+0000] {taskmixin.py:205} WARNING - Dependency <Task(BashOperator): delete_entry_group>, create_entry_group already registered for DAG: example_complex
[2023-01-15T12:35:37.022+0000] {logging_mixin.py:137} INFO - [2023-01-15T12:35:37.022+0000] {taskmixin.py:205} WARNING - Dependency <Task(BashOperator): create_entry_gcs>, delete_entry already registered for DAG: example_complex
[2023-01-15T12:35:37.022+0000] {logging_mixin.py:137} INFO - [2023-01-15T12:35:37.022+0000] {taskmixin.py:205} WARNING - Dependency <Task(BashOperator): delete_entry>, create_entry_gcs already registered for DAG: example_complex
[2023-01-15T12:35:37.023+0000] {logging_mixin.py:137} INFO - [2023-01-15T12:35:37.023+0000] {taskmixin.py:205} WARNING - Dependency <Task(BashOperator): create_tag>, delete_tag already registered for DAG: example_complex
[2023-01-15T12:35:37.023+0000] {logging_mixin.py:137} INFO - [2023-01-15T12:35:37.023+0000] {taskmixin.py:205} WARNING - Dependency <Task(BashOperator): delete_tag>, create_tag already registered for DAG: example_complex
[2023-01-15T12:35:37.030+0000] {processor.py:753} INFO - DAG(s) dict_keys(['example_complex']) retrieved from /home/airflow/.local/lib/python3.10/site-packages/airflow/example_dags/example_complex.py
[2023-01-15T12:35:37.066+0000] {logging_mixin.py:137} INFO - [2023-01-15T12:35:37.066+0000] {dag.py:2676} INFO - Sync 1 DAGs
[2023-01-15T12:35:37.084+0000] {logging_mixin.py:137} INFO - [2023-01-15T12:35:37.084+0000] {dag.py:3423} INFO - Setting next_dagrun for example_complex to None, run_after=None
[2023-01-15T12:35:37.098+0000] {processor.py:175} INFO - Processing /home/airflow/.local/lib/python3.10/site-packages/airflow/example_dags/example_complex.py took 0.094 seconds
[2023-01-15T12:36:02.441+0000] {processor.py:153} INFO - Started process (PID=75) to work on /home/airflow/.local/lib/python3.10/site-packages/airflow/example_dags/example_complex.py
[2023-01-15T12:36:02.442+0000] {processor.py:743} INFO - Processing file /home/airflow/.local/lib/python3.10/site-packages/airflow/example_dags/example_complex.py for tasks to queue
[2023-01-15T12:36:02.443+0000] {logging_mixin.py:137} INFO - [2023-01-15T12:36:02.443+0000] {dagbag.py:538} INFO - Filling up the DagBag from /home/airflow/.local/lib/python3.10/site-packages/airflow/example_dags/example_complex.py
[2023-01-15T12:36:02.466+0000] {logging_mixin.py:137} INFO - [2023-01-15T12:36:02.466+0000] {taskmixin.py:205} WARNING - Dependency <Task(BashOperator): create_entry_group>, delete_entry_group already registered for DAG: example_complex
[2023-01-15T12:36:02.467+0000] {logging_mixin.py:137} INFO - [2023-01-15T12:36:02.466+0000] {taskmixin.py:205} WARNING - Dependency <Task(BashOperator): delete_entry_group>, create_entry_group already registered for DAG: example_complex
[2023-01-15T12:36:02.467+0000] {logging_mixin.py:137} INFO - [2023-01-15T12:36:02.467+0000] {taskmixin.py:205} WARNING - Dependency <Task(BashOperator): create_entry_gcs>, delete_entry already registered for DAG: example_complex
[2023-01-15T12:36:02.468+0000] {logging_mixin.py:137} INFO - [2023-01-15T12:36:02.467+0000] {taskmixin.py:205} WARNING - Dependency <Task(BashOperator): delete_entry>, create_entry_gcs already registered for DAG: example_complex
[2023-01-15T12:36:02.468+0000] {logging_mixin.py:137} INFO - [2023-01-15T12:36:02.468+0000] {taskmixin.py:205} WARNING - Dependency <Task(BashOperator): create_tag>, delete_tag already registered for DAG: example_complex
[2023-01-15T12:36:02.469+0000] {logging_mixin.py:137} INFO - [2023-01-15T12:36:02.469+0000] {taskmixin.py:205} WARNING - Dependency <Task(BashOperator): delete_tag>, create_tag already registered for DAG: example_complex
[2023-01-15T12:36:02.489+0000] {processor.py:753} INFO - DAG(s) dict_keys(['example_complex']) retrieved from /home/airflow/.local/lib/python3.10/site-packages/airflow/example_dags/example_complex.py
[2023-01-15T12:36:02.582+0000] {logging_mixin.py:137} INFO - [2023-01-15T12:36:02.582+0000] {dag.py:2676} INFO - Sync 1 DAGs
[2023-01-15T12:36:02.642+0000] {logging_mixin.py:137} INFO - [2023-01-15T12:36:02.642+0000] {dag.py:3423} INFO - Setting next_dagrun for example_complex to None, run_after=None
[2023-01-15T12:36:02.687+0000] {processor.py:175} INFO - Processing /home/airflow/.local/lib/python3.10/site-packages/airflow/example_dags/example_complex.py took 0.252 seconds
[2023-01-15T12:36:33.562+0000] {processor.py:153} INFO - Started process (PID=141) to work on /home/airflow/.local/lib/python3.10/site-packages/airflow/example_dags/example_complex.py
[2023-01-15T12:36:33.563+0000] {processor.py:743} INFO - Processing file /home/airflow/.local/lib/python3.10/site-packages/airflow/example_dags/example_complex.py for tasks to queue
[2023-01-15T12:36:33.564+0000] {logging_mixin.py:137} INFO - [2023-01-15T12:36:33.563+0000] {dagbag.py:538} INFO - Filling up the DagBag from /home/airflow/.local/lib/python3.10/site-packages/airflow/example_dags/example_complex.py
[2023-01-15T12:36:33.577+0000] {logging_mixin.py:137} INFO - [2023-01-15T12:36:33.577+0000] {taskmixin.py:205} WARNING - Dependency <Task(BashOperator): create_entry_group>, delete_entry_group already registered for DAG: example_complex
[2023-01-15T12:36:33.577+0000] {logging_mixin.py:137} INFO - [2023-01-15T12:36:33.577+0000] {taskmixin.py:205} WARNING - Dependency <Task(BashOperator): delete_entry_group>, create_entry_group already registered for DAG: example_complex
[2023-01-15T12:36:33.578+0000] {logging_mixin.py:137} INFO - [2023-01-15T12:36:33.578+0000] {taskmixin.py:205} WARNING - Dependency <Task(BashOperator): create_entry_gcs>, delete_entry already registered for DAG: example_complex
[2023-01-15T12:36:33.578+0000] {logging_mixin.py:137} INFO - [2023-01-15T12:36:33.578+0000] {taskmixin.py:205} WARNING - Dependency <Task(BashOperator): delete_entry>, create_entry_gcs already registered for DAG: example_complex
[2023-01-15T12:36:33.578+0000] {logging_mixin.py:137} INFO - [2023-01-15T12:36:33.578+0000] {taskmixin.py:205} WARNING - Dependency <Task(BashOperator): create_tag>, delete_tag already registered for DAG: example_complex
[2023-01-15T12:36:33.578+0000] {logging_mixin.py:137} INFO - [2023-01-15T12:36:33.578+0000] {taskmixin.py:205} WARNING - Dependency <Task(BashOperator): delete_tag>, create_tag already registered for DAG: example_complex
[2023-01-15T12:36:33.585+0000] {processor.py:753} INFO - DAG(s) dict_keys(['example_complex']) retrieved from /home/airflow/.local/lib/python3.10/site-packages/airflow/example_dags/example_complex.py
[2023-01-15T12:36:33.630+0000] {logging_mixin.py:137} INFO - [2023-01-15T12:36:33.630+0000] {dag.py:2676} INFO - Sync 1 DAGs
[2023-01-15T12:36:33.657+0000] {logging_mixin.py:137} INFO - [2023-01-15T12:36:33.657+0000] {dag.py:3423} INFO - Setting next_dagrun for example_complex to None, run_after=None
[2023-01-15T12:36:33.840+0000] {processor.py:175} INFO - Processing /home/airflow/.local/lib/python3.10/site-packages/airflow/example_dags/example_complex.py took 0.281 seconds
[2023-01-15T12:37:07.597+0000] {processor.py:153} INFO - Started process (PID=207) to work on /home/airflow/.local/lib/python3.10/site-packages/airflow/example_dags/example_complex.py
[2023-01-15T12:37:07.598+0000] {processor.py:743} INFO - Processing file /home/airflow/.local/lib/python3.10/site-packages/airflow/example_dags/example_complex.py for tasks to queue
[2023-01-15T12:37:07.599+0000] {logging_mixin.py:137} INFO - [2023-01-15T12:37:07.599+0000] {dagbag.py:538} INFO - Filling up the DagBag from /home/airflow/.local/lib/python3.10/site-packages/airflow/example_dags/example_complex.py
[2023-01-15T12:37:07.615+0000] {logging_mixin.py:137} INFO - [2023-01-15T12:37:07.614+0000] {taskmixin.py:205} WARNING - Dependency <Task(BashOperator): create_entry_group>, delete_entry_group already registered for DAG: example_complex
[2023-01-15T12:37:07.615+0000] {logging_mixin.py:137} INFO - [2023-01-15T12:37:07.615+0000] {taskmixin.py:205} WARNING - Dependency <Task(BashOperator): delete_entry_group>, create_entry_group already registered for DAG: example_complex
[2023-01-15T12:37:07.615+0000] {logging_mixin.py:137} INFO - [2023-01-15T12:37:07.615+0000] {taskmixin.py:205} WARNING - Dependency <Task(BashOperator): create_entry_gcs>, delete_entry already registered for DAG: example_complex
[2023-01-15T12:37:07.615+0000] {logging_mixin.py:137} INFO - [2023-01-15T12:37:07.615+0000] {taskmixin.py:205} WARNING - Dependency <Task(BashOperator): delete_entry>, create_entry_gcs already registered for DAG: example_complex
[2023-01-15T12:37:07.616+0000] {logging_mixin.py:137} INFO - [2023-01-15T12:37:07.616+0000] {taskmixin.py:205} WARNING - Dependency <Task(BashOperator): create_tag>, delete_tag already registered for DAG: example_complex
[2023-01-15T12:37:07.616+0000] {logging_mixin.py:137} INFO - [2023-01-15T12:37:07.616+0000] {taskmixin.py:205} WARNING - Dependency <Task(BashOperator): delete_tag>, create_tag already registered for DAG: example_complex
[2023-01-15T12:37:07.626+0000] {processor.py:753} INFO - DAG(s) dict_keys(['example_complex']) retrieved from /home/airflow/.local/lib/python3.10/site-packages/airflow/example_dags/example_complex.py
[2023-01-15T12:37:07.681+0000] {logging_mixin.py:137} INFO - [2023-01-15T12:37:07.681+0000] {dag.py:2676} INFO - Sync 1 DAGs
[2023-01-15T12:37:07.926+0000] {logging_mixin.py:137} INFO - [2023-01-15T12:37:07.925+0000] {dag.py:3423} INFO - Setting next_dagrun for example_complex to None, run_after=None
[2023-01-15T12:37:07.953+0000] {processor.py:175} INFO - Processing /home/airflow/.local/lib/python3.10/site-packages/airflow/example_dags/example_complex.py took 0.362 seconds
[2023-01-15T12:37:38.024+0000] {processor.py:153} INFO - Started process (PID=273) to work on /home/airflow/.local/lib/python3.10/site-packages/airflow/example_dags/example_complex.py
[2023-01-15T12:37:38.025+0000] {processor.py:743} INFO - Processing file /home/airflow/.local/lib/python3.10/site-packages/airflow/example_dags/example_complex.py for tasks to queue
[2023-01-15T12:37:38.025+0000] {logging_mixin.py:137} INFO - [2023-01-15T12:37:38.025+0000] {dagbag.py:538} INFO - Filling up the DagBag from /home/airflow/.local/lib/python3.10/site-packages/airflow/example_dags/example_complex.py
[2023-01-15T12:37:38.037+0000] {logging_mixin.py:137} INFO - [2023-01-15T12:37:38.037+0000] {taskmixin.py:205} WARNING - Dependency <Task(BashOperator): create_entry_group>, delete_entry_group already registered for DAG: example_complex
[2023-01-15T12:37:38.037+0000] {logging_mixin.py:137} INFO - [2023-01-15T12:37:38.037+0000] {taskmixin.py:205} WARNING - Dependency <Task(BashOperator): delete_entry_group>, create_entry_group already registered for DAG: example_complex
[2023-01-15T12:37:38.037+0000] {logging_mixin.py:137} INFO - [2023-01-15T12:37:38.037+0000] {taskmixin.py:205} WARNING - Dependency <Task(BashOperator): create_entry_gcs>, delete_entry already registered for DAG: example_complex
[2023-01-15T12:37:38.038+0000] {logging_mixin.py:137} INFO - [2023-01-15T12:37:38.037+0000] {taskmixin.py:205} WARNING - Dependency <Task(BashOperator): delete_entry>, create_entry_gcs already registered for DAG: example_complex
[2023-01-15T12:37:38.038+0000] {logging_mixin.py:137} INFO - [2023-01-15T12:37:38.038+0000] {taskmixin.py:205} WARNING - Dependency <Task(BashOperator): create_tag>, delete_tag already registered for DAG: example_complex
[2023-01-15T12:37:38.038+0000] {logging_mixin.py:137} INFO - [2023-01-15T12:37:38.038+0000] {taskmixin.py:205} WARNING - Dependency <Task(BashOperator): delete_tag>, create_tag already registered for DAG: example_complex
[2023-01-15T12:37:38.049+0000] {processor.py:753} INFO - DAG(s) dict_keys(['example_complex']) retrieved from /home/airflow/.local/lib/python3.10/site-packages/airflow/example_dags/example_complex.py
[2023-01-15T12:37:38.241+0000] {logging_mixin.py:137} INFO - [2023-01-15T12:37:38.241+0000] {dag.py:2676} INFO - Sync 1 DAGs
[2023-01-15T12:37:38.260+0000] {logging_mixin.py:137} INFO - [2023-01-15T12:37:38.260+0000] {dag.py:3423} INFO - Setting next_dagrun for example_complex to None, run_after=None
[2023-01-15T12:37:38.285+0000] {processor.py:175} INFO - Processing /home/airflow/.local/lib/python3.10/site-packages/airflow/example_dags/example_complex.py took 0.263 seconds
[2023-01-15T12:38:08.808+0000] {processor.py:153} INFO - Started process (PID=346) to work on /home/airflow/.local/lib/python3.10/site-packages/airflow/example_dags/example_complex.py
[2023-01-15T12:38:08.810+0000] {processor.py:743} INFO - Processing file /home/airflow/.local/lib/python3.10/site-packages/airflow/example_dags/example_complex.py for tasks to queue
[2023-01-15T12:38:08.811+0000] {logging_mixin.py:137} INFO - [2023-01-15T12:38:08.810+0000] {dagbag.py:538} INFO - Filling up the DagBag from /home/airflow/.local/lib/python3.10/site-packages/airflow/example_dags/example_complex.py
[2023-01-15T12:38:08.831+0000] {logging_mixin.py:137} INFO - [2023-01-15T12:38:08.831+0000] {taskmixin.py:205} WARNING - Dependency <Task(BashOperator): create_entry_group>, delete_entry_group already registered for DAG: example_complex
[2023-01-15T12:38:08.832+0000] {logging_mixin.py:137} INFO - [2023-01-15T12:38:08.832+0000] {taskmixin.py:205} WARNING - Dependency <Task(BashOperator): delete_entry_group>, create_entry_group already registered for DAG: example_complex
[2023-01-15T12:38:08.832+0000] {logging_mixin.py:137} INFO - [2023-01-15T12:38:08.832+0000] {taskmixin.py:205} WARNING - Dependency <Task(BashOperator): create_entry_gcs>, delete_entry already registered for DAG: example_complex
[2023-01-15T12:38:08.833+0000] {logging_mixin.py:137} INFO - [2023-01-15T12:38:08.833+0000] {taskmixin.py:205} WARNING - Dependency <Task(BashOperator): delete_entry>, create_entry_gcs already registered for DAG: example_complex
[2023-01-15T12:38:08.833+0000] {logging_mixin.py:137} INFO - [2023-01-15T12:38:08.833+0000] {taskmixin.py:205} WARNING - Dependency <Task(BashOperator): create_tag>, delete_tag already registered for DAG: example_complex
[2023-01-15T12:38:08.834+0000] {logging_mixin.py:137} INFO - [2023-01-15T12:38:08.834+0000] {taskmixin.py:205} WARNING - Dependency <Task(BashOperator): delete_tag>, create_tag already registered for DAG: example_complex
[2023-01-15T12:38:08.846+0000] {processor.py:753} INFO - DAG(s) dict_keys(['example_complex']) retrieved from /home/airflow/.local/lib/python3.10/site-packages/airflow/example_dags/example_complex.py
[2023-01-15T12:38:09.157+0000] {logging_mixin.py:137} INFO - [2023-01-15T12:38:09.156+0000] {dag.py:2676} INFO - Sync 1 DAGs
[2023-01-15T12:38:09.193+0000] {logging_mixin.py:137} INFO - [2023-01-15T12:38:09.193+0000] {dag.py:3423} INFO - Setting next_dagrun for example_complex to None, run_after=None
[2023-01-15T12:38:09.218+0000] {processor.py:175} INFO - Processing /home/airflow/.local/lib/python3.10/site-packages/airflow/example_dags/example_complex.py took 0.415 seconds
[2023-01-15T12:38:39.905+0000] {processor.py:153} INFO - Started process (PID=419) to work on /home/airflow/.local/lib/python3.10/site-packages/airflow/example_dags/example_complex.py
[2023-01-15T12:38:39.906+0000] {processor.py:743} INFO - Processing file /home/airflow/.local/lib/python3.10/site-packages/airflow/example_dags/example_complex.py for tasks to queue
[2023-01-15T12:38:39.907+0000] {logging_mixin.py:137} INFO - [2023-01-15T12:38:39.907+0000] {dagbag.py:538} INFO - Filling up the DagBag from /home/airflow/.local/lib/python3.10/site-packages/airflow/example_dags/example_complex.py
[2023-01-15T12:38:39.918+0000] {logging_mixin.py:137} INFO - [2023-01-15T12:38:39.918+0000] {taskmixin.py:205} WARNING - Dependency <Task(BashOperator): create_entry_group>, delete_entry_group already registered for DAG: example_complex
[2023-01-15T12:38:39.919+0000] {logging_mixin.py:137} INFO - [2023-01-15T12:38:39.919+0000] {taskmixin.py:205} WARNING - Dependency <Task(BashOperator): delete_entry_group>, create_entry_group already registered for DAG: example_complex
[2023-01-15T12:38:39.919+0000] {logging_mixin.py:137} INFO - [2023-01-15T12:38:39.919+0000] {taskmixin.py:205} WARNING - Dependency <Task(BashOperator): create_entry_gcs>, delete_entry already registered for DAG: example_complex
[2023-01-15T12:38:39.919+0000] {logging_mixin.py:137} INFO - [2023-01-15T12:38:39.919+0000] {taskmixin.py:205} WARNING - Dependency <Task(BashOperator): delete_entry>, create_entry_gcs already registered for DAG: example_complex
[2023-01-15T12:38:39.919+0000] {logging_mixin.py:137} INFO - [2023-01-15T12:38:39.919+0000] {taskmixin.py:205} WARNING - Dependency <Task(BashOperator): create_tag>, delete_tag already registered for DAG: example_complex
[2023-01-15T12:38:39.920+0000] {logging_mixin.py:137} INFO - [2023-01-15T12:38:39.920+0000] {taskmixin.py:205} WARNING - Dependency <Task(BashOperator): delete_tag>, create_tag already registered for DAG: example_complex
[2023-01-15T12:38:39.927+0000] {processor.py:753} INFO - DAG(s) dict_keys(['example_complex']) retrieved from /home/airflow/.local/lib/python3.10/site-packages/airflow/example_dags/example_complex.py
[2023-01-15T12:38:40.114+0000] {logging_mixin.py:137} INFO - [2023-01-15T12:38:40.114+0000] {dag.py:2676} INFO - Sync 1 DAGs
[2023-01-15T12:38:40.139+0000] {logging_mixin.py:137} INFO - [2023-01-15T12:38:40.139+0000] {dag.py:3423} INFO - Setting next_dagrun for example_complex to None, run_after=None
[2023-01-15T12:38:40.165+0000] {processor.py:175} INFO - Processing /home/airflow/.local/lib/python3.10/site-packages/airflow/example_dags/example_complex.py took 0.262 seconds
[2023-01-15T12:39:10.409+0000] {processor.py:153} INFO - Started process (PID=485) to work on /home/airflow/.local/lib/python3.10/site-packages/airflow/example_dags/example_complex.py
[2023-01-15T12:39:10.410+0000] {processor.py:743} INFO - Processing file /home/airflow/.local/lib/python3.10/site-packages/airflow/example_dags/example_complex.py for tasks to queue
[2023-01-15T12:39:10.410+0000] {logging_mixin.py:137} INFO - [2023-01-15T12:39:10.410+0000] {dagbag.py:538} INFO - Filling up the DagBag from /home/airflow/.local/lib/python3.10/site-packages/airflow/example_dags/example_complex.py
[2023-01-15T12:39:10.422+0000] {logging_mixin.py:137} INFO - [2023-01-15T12:39:10.421+0000] {taskmixin.py:205} WARNING - Dependency <Task(BashOperator): create_entry_group>, delete_entry_group already registered for DAG: example_complex
[2023-01-15T12:39:10.422+0000] {logging_mixin.py:137} INFO - [2023-01-15T12:39:10.422+0000] {taskmixin.py:205} WARNING - Dependency <Task(BashOperator): delete_entry_group>, create_entry_group already registered for DAG: example_complex
[2023-01-15T12:39:10.422+0000] {logging_mixin.py:137} INFO - [2023-01-15T12:39:10.422+0000] {taskmixin.py:205} WARNING - Dependency <Task(BashOperator): create_entry_gcs>, delete_entry already registered for DAG: example_complex
[2023-01-15T12:39:10.422+0000] {logging_mixin.py:137} INFO - [2023-01-15T12:39:10.422+0000] {taskmixin.py:205} WARNING - Dependency <Task(BashOperator): delete_entry>, create_entry_gcs already registered for DAG: example_complex
[2023-01-15T12:39:10.422+0000] {logging_mixin.py:137} INFO - [2023-01-15T12:39:10.422+0000] {taskmixin.py:205} WARNING - Dependency <Task(BashOperator): create_tag>, delete_tag already registered for DAG: example_complex
[2023-01-15T12:39:10.423+0000] {logging_mixin.py:137} INFO - [2023-01-15T12:39:10.423+0000] {taskmixin.py:205} WARNING - Dependency <Task(BashOperator): delete_tag>, create_tag already registered for DAG: example_complex
[2023-01-15T12:39:10.578+0000] {processor.py:753} INFO - DAG(s) dict_keys(['example_complex']) retrieved from /home/airflow/.local/lib/python3.10/site-packages/airflow/example_dags/example_complex.py
[2023-01-15T12:39:10.617+0000] {logging_mixin.py:137} INFO - [2023-01-15T12:39:10.617+0000] {dag.py:2676} INFO - Sync 1 DAGs
[2023-01-15T12:39:10.637+0000] {logging_mixin.py:137} INFO - [2023-01-15T12:39:10.637+0000] {dag.py:3423} INFO - Setting next_dagrun for example_complex to None, run_after=None
[2023-01-15T12:39:10.662+0000] {processor.py:175} INFO - Processing /home/airflow/.local/lib/python3.10/site-packages/airflow/example_dags/example_complex.py took 0.257 seconds
