[2023-01-15T12:33:01.478+0000] {processor.py:153} INFO - Started process (PID=71) to work on /home/airflow/.local/lib/python3.10/site-packages/airflow/example_dags/example_external_task_marker_dag.py
[2023-01-15T12:33:01.479+0000] {processor.py:743} INFO - Processing file /home/airflow/.local/lib/python3.10/site-packages/airflow/example_dags/example_external_task_marker_dag.py for tasks to queue
[2023-01-15T12:33:01.479+0000] {logging_mixin.py:137} INFO - [2023-01-15T12:33:01.479+0000] {dagbag.py:538} INFO - Filling up the DagBag from /home/airflow/.local/lib/python3.10/site-packages/airflow/example_dags/example_external_task_marker_dag.py
[2023-01-15T12:33:01.499+0000] {processor.py:753} INFO - DAG(s) dict_keys(['example_external_task_marker_parent', 'example_external_task_marker_child']) retrieved from /home/airflow/.local/lib/python3.10/site-packages/airflow/example_dags/example_external_task_marker_dag.py
[2023-01-15T12:33:01.747+0000] {logging_mixin.py:137} INFO - [2023-01-15T12:33:01.746+0000] {dag.py:2676} INFO - Sync 2 DAGs
[2023-01-15T12:33:01.776+0000] {logging_mixin.py:137} INFO - [2023-01-15T12:33:01.776+0000] {dag.py:3423} INFO - Setting next_dagrun for example_external_task_marker_child to None, run_after=None
[2023-01-15T12:33:01.780+0000] {logging_mixin.py:137} INFO - [2023-01-15T12:33:01.780+0000] {dag.py:3423} INFO - Setting next_dagrun for example_external_task_marker_parent to None, run_after=None
[2023-01-15T12:33:01.806+0000] {processor.py:175} INFO - Processing /home/airflow/.local/lib/python3.10/site-packages/airflow/example_dags/example_external_task_marker_dag.py took 0.331 seconds
[2023-01-15T12:33:32.451+0000] {processor.py:153} INFO - Started process (PID=137) to work on /home/airflow/.local/lib/python3.10/site-packages/airflow/example_dags/example_external_task_marker_dag.py
[2023-01-15T12:33:32.452+0000] {processor.py:743} INFO - Processing file /home/airflow/.local/lib/python3.10/site-packages/airflow/example_dags/example_external_task_marker_dag.py for tasks to queue
[2023-01-15T12:33:32.453+0000] {logging_mixin.py:137} INFO - [2023-01-15T12:33:32.453+0000] {dagbag.py:538} INFO - Filling up the DagBag from /home/airflow/.local/lib/python3.10/site-packages/airflow/example_dags/example_external_task_marker_dag.py
[2023-01-15T12:33:32.613+0000] {processor.py:753} INFO - DAG(s) dict_keys(['example_external_task_marker_child', 'example_external_task_marker_parent']) retrieved from /home/airflow/.local/lib/python3.10/site-packages/airflow/example_dags/example_external_task_marker_dag.py
[2023-01-15T12:33:32.646+0000] {logging_mixin.py:137} INFO - [2023-01-15T12:33:32.646+0000] {dag.py:2676} INFO - Sync 2 DAGs
[2023-01-15T12:33:32.667+0000] {logging_mixin.py:137} INFO - [2023-01-15T12:33:32.667+0000] {dag.py:3423} INFO - Setting next_dagrun for example_external_task_marker_child to None, run_after=None
[2023-01-15T12:33:32.671+0000] {logging_mixin.py:137} INFO - [2023-01-15T12:33:32.671+0000] {dag.py:3423} INFO - Setting next_dagrun for example_external_task_marker_parent to None, run_after=None
[2023-01-15T12:33:32.694+0000] {processor.py:175} INFO - Processing /home/airflow/.local/lib/python3.10/site-packages/airflow/example_dags/example_external_task_marker_dag.py took 0.245 seconds
[2023-01-15T12:34:03.449+0000] {processor.py:153} INFO - Started process (PID=210) to work on /home/airflow/.local/lib/python3.10/site-packages/airflow/example_dags/example_external_task_marker_dag.py
[2023-01-15T12:34:03.451+0000] {processor.py:743} INFO - Processing file /home/airflow/.local/lib/python3.10/site-packages/airflow/example_dags/example_external_task_marker_dag.py for tasks to queue
[2023-01-15T12:34:03.453+0000] {logging_mixin.py:137} INFO - [2023-01-15T12:34:03.452+0000] {dagbag.py:538} INFO - Filling up the DagBag from /home/airflow/.local/lib/python3.10/site-packages/airflow/example_dags/example_external_task_marker_dag.py
[2023-01-15T12:34:03.497+0000] {processor.py:753} INFO - DAG(s) dict_keys(['example_external_task_marker_child', 'example_external_task_marker_parent']) retrieved from /home/airflow/.local/lib/python3.10/site-packages/airflow/example_dags/example_external_task_marker_dag.py
[2023-01-15T12:34:03.629+0000] {logging_mixin.py:137} INFO - [2023-01-15T12:34:03.628+0000] {dag.py:2676} INFO - Sync 2 DAGs
[2023-01-15T12:34:03.707+0000] {logging_mixin.py:137} INFO - [2023-01-15T12:34:03.706+0000] {dag.py:3423} INFO - Setting next_dagrun for example_external_task_marker_child to None, run_after=None
[2023-01-15T12:34:03.717+0000] {logging_mixin.py:137} INFO - [2023-01-15T12:34:03.717+0000] {dag.py:3423} INFO - Setting next_dagrun for example_external_task_marker_parent to None, run_after=None
[2023-01-15T12:34:03.766+0000] {processor.py:175} INFO - Processing /home/airflow/.local/lib/python3.10/site-packages/airflow/example_dags/example_external_task_marker_dag.py took 0.327 seconds
[2023-01-15T12:34:34.758+0000] {processor.py:153} INFO - Started process (PID=274) to work on /home/airflow/.local/lib/python3.10/site-packages/airflow/example_dags/example_external_task_marker_dag.py
[2023-01-15T12:34:34.769+0000] {processor.py:743} INFO - Processing file /home/airflow/.local/lib/python3.10/site-packages/airflow/example_dags/example_external_task_marker_dag.py for tasks to queue
[2023-01-15T12:34:34.771+0000] {logging_mixin.py:137} INFO - [2023-01-15T12:34:34.770+0000] {dagbag.py:538} INFO - Filling up the DagBag from /home/airflow/.local/lib/python3.10/site-packages/airflow/example_dags/example_external_task_marker_dag.py
[2023-01-15T12:34:34.817+0000] {processor.py:753} INFO - DAG(s) dict_keys(['example_external_task_marker_parent', 'example_external_task_marker_child']) retrieved from /home/airflow/.local/lib/python3.10/site-packages/airflow/example_dags/example_external_task_marker_dag.py
[2023-01-15T12:34:34.948+0000] {logging_mixin.py:137} INFO - [2023-01-15T12:34:34.948+0000] {dag.py:2676} INFO - Sync 2 DAGs
[2023-01-15T12:34:35.028+0000] {logging_mixin.py:137} INFO - [2023-01-15T12:34:35.027+0000] {dag.py:3423} INFO - Setting next_dagrun for example_external_task_marker_child to None, run_after=None
[2023-01-15T12:34:35.038+0000] {logging_mixin.py:137} INFO - [2023-01-15T12:34:35.038+0000] {dag.py:3423} INFO - Setting next_dagrun for example_external_task_marker_parent to None, run_after=None
[2023-01-15T12:34:35.082+0000] {processor.py:175} INFO - Processing /home/airflow/.local/lib/python3.10/site-packages/airflow/example_dags/example_external_task_marker_dag.py took 0.338 seconds
[2023-01-15T12:35:05.181+0000] {processor.py:153} INFO - Started process (PID=346) to work on /home/airflow/.local/lib/python3.10/site-packages/airflow/example_dags/example_external_task_marker_dag.py
[2023-01-15T12:35:05.183+0000] {processor.py:743} INFO - Processing file /home/airflow/.local/lib/python3.10/site-packages/airflow/example_dags/example_external_task_marker_dag.py for tasks to queue
[2023-01-15T12:35:05.185+0000] {logging_mixin.py:137} INFO - [2023-01-15T12:35:05.185+0000] {dagbag.py:538} INFO - Filling up the DagBag from /home/airflow/.local/lib/python3.10/site-packages/airflow/example_dags/example_external_task_marker_dag.py
[2023-01-15T12:35:05.216+0000] {processor.py:753} INFO - DAG(s) dict_keys(['example_external_task_marker_parent', 'example_external_task_marker_child']) retrieved from /home/airflow/.local/lib/python3.10/site-packages/airflow/example_dags/example_external_task_marker_dag.py
[2023-01-15T12:35:05.305+0000] {logging_mixin.py:137} INFO - [2023-01-15T12:35:05.304+0000] {dag.py:2676} INFO - Sync 2 DAGs
[2023-01-15T12:35:05.358+0000] {logging_mixin.py:137} INFO - [2023-01-15T12:35:05.358+0000] {dag.py:3423} INFO - Setting next_dagrun for example_external_task_marker_child to None, run_after=None
[2023-01-15T12:35:05.366+0000] {logging_mixin.py:137} INFO - [2023-01-15T12:35:05.366+0000] {dag.py:3423} INFO - Setting next_dagrun for example_external_task_marker_parent to None, run_after=None
[2023-01-15T12:35:05.406+0000] {processor.py:175} INFO - Processing /home/airflow/.local/lib/python3.10/site-packages/airflow/example_dags/example_external_task_marker_dag.py took 0.232 seconds
[2023-01-15T12:35:35.719+0000] {processor.py:153} INFO - Started process (PID=411) to work on /home/airflow/.local/lib/python3.10/site-packages/airflow/example_dags/example_external_task_marker_dag.py
[2023-01-15T12:35:35.720+0000] {processor.py:743} INFO - Processing file /home/airflow/.local/lib/python3.10/site-packages/airflow/example_dags/example_external_task_marker_dag.py for tasks to queue
[2023-01-15T12:35:35.721+0000] {logging_mixin.py:137} INFO - [2023-01-15T12:35:35.721+0000] {dagbag.py:538} INFO - Filling up the DagBag from /home/airflow/.local/lib/python3.10/site-packages/airflow/example_dags/example_external_task_marker_dag.py
[2023-01-15T12:35:35.745+0000] {processor.py:753} INFO - DAG(s) dict_keys(['example_external_task_marker_parent', 'example_external_task_marker_child']) retrieved from /home/airflow/.local/lib/python3.10/site-packages/airflow/example_dags/example_external_task_marker_dag.py
[2023-01-15T12:35:35.799+0000] {logging_mixin.py:137} INFO - [2023-01-15T12:35:35.798+0000] {dag.py:2676} INFO - Sync 2 DAGs
[2023-01-15T12:35:35.821+0000] {logging_mixin.py:137} INFO - [2023-01-15T12:35:35.821+0000] {dag.py:3423} INFO - Setting next_dagrun for example_external_task_marker_child to None, run_after=None
[2023-01-15T12:35:35.826+0000] {logging_mixin.py:137} INFO - [2023-01-15T12:35:35.826+0000] {dag.py:3423} INFO - Setting next_dagrun for example_external_task_marker_parent to None, run_after=None
[2023-01-15T12:35:35.843+0000] {processor.py:175} INFO - Processing /home/airflow/.local/lib/python3.10/site-packages/airflow/example_dags/example_external_task_marker_dag.py took 0.129 seconds
[2023-01-15T12:36:01.771+0000] {processor.py:153} INFO - Started process (PID=71) to work on /home/airflow/.local/lib/python3.10/site-packages/airflow/example_dags/example_external_task_marker_dag.py
[2023-01-15T12:36:01.776+0000] {processor.py:743} INFO - Processing file /home/airflow/.local/lib/python3.10/site-packages/airflow/example_dags/example_external_task_marker_dag.py for tasks to queue
[2023-01-15T12:36:01.777+0000] {logging_mixin.py:137} INFO - [2023-01-15T12:36:01.777+0000] {dagbag.py:538} INFO - Filling up the DagBag from /home/airflow/.local/lib/python3.10/site-packages/airflow/example_dags/example_external_task_marker_dag.py
[2023-01-15T12:36:01.838+0000] {processor.py:753} INFO - DAG(s) dict_keys(['example_external_task_marker_parent', 'example_external_task_marker_child']) retrieved from /home/airflow/.local/lib/python3.10/site-packages/airflow/example_dags/example_external_task_marker_dag.py
[2023-01-15T12:36:01.944+0000] {logging_mixin.py:137} INFO - [2023-01-15T12:36:01.944+0000] {dag.py:2676} INFO - Sync 2 DAGs
[2023-01-15T12:36:01.994+0000] {logging_mixin.py:137} INFO - [2023-01-15T12:36:01.994+0000] {dag.py:3423} INFO - Setting next_dagrun for example_external_task_marker_child to None, run_after=None
[2023-01-15T12:36:02.002+0000] {logging_mixin.py:137} INFO - [2023-01-15T12:36:02.001+0000] {dag.py:3423} INFO - Setting next_dagrun for example_external_task_marker_parent to None, run_after=None
[2023-01-15T12:36:02.042+0000] {processor.py:175} INFO - Processing /home/airflow/.local/lib/python3.10/site-packages/airflow/example_dags/example_external_task_marker_dag.py took 0.277 seconds
[2023-01-15T12:36:32.902+0000] {processor.py:153} INFO - Started process (PID=137) to work on /home/airflow/.local/lib/python3.10/site-packages/airflow/example_dags/example_external_task_marker_dag.py
[2023-01-15T12:36:32.904+0000] {processor.py:743} INFO - Processing file /home/airflow/.local/lib/python3.10/site-packages/airflow/example_dags/example_external_task_marker_dag.py for tasks to queue
[2023-01-15T12:36:32.906+0000] {logging_mixin.py:137} INFO - [2023-01-15T12:36:32.905+0000] {dagbag.py:538} INFO - Filling up the DagBag from /home/airflow/.local/lib/python3.10/site-packages/airflow/example_dags/example_external_task_marker_dag.py
[2023-01-15T12:36:32.926+0000] {processor.py:753} INFO - DAG(s) dict_keys(['example_external_task_marker_child', 'example_external_task_marker_parent']) retrieved from /home/airflow/.local/lib/python3.10/site-packages/airflow/example_dags/example_external_task_marker_dag.py
[2023-01-15T12:36:33.014+0000] {logging_mixin.py:137} INFO - [2023-01-15T12:36:33.014+0000] {dag.py:2676} INFO - Sync 2 DAGs
[2023-01-15T12:36:33.209+0000] {logging_mixin.py:137} INFO - [2023-01-15T12:36:33.209+0000] {dag.py:3423} INFO - Setting next_dagrun for example_external_task_marker_child to None, run_after=None
[2023-01-15T12:36:33.214+0000] {logging_mixin.py:137} INFO - [2023-01-15T12:36:33.214+0000] {dag.py:3423} INFO - Setting next_dagrun for example_external_task_marker_parent to None, run_after=None
[2023-01-15T12:36:33.236+0000] {processor.py:175} INFO - Processing /home/airflow/.local/lib/python3.10/site-packages/airflow/example_dags/example_external_task_marker_dag.py took 0.339 seconds
[2023-01-15T12:37:06.430+0000] {processor.py:153} INFO - Started process (PID=203) to work on /home/airflow/.local/lib/python3.10/site-packages/airflow/example_dags/example_external_task_marker_dag.py
[2023-01-15T12:37:06.431+0000] {processor.py:743} INFO - Processing file /home/airflow/.local/lib/python3.10/site-packages/airflow/example_dags/example_external_task_marker_dag.py for tasks to queue
[2023-01-15T12:37:06.431+0000] {logging_mixin.py:137} INFO - [2023-01-15T12:37:06.431+0000] {dagbag.py:538} INFO - Filling up the DagBag from /home/airflow/.local/lib/python3.10/site-packages/airflow/example_dags/example_external_task_marker_dag.py
[2023-01-15T12:37:06.450+0000] {processor.py:753} INFO - DAG(s) dict_keys(['example_external_task_marker_parent', 'example_external_task_marker_child']) retrieved from /home/airflow/.local/lib/python3.10/site-packages/airflow/example_dags/example_external_task_marker_dag.py
[2023-01-15T12:37:06.519+0000] {logging_mixin.py:137} INFO - [2023-01-15T12:37:06.519+0000] {dag.py:2676} INFO - Sync 2 DAGs
[2023-01-15T12:37:06.728+0000] {logging_mixin.py:137} INFO - [2023-01-15T12:37:06.728+0000] {dag.py:3423} INFO - Setting next_dagrun for example_external_task_marker_child to None, run_after=None
[2023-01-15T12:37:06.733+0000] {logging_mixin.py:137} INFO - [2023-01-15T12:37:06.732+0000] {dag.py:3423} INFO - Setting next_dagrun for example_external_task_marker_parent to None, run_after=None
[2023-01-15T12:37:06.760+0000] {processor.py:175} INFO - Processing /home/airflow/.local/lib/python3.10/site-packages/airflow/example_dags/example_external_task_marker_dag.py took 0.335 seconds
[2023-01-15T12:37:37.431+0000] {processor.py:153} INFO - Started process (PID=269) to work on /home/airflow/.local/lib/python3.10/site-packages/airflow/example_dags/example_external_task_marker_dag.py
[2023-01-15T12:37:37.432+0000] {processor.py:743} INFO - Processing file /home/airflow/.local/lib/python3.10/site-packages/airflow/example_dags/example_external_task_marker_dag.py for tasks to queue
[2023-01-15T12:37:37.432+0000] {logging_mixin.py:137} INFO - [2023-01-15T12:37:37.432+0000] {dagbag.py:538} INFO - Filling up the DagBag from /home/airflow/.local/lib/python3.10/site-packages/airflow/example_dags/example_external_task_marker_dag.py
[2023-01-15T12:37:37.445+0000] {processor.py:753} INFO - DAG(s) dict_keys(['example_external_task_marker_parent', 'example_external_task_marker_child']) retrieved from /home/airflow/.local/lib/python3.10/site-packages/airflow/example_dags/example_external_task_marker_dag.py
[2023-01-15T12:37:37.481+0000] {logging_mixin.py:137} INFO - [2023-01-15T12:37:37.480+0000] {dag.py:2676} INFO - Sync 2 DAGs
[2023-01-15T12:37:37.620+0000] {logging_mixin.py:137} INFO - [2023-01-15T12:37:37.620+0000] {dag.py:3423} INFO - Setting next_dagrun for example_external_task_marker_child to None, run_after=None
[2023-01-15T12:37:37.622+0000] {logging_mixin.py:137} INFO - [2023-01-15T12:37:37.622+0000] {dag.py:3423} INFO - Setting next_dagrun for example_external_task_marker_parent to None, run_after=None
[2023-01-15T12:37:37.646+0000] {processor.py:175} INFO - Processing /home/airflow/.local/lib/python3.10/site-packages/airflow/example_dags/example_external_task_marker_dag.py took 0.218 seconds
[2023-01-15T12:38:08.046+0000] {processor.py:153} INFO - Started process (PID=342) to work on /home/airflow/.local/lib/python3.10/site-packages/airflow/example_dags/example_external_task_marker_dag.py
[2023-01-15T12:38:08.047+0000] {processor.py:743} INFO - Processing file /home/airflow/.local/lib/python3.10/site-packages/airflow/example_dags/example_external_task_marker_dag.py for tasks to queue
[2023-01-15T12:38:08.048+0000] {logging_mixin.py:137} INFO - [2023-01-15T12:38:08.048+0000] {dagbag.py:538} INFO - Filling up the DagBag from /home/airflow/.local/lib/python3.10/site-packages/airflow/example_dags/example_external_task_marker_dag.py
[2023-01-15T12:38:08.071+0000] {processor.py:753} INFO - DAG(s) dict_keys(['example_external_task_marker_child', 'example_external_task_marker_parent']) retrieved from /home/airflow/.local/lib/python3.10/site-packages/airflow/example_dags/example_external_task_marker_dag.py
[2023-01-15T12:38:08.328+0000] {logging_mixin.py:137} INFO - [2023-01-15T12:38:08.328+0000] {dag.py:2676} INFO - Sync 2 DAGs
[2023-01-15T12:38:08.380+0000] {logging_mixin.py:137} INFO - [2023-01-15T12:38:08.380+0000] {dag.py:3423} INFO - Setting next_dagrun for example_external_task_marker_child to None, run_after=None
[2023-01-15T12:38:08.384+0000] {logging_mixin.py:137} INFO - [2023-01-15T12:38:08.383+0000] {dag.py:3423} INFO - Setting next_dagrun for example_external_task_marker_parent to None, run_after=None
[2023-01-15T12:38:08.413+0000] {processor.py:175} INFO - Processing /home/airflow/.local/lib/python3.10/site-packages/airflow/example_dags/example_external_task_marker_dag.py took 0.373 seconds
[2023-01-15T12:38:39.175+0000] {processor.py:153} INFO - Started process (PID=415) to work on /home/airflow/.local/lib/python3.10/site-packages/airflow/example_dags/example_external_task_marker_dag.py
[2023-01-15T12:38:39.176+0000] {processor.py:743} INFO - Processing file /home/airflow/.local/lib/python3.10/site-packages/airflow/example_dags/example_external_task_marker_dag.py for tasks to queue
[2023-01-15T12:38:39.177+0000] {logging_mixin.py:137} INFO - [2023-01-15T12:38:39.177+0000] {dagbag.py:538} INFO - Filling up the DagBag from /home/airflow/.local/lib/python3.10/site-packages/airflow/example_dags/example_external_task_marker_dag.py
[2023-01-15T12:38:39.192+0000] {processor.py:753} INFO - DAG(s) dict_keys(['example_external_task_marker_parent', 'example_external_task_marker_child']) retrieved from /home/airflow/.local/lib/python3.10/site-packages/airflow/example_dags/example_external_task_marker_dag.py
[2023-01-15T12:38:39.361+0000] {logging_mixin.py:137} INFO - [2023-01-15T12:38:39.361+0000] {dag.py:2676} INFO - Sync 2 DAGs
[2023-01-15T12:38:39.381+0000] {logging_mixin.py:137} INFO - [2023-01-15T12:38:39.381+0000] {dag.py:3423} INFO - Setting next_dagrun for example_external_task_marker_child to None, run_after=None
[2023-01-15T12:38:39.384+0000] {logging_mixin.py:137} INFO - [2023-01-15T12:38:39.384+0000] {dag.py:3423} INFO - Setting next_dagrun for example_external_task_marker_parent to None, run_after=None
[2023-01-15T12:38:39.405+0000] {processor.py:175} INFO - Processing /home/airflow/.local/lib/python3.10/site-packages/airflow/example_dags/example_external_task_marker_dag.py took 0.235 seconds
[2023-01-15T12:39:09.642+0000] {processor.py:153} INFO - Started process (PID=481) to work on /home/airflow/.local/lib/python3.10/site-packages/airflow/example_dags/example_external_task_marker_dag.py
[2023-01-15T12:39:09.643+0000] {processor.py:743} INFO - Processing file /home/airflow/.local/lib/python3.10/site-packages/airflow/example_dags/example_external_task_marker_dag.py for tasks to queue
[2023-01-15T12:39:09.644+0000] {logging_mixin.py:137} INFO - [2023-01-15T12:39:09.644+0000] {dagbag.py:538} INFO - Filling up the DagBag from /home/airflow/.local/lib/python3.10/site-packages/airflow/example_dags/example_external_task_marker_dag.py
[2023-01-15T12:39:09.790+0000] {processor.py:753} INFO - DAG(s) dict_keys(['example_external_task_marker_child', 'example_external_task_marker_parent']) retrieved from /home/airflow/.local/lib/python3.10/site-packages/airflow/example_dags/example_external_task_marker_dag.py
[2023-01-15T12:39:09.823+0000] {logging_mixin.py:137} INFO - [2023-01-15T12:39:09.823+0000] {dag.py:2676} INFO - Sync 2 DAGs
[2023-01-15T12:39:09.843+0000] {logging_mixin.py:137} INFO - [2023-01-15T12:39:09.843+0000] {dag.py:3423} INFO - Setting next_dagrun for example_external_task_marker_child to None, run_after=None
[2023-01-15T12:39:09.846+0000] {logging_mixin.py:137} INFO - [2023-01-15T12:39:09.846+0000] {dag.py:3423} INFO - Setting next_dagrun for example_external_task_marker_parent to None, run_after=None
[2023-01-15T12:39:09.860+0000] {processor.py:175} INFO - Processing /home/airflow/.local/lib/python3.10/site-packages/airflow/example_dags/example_external_task_marker_dag.py took 0.221 seconds
