[2023-01-15T12:33:02.234+0000] {processor.py:153} INFO - Started process (PID=76) to work on /home/airflow/.local/lib/python3.10/site-packages/airflow/example_dags/example_local_kubernetes_executor.py
[2023-01-15T12:33:02.235+0000] {processor.py:743} INFO - Processing file /home/airflow/.local/lib/python3.10/site-packages/airflow/example_dags/example_local_kubernetes_executor.py for tasks to queue
[2023-01-15T12:33:02.236+0000] {logging_mixin.py:137} INFO - [2023-01-15T12:33:02.236+0000] {dagbag.py:538} INFO - Filling up the DagBag from /home/airflow/.local/lib/python3.10/site-packages/airflow/example_dags/example_local_kubernetes_executor.py
[2023-01-15T12:33:02.467+0000] {processor.py:753} INFO - DAG(s) dict_keys(['example_local_kubernetes_executor']) retrieved from /home/airflow/.local/lib/python3.10/site-packages/airflow/example_dags/example_local_kubernetes_executor.py
[2023-01-15T12:33:02.516+0000] {logging_mixin.py:137} INFO - [2023-01-15T12:33:02.516+0000] {dag.py:2676} INFO - Sync 1 DAGs
[2023-01-15T12:33:02.540+0000] {logging_mixin.py:137} INFO - [2023-01-15T12:33:02.539+0000] {dag.py:3423} INFO - Setting next_dagrun for example_local_kubernetes_executor to None, run_after=None
[2023-01-15T12:33:02.566+0000] {processor.py:175} INFO - Processing /home/airflow/.local/lib/python3.10/site-packages/airflow/example_dags/example_local_kubernetes_executor.py took 0.336 seconds
[2023-01-15T12:33:33.892+0000] {processor.py:153} INFO - Started process (PID=149) to work on /home/airflow/.local/lib/python3.10/site-packages/airflow/example_dags/example_local_kubernetes_executor.py
[2023-01-15T12:33:33.894+0000] {processor.py:743} INFO - Processing file /home/airflow/.local/lib/python3.10/site-packages/airflow/example_dags/example_local_kubernetes_executor.py for tasks to queue
[2023-01-15T12:33:33.894+0000] {logging_mixin.py:137} INFO - [2023-01-15T12:33:33.894+0000] {dagbag.py:538} INFO - Filling up the DagBag from /home/airflow/.local/lib/python3.10/site-packages/airflow/example_dags/example_local_kubernetes_executor.py
[2023-01-15T12:33:34.127+0000] {processor.py:753} INFO - DAG(s) dict_keys(['example_local_kubernetes_executor']) retrieved from /home/airflow/.local/lib/python3.10/site-packages/airflow/example_dags/example_local_kubernetes_executor.py
[2023-01-15T12:33:34.175+0000] {logging_mixin.py:137} INFO - [2023-01-15T12:33:34.174+0000] {dag.py:2676} INFO - Sync 1 DAGs
[2023-01-15T12:33:34.207+0000] {logging_mixin.py:137} INFO - [2023-01-15T12:33:34.207+0000] {dag.py:3423} INFO - Setting next_dagrun for example_local_kubernetes_executor to None, run_after=None
[2023-01-15T12:33:34.240+0000] {processor.py:175} INFO - Processing /home/airflow/.local/lib/python3.10/site-packages/airflow/example_dags/example_local_kubernetes_executor.py took 0.352 seconds
[2023-01-15T12:34:04.317+0000] {processor.py:153} INFO - Started process (PID=222) to work on /home/airflow/.local/lib/python3.10/site-packages/airflow/example_dags/example_local_kubernetes_executor.py
[2023-01-15T12:34:04.318+0000] {processor.py:743} INFO - Processing file /home/airflow/.local/lib/python3.10/site-packages/airflow/example_dags/example_local_kubernetes_executor.py for tasks to queue
[2023-01-15T12:34:04.319+0000] {logging_mixin.py:137} INFO - [2023-01-15T12:34:04.319+0000] {dagbag.py:538} INFO - Filling up the DagBag from /home/airflow/.local/lib/python3.10/site-packages/airflow/example_dags/example_local_kubernetes_executor.py
[2023-01-15T12:34:04.349+0000] {processor.py:753} INFO - DAG(s) dict_keys(['example_local_kubernetes_executor']) retrieved from /home/airflow/.local/lib/python3.10/site-packages/airflow/example_dags/example_local_kubernetes_executor.py
[2023-01-15T12:34:04.420+0000] {logging_mixin.py:137} INFO - [2023-01-15T12:34:04.420+0000] {dag.py:2676} INFO - Sync 1 DAGs
[2023-01-15T12:34:04.470+0000] {logging_mixin.py:137} INFO - [2023-01-15T12:34:04.470+0000] {dag.py:3423} INFO - Setting next_dagrun for example_local_kubernetes_executor to None, run_after=None
[2023-01-15T12:34:04.515+0000] {processor.py:175} INFO - Processing /home/airflow/.local/lib/python3.10/site-packages/airflow/example_dags/example_local_kubernetes_executor.py took 0.201 seconds
[2023-01-15T12:34:35.926+0000] {processor.py:153} INFO - Started process (PID=286) to work on /home/airflow/.local/lib/python3.10/site-packages/airflow/example_dags/example_local_kubernetes_executor.py
[2023-01-15T12:34:35.928+0000] {processor.py:743} INFO - Processing file /home/airflow/.local/lib/python3.10/site-packages/airflow/example_dags/example_local_kubernetes_executor.py for tasks to queue
[2023-01-15T12:34:35.929+0000] {logging_mixin.py:137} INFO - [2023-01-15T12:34:35.929+0000] {dagbag.py:538} INFO - Filling up the DagBag from /home/airflow/.local/lib/python3.10/site-packages/airflow/example_dags/example_local_kubernetes_executor.py
[2023-01-15T12:34:35.977+0000] {processor.py:753} INFO - DAG(s) dict_keys(['example_local_kubernetes_executor']) retrieved from /home/airflow/.local/lib/python3.10/site-packages/airflow/example_dags/example_local_kubernetes_executor.py
[2023-01-15T12:34:36.048+0000] {logging_mixin.py:137} INFO - [2023-01-15T12:34:36.047+0000] {dag.py:2676} INFO - Sync 1 DAGs
[2023-01-15T12:34:36.085+0000] {logging_mixin.py:137} INFO - [2023-01-15T12:34:36.085+0000] {dag.py:3423} INFO - Setting next_dagrun for example_local_kubernetes_executor to None, run_after=None
[2023-01-15T12:34:36.113+0000] {processor.py:175} INFO - Processing /home/airflow/.local/lib/python3.10/site-packages/airflow/example_dags/example_local_kubernetes_executor.py took 0.193 seconds
[2023-01-15T12:35:06.922+0000] {processor.py:153} INFO - Started process (PID=351) to work on /home/airflow/.local/lib/python3.10/site-packages/airflow/example_dags/example_local_kubernetes_executor.py
[2023-01-15T12:35:06.925+0000] {processor.py:743} INFO - Processing file /home/airflow/.local/lib/python3.10/site-packages/airflow/example_dags/example_local_kubernetes_executor.py for tasks to queue
[2023-01-15T12:35:06.926+0000] {logging_mixin.py:137} INFO - [2023-01-15T12:35:06.926+0000] {dagbag.py:538} INFO - Filling up the DagBag from /home/airflow/.local/lib/python3.10/site-packages/airflow/example_dags/example_local_kubernetes_executor.py
[2023-01-15T12:35:06.991+0000] {processor.py:753} INFO - DAG(s) dict_keys(['example_local_kubernetes_executor']) retrieved from /home/airflow/.local/lib/python3.10/site-packages/airflow/example_dags/example_local_kubernetes_executor.py
[2023-01-15T12:35:07.079+0000] {logging_mixin.py:137} INFO - [2023-01-15T12:35:07.079+0000] {dag.py:2676} INFO - Sync 1 DAGs
[2023-01-15T12:35:07.137+0000] {logging_mixin.py:137} INFO - [2023-01-15T12:35:07.137+0000] {dag.py:3423} INFO - Setting next_dagrun for example_local_kubernetes_executor to None, run_after=None
[2023-01-15T12:35:07.182+0000] {processor.py:175} INFO - Processing /home/airflow/.local/lib/python3.10/site-packages/airflow/example_dags/example_local_kubernetes_executor.py took 0.267 seconds
[2023-01-15T12:35:38.127+0000] {processor.py:153} INFO - Started process (PID=416) to work on /home/airflow/.local/lib/python3.10/site-packages/airflow/example_dags/example_local_kubernetes_executor.py
[2023-01-15T12:35:38.136+0000] {processor.py:743} INFO - Processing file /home/airflow/.local/lib/python3.10/site-packages/airflow/example_dags/example_local_kubernetes_executor.py for tasks to queue
[2023-01-15T12:35:38.137+0000] {logging_mixin.py:137} INFO - [2023-01-15T12:35:38.137+0000] {dagbag.py:538} INFO - Filling up the DagBag from /home/airflow/.local/lib/python3.10/site-packages/airflow/example_dags/example_local_kubernetes_executor.py
[2023-01-15T12:35:38.166+0000] {processor.py:753} INFO - DAG(s) dict_keys(['example_local_kubernetes_executor']) retrieved from /home/airflow/.local/lib/python3.10/site-packages/airflow/example_dags/example_local_kubernetes_executor.py
[2023-01-15T12:35:38.217+0000] {logging_mixin.py:137} INFO - [2023-01-15T12:35:38.217+0000] {dag.py:2676} INFO - Sync 1 DAGs
[2023-01-15T12:35:38.242+0000] {logging_mixin.py:137} INFO - [2023-01-15T12:35:38.242+0000] {dag.py:3423} INFO - Setting next_dagrun for example_local_kubernetes_executor to None, run_after=None
[2023-01-15T12:35:38.271+0000] {processor.py:175} INFO - Processing /home/airflow/.local/lib/python3.10/site-packages/airflow/example_dags/example_local_kubernetes_executor.py took 0.148 seconds
[2023-01-15T12:36:02.714+0000] {processor.py:153} INFO - Started process (PID=76) to work on /home/airflow/.local/lib/python3.10/site-packages/airflow/example_dags/example_local_kubernetes_executor.py
[2023-01-15T12:36:02.720+0000] {processor.py:743} INFO - Processing file /home/airflow/.local/lib/python3.10/site-packages/airflow/example_dags/example_local_kubernetes_executor.py for tasks to queue
[2023-01-15T12:36:02.722+0000] {logging_mixin.py:137} INFO - [2023-01-15T12:36:02.722+0000] {dagbag.py:538} INFO - Filling up the DagBag from /home/airflow/.local/lib/python3.10/site-packages/airflow/example_dags/example_local_kubernetes_executor.py
[2023-01-15T12:36:02.779+0000] {processor.py:753} INFO - DAG(s) dict_keys(['example_local_kubernetes_executor']) retrieved from /home/airflow/.local/lib/python3.10/site-packages/airflow/example_dags/example_local_kubernetes_executor.py
[2023-01-15T12:36:02.832+0000] {logging_mixin.py:137} INFO - [2023-01-15T12:36:02.832+0000] {dag.py:2676} INFO - Sync 1 DAGs
[2023-01-15T12:36:02.895+0000] {logging_mixin.py:137} INFO - [2023-01-15T12:36:02.895+0000] {dag.py:3423} INFO - Setting next_dagrun for example_local_kubernetes_executor to None, run_after=None
[2023-01-15T12:36:02.928+0000] {processor.py:175} INFO - Processing /home/airflow/.local/lib/python3.10/site-packages/airflow/example_dags/example_local_kubernetes_executor.py took 0.220 seconds
[2023-01-15T12:36:33.638+0000] {processor.py:153} INFO - Started process (PID=142) to work on /home/airflow/.local/lib/python3.10/site-packages/airflow/example_dags/example_local_kubernetes_executor.py
[2023-01-15T12:36:33.639+0000] {processor.py:743} INFO - Processing file /home/airflow/.local/lib/python3.10/site-packages/airflow/example_dags/example_local_kubernetes_executor.py for tasks to queue
[2023-01-15T12:36:33.640+0000] {logging_mixin.py:137} INFO - [2023-01-15T12:36:33.639+0000] {dagbag.py:538} INFO - Filling up the DagBag from /home/airflow/.local/lib/python3.10/site-packages/airflow/example_dags/example_local_kubernetes_executor.py
[2023-01-15T12:36:33.670+0000] {processor.py:753} INFO - DAG(s) dict_keys(['example_local_kubernetes_executor']) retrieved from /home/airflow/.local/lib/python3.10/site-packages/airflow/example_dags/example_local_kubernetes_executor.py
[2023-01-15T12:36:33.720+0000] {logging_mixin.py:137} INFO - [2023-01-15T12:36:33.720+0000] {dag.py:2676} INFO - Sync 1 DAGs
[2023-01-15T12:36:33.897+0000] {logging_mixin.py:137} INFO - [2023-01-15T12:36:33.896+0000] {dag.py:3423} INFO - Setting next_dagrun for example_local_kubernetes_executor to None, run_after=None
[2023-01-15T12:36:33.918+0000] {processor.py:175} INFO - Processing /home/airflow/.local/lib/python3.10/site-packages/airflow/example_dags/example_local_kubernetes_executor.py took 0.284 seconds
[2023-01-15T12:37:07.604+0000] {processor.py:153} INFO - Started process (PID=208) to work on /home/airflow/.local/lib/python3.10/site-packages/airflow/example_dags/example_local_kubernetes_executor.py
[2023-01-15T12:37:07.606+0000] {processor.py:743} INFO - Processing file /home/airflow/.local/lib/python3.10/site-packages/airflow/example_dags/example_local_kubernetes_executor.py for tasks to queue
[2023-01-15T12:37:07.606+0000] {logging_mixin.py:137} INFO - [2023-01-15T12:37:07.606+0000] {dagbag.py:538} INFO - Filling up the DagBag from /home/airflow/.local/lib/python3.10/site-packages/airflow/example_dags/example_local_kubernetes_executor.py
[2023-01-15T12:37:07.639+0000] {processor.py:753} INFO - DAG(s) dict_keys(['example_local_kubernetes_executor']) retrieved from /home/airflow/.local/lib/python3.10/site-packages/airflow/example_dags/example_local_kubernetes_executor.py
[2023-01-15T12:37:07.881+0000] {logging_mixin.py:137} INFO - [2023-01-15T12:37:07.881+0000] {dag.py:2676} INFO - Sync 1 DAGs
[2023-01-15T12:37:07.917+0000] {logging_mixin.py:137} INFO - [2023-01-15T12:37:07.917+0000] {dag.py:3423} INFO - Setting next_dagrun for example_local_kubernetes_executor to None, run_after=None
[2023-01-15T12:37:07.954+0000] {processor.py:175} INFO - Processing /home/airflow/.local/lib/python3.10/site-packages/airflow/example_dags/example_local_kubernetes_executor.py took 0.354 seconds
[2023-01-15T12:37:38.031+0000] {processor.py:153} INFO - Started process (PID=274) to work on /home/airflow/.local/lib/python3.10/site-packages/airflow/example_dags/example_local_kubernetes_executor.py
[2023-01-15T12:37:38.032+0000] {processor.py:743} INFO - Processing file /home/airflow/.local/lib/python3.10/site-packages/airflow/example_dags/example_local_kubernetes_executor.py for tasks to queue
[2023-01-15T12:37:38.032+0000] {logging_mixin.py:137} INFO - [2023-01-15T12:37:38.032+0000] {dagbag.py:538} INFO - Filling up the DagBag from /home/airflow/.local/lib/python3.10/site-packages/airflow/example_dags/example_local_kubernetes_executor.py
[2023-01-15T12:37:38.058+0000] {processor.py:753} INFO - DAG(s) dict_keys(['example_local_kubernetes_executor']) retrieved from /home/airflow/.local/lib/python3.10/site-packages/airflow/example_dags/example_local_kubernetes_executor.py
[2023-01-15T12:37:38.254+0000] {logging_mixin.py:137} INFO - [2023-01-15T12:37:38.253+0000] {dag.py:2676} INFO - Sync 1 DAGs
[2023-01-15T12:37:38.277+0000] {logging_mixin.py:137} INFO - [2023-01-15T12:37:38.277+0000] {dag.py:3423} INFO - Setting next_dagrun for example_local_kubernetes_executor to None, run_after=None
[2023-01-15T12:37:38.296+0000] {processor.py:175} INFO - Processing /home/airflow/.local/lib/python3.10/site-packages/airflow/example_dags/example_local_kubernetes_executor.py took 0.269 seconds
[2023-01-15T12:38:09.162+0000] {processor.py:153} INFO - Started process (PID=354) to work on /home/airflow/.local/lib/python3.10/site-packages/airflow/example_dags/example_local_kubernetes_executor.py
[2023-01-15T12:38:09.163+0000] {processor.py:743} INFO - Processing file /home/airflow/.local/lib/python3.10/site-packages/airflow/example_dags/example_local_kubernetes_executor.py for tasks to queue
[2023-01-15T12:38:09.164+0000] {logging_mixin.py:137} INFO - [2023-01-15T12:38:09.164+0000] {dagbag.py:538} INFO - Filling up the DagBag from /home/airflow/.local/lib/python3.10/site-packages/airflow/example_dags/example_local_kubernetes_executor.py
[2023-01-15T12:38:09.197+0000] {processor.py:753} INFO - DAG(s) dict_keys(['example_local_kubernetes_executor']) retrieved from /home/airflow/.local/lib/python3.10/site-packages/airflow/example_dags/example_local_kubernetes_executor.py
[2023-01-15T12:38:09.426+0000] {logging_mixin.py:137} INFO - [2023-01-15T12:38:09.426+0000] {dag.py:2676} INFO - Sync 1 DAGs
[2023-01-15T12:38:09.455+0000] {logging_mixin.py:137} INFO - [2023-01-15T12:38:09.455+0000] {dag.py:3423} INFO - Setting next_dagrun for example_local_kubernetes_executor to None, run_after=None
[2023-01-15T12:38:09.472+0000] {processor.py:175} INFO - Processing /home/airflow/.local/lib/python3.10/site-packages/airflow/example_dags/example_local_kubernetes_executor.py took 0.320 seconds
[2023-01-15T12:38:39.941+0000] {processor.py:153} INFO - Started process (PID=420) to work on /home/airflow/.local/lib/python3.10/site-packages/airflow/example_dags/example_local_kubernetes_executor.py
[2023-01-15T12:38:39.942+0000] {processor.py:743} INFO - Processing file /home/airflow/.local/lib/python3.10/site-packages/airflow/example_dags/example_local_kubernetes_executor.py for tasks to queue
[2023-01-15T12:38:39.942+0000] {logging_mixin.py:137} INFO - [2023-01-15T12:38:39.942+0000] {dagbag.py:538} INFO - Filling up the DagBag from /home/airflow/.local/lib/python3.10/site-packages/airflow/example_dags/example_local_kubernetes_executor.py
[2023-01-15T12:38:39.965+0000] {processor.py:753} INFO - DAG(s) dict_keys(['example_local_kubernetes_executor']) retrieved from /home/airflow/.local/lib/python3.10/site-packages/airflow/example_dags/example_local_kubernetes_executor.py
[2023-01-15T12:38:40.137+0000] {logging_mixin.py:137} INFO - [2023-01-15T12:38:40.137+0000] {dag.py:2676} INFO - Sync 1 DAGs
[2023-01-15T12:38:40.158+0000] {logging_mixin.py:137} INFO - [2023-01-15T12:38:40.158+0000] {dag.py:3423} INFO - Setting next_dagrun for example_local_kubernetes_executor to None, run_after=None
[2023-01-15T12:38:40.180+0000] {processor.py:175} INFO - Processing /home/airflow/.local/lib/python3.10/site-packages/airflow/example_dags/example_local_kubernetes_executor.py took 0.241 seconds
[2023-01-15T12:39:10.461+0000] {processor.py:153} INFO - Started process (PID=486) to work on /home/airflow/.local/lib/python3.10/site-packages/airflow/example_dags/example_local_kubernetes_executor.py
[2023-01-15T12:39:10.462+0000] {processor.py:743} INFO - Processing file /home/airflow/.local/lib/python3.10/site-packages/airflow/example_dags/example_local_kubernetes_executor.py for tasks to queue
[2023-01-15T12:39:10.463+0000] {logging_mixin.py:137} INFO - [2023-01-15T12:39:10.463+0000] {dagbag.py:538} INFO - Filling up the DagBag from /home/airflow/.local/lib/python3.10/site-packages/airflow/example_dags/example_local_kubernetes_executor.py
[2023-01-15T12:39:10.616+0000] {processor.py:753} INFO - DAG(s) dict_keys(['example_local_kubernetes_executor']) retrieved from /home/airflow/.local/lib/python3.10/site-packages/airflow/example_dags/example_local_kubernetes_executor.py
[2023-01-15T12:39:10.648+0000] {logging_mixin.py:137} INFO - [2023-01-15T12:39:10.648+0000] {dag.py:2676} INFO - Sync 1 DAGs
[2023-01-15T12:39:10.667+0000] {logging_mixin.py:137} INFO - [2023-01-15T12:39:10.667+0000] {dag.py:3423} INFO - Setting next_dagrun for example_local_kubernetes_executor to None, run_after=None
[2023-01-15T12:39:10.682+0000] {processor.py:175} INFO - Processing /home/airflow/.local/lib/python3.10/site-packages/airflow/example_dags/example_local_kubernetes_executor.py took 0.224 seconds
