[2023-01-15T12:32:56.120+0000] {processor.py:153} INFO - Started process (PID=44) to work on /home/airflow/.local/lib/python3.10/site-packages/airflow/example_dags/example_python_operator.py
[2023-01-15T12:32:56.122+0000] {processor.py:743} INFO - Processing file /home/airflow/.local/lib/python3.10/site-packages/airflow/example_dags/example_python_operator.py for tasks to queue
[2023-01-15T12:32:56.122+0000] {logging_mixin.py:137} INFO - [2023-01-15T12:32:56.122+0000] {dagbag.py:538} INFO - Filling up the DagBag from /home/airflow/.local/lib/python3.10/site-packages/airflow/example_dags/example_python_operator.py
[2023-01-15T12:32:56.160+0000] {logging_mixin.py:137} INFO - [2023-01-15T12:32:56.159+0000] {taskmixin.py:205} WARNING - Dependency <Task(_PythonDecoratedOperator): print_the_context>, log_sql_query already registered for DAG: example_python_operator
[2023-01-15T12:32:56.160+0000] {logging_mixin.py:137} INFO - [2023-01-15T12:32:56.160+0000] {taskmixin.py:205} WARNING - Dependency <Task(_PythonDecoratedOperator): log_sql_query>, print_the_context already registered for DAG: example_python_operator
[2023-01-15T12:32:56.161+0000] {logging_mixin.py:137} INFO - [2023-01-15T12:32:56.161+0000] {taskmixin.py:205} WARNING - Dependency <Task(_PythonDecoratedOperator): print_the_context>, log_sql_query already registered for DAG: example_python_operator
[2023-01-15T12:32:56.161+0000] {logging_mixin.py:137} INFO - [2023-01-15T12:32:56.161+0000] {taskmixin.py:205} WARNING - Dependency <Task(_PythonDecoratedOperator): log_sql_query>, print_the_context already registered for DAG: example_python_operator
[2023-01-15T12:32:56.162+0000] {logging_mixin.py:137} INFO - [2023-01-15T12:32:56.162+0000] {taskmixin.py:205} WARNING - Dependency <Task(_PythonDecoratedOperator): print_the_context>, log_sql_query already registered for DAG: example_python_operator
[2023-01-15T12:32:56.163+0000] {logging_mixin.py:137} INFO - [2023-01-15T12:32:56.162+0000] {taskmixin.py:205} WARNING - Dependency <Task(_PythonDecoratedOperator): log_sql_query>, print_the_context already registered for DAG: example_python_operator
[2023-01-15T12:32:56.164+0000] {logging_mixin.py:137} INFO - [2023-01-15T12:32:56.164+0000] {taskmixin.py:205} WARNING - Dependency <Task(_PythonDecoratedOperator): print_the_context>, log_sql_query already registered for DAG: example_python_operator
[2023-01-15T12:32:56.164+0000] {logging_mixin.py:137} INFO - [2023-01-15T12:32:56.164+0000] {taskmixin.py:205} WARNING - Dependency <Task(_PythonDecoratedOperator): log_sql_query>, print_the_context already registered for DAG: example_python_operator
[2023-01-15T12:32:56.410+0000] {processor.py:753} INFO - DAG(s) dict_keys(['example_python_operator']) retrieved from /home/airflow/.local/lib/python3.10/site-packages/airflow/example_dags/example_python_operator.py
[2023-01-15T12:32:56.452+0000] {logging_mixin.py:137} INFO - [2023-01-15T12:32:56.452+0000] {dag.py:2676} INFO - Sync 1 DAGs
[2023-01-15T12:32:56.487+0000] {logging_mixin.py:137} INFO - [2023-01-15T12:32:56.486+0000] {dag.py:3423} INFO - Setting next_dagrun for example_python_operator to None, run_after=None
[2023-01-15T12:32:56.514+0000] {processor.py:175} INFO - Processing /home/airflow/.local/lib/python3.10/site-packages/airflow/example_dags/example_python_operator.py took 0.398 seconds
[2023-01-15T12:33:27.153+0000] {processor.py:153} INFO - Started process (PID=110) to work on /home/airflow/.local/lib/python3.10/site-packages/airflow/example_dags/example_python_operator.py
[2023-01-15T12:33:27.154+0000] {processor.py:743} INFO - Processing file /home/airflow/.local/lib/python3.10/site-packages/airflow/example_dags/example_python_operator.py for tasks to queue
[2023-01-15T12:33:27.154+0000] {logging_mixin.py:137} INFO - [2023-01-15T12:33:27.154+0000] {dagbag.py:538} INFO - Filling up the DagBag from /home/airflow/.local/lib/python3.10/site-packages/airflow/example_dags/example_python_operator.py
[2023-01-15T12:33:27.308+0000] {logging_mixin.py:137} INFO - [2023-01-15T12:33:27.308+0000] {taskmixin.py:205} WARNING - Dependency <Task(_PythonDecoratedOperator): print_the_context>, log_sql_query already registered for DAG: example_python_operator
[2023-01-15T12:33:27.308+0000] {logging_mixin.py:137} INFO - [2023-01-15T12:33:27.308+0000] {taskmixin.py:205} WARNING - Dependency <Task(_PythonDecoratedOperator): log_sql_query>, print_the_context already registered for DAG: example_python_operator
[2023-01-15T12:33:27.308+0000] {logging_mixin.py:137} INFO - [2023-01-15T12:33:27.308+0000] {taskmixin.py:205} WARNING - Dependency <Task(_PythonDecoratedOperator): print_the_context>, log_sql_query already registered for DAG: example_python_operator
[2023-01-15T12:33:27.309+0000] {logging_mixin.py:137} INFO - [2023-01-15T12:33:27.308+0000] {taskmixin.py:205} WARNING - Dependency <Task(_PythonDecoratedOperator): log_sql_query>, print_the_context already registered for DAG: example_python_operator
[2023-01-15T12:33:27.309+0000] {logging_mixin.py:137} INFO - [2023-01-15T12:33:27.309+0000] {taskmixin.py:205} WARNING - Dependency <Task(_PythonDecoratedOperator): print_the_context>, log_sql_query already registered for DAG: example_python_operator
[2023-01-15T12:33:27.309+0000] {logging_mixin.py:137} INFO - [2023-01-15T12:33:27.309+0000] {taskmixin.py:205} WARNING - Dependency <Task(_PythonDecoratedOperator): log_sql_query>, print_the_context already registered for DAG: example_python_operator
[2023-01-15T12:33:27.310+0000] {logging_mixin.py:137} INFO - [2023-01-15T12:33:27.310+0000] {taskmixin.py:205} WARNING - Dependency <Task(_PythonDecoratedOperator): print_the_context>, log_sql_query already registered for DAG: example_python_operator
[2023-01-15T12:33:27.310+0000] {logging_mixin.py:137} INFO - [2023-01-15T12:33:27.310+0000] {taskmixin.py:205} WARNING - Dependency <Task(_PythonDecoratedOperator): log_sql_query>, print_the_context already registered for DAG: example_python_operator
[2023-01-15T12:33:27.315+0000] {processor.py:753} INFO - DAG(s) dict_keys(['example_python_operator']) retrieved from /home/airflow/.local/lib/python3.10/site-packages/airflow/example_dags/example_python_operator.py
[2023-01-15T12:33:27.374+0000] {logging_mixin.py:137} INFO - [2023-01-15T12:33:27.374+0000] {dag.py:2676} INFO - Sync 1 DAGs
[2023-01-15T12:33:27.389+0000] {logging_mixin.py:137} INFO - [2023-01-15T12:33:27.389+0000] {dag.py:3423} INFO - Setting next_dagrun for example_python_operator to None, run_after=None
[2023-01-15T12:33:27.414+0000] {processor.py:175} INFO - Processing /home/airflow/.local/lib/python3.10/site-packages/airflow/example_dags/example_python_operator.py took 0.264 seconds
[2023-01-15T12:33:58.082+0000] {processor.py:153} INFO - Started process (PID=176) to work on /home/airflow/.local/lib/python3.10/site-packages/airflow/example_dags/example_python_operator.py
[2023-01-15T12:33:58.083+0000] {processor.py:743} INFO - Processing file /home/airflow/.local/lib/python3.10/site-packages/airflow/example_dags/example_python_operator.py for tasks to queue
[2023-01-15T12:33:58.084+0000] {logging_mixin.py:137} INFO - [2023-01-15T12:33:58.084+0000] {dagbag.py:538} INFO - Filling up the DagBag from /home/airflow/.local/lib/python3.10/site-packages/airflow/example_dags/example_python_operator.py
[2023-01-15T12:33:58.113+0000] {logging_mixin.py:137} INFO - [2023-01-15T12:33:58.113+0000] {taskmixin.py:205} WARNING - Dependency <Task(_PythonDecoratedOperator): print_the_context>, log_sql_query already registered for DAG: example_python_operator
[2023-01-15T12:33:58.113+0000] {logging_mixin.py:137} INFO - [2023-01-15T12:33:58.113+0000] {taskmixin.py:205} WARNING - Dependency <Task(_PythonDecoratedOperator): log_sql_query>, print_the_context already registered for DAG: example_python_operator
[2023-01-15T12:33:58.115+0000] {logging_mixin.py:137} INFO - [2023-01-15T12:33:58.114+0000] {taskmixin.py:205} WARNING - Dependency <Task(_PythonDecoratedOperator): print_the_context>, log_sql_query already registered for DAG: example_python_operator
[2023-01-15T12:33:58.115+0000] {logging_mixin.py:137} INFO - [2023-01-15T12:33:58.115+0000] {taskmixin.py:205} WARNING - Dependency <Task(_PythonDecoratedOperator): log_sql_query>, print_the_context already registered for DAG: example_python_operator
[2023-01-15T12:33:58.116+0000] {logging_mixin.py:137} INFO - [2023-01-15T12:33:58.116+0000] {taskmixin.py:205} WARNING - Dependency <Task(_PythonDecoratedOperator): print_the_context>, log_sql_query already registered for DAG: example_python_operator
[2023-01-15T12:33:58.116+0000] {logging_mixin.py:137} INFO - [2023-01-15T12:33:58.116+0000] {taskmixin.py:205} WARNING - Dependency <Task(_PythonDecoratedOperator): log_sql_query>, print_the_context already registered for DAG: example_python_operator
[2023-01-15T12:33:58.117+0000] {logging_mixin.py:137} INFO - [2023-01-15T12:33:58.117+0000] {taskmixin.py:205} WARNING - Dependency <Task(_PythonDecoratedOperator): print_the_context>, log_sql_query already registered for DAG: example_python_operator
[2023-01-15T12:33:58.117+0000] {logging_mixin.py:137} INFO - [2023-01-15T12:33:58.117+0000] {taskmixin.py:205} WARNING - Dependency <Task(_PythonDecoratedOperator): log_sql_query>, print_the_context already registered for DAG: example_python_operator
[2023-01-15T12:33:58.128+0000] {processor.py:753} INFO - DAG(s) dict_keys(['example_python_operator']) retrieved from /home/airflow/.local/lib/python3.10/site-packages/airflow/example_dags/example_python_operator.py
[2023-01-15T12:33:58.188+0000] {logging_mixin.py:137} INFO - [2023-01-15T12:33:58.188+0000] {dag.py:2676} INFO - Sync 1 DAGs
[2023-01-15T12:33:58.218+0000] {logging_mixin.py:137} INFO - [2023-01-15T12:33:58.218+0000] {dag.py:3423} INFO - Setting next_dagrun for example_python_operator to None, run_after=None
[2023-01-15T12:33:58.252+0000] {processor.py:175} INFO - Processing /home/airflow/.local/lib/python3.10/site-packages/airflow/example_dags/example_python_operator.py took 0.175 seconds
[2023-01-15T12:34:29.163+0000] {processor.py:153} INFO - Started process (PID=241) to work on /home/airflow/.local/lib/python3.10/site-packages/airflow/example_dags/example_python_operator.py
[2023-01-15T12:34:29.164+0000] {processor.py:743} INFO - Processing file /home/airflow/.local/lib/python3.10/site-packages/airflow/example_dags/example_python_operator.py for tasks to queue
[2023-01-15T12:34:29.165+0000] {logging_mixin.py:137} INFO - [2023-01-15T12:34:29.165+0000] {dagbag.py:538} INFO - Filling up the DagBag from /home/airflow/.local/lib/python3.10/site-packages/airflow/example_dags/example_python_operator.py
[2023-01-15T12:34:29.195+0000] {logging_mixin.py:137} INFO - [2023-01-15T12:34:29.194+0000] {taskmixin.py:205} WARNING - Dependency <Task(_PythonDecoratedOperator): print_the_context>, log_sql_query already registered for DAG: example_python_operator
[2023-01-15T12:34:29.195+0000] {logging_mixin.py:137} INFO - [2023-01-15T12:34:29.195+0000] {taskmixin.py:205} WARNING - Dependency <Task(_PythonDecoratedOperator): log_sql_query>, print_the_context already registered for DAG: example_python_operator
[2023-01-15T12:34:29.196+0000] {logging_mixin.py:137} INFO - [2023-01-15T12:34:29.196+0000] {taskmixin.py:205} WARNING - Dependency <Task(_PythonDecoratedOperator): print_the_context>, log_sql_query already registered for DAG: example_python_operator
[2023-01-15T12:34:29.196+0000] {logging_mixin.py:137} INFO - [2023-01-15T12:34:29.196+0000] {taskmixin.py:205} WARNING - Dependency <Task(_PythonDecoratedOperator): log_sql_query>, print_the_context already registered for DAG: example_python_operator
[2023-01-15T12:34:29.197+0000] {logging_mixin.py:137} INFO - [2023-01-15T12:34:29.197+0000] {taskmixin.py:205} WARNING - Dependency <Task(_PythonDecoratedOperator): print_the_context>, log_sql_query already registered for DAG: example_python_operator
[2023-01-15T12:34:29.197+0000] {logging_mixin.py:137} INFO - [2023-01-15T12:34:29.197+0000] {taskmixin.py:205} WARNING - Dependency <Task(_PythonDecoratedOperator): log_sql_query>, print_the_context already registered for DAG: example_python_operator
[2023-01-15T12:34:29.198+0000] {logging_mixin.py:137} INFO - [2023-01-15T12:34:29.198+0000] {taskmixin.py:205} WARNING - Dependency <Task(_PythonDecoratedOperator): print_the_context>, log_sql_query already registered for DAG: example_python_operator
[2023-01-15T12:34:29.198+0000] {logging_mixin.py:137} INFO - [2023-01-15T12:34:29.198+0000] {taskmixin.py:205} WARNING - Dependency <Task(_PythonDecoratedOperator): log_sql_query>, print_the_context already registered for DAG: example_python_operator
[2023-01-15T12:34:29.209+0000] {processor.py:753} INFO - DAG(s) dict_keys(['example_python_operator']) retrieved from /home/airflow/.local/lib/python3.10/site-packages/airflow/example_dags/example_python_operator.py
[2023-01-15T12:34:29.272+0000] {logging_mixin.py:137} INFO - [2023-01-15T12:34:29.272+0000] {dag.py:2676} INFO - Sync 1 DAGs
[2023-01-15T12:34:29.305+0000] {logging_mixin.py:137} INFO - [2023-01-15T12:34:29.304+0000] {dag.py:3423} INFO - Setting next_dagrun for example_python_operator to None, run_after=None
[2023-01-15T12:34:29.330+0000] {processor.py:175} INFO - Processing /home/airflow/.local/lib/python3.10/site-packages/airflow/example_dags/example_python_operator.py took 0.172 seconds
[2023-01-15T12:34:59.479+0000] {processor.py:153} INFO - Started process (PID=305) to work on /home/airflow/.local/lib/python3.10/site-packages/airflow/example_dags/example_python_operator.py
[2023-01-15T12:34:59.480+0000] {processor.py:743} INFO - Processing file /home/airflow/.local/lib/python3.10/site-packages/airflow/example_dags/example_python_operator.py for tasks to queue
[2023-01-15T12:34:59.481+0000] {logging_mixin.py:137} INFO - [2023-01-15T12:34:59.481+0000] {dagbag.py:538} INFO - Filling up the DagBag from /home/airflow/.local/lib/python3.10/site-packages/airflow/example_dags/example_python_operator.py
[2023-01-15T12:34:59.495+0000] {logging_mixin.py:137} INFO - [2023-01-15T12:34:59.495+0000] {taskmixin.py:205} WARNING - Dependency <Task(_PythonDecoratedOperator): print_the_context>, log_sql_query already registered for DAG: example_python_operator
[2023-01-15T12:34:59.495+0000] {logging_mixin.py:137} INFO - [2023-01-15T12:34:59.495+0000] {taskmixin.py:205} WARNING - Dependency <Task(_PythonDecoratedOperator): log_sql_query>, print_the_context already registered for DAG: example_python_operator
[2023-01-15T12:34:59.496+0000] {logging_mixin.py:137} INFO - [2023-01-15T12:34:59.495+0000] {taskmixin.py:205} WARNING - Dependency <Task(_PythonDecoratedOperator): print_the_context>, log_sql_query already registered for DAG: example_python_operator
[2023-01-15T12:34:59.496+0000] {logging_mixin.py:137} INFO - [2023-01-15T12:34:59.496+0000] {taskmixin.py:205} WARNING - Dependency <Task(_PythonDecoratedOperator): log_sql_query>, print_the_context already registered for DAG: example_python_operator
[2023-01-15T12:34:59.496+0000] {logging_mixin.py:137} INFO - [2023-01-15T12:34:59.496+0000] {taskmixin.py:205} WARNING - Dependency <Task(_PythonDecoratedOperator): print_the_context>, log_sql_query already registered for DAG: example_python_operator
[2023-01-15T12:34:59.496+0000] {logging_mixin.py:137} INFO - [2023-01-15T12:34:59.496+0000] {taskmixin.py:205} WARNING - Dependency <Task(_PythonDecoratedOperator): log_sql_query>, print_the_context already registered for DAG: example_python_operator
[2023-01-15T12:34:59.497+0000] {logging_mixin.py:137} INFO - [2023-01-15T12:34:59.497+0000] {taskmixin.py:205} WARNING - Dependency <Task(_PythonDecoratedOperator): print_the_context>, log_sql_query already registered for DAG: example_python_operator
[2023-01-15T12:34:59.497+0000] {logging_mixin.py:137} INFO - [2023-01-15T12:34:59.497+0000] {taskmixin.py:205} WARNING - Dependency <Task(_PythonDecoratedOperator): log_sql_query>, print_the_context already registered for DAG: example_python_operator
[2023-01-15T12:34:59.502+0000] {processor.py:753} INFO - DAG(s) dict_keys(['example_python_operator']) retrieved from /home/airflow/.local/lib/python3.10/site-packages/airflow/example_dags/example_python_operator.py
[2023-01-15T12:34:59.533+0000] {logging_mixin.py:137} INFO - [2023-01-15T12:34:59.533+0000] {dag.py:2676} INFO - Sync 1 DAGs
[2023-01-15T12:34:59.549+0000] {logging_mixin.py:137} INFO - [2023-01-15T12:34:59.549+0000] {dag.py:3423} INFO - Setting next_dagrun for example_python_operator to None, run_after=None
[2023-01-15T12:34:59.563+0000] {processor.py:175} INFO - Processing /home/airflow/.local/lib/python3.10/site-packages/airflow/example_dags/example_python_operator.py took 0.086 seconds
[2023-01-15T12:35:29.724+0000] {processor.py:153} INFO - Started process (PID=370) to work on /home/airflow/.local/lib/python3.10/site-packages/airflow/example_dags/example_python_operator.py
[2023-01-15T12:35:29.724+0000] {processor.py:743} INFO - Processing file /home/airflow/.local/lib/python3.10/site-packages/airflow/example_dags/example_python_operator.py for tasks to queue
[2023-01-15T12:35:29.725+0000] {logging_mixin.py:137} INFO - [2023-01-15T12:35:29.725+0000] {dagbag.py:538} INFO - Filling up the DagBag from /home/airflow/.local/lib/python3.10/site-packages/airflow/example_dags/example_python_operator.py
[2023-01-15T12:35:29.748+0000] {logging_mixin.py:137} INFO - [2023-01-15T12:35:29.747+0000] {taskmixin.py:205} WARNING - Dependency <Task(_PythonDecoratedOperator): print_the_context>, log_sql_query already registered for DAG: example_python_operator
[2023-01-15T12:35:29.748+0000] {logging_mixin.py:137} INFO - [2023-01-15T12:35:29.748+0000] {taskmixin.py:205} WARNING - Dependency <Task(_PythonDecoratedOperator): log_sql_query>, print_the_context already registered for DAG: example_python_operator
[2023-01-15T12:35:29.749+0000] {logging_mixin.py:137} INFO - [2023-01-15T12:35:29.749+0000] {taskmixin.py:205} WARNING - Dependency <Task(_PythonDecoratedOperator): print_the_context>, log_sql_query already registered for DAG: example_python_operator
[2023-01-15T12:35:29.749+0000] {logging_mixin.py:137} INFO - [2023-01-15T12:35:29.749+0000] {taskmixin.py:205} WARNING - Dependency <Task(_PythonDecoratedOperator): log_sql_query>, print_the_context already registered for DAG: example_python_operator
[2023-01-15T12:35:29.750+0000] {logging_mixin.py:137} INFO - [2023-01-15T12:35:29.750+0000] {taskmixin.py:205} WARNING - Dependency <Task(_PythonDecoratedOperator): print_the_context>, log_sql_query already registered for DAG: example_python_operator
[2023-01-15T12:35:29.750+0000] {logging_mixin.py:137} INFO - [2023-01-15T12:35:29.750+0000] {taskmixin.py:205} WARNING - Dependency <Task(_PythonDecoratedOperator): log_sql_query>, print_the_context already registered for DAG: example_python_operator
[2023-01-15T12:35:29.751+0000] {logging_mixin.py:137} INFO - [2023-01-15T12:35:29.751+0000] {taskmixin.py:205} WARNING - Dependency <Task(_PythonDecoratedOperator): print_the_context>, log_sql_query already registered for DAG: example_python_operator
[2023-01-15T12:35:29.751+0000] {logging_mixin.py:137} INFO - [2023-01-15T12:35:29.751+0000] {taskmixin.py:205} WARNING - Dependency <Task(_PythonDecoratedOperator): log_sql_query>, print_the_context already registered for DAG: example_python_operator
[2023-01-15T12:35:29.760+0000] {processor.py:753} INFO - DAG(s) dict_keys(['example_python_operator']) retrieved from /home/airflow/.local/lib/python3.10/site-packages/airflow/example_dags/example_python_operator.py
[2023-01-15T12:35:29.805+0000] {logging_mixin.py:137} INFO - [2023-01-15T12:35:29.805+0000] {dag.py:2676} INFO - Sync 1 DAGs
[2023-01-15T12:35:29.831+0000] {logging_mixin.py:137} INFO - [2023-01-15T12:35:29.831+0000] {dag.py:3423} INFO - Setting next_dagrun for example_python_operator to None, run_after=None
[2023-01-15T12:35:29.849+0000] {processor.py:175} INFO - Processing /home/airflow/.local/lib/python3.10/site-packages/airflow/example_dags/example_python_operator.py took 0.129 seconds
[2023-01-15T12:35:57.141+0000] {processor.py:153} INFO - Started process (PID=37) to work on /home/airflow/.local/lib/python3.10/site-packages/airflow/example_dags/example_python_operator.py
[2023-01-15T12:35:57.144+0000] {processor.py:743} INFO - Processing file /home/airflow/.local/lib/python3.10/site-packages/airflow/example_dags/example_python_operator.py for tasks to queue
[2023-01-15T12:35:57.145+0000] {logging_mixin.py:137} INFO - [2023-01-15T12:35:57.145+0000] {dagbag.py:538} INFO - Filling up the DagBag from /home/airflow/.local/lib/python3.10/site-packages/airflow/example_dags/example_python_operator.py
[2023-01-15T12:35:57.212+0000] {logging_mixin.py:137} INFO - [2023-01-15T12:35:57.211+0000] {taskmixin.py:205} WARNING - Dependency <Task(_PythonDecoratedOperator): print_the_context>, log_sql_query already registered for DAG: example_python_operator
[2023-01-15T12:35:57.212+0000] {logging_mixin.py:137} INFO - [2023-01-15T12:35:57.212+0000] {taskmixin.py:205} WARNING - Dependency <Task(_PythonDecoratedOperator): log_sql_query>, print_the_context already registered for DAG: example_python_operator
[2023-01-15T12:35:57.214+0000] {logging_mixin.py:137} INFO - [2023-01-15T12:35:57.214+0000] {taskmixin.py:205} WARNING - Dependency <Task(_PythonDecoratedOperator): print_the_context>, log_sql_query already registered for DAG: example_python_operator
[2023-01-15T12:35:57.214+0000] {logging_mixin.py:137} INFO - [2023-01-15T12:35:57.214+0000] {taskmixin.py:205} WARNING - Dependency <Task(_PythonDecoratedOperator): log_sql_query>, print_the_context already registered for DAG: example_python_operator
[2023-01-15T12:35:57.216+0000] {logging_mixin.py:137} INFO - [2023-01-15T12:35:57.216+0000] {taskmixin.py:205} WARNING - Dependency <Task(_PythonDecoratedOperator): print_the_context>, log_sql_query already registered for DAG: example_python_operator
[2023-01-15T12:35:57.217+0000] {logging_mixin.py:137} INFO - [2023-01-15T12:35:57.217+0000] {taskmixin.py:205} WARNING - Dependency <Task(_PythonDecoratedOperator): log_sql_query>, print_the_context already registered for DAG: example_python_operator
[2023-01-15T12:35:57.219+0000] {logging_mixin.py:137} INFO - [2023-01-15T12:35:57.218+0000] {taskmixin.py:205} WARNING - Dependency <Task(_PythonDecoratedOperator): print_the_context>, log_sql_query already registered for DAG: example_python_operator
[2023-01-15T12:35:57.219+0000] {logging_mixin.py:137} INFO - [2023-01-15T12:35:57.219+0000] {taskmixin.py:205} WARNING - Dependency <Task(_PythonDecoratedOperator): log_sql_query>, print_the_context already registered for DAG: example_python_operator
[2023-01-15T12:35:57.238+0000] {processor.py:753} INFO - DAG(s) dict_keys(['example_python_operator']) retrieved from /home/airflow/.local/lib/python3.10/site-packages/airflow/example_dags/example_python_operator.py
[2023-01-15T12:35:57.307+0000] {logging_mixin.py:137} INFO - [2023-01-15T12:35:57.306+0000] {dag.py:2676} INFO - Sync 1 DAGs
[2023-01-15T12:35:57.358+0000] {logging_mixin.py:137} INFO - [2023-01-15T12:35:57.357+0000] {dag.py:3423} INFO - Setting next_dagrun for example_python_operator to None, run_after=None
[2023-01-15T12:35:57.402+0000] {processor.py:175} INFO - Processing /home/airflow/.local/lib/python3.10/site-packages/airflow/example_dags/example_python_operator.py took 0.267 seconds
[2023-01-15T12:36:27.613+0000] {processor.py:153} INFO - Started process (PID=110) to work on /home/airflow/.local/lib/python3.10/site-packages/airflow/example_dags/example_python_operator.py
[2023-01-15T12:36:27.614+0000] {processor.py:743} INFO - Processing file /home/airflow/.local/lib/python3.10/site-packages/airflow/example_dags/example_python_operator.py for tasks to queue
[2023-01-15T12:36:27.615+0000] {logging_mixin.py:137} INFO - [2023-01-15T12:36:27.615+0000] {dagbag.py:538} INFO - Filling up the DagBag from /home/airflow/.local/lib/python3.10/site-packages/airflow/example_dags/example_python_operator.py
[2023-01-15T12:36:27.648+0000] {logging_mixin.py:137} INFO - [2023-01-15T12:36:27.647+0000] {taskmixin.py:205} WARNING - Dependency <Task(_PythonDecoratedOperator): print_the_context>, log_sql_query already registered for DAG: example_python_operator
[2023-01-15T12:36:27.648+0000] {logging_mixin.py:137} INFO - [2023-01-15T12:36:27.648+0000] {taskmixin.py:205} WARNING - Dependency <Task(_PythonDecoratedOperator): log_sql_query>, print_the_context already registered for DAG: example_python_operator
[2023-01-15T12:36:27.649+0000] {logging_mixin.py:137} INFO - [2023-01-15T12:36:27.649+0000] {taskmixin.py:205} WARNING - Dependency <Task(_PythonDecoratedOperator): print_the_context>, log_sql_query already registered for DAG: example_python_operator
[2023-01-15T12:36:27.649+0000] {logging_mixin.py:137} INFO - [2023-01-15T12:36:27.649+0000] {taskmixin.py:205} WARNING - Dependency <Task(_PythonDecoratedOperator): log_sql_query>, print_the_context already registered for DAG: example_python_operator
[2023-01-15T12:36:27.650+0000] {logging_mixin.py:137} INFO - [2023-01-15T12:36:27.650+0000] {taskmixin.py:205} WARNING - Dependency <Task(_PythonDecoratedOperator): print_the_context>, log_sql_query already registered for DAG: example_python_operator
[2023-01-15T12:36:27.651+0000] {logging_mixin.py:137} INFO - [2023-01-15T12:36:27.651+0000] {taskmixin.py:205} WARNING - Dependency <Task(_PythonDecoratedOperator): log_sql_query>, print_the_context already registered for DAG: example_python_operator
[2023-01-15T12:36:27.652+0000] {logging_mixin.py:137} INFO - [2023-01-15T12:36:27.652+0000] {taskmixin.py:205} WARNING - Dependency <Task(_PythonDecoratedOperator): print_the_context>, log_sql_query already registered for DAG: example_python_operator
[2023-01-15T12:36:27.652+0000] {logging_mixin.py:137} INFO - [2023-01-15T12:36:27.652+0000] {taskmixin.py:205} WARNING - Dependency <Task(_PythonDecoratedOperator): log_sql_query>, print_the_context already registered for DAG: example_python_operator
[2023-01-15T12:36:27.663+0000] {processor.py:753} INFO - DAG(s) dict_keys(['example_python_operator']) retrieved from /home/airflow/.local/lib/python3.10/site-packages/airflow/example_dags/example_python_operator.py
[2023-01-15T12:36:27.948+0000] {logging_mixin.py:137} INFO - [2023-01-15T12:36:27.948+0000] {dag.py:2676} INFO - Sync 1 DAGs
[2023-01-15T12:36:27.978+0000] {logging_mixin.py:137} INFO - [2023-01-15T12:36:27.978+0000] {dag.py:3423} INFO - Setting next_dagrun for example_python_operator to None, run_after=None
[2023-01-15T12:36:28.022+0000] {processor.py:175} INFO - Processing /home/airflow/.local/lib/python3.10/site-packages/airflow/example_dags/example_python_operator.py took 0.414 seconds
[2023-01-15T12:36:58.746+0000] {processor.py:153} INFO - Started process (PID=176) to work on /home/airflow/.local/lib/python3.10/site-packages/airflow/example_dags/example_python_operator.py
[2023-01-15T12:36:58.748+0000] {processor.py:743} INFO - Processing file /home/airflow/.local/lib/python3.10/site-packages/airflow/example_dags/example_python_operator.py for tasks to queue
[2023-01-15T12:36:58.749+0000] {logging_mixin.py:137} INFO - [2023-01-15T12:36:58.749+0000] {dagbag.py:538} INFO - Filling up the DagBag from /home/airflow/.local/lib/python3.10/site-packages/airflow/example_dags/example_python_operator.py
[2023-01-15T12:36:58.804+0000] {logging_mixin.py:137} INFO - [2023-01-15T12:36:58.804+0000] {taskmixin.py:205} WARNING - Dependency <Task(_PythonDecoratedOperator): print_the_context>, log_sql_query already registered for DAG: example_python_operator
[2023-01-15T12:36:58.805+0000] {logging_mixin.py:137} INFO - [2023-01-15T12:36:58.805+0000] {taskmixin.py:205} WARNING - Dependency <Task(_PythonDecoratedOperator): log_sql_query>, print_the_context already registered for DAG: example_python_operator
[2023-01-15T12:36:58.807+0000] {logging_mixin.py:137} INFO - [2023-01-15T12:36:58.807+0000] {taskmixin.py:205} WARNING - Dependency <Task(_PythonDecoratedOperator): print_the_context>, log_sql_query already registered for DAG: example_python_operator
[2023-01-15T12:36:58.808+0000] {logging_mixin.py:137} INFO - [2023-01-15T12:36:58.807+0000] {taskmixin.py:205} WARNING - Dependency <Task(_PythonDecoratedOperator): log_sql_query>, print_the_context already registered for DAG: example_python_operator
[2023-01-15T12:36:58.810+0000] {logging_mixin.py:137} INFO - [2023-01-15T12:36:58.810+0000] {taskmixin.py:205} WARNING - Dependency <Task(_PythonDecoratedOperator): print_the_context>, log_sql_query already registered for DAG: example_python_operator
[2023-01-15T12:36:58.811+0000] {logging_mixin.py:137} INFO - [2023-01-15T12:36:58.811+0000] {taskmixin.py:205} WARNING - Dependency <Task(_PythonDecoratedOperator): log_sql_query>, print_the_context already registered for DAG: example_python_operator
[2023-01-15T12:36:58.814+0000] {logging_mixin.py:137} INFO - [2023-01-15T12:36:58.814+0000] {taskmixin.py:205} WARNING - Dependency <Task(_PythonDecoratedOperator): print_the_context>, log_sql_query already registered for DAG: example_python_operator
[2023-01-15T12:36:58.815+0000] {logging_mixin.py:137} INFO - [2023-01-15T12:36:58.814+0000] {taskmixin.py:205} WARNING - Dependency <Task(_PythonDecoratedOperator): log_sql_query>, print_the_context already registered for DAG: example_python_operator
[2023-01-15T12:36:58.842+0000] {processor.py:753} INFO - DAG(s) dict_keys(['example_python_operator']) retrieved from /home/airflow/.local/lib/python3.10/site-packages/airflow/example_dags/example_python_operator.py
[2023-01-15T12:36:58.980+0000] {logging_mixin.py:137} INFO - [2023-01-15T12:36:58.980+0000] {dag.py:2676} INFO - Sync 1 DAGs
[2023-01-15T12:36:59.490+0000] {logging_mixin.py:137} INFO - [2023-01-15T12:36:59.489+0000] {dag.py:3423} INFO - Setting next_dagrun for example_python_operator to None, run_after=None
[2023-01-15T12:36:59.540+0000] {processor.py:175} INFO - Processing /home/airflow/.local/lib/python3.10/site-packages/airflow/example_dags/example_python_operator.py took 0.803 seconds
[2023-01-15T12:37:29.923+0000] {processor.py:153} INFO - Started process (PID=242) to work on /home/airflow/.local/lib/python3.10/site-packages/airflow/example_dags/example_python_operator.py
[2023-01-15T12:37:29.924+0000] {processor.py:743} INFO - Processing file /home/airflow/.local/lib/python3.10/site-packages/airflow/example_dags/example_python_operator.py for tasks to queue
[2023-01-15T12:37:29.924+0000] {logging_mixin.py:137} INFO - [2023-01-15T12:37:29.924+0000] {dagbag.py:538} INFO - Filling up the DagBag from /home/airflow/.local/lib/python3.10/site-packages/airflow/example_dags/example_python_operator.py
[2023-01-15T12:37:29.951+0000] {logging_mixin.py:137} INFO - [2023-01-15T12:37:29.951+0000] {taskmixin.py:205} WARNING - Dependency <Task(_PythonDecoratedOperator): print_the_context>, log_sql_query already registered for DAG: example_python_operator
[2023-01-15T12:37:29.952+0000] {logging_mixin.py:137} INFO - [2023-01-15T12:37:29.952+0000] {taskmixin.py:205} WARNING - Dependency <Task(_PythonDecoratedOperator): log_sql_query>, print_the_context already registered for DAG: example_python_operator
[2023-01-15T12:37:29.953+0000] {logging_mixin.py:137} INFO - [2023-01-15T12:37:29.953+0000] {taskmixin.py:205} WARNING - Dependency <Task(_PythonDecoratedOperator): print_the_context>, log_sql_query already registered for DAG: example_python_operator
[2023-01-15T12:37:29.953+0000] {logging_mixin.py:137} INFO - [2023-01-15T12:37:29.953+0000] {taskmixin.py:205} WARNING - Dependency <Task(_PythonDecoratedOperator): log_sql_query>, print_the_context already registered for DAG: example_python_operator
[2023-01-15T12:37:29.954+0000] {logging_mixin.py:137} INFO - [2023-01-15T12:37:29.954+0000] {taskmixin.py:205} WARNING - Dependency <Task(_PythonDecoratedOperator): print_the_context>, log_sql_query already registered for DAG: example_python_operator
[2023-01-15T12:37:29.954+0000] {logging_mixin.py:137} INFO - [2023-01-15T12:37:29.954+0000] {taskmixin.py:205} WARNING - Dependency <Task(_PythonDecoratedOperator): log_sql_query>, print_the_context already registered for DAG: example_python_operator
[2023-01-15T12:37:29.956+0000] {logging_mixin.py:137} INFO - [2023-01-15T12:37:29.955+0000] {taskmixin.py:205} WARNING - Dependency <Task(_PythonDecoratedOperator): print_the_context>, log_sql_query already registered for DAG: example_python_operator
[2023-01-15T12:37:29.956+0000] {logging_mixin.py:137} INFO - [2023-01-15T12:37:29.956+0000] {taskmixin.py:205} WARNING - Dependency <Task(_PythonDecoratedOperator): log_sql_query>, print_the_context already registered for DAG: example_python_operator
[2023-01-15T12:37:29.963+0000] {processor.py:753} INFO - DAG(s) dict_keys(['example_python_operator']) retrieved from /home/airflow/.local/lib/python3.10/site-packages/airflow/example_dags/example_python_operator.py
[2023-01-15T12:37:30.170+0000] {logging_mixin.py:137} INFO - [2023-01-15T12:37:30.170+0000] {dag.py:2676} INFO - Sync 1 DAGs
[2023-01-15T12:37:30.194+0000] {logging_mixin.py:137} INFO - [2023-01-15T12:37:30.193+0000] {dag.py:3423} INFO - Setting next_dagrun for example_python_operator to None, run_after=None
[2023-01-15T12:37:30.225+0000] {processor.py:175} INFO - Processing /home/airflow/.local/lib/python3.10/site-packages/airflow/example_dags/example_python_operator.py took 0.306 seconds
[2023-01-15T12:38:00.890+0000] {processor.py:153} INFO - Started process (PID=308) to work on /home/airflow/.local/lib/python3.10/site-packages/airflow/example_dags/example_python_operator.py
[2023-01-15T12:38:00.891+0000] {processor.py:743} INFO - Processing file /home/airflow/.local/lib/python3.10/site-packages/airflow/example_dags/example_python_operator.py for tasks to queue
[2023-01-15T12:38:00.892+0000] {logging_mixin.py:137} INFO - [2023-01-15T12:38:00.892+0000] {dagbag.py:538} INFO - Filling up the DagBag from /home/airflow/.local/lib/python3.10/site-packages/airflow/example_dags/example_python_operator.py
[2023-01-15T12:38:00.922+0000] {logging_mixin.py:137} INFO - [2023-01-15T12:38:00.921+0000] {taskmixin.py:205} WARNING - Dependency <Task(_PythonDecoratedOperator): print_the_context>, log_sql_query already registered for DAG: example_python_operator
[2023-01-15T12:38:00.922+0000] {logging_mixin.py:137} INFO - [2023-01-15T12:38:00.922+0000] {taskmixin.py:205} WARNING - Dependency <Task(_PythonDecoratedOperator): log_sql_query>, print_the_context already registered for DAG: example_python_operator
[2023-01-15T12:38:00.923+0000] {logging_mixin.py:137} INFO - [2023-01-15T12:38:00.923+0000] {taskmixin.py:205} WARNING - Dependency <Task(_PythonDecoratedOperator): print_the_context>, log_sql_query already registered for DAG: example_python_operator
[2023-01-15T12:38:00.924+0000] {logging_mixin.py:137} INFO - [2023-01-15T12:38:00.923+0000] {taskmixin.py:205} WARNING - Dependency <Task(_PythonDecoratedOperator): log_sql_query>, print_the_context already registered for DAG: example_python_operator
[2023-01-15T12:38:00.925+0000] {logging_mixin.py:137} INFO - [2023-01-15T12:38:00.925+0000] {taskmixin.py:205} WARNING - Dependency <Task(_PythonDecoratedOperator): print_the_context>, log_sql_query already registered for DAG: example_python_operator
[2023-01-15T12:38:00.925+0000] {logging_mixin.py:137} INFO - [2023-01-15T12:38:00.925+0000] {taskmixin.py:205} WARNING - Dependency <Task(_PythonDecoratedOperator): log_sql_query>, print_the_context already registered for DAG: example_python_operator
[2023-01-15T12:38:00.927+0000] {logging_mixin.py:137} INFO - [2023-01-15T12:38:00.927+0000] {taskmixin.py:205} WARNING - Dependency <Task(_PythonDecoratedOperator): print_the_context>, log_sql_query already registered for DAG: example_python_operator
[2023-01-15T12:38:00.927+0000] {logging_mixin.py:137} INFO - [2023-01-15T12:38:00.927+0000] {taskmixin.py:205} WARNING - Dependency <Task(_PythonDecoratedOperator): log_sql_query>, print_the_context already registered for DAG: example_python_operator
[2023-01-15T12:38:00.941+0000] {processor.py:753} INFO - DAG(s) dict_keys(['example_python_operator']) retrieved from /home/airflow/.local/lib/python3.10/site-packages/airflow/example_dags/example_python_operator.py
[2023-01-15T12:38:01.185+0000] {logging_mixin.py:137} INFO - [2023-01-15T12:38:01.184+0000] {dag.py:2676} INFO - Sync 1 DAGs
[2023-01-15T12:38:01.218+0000] {logging_mixin.py:137} INFO - [2023-01-15T12:38:01.217+0000] {dag.py:3423} INFO - Setting next_dagrun for example_python_operator to None, run_after=None
[2023-01-15T12:38:01.239+0000] {processor.py:175} INFO - Processing /home/airflow/.local/lib/python3.10/site-packages/airflow/example_dags/example_python_operator.py took 0.353 seconds
[2023-01-15T12:38:32.181+0000] {processor.py:153} INFO - Started process (PID=374) to work on /home/airflow/.local/lib/python3.10/site-packages/airflow/example_dags/example_python_operator.py
[2023-01-15T12:38:32.190+0000] {processor.py:743} INFO - Processing file /home/airflow/.local/lib/python3.10/site-packages/airflow/example_dags/example_python_operator.py for tasks to queue
[2023-01-15T12:38:32.191+0000] {logging_mixin.py:137} INFO - [2023-01-15T12:38:32.191+0000] {dagbag.py:538} INFO - Filling up the DagBag from /home/airflow/.local/lib/python3.10/site-packages/airflow/example_dags/example_python_operator.py
[2023-01-15T12:38:32.216+0000] {logging_mixin.py:137} INFO - [2023-01-15T12:38:32.216+0000] {taskmixin.py:205} WARNING - Dependency <Task(_PythonDecoratedOperator): print_the_context>, log_sql_query already registered for DAG: example_python_operator
[2023-01-15T12:38:32.216+0000] {logging_mixin.py:137} INFO - [2023-01-15T12:38:32.216+0000] {taskmixin.py:205} WARNING - Dependency <Task(_PythonDecoratedOperator): log_sql_query>, print_the_context already registered for DAG: example_python_operator
[2023-01-15T12:38:32.217+0000] {logging_mixin.py:137} INFO - [2023-01-15T12:38:32.217+0000] {taskmixin.py:205} WARNING - Dependency <Task(_PythonDecoratedOperator): print_the_context>, log_sql_query already registered for DAG: example_python_operator
[2023-01-15T12:38:32.218+0000] {logging_mixin.py:137} INFO - [2023-01-15T12:38:32.218+0000] {taskmixin.py:205} WARNING - Dependency <Task(_PythonDecoratedOperator): log_sql_query>, print_the_context already registered for DAG: example_python_operator
[2023-01-15T12:38:32.219+0000] {logging_mixin.py:137} INFO - [2023-01-15T12:38:32.219+0000] {taskmixin.py:205} WARNING - Dependency <Task(_PythonDecoratedOperator): print_the_context>, log_sql_query already registered for DAG: example_python_operator
[2023-01-15T12:38:32.219+0000] {logging_mixin.py:137} INFO - [2023-01-15T12:38:32.219+0000] {taskmixin.py:205} WARNING - Dependency <Task(_PythonDecoratedOperator): log_sql_query>, print_the_context already registered for DAG: example_python_operator
[2023-01-15T12:38:32.220+0000] {logging_mixin.py:137} INFO - [2023-01-15T12:38:32.220+0000] {taskmixin.py:205} WARNING - Dependency <Task(_PythonDecoratedOperator): print_the_context>, log_sql_query already registered for DAG: example_python_operator
[2023-01-15T12:38:32.221+0000] {logging_mixin.py:137} INFO - [2023-01-15T12:38:32.220+0000] {taskmixin.py:205} WARNING - Dependency <Task(_PythonDecoratedOperator): log_sql_query>, print_the_context already registered for DAG: example_python_operator
[2023-01-15T12:38:32.236+0000] {processor.py:753} INFO - DAG(s) dict_keys(['example_python_operator']) retrieved from /home/airflow/.local/lib/python3.10/site-packages/airflow/example_dags/example_python_operator.py
[2023-01-15T12:38:32.512+0000] {logging_mixin.py:137} INFO - [2023-01-15T12:38:32.511+0000] {dag.py:2676} INFO - Sync 1 DAGs
[2023-01-15T12:38:32.551+0000] {logging_mixin.py:137} INFO - [2023-01-15T12:38:32.550+0000] {dag.py:3423} INFO - Setting next_dagrun for example_python_operator to None, run_after=None
[2023-01-15T12:38:32.584+0000] {processor.py:175} INFO - Processing /home/airflow/.local/lib/python3.10/site-packages/airflow/example_dags/example_python_operator.py took 0.409 seconds
[2023-01-15T12:39:02.832+0000] {processor.py:153} INFO - Started process (PID=447) to work on /home/airflow/.local/lib/python3.10/site-packages/airflow/example_dags/example_python_operator.py
[2023-01-15T12:39:02.842+0000] {processor.py:743} INFO - Processing file /home/airflow/.local/lib/python3.10/site-packages/airflow/example_dags/example_python_operator.py for tasks to queue
[2023-01-15T12:39:02.843+0000] {logging_mixin.py:137} INFO - [2023-01-15T12:39:02.843+0000] {dagbag.py:538} INFO - Filling up the DagBag from /home/airflow/.local/lib/python3.10/site-packages/airflow/example_dags/example_python_operator.py
[2023-01-15T12:39:03.114+0000] {logging_mixin.py:137} INFO - [2023-01-15T12:39:03.114+0000] {taskmixin.py:205} WARNING - Dependency <Task(_PythonDecoratedOperator): print_the_context>, log_sql_query already registered for DAG: example_python_operator
[2023-01-15T12:39:03.115+0000] {logging_mixin.py:137} INFO - [2023-01-15T12:39:03.114+0000] {taskmixin.py:205} WARNING - Dependency <Task(_PythonDecoratedOperator): log_sql_query>, print_the_context already registered for DAG: example_python_operator
[2023-01-15T12:39:03.116+0000] {logging_mixin.py:137} INFO - [2023-01-15T12:39:03.116+0000] {taskmixin.py:205} WARNING - Dependency <Task(_PythonDecoratedOperator): print_the_context>, log_sql_query already registered for DAG: example_python_operator
[2023-01-15T12:39:03.116+0000] {logging_mixin.py:137} INFO - [2023-01-15T12:39:03.116+0000] {taskmixin.py:205} WARNING - Dependency <Task(_PythonDecoratedOperator): log_sql_query>, print_the_context already registered for DAG: example_python_operator
[2023-01-15T12:39:03.118+0000] {logging_mixin.py:137} INFO - [2023-01-15T12:39:03.117+0000] {taskmixin.py:205} WARNING - Dependency <Task(_PythonDecoratedOperator): print_the_context>, log_sql_query already registered for DAG: example_python_operator
[2023-01-15T12:39:03.118+0000] {logging_mixin.py:137} INFO - [2023-01-15T12:39:03.118+0000] {taskmixin.py:205} WARNING - Dependency <Task(_PythonDecoratedOperator): log_sql_query>, print_the_context already registered for DAG: example_python_operator
[2023-01-15T12:39:03.120+0000] {logging_mixin.py:137} INFO - [2023-01-15T12:39:03.120+0000] {taskmixin.py:205} WARNING - Dependency <Task(_PythonDecoratedOperator): print_the_context>, log_sql_query already registered for DAG: example_python_operator
[2023-01-15T12:39:03.120+0000] {logging_mixin.py:137} INFO - [2023-01-15T12:39:03.120+0000] {taskmixin.py:205} WARNING - Dependency <Task(_PythonDecoratedOperator): log_sql_query>, print_the_context already registered for DAG: example_python_operator
[2023-01-15T12:39:03.137+0000] {processor.py:753} INFO - DAG(s) dict_keys(['example_python_operator']) retrieved from /home/airflow/.local/lib/python3.10/site-packages/airflow/example_dags/example_python_operator.py
[2023-01-15T12:39:03.207+0000] {logging_mixin.py:137} INFO - [2023-01-15T12:39:03.206+0000] {dag.py:2676} INFO - Sync 1 DAGs
[2023-01-15T12:39:03.245+0000] {logging_mixin.py:137} INFO - [2023-01-15T12:39:03.245+0000] {dag.py:3423} INFO - Setting next_dagrun for example_python_operator to None, run_after=None
[2023-01-15T12:39:03.283+0000] {processor.py:175} INFO - Processing /home/airflow/.local/lib/python3.10/site-packages/airflow/example_dags/example_python_operator.py took 0.457 seconds
[2023-01-15T12:39:33.345+0000] {processor.py:153} INFO - Started process (PID=520) to work on /home/airflow/.local/lib/python3.10/site-packages/airflow/example_dags/example_python_operator.py
[2023-01-15T12:39:33.355+0000] {processor.py:743} INFO - Processing file /home/airflow/.local/lib/python3.10/site-packages/airflow/example_dags/example_python_operator.py for tasks to queue
[2023-01-15T12:39:33.356+0000] {logging_mixin.py:137} INFO - [2023-01-15T12:39:33.356+0000] {dagbag.py:538} INFO - Filling up the DagBag from /home/airflow/.local/lib/python3.10/site-packages/airflow/example_dags/example_python_operator.py
[2023-01-15T12:39:33.583+0000] {logging_mixin.py:137} INFO - [2023-01-15T12:39:33.582+0000] {taskmixin.py:205} WARNING - Dependency <Task(_PythonDecoratedOperator): print_the_context>, log_sql_query already registered for DAG: example_python_operator
[2023-01-15T12:39:33.583+0000] {logging_mixin.py:137} INFO - [2023-01-15T12:39:33.583+0000] {taskmixin.py:205} WARNING - Dependency <Task(_PythonDecoratedOperator): log_sql_query>, print_the_context already registered for DAG: example_python_operator
[2023-01-15T12:39:33.584+0000] {logging_mixin.py:137} INFO - [2023-01-15T12:39:33.584+0000] {taskmixin.py:205} WARNING - Dependency <Task(_PythonDecoratedOperator): print_the_context>, log_sql_query already registered for DAG: example_python_operator
[2023-01-15T12:39:33.585+0000] {logging_mixin.py:137} INFO - [2023-01-15T12:39:33.585+0000] {taskmixin.py:205} WARNING - Dependency <Task(_PythonDecoratedOperator): log_sql_query>, print_the_context already registered for DAG: example_python_operator
[2023-01-15T12:39:33.587+0000] {logging_mixin.py:137} INFO - [2023-01-15T12:39:33.586+0000] {taskmixin.py:205} WARNING - Dependency <Task(_PythonDecoratedOperator): print_the_context>, log_sql_query already registered for DAG: example_python_operator
[2023-01-15T12:39:33.587+0000] {logging_mixin.py:137} INFO - [2023-01-15T12:39:33.587+0000] {taskmixin.py:205} WARNING - Dependency <Task(_PythonDecoratedOperator): log_sql_query>, print_the_context already registered for DAG: example_python_operator
[2023-01-15T12:39:33.589+0000] {logging_mixin.py:137} INFO - [2023-01-15T12:39:33.589+0000] {taskmixin.py:205} WARNING - Dependency <Task(_PythonDecoratedOperator): print_the_context>, log_sql_query already registered for DAG: example_python_operator
[2023-01-15T12:39:33.589+0000] {logging_mixin.py:137} INFO - [2023-01-15T12:39:33.589+0000] {taskmixin.py:205} WARNING - Dependency <Task(_PythonDecoratedOperator): log_sql_query>, print_the_context already registered for DAG: example_python_operator
[2023-01-15T12:39:33.601+0000] {processor.py:753} INFO - DAG(s) dict_keys(['example_python_operator']) retrieved from /home/airflow/.local/lib/python3.10/site-packages/airflow/example_dags/example_python_operator.py
[2023-01-15T12:39:33.657+0000] {logging_mixin.py:137} INFO - [2023-01-15T12:39:33.656+0000] {dag.py:2676} INFO - Sync 1 DAGs
[2023-01-15T12:39:33.685+0000] {logging_mixin.py:137} INFO - [2023-01-15T12:39:33.685+0000] {dag.py:3423} INFO - Setting next_dagrun for example_python_operator to None, run_after=None
[2023-01-15T12:39:33.723+0000] {processor.py:175} INFO - Processing /home/airflow/.local/lib/python3.10/site-packages/airflow/example_dags/example_python_operator.py took 0.382 seconds
