[2023-01-15T12:33:01.204+0000] {processor.py:153} INFO - Started process (PID=70) to work on /home/airflow/.local/lib/python3.10/site-packages/airflow/example_dags/example_kubernetes_executor.py
[2023-01-15T12:33:01.205+0000] {processor.py:743} INFO - Processing file /home/airflow/.local/lib/python3.10/site-packages/airflow/example_dags/example_kubernetes_executor.py for tasks to queue
[2023-01-15T12:33:01.206+0000] {logging_mixin.py:137} INFO - [2023-01-15T12:33:01.205+0000] {dagbag.py:538} INFO - Filling up the DagBag from /home/airflow/.local/lib/python3.10/site-packages/airflow/example_dags/example_kubernetes_executor.py
[2023-01-15T12:33:01.396+0000] {processor.py:753} INFO - DAG(s) dict_keys(['example_kubernetes_executor']) retrieved from /home/airflow/.local/lib/python3.10/site-packages/airflow/example_dags/example_kubernetes_executor.py
[2023-01-15T12:33:01.447+0000] {logging_mixin.py:137} INFO - [2023-01-15T12:33:01.447+0000] {dag.py:2676} INFO - Sync 1 DAGs
[2023-01-15T12:33:01.470+0000] {logging_mixin.py:137} INFO - [2023-01-15T12:33:01.469+0000] {dag.py:3423} INFO - Setting next_dagrun for example_kubernetes_executor to None, run_after=None
[2023-01-15T12:33:01.488+0000] {processor.py:175} INFO - Processing /home/airflow/.local/lib/python3.10/site-packages/airflow/example_dags/example_kubernetes_executor.py took 0.287 seconds
[2023-01-15T12:33:32.177+0000] {processor.py:153} INFO - Started process (PID=136) to work on /home/airflow/.local/lib/python3.10/site-packages/airflow/example_dags/example_kubernetes_executor.py
[2023-01-15T12:33:32.178+0000] {processor.py:743} INFO - Processing file /home/airflow/.local/lib/python3.10/site-packages/airflow/example_dags/example_kubernetes_executor.py for tasks to queue
[2023-01-15T12:33:32.178+0000] {logging_mixin.py:137} INFO - [2023-01-15T12:33:32.178+0000] {dagbag.py:538} INFO - Filling up the DagBag from /home/airflow/.local/lib/python3.10/site-packages/airflow/example_dags/example_kubernetes_executor.py
[2023-01-15T12:33:32.347+0000] {processor.py:753} INFO - DAG(s) dict_keys(['example_kubernetes_executor']) retrieved from /home/airflow/.local/lib/python3.10/site-packages/airflow/example_dags/example_kubernetes_executor.py
[2023-01-15T12:33:32.383+0000] {logging_mixin.py:137} INFO - [2023-01-15T12:33:32.383+0000] {dag.py:2676} INFO - Sync 1 DAGs
[2023-01-15T12:33:32.402+0000] {logging_mixin.py:137} INFO - [2023-01-15T12:33:32.402+0000] {dag.py:3423} INFO - Setting next_dagrun for example_kubernetes_executor to None, run_after=None
[2023-01-15T12:33:32.426+0000] {processor.py:175} INFO - Processing /home/airflow/.local/lib/python3.10/site-packages/airflow/example_dags/example_kubernetes_executor.py took 0.252 seconds
[2023-01-15T12:34:03.143+0000] {processor.py:153} INFO - Started process (PID=209) to work on /home/airflow/.local/lib/python3.10/site-packages/airflow/example_dags/example_kubernetes_executor.py
[2023-01-15T12:34:03.145+0000] {processor.py:743} INFO - Processing file /home/airflow/.local/lib/python3.10/site-packages/airflow/example_dags/example_kubernetes_executor.py for tasks to queue
[2023-01-15T12:34:03.146+0000] {logging_mixin.py:137} INFO - [2023-01-15T12:34:03.146+0000] {dagbag.py:538} INFO - Filling up the DagBag from /home/airflow/.local/lib/python3.10/site-packages/airflow/example_dags/example_kubernetes_executor.py
[2023-01-15T12:34:03.240+0000] {processor.py:753} INFO - DAG(s) dict_keys(['example_kubernetes_executor']) retrieved from /home/airflow/.local/lib/python3.10/site-packages/airflow/example_dags/example_kubernetes_executor.py
[2023-01-15T12:34:03.363+0000] {logging_mixin.py:137} INFO - [2023-01-15T12:34:03.362+0000] {dag.py:2676} INFO - Sync 1 DAGs
[2023-01-15T12:34:03.425+0000] {logging_mixin.py:137} INFO - [2023-01-15T12:34:03.424+0000] {dag.py:3423} INFO - Setting next_dagrun for example_kubernetes_executor to None, run_after=None
[2023-01-15T12:34:03.468+0000] {processor.py:175} INFO - Processing /home/airflow/.local/lib/python3.10/site-packages/airflow/example_dags/example_kubernetes_executor.py took 0.334 seconds
[2023-01-15T12:34:34.424+0000] {processor.py:153} INFO - Started process (PID=273) to work on /home/airflow/.local/lib/python3.10/site-packages/airflow/example_dags/example_kubernetes_executor.py
[2023-01-15T12:34:34.435+0000] {processor.py:743} INFO - Processing file /home/airflow/.local/lib/python3.10/site-packages/airflow/example_dags/example_kubernetes_executor.py for tasks to queue
[2023-01-15T12:34:34.437+0000] {logging_mixin.py:137} INFO - [2023-01-15T12:34:34.436+0000] {dagbag.py:538} INFO - Filling up the DagBag from /home/airflow/.local/lib/python3.10/site-packages/airflow/example_dags/example_kubernetes_executor.py
[2023-01-15T12:34:34.531+0000] {processor.py:753} INFO - DAG(s) dict_keys(['example_kubernetes_executor']) retrieved from /home/airflow/.local/lib/python3.10/site-packages/airflow/example_dags/example_kubernetes_executor.py
[2023-01-15T12:34:34.666+0000] {logging_mixin.py:137} INFO - [2023-01-15T12:34:34.666+0000] {dag.py:2676} INFO - Sync 1 DAGs
[2023-01-15T12:34:34.745+0000] {logging_mixin.py:137} INFO - [2023-01-15T12:34:34.744+0000] {dag.py:3423} INFO - Setting next_dagrun for example_kubernetes_executor to None, run_after=None
[2023-01-15T12:34:34.797+0000] {processor.py:175} INFO - Processing /home/airflow/.local/lib/python3.10/site-packages/airflow/example_dags/example_kubernetes_executor.py took 0.392 seconds
[2023-01-15T12:35:04.955+0000] {processor.py:153} INFO - Started process (PID=345) to work on /home/airflow/.local/lib/python3.10/site-packages/airflow/example_dags/example_kubernetes_executor.py
[2023-01-15T12:35:04.956+0000] {processor.py:743} INFO - Processing file /home/airflow/.local/lib/python3.10/site-packages/airflow/example_dags/example_kubernetes_executor.py for tasks to queue
[2023-01-15T12:35:04.958+0000] {logging_mixin.py:137} INFO - [2023-01-15T12:35:04.957+0000] {dagbag.py:538} INFO - Filling up the DagBag from /home/airflow/.local/lib/python3.10/site-packages/airflow/example_dags/example_kubernetes_executor.py
[2023-01-15T12:35:05.034+0000] {processor.py:753} INFO - DAG(s) dict_keys(['example_kubernetes_executor']) retrieved from /home/airflow/.local/lib/python3.10/site-packages/airflow/example_dags/example_kubernetes_executor.py
[2023-01-15T12:35:05.134+0000] {logging_mixin.py:137} INFO - [2023-01-15T12:35:05.134+0000] {dag.py:2676} INFO - Sync 1 DAGs
[2023-01-15T12:35:05.192+0000] {logging_mixin.py:137} INFO - [2023-01-15T12:35:05.191+0000] {dag.py:3423} INFO - Setting next_dagrun for example_kubernetes_executor to None, run_after=None
[2023-01-15T12:35:05.230+0000] {processor.py:175} INFO - Processing /home/airflow/.local/lib/python3.10/site-packages/airflow/example_dags/example_kubernetes_executor.py took 0.281 seconds
[2023-01-15T12:35:35.636+0000] {processor.py:153} INFO - Started process (PID=410) to work on /home/airflow/.local/lib/python3.10/site-packages/airflow/example_dags/example_kubernetes_executor.py
[2023-01-15T12:35:35.637+0000] {processor.py:743} INFO - Processing file /home/airflow/.local/lib/python3.10/site-packages/airflow/example_dags/example_kubernetes_executor.py for tasks to queue
[2023-01-15T12:35:35.638+0000] {logging_mixin.py:137} INFO - [2023-01-15T12:35:35.638+0000] {dagbag.py:538} INFO - Filling up the DagBag from /home/airflow/.local/lib/python3.10/site-packages/airflow/example_dags/example_kubernetes_executor.py
[2023-01-15T12:35:35.687+0000] {processor.py:753} INFO - DAG(s) dict_keys(['example_kubernetes_executor']) retrieved from /home/airflow/.local/lib/python3.10/site-packages/airflow/example_dags/example_kubernetes_executor.py
[2023-01-15T12:35:35.755+0000] {logging_mixin.py:137} INFO - [2023-01-15T12:35:35.755+0000] {dag.py:2676} INFO - Sync 1 DAGs
[2023-01-15T12:35:35.793+0000] {logging_mixin.py:137} INFO - [2023-01-15T12:35:35.792+0000] {dag.py:3423} INFO - Setting next_dagrun for example_kubernetes_executor to None, run_after=None
[2023-01-15T12:35:35.811+0000] {processor.py:175} INFO - Processing /home/airflow/.local/lib/python3.10/site-packages/airflow/example_dags/example_kubernetes_executor.py took 0.180 seconds
[2023-01-15T12:36:01.752+0000] {processor.py:153} INFO - Started process (PID=70) to work on /home/airflow/.local/lib/python3.10/site-packages/airflow/example_dags/example_kubernetes_executor.py
[2023-01-15T12:36:01.758+0000] {processor.py:743} INFO - Processing file /home/airflow/.local/lib/python3.10/site-packages/airflow/example_dags/example_kubernetes_executor.py for tasks to queue
[2023-01-15T12:36:01.760+0000] {logging_mixin.py:137} INFO - [2023-01-15T12:36:01.759+0000] {dagbag.py:538} INFO - Filling up the DagBag from /home/airflow/.local/lib/python3.10/site-packages/airflow/example_dags/example_kubernetes_executor.py
[2023-01-15T12:36:01.829+0000] {processor.py:753} INFO - DAG(s) dict_keys(['example_kubernetes_executor']) retrieved from /home/airflow/.local/lib/python3.10/site-packages/airflow/example_dags/example_kubernetes_executor.py
[2023-01-15T12:36:01.884+0000] {logging_mixin.py:137} INFO - [2023-01-15T12:36:01.884+0000] {dag.py:2676} INFO - Sync 1 DAGs
[2023-01-15T12:36:01.930+0000] {logging_mixin.py:137} INFO - [2023-01-15T12:36:01.930+0000] {dag.py:3423} INFO - Setting next_dagrun for example_kubernetes_executor to None, run_after=None
[2023-01-15T12:36:01.999+0000] {processor.py:175} INFO - Processing /home/airflow/.local/lib/python3.10/site-packages/airflow/example_dags/example_kubernetes_executor.py took 0.277 seconds
[2023-01-15T12:36:32.445+0000] {processor.py:153} INFO - Started process (PID=136) to work on /home/airflow/.local/lib/python3.10/site-packages/airflow/example_dags/example_kubernetes_executor.py
[2023-01-15T12:36:32.446+0000] {processor.py:743} INFO - Processing file /home/airflow/.local/lib/python3.10/site-packages/airflow/example_dags/example_kubernetes_executor.py for tasks to queue
[2023-01-15T12:36:32.447+0000] {logging_mixin.py:137} INFO - [2023-01-15T12:36:32.447+0000] {dagbag.py:538} INFO - Filling up the DagBag from /home/airflow/.local/lib/python3.10/site-packages/airflow/example_dags/example_kubernetes_executor.py
[2023-01-15T12:36:32.507+0000] {processor.py:753} INFO - DAG(s) dict_keys(['example_kubernetes_executor']) retrieved from /home/airflow/.local/lib/python3.10/site-packages/airflow/example_dags/example_kubernetes_executor.py
[2023-01-15T12:36:32.597+0000] {logging_mixin.py:137} INFO - [2023-01-15T12:36:32.596+0000] {dag.py:2676} INFO - Sync 1 DAGs
[2023-01-15T12:36:32.906+0000] {logging_mixin.py:137} INFO - [2023-01-15T12:36:32.906+0000] {dag.py:3423} INFO - Setting next_dagrun for example_kubernetes_executor to None, run_after=None
[2023-01-15T12:36:32.936+0000] {processor.py:175} INFO - Processing /home/airflow/.local/lib/python3.10/site-packages/airflow/example_dags/example_kubernetes_executor.py took 0.496 seconds
[2023-01-15T12:37:06.064+0000] {processor.py:153} INFO - Started process (PID=202) to work on /home/airflow/.local/lib/python3.10/site-packages/airflow/example_dags/example_kubernetes_executor.py
[2023-01-15T12:37:06.065+0000] {processor.py:743} INFO - Processing file /home/airflow/.local/lib/python3.10/site-packages/airflow/example_dags/example_kubernetes_executor.py for tasks to queue
[2023-01-15T12:37:06.066+0000] {logging_mixin.py:137} INFO - [2023-01-15T12:37:06.066+0000] {dagbag.py:538} INFO - Filling up the DagBag from /home/airflow/.local/lib/python3.10/site-packages/airflow/example_dags/example_kubernetes_executor.py
[2023-01-15T12:37:06.109+0000] {processor.py:753} INFO - DAG(s) dict_keys(['example_kubernetes_executor']) retrieved from /home/airflow/.local/lib/python3.10/site-packages/airflow/example_dags/example_kubernetes_executor.py
[2023-01-15T12:37:06.334+0000] {logging_mixin.py:137} INFO - [2023-01-15T12:37:06.334+0000] {dag.py:2676} INFO - Sync 1 DAGs
[2023-01-15T12:37:06.362+0000] {logging_mixin.py:137} INFO - [2023-01-15T12:37:06.362+0000] {dag.py:3423} INFO - Setting next_dagrun for example_kubernetes_executor to None, run_after=None
[2023-01-15T12:37:06.390+0000] {processor.py:175} INFO - Processing /home/airflow/.local/lib/python3.10/site-packages/airflow/example_dags/example_kubernetes_executor.py took 0.330 seconds
[2023-01-15T12:37:37.193+0000] {processor.py:153} INFO - Started process (PID=268) to work on /home/airflow/.local/lib/python3.10/site-packages/airflow/example_dags/example_kubernetes_executor.py
[2023-01-15T12:37:37.193+0000] {processor.py:743} INFO - Processing file /home/airflow/.local/lib/python3.10/site-packages/airflow/example_dags/example_kubernetes_executor.py for tasks to queue
[2023-01-15T12:37:37.194+0000] {logging_mixin.py:137} INFO - [2023-01-15T12:37:37.194+0000] {dagbag.py:538} INFO - Filling up the DagBag from /home/airflow/.local/lib/python3.10/site-packages/airflow/example_dags/example_kubernetes_executor.py
[2023-01-15T12:37:37.217+0000] {processor.py:753} INFO - DAG(s) dict_keys(['example_kubernetes_executor']) retrieved from /home/airflow/.local/lib/python3.10/site-packages/airflow/example_dags/example_kubernetes_executor.py
[2023-01-15T12:37:37.362+0000] {logging_mixin.py:137} INFO - [2023-01-15T12:37:37.362+0000] {dag.py:2676} INFO - Sync 1 DAGs
[2023-01-15T12:37:37.383+0000] {logging_mixin.py:137} INFO - [2023-01-15T12:37:37.382+0000] {dag.py:3423} INFO - Setting next_dagrun for example_kubernetes_executor to None, run_after=None
[2023-01-15T12:37:37.409+0000] {processor.py:175} INFO - Processing /home/airflow/.local/lib/python3.10/site-packages/airflow/example_dags/example_kubernetes_executor.py took 0.219 seconds
[2023-01-15T12:38:08.034+0000] {processor.py:153} INFO - Started process (PID=341) to work on /home/airflow/.local/lib/python3.10/site-packages/airflow/example_dags/example_kubernetes_executor.py
[2023-01-15T12:38:08.035+0000] {processor.py:743} INFO - Processing file /home/airflow/.local/lib/python3.10/site-packages/airflow/example_dags/example_kubernetes_executor.py for tasks to queue
[2023-01-15T12:38:08.036+0000] {logging_mixin.py:137} INFO - [2023-01-15T12:38:08.036+0000] {dagbag.py:538} INFO - Filling up the DagBag from /home/airflow/.local/lib/python3.10/site-packages/airflow/example_dags/example_kubernetes_executor.py
[2023-01-15T12:38:08.086+0000] {processor.py:753} INFO - DAG(s) dict_keys(['example_kubernetes_executor']) retrieved from /home/airflow/.local/lib/python3.10/site-packages/airflow/example_dags/example_kubernetes_executor.py
[2023-01-15T12:38:08.317+0000] {logging_mixin.py:137} INFO - [2023-01-15T12:38:08.317+0000] {dag.py:2676} INFO - Sync 1 DAGs
[2023-01-15T12:38:08.360+0000] {logging_mixin.py:137} INFO - [2023-01-15T12:38:08.359+0000] {dag.py:3423} INFO - Setting next_dagrun for example_kubernetes_executor to None, run_after=None
[2023-01-15T12:38:08.395+0000] {processor.py:175} INFO - Processing /home/airflow/.local/lib/python3.10/site-packages/airflow/example_dags/example_kubernetes_executor.py took 0.365 seconds
[2023-01-15T12:38:39.165+0000] {processor.py:153} INFO - Started process (PID=414) to work on /home/airflow/.local/lib/python3.10/site-packages/airflow/example_dags/example_kubernetes_executor.py
[2023-01-15T12:38:39.166+0000] {processor.py:743} INFO - Processing file /home/airflow/.local/lib/python3.10/site-packages/airflow/example_dags/example_kubernetes_executor.py for tasks to queue
[2023-01-15T12:38:39.167+0000] {logging_mixin.py:137} INFO - [2023-01-15T12:38:39.167+0000] {dagbag.py:538} INFO - Filling up the DagBag from /home/airflow/.local/lib/python3.10/site-packages/airflow/example_dags/example_kubernetes_executor.py
[2023-01-15T12:38:39.337+0000] {processor.py:753} INFO - DAG(s) dict_keys(['example_kubernetes_executor']) retrieved from /home/airflow/.local/lib/python3.10/site-packages/airflow/example_dags/example_kubernetes_executor.py
[2023-01-15T12:38:39.374+0000] {logging_mixin.py:137} INFO - [2023-01-15T12:38:39.374+0000] {dag.py:2676} INFO - Sync 1 DAGs
[2023-01-15T12:38:39.395+0000] {logging_mixin.py:137} INFO - [2023-01-15T12:38:39.394+0000] {dag.py:3423} INFO - Setting next_dagrun for example_kubernetes_executor to None, run_after=None
[2023-01-15T12:38:39.412+0000] {processor.py:175} INFO - Processing /home/airflow/.local/lib/python3.10/site-packages/airflow/example_dags/example_kubernetes_executor.py took 0.251 seconds
[2023-01-15T12:39:09.618+0000] {processor.py:153} INFO - Started process (PID=480) to work on /home/airflow/.local/lib/python3.10/site-packages/airflow/example_dags/example_kubernetes_executor.py
[2023-01-15T12:39:09.619+0000] {processor.py:743} INFO - Processing file /home/airflow/.local/lib/python3.10/site-packages/airflow/example_dags/example_kubernetes_executor.py for tasks to queue
[2023-01-15T12:39:09.620+0000] {logging_mixin.py:137} INFO - [2023-01-15T12:39:09.619+0000] {dagbag.py:538} INFO - Filling up the DagBag from /home/airflow/.local/lib/python3.10/site-packages/airflow/example_dags/example_kubernetes_executor.py
[2023-01-15T12:39:09.780+0000] {processor.py:753} INFO - DAG(s) dict_keys(['example_kubernetes_executor']) retrieved from /home/airflow/.local/lib/python3.10/site-packages/airflow/example_dags/example_kubernetes_executor.py
[2023-01-15T12:39:09.814+0000] {logging_mixin.py:137} INFO - [2023-01-15T12:39:09.814+0000] {dag.py:2676} INFO - Sync 1 DAGs
[2023-01-15T12:39:09.833+0000] {logging_mixin.py:137} INFO - [2023-01-15T12:39:09.833+0000] {dag.py:3423} INFO - Setting next_dagrun for example_kubernetes_executor to None, run_after=None
[2023-01-15T12:39:09.857+0000] {processor.py:175} INFO - Processing /home/airflow/.local/lib/python3.10/site-packages/airflow/example_dags/example_kubernetes_executor.py took 0.242 seconds
