[2023-01-15T12:32:57.441+0000] {processor.py:153} INFO - Started process (PID=50) to work on /home/airflow/.local/lib/python3.10/site-packages/airflow/example_dags/example_latest_only_with_trigger.py
[2023-01-15T12:32:57.442+0000] {processor.py:743} INFO - Processing file /home/airflow/.local/lib/python3.10/site-packages/airflow/example_dags/example_latest_only_with_trigger.py for tasks to queue
[2023-01-15T12:32:57.442+0000] {logging_mixin.py:137} INFO - [2023-01-15T12:32:57.442+0000] {dagbag.py:538} INFO - Filling up the DagBag from /home/airflow/.local/lib/python3.10/site-packages/airflow/example_dags/example_latest_only_with_trigger.py
[2023-01-15T12:32:57.463+0000] {processor.py:753} INFO - DAG(s) dict_keys(['latest_only_with_trigger']) retrieved from /home/airflow/.local/lib/python3.10/site-packages/airflow/example_dags/example_latest_only_with_trigger.py
[2023-01-15T12:32:57.666+0000] {logging_mixin.py:137} INFO - [2023-01-15T12:32:57.666+0000] {dag.py:2676} INFO - Sync 1 DAGs
[2023-01-15T12:32:57.690+0000] {logging_mixin.py:137} INFO - [2023-01-15T12:32:57.690+0000] {dag.py:3423} INFO - Setting next_dagrun for latest_only_with_trigger to 2023-01-15T08:32:57.689992+00:00, run_after=2023-01-15T12:32:57.689992+00:00
[2023-01-15T12:32:57.716+0000] {processor.py:175} INFO - Processing /home/airflow/.local/lib/python3.10/site-packages/airflow/example_dags/example_latest_only_with_trigger.py took 0.279 seconds
[2023-01-15T12:33:27.971+0000] {processor.py:153} INFO - Started process (PID=116) to work on /home/airflow/.local/lib/python3.10/site-packages/airflow/example_dags/example_latest_only_with_trigger.py
[2023-01-15T12:33:27.972+0000] {processor.py:743} INFO - Processing file /home/airflow/.local/lib/python3.10/site-packages/airflow/example_dags/example_latest_only_with_trigger.py for tasks to queue
[2023-01-15T12:33:27.973+0000] {logging_mixin.py:137} INFO - [2023-01-15T12:33:27.973+0000] {dagbag.py:538} INFO - Filling up the DagBag from /home/airflow/.local/lib/python3.10/site-packages/airflow/example_dags/example_latest_only_with_trigger.py
[2023-01-15T12:33:28.131+0000] {processor.py:753} INFO - DAG(s) dict_keys(['latest_only_with_trigger']) retrieved from /home/airflow/.local/lib/python3.10/site-packages/airflow/example_dags/example_latest_only_with_trigger.py
[2023-01-15T12:33:28.166+0000] {logging_mixin.py:137} INFO - [2023-01-15T12:33:28.166+0000] {dag.py:2676} INFO - Sync 1 DAGs
[2023-01-15T12:33:28.188+0000] {logging_mixin.py:137} INFO - [2023-01-15T12:33:28.188+0000] {dag.py:3423} INFO - Setting next_dagrun for latest_only_with_trigger to 2023-01-15T08:33:28.188558+00:00, run_after=2023-01-15T12:33:28.188558+00:00
[2023-01-15T12:33:28.211+0000] {processor.py:175} INFO - Processing /home/airflow/.local/lib/python3.10/site-packages/airflow/example_dags/example_latest_only_with_trigger.py took 0.243 seconds
[2023-01-15T12:33:59.249+0000] {processor.py:153} INFO - Started process (PID=182) to work on /home/airflow/.local/lib/python3.10/site-packages/airflow/example_dags/example_latest_only_with_trigger.py
[2023-01-15T12:33:59.251+0000] {processor.py:743} INFO - Processing file /home/airflow/.local/lib/python3.10/site-packages/airflow/example_dags/example_latest_only_with_trigger.py for tasks to queue
[2023-01-15T12:33:59.252+0000] {logging_mixin.py:137} INFO - [2023-01-15T12:33:59.252+0000] {dagbag.py:538} INFO - Filling up the DagBag from /home/airflow/.local/lib/python3.10/site-packages/airflow/example_dags/example_latest_only_with_trigger.py
[2023-01-15T12:33:59.282+0000] {processor.py:753} INFO - DAG(s) dict_keys(['latest_only_with_trigger']) retrieved from /home/airflow/.local/lib/python3.10/site-packages/airflow/example_dags/example_latest_only_with_trigger.py
[2023-01-15T12:33:59.374+0000] {logging_mixin.py:137} INFO - [2023-01-15T12:33:59.374+0000] {dag.py:2676} INFO - Sync 1 DAGs
[2023-01-15T12:33:59.441+0000] {logging_mixin.py:137} INFO - [2023-01-15T12:33:59.441+0000] {dag.py:3423} INFO - Setting next_dagrun for latest_only_with_trigger to 2023-01-15T08:33:59.440714+00:00, run_after=2023-01-15T12:33:59.440714+00:00
[2023-01-15T12:33:59.493+0000] {processor.py:175} INFO - Processing /home/airflow/.local/lib/python3.10/site-packages/airflow/example_dags/example_latest_only_with_trigger.py took 0.251 seconds
[2023-01-15T12:34:30.146+0000] {processor.py:153} INFO - Started process (PID=247) to work on /home/airflow/.local/lib/python3.10/site-packages/airflow/example_dags/example_latest_only_with_trigger.py
[2023-01-15T12:34:30.148+0000] {processor.py:743} INFO - Processing file /home/airflow/.local/lib/python3.10/site-packages/airflow/example_dags/example_latest_only_with_trigger.py for tasks to queue
[2023-01-15T12:34:30.149+0000] {logging_mixin.py:137} INFO - [2023-01-15T12:34:30.148+0000] {dagbag.py:538} INFO - Filling up the DagBag from /home/airflow/.local/lib/python3.10/site-packages/airflow/example_dags/example_latest_only_with_trigger.py
[2023-01-15T12:34:30.173+0000] {processor.py:753} INFO - DAG(s) dict_keys(['latest_only_with_trigger']) retrieved from /home/airflow/.local/lib/python3.10/site-packages/airflow/example_dags/example_latest_only_with_trigger.py
[2023-01-15T12:34:30.233+0000] {logging_mixin.py:137} INFO - [2023-01-15T12:34:30.233+0000] {dag.py:2676} INFO - Sync 1 DAGs
[2023-01-15T12:34:30.269+0000] {logging_mixin.py:137} INFO - [2023-01-15T12:34:30.269+0000] {dag.py:3423} INFO - Setting next_dagrun for latest_only_with_trigger to 2023-01-15T08:34:30.268859+00:00, run_after=2023-01-15T12:34:30.268859+00:00
[2023-01-15T12:34:30.296+0000] {processor.py:175} INFO - Processing /home/airflow/.local/lib/python3.10/site-packages/airflow/example_dags/example_latest_only_with_trigger.py took 0.155 seconds
[2023-01-15T12:35:01.231+0000] {processor.py:153} INFO - Started process (PID=318) to work on /home/airflow/.local/lib/python3.10/site-packages/airflow/example_dags/example_latest_only_with_trigger.py
[2023-01-15T12:35:01.232+0000] {processor.py:743} INFO - Processing file /home/airflow/.local/lib/python3.10/site-packages/airflow/example_dags/example_latest_only_with_trigger.py for tasks to queue
[2023-01-15T12:35:01.233+0000] {logging_mixin.py:137} INFO - [2023-01-15T12:35:01.233+0000] {dagbag.py:538} INFO - Filling up the DagBag from /home/airflow/.local/lib/python3.10/site-packages/airflow/example_dags/example_latest_only_with_trigger.py
[2023-01-15T12:35:01.262+0000] {processor.py:753} INFO - DAG(s) dict_keys(['latest_only_with_trigger']) retrieved from /home/airflow/.local/lib/python3.10/site-packages/airflow/example_dags/example_latest_only_with_trigger.py
[2023-01-15T12:35:01.341+0000] {logging_mixin.py:137} INFO - [2023-01-15T12:35:01.341+0000] {dag.py:2676} INFO - Sync 1 DAGs
[2023-01-15T12:35:01.386+0000] {logging_mixin.py:137} INFO - [2023-01-15T12:35:01.386+0000] {dag.py:3423} INFO - Setting next_dagrun for latest_only_with_trigger to 2023-01-15T08:35:01.385725+00:00, run_after=2023-01-15T12:35:01.385725+00:00
[2023-01-15T12:35:01.426+0000] {processor.py:175} INFO - Processing /home/airflow/.local/lib/python3.10/site-packages/airflow/example_dags/example_latest_only_with_trigger.py took 0.202 seconds
[2023-01-15T12:35:32.105+0000] {processor.py:153} INFO - Started process (PID=383) to work on /home/airflow/.local/lib/python3.10/site-packages/airflow/example_dags/example_latest_only_with_trigger.py
[2023-01-15T12:35:32.107+0000] {processor.py:743} INFO - Processing file /home/airflow/.local/lib/python3.10/site-packages/airflow/example_dags/example_latest_only_with_trigger.py for tasks to queue
[2023-01-15T12:35:32.108+0000] {logging_mixin.py:137} INFO - [2023-01-15T12:35:32.108+0000] {dagbag.py:538} INFO - Filling up the DagBag from /home/airflow/.local/lib/python3.10/site-packages/airflow/example_dags/example_latest_only_with_trigger.py
[2023-01-15T12:35:32.130+0000] {processor.py:753} INFO - DAG(s) dict_keys(['latest_only_with_trigger']) retrieved from /home/airflow/.local/lib/python3.10/site-packages/airflow/example_dags/example_latest_only_with_trigger.py
[2023-01-15T12:35:32.189+0000] {logging_mixin.py:137} INFO - [2023-01-15T12:35:32.189+0000] {dag.py:2676} INFO - Sync 1 DAGs
[2023-01-15T12:35:32.229+0000] {logging_mixin.py:137} INFO - [2023-01-15T12:35:32.229+0000] {dag.py:3423} INFO - Setting next_dagrun for latest_only_with_trigger to 2023-01-15T08:35:32.228998+00:00, run_after=2023-01-15T12:35:32.228998+00:00
[2023-01-15T12:35:32.258+0000] {processor.py:175} INFO - Processing /home/airflow/.local/lib/python3.10/site-packages/airflow/example_dags/example_latest_only_with_trigger.py took 0.157 seconds
[2023-01-15T12:35:58.182+0000] {processor.py:153} INFO - Started process (PID=50) to work on /home/airflow/.local/lib/python3.10/site-packages/airflow/example_dags/example_latest_only_with_trigger.py
[2023-01-15T12:35:58.184+0000] {processor.py:743} INFO - Processing file /home/airflow/.local/lib/python3.10/site-packages/airflow/example_dags/example_latest_only_with_trigger.py for tasks to queue
[2023-01-15T12:35:58.186+0000] {logging_mixin.py:137} INFO - [2023-01-15T12:35:58.185+0000] {dagbag.py:538} INFO - Filling up the DagBag from /home/airflow/.local/lib/python3.10/site-packages/airflow/example_dags/example_latest_only_with_trigger.py
[2023-01-15T12:35:58.220+0000] {processor.py:753} INFO - DAG(s) dict_keys(['latest_only_with_trigger']) retrieved from /home/airflow/.local/lib/python3.10/site-packages/airflow/example_dags/example_latest_only_with_trigger.py
[2023-01-15T12:35:58.278+0000] {logging_mixin.py:137} INFO - [2023-01-15T12:35:58.278+0000] {dag.py:2676} INFO - Sync 1 DAGs
[2023-01-15T12:35:58.319+0000] {logging_mixin.py:137} INFO - [2023-01-15T12:35:58.319+0000] {dag.py:3423} INFO - Setting next_dagrun for latest_only_with_trigger to 2023-01-15T08:35:58.319188+00:00, run_after=2023-01-15T12:35:58.319188+00:00
[2023-01-15T12:35:58.353+0000] {processor.py:175} INFO - Processing /home/airflow/.local/lib/python3.10/site-packages/airflow/example_dags/example_latest_only_with_trigger.py took 0.177 seconds
[2023-01-15T12:36:28.948+0000] {processor.py:153} INFO - Started process (PID=116) to work on /home/airflow/.local/lib/python3.10/site-packages/airflow/example_dags/example_latest_only_with_trigger.py
[2023-01-15T12:36:28.958+0000] {processor.py:743} INFO - Processing file /home/airflow/.local/lib/python3.10/site-packages/airflow/example_dags/example_latest_only_with_trigger.py for tasks to queue
[2023-01-15T12:36:28.961+0000] {logging_mixin.py:137} INFO - [2023-01-15T12:36:28.961+0000] {dagbag.py:538} INFO - Filling up the DagBag from /home/airflow/.local/lib/python3.10/site-packages/airflow/example_dags/example_latest_only_with_trigger.py
[2023-01-15T12:36:29.011+0000] {processor.py:753} INFO - DAG(s) dict_keys(['latest_only_with_trigger']) retrieved from /home/airflow/.local/lib/python3.10/site-packages/airflow/example_dags/example_latest_only_with_trigger.py
[2023-01-15T12:36:29.110+0000] {logging_mixin.py:137} INFO - [2023-01-15T12:36:29.109+0000] {dag.py:2676} INFO - Sync 1 DAGs
[2023-01-15T12:36:29.157+0000] {logging_mixin.py:137} INFO - [2023-01-15T12:36:29.157+0000] {dag.py:3423} INFO - Setting next_dagrun for latest_only_with_trigger to 2023-01-15T08:36:29.157260+00:00, run_after=2023-01-15T12:36:29.157260+00:00
[2023-01-15T12:36:29.449+0000] {processor.py:175} INFO - Processing /home/airflow/.local/lib/python3.10/site-packages/airflow/example_dags/example_latest_only_with_trigger.py took 0.508 seconds
[2023-01-15T12:37:01.371+0000] {processor.py:153} INFO - Started process (PID=182) to work on /home/airflow/.local/lib/python3.10/site-packages/airflow/example_dags/example_latest_only_with_trigger.py
[2023-01-15T12:37:01.373+0000] {processor.py:743} INFO - Processing file /home/airflow/.local/lib/python3.10/site-packages/airflow/example_dags/example_latest_only_with_trigger.py for tasks to queue
[2023-01-15T12:37:01.374+0000] {logging_mixin.py:137} INFO - [2023-01-15T12:37:01.374+0000] {dagbag.py:538} INFO - Filling up the DagBag from /home/airflow/.local/lib/python3.10/site-packages/airflow/example_dags/example_latest_only_with_trigger.py
[2023-01-15T12:37:01.414+0000] {processor.py:753} INFO - DAG(s) dict_keys(['latest_only_with_trigger']) retrieved from /home/airflow/.local/lib/python3.10/site-packages/airflow/example_dags/example_latest_only_with_trigger.py
[2023-01-15T12:37:01.507+0000] {logging_mixin.py:137} INFO - [2023-01-15T12:37:01.506+0000] {dag.py:2676} INFO - Sync 1 DAGs
[2023-01-15T12:37:01.860+0000] {logging_mixin.py:137} INFO - [2023-01-15T12:37:01.859+0000] {dag.py:3423} INFO - Setting next_dagrun for latest_only_with_trigger to 2023-01-15T08:37:01.859218+00:00, run_after=2023-01-15T12:37:01.859218+00:00
[2023-01-15T12:37:01.910+0000] {processor.py:175} INFO - Processing /home/airflow/.local/lib/python3.10/site-packages/airflow/example_dags/example_latest_only_with_trigger.py took 0.546 seconds
[2023-01-15T12:37:31.994+0000] {processor.py:153} INFO - Started process (PID=248) to work on /home/airflow/.local/lib/python3.10/site-packages/airflow/example_dags/example_latest_only_with_trigger.py
[2023-01-15T12:37:31.995+0000] {processor.py:743} INFO - Processing file /home/airflow/.local/lib/python3.10/site-packages/airflow/example_dags/example_latest_only_with_trigger.py for tasks to queue
[2023-01-15T12:37:31.995+0000] {logging_mixin.py:137} INFO - [2023-01-15T12:37:31.995+0000] {dagbag.py:538} INFO - Filling up the DagBag from /home/airflow/.local/lib/python3.10/site-packages/airflow/example_dags/example_latest_only_with_trigger.py
[2023-01-15T12:37:32.006+0000] {processor.py:753} INFO - DAG(s) dict_keys(['latest_only_with_trigger']) retrieved from /home/airflow/.local/lib/python3.10/site-packages/airflow/example_dags/example_latest_only_with_trigger.py
[2023-01-15T12:37:32.039+0000] {logging_mixin.py:137} INFO - [2023-01-15T12:37:32.039+0000] {dag.py:2676} INFO - Sync 1 DAGs
[2023-01-15T12:37:32.174+0000] {logging_mixin.py:137} INFO - [2023-01-15T12:37:32.174+0000] {dag.py:3423} INFO - Setting next_dagrun for latest_only_with_trigger to 2023-01-15T08:37:32.174314+00:00, run_after=2023-01-15T12:37:32.174314+00:00
[2023-01-15T12:37:32.188+0000] {processor.py:175} INFO - Processing /home/airflow/.local/lib/python3.10/site-packages/airflow/example_dags/example_latest_only_with_trigger.py took 0.197 seconds
[2023-01-15T12:38:02.607+0000] {processor.py:153} INFO - Started process (PID=314) to work on /home/airflow/.local/lib/python3.10/site-packages/airflow/example_dags/example_latest_only_with_trigger.py
[2023-01-15T12:38:02.608+0000] {processor.py:743} INFO - Processing file /home/airflow/.local/lib/python3.10/site-packages/airflow/example_dags/example_latest_only_with_trigger.py for tasks to queue
[2023-01-15T12:38:02.608+0000] {logging_mixin.py:137} INFO - [2023-01-15T12:38:02.608+0000] {dagbag.py:538} INFO - Filling up the DagBag from /home/airflow/.local/lib/python3.10/site-packages/airflow/example_dags/example_latest_only_with_trigger.py
[2023-01-15T12:38:02.624+0000] {processor.py:753} INFO - DAG(s) dict_keys(['latest_only_with_trigger']) retrieved from /home/airflow/.local/lib/python3.10/site-packages/airflow/example_dags/example_latest_only_with_trigger.py
[2023-01-15T12:38:02.825+0000] {logging_mixin.py:137} INFO - [2023-01-15T12:38:02.825+0000] {dag.py:2676} INFO - Sync 1 DAGs
[2023-01-15T12:38:02.847+0000] {logging_mixin.py:137} INFO - [2023-01-15T12:38:02.847+0000] {dag.py:3423} INFO - Setting next_dagrun for latest_only_with_trigger to 2023-01-15T08:38:02.847252+00:00, run_after=2023-01-15T12:38:02.847252+00:00
[2023-01-15T12:38:02.869+0000] {processor.py:175} INFO - Processing /home/airflow/.local/lib/python3.10/site-packages/airflow/example_dags/example_latest_only_with_trigger.py took 0.266 seconds
[2023-01-15T12:38:33.633+0000] {processor.py:153} INFO - Started process (PID=380) to work on /home/airflow/.local/lib/python3.10/site-packages/airflow/example_dags/example_latest_only_with_trigger.py
[2023-01-15T12:38:33.634+0000] {processor.py:743} INFO - Processing file /home/airflow/.local/lib/python3.10/site-packages/airflow/example_dags/example_latest_only_with_trigger.py for tasks to queue
[2023-01-15T12:38:33.635+0000] {logging_mixin.py:137} INFO - [2023-01-15T12:38:33.635+0000] {dagbag.py:538} INFO - Filling up the DagBag from /home/airflow/.local/lib/python3.10/site-packages/airflow/example_dags/example_latest_only_with_trigger.py
[2023-01-15T12:38:33.655+0000] {processor.py:753} INFO - DAG(s) dict_keys(['latest_only_with_trigger']) retrieved from /home/airflow/.local/lib/python3.10/site-packages/airflow/example_dags/example_latest_only_with_trigger.py
[2023-01-15T12:38:33.849+0000] {logging_mixin.py:137} INFO - [2023-01-15T12:38:33.848+0000] {dag.py:2676} INFO - Sync 1 DAGs
[2023-01-15T12:38:33.871+0000] {logging_mixin.py:137} INFO - [2023-01-15T12:38:33.871+0000] {dag.py:3423} INFO - Setting next_dagrun for latest_only_with_trigger to 2023-01-15T08:38:33.871396+00:00, run_after=2023-01-15T12:38:33.871396+00:00
[2023-01-15T12:38:33.900+0000] {processor.py:175} INFO - Processing /home/airflow/.local/lib/python3.10/site-packages/airflow/example_dags/example_latest_only_with_trigger.py took 0.270 seconds
[2023-01-15T12:39:04.720+0000] {processor.py:153} INFO - Started process (PID=460) to work on /home/airflow/.local/lib/python3.10/site-packages/airflow/example_dags/example_latest_only_with_trigger.py
[2023-01-15T12:39:04.721+0000] {processor.py:743} INFO - Processing file /home/airflow/.local/lib/python3.10/site-packages/airflow/example_dags/example_latest_only_with_trigger.py for tasks to queue
[2023-01-15T12:39:04.722+0000] {logging_mixin.py:137} INFO - [2023-01-15T12:39:04.722+0000] {dagbag.py:538} INFO - Filling up the DagBag from /home/airflow/.local/lib/python3.10/site-packages/airflow/example_dags/example_latest_only_with_trigger.py
[2023-01-15T12:39:04.918+0000] {processor.py:753} INFO - DAG(s) dict_keys(['latest_only_with_trigger']) retrieved from /home/airflow/.local/lib/python3.10/site-packages/airflow/example_dags/example_latest_only_with_trigger.py
[2023-01-15T12:39:04.964+0000] {logging_mixin.py:137} INFO - [2023-01-15T12:39:04.964+0000] {dag.py:2676} INFO - Sync 1 DAGs
[2023-01-15T12:39:05.001+0000] {logging_mixin.py:137} INFO - [2023-01-15T12:39:05.001+0000] {dag.py:3423} INFO - Setting next_dagrun for latest_only_with_trigger to 2023-01-15T08:39:05.001395+00:00, run_after=2023-01-15T12:39:05.001395+00:00
[2023-01-15T12:39:05.026+0000] {processor.py:175} INFO - Processing /home/airflow/.local/lib/python3.10/site-packages/airflow/example_dags/example_latest_only_with_trigger.py took 0.310 seconds
