[2023-01-15T12:32:56.553+0000] {processor.py:153} INFO - Started process (PID=47) to work on /home/airflow/.local/lib/python3.10/site-packages/airflow/example_dags/example_sensor_decorator.py
[2023-01-15T12:32:56.554+0000] {processor.py:743} INFO - Processing file /home/airflow/.local/lib/python3.10/site-packages/airflow/example_dags/example_sensor_decorator.py for tasks to queue
[2023-01-15T12:32:56.555+0000] {logging_mixin.py:137} INFO - [2023-01-15T12:32:56.554+0000] {dagbag.py:538} INFO - Filling up the DagBag from /home/airflow/.local/lib/python3.10/site-packages/airflow/example_dags/example_sensor_decorator.py
[2023-01-15T12:32:56.592+0000] {logging_mixin.py:137} WARNING - /home/airflow/.local/lib/python3.10/site-packages/airflow/models/dag.py:3492 RemovedInAirflow3Warning: Param `schedule_interval` is deprecated and will be removed in a future release. Please use `schedule` instead.
[2023-01-15T12:32:56.869+0000] {processor.py:753} INFO - DAG(s) dict_keys(['example_sensor_decorator']) retrieved from /home/airflow/.local/lib/python3.10/site-packages/airflow/example_dags/example_sensor_decorator.py
[2023-01-15T12:32:56.905+0000] {logging_mixin.py:137} INFO - [2023-01-15T12:32:56.904+0000] {dag.py:2676} INFO - Sync 1 DAGs
[2023-01-15T12:32:56.938+0000] {logging_mixin.py:137} INFO - [2023-01-15T12:32:56.938+0000] {dag.py:3423} INFO - Setting next_dagrun for example_sensor_decorator to None, run_after=None
[2023-01-15T12:32:56.970+0000] {processor.py:175} INFO - Processing /home/airflow/.local/lib/python3.10/site-packages/airflow/example_dags/example_sensor_decorator.py took 0.421 seconds
[2023-01-15T12:33:27.451+0000] {processor.py:153} INFO - Started process (PID=113) to work on /home/airflow/.local/lib/python3.10/site-packages/airflow/example_dags/example_sensor_decorator.py
[2023-01-15T12:33:27.452+0000] {processor.py:743} INFO - Processing file /home/airflow/.local/lib/python3.10/site-packages/airflow/example_dags/example_sensor_decorator.py for tasks to queue
[2023-01-15T12:33:27.452+0000] {logging_mixin.py:137} INFO - [2023-01-15T12:33:27.452+0000] {dagbag.py:538} INFO - Filling up the DagBag from /home/airflow/.local/lib/python3.10/site-packages/airflow/example_dags/example_sensor_decorator.py
[2023-01-15T12:33:27.628+0000] {logging_mixin.py:137} WARNING - /home/airflow/.local/lib/python3.10/site-packages/airflow/models/dag.py:3492 RemovedInAirflow3Warning: Param `schedule_interval` is deprecated and will be removed in a future release. Please use `schedule` instead.
[2023-01-15T12:33:27.634+0000] {processor.py:753} INFO - DAG(s) dict_keys(['example_sensor_decorator']) retrieved from /home/airflow/.local/lib/python3.10/site-packages/airflow/example_dags/example_sensor_decorator.py
[2023-01-15T12:33:27.666+0000] {logging_mixin.py:137} INFO - [2023-01-15T12:33:27.666+0000] {dag.py:2676} INFO - Sync 1 DAGs
[2023-01-15T12:33:27.688+0000] {logging_mixin.py:137} INFO - [2023-01-15T12:33:27.688+0000] {dag.py:3423} INFO - Setting next_dagrun for example_sensor_decorator to None, run_after=None
[2023-01-15T12:33:27.709+0000] {processor.py:175} INFO - Processing /home/airflow/.local/lib/python3.10/site-packages/airflow/example_dags/example_sensor_decorator.py took 0.261 seconds
[2023-01-15T12:33:58.553+0000] {processor.py:153} INFO - Started process (PID=179) to work on /home/airflow/.local/lib/python3.10/site-packages/airflow/example_dags/example_sensor_decorator.py
[2023-01-15T12:33:58.554+0000] {processor.py:743} INFO - Processing file /home/airflow/.local/lib/python3.10/site-packages/airflow/example_dags/example_sensor_decorator.py for tasks to queue
[2023-01-15T12:33:58.556+0000] {logging_mixin.py:137} INFO - [2023-01-15T12:33:58.555+0000] {dagbag.py:538} INFO - Filling up the DagBag from /home/airflow/.local/lib/python3.10/site-packages/airflow/example_dags/example_sensor_decorator.py
[2023-01-15T12:33:58.633+0000] {logging_mixin.py:137} WARNING - /home/airflow/.local/lib/python3.10/site-packages/airflow/models/dag.py:3492 RemovedInAirflow3Warning: Param `schedule_interval` is deprecated and will be removed in a future release. Please use `schedule` instead.
[2023-01-15T12:33:58.663+0000] {processor.py:753} INFO - DAG(s) dict_keys(['example_sensor_decorator']) retrieved from /home/airflow/.local/lib/python3.10/site-packages/airflow/example_dags/example_sensor_decorator.py
[2023-01-15T12:33:58.747+0000] {logging_mixin.py:137} INFO - [2023-01-15T12:33:58.747+0000] {dag.py:2676} INFO - Sync 1 DAGs
[2023-01-15T12:33:58.798+0000] {logging_mixin.py:137} INFO - [2023-01-15T12:33:58.797+0000] {dag.py:3423} INFO - Setting next_dagrun for example_sensor_decorator to None, run_after=None
[2023-01-15T12:33:58.871+0000] {processor.py:175} INFO - Processing /home/airflow/.local/lib/python3.10/site-packages/airflow/example_dags/example_sensor_decorator.py took 0.326 seconds
[2023-01-15T12:34:29.664+0000] {processor.py:153} INFO - Started process (PID=244) to work on /home/airflow/.local/lib/python3.10/site-packages/airflow/example_dags/example_sensor_decorator.py
[2023-01-15T12:34:29.665+0000] {processor.py:743} INFO - Processing file /home/airflow/.local/lib/python3.10/site-packages/airflow/example_dags/example_sensor_decorator.py for tasks to queue
[2023-01-15T12:34:29.666+0000] {logging_mixin.py:137} INFO - [2023-01-15T12:34:29.666+0000] {dagbag.py:538} INFO - Filling up the DagBag from /home/airflow/.local/lib/python3.10/site-packages/airflow/example_dags/example_sensor_decorator.py
[2023-01-15T12:34:29.704+0000] {logging_mixin.py:137} WARNING - /home/airflow/.local/lib/python3.10/site-packages/airflow/models/dag.py:3492 RemovedInAirflow3Warning: Param `schedule_interval` is deprecated and will be removed in a future release. Please use `schedule` instead.
[2023-01-15T12:34:29.719+0000] {processor.py:753} INFO - DAG(s) dict_keys(['example_sensor_decorator']) retrieved from /home/airflow/.local/lib/python3.10/site-packages/airflow/example_dags/example_sensor_decorator.py
[2023-01-15T12:34:29.785+0000] {logging_mixin.py:137} INFO - [2023-01-15T12:34:29.784+0000] {dag.py:2676} INFO - Sync 1 DAGs
[2023-01-15T12:34:29.832+0000] {logging_mixin.py:137} INFO - [2023-01-15T12:34:29.832+0000] {dag.py:3423} INFO - Setting next_dagrun for example_sensor_decorator to None, run_after=None
[2023-01-15T12:34:29.876+0000] {processor.py:175} INFO - Processing /home/airflow/.local/lib/python3.10/site-packages/airflow/example_dags/example_sensor_decorator.py took 0.242 seconds
[2023-01-15T12:35:00.682+0000] {processor.py:153} INFO - Started process (PID=308) to work on /home/airflow/.local/lib/python3.10/site-packages/airflow/example_dags/example_sensor_decorator.py
[2023-01-15T12:35:00.684+0000] {processor.py:743} INFO - Processing file /home/airflow/.local/lib/python3.10/site-packages/airflow/example_dags/example_sensor_decorator.py for tasks to queue
[2023-01-15T12:35:00.685+0000] {logging_mixin.py:137} INFO - [2023-01-15T12:35:00.685+0000] {dagbag.py:538} INFO - Filling up the DagBag from /home/airflow/.local/lib/python3.10/site-packages/airflow/example_dags/example_sensor_decorator.py
[2023-01-15T12:35:00.730+0000] {logging_mixin.py:137} WARNING - /home/airflow/.local/lib/python3.10/site-packages/airflow/models/dag.py:3492 RemovedInAirflow3Warning: Param `schedule_interval` is deprecated and will be removed in a future release. Please use `schedule` instead.
[2023-01-15T12:35:00.747+0000] {processor.py:753} INFO - DAG(s) dict_keys(['example_sensor_decorator']) retrieved from /home/airflow/.local/lib/python3.10/site-packages/airflow/example_dags/example_sensor_decorator.py
[2023-01-15T12:35:00.821+0000] {logging_mixin.py:137} INFO - [2023-01-15T12:35:00.820+0000] {dag.py:2676} INFO - Sync 1 DAGs
[2023-01-15T12:35:00.868+0000] {logging_mixin.py:137} INFO - [2023-01-15T12:35:00.867+0000] {dag.py:3423} INFO - Setting next_dagrun for example_sensor_decorator to None, run_after=None
[2023-01-15T12:35:00.901+0000] {processor.py:175} INFO - Processing /home/airflow/.local/lib/python3.10/site-packages/airflow/example_dags/example_sensor_decorator.py took 0.225 seconds
[2023-01-15T12:35:31.893+0000] {processor.py:153} INFO - Started process (PID=380) to work on /home/airflow/.local/lib/python3.10/site-packages/airflow/example_dags/example_sensor_decorator.py
[2023-01-15T12:35:31.902+0000] {processor.py:743} INFO - Processing file /home/airflow/.local/lib/python3.10/site-packages/airflow/example_dags/example_sensor_decorator.py for tasks to queue
[2023-01-15T12:35:31.904+0000] {logging_mixin.py:137} INFO - [2023-01-15T12:35:31.903+0000] {dagbag.py:538} INFO - Filling up the DagBag from /home/airflow/.local/lib/python3.10/site-packages/airflow/example_dags/example_sensor_decorator.py
[2023-01-15T12:35:31.942+0000] {logging_mixin.py:137} WARNING - /home/airflow/.local/lib/python3.10/site-packages/airflow/models/dag.py:3492 RemovedInAirflow3Warning: Param `schedule_interval` is deprecated and will be removed in a future release. Please use `schedule` instead.
[2023-01-15T12:35:31.954+0000] {processor.py:753} INFO - DAG(s) dict_keys(['example_sensor_decorator']) retrieved from /home/airflow/.local/lib/python3.10/site-packages/airflow/example_dags/example_sensor_decorator.py
[2023-01-15T12:35:32.005+0000] {logging_mixin.py:137} INFO - [2023-01-15T12:35:32.005+0000] {dag.py:2676} INFO - Sync 1 DAGs
[2023-01-15T12:35:32.038+0000] {logging_mixin.py:137} INFO - [2023-01-15T12:35:32.037+0000] {dag.py:3423} INFO - Setting next_dagrun for example_sensor_decorator to None, run_after=None
[2023-01-15T12:35:32.069+0000] {processor.py:175} INFO - Processing /home/airflow/.local/lib/python3.10/site-packages/airflow/example_dags/example_sensor_decorator.py took 0.182 seconds
[2023-01-15T12:35:57.675+0000] {processor.py:153} INFO - Started process (PID=40) to work on /home/airflow/.local/lib/python3.10/site-packages/airflow/example_dags/example_sensor_decorator.py
[2023-01-15T12:35:57.676+0000] {processor.py:743} INFO - Processing file /home/airflow/.local/lib/python3.10/site-packages/airflow/example_dags/example_sensor_decorator.py for tasks to queue
[2023-01-15T12:35:57.679+0000] {logging_mixin.py:137} INFO - [2023-01-15T12:35:57.679+0000] {dagbag.py:538} INFO - Filling up the DagBag from /home/airflow/.local/lib/python3.10/site-packages/airflow/example_dags/example_sensor_decorator.py
[2023-01-15T12:35:57.732+0000] {logging_mixin.py:137} WARNING - /home/airflow/.local/lib/python3.10/site-packages/airflow/models/dag.py:3492 RemovedInAirflow3Warning: Param `schedule_interval` is deprecated and will be removed in a future release. Please use `schedule` instead.
[2023-01-15T12:35:57.757+0000] {processor.py:753} INFO - DAG(s) dict_keys(['example_sensor_decorator']) retrieved from /home/airflow/.local/lib/python3.10/site-packages/airflow/example_dags/example_sensor_decorator.py
[2023-01-15T12:35:57.809+0000] {logging_mixin.py:137} INFO - [2023-01-15T12:35:57.809+0000] {dag.py:2676} INFO - Sync 1 DAGs
[2023-01-15T12:35:57.857+0000] {logging_mixin.py:137} INFO - [2023-01-15T12:35:57.857+0000] {dag.py:3423} INFO - Setting next_dagrun for example_sensor_decorator to None, run_after=None
[2023-01-15T12:35:57.928+0000] {processor.py:175} INFO - Processing /home/airflow/.local/lib/python3.10/site-packages/airflow/example_dags/example_sensor_decorator.py took 0.261 seconds
[2023-01-15T12:36:28.411+0000] {processor.py:153} INFO - Started process (PID=113) to work on /home/airflow/.local/lib/python3.10/site-packages/airflow/example_dags/example_sensor_decorator.py
[2023-01-15T12:36:28.413+0000] {processor.py:743} INFO - Processing file /home/airflow/.local/lib/python3.10/site-packages/airflow/example_dags/example_sensor_decorator.py for tasks to queue
[2023-01-15T12:36:28.414+0000] {logging_mixin.py:137} INFO - [2023-01-15T12:36:28.413+0000] {dagbag.py:538} INFO - Filling up the DagBag from /home/airflow/.local/lib/python3.10/site-packages/airflow/example_dags/example_sensor_decorator.py
[2023-01-15T12:36:28.453+0000] {logging_mixin.py:137} WARNING - /home/airflow/.local/lib/python3.10/site-packages/airflow/models/dag.py:3492 RemovedInAirflow3Warning: Param `schedule_interval` is deprecated and will be removed in a future release. Please use `schedule` instead.
[2023-01-15T12:36:28.467+0000] {processor.py:753} INFO - DAG(s) dict_keys(['example_sensor_decorator']) retrieved from /home/airflow/.local/lib/python3.10/site-packages/airflow/example_dags/example_sensor_decorator.py
[2023-01-15T12:36:28.525+0000] {logging_mixin.py:137} INFO - [2023-01-15T12:36:28.525+0000] {dag.py:2676} INFO - Sync 1 DAGs
[2023-01-15T12:36:28.777+0000] {logging_mixin.py:137} INFO - [2023-01-15T12:36:28.776+0000] {dag.py:3423} INFO - Setting next_dagrun for example_sensor_decorator to None, run_after=None
[2023-01-15T12:36:28.802+0000] {processor.py:175} INFO - Processing /home/airflow/.local/lib/python3.10/site-packages/airflow/example_dags/example_sensor_decorator.py took 0.395 seconds
[2023-01-15T12:36:59.768+0000] {processor.py:153} INFO - Started process (PID=179) to work on /home/airflow/.local/lib/python3.10/site-packages/airflow/example_dags/example_sensor_decorator.py
[2023-01-15T12:36:59.772+0000] {processor.py:743} INFO - Processing file /home/airflow/.local/lib/python3.10/site-packages/airflow/example_dags/example_sensor_decorator.py for tasks to queue
[2023-01-15T12:36:59.776+0000] {logging_mixin.py:137} INFO - [2023-01-15T12:36:59.776+0000] {dagbag.py:538} INFO - Filling up the DagBag from /home/airflow/.local/lib/python3.10/site-packages/airflow/example_dags/example_sensor_decorator.py
[2023-01-15T12:36:59.863+0000] {logging_mixin.py:137} WARNING - /home/airflow/.local/lib/python3.10/site-packages/airflow/models/dag.py:3492 RemovedInAirflow3Warning: Param `schedule_interval` is deprecated and will be removed in a future release. Please use `schedule` instead.
[2023-01-15T12:36:59.909+0000] {processor.py:753} INFO - DAG(s) dict_keys(['example_sensor_decorator']) retrieved from /home/airflow/.local/lib/python3.10/site-packages/airflow/example_dags/example_sensor_decorator.py
[2023-01-15T12:37:00.079+0000] {logging_mixin.py:137} INFO - [2023-01-15T12:37:00.078+0000] {dag.py:2676} INFO - Sync 1 DAGs
[2023-01-15T12:37:00.647+0000] {logging_mixin.py:137} INFO - [2023-01-15T12:37:00.647+0000] {dag.py:3423} INFO - Setting next_dagrun for example_sensor_decorator to None, run_after=None
[2023-01-15T12:37:00.709+0000] {processor.py:175} INFO - Processing /home/airflow/.local/lib/python3.10/site-packages/airflow/example_dags/example_sensor_decorator.py took 0.957 seconds
[2023-01-15T12:37:31.270+0000] {processor.py:153} INFO - Started process (PID=245) to work on /home/airflow/.local/lib/python3.10/site-packages/airflow/example_dags/example_sensor_decorator.py
[2023-01-15T12:37:31.271+0000] {processor.py:743} INFO - Processing file /home/airflow/.local/lib/python3.10/site-packages/airflow/example_dags/example_sensor_decorator.py for tasks to queue
[2023-01-15T12:37:31.272+0000] {logging_mixin.py:137} INFO - [2023-01-15T12:37:31.272+0000] {dagbag.py:538} INFO - Filling up the DagBag from /home/airflow/.local/lib/python3.10/site-packages/airflow/example_dags/example_sensor_decorator.py
[2023-01-15T12:37:31.299+0000] {logging_mixin.py:137} WARNING - /home/airflow/.local/lib/python3.10/site-packages/airflow/models/dag.py:3492 RemovedInAirflow3Warning: Param `schedule_interval` is deprecated and will be removed in a future release. Please use `schedule` instead.
[2023-01-15T12:37:31.307+0000] {processor.py:753} INFO - DAG(s) dict_keys(['example_sensor_decorator']) retrieved from /home/airflow/.local/lib/python3.10/site-packages/airflow/example_dags/example_sensor_decorator.py
[2023-01-15T12:37:31.483+0000] {logging_mixin.py:137} INFO - [2023-01-15T12:37:31.482+0000] {dag.py:2676} INFO - Sync 1 DAGs
[2023-01-15T12:37:31.500+0000] {logging_mixin.py:137} INFO - [2023-01-15T12:37:31.500+0000] {dag.py:3423} INFO - Setting next_dagrun for example_sensor_decorator to None, run_after=None
[2023-01-15T12:37:31.525+0000] {processor.py:175} INFO - Processing /home/airflow/.local/lib/python3.10/site-packages/airflow/example_dags/example_sensor_decorator.py took 0.259 seconds
[2023-01-15T12:38:01.739+0000] {processor.py:153} INFO - Started process (PID=311) to work on /home/airflow/.local/lib/python3.10/site-packages/airflow/example_dags/example_sensor_decorator.py
[2023-01-15T12:38:01.740+0000] {processor.py:743} INFO - Processing file /home/airflow/.local/lib/python3.10/site-packages/airflow/example_dags/example_sensor_decorator.py for tasks to queue
[2023-01-15T12:38:01.741+0000] {logging_mixin.py:137} INFO - [2023-01-15T12:38:01.741+0000] {dagbag.py:538} INFO - Filling up the DagBag from /home/airflow/.local/lib/python3.10/site-packages/airflow/example_dags/example_sensor_decorator.py
[2023-01-15T12:38:01.765+0000] {logging_mixin.py:137} WARNING - /home/airflow/.local/lib/python3.10/site-packages/airflow/models/dag.py:3492 RemovedInAirflow3Warning: Param `schedule_interval` is deprecated and will be removed in a future release. Please use `schedule` instead.
[2023-01-15T12:38:01.775+0000] {processor.py:753} INFO - DAG(s) dict_keys(['example_sensor_decorator']) retrieved from /home/airflow/.local/lib/python3.10/site-packages/airflow/example_dags/example_sensor_decorator.py
[2023-01-15T12:38:01.977+0000] {logging_mixin.py:137} INFO - [2023-01-15T12:38:01.977+0000] {dag.py:2676} INFO - Sync 1 DAGs
[2023-01-15T12:38:02.000+0000] {logging_mixin.py:137} INFO - [2023-01-15T12:38:01.999+0000] {dag.py:3423} INFO - Setting next_dagrun for example_sensor_decorator to None, run_after=None
[2023-01-15T12:38:02.026+0000] {processor.py:175} INFO - Processing /home/airflow/.local/lib/python3.10/site-packages/airflow/example_dags/example_sensor_decorator.py took 0.291 seconds
[2023-01-15T12:38:32.989+0000] {processor.py:153} INFO - Started process (PID=377) to work on /home/airflow/.local/lib/python3.10/site-packages/airflow/example_dags/example_sensor_decorator.py
[2023-01-15T12:38:32.990+0000] {processor.py:743} INFO - Processing file /home/airflow/.local/lib/python3.10/site-packages/airflow/example_dags/example_sensor_decorator.py for tasks to queue
[2023-01-15T12:38:32.991+0000] {logging_mixin.py:137} INFO - [2023-01-15T12:38:32.991+0000] {dagbag.py:538} INFO - Filling up the DagBag from /home/airflow/.local/lib/python3.10/site-packages/airflow/example_dags/example_sensor_decorator.py
[2023-01-15T12:38:33.016+0000] {logging_mixin.py:137} WARNING - /home/airflow/.local/lib/python3.10/site-packages/airflow/models/dag.py:3492 RemovedInAirflow3Warning: Param `schedule_interval` is deprecated and will be removed in a future release. Please use `schedule` instead.
[2023-01-15T12:38:33.199+0000] {processor.py:753} INFO - DAG(s) dict_keys(['example_sensor_decorator']) retrieved from /home/airflow/.local/lib/python3.10/site-packages/airflow/example_dags/example_sensor_decorator.py
[2023-01-15T12:38:33.241+0000] {logging_mixin.py:137} INFO - [2023-01-15T12:38:33.240+0000] {dag.py:2676} INFO - Sync 1 DAGs
[2023-01-15T12:38:33.272+0000] {logging_mixin.py:137} INFO - [2023-01-15T12:38:33.272+0000] {dag.py:3423} INFO - Setting next_dagrun for example_sensor_decorator to None, run_after=None
[2023-01-15T12:38:33.307+0000] {processor.py:175} INFO - Processing /home/airflow/.local/lib/python3.10/site-packages/airflow/example_dags/example_sensor_decorator.py took 0.321 seconds
[2023-01-15T12:39:03.825+0000] {processor.py:153} INFO - Started process (PID=450) to work on /home/airflow/.local/lib/python3.10/site-packages/airflow/example_dags/example_sensor_decorator.py
[2023-01-15T12:39:03.826+0000] {processor.py:743} INFO - Processing file /home/airflow/.local/lib/python3.10/site-packages/airflow/example_dags/example_sensor_decorator.py for tasks to queue
[2023-01-15T12:39:03.827+0000] {logging_mixin.py:137} INFO - [2023-01-15T12:39:03.827+0000] {dagbag.py:538} INFO - Filling up the DagBag from /home/airflow/.local/lib/python3.10/site-packages/airflow/example_dags/example_sensor_decorator.py
[2023-01-15T12:39:04.215+0000] {logging_mixin.py:137} WARNING - /home/airflow/.local/lib/python3.10/site-packages/airflow/models/dag.py:3492 RemovedInAirflow3Warning: Param `schedule_interval` is deprecated and will be removed in a future release. Please use `schedule` instead.
[2023-01-15T12:39:04.225+0000] {processor.py:753} INFO - DAG(s) dict_keys(['example_sensor_decorator']) retrieved from /home/airflow/.local/lib/python3.10/site-packages/airflow/example_dags/example_sensor_decorator.py
[2023-01-15T12:39:04.283+0000] {logging_mixin.py:137} INFO - [2023-01-15T12:39:04.282+0000] {dag.py:2676} INFO - Sync 1 DAGs
[2023-01-15T12:39:04.321+0000] {logging_mixin.py:137} INFO - [2023-01-15T12:39:04.320+0000] {dag.py:3423} INFO - Setting next_dagrun for example_sensor_decorator to None, run_after=None
[2023-01-15T12:39:04.345+0000] {processor.py:175} INFO - Processing /home/airflow/.local/lib/python3.10/site-packages/airflow/example_dags/example_sensor_decorator.py took 0.525 seconds
