[2023-01-15T12:32:59.103+0000] {processor.py:153} INFO - Started process (PID=58) to work on /home/airflow/.local/lib/python3.10/site-packages/airflow/example_dags/example_branch_operator_decorator.py
[2023-01-15T12:32:59.104+0000] {processor.py:743} INFO - Processing file /home/airflow/.local/lib/python3.10/site-packages/airflow/example_dags/example_branch_operator_decorator.py for tasks to queue
[2023-01-15T12:32:59.105+0000] {logging_mixin.py:137} INFO - [2023-01-15T12:32:59.105+0000] {dagbag.py:538} INFO - Filling up the DagBag from /home/airflow/.local/lib/python3.10/site-packages/airflow/example_dags/example_branch_operator_decorator.py
[2023-01-15T12:32:59.331+0000] {processor.py:753} INFO - DAG(s) dict_keys(['example_branch_python_operator_decorator']) retrieved from /home/airflow/.local/lib/python3.10/site-packages/airflow/example_dags/example_branch_operator_decorator.py
[2023-01-15T12:32:59.361+0000] {logging_mixin.py:137} INFO - [2023-01-15T12:32:59.361+0000] {dag.py:2676} INFO - Sync 1 DAGs
[2023-01-15T12:32:59.397+0000] {logging_mixin.py:137} INFO - [2023-01-15T12:32:59.397+0000] {dag.py:3423} INFO - Setting next_dagrun for example_branch_python_operator_decorator to 2023-01-14T00:00:00+00:00, run_after=2023-01-15T00:00:00+00:00
[2023-01-15T12:32:59.417+0000] {processor.py:175} INFO - Processing /home/airflow/.local/lib/python3.10/site-packages/airflow/example_dags/example_branch_operator_decorator.py took 0.318 seconds
[2023-01-15T12:33:29.544+0000] {processor.py:153} INFO - Started process (PID=124) to work on /home/airflow/.local/lib/python3.10/site-packages/airflow/example_dags/example_branch_operator_decorator.py
[2023-01-15T12:33:29.545+0000] {processor.py:743} INFO - Processing file /home/airflow/.local/lib/python3.10/site-packages/airflow/example_dags/example_branch_operator_decorator.py for tasks to queue
[2023-01-15T12:33:29.546+0000] {logging_mixin.py:137} INFO - [2023-01-15T12:33:29.546+0000] {dagbag.py:538} INFO - Filling up the DagBag from /home/airflow/.local/lib/python3.10/site-packages/airflow/example_dags/example_branch_operator_decorator.py
[2023-01-15T12:33:29.710+0000] {processor.py:753} INFO - DAG(s) dict_keys(['example_branch_python_operator_decorator']) retrieved from /home/airflow/.local/lib/python3.10/site-packages/airflow/example_dags/example_branch_operator_decorator.py
[2023-01-15T12:33:29.742+0000] {logging_mixin.py:137} INFO - [2023-01-15T12:33:29.741+0000] {dag.py:2676} INFO - Sync 1 DAGs
[2023-01-15T12:33:29.762+0000] {logging_mixin.py:137} INFO - [2023-01-15T12:33:29.762+0000] {dag.py:3423} INFO - Setting next_dagrun for example_branch_python_operator_decorator to 2023-01-14T00:00:00+00:00, run_after=2023-01-15T00:00:00+00:00
[2023-01-15T12:33:29.788+0000] {processor.py:175} INFO - Processing /home/airflow/.local/lib/python3.10/site-packages/airflow/example_dags/example_branch_operator_decorator.py took 0.246 seconds
[2023-01-15T12:34:00.414+0000] {processor.py:153} INFO - Started process (PID=190) to work on /home/airflow/.local/lib/python3.10/site-packages/airflow/example_dags/example_branch_operator_decorator.py
[2023-01-15T12:34:00.416+0000] {processor.py:743} INFO - Processing file /home/airflow/.local/lib/python3.10/site-packages/airflow/example_dags/example_branch_operator_decorator.py for tasks to queue
[2023-01-15T12:34:00.419+0000] {logging_mixin.py:137} INFO - [2023-01-15T12:34:00.418+0000] {dagbag.py:538} INFO - Filling up the DagBag from /home/airflow/.local/lib/python3.10/site-packages/airflow/example_dags/example_branch_operator_decorator.py
[2023-01-15T12:34:00.516+0000] {processor.py:753} INFO - DAG(s) dict_keys(['example_branch_python_operator_decorator']) retrieved from /home/airflow/.local/lib/python3.10/site-packages/airflow/example_dags/example_branch_operator_decorator.py
[2023-01-15T12:34:00.653+0000] {logging_mixin.py:137} INFO - [2023-01-15T12:34:00.652+0000] {dag.py:2676} INFO - Sync 1 DAGs
[2023-01-15T12:34:00.711+0000] {logging_mixin.py:137} INFO - [2023-01-15T12:34:00.711+0000] {dag.py:3423} INFO - Setting next_dagrun for example_branch_python_operator_decorator to 2023-01-14T00:00:00+00:00, run_after=2023-01-15T00:00:00+00:00
[2023-01-15T12:34:00.755+0000] {processor.py:175} INFO - Processing /home/airflow/.local/lib/python3.10/site-packages/airflow/example_dags/example_branch_operator_decorator.py took 0.349 seconds
[2023-01-15T12:34:31.041+0000] {processor.py:153} INFO - Started process (PID=255) to work on /home/airflow/.local/lib/python3.10/site-packages/airflow/example_dags/example_branch_operator_decorator.py
[2023-01-15T12:34:31.043+0000] {processor.py:743} INFO - Processing file /home/airflow/.local/lib/python3.10/site-packages/airflow/example_dags/example_branch_operator_decorator.py for tasks to queue
[2023-01-15T12:34:31.044+0000] {logging_mixin.py:137} INFO - [2023-01-15T12:34:31.044+0000] {dagbag.py:538} INFO - Filling up the DagBag from /home/airflow/.local/lib/python3.10/site-packages/airflow/example_dags/example_branch_operator_decorator.py
[2023-01-15T12:34:31.091+0000] {processor.py:753} INFO - DAG(s) dict_keys(['example_branch_python_operator_decorator']) retrieved from /home/airflow/.local/lib/python3.10/site-packages/airflow/example_dags/example_branch_operator_decorator.py
[2023-01-15T12:34:31.167+0000] {logging_mixin.py:137} INFO - [2023-01-15T12:34:31.166+0000] {dag.py:2676} INFO - Sync 1 DAGs
[2023-01-15T12:34:31.224+0000] {logging_mixin.py:137} INFO - [2023-01-15T12:34:31.224+0000] {dag.py:3423} INFO - Setting next_dagrun for example_branch_python_operator_decorator to 2023-01-14T00:00:00+00:00, run_after=2023-01-15T00:00:00+00:00
[2023-01-15T12:34:31.270+0000] {processor.py:175} INFO - Processing /home/airflow/.local/lib/python3.10/site-packages/airflow/example_dags/example_branch_operator_decorator.py took 0.234 seconds
[2023-01-15T12:35:02.849+0000] {processor.py:153} INFO - Started process (PID=326) to work on /home/airflow/.local/lib/python3.10/site-packages/airflow/example_dags/example_branch_operator_decorator.py
[2023-01-15T12:35:02.851+0000] {processor.py:743} INFO - Processing file /home/airflow/.local/lib/python3.10/site-packages/airflow/example_dags/example_branch_operator_decorator.py for tasks to queue
[2023-01-15T12:35:02.853+0000] {logging_mixin.py:137} INFO - [2023-01-15T12:35:02.852+0000] {dagbag.py:538} INFO - Filling up the DagBag from /home/airflow/.local/lib/python3.10/site-packages/airflow/example_dags/example_branch_operator_decorator.py
[2023-01-15T12:35:02.912+0000] {processor.py:753} INFO - DAG(s) dict_keys(['example_branch_python_operator_decorator']) retrieved from /home/airflow/.local/lib/python3.10/site-packages/airflow/example_dags/example_branch_operator_decorator.py
[2023-01-15T12:35:03.002+0000] {logging_mixin.py:137} INFO - [2023-01-15T12:35:03.001+0000] {dag.py:2676} INFO - Sync 1 DAGs
[2023-01-15T12:35:03.064+0000] {logging_mixin.py:137} INFO - [2023-01-15T12:35:03.064+0000] {dag.py:3423} INFO - Setting next_dagrun for example_branch_python_operator_decorator to 2023-01-14T00:00:00+00:00, run_after=2023-01-15T00:00:00+00:00
[2023-01-15T12:35:03.108+0000] {processor.py:175} INFO - Processing /home/airflow/.local/lib/python3.10/site-packages/airflow/example_dags/example_branch_operator_decorator.py took 0.266 seconds
[2023-01-15T12:35:33.271+0000] {processor.py:153} INFO - Started process (PID=398) to work on /home/airflow/.local/lib/python3.10/site-packages/airflow/example_dags/example_branch_operator_decorator.py
[2023-01-15T12:35:33.283+0000] {processor.py:743} INFO - Processing file /home/airflow/.local/lib/python3.10/site-packages/airflow/example_dags/example_branch_operator_decorator.py for tasks to queue
[2023-01-15T12:35:33.284+0000] {logging_mixin.py:137} INFO - [2023-01-15T12:35:33.284+0000] {dagbag.py:538} INFO - Filling up the DagBag from /home/airflow/.local/lib/python3.10/site-packages/airflow/example_dags/example_branch_operator_decorator.py
[2023-01-15T12:35:33.332+0000] {processor.py:753} INFO - DAG(s) dict_keys(['example_branch_python_operator_decorator']) retrieved from /home/airflow/.local/lib/python3.10/site-packages/airflow/example_dags/example_branch_operator_decorator.py
[2023-01-15T12:35:33.379+0000] {logging_mixin.py:137} INFO - [2023-01-15T12:35:33.379+0000] {dag.py:2676} INFO - Sync 1 DAGs
[2023-01-15T12:35:33.412+0000] {logging_mixin.py:137} INFO - [2023-01-15T12:35:33.412+0000] {dag.py:3423} INFO - Setting next_dagrun for example_branch_python_operator_decorator to 2023-01-14T00:00:00+00:00, run_after=2023-01-15T00:00:00+00:00
[2023-01-15T12:35:33.442+0000] {processor.py:175} INFO - Processing /home/airflow/.local/lib/python3.10/site-packages/airflow/example_dags/example_branch_operator_decorator.py took 0.180 seconds
[2023-01-15T12:35:59.710+0000] {processor.py:153} INFO - Started process (PID=58) to work on /home/airflow/.local/lib/python3.10/site-packages/airflow/example_dags/example_branch_operator_decorator.py
[2023-01-15T12:35:59.712+0000] {processor.py:743} INFO - Processing file /home/airflow/.local/lib/python3.10/site-packages/airflow/example_dags/example_branch_operator_decorator.py for tasks to queue
[2023-01-15T12:35:59.713+0000] {logging_mixin.py:137} INFO - [2023-01-15T12:35:59.713+0000] {dagbag.py:538} INFO - Filling up the DagBag from /home/airflow/.local/lib/python3.10/site-packages/airflow/example_dags/example_branch_operator_decorator.py
[2023-01-15T12:35:59.806+0000] {processor.py:753} INFO - DAG(s) dict_keys(['example_branch_python_operator_decorator']) retrieved from /home/airflow/.local/lib/python3.10/site-packages/airflow/example_dags/example_branch_operator_decorator.py
[2023-01-15T12:35:59.861+0000] {logging_mixin.py:137} INFO - [2023-01-15T12:35:59.860+0000] {dag.py:2676} INFO - Sync 1 DAGs
[2023-01-15T12:35:59.935+0000] {logging_mixin.py:137} INFO - [2023-01-15T12:35:59.935+0000] {dag.py:3423} INFO - Setting next_dagrun for example_branch_python_operator_decorator to 2023-01-14T00:00:00+00:00, run_after=2023-01-15T00:00:00+00:00
[2023-01-15T12:35:59.976+0000] {processor.py:175} INFO - Processing /home/airflow/.local/lib/python3.10/site-packages/airflow/example_dags/example_branch_operator_decorator.py took 0.273 seconds
[2023-01-15T12:36:30.537+0000] {processor.py:153} INFO - Started process (PID=124) to work on /home/airflow/.local/lib/python3.10/site-packages/airflow/example_dags/example_branch_operator_decorator.py
[2023-01-15T12:36:30.538+0000] {processor.py:743} INFO - Processing file /home/airflow/.local/lib/python3.10/site-packages/airflow/example_dags/example_branch_operator_decorator.py for tasks to queue
[2023-01-15T12:36:30.539+0000] {logging_mixin.py:137} INFO - [2023-01-15T12:36:30.539+0000] {dagbag.py:538} INFO - Filling up the DagBag from /home/airflow/.local/lib/python3.10/site-packages/airflow/example_dags/example_branch_operator_decorator.py
[2023-01-15T12:36:30.573+0000] {processor.py:753} INFO - DAG(s) dict_keys(['example_branch_python_operator_decorator']) retrieved from /home/airflow/.local/lib/python3.10/site-packages/airflow/example_dags/example_branch_operator_decorator.py
[2023-01-15T12:36:30.614+0000] {logging_mixin.py:137} INFO - [2023-01-15T12:36:30.614+0000] {dag.py:2676} INFO - Sync 1 DAGs
[2023-01-15T12:36:30.781+0000] {logging_mixin.py:137} INFO - [2023-01-15T12:36:30.781+0000] {dag.py:3423} INFO - Setting next_dagrun for example_branch_python_operator_decorator to 2023-01-14T00:00:00+00:00, run_after=2023-01-15T00:00:00+00:00
[2023-01-15T12:36:30.800+0000] {processor.py:175} INFO - Processing /home/airflow/.local/lib/python3.10/site-packages/airflow/example_dags/example_branch_operator_decorator.py took 0.267 seconds
[2023-01-15T12:37:03.511+0000] {processor.py:153} INFO - Started process (PID=190) to work on /home/airflow/.local/lib/python3.10/site-packages/airflow/example_dags/example_branch_operator_decorator.py
[2023-01-15T12:37:03.512+0000] {processor.py:743} INFO - Processing file /home/airflow/.local/lib/python3.10/site-packages/airflow/example_dags/example_branch_operator_decorator.py for tasks to queue
[2023-01-15T12:37:03.513+0000] {logging_mixin.py:137} INFO - [2023-01-15T12:37:03.513+0000] {dagbag.py:538} INFO - Filling up the DagBag from /home/airflow/.local/lib/python3.10/site-packages/airflow/example_dags/example_branch_operator_decorator.py
[2023-01-15T12:37:03.551+0000] {processor.py:753} INFO - DAG(s) dict_keys(['example_branch_python_operator_decorator']) retrieved from /home/airflow/.local/lib/python3.10/site-packages/airflow/example_dags/example_branch_operator_decorator.py
[2023-01-15T12:37:03.606+0000] {logging_mixin.py:137} INFO - [2023-01-15T12:37:03.605+0000] {dag.py:2676} INFO - Sync 1 DAGs
[2023-01-15T12:37:03.816+0000] {logging_mixin.py:137} INFO - [2023-01-15T12:37:03.816+0000] {dag.py:3423} INFO - Setting next_dagrun for example_branch_python_operator_decorator to 2023-01-14T00:00:00+00:00, run_after=2023-01-15T00:00:00+00:00
[2023-01-15T12:37:03.849+0000] {processor.py:175} INFO - Processing /home/airflow/.local/lib/python3.10/site-packages/airflow/example_dags/example_branch_operator_decorator.py took 0.343 seconds
[2023-01-15T12:37:34.258+0000] {processor.py:153} INFO - Started process (PID=256) to work on /home/airflow/.local/lib/python3.10/site-packages/airflow/example_dags/example_branch_operator_decorator.py
[2023-01-15T12:37:34.259+0000] {processor.py:743} INFO - Processing file /home/airflow/.local/lib/python3.10/site-packages/airflow/example_dags/example_branch_operator_decorator.py for tasks to queue
[2023-01-15T12:37:34.259+0000] {logging_mixin.py:137} INFO - [2023-01-15T12:37:34.259+0000] {dagbag.py:538} INFO - Filling up the DagBag from /home/airflow/.local/lib/python3.10/site-packages/airflow/example_dags/example_branch_operator_decorator.py
[2023-01-15T12:37:34.287+0000] {processor.py:753} INFO - DAG(s) dict_keys(['example_branch_python_operator_decorator']) retrieved from /home/airflow/.local/lib/python3.10/site-packages/airflow/example_dags/example_branch_operator_decorator.py
[2023-01-15T12:37:34.488+0000] {logging_mixin.py:137} INFO - [2023-01-15T12:37:34.488+0000] {dag.py:2676} INFO - Sync 1 DAGs
[2023-01-15T12:37:34.512+0000] {logging_mixin.py:137} INFO - [2023-01-15T12:37:34.512+0000] {dag.py:3423} INFO - Setting next_dagrun for example_branch_python_operator_decorator to 2023-01-14T00:00:00+00:00, run_after=2023-01-15T00:00:00+00:00
[2023-01-15T12:37:34.532+0000] {processor.py:175} INFO - Processing /home/airflow/.local/lib/python3.10/site-packages/airflow/example_dags/example_branch_operator_decorator.py took 0.277 seconds
[2023-01-15T12:38:04.726+0000] {processor.py:153} INFO - Started process (PID=322) to work on /home/airflow/.local/lib/python3.10/site-packages/airflow/example_dags/example_branch_operator_decorator.py
[2023-01-15T12:38:04.727+0000] {processor.py:743} INFO - Processing file /home/airflow/.local/lib/python3.10/site-packages/airflow/example_dags/example_branch_operator_decorator.py for tasks to queue
[2023-01-15T12:38:04.727+0000] {logging_mixin.py:137} INFO - [2023-01-15T12:38:04.727+0000] {dagbag.py:538} INFO - Filling up the DagBag from /home/airflow/.local/lib/python3.10/site-packages/airflow/example_dags/example_branch_operator_decorator.py
[2023-01-15T12:38:04.755+0000] {processor.py:753} INFO - DAG(s) dict_keys(['example_branch_python_operator_decorator']) retrieved from /home/airflow/.local/lib/python3.10/site-packages/airflow/example_dags/example_branch_operator_decorator.py
[2023-01-15T12:38:04.941+0000] {logging_mixin.py:137} INFO - [2023-01-15T12:38:04.941+0000] {dag.py:2676} INFO - Sync 1 DAGs
[2023-01-15T12:38:04.964+0000] {logging_mixin.py:137} INFO - [2023-01-15T12:38:04.963+0000] {dag.py:3423} INFO - Setting next_dagrun for example_branch_python_operator_decorator to 2023-01-14T00:00:00+00:00, run_after=2023-01-15T00:00:00+00:00
[2023-01-15T12:38:04.988+0000] {processor.py:175} INFO - Processing /home/airflow/.local/lib/python3.10/site-packages/airflow/example_dags/example_branch_operator_decorator.py took 0.266 seconds
[2023-01-15T12:38:36.190+0000] {processor.py:153} INFO - Started process (PID=395) to work on /home/airflow/.local/lib/python3.10/site-packages/airflow/example_dags/example_branch_operator_decorator.py
[2023-01-15T12:38:36.192+0000] {processor.py:743} INFO - Processing file /home/airflow/.local/lib/python3.10/site-packages/airflow/example_dags/example_branch_operator_decorator.py for tasks to queue
[2023-01-15T12:38:36.193+0000] {logging_mixin.py:137} INFO - [2023-01-15T12:38:36.193+0000] {dagbag.py:538} INFO - Filling up the DagBag from /home/airflow/.local/lib/python3.10/site-packages/airflow/example_dags/example_branch_operator_decorator.py
[2023-01-15T12:38:36.552+0000] {processor.py:753} INFO - DAG(s) dict_keys(['example_branch_python_operator_decorator']) retrieved from /home/airflow/.local/lib/python3.10/site-packages/airflow/example_dags/example_branch_operator_decorator.py
[2023-01-15T12:38:36.594+0000] {logging_mixin.py:137} INFO - [2023-01-15T12:38:36.594+0000] {dag.py:2676} INFO - Sync 1 DAGs
[2023-01-15T12:38:36.619+0000] {logging_mixin.py:137} INFO - [2023-01-15T12:38:36.619+0000] {dag.py:3423} INFO - Setting next_dagrun for example_branch_python_operator_decorator to 2023-01-14T00:00:00+00:00, run_after=2023-01-15T00:00:00+00:00
[2023-01-15T12:38:36.641+0000] {processor.py:175} INFO - Processing /home/airflow/.local/lib/python3.10/site-packages/airflow/example_dags/example_branch_operator_decorator.py took 0.454 seconds
[2023-01-15T12:39:07.274+0000] {processor.py:153} INFO - Started process (PID=468) to work on /home/airflow/.local/lib/python3.10/site-packages/airflow/example_dags/example_branch_operator_decorator.py
[2023-01-15T12:39:07.275+0000] {processor.py:743} INFO - Processing file /home/airflow/.local/lib/python3.10/site-packages/airflow/example_dags/example_branch_operator_decorator.py for tasks to queue
[2023-01-15T12:39:07.276+0000] {logging_mixin.py:137} INFO - [2023-01-15T12:39:07.276+0000] {dagbag.py:538} INFO - Filling up the DagBag from /home/airflow/.local/lib/python3.10/site-packages/airflow/example_dags/example_branch_operator_decorator.py
[2023-01-15T12:39:07.547+0000] {processor.py:753} INFO - DAG(s) dict_keys(['example_branch_python_operator_decorator']) retrieved from /home/airflow/.local/lib/python3.10/site-packages/airflow/example_dags/example_branch_operator_decorator.py
[2023-01-15T12:39:07.599+0000] {logging_mixin.py:137} INFO - [2023-01-15T12:39:07.599+0000] {dag.py:2676} INFO - Sync 1 DAGs
[2023-01-15T12:39:07.636+0000] {logging_mixin.py:137} INFO - [2023-01-15T12:39:07.636+0000] {dag.py:3423} INFO - Setting next_dagrun for example_branch_python_operator_decorator to 2023-01-14T00:00:00+00:00, run_after=2023-01-15T00:00:00+00:00
[2023-01-15T12:39:07.664+0000] {processor.py:175} INFO - Processing /home/airflow/.local/lib/python3.10/site-packages/airflow/example_dags/example_branch_operator_decorator.py took 0.395 seconds
