[2023-01-15T12:33:00.169+0000] {processor.py:153} INFO - Started process (PID=63) to work on /home/airflow/.local/lib/python3.10/site-packages/airflow/example_dags/example_datasets.py
[2023-01-15T12:33:00.170+0000] {processor.py:743} INFO - Processing file /home/airflow/.local/lib/python3.10/site-packages/airflow/example_dags/example_datasets.py for tasks to queue
[2023-01-15T12:33:00.170+0000] {logging_mixin.py:137} INFO - [2023-01-15T12:33:00.170+0000] {dagbag.py:538} INFO - Filling up the DagBag from /home/airflow/.local/lib/python3.10/site-packages/airflow/example_dags/example_datasets.py
[2023-01-15T12:33:00.193+0000] {processor.py:753} INFO - DAG(s) dict_keys(['dataset_produces_1', 'dataset_produces_2', 'dataset_consumes_1_never_scheduled', 'dataset_consumes_unknown_never_scheduled', 'dataset_consumes_1_and_2', 'dataset_consumes_1']) retrieved from /home/airflow/.local/lib/python3.10/site-packages/airflow/example_dags/example_datasets.py
[2023-01-15T12:33:00.469+0000] {logging_mixin.py:137} INFO - [2023-01-15T12:33:00.469+0000] {dag.py:2676} INFO - Sync 6 DAGs
[2023-01-15T12:33:00.498+0000] {logging_mixin.py:137} INFO - [2023-01-15T12:33:00.498+0000] {dag.py:3423} INFO - Setting next_dagrun for dataset_consumes_1 to None, run_after=None
[2023-01-15T12:33:00.502+0000] {logging_mixin.py:137} INFO - [2023-01-15T12:33:00.502+0000] {dag.py:3423} INFO - Setting next_dagrun for dataset_consumes_1_and_2 to None, run_after=None
[2023-01-15T12:33:00.504+0000] {logging_mixin.py:137} INFO - [2023-01-15T12:33:00.504+0000] {dag.py:3423} INFO - Setting next_dagrun for dataset_consumes_1_never_scheduled to None, run_after=None
[2023-01-15T12:33:00.506+0000] {logging_mixin.py:137} INFO - [2023-01-15T12:33:00.506+0000] {dag.py:3423} INFO - Setting next_dagrun for dataset_consumes_unknown_never_scheduled to None, run_after=None
[2023-01-15T12:33:00.511+0000] {logging_mixin.py:137} INFO - [2023-01-15T12:33:00.511+0000] {dag.py:3423} INFO - Setting next_dagrun for dataset_produces_1 to 2023-01-14T00:00:00+00:00, run_after=2023-01-15T00:00:00+00:00
[2023-01-15T12:33:00.513+0000] {logging_mixin.py:137} INFO - [2023-01-15T12:33:00.513+0000] {dag.py:3423} INFO - Setting next_dagrun for dataset_produces_2 to None, run_after=None
[2023-01-15T12:33:00.554+0000] {processor.py:175} INFO - Processing /home/airflow/.local/lib/python3.10/site-packages/airflow/example_dags/example_datasets.py took 0.389 seconds
[2023-01-15T12:33:31.112+0000] {processor.py:153} INFO - Started process (PID=129) to work on /home/airflow/.local/lib/python3.10/site-packages/airflow/example_dags/example_datasets.py
[2023-01-15T12:33:31.113+0000] {processor.py:743} INFO - Processing file /home/airflow/.local/lib/python3.10/site-packages/airflow/example_dags/example_datasets.py for tasks to queue
[2023-01-15T12:33:31.114+0000] {logging_mixin.py:137} INFO - [2023-01-15T12:33:31.114+0000] {dagbag.py:538} INFO - Filling up the DagBag from /home/airflow/.local/lib/python3.10/site-packages/airflow/example_dags/example_datasets.py
[2023-01-15T12:33:31.263+0000] {processor.py:753} INFO - DAG(s) dict_keys(['dataset_consumes_1_never_scheduled', 'dataset_consumes_1_and_2', 'dataset_consumes_1', 'dataset_produces_2', 'dataset_consumes_unknown_never_scheduled', 'dataset_produces_1']) retrieved from /home/airflow/.local/lib/python3.10/site-packages/airflow/example_dags/example_datasets.py
[2023-01-15T12:33:31.305+0000] {logging_mixin.py:137} INFO - [2023-01-15T12:33:31.305+0000] {dag.py:2676} INFO - Sync 6 DAGs
[2023-01-15T12:33:31.325+0000] {logging_mixin.py:137} INFO - [2023-01-15T12:33:31.325+0000] {dag.py:3423} INFO - Setting next_dagrun for dataset_consumes_1 to None, run_after=None
[2023-01-15T12:33:31.327+0000] {logging_mixin.py:137} INFO - [2023-01-15T12:33:31.327+0000] {dag.py:3423} INFO - Setting next_dagrun for dataset_consumes_1_and_2 to None, run_after=None
[2023-01-15T12:33:31.328+0000] {logging_mixin.py:137} INFO - [2023-01-15T12:33:31.328+0000] {dag.py:3423} INFO - Setting next_dagrun for dataset_consumes_1_never_scheduled to None, run_after=None
[2023-01-15T12:33:31.329+0000] {logging_mixin.py:137} INFO - [2023-01-15T12:33:31.329+0000] {dag.py:3423} INFO - Setting next_dagrun for dataset_consumes_unknown_never_scheduled to None, run_after=None
[2023-01-15T12:33:31.331+0000] {logging_mixin.py:137} INFO - [2023-01-15T12:33:31.331+0000] {dag.py:3423} INFO - Setting next_dagrun for dataset_produces_1 to 2023-01-14T00:00:00+00:00, run_after=2023-01-15T00:00:00+00:00
[2023-01-15T12:33:31.332+0000] {logging_mixin.py:137} INFO - [2023-01-15T12:33:31.332+0000] {dag.py:3423} INFO - Setting next_dagrun for dataset_produces_2 to None, run_after=None
[2023-01-15T12:33:31.358+0000] {processor.py:175} INFO - Processing /home/airflow/.local/lib/python3.10/site-packages/airflow/example_dags/example_datasets.py took 0.248 seconds
[2023-01-15T12:34:01.530+0000] {processor.py:153} INFO - Started process (PID=202) to work on /home/airflow/.local/lib/python3.10/site-packages/airflow/example_dags/example_datasets.py
[2023-01-15T12:34:01.533+0000] {processor.py:743} INFO - Processing file /home/airflow/.local/lib/python3.10/site-packages/airflow/example_dags/example_datasets.py for tasks to queue
[2023-01-15T12:34:01.536+0000] {logging_mixin.py:137} INFO - [2023-01-15T12:34:01.534+0000] {dagbag.py:538} INFO - Filling up the DagBag from /home/airflow/.local/lib/python3.10/site-packages/airflow/example_dags/example_datasets.py
[2023-01-15T12:34:01.668+0000] {processor.py:753} INFO - DAG(s) dict_keys(['dataset_consumes_1_never_scheduled', 'dataset_consumes_unknown_never_scheduled', 'dataset_produces_2', 'dataset_consumes_1', 'dataset_consumes_1_and_2', 'dataset_produces_1']) retrieved from /home/airflow/.local/lib/python3.10/site-packages/airflow/example_dags/example_datasets.py
[2023-01-15T12:34:01.863+0000] {logging_mixin.py:137} INFO - [2023-01-15T12:34:01.862+0000] {dag.py:2676} INFO - Sync 6 DAGs
[2023-01-15T12:34:01.930+0000] {logging_mixin.py:137} INFO - [2023-01-15T12:34:01.929+0000] {dag.py:3423} INFO - Setting next_dagrun for dataset_consumes_1 to None, run_after=None
[2023-01-15T12:34:01.939+0000] {logging_mixin.py:137} INFO - [2023-01-15T12:34:01.938+0000] {dag.py:3423} INFO - Setting next_dagrun for dataset_consumes_1_and_2 to None, run_after=None
[2023-01-15T12:34:01.942+0000] {logging_mixin.py:137} INFO - [2023-01-15T12:34:01.941+0000] {dag.py:3423} INFO - Setting next_dagrun for dataset_consumes_1_never_scheduled to None, run_after=None
[2023-01-15T12:34:01.945+0000] {logging_mixin.py:137} INFO - [2023-01-15T12:34:01.944+0000] {dag.py:3423} INFO - Setting next_dagrun for dataset_consumes_unknown_never_scheduled to None, run_after=None
[2023-01-15T12:34:01.954+0000] {logging_mixin.py:137} INFO - [2023-01-15T12:34:01.953+0000] {dag.py:3423} INFO - Setting next_dagrun for dataset_produces_1 to 2023-01-14T00:00:00+00:00, run_after=2023-01-15T00:00:00+00:00
[2023-01-15T12:34:01.957+0000] {logging_mixin.py:137} INFO - [2023-01-15T12:34:01.957+0000] {dag.py:3423} INFO - Setting next_dagrun for dataset_produces_2 to None, run_after=None
[2023-01-15T12:34:02.051+0000] {processor.py:175} INFO - Processing /home/airflow/.local/lib/python3.10/site-packages/airflow/example_dags/example_datasets.py took 0.534 seconds
[2023-01-15T12:34:32.889+0000] {processor.py:153} INFO - Started process (PID=266) to work on /home/airflow/.local/lib/python3.10/site-packages/airflow/example_dags/example_datasets.py
[2023-01-15T12:34:32.892+0000] {processor.py:743} INFO - Processing file /home/airflow/.local/lib/python3.10/site-packages/airflow/example_dags/example_datasets.py for tasks to queue
[2023-01-15T12:34:32.895+0000] {logging_mixin.py:137} INFO - [2023-01-15T12:34:32.894+0000] {dagbag.py:538} INFO - Filling up the DagBag from /home/airflow/.local/lib/python3.10/site-packages/airflow/example_dags/example_datasets.py
[2023-01-15T12:34:32.959+0000] {processor.py:753} INFO - DAG(s) dict_keys(['dataset_produces_2', 'dataset_consumes_1', 'dataset_consumes_1_never_scheduled', 'dataset_consumes_1_and_2', 'dataset_consumes_unknown_never_scheduled', 'dataset_produces_1']) retrieved from /home/airflow/.local/lib/python3.10/site-packages/airflow/example_dags/example_datasets.py
[2023-01-15T12:34:33.211+0000] {logging_mixin.py:137} INFO - [2023-01-15T12:34:33.211+0000] {dag.py:2676} INFO - Sync 6 DAGs
[2023-01-15T12:34:33.298+0000] {logging_mixin.py:137} INFO - [2023-01-15T12:34:33.297+0000] {dag.py:3423} INFO - Setting next_dagrun for dataset_consumes_1 to None, run_after=None
[2023-01-15T12:34:33.310+0000] {logging_mixin.py:137} INFO - [2023-01-15T12:34:33.310+0000] {dag.py:3423} INFO - Setting next_dagrun for dataset_consumes_1_and_2 to None, run_after=None
[2023-01-15T12:34:33.315+0000] {logging_mixin.py:137} INFO - [2023-01-15T12:34:33.315+0000] {dag.py:3423} INFO - Setting next_dagrun for dataset_consumes_1_never_scheduled to None, run_after=None
[2023-01-15T12:34:33.319+0000] {logging_mixin.py:137} INFO - [2023-01-15T12:34:33.319+0000] {dag.py:3423} INFO - Setting next_dagrun for dataset_consumes_unknown_never_scheduled to None, run_after=None
[2023-01-15T12:34:33.329+0000] {logging_mixin.py:137} INFO - [2023-01-15T12:34:33.329+0000] {dag.py:3423} INFO - Setting next_dagrun for dataset_produces_1 to 2023-01-14T00:00:00+00:00, run_after=2023-01-15T00:00:00+00:00
[2023-01-15T12:34:33.334+0000] {logging_mixin.py:137} INFO - [2023-01-15T12:34:33.333+0000] {dag.py:3423} INFO - Setting next_dagrun for dataset_produces_2 to None, run_after=None
[2023-01-15T12:34:33.464+0000] {processor.py:175} INFO - Processing /home/airflow/.local/lib/python3.10/site-packages/airflow/example_dags/example_datasets.py took 0.581 seconds
[2023-01-15T12:35:03.552+0000] {processor.py:153} INFO - Started process (PID=331) to work on /home/airflow/.local/lib/python3.10/site-packages/airflow/example_dags/example_datasets.py
[2023-01-15T12:35:03.554+0000] {processor.py:743} INFO - Processing file /home/airflow/.local/lib/python3.10/site-packages/airflow/example_dags/example_datasets.py for tasks to queue
[2023-01-15T12:35:03.555+0000] {logging_mixin.py:137} INFO - [2023-01-15T12:35:03.555+0000] {dagbag.py:538} INFO - Filling up the DagBag from /home/airflow/.local/lib/python3.10/site-packages/airflow/example_dags/example_datasets.py
[2023-01-15T12:35:03.599+0000] {processor.py:753} INFO - DAG(s) dict_keys(['dataset_consumes_1_and_2', 'dataset_produces_2', 'dataset_consumes_1_never_scheduled', 'dataset_consumes_unknown_never_scheduled', 'dataset_produces_1', 'dataset_consumes_1']) retrieved from /home/airflow/.local/lib/python3.10/site-packages/airflow/example_dags/example_datasets.py
[2023-01-15T12:35:03.790+0000] {logging_mixin.py:137} INFO - [2023-01-15T12:35:03.790+0000] {dag.py:2676} INFO - Sync 6 DAGs
[2023-01-15T12:35:03.856+0000] {logging_mixin.py:137} INFO - [2023-01-15T12:35:03.856+0000] {dag.py:3423} INFO - Setting next_dagrun for dataset_consumes_1 to None, run_after=None
[2023-01-15T12:35:03.875+0000] {logging_mixin.py:137} INFO - [2023-01-15T12:35:03.874+0000] {dag.py:3423} INFO - Setting next_dagrun for dataset_consumes_1_and_2 to None, run_after=None
[2023-01-15T12:35:03.885+0000] {logging_mixin.py:137} INFO - [2023-01-15T12:35:03.885+0000] {dag.py:3423} INFO - Setting next_dagrun for dataset_consumes_1_never_scheduled to None, run_after=None
[2023-01-15T12:35:03.892+0000] {logging_mixin.py:137} INFO - [2023-01-15T12:35:03.892+0000] {dag.py:3423} INFO - Setting next_dagrun for dataset_consumes_unknown_never_scheduled to None, run_after=None
[2023-01-15T12:35:03.916+0000] {logging_mixin.py:137} INFO - [2023-01-15T12:35:03.915+0000] {dag.py:3423} INFO - Setting next_dagrun for dataset_produces_1 to 2023-01-14T00:00:00+00:00, run_after=2023-01-15T00:00:00+00:00
[2023-01-15T12:35:03.927+0000] {logging_mixin.py:137} INFO - [2023-01-15T12:35:03.927+0000] {dag.py:3423} INFO - Setting next_dagrun for dataset_produces_2 to None, run_after=None
[2023-01-15T12:35:04.040+0000] {processor.py:175} INFO - Processing /home/airflow/.local/lib/python3.10/site-packages/airflow/example_dags/example_datasets.py took 0.495 seconds
[2023-01-15T12:35:34.728+0000] {processor.py:153} INFO - Started process (PID=403) to work on /home/airflow/.local/lib/python3.10/site-packages/airflow/example_dags/example_datasets.py
[2023-01-15T12:35:34.729+0000] {processor.py:743} INFO - Processing file /home/airflow/.local/lib/python3.10/site-packages/airflow/example_dags/example_datasets.py for tasks to queue
[2023-01-15T12:35:34.730+0000] {logging_mixin.py:137} INFO - [2023-01-15T12:35:34.730+0000] {dagbag.py:538} INFO - Filling up the DagBag from /home/airflow/.local/lib/python3.10/site-packages/airflow/example_dags/example_datasets.py
[2023-01-15T12:35:34.760+0000] {processor.py:753} INFO - DAG(s) dict_keys(['dataset_produces_2', 'dataset_produces_1', 'dataset_consumes_1_never_scheduled', 'dataset_consumes_1_and_2', 'dataset_consumes_unknown_never_scheduled', 'dataset_consumes_1']) retrieved from /home/airflow/.local/lib/python3.10/site-packages/airflow/example_dags/example_datasets.py
[2023-01-15T12:35:34.858+0000] {logging_mixin.py:137} INFO - [2023-01-15T12:35:34.857+0000] {dag.py:2676} INFO - Sync 6 DAGs
[2023-01-15T12:35:34.905+0000] {logging_mixin.py:137} INFO - [2023-01-15T12:35:34.904+0000] {dag.py:3423} INFO - Setting next_dagrun for dataset_consumes_1 to None, run_after=None
[2023-01-15T12:35:34.910+0000] {logging_mixin.py:137} INFO - [2023-01-15T12:35:34.910+0000] {dag.py:3423} INFO - Setting next_dagrun for dataset_consumes_1_and_2 to None, run_after=None
[2023-01-15T12:35:34.912+0000] {logging_mixin.py:137} INFO - [2023-01-15T12:35:34.912+0000] {dag.py:3423} INFO - Setting next_dagrun for dataset_consumes_1_never_scheduled to None, run_after=None
[2023-01-15T12:35:34.914+0000] {logging_mixin.py:137} INFO - [2023-01-15T12:35:34.914+0000] {dag.py:3423} INFO - Setting next_dagrun for dataset_consumes_unknown_never_scheduled to None, run_after=None
[2023-01-15T12:35:34.920+0000] {logging_mixin.py:137} INFO - [2023-01-15T12:35:34.919+0000] {dag.py:3423} INFO - Setting next_dagrun for dataset_produces_1 to 2023-01-14T00:00:00+00:00, run_after=2023-01-15T00:00:00+00:00
[2023-01-15T12:35:34.922+0000] {logging_mixin.py:137} INFO - [2023-01-15T12:35:34.922+0000] {dag.py:3423} INFO - Setting next_dagrun for dataset_produces_2 to None, run_after=None
[2023-01-15T12:35:34.993+0000] {processor.py:175} INFO - Processing /home/airflow/.local/lib/python3.10/site-packages/airflow/example_dags/example_datasets.py took 0.270 seconds
[2023-01-15T12:36:00.472+0000] {processor.py:153} INFO - Started process (PID=63) to work on /home/airflow/.local/lib/python3.10/site-packages/airflow/example_dags/example_datasets.py
[2023-01-15T12:36:00.475+0000] {processor.py:743} INFO - Processing file /home/airflow/.local/lib/python3.10/site-packages/airflow/example_dags/example_datasets.py for tasks to queue
[2023-01-15T12:36:00.476+0000] {logging_mixin.py:137} INFO - [2023-01-15T12:36:00.476+0000] {dagbag.py:538} INFO - Filling up the DagBag from /home/airflow/.local/lib/python3.10/site-packages/airflow/example_dags/example_datasets.py
[2023-01-15T12:36:00.514+0000] {processor.py:753} INFO - DAG(s) dict_keys(['dataset_consumes_unknown_never_scheduled', 'dataset_consumes_1_never_scheduled', 'dataset_consumes_1', 'dataset_produces_1', 'dataset_consumes_1_and_2', 'dataset_produces_2']) retrieved from /home/airflow/.local/lib/python3.10/site-packages/airflow/example_dags/example_datasets.py
[2023-01-15T12:36:00.582+0000] {logging_mixin.py:137} INFO - [2023-01-15T12:36:00.582+0000] {dag.py:2676} INFO - Sync 6 DAGs
[2023-01-15T12:36:00.636+0000] {logging_mixin.py:137} INFO - [2023-01-15T12:36:00.635+0000] {dag.py:3423} INFO - Setting next_dagrun for dataset_consumes_1 to None, run_after=None
[2023-01-15T12:36:00.643+0000] {logging_mixin.py:137} INFO - [2023-01-15T12:36:00.643+0000] {dag.py:3423} INFO - Setting next_dagrun for dataset_consumes_1_and_2 to None, run_after=None
[2023-01-15T12:36:00.646+0000] {logging_mixin.py:137} INFO - [2023-01-15T12:36:00.645+0000] {dag.py:3423} INFO - Setting next_dagrun for dataset_consumes_1_never_scheduled to None, run_after=None
[2023-01-15T12:36:00.649+0000] {logging_mixin.py:137} INFO - [2023-01-15T12:36:00.649+0000] {dag.py:3423} INFO - Setting next_dagrun for dataset_consumes_unknown_never_scheduled to None, run_after=None
[2023-01-15T12:36:00.656+0000] {logging_mixin.py:137} INFO - [2023-01-15T12:36:00.656+0000] {dag.py:3423} INFO - Setting next_dagrun for dataset_produces_1 to 2023-01-14T00:00:00+00:00, run_after=2023-01-15T00:00:00+00:00
[2023-01-15T12:36:00.659+0000] {logging_mixin.py:137} INFO - [2023-01-15T12:36:00.658+0000] {dag.py:3423} INFO - Setting next_dagrun for dataset_produces_2 to None, run_after=None
[2023-01-15T12:36:00.760+0000] {processor.py:175} INFO - Processing /home/airflow/.local/lib/python3.10/site-packages/airflow/example_dags/example_datasets.py took 0.293 seconds
[2023-01-15T12:36:31.333+0000] {processor.py:153} INFO - Started process (PID=129) to work on /home/airflow/.local/lib/python3.10/site-packages/airflow/example_dags/example_datasets.py
[2023-01-15T12:36:31.334+0000] {processor.py:743} INFO - Processing file /home/airflow/.local/lib/python3.10/site-packages/airflow/example_dags/example_datasets.py for tasks to queue
[2023-01-15T12:36:31.335+0000] {logging_mixin.py:137} INFO - [2023-01-15T12:36:31.335+0000] {dagbag.py:538} INFO - Filling up the DagBag from /home/airflow/.local/lib/python3.10/site-packages/airflow/example_dags/example_datasets.py
[2023-01-15T12:36:31.356+0000] {processor.py:753} INFO - DAG(s) dict_keys(['dataset_consumes_1', 'dataset_consumes_unknown_never_scheduled', 'dataset_produces_2', 'dataset_consumes_1_never_scheduled', 'dataset_consumes_1_and_2', 'dataset_produces_1']) retrieved from /home/airflow/.local/lib/python3.10/site-packages/airflow/example_dags/example_datasets.py
[2023-01-15T12:36:31.602+0000] {logging_mixin.py:137} INFO - [2023-01-15T12:36:31.602+0000] {dag.py:2676} INFO - Sync 6 DAGs
[2023-01-15T12:36:31.623+0000] {logging_mixin.py:137} INFO - [2023-01-15T12:36:31.623+0000] {dag.py:3423} INFO - Setting next_dagrun for dataset_consumes_1 to None, run_after=None
[2023-01-15T12:36:31.626+0000] {logging_mixin.py:137} INFO - [2023-01-15T12:36:31.626+0000] {dag.py:3423} INFO - Setting next_dagrun for dataset_consumes_1_and_2 to None, run_after=None
[2023-01-15T12:36:31.628+0000] {logging_mixin.py:137} INFO - [2023-01-15T12:36:31.628+0000] {dag.py:3423} INFO - Setting next_dagrun for dataset_consumes_1_never_scheduled to None, run_after=None
[2023-01-15T12:36:31.629+0000] {logging_mixin.py:137} INFO - [2023-01-15T12:36:31.629+0000] {dag.py:3423} INFO - Setting next_dagrun for dataset_consumes_unknown_never_scheduled to None, run_after=None
[2023-01-15T12:36:31.632+0000] {logging_mixin.py:137} INFO - [2023-01-15T12:36:31.632+0000] {dag.py:3423} INFO - Setting next_dagrun for dataset_produces_1 to 2023-01-14T00:00:00+00:00, run_after=2023-01-15T00:00:00+00:00
[2023-01-15T12:36:31.633+0000] {logging_mixin.py:137} INFO - [2023-01-15T12:36:31.633+0000] {dag.py:3423} INFO - Setting next_dagrun for dataset_produces_2 to None, run_after=None
[2023-01-15T12:36:31.664+0000] {processor.py:175} INFO - Processing /home/airflow/.local/lib/python3.10/site-packages/airflow/example_dags/example_datasets.py took 0.334 seconds
[2023-01-15T12:37:04.350+0000] {processor.py:153} INFO - Started process (PID=195) to work on /home/airflow/.local/lib/python3.10/site-packages/airflow/example_dags/example_datasets.py
[2023-01-15T12:37:04.351+0000] {processor.py:743} INFO - Processing file /home/airflow/.local/lib/python3.10/site-packages/airflow/example_dags/example_datasets.py for tasks to queue
[2023-01-15T12:37:04.351+0000] {logging_mixin.py:137} INFO - [2023-01-15T12:37:04.351+0000] {dagbag.py:538} INFO - Filling up the DagBag from /home/airflow/.local/lib/python3.10/site-packages/airflow/example_dags/example_datasets.py
[2023-01-15T12:37:04.376+0000] {processor.py:753} INFO - DAG(s) dict_keys(['dataset_consumes_1_never_scheduled', 'dataset_consumes_1_and_2', 'dataset_produces_2', 'dataset_consumes_1', 'dataset_consumes_unknown_never_scheduled', 'dataset_produces_1']) retrieved from /home/airflow/.local/lib/python3.10/site-packages/airflow/example_dags/example_datasets.py
[2023-01-15T12:37:04.452+0000] {logging_mixin.py:137} INFO - [2023-01-15T12:37:04.452+0000] {dag.py:2676} INFO - Sync 6 DAGs
[2023-01-15T12:37:04.660+0000] {logging_mixin.py:137} INFO - [2023-01-15T12:37:04.660+0000] {dag.py:3423} INFO - Setting next_dagrun for dataset_consumes_1 to None, run_after=None
[2023-01-15T12:37:04.665+0000] {logging_mixin.py:137} INFO - [2023-01-15T12:37:04.665+0000] {dag.py:3423} INFO - Setting next_dagrun for dataset_consumes_1_and_2 to None, run_after=None
[2023-01-15T12:37:04.666+0000] {logging_mixin.py:137} INFO - [2023-01-15T12:37:04.666+0000] {dag.py:3423} INFO - Setting next_dagrun for dataset_consumes_1_never_scheduled to None, run_after=None
[2023-01-15T12:37:04.668+0000] {logging_mixin.py:137} INFO - [2023-01-15T12:37:04.667+0000] {dag.py:3423} INFO - Setting next_dagrun for dataset_consumes_unknown_never_scheduled to None, run_after=None
[2023-01-15T12:37:04.671+0000] {logging_mixin.py:137} INFO - [2023-01-15T12:37:04.671+0000] {dag.py:3423} INFO - Setting next_dagrun for dataset_produces_1 to 2023-01-14T00:00:00+00:00, run_after=2023-01-15T00:00:00+00:00
[2023-01-15T12:37:04.672+0000] {logging_mixin.py:137} INFO - [2023-01-15T12:37:04.672+0000] {dag.py:3423} INFO - Setting next_dagrun for dataset_produces_2 to None, run_after=None
[2023-01-15T12:37:04.716+0000] {processor.py:175} INFO - Processing /home/airflow/.local/lib/python3.10/site-packages/airflow/example_dags/example_datasets.py took 0.372 seconds
[2023-01-15T12:37:34.904+0000] {processor.py:153} INFO - Started process (PID=261) to work on /home/airflow/.local/lib/python3.10/site-packages/airflow/example_dags/example_datasets.py
[2023-01-15T12:37:34.905+0000] {processor.py:743} INFO - Processing file /home/airflow/.local/lib/python3.10/site-packages/airflow/example_dags/example_datasets.py for tasks to queue
[2023-01-15T12:37:34.906+0000] {logging_mixin.py:137} INFO - [2023-01-15T12:37:34.906+0000] {dagbag.py:538} INFO - Filling up the DagBag from /home/airflow/.local/lib/python3.10/site-packages/airflow/example_dags/example_datasets.py
[2023-01-15T12:37:34.929+0000] {processor.py:753} INFO - DAG(s) dict_keys(['dataset_produces_2', 'dataset_consumes_1_and_2', 'dataset_produces_1', 'dataset_consumes_unknown_never_scheduled', 'dataset_consumes_1_never_scheduled', 'dataset_consumes_1']) retrieved from /home/airflow/.local/lib/python3.10/site-packages/airflow/example_dags/example_datasets.py
[2023-01-15T12:37:35.024+0000] {logging_mixin.py:137} INFO - [2023-01-15T12:37:35.024+0000] {dag.py:2676} INFO - Sync 6 DAGs
[2023-01-15T12:37:35.234+0000] {logging_mixin.py:137} INFO - [2023-01-15T12:37:35.233+0000] {dag.py:3423} INFO - Setting next_dagrun for dataset_consumes_1 to None, run_after=None
[2023-01-15T12:37:35.238+0000] {logging_mixin.py:137} INFO - [2023-01-15T12:37:35.238+0000] {dag.py:3423} INFO - Setting next_dagrun for dataset_consumes_1_and_2 to None, run_after=None
[2023-01-15T12:37:35.239+0000] {logging_mixin.py:137} INFO - [2023-01-15T12:37:35.239+0000] {dag.py:3423} INFO - Setting next_dagrun for dataset_consumes_1_never_scheduled to None, run_after=None
[2023-01-15T12:37:35.241+0000] {logging_mixin.py:137} INFO - [2023-01-15T12:37:35.241+0000] {dag.py:3423} INFO - Setting next_dagrun for dataset_consumes_unknown_never_scheduled to None, run_after=None
[2023-01-15T12:37:35.247+0000] {logging_mixin.py:137} INFO - [2023-01-15T12:37:35.247+0000] {dag.py:3423} INFO - Setting next_dagrun for dataset_produces_1 to 2023-01-14T00:00:00+00:00, run_after=2023-01-15T00:00:00+00:00
[2023-01-15T12:37:35.249+0000] {logging_mixin.py:137} INFO - [2023-01-15T12:37:35.249+0000] {dag.py:3423} INFO - Setting next_dagrun for dataset_produces_2 to None, run_after=None
[2023-01-15T12:37:35.292+0000] {processor.py:175} INFO - Processing /home/airflow/.local/lib/python3.10/site-packages/airflow/example_dags/example_datasets.py took 0.391 seconds
[2023-01-15T12:38:05.583+0000] {processor.py:153} INFO - Started process (PID=327) to work on /home/airflow/.local/lib/python3.10/site-packages/airflow/example_dags/example_datasets.py
[2023-01-15T12:38:05.583+0000] {processor.py:743} INFO - Processing file /home/airflow/.local/lib/python3.10/site-packages/airflow/example_dags/example_datasets.py for tasks to queue
[2023-01-15T12:38:05.584+0000] {logging_mixin.py:137} INFO - [2023-01-15T12:38:05.584+0000] {dagbag.py:538} INFO - Filling up the DagBag from /home/airflow/.local/lib/python3.10/site-packages/airflow/example_dags/example_datasets.py
[2023-01-15T12:38:05.600+0000] {processor.py:753} INFO - DAG(s) dict_keys(['dataset_consumes_1', 'dataset_consumes_unknown_never_scheduled', 'dataset_produces_1', 'dataset_produces_2', 'dataset_consumes_1_and_2', 'dataset_consumes_1_never_scheduled']) retrieved from /home/airflow/.local/lib/python3.10/site-packages/airflow/example_dags/example_datasets.py
[2023-01-15T12:38:05.811+0000] {logging_mixin.py:137} INFO - [2023-01-15T12:38:05.811+0000] {dag.py:2676} INFO - Sync 6 DAGs
[2023-01-15T12:38:05.835+0000] {logging_mixin.py:137} INFO - [2023-01-15T12:38:05.835+0000] {dag.py:3423} INFO - Setting next_dagrun for dataset_consumes_1 to None, run_after=None
[2023-01-15T12:38:05.840+0000] {logging_mixin.py:137} INFO - [2023-01-15T12:38:05.840+0000] {dag.py:3423} INFO - Setting next_dagrun for dataset_consumes_1_and_2 to None, run_after=None
[2023-01-15T12:38:05.842+0000] {logging_mixin.py:137} INFO - [2023-01-15T12:38:05.842+0000] {dag.py:3423} INFO - Setting next_dagrun for dataset_consumes_1_never_scheduled to None, run_after=None
[2023-01-15T12:38:05.844+0000] {logging_mixin.py:137} INFO - [2023-01-15T12:38:05.843+0000] {dag.py:3423} INFO - Setting next_dagrun for dataset_consumes_unknown_never_scheduled to None, run_after=None
[2023-01-15T12:38:05.847+0000] {logging_mixin.py:137} INFO - [2023-01-15T12:38:05.846+0000] {dag.py:3423} INFO - Setting next_dagrun for dataset_produces_1 to 2023-01-14T00:00:00+00:00, run_after=2023-01-15T00:00:00+00:00
[2023-01-15T12:38:05.848+0000] {logging_mixin.py:137} INFO - [2023-01-15T12:38:05.848+0000] {dag.py:3423} INFO - Setting next_dagrun for dataset_produces_2 to None, run_after=None
[2023-01-15T12:38:05.896+0000] {processor.py:175} INFO - Processing /home/airflow/.local/lib/python3.10/site-packages/airflow/example_dags/example_datasets.py took 0.316 seconds
[2023-01-15T12:38:37.259+0000] {processor.py:153} INFO - Started process (PID=407) to work on /home/airflow/.local/lib/python3.10/site-packages/airflow/example_dags/example_datasets.py
[2023-01-15T12:38:37.260+0000] {processor.py:743} INFO - Processing file /home/airflow/.local/lib/python3.10/site-packages/airflow/example_dags/example_datasets.py for tasks to queue
[2023-01-15T12:38:37.261+0000] {logging_mixin.py:137} INFO - [2023-01-15T12:38:37.261+0000] {dagbag.py:538} INFO - Filling up the DagBag from /home/airflow/.local/lib/python3.10/site-packages/airflow/example_dags/example_datasets.py
[2023-01-15T12:38:37.277+0000] {processor.py:753} INFO - DAG(s) dict_keys(['dataset_consumes_unknown_never_scheduled', 'dataset_produces_1', 'dataset_consumes_1_never_scheduled', 'dataset_consumes_1_and_2', 'dataset_consumes_1', 'dataset_produces_2']) retrieved from /home/airflow/.local/lib/python3.10/site-packages/airflow/example_dags/example_datasets.py
[2023-01-15T12:38:37.476+0000] {logging_mixin.py:137} INFO - [2023-01-15T12:38:37.476+0000] {dag.py:2676} INFO - Sync 6 DAGs
[2023-01-15T12:38:37.507+0000] {logging_mixin.py:137} INFO - [2023-01-15T12:38:37.507+0000] {dag.py:3423} INFO - Setting next_dagrun for dataset_consumes_1 to None, run_after=None
[2023-01-15T12:38:37.511+0000] {logging_mixin.py:137} INFO - [2023-01-15T12:38:37.511+0000] {dag.py:3423} INFO - Setting next_dagrun for dataset_consumes_1_and_2 to None, run_after=None
[2023-01-15T12:38:37.513+0000] {logging_mixin.py:137} INFO - [2023-01-15T12:38:37.513+0000] {dag.py:3423} INFO - Setting next_dagrun for dataset_consumes_1_never_scheduled to None, run_after=None
[2023-01-15T12:38:37.515+0000] {logging_mixin.py:137} INFO - [2023-01-15T12:38:37.514+0000] {dag.py:3423} INFO - Setting next_dagrun for dataset_consumes_unknown_never_scheduled to None, run_after=None
[2023-01-15T12:38:37.519+0000] {logging_mixin.py:137} INFO - [2023-01-15T12:38:37.518+0000] {dag.py:3423} INFO - Setting next_dagrun for dataset_produces_1 to 2023-01-14T00:00:00+00:00, run_after=2023-01-15T00:00:00+00:00
[2023-01-15T12:38:37.520+0000] {logging_mixin.py:137} INFO - [2023-01-15T12:38:37.520+0000] {dag.py:3423} INFO - Setting next_dagrun for dataset_produces_2 to None, run_after=None
[2023-01-15T12:38:37.562+0000] {processor.py:175} INFO - Processing /home/airflow/.local/lib/python3.10/site-packages/airflow/example_dags/example_datasets.py took 0.306 seconds
[2023-01-15T12:39:08.343+0000] {processor.py:153} INFO - Started process (PID=473) to work on /home/airflow/.local/lib/python3.10/site-packages/airflow/example_dags/example_datasets.py
[2023-01-15T12:39:08.344+0000] {processor.py:743} INFO - Processing file /home/airflow/.local/lib/python3.10/site-packages/airflow/example_dags/example_datasets.py for tasks to queue
[2023-01-15T12:39:08.345+0000] {logging_mixin.py:137} INFO - [2023-01-15T12:39:08.345+0000] {dagbag.py:538} INFO - Filling up the DagBag from /home/airflow/.local/lib/python3.10/site-packages/airflow/example_dags/example_datasets.py
[2023-01-15T12:39:08.498+0000] {processor.py:753} INFO - DAG(s) dict_keys(['dataset_consumes_1_never_scheduled', 'dataset_consumes_1', 'dataset_produces_1', 'dataset_consumes_unknown_never_scheduled', 'dataset_consumes_1_and_2', 'dataset_produces_2']) retrieved from /home/airflow/.local/lib/python3.10/site-packages/airflow/example_dags/example_datasets.py
[2023-01-15T12:39:08.543+0000] {logging_mixin.py:137} INFO - [2023-01-15T12:39:08.542+0000] {dag.py:2676} INFO - Sync 6 DAGs
[2023-01-15T12:39:08.562+0000] {logging_mixin.py:137} INFO - [2023-01-15T12:39:08.562+0000] {dag.py:3423} INFO - Setting next_dagrun for dataset_consumes_1 to None, run_after=None
[2023-01-15T12:39:08.565+0000] {logging_mixin.py:137} INFO - [2023-01-15T12:39:08.565+0000] {dag.py:3423} INFO - Setting next_dagrun for dataset_consumes_1_and_2 to None, run_after=None
[2023-01-15T12:39:08.566+0000] {logging_mixin.py:137} INFO - [2023-01-15T12:39:08.566+0000] {dag.py:3423} INFO - Setting next_dagrun for dataset_consumes_1_never_scheduled to None, run_after=None
[2023-01-15T12:39:08.567+0000] {logging_mixin.py:137} INFO - [2023-01-15T12:39:08.567+0000] {dag.py:3423} INFO - Setting next_dagrun for dataset_consumes_unknown_never_scheduled to None, run_after=None
[2023-01-15T12:39:08.569+0000] {logging_mixin.py:137} INFO - [2023-01-15T12:39:08.569+0000] {dag.py:3423} INFO - Setting next_dagrun for dataset_produces_1 to 2023-01-14T00:00:00+00:00, run_after=2023-01-15T00:00:00+00:00
[2023-01-15T12:39:08.570+0000] {logging_mixin.py:137} INFO - [2023-01-15T12:39:08.570+0000] {dag.py:3423} INFO - Setting next_dagrun for dataset_produces_2 to None, run_after=None
[2023-01-15T12:39:08.598+0000] {processor.py:175} INFO - Processing /home/airflow/.local/lib/python3.10/site-packages/airflow/example_dags/example_datasets.py took 0.258 seconds
