[2023-01-15T12:32:59.469+0000] {processor.py:153} INFO - Started process (PID=60) to work on /home/airflow/.local/lib/python3.10/site-packages/airflow/example_dags/example_branch_python_dop_operator_3.py
[2023-01-15T12:32:59.470+0000] {processor.py:743} INFO - Processing file /home/airflow/.local/lib/python3.10/site-packages/airflow/example_dags/example_branch_python_dop_operator_3.py for tasks to queue
[2023-01-15T12:32:59.471+0000] {logging_mixin.py:137} INFO - [2023-01-15T12:32:59.471+0000] {dagbag.py:538} INFO - Filling up the DagBag from /home/airflow/.local/lib/python3.10/site-packages/airflow/example_dags/example_branch_python_dop_operator_3.py
[2023-01-15T12:32:59.511+0000] {processor.py:753} INFO - DAG(s) dict_keys(['example_branch_dop_operator_v3']) retrieved from /home/airflow/.local/lib/python3.10/site-packages/airflow/example_dags/example_branch_python_dop_operator_3.py
[2023-01-15T12:32:59.714+0000] {logging_mixin.py:137} INFO - [2023-01-15T12:32:59.714+0000] {dag.py:2676} INFO - Sync 1 DAGs
[2023-01-15T12:32:59.744+0000] {logging_mixin.py:137} INFO - [2023-01-15T12:32:59.743+0000] {dag.py:3423} INFO - Setting next_dagrun for example_branch_dop_operator_v3 to 2023-01-15T12:31:00+00:00, run_after=2023-01-15T12:32:00+00:00
[2023-01-15T12:32:59.766+0000] {processor.py:175} INFO - Processing /home/airflow/.local/lib/python3.10/site-packages/airflow/example_dags/example_branch_python_dop_operator_3.py took 0.301 seconds
[2023-01-15T12:33:29.816+0000] {processor.py:153} INFO - Started process (PID=126) to work on /home/airflow/.local/lib/python3.10/site-packages/airflow/example_dags/example_branch_python_dop_operator_3.py
[2023-01-15T12:33:29.816+0000] {processor.py:743} INFO - Processing file /home/airflow/.local/lib/python3.10/site-packages/airflow/example_dags/example_branch_python_dop_operator_3.py for tasks to queue
[2023-01-15T12:33:29.817+0000] {logging_mixin.py:137} INFO - [2023-01-15T12:33:29.817+0000] {dagbag.py:538} INFO - Filling up the DagBag from /home/airflow/.local/lib/python3.10/site-packages/airflow/example_dags/example_branch_python_dop_operator_3.py
[2023-01-15T12:33:30.003+0000] {processor.py:753} INFO - DAG(s) dict_keys(['example_branch_dop_operator_v3']) retrieved from /home/airflow/.local/lib/python3.10/site-packages/airflow/example_dags/example_branch_python_dop_operator_3.py
[2023-01-15T12:33:30.036+0000] {logging_mixin.py:137} INFO - [2023-01-15T12:33:30.036+0000] {dag.py:2676} INFO - Sync 1 DAGs
[2023-01-15T12:33:30.060+0000] {logging_mixin.py:137} INFO - [2023-01-15T12:33:30.060+0000] {dag.py:3423} INFO - Setting next_dagrun for example_branch_dop_operator_v3 to 2023-01-15T12:32:00+00:00, run_after=2023-01-15T12:33:00+00:00
[2023-01-15T12:33:30.075+0000] {processor.py:175} INFO - Processing /home/airflow/.local/lib/python3.10/site-packages/airflow/example_dags/example_branch_python_dop_operator_3.py took 0.262 seconds
[2023-01-15T12:34:00.810+0000] {processor.py:153} INFO - Started process (PID=199) to work on /home/airflow/.local/lib/python3.10/site-packages/airflow/example_dags/example_branch_python_dop_operator_3.py
[2023-01-15T12:34:00.812+0000] {processor.py:743} INFO - Processing file /home/airflow/.local/lib/python3.10/site-packages/airflow/example_dags/example_branch_python_dop_operator_3.py for tasks to queue
[2023-01-15T12:34:00.813+0000] {logging_mixin.py:137} INFO - [2023-01-15T12:34:00.813+0000] {dagbag.py:538} INFO - Filling up the DagBag from /home/airflow/.local/lib/python3.10/site-packages/airflow/example_dags/example_branch_python_dop_operator_3.py
[2023-01-15T12:34:00.883+0000] {processor.py:753} INFO - DAG(s) dict_keys(['example_branch_dop_operator_v3']) retrieved from /home/airflow/.local/lib/python3.10/site-packages/airflow/example_dags/example_branch_python_dop_operator_3.py
[2023-01-15T12:34:00.981+0000] {logging_mixin.py:137} INFO - [2023-01-15T12:34:00.981+0000] {dag.py:2676} INFO - Sync 1 DAGs
[2023-01-15T12:34:01.042+0000] {logging_mixin.py:137} INFO - [2023-01-15T12:34:01.042+0000] {dag.py:3423} INFO - Setting next_dagrun for example_branch_dop_operator_v3 to 2023-01-15T12:33:00+00:00, run_after=2023-01-15T12:34:00+00:00
[2023-01-15T12:34:01.090+0000] {processor.py:175} INFO - Processing /home/airflow/.local/lib/python3.10/site-packages/airflow/example_dags/example_branch_python_dop_operator_3.py took 0.289 seconds
[2023-01-15T12:34:31.318+0000] {processor.py:153} INFO - Started process (PID=257) to work on /home/airflow/.local/lib/python3.10/site-packages/airflow/example_dags/example_branch_python_dop_operator_3.py
[2023-01-15T12:34:31.320+0000] {processor.py:743} INFO - Processing file /home/airflow/.local/lib/python3.10/site-packages/airflow/example_dags/example_branch_python_dop_operator_3.py for tasks to queue
[2023-01-15T12:34:31.321+0000] {logging_mixin.py:137} INFO - [2023-01-15T12:34:31.321+0000] {dagbag.py:538} INFO - Filling up the DagBag from /home/airflow/.local/lib/python3.10/site-packages/airflow/example_dags/example_branch_python_dop_operator_3.py
[2023-01-15T12:34:31.366+0000] {processor.py:753} INFO - DAG(s) dict_keys(['example_branch_dop_operator_v3']) retrieved from /home/airflow/.local/lib/python3.10/site-packages/airflow/example_dags/example_branch_python_dop_operator_3.py
[2023-01-15T12:34:31.435+0000] {logging_mixin.py:137} INFO - [2023-01-15T12:34:31.434+0000] {dag.py:2676} INFO - Sync 1 DAGs
[2023-01-15T12:34:31.504+0000] {logging_mixin.py:137} INFO - [2023-01-15T12:34:31.504+0000] {dag.py:3423} INFO - Setting next_dagrun for example_branch_dop_operator_v3 to 2023-01-15T12:33:00+00:00, run_after=2023-01-15T12:34:00+00:00
[2023-01-15T12:34:31.547+0000] {processor.py:175} INFO - Processing /home/airflow/.local/lib/python3.10/site-packages/airflow/example_dags/example_branch_python_dop_operator_3.py took 0.237 seconds
[2023-01-15T12:35:03.170+0000] {processor.py:153} INFO - Started process (PID=328) to work on /home/airflow/.local/lib/python3.10/site-packages/airflow/example_dags/example_branch_python_dop_operator_3.py
[2023-01-15T12:35:03.172+0000] {processor.py:743} INFO - Processing file /home/airflow/.local/lib/python3.10/site-packages/airflow/example_dags/example_branch_python_dop_operator_3.py for tasks to queue
[2023-01-15T12:35:03.173+0000] {logging_mixin.py:137} INFO - [2023-01-15T12:35:03.173+0000] {dagbag.py:538} INFO - Filling up the DagBag from /home/airflow/.local/lib/python3.10/site-packages/airflow/example_dags/example_branch_python_dop_operator_3.py
[2023-01-15T12:35:03.240+0000] {processor.py:753} INFO - DAG(s) dict_keys(['example_branch_dop_operator_v3']) retrieved from /home/airflow/.local/lib/python3.10/site-packages/airflow/example_dags/example_branch_python_dop_operator_3.py
[2023-01-15T12:35:03.346+0000] {logging_mixin.py:137} INFO - [2023-01-15T12:35:03.346+0000] {dag.py:2676} INFO - Sync 1 DAGs
[2023-01-15T12:35:03.420+0000] {logging_mixin.py:137} INFO - [2023-01-15T12:35:03.419+0000] {dag.py:3423} INFO - Setting next_dagrun for example_branch_dop_operator_v3 to 2023-01-15T12:34:00+00:00, run_after=2023-01-15T12:35:00+00:00
[2023-01-15T12:35:03.465+0000] {processor.py:175} INFO - Processing /home/airflow/.local/lib/python3.10/site-packages/airflow/example_dags/example_branch_python_dop_operator_3.py took 0.304 seconds
[2023-01-15T12:35:34.484+0000] {processor.py:153} INFO - Started process (PID=400) to work on /home/airflow/.local/lib/python3.10/site-packages/airflow/example_dags/example_branch_python_dop_operator_3.py
[2023-01-15T12:35:34.487+0000] {processor.py:743} INFO - Processing file /home/airflow/.local/lib/python3.10/site-packages/airflow/example_dags/example_branch_python_dop_operator_3.py for tasks to queue
[2023-01-15T12:35:34.489+0000] {logging_mixin.py:137} INFO - [2023-01-15T12:35:34.489+0000] {dagbag.py:538} INFO - Filling up the DagBag from /home/airflow/.local/lib/python3.10/site-packages/airflow/example_dags/example_branch_python_dop_operator_3.py
[2023-01-15T12:35:34.539+0000] {processor.py:753} INFO - DAG(s) dict_keys(['example_branch_dop_operator_v3']) retrieved from /home/airflow/.local/lib/python3.10/site-packages/airflow/example_dags/example_branch_python_dop_operator_3.py
[2023-01-15T12:35:34.602+0000] {logging_mixin.py:137} INFO - [2023-01-15T12:35:34.602+0000] {dag.py:2676} INFO - Sync 1 DAGs
[2023-01-15T12:35:34.653+0000] {logging_mixin.py:137} INFO - [2023-01-15T12:35:34.653+0000] {dag.py:3423} INFO - Setting next_dagrun for example_branch_dop_operator_v3 to 2023-01-15T12:34:00+00:00, run_after=2023-01-15T12:35:00+00:00
[2023-01-15T12:35:34.672+0000] {processor.py:175} INFO - Processing /home/airflow/.local/lib/python3.10/site-packages/airflow/example_dags/example_branch_python_dop_operator_3.py took 0.193 seconds
[2023-01-15T12:36:00.114+0000] {processor.py:153} INFO - Started process (PID=60) to work on /home/airflow/.local/lib/python3.10/site-packages/airflow/example_dags/example_branch_python_dop_operator_3.py
[2023-01-15T12:36:00.145+0000] {processor.py:743} INFO - Processing file /home/airflow/.local/lib/python3.10/site-packages/airflow/example_dags/example_branch_python_dop_operator_3.py for tasks to queue
[2023-01-15T12:36:00.147+0000] {logging_mixin.py:137} INFO - [2023-01-15T12:36:00.147+0000] {dagbag.py:538} INFO - Filling up the DagBag from /home/airflow/.local/lib/python3.10/site-packages/airflow/example_dags/example_branch_python_dop_operator_3.py
[2023-01-15T12:36:00.236+0000] {processor.py:753} INFO - DAG(s) dict_keys(['example_branch_dop_operator_v3']) retrieved from /home/airflow/.local/lib/python3.10/site-packages/airflow/example_dags/example_branch_python_dop_operator_3.py
[2023-01-15T12:36:00.301+0000] {logging_mixin.py:137} INFO - [2023-01-15T12:36:00.300+0000] {dag.py:2676} INFO - Sync 1 DAGs
[2023-01-15T12:36:00.361+0000] {logging_mixin.py:137} INFO - [2023-01-15T12:36:00.361+0000] {dag.py:3423} INFO - Setting next_dagrun for example_branch_dop_operator_v3 to 2023-01-15T12:35:00+00:00, run_after=2023-01-15T12:36:00+00:00
[2023-01-15T12:36:00.406+0000] {processor.py:175} INFO - Processing /home/airflow/.local/lib/python3.10/site-packages/airflow/example_dags/example_branch_python_dop_operator_3.py took 0.323 seconds
[2023-01-15T12:36:30.842+0000] {processor.py:153} INFO - Started process (PID=126) to work on /home/airflow/.local/lib/python3.10/site-packages/airflow/example_dags/example_branch_python_dop_operator_3.py
[2023-01-15T12:36:30.844+0000] {processor.py:743} INFO - Processing file /home/airflow/.local/lib/python3.10/site-packages/airflow/example_dags/example_branch_python_dop_operator_3.py for tasks to queue
[2023-01-15T12:36:30.845+0000] {logging_mixin.py:137} INFO - [2023-01-15T12:36:30.844+0000] {dagbag.py:538} INFO - Filling up the DagBag from /home/airflow/.local/lib/python3.10/site-packages/airflow/example_dags/example_branch_python_dop_operator_3.py
[2023-01-15T12:36:30.881+0000] {processor.py:753} INFO - DAG(s) dict_keys(['example_branch_dop_operator_v3']) retrieved from /home/airflow/.local/lib/python3.10/site-packages/airflow/example_dags/example_branch_python_dop_operator_3.py
[2023-01-15T12:36:30.934+0000] {logging_mixin.py:137} INFO - [2023-01-15T12:36:30.934+0000] {dag.py:2676} INFO - Sync 1 DAGs
[2023-01-15T12:36:31.117+0000] {logging_mixin.py:137} INFO - [2023-01-15T12:36:31.117+0000] {dag.py:3423} INFO - Setting next_dagrun for example_branch_dop_operator_v3 to 2023-01-15T12:35:00+00:00, run_after=2023-01-15T12:36:00+00:00
[2023-01-15T12:36:31.138+0000] {processor.py:175} INFO - Processing /home/airflow/.local/lib/python3.10/site-packages/airflow/example_dags/example_branch_python_dop_operator_3.py took 0.300 seconds
[2023-01-15T12:37:03.887+0000] {processor.py:153} INFO - Started process (PID=192) to work on /home/airflow/.local/lib/python3.10/site-packages/airflow/example_dags/example_branch_python_dop_operator_3.py
[2023-01-15T12:37:03.888+0000] {processor.py:743} INFO - Processing file /home/airflow/.local/lib/python3.10/site-packages/airflow/example_dags/example_branch_python_dop_operator_3.py for tasks to queue
[2023-01-15T12:37:03.888+0000] {logging_mixin.py:137} INFO - [2023-01-15T12:37:03.888+0000] {dagbag.py:538} INFO - Filling up the DagBag from /home/airflow/.local/lib/python3.10/site-packages/airflow/example_dags/example_branch_python_dop_operator_3.py
[2023-01-15T12:37:03.925+0000] {processor.py:753} INFO - DAG(s) dict_keys(['example_branch_dop_operator_v3']) retrieved from /home/airflow/.local/lib/python3.10/site-packages/airflow/example_dags/example_branch_python_dop_operator_3.py
[2023-01-15T12:37:03.985+0000] {logging_mixin.py:137} INFO - [2023-01-15T12:37:03.984+0000] {dag.py:2676} INFO - Sync 1 DAGs
[2023-01-15T12:37:04.208+0000] {logging_mixin.py:137} INFO - [2023-01-15T12:37:04.208+0000] {dag.py:3423} INFO - Setting next_dagrun for example_branch_dop_operator_v3 to 2023-01-15T12:36:00+00:00, run_after=2023-01-15T12:37:00+00:00
[2023-01-15T12:37:04.231+0000] {processor.py:175} INFO - Processing /home/airflow/.local/lib/python3.10/site-packages/airflow/example_dags/example_branch_python_dop_operator_3.py took 0.349 seconds
[2023-01-15T12:37:34.546+0000] {processor.py:153} INFO - Started process (PID=258) to work on /home/airflow/.local/lib/python3.10/site-packages/airflow/example_dags/example_branch_python_dop_operator_3.py
[2023-01-15T12:37:34.547+0000] {processor.py:743} INFO - Processing file /home/airflow/.local/lib/python3.10/site-packages/airflow/example_dags/example_branch_python_dop_operator_3.py for tasks to queue
[2023-01-15T12:37:34.548+0000] {logging_mixin.py:137} INFO - [2023-01-15T12:37:34.547+0000] {dagbag.py:538} INFO - Filling up the DagBag from /home/airflow/.local/lib/python3.10/site-packages/airflow/example_dags/example_branch_python_dop_operator_3.py
[2023-01-15T12:37:34.573+0000] {processor.py:753} INFO - DAG(s) dict_keys(['example_branch_dop_operator_v3']) retrieved from /home/airflow/.local/lib/python3.10/site-packages/airflow/example_dags/example_branch_python_dop_operator_3.py
[2023-01-15T12:37:34.763+0000] {logging_mixin.py:137} INFO - [2023-01-15T12:37:34.763+0000] {dag.py:2676} INFO - Sync 1 DAGs
[2023-01-15T12:37:34.796+0000] {logging_mixin.py:137} INFO - [2023-01-15T12:37:34.796+0000] {dag.py:3423} INFO - Setting next_dagrun for example_branch_dop_operator_v3 to 2023-01-15T12:36:00+00:00, run_after=2023-01-15T12:37:00+00:00
[2023-01-15T12:37:34.821+0000] {processor.py:175} INFO - Processing /home/airflow/.local/lib/python3.10/site-packages/airflow/example_dags/example_branch_python_dop_operator_3.py took 0.279 seconds
[2023-01-15T12:38:05.016+0000] {processor.py:153} INFO - Started process (PID=324) to work on /home/airflow/.local/lib/python3.10/site-packages/airflow/example_dags/example_branch_python_dop_operator_3.py
[2023-01-15T12:38:05.017+0000] {processor.py:743} INFO - Processing file /home/airflow/.local/lib/python3.10/site-packages/airflow/example_dags/example_branch_python_dop_operator_3.py for tasks to queue
[2023-01-15T12:38:05.018+0000] {logging_mixin.py:137} INFO - [2023-01-15T12:38:05.017+0000] {dagbag.py:538} INFO - Filling up the DagBag from /home/airflow/.local/lib/python3.10/site-packages/airflow/example_dags/example_branch_python_dop_operator_3.py
[2023-01-15T12:38:05.051+0000] {processor.py:753} INFO - DAG(s) dict_keys(['example_branch_dop_operator_v3']) retrieved from /home/airflow/.local/lib/python3.10/site-packages/airflow/example_dags/example_branch_python_dop_operator_3.py
[2023-01-15T12:38:05.235+0000] {logging_mixin.py:137} INFO - [2023-01-15T12:38:05.235+0000] {dag.py:2676} INFO - Sync 1 DAGs
[2023-01-15T12:38:05.260+0000] {logging_mixin.py:137} INFO - [2023-01-15T12:38:05.260+0000] {dag.py:3423} INFO - Setting next_dagrun for example_branch_dop_operator_v3 to 2023-01-15T12:37:00+00:00, run_after=2023-01-15T12:38:00+00:00
[2023-01-15T12:38:05.278+0000] {processor.py:175} INFO - Processing /home/airflow/.local/lib/python3.10/site-packages/airflow/example_dags/example_branch_python_dop_operator_3.py took 0.264 seconds
[2023-01-15T12:38:36.649+0000] {processor.py:153} INFO - Started process (PID=404) to work on /home/airflow/.local/lib/python3.10/site-packages/airflow/example_dags/example_branch_python_dop_operator_3.py
[2023-01-15T12:38:36.649+0000] {processor.py:743} INFO - Processing file /home/airflow/.local/lib/python3.10/site-packages/airflow/example_dags/example_branch_python_dop_operator_3.py for tasks to queue
[2023-01-15T12:38:36.650+0000] {logging_mixin.py:137} INFO - [2023-01-15T12:38:36.650+0000] {dagbag.py:538} INFO - Filling up the DagBag from /home/airflow/.local/lib/python3.10/site-packages/airflow/example_dags/example_branch_python_dop_operator_3.py
[2023-01-15T12:38:36.680+0000] {processor.py:753} INFO - DAG(s) dict_keys(['example_branch_dop_operator_v3']) retrieved from /home/airflow/.local/lib/python3.10/site-packages/airflow/example_dags/example_branch_python_dop_operator_3.py
[2023-01-15T12:38:36.869+0000] {logging_mixin.py:137} INFO - [2023-01-15T12:38:36.869+0000] {dag.py:2676} INFO - Sync 1 DAGs
[2023-01-15T12:38:36.898+0000] {logging_mixin.py:137} INFO - [2023-01-15T12:38:36.898+0000] {dag.py:3423} INFO - Setting next_dagrun for example_branch_dop_operator_v3 to 2023-01-15T12:37:00+00:00, run_after=2023-01-15T12:38:00+00:00
[2023-01-15T12:38:36.928+0000] {processor.py:175} INFO - Processing /home/airflow/.local/lib/python3.10/site-packages/airflow/example_dags/example_branch_python_dop_operator_3.py took 0.282 seconds
[2023-01-15T12:39:07.693+0000] {processor.py:153} INFO - Started process (PID=470) to work on /home/airflow/.local/lib/python3.10/site-packages/airflow/example_dags/example_branch_python_dop_operator_3.py
[2023-01-15T12:39:07.694+0000] {processor.py:743} INFO - Processing file /home/airflow/.local/lib/python3.10/site-packages/airflow/example_dags/example_branch_python_dop_operator_3.py for tasks to queue
[2023-01-15T12:39:07.695+0000] {logging_mixin.py:137} INFO - [2023-01-15T12:39:07.694+0000] {dagbag.py:538} INFO - Filling up the DagBag from /home/airflow/.local/lib/python3.10/site-packages/airflow/example_dags/example_branch_python_dop_operator_3.py
[2023-01-15T12:39:07.898+0000] {processor.py:753} INFO - DAG(s) dict_keys(['example_branch_dop_operator_v3']) retrieved from /home/airflow/.local/lib/python3.10/site-packages/airflow/example_dags/example_branch_python_dop_operator_3.py
[2023-01-15T12:39:07.933+0000] {logging_mixin.py:137} INFO - [2023-01-15T12:39:07.933+0000] {dag.py:2676} INFO - Sync 1 DAGs
[2023-01-15T12:39:07.959+0000] {logging_mixin.py:137} INFO - [2023-01-15T12:39:07.959+0000] {dag.py:3423} INFO - Setting next_dagrun for example_branch_dop_operator_v3 to 2023-01-15T12:38:00+00:00, run_after=2023-01-15T12:39:00+00:00
[2023-01-15T12:39:07.984+0000] {processor.py:175} INFO - Processing /home/airflow/.local/lib/python3.10/site-packages/airflow/example_dags/example_branch_python_dop_operator_3.py took 0.296 seconds
