[2023-01-15T12:33:00.588+0000] {processor.py:153} INFO - Started process (PID=66) to work on /home/airflow/.local/lib/python3.10/site-packages/airflow/example_dags/example_sla_dag.py
[2023-01-15T12:33:00.589+0000] {processor.py:743} INFO - Processing file /home/airflow/.local/lib/python3.10/site-packages/airflow/example_dags/example_sla_dag.py for tasks to queue
[2023-01-15T12:33:00.589+0000] {logging_mixin.py:137} INFO - [2023-01-15T12:33:00.589+0000] {dagbag.py:538} INFO - Filling up the DagBag from /home/airflow/.local/lib/python3.10/site-packages/airflow/example_dags/example_sla_dag.py
[2023-01-15T12:33:00.778+0000] {processor.py:753} INFO - DAG(s) dict_keys(['example_sla_dag']) retrieved from /home/airflow/.local/lib/python3.10/site-packages/airflow/example_dags/example_sla_dag.py
[2023-01-15T12:33:00.817+0000] {logging_mixin.py:137} INFO - [2023-01-15T12:33:00.817+0000] {dag.py:2676} INFO - Sync 1 DAGs
[2023-01-15T12:33:00.851+0000] {logging_mixin.py:137} INFO - [2023-01-15T12:33:00.851+0000] {dag.py:3423} INFO - Setting next_dagrun for example_sla_dag to 2023-01-15T12:30:00+00:00, run_after=2023-01-15T12:32:00+00:00
[2023-01-15T12:33:00.871+0000] {processor.py:175} INFO - Processing /home/airflow/.local/lib/python3.10/site-packages/airflow/example_dags/example_sla_dag.py took 0.287 seconds
[2023-01-15T12:33:31.615+0000] {processor.py:153} INFO - Started process (PID=132) to work on /home/airflow/.local/lib/python3.10/site-packages/airflow/example_dags/example_sla_dag.py
[2023-01-15T12:33:31.616+0000] {processor.py:743} INFO - Processing file /home/airflow/.local/lib/python3.10/site-packages/airflow/example_dags/example_sla_dag.py for tasks to queue
[2023-01-15T12:33:31.616+0000] {logging_mixin.py:137} INFO - [2023-01-15T12:33:31.616+0000] {dagbag.py:538} INFO - Filling up the DagBag from /home/airflow/.local/lib/python3.10/site-packages/airflow/example_dags/example_sla_dag.py
[2023-01-15T12:33:31.801+0000] {processor.py:753} INFO - DAG(s) dict_keys(['example_sla_dag']) retrieved from /home/airflow/.local/lib/python3.10/site-packages/airflow/example_dags/example_sla_dag.py
[2023-01-15T12:33:31.833+0000] {logging_mixin.py:137} INFO - [2023-01-15T12:33:31.833+0000] {dag.py:2676} INFO - Sync 1 DAGs
[2023-01-15T12:33:31.864+0000] {logging_mixin.py:137} INFO - [2023-01-15T12:33:31.863+0000] {dag.py:3423} INFO - Setting next_dagrun for example_sla_dag to 2023-01-15T12:30:00+00:00, run_after=2023-01-15T12:32:00+00:00
[2023-01-15T12:33:31.881+0000] {processor.py:175} INFO - Processing /home/airflow/.local/lib/python3.10/site-packages/airflow/example_dags/example_sla_dag.py took 0.269 seconds
[2023-01-15T12:34:02.460+0000] {processor.py:153} INFO - Started process (PID=205) to work on /home/airflow/.local/lib/python3.10/site-packages/airflow/example_dags/example_sla_dag.py
[2023-01-15T12:34:02.462+0000] {processor.py:743} INFO - Processing file /home/airflow/.local/lib/python3.10/site-packages/airflow/example_dags/example_sla_dag.py for tasks to queue
[2023-01-15T12:34:02.464+0000] {logging_mixin.py:137} INFO - [2023-01-15T12:34:02.464+0000] {dagbag.py:538} INFO - Filling up the DagBag from /home/airflow/.local/lib/python3.10/site-packages/airflow/example_dags/example_sla_dag.py
[2023-01-15T12:34:02.532+0000] {processor.py:753} INFO - DAG(s) dict_keys(['example_sla_dag']) retrieved from /home/airflow/.local/lib/python3.10/site-packages/airflow/example_dags/example_sla_dag.py
[2023-01-15T12:34:02.612+0000] {logging_mixin.py:137} INFO - [2023-01-15T12:34:02.612+0000] {dag.py:2676} INFO - Sync 1 DAGs
[2023-01-15T12:34:02.663+0000] {logging_mixin.py:137} INFO - [2023-01-15T12:34:02.662+0000] {dag.py:3423} INFO - Setting next_dagrun for example_sla_dag to 2023-01-15T12:32:00+00:00, run_after=2023-01-15T12:34:00+00:00
[2023-01-15T12:34:02.705+0000] {processor.py:175} INFO - Processing /home/airflow/.local/lib/python3.10/site-packages/airflow/example_dags/example_sla_dag.py took 0.255 seconds
[2023-01-15T12:34:33.545+0000] {processor.py:153} INFO - Started process (PID=269) to work on /home/airflow/.local/lib/python3.10/site-packages/airflow/example_dags/example_sla_dag.py
[2023-01-15T12:34:33.548+0000] {processor.py:743} INFO - Processing file /home/airflow/.local/lib/python3.10/site-packages/airflow/example_dags/example_sla_dag.py for tasks to queue
[2023-01-15T12:34:33.550+0000] {logging_mixin.py:137} INFO - [2023-01-15T12:34:33.549+0000] {dagbag.py:538} INFO - Filling up the DagBag from /home/airflow/.local/lib/python3.10/site-packages/airflow/example_dags/example_sla_dag.py
[2023-01-15T12:34:33.650+0000] {processor.py:753} INFO - DAG(s) dict_keys(['example_sla_dag']) retrieved from /home/airflow/.local/lib/python3.10/site-packages/airflow/example_dags/example_sla_dag.py
[2023-01-15T12:34:33.785+0000] {logging_mixin.py:137} INFO - [2023-01-15T12:34:33.784+0000] {dag.py:2676} INFO - Sync 1 DAGs
[2023-01-15T12:34:33.865+0000] {logging_mixin.py:137} INFO - [2023-01-15T12:34:33.865+0000] {dag.py:3423} INFO - Setting next_dagrun for example_sla_dag to 2023-01-15T12:32:00+00:00, run_after=2023-01-15T12:34:00+00:00
[2023-01-15T12:34:33.908+0000] {processor.py:175} INFO - Processing /home/airflow/.local/lib/python3.10/site-packages/airflow/example_dags/example_sla_dag.py took 0.373 seconds
[2023-01-15T12:35:04.221+0000] {processor.py:153} INFO - Started process (PID=341) to work on /home/airflow/.local/lib/python3.10/site-packages/airflow/example_dags/example_sla_dag.py
[2023-01-15T12:35:04.223+0000] {processor.py:743} INFO - Processing file /home/airflow/.local/lib/python3.10/site-packages/airflow/example_dags/example_sla_dag.py for tasks to queue
[2023-01-15T12:35:04.224+0000] {logging_mixin.py:137} INFO - [2023-01-15T12:35:04.224+0000] {dagbag.py:538} INFO - Filling up the DagBag from /home/airflow/.local/lib/python3.10/site-packages/airflow/example_dags/example_sla_dag.py
[2023-01-15T12:35:04.326+0000] {processor.py:753} INFO - DAG(s) dict_keys(['example_sla_dag']) retrieved from /home/airflow/.local/lib/python3.10/site-packages/airflow/example_dags/example_sla_dag.py
[2023-01-15T12:35:04.441+0000] {logging_mixin.py:137} INFO - [2023-01-15T12:35:04.440+0000] {dag.py:2676} INFO - Sync 1 DAGs
[2023-01-15T12:35:04.503+0000] {logging_mixin.py:137} INFO - [2023-01-15T12:35:04.503+0000] {dag.py:3423} INFO - Setting next_dagrun for example_sla_dag to 2023-01-15T12:32:00+00:00, run_after=2023-01-15T12:34:00+00:00
[2023-01-15T12:35:04.570+0000] {processor.py:175} INFO - Processing /home/airflow/.local/lib/python3.10/site-packages/airflow/example_dags/example_sla_dag.py took 0.357 seconds
[2023-01-15T12:35:35.173+0000] {processor.py:153} INFO - Started process (PID=406) to work on /home/airflow/.local/lib/python3.10/site-packages/airflow/example_dags/example_sla_dag.py
[2023-01-15T12:35:35.174+0000] {processor.py:743} INFO - Processing file /home/airflow/.local/lib/python3.10/site-packages/airflow/example_dags/example_sla_dag.py for tasks to queue
[2023-01-15T12:35:35.175+0000] {logging_mixin.py:137} INFO - [2023-01-15T12:35:35.175+0000] {dagbag.py:538} INFO - Filling up the DagBag from /home/airflow/.local/lib/python3.10/site-packages/airflow/example_dags/example_sla_dag.py
[2023-01-15T12:35:35.222+0000] {processor.py:753} INFO - DAG(s) dict_keys(['example_sla_dag']) retrieved from /home/airflow/.local/lib/python3.10/site-packages/airflow/example_dags/example_sla_dag.py
[2023-01-15T12:35:35.288+0000] {logging_mixin.py:137} INFO - [2023-01-15T12:35:35.287+0000] {dag.py:2676} INFO - Sync 1 DAGs
[2023-01-15T12:35:35.339+0000] {logging_mixin.py:137} INFO - [2023-01-15T12:35:35.339+0000] {dag.py:3423} INFO - Setting next_dagrun for example_sla_dag to 2023-01-15T12:32:00+00:00, run_after=2023-01-15T12:34:00+00:00
[2023-01-15T12:35:35.371+0000] {processor.py:175} INFO - Processing /home/airflow/.local/lib/python3.10/site-packages/airflow/example_dags/example_sla_dag.py took 0.205 seconds
[2023-01-15T12:36:00.996+0000] {processor.py:153} INFO - Started process (PID=66) to work on /home/airflow/.local/lib/python3.10/site-packages/airflow/example_dags/example_sla_dag.py
[2023-01-15T12:36:01.008+0000] {processor.py:743} INFO - Processing file /home/airflow/.local/lib/python3.10/site-packages/airflow/example_dags/example_sla_dag.py for tasks to queue
[2023-01-15T12:36:01.010+0000] {logging_mixin.py:137} INFO - [2023-01-15T12:36:01.009+0000] {dagbag.py:538} INFO - Filling up the DagBag from /home/airflow/.local/lib/python3.10/site-packages/airflow/example_dags/example_sla_dag.py
[2023-01-15T12:36:01.082+0000] {processor.py:753} INFO - DAG(s) dict_keys(['example_sla_dag']) retrieved from /home/airflow/.local/lib/python3.10/site-packages/airflow/example_dags/example_sla_dag.py
[2023-01-15T12:36:01.144+0000] {logging_mixin.py:137} INFO - [2023-01-15T12:36:01.144+0000] {dag.py:2676} INFO - Sync 1 DAGs
[2023-01-15T12:36:01.203+0000] {logging_mixin.py:137} INFO - [2023-01-15T12:36:01.203+0000] {dag.py:3423} INFO - Setting next_dagrun for example_sla_dag to 2023-01-15T12:34:00+00:00, run_after=2023-01-15T12:36:00+00:00
[2023-01-15T12:36:01.261+0000] {processor.py:175} INFO - Processing /home/airflow/.local/lib/python3.10/site-packages/airflow/example_dags/example_sla_dag.py took 0.277 seconds
[2023-01-15T12:36:31.742+0000] {processor.py:153} INFO - Started process (PID=132) to work on /home/airflow/.local/lib/python3.10/site-packages/airflow/example_dags/example_sla_dag.py
[2023-01-15T12:36:31.743+0000] {processor.py:743} INFO - Processing file /home/airflow/.local/lib/python3.10/site-packages/airflow/example_dags/example_sla_dag.py for tasks to queue
[2023-01-15T12:36:31.743+0000] {logging_mixin.py:137} INFO - [2023-01-15T12:36:31.743+0000] {dagbag.py:538} INFO - Filling up the DagBag from /home/airflow/.local/lib/python3.10/site-packages/airflow/example_dags/example_sla_dag.py
[2023-01-15T12:36:31.767+0000] {processor.py:753} INFO - DAG(s) dict_keys(['example_sla_dag']) retrieved from /home/airflow/.local/lib/python3.10/site-packages/airflow/example_dags/example_sla_dag.py
[2023-01-15T12:36:31.800+0000] {logging_mixin.py:137} INFO - [2023-01-15T12:36:31.799+0000] {dag.py:2676} INFO - Sync 1 DAGs
[2023-01-15T12:36:32.010+0000] {logging_mixin.py:137} INFO - [2023-01-15T12:36:32.010+0000] {dag.py:3423} INFO - Setting next_dagrun for example_sla_dag to 2023-01-15T12:34:00+00:00, run_after=2023-01-15T12:36:00+00:00
[2023-01-15T12:36:32.037+0000] {processor.py:175} INFO - Processing /home/airflow/.local/lib/python3.10/site-packages/airflow/example_dags/example_sla_dag.py took 0.298 seconds
[2023-01-15T12:37:05.167+0000] {processor.py:153} INFO - Started process (PID=198) to work on /home/airflow/.local/lib/python3.10/site-packages/airflow/example_dags/example_sla_dag.py
[2023-01-15T12:37:05.169+0000] {processor.py:743} INFO - Processing file /home/airflow/.local/lib/python3.10/site-packages/airflow/example_dags/example_sla_dag.py for tasks to queue
[2023-01-15T12:37:05.171+0000] {logging_mixin.py:137} INFO - [2023-01-15T12:37:05.170+0000] {dagbag.py:538} INFO - Filling up the DagBag from /home/airflow/.local/lib/python3.10/site-packages/airflow/example_dags/example_sla_dag.py
[2023-01-15T12:37:05.221+0000] {processor.py:753} INFO - DAG(s) dict_keys(['example_sla_dag']) retrieved from /home/airflow/.local/lib/python3.10/site-packages/airflow/example_dags/example_sla_dag.py
[2023-01-15T12:37:05.293+0000] {logging_mixin.py:137} INFO - [2023-01-15T12:37:05.292+0000] {dag.py:2676} INFO - Sync 1 DAGs
[2023-01-15T12:37:05.593+0000] {logging_mixin.py:137} INFO - [2023-01-15T12:37:05.592+0000] {dag.py:3423} INFO - Setting next_dagrun for example_sla_dag to 2023-01-15T12:34:00+00:00, run_after=2023-01-15T12:36:00+00:00
[2023-01-15T12:37:05.634+0000] {processor.py:175} INFO - Processing /home/airflow/.local/lib/python3.10/site-packages/airflow/example_dags/example_sla_dag.py took 0.475 seconds
[2023-01-15T12:37:36.543+0000] {processor.py:153} INFO - Started process (PID=264) to work on /home/airflow/.local/lib/python3.10/site-packages/airflow/example_dags/example_sla_dag.py
[2023-01-15T12:37:36.552+0000] {processor.py:743} INFO - Processing file /home/airflow/.local/lib/python3.10/site-packages/airflow/example_dags/example_sla_dag.py for tasks to queue
[2023-01-15T12:37:36.552+0000] {logging_mixin.py:137} INFO - [2023-01-15T12:37:36.552+0000] {dagbag.py:538} INFO - Filling up the DagBag from /home/airflow/.local/lib/python3.10/site-packages/airflow/example_dags/example_sla_dag.py
[2023-01-15T12:37:36.580+0000] {processor.py:753} INFO - DAG(s) dict_keys(['example_sla_dag']) retrieved from /home/airflow/.local/lib/python3.10/site-packages/airflow/example_dags/example_sla_dag.py
[2023-01-15T12:37:36.773+0000] {logging_mixin.py:137} INFO - [2023-01-15T12:37:36.772+0000] {dag.py:2676} INFO - Sync 1 DAGs
[2023-01-15T12:37:36.815+0000] {logging_mixin.py:137} INFO - [2023-01-15T12:37:36.815+0000] {dag.py:3423} INFO - Setting next_dagrun for example_sla_dag to 2023-01-15T12:34:00+00:00, run_after=2023-01-15T12:36:00+00:00
[2023-01-15T12:37:36.841+0000] {processor.py:175} INFO - Processing /home/airflow/.local/lib/python3.10/site-packages/airflow/example_dags/example_sla_dag.py took 0.300 seconds
[2023-01-15T12:38:06.940+0000] {processor.py:153} INFO - Started process (PID=330) to work on /home/airflow/.local/lib/python3.10/site-packages/airflow/example_dags/example_sla_dag.py
[2023-01-15T12:38:06.942+0000] {processor.py:743} INFO - Processing file /home/airflow/.local/lib/python3.10/site-packages/airflow/example_dags/example_sla_dag.py for tasks to queue
[2023-01-15T12:38:06.943+0000] {logging_mixin.py:137} INFO - [2023-01-15T12:38:06.942+0000] {dagbag.py:538} INFO - Filling up the DagBag from /home/airflow/.local/lib/python3.10/site-packages/airflow/example_dags/example_sla_dag.py
[2023-01-15T12:38:06.981+0000] {processor.py:753} INFO - DAG(s) dict_keys(['example_sla_dag']) retrieved from /home/airflow/.local/lib/python3.10/site-packages/airflow/example_dags/example_sla_dag.py
[2023-01-15T12:38:07.221+0000] {logging_mixin.py:137} INFO - [2023-01-15T12:38:07.220+0000] {dag.py:2676} INFO - Sync 1 DAGs
[2023-01-15T12:38:07.257+0000] {logging_mixin.py:137} INFO - [2023-01-15T12:38:07.257+0000] {dag.py:3423} INFO - Setting next_dagrun for example_sla_dag to 2023-01-15T12:36:00+00:00, run_after=2023-01-15T12:38:00+00:00
[2023-01-15T12:38:07.284+0000] {processor.py:175} INFO - Processing /home/airflow/.local/lib/python3.10/site-packages/airflow/example_dags/example_sla_dag.py took 0.349 seconds
[2023-01-15T12:38:37.595+0000] {processor.py:153} INFO - Started process (PID=410) to work on /home/airflow/.local/lib/python3.10/site-packages/airflow/example_dags/example_sla_dag.py
[2023-01-15T12:38:37.596+0000] {processor.py:743} INFO - Processing file /home/airflow/.local/lib/python3.10/site-packages/airflow/example_dags/example_sla_dag.py for tasks to queue
[2023-01-15T12:38:37.597+0000] {logging_mixin.py:137} INFO - [2023-01-15T12:38:37.596+0000] {dagbag.py:538} INFO - Filling up the DagBag from /home/airflow/.local/lib/python3.10/site-packages/airflow/example_dags/example_sla_dag.py
[2023-01-15T12:38:37.622+0000] {processor.py:753} INFO - DAG(s) dict_keys(['example_sla_dag']) retrieved from /home/airflow/.local/lib/python3.10/site-packages/airflow/example_dags/example_sla_dag.py
[2023-01-15T12:38:37.794+0000] {logging_mixin.py:137} INFO - [2023-01-15T12:38:37.794+0000] {dag.py:2676} INFO - Sync 1 DAGs
[2023-01-15T12:38:37.829+0000] {logging_mixin.py:137} INFO - [2023-01-15T12:38:37.829+0000] {dag.py:3423} INFO - Setting next_dagrun for example_sla_dag to 2023-01-15T12:36:00+00:00, run_after=2023-01-15T12:38:00+00:00
[2023-01-15T12:38:37.850+0000] {processor.py:175} INFO - Processing /home/airflow/.local/lib/python3.10/site-packages/airflow/example_dags/example_sla_dag.py took 0.258 seconds
[2023-01-15T12:39:08.875+0000] {processor.py:153} INFO - Started process (PID=476) to work on /home/airflow/.local/lib/python3.10/site-packages/airflow/example_dags/example_sla_dag.py
[2023-01-15T12:39:08.876+0000] {processor.py:743} INFO - Processing file /home/airflow/.local/lib/python3.10/site-packages/airflow/example_dags/example_sla_dag.py for tasks to queue
[2023-01-15T12:39:08.877+0000] {logging_mixin.py:137} INFO - [2023-01-15T12:39:08.876+0000] {dagbag.py:538} INFO - Filling up the DagBag from /home/airflow/.local/lib/python3.10/site-packages/airflow/example_dags/example_sla_dag.py
[2023-01-15T12:39:09.027+0000] {processor.py:753} INFO - DAG(s) dict_keys(['example_sla_dag']) retrieved from /home/airflow/.local/lib/python3.10/site-packages/airflow/example_dags/example_sla_dag.py
[2023-01-15T12:39:09.059+0000] {logging_mixin.py:137} INFO - [2023-01-15T12:39:09.059+0000] {dag.py:2676} INFO - Sync 1 DAGs
[2023-01-15T12:39:09.089+0000] {logging_mixin.py:137} INFO - [2023-01-15T12:39:09.089+0000] {dag.py:3423} INFO - Setting next_dagrun for example_sla_dag to 2023-01-15T12:36:00+00:00, run_after=2023-01-15T12:38:00+00:00
[2023-01-15T12:39:09.107+0000] {processor.py:175} INFO - Processing /home/airflow/.local/lib/python3.10/site-packages/airflow/example_dags/example_sla_dag.py took 0.234 seconds
