[2023-01-15T12:32:59.809+0000] {processor.py:153} INFO - Started process (PID=61) to work on /home/airflow/.local/lib/python3.10/site-packages/airflow/example_dags/example_task_group_decorator.py
[2023-01-15T12:32:59.811+0000] {processor.py:743} INFO - Processing file /home/airflow/.local/lib/python3.10/site-packages/airflow/example_dags/example_task_group_decorator.py for tasks to queue
[2023-01-15T12:32:59.812+0000] {logging_mixin.py:137} INFO - [2023-01-15T12:32:59.812+0000] {dagbag.py:538} INFO - Filling up the DagBag from /home/airflow/.local/lib/python3.10/site-packages/airflow/example_dags/example_task_group_decorator.py
[2023-01-15T12:33:00.092+0000] {processor.py:753} INFO - DAG(s) dict_keys(['example_task_group_decorator']) retrieved from /home/airflow/.local/lib/python3.10/site-packages/airflow/example_dags/example_task_group_decorator.py
[2023-01-15T12:33:00.130+0000] {logging_mixin.py:137} INFO - [2023-01-15T12:33:00.130+0000] {dag.py:2676} INFO - Sync 1 DAGs
[2023-01-15T12:33:00.158+0000] {logging_mixin.py:137} INFO - [2023-01-15T12:33:00.158+0000] {dag.py:3423} INFO - Setting next_dagrun for example_task_group_decorator to 2023-01-14T12:33:00.157981+00:00, run_after=2023-01-15T12:33:00.157981+00:00
[2023-01-15T12:33:00.184+0000] {processor.py:175} INFO - Processing /home/airflow/.local/lib/python3.10/site-packages/airflow/example_dags/example_task_group_decorator.py took 0.380 seconds
[2023-01-15T12:33:30.830+0000] {processor.py:153} INFO - Started process (PID=127) to work on /home/airflow/.local/lib/python3.10/site-packages/airflow/example_dags/example_task_group_decorator.py
[2023-01-15T12:33:30.840+0000] {processor.py:743} INFO - Processing file /home/airflow/.local/lib/python3.10/site-packages/airflow/example_dags/example_task_group_decorator.py for tasks to queue
[2023-01-15T12:33:30.840+0000] {logging_mixin.py:137} INFO - [2023-01-15T12:33:30.840+0000] {dagbag.py:538} INFO - Filling up the DagBag from /home/airflow/.local/lib/python3.10/site-packages/airflow/example_dags/example_task_group_decorator.py
[2023-01-15T12:33:31.014+0000] {processor.py:753} INFO - DAG(s) dict_keys(['example_task_group_decorator']) retrieved from /home/airflow/.local/lib/python3.10/site-packages/airflow/example_dags/example_task_group_decorator.py
[2023-01-15T12:33:31.049+0000] {logging_mixin.py:137} INFO - [2023-01-15T12:33:31.049+0000] {dag.py:2676} INFO - Sync 1 DAGs
[2023-01-15T12:33:31.072+0000] {logging_mixin.py:137} INFO - [2023-01-15T12:33:31.072+0000] {dag.py:3423} INFO - Setting next_dagrun for example_task_group_decorator to 2023-01-14T12:33:31.072102+00:00, run_after=2023-01-15T12:33:31.072102+00:00
[2023-01-15T12:33:31.090+0000] {processor.py:175} INFO - Processing /home/airflow/.local/lib/python3.10/site-packages/airflow/example_dags/example_task_group_decorator.py took 0.262 seconds
[2023-01-15T12:34:01.144+0000] {processor.py:153} INFO - Started process (PID=200) to work on /home/airflow/.local/lib/python3.10/site-packages/airflow/example_dags/example_task_group_decorator.py
[2023-01-15T12:34:01.147+0000] {processor.py:743} INFO - Processing file /home/airflow/.local/lib/python3.10/site-packages/airflow/example_dags/example_task_group_decorator.py for tasks to queue
[2023-01-15T12:34:01.149+0000] {logging_mixin.py:137} INFO - [2023-01-15T12:34:01.148+0000] {dagbag.py:538} INFO - Filling up the DagBag from /home/airflow/.local/lib/python3.10/site-packages/airflow/example_dags/example_task_group_decorator.py
[2023-01-15T12:34:01.235+0000] {processor.py:753} INFO - DAG(s) dict_keys(['example_task_group_decorator']) retrieved from /home/airflow/.local/lib/python3.10/site-packages/airflow/example_dags/example_task_group_decorator.py
[2023-01-15T12:34:01.367+0000] {logging_mixin.py:137} INFO - [2023-01-15T12:34:01.367+0000] {dag.py:2676} INFO - Sync 1 DAGs
[2023-01-15T12:34:01.424+0000] {logging_mixin.py:137} INFO - [2023-01-15T12:34:01.424+0000] {dag.py:3423} INFO - Setting next_dagrun for example_task_group_decorator to 2023-01-14T12:34:01.423344+00:00, run_after=2023-01-15T12:34:01.423344+00:00
[2023-01-15T12:34:01.470+0000] {processor.py:175} INFO - Processing /home/airflow/.local/lib/python3.10/site-packages/airflow/example_dags/example_task_group_decorator.py took 0.334 seconds
[2023-01-15T12:34:31.592+0000] {processor.py:153} INFO - Started process (PID=258) to work on /home/airflow/.local/lib/python3.10/site-packages/airflow/example_dags/example_task_group_decorator.py
[2023-01-15T12:34:31.593+0000] {processor.py:743} INFO - Processing file /home/airflow/.local/lib/python3.10/site-packages/airflow/example_dags/example_task_group_decorator.py for tasks to queue
[2023-01-15T12:34:31.595+0000] {logging_mixin.py:137} INFO - [2023-01-15T12:34:31.594+0000] {dagbag.py:538} INFO - Filling up the DagBag from /home/airflow/.local/lib/python3.10/site-packages/airflow/example_dags/example_task_group_decorator.py
[2023-01-15T12:34:31.647+0000] {processor.py:753} INFO - DAG(s) dict_keys(['example_task_group_decorator']) retrieved from /home/airflow/.local/lib/python3.10/site-packages/airflow/example_dags/example_task_group_decorator.py
[2023-01-15T12:34:31.730+0000] {logging_mixin.py:137} INFO - [2023-01-15T12:34:31.730+0000] {dag.py:2676} INFO - Sync 1 DAGs
[2023-01-15T12:34:31.786+0000] {logging_mixin.py:137} INFO - [2023-01-15T12:34:31.785+0000] {dag.py:3423} INFO - Setting next_dagrun for example_task_group_decorator to 2023-01-14T12:34:31.784996+00:00, run_after=2023-01-15T12:34:31.784996+00:00
[2023-01-15T12:34:31.853+0000] {processor.py:175} INFO - Processing /home/airflow/.local/lib/python3.10/site-packages/airflow/example_dags/example_task_group_decorator.py took 0.267 seconds
[2023-01-15T12:35:03.251+0000] {processor.py:153} INFO - Started process (PID=329) to work on /home/airflow/.local/lib/python3.10/site-packages/airflow/example_dags/example_task_group_decorator.py
[2023-01-15T12:35:03.252+0000] {processor.py:743} INFO - Processing file /home/airflow/.local/lib/python3.10/site-packages/airflow/example_dags/example_task_group_decorator.py for tasks to queue
[2023-01-15T12:35:03.254+0000] {logging_mixin.py:137} INFO - [2023-01-15T12:35:03.253+0000] {dagbag.py:538} INFO - Filling up the DagBag from /home/airflow/.local/lib/python3.10/site-packages/airflow/example_dags/example_task_group_decorator.py
[2023-01-15T12:35:03.314+0000] {processor.py:753} INFO - DAG(s) dict_keys(['example_task_group_decorator']) retrieved from /home/airflow/.local/lib/python3.10/site-packages/airflow/example_dags/example_task_group_decorator.py
[2023-01-15T12:35:03.389+0000] {logging_mixin.py:137} INFO - [2023-01-15T12:35:03.389+0000] {dag.py:2676} INFO - Sync 1 DAGs
[2023-01-15T12:35:03.444+0000] {logging_mixin.py:137} INFO - [2023-01-15T12:35:03.443+0000] {dag.py:3423} INFO - Setting next_dagrun for example_task_group_decorator to 2023-01-14T12:35:03.443183+00:00, run_after=2023-01-15T12:35:03.443183+00:00
[2023-01-15T12:35:03.491+0000] {processor.py:175} INFO - Processing /home/airflow/.local/lib/python3.10/site-packages/airflow/example_dags/example_task_group_decorator.py took 0.246 seconds
[2023-01-15T12:35:34.495+0000] {processor.py:153} INFO - Started process (PID=401) to work on /home/airflow/.local/lib/python3.10/site-packages/airflow/example_dags/example_task_group_decorator.py
[2023-01-15T12:35:34.496+0000] {processor.py:743} INFO - Processing file /home/airflow/.local/lib/python3.10/site-packages/airflow/example_dags/example_task_group_decorator.py for tasks to queue
[2023-01-15T12:35:34.497+0000] {logging_mixin.py:137} INFO - [2023-01-15T12:35:34.497+0000] {dagbag.py:538} INFO - Filling up the DagBag from /home/airflow/.local/lib/python3.10/site-packages/airflow/example_dags/example_task_group_decorator.py
[2023-01-15T12:35:34.563+0000] {processor.py:753} INFO - DAG(s) dict_keys(['example_task_group_decorator']) retrieved from /home/airflow/.local/lib/python3.10/site-packages/airflow/example_dags/example_task_group_decorator.py
[2023-01-15T12:35:34.626+0000] {logging_mixin.py:137} INFO - [2023-01-15T12:35:34.626+0000] {dag.py:2676} INFO - Sync 1 DAGs
[2023-01-15T12:35:34.660+0000] {logging_mixin.py:137} INFO - [2023-01-15T12:35:34.660+0000] {dag.py:3423} INFO - Setting next_dagrun for example_task_group_decorator to 2023-01-14T12:35:34.660156+00:00, run_after=2023-01-15T12:35:34.660156+00:00
[2023-01-15T12:35:34.692+0000] {processor.py:175} INFO - Processing /home/airflow/.local/lib/python3.10/site-packages/airflow/example_dags/example_task_group_decorator.py took 0.202 seconds
[2023-01-15T12:36:00.189+0000] {processor.py:153} INFO - Started process (PID=61) to work on /home/airflow/.local/lib/python3.10/site-packages/airflow/example_dags/example_task_group_decorator.py
[2023-01-15T12:36:00.200+0000] {processor.py:743} INFO - Processing file /home/airflow/.local/lib/python3.10/site-packages/airflow/example_dags/example_task_group_decorator.py for tasks to queue
[2023-01-15T12:36:00.201+0000] {logging_mixin.py:137} INFO - [2023-01-15T12:36:00.201+0000] {dagbag.py:538} INFO - Filling up the DagBag from /home/airflow/.local/lib/python3.10/site-packages/airflow/example_dags/example_task_group_decorator.py
[2023-01-15T12:36:00.287+0000] {processor.py:753} INFO - DAG(s) dict_keys(['example_task_group_decorator']) retrieved from /home/airflow/.local/lib/python3.10/site-packages/airflow/example_dags/example_task_group_decorator.py
[2023-01-15T12:36:00.332+0000] {logging_mixin.py:137} INFO - [2023-01-15T12:36:00.332+0000] {dag.py:2676} INFO - Sync 1 DAGs
[2023-01-15T12:36:00.376+0000] {logging_mixin.py:137} INFO - [2023-01-15T12:36:00.375+0000] {dag.py:3423} INFO - Setting next_dagrun for example_task_group_decorator to 2023-01-14T12:36:00.375263+00:00, run_after=2023-01-15T12:36:00.375263+00:00
[2023-01-15T12:36:00.424+0000] {processor.py:175} INFO - Processing /home/airflow/.local/lib/python3.10/site-packages/airflow/example_dags/example_task_group_decorator.py took 0.250 seconds
[2023-01-15T12:36:31.032+0000] {processor.py:153} INFO - Started process (PID=127) to work on /home/airflow/.local/lib/python3.10/site-packages/airflow/example_dags/example_task_group_decorator.py
[2023-01-15T12:36:31.032+0000] {processor.py:743} INFO - Processing file /home/airflow/.local/lib/python3.10/site-packages/airflow/example_dags/example_task_group_decorator.py for tasks to queue
[2023-01-15T12:36:31.033+0000] {logging_mixin.py:137} INFO - [2023-01-15T12:36:31.033+0000] {dagbag.py:538} INFO - Filling up the DagBag from /home/airflow/.local/lib/python3.10/site-packages/airflow/example_dags/example_task_group_decorator.py
[2023-01-15T12:36:31.070+0000] {processor.py:753} INFO - DAG(s) dict_keys(['example_task_group_decorator']) retrieved from /home/airflow/.local/lib/python3.10/site-packages/airflow/example_dags/example_task_group_decorator.py
[2023-01-15T12:36:31.106+0000] {logging_mixin.py:137} INFO - [2023-01-15T12:36:31.106+0000] {dag.py:2676} INFO - Sync 1 DAGs
[2023-01-15T12:36:31.274+0000] {logging_mixin.py:137} INFO - [2023-01-15T12:36:31.274+0000] {dag.py:3423} INFO - Setting next_dagrun for example_task_group_decorator to 2023-01-14T12:36:31.273829+00:00, run_after=2023-01-15T12:36:31.273829+00:00
[2023-01-15T12:36:31.299+0000] {processor.py:175} INFO - Processing /home/airflow/.local/lib/python3.10/site-packages/airflow/example_dags/example_task_group_decorator.py took 0.271 seconds
[2023-01-15T12:37:03.950+0000] {processor.py:153} INFO - Started process (PID=193) to work on /home/airflow/.local/lib/python3.10/site-packages/airflow/example_dags/example_task_group_decorator.py
[2023-01-15T12:37:03.951+0000] {processor.py:743} INFO - Processing file /home/airflow/.local/lib/python3.10/site-packages/airflow/example_dags/example_task_group_decorator.py for tasks to queue
[2023-01-15T12:37:03.952+0000] {logging_mixin.py:137} INFO - [2023-01-15T12:37:03.952+0000] {dagbag.py:538} INFO - Filling up the DagBag from /home/airflow/.local/lib/python3.10/site-packages/airflow/example_dags/example_task_group_decorator.py
[2023-01-15T12:37:03.998+0000] {processor.py:753} INFO - DAG(s) dict_keys(['example_task_group_decorator']) retrieved from /home/airflow/.local/lib/python3.10/site-packages/airflow/example_dags/example_task_group_decorator.py
[2023-01-15T12:37:04.246+0000] {logging_mixin.py:137} INFO - [2023-01-15T12:37:04.246+0000] {dag.py:2676} INFO - Sync 1 DAGs
[2023-01-15T12:37:04.274+0000] {logging_mixin.py:137} INFO - [2023-01-15T12:37:04.274+0000] {dag.py:3423} INFO - Setting next_dagrun for example_task_group_decorator to 2023-01-14T12:37:04.273681+00:00, run_after=2023-01-15T12:37:04.273681+00:00
[2023-01-15T12:37:04.299+0000] {processor.py:175} INFO - Processing /home/airflow/.local/lib/python3.10/site-packages/airflow/example_dags/example_task_group_decorator.py took 0.354 seconds
[2023-01-15T12:37:34.562+0000] {processor.py:153} INFO - Started process (PID=259) to work on /home/airflow/.local/lib/python3.10/site-packages/airflow/example_dags/example_task_group_decorator.py
[2023-01-15T12:37:34.564+0000] {processor.py:743} INFO - Processing file /home/airflow/.local/lib/python3.10/site-packages/airflow/example_dags/example_task_group_decorator.py for tasks to queue
[2023-01-15T12:37:34.564+0000] {logging_mixin.py:137} INFO - [2023-01-15T12:37:34.564+0000] {dagbag.py:538} INFO - Filling up the DagBag from /home/airflow/.local/lib/python3.10/site-packages/airflow/example_dags/example_task_group_decorator.py
[2023-01-15T12:37:34.595+0000] {processor.py:753} INFO - DAG(s) dict_keys(['example_task_group_decorator']) retrieved from /home/airflow/.local/lib/python3.10/site-packages/airflow/example_dags/example_task_group_decorator.py
[2023-01-15T12:37:34.808+0000] {logging_mixin.py:137} INFO - [2023-01-15T12:37:34.807+0000] {dag.py:2676} INFO - Sync 1 DAGs
[2023-01-15T12:37:34.847+0000] {logging_mixin.py:137} INFO - [2023-01-15T12:37:34.846+0000] {dag.py:3423} INFO - Setting next_dagrun for example_task_group_decorator to 2023-01-14T12:37:34.846701+00:00, run_after=2023-01-15T12:37:34.846701+00:00
[2023-01-15T12:37:34.873+0000] {processor.py:175} INFO - Processing /home/airflow/.local/lib/python3.10/site-packages/airflow/example_dags/example_task_group_decorator.py took 0.314 seconds
[2023-01-15T12:38:05.270+0000] {processor.py:153} INFO - Started process (PID=325) to work on /home/airflow/.local/lib/python3.10/site-packages/airflow/example_dags/example_task_group_decorator.py
[2023-01-15T12:38:05.271+0000] {processor.py:743} INFO - Processing file /home/airflow/.local/lib/python3.10/site-packages/airflow/example_dags/example_task_group_decorator.py for tasks to queue
[2023-01-15T12:38:05.272+0000] {logging_mixin.py:137} INFO - [2023-01-15T12:38:05.271+0000] {dagbag.py:538} INFO - Filling up the DagBag from /home/airflow/.local/lib/python3.10/site-packages/airflow/example_dags/example_task_group_decorator.py
[2023-01-15T12:38:05.303+0000] {processor.py:753} INFO - DAG(s) dict_keys(['example_task_group_decorator']) retrieved from /home/airflow/.local/lib/python3.10/site-packages/airflow/example_dags/example_task_group_decorator.py
[2023-01-15T12:38:05.504+0000] {logging_mixin.py:137} INFO - [2023-01-15T12:38:05.504+0000] {dag.py:2676} INFO - Sync 1 DAGs
[2023-01-15T12:38:05.527+0000] {logging_mixin.py:137} INFO - [2023-01-15T12:38:05.527+0000] {dag.py:3423} INFO - Setting next_dagrun for example_task_group_decorator to 2023-01-14T12:38:05.527250+00:00, run_after=2023-01-15T12:38:05.527250+00:00
[2023-01-15T12:38:05.555+0000] {processor.py:175} INFO - Processing /home/airflow/.local/lib/python3.10/site-packages/airflow/example_dags/example_task_group_decorator.py took 0.288 seconds
[2023-01-15T12:38:36.671+0000] {processor.py:153} INFO - Started process (PID=405) to work on /home/airflow/.local/lib/python3.10/site-packages/airflow/example_dags/example_task_group_decorator.py
[2023-01-15T12:38:36.672+0000] {processor.py:743} INFO - Processing file /home/airflow/.local/lib/python3.10/site-packages/airflow/example_dags/example_task_group_decorator.py for tasks to queue
[2023-01-15T12:38:36.672+0000] {logging_mixin.py:137} INFO - [2023-01-15T12:38:36.672+0000] {dagbag.py:538} INFO - Filling up the DagBag from /home/airflow/.local/lib/python3.10/site-packages/airflow/example_dags/example_task_group_decorator.py
[2023-01-15T12:38:36.857+0000] {processor.py:753} INFO - DAG(s) dict_keys(['example_task_group_decorator']) retrieved from /home/airflow/.local/lib/python3.10/site-packages/airflow/example_dags/example_task_group_decorator.py
[2023-01-15T12:38:36.892+0000] {logging_mixin.py:137} INFO - [2023-01-15T12:38:36.892+0000] {dag.py:2676} INFO - Sync 1 DAGs
[2023-01-15T12:38:36.916+0000] {logging_mixin.py:137} INFO - [2023-01-15T12:38:36.916+0000] {dag.py:3423} INFO - Setting next_dagrun for example_task_group_decorator to 2023-01-14T12:38:36.916304+00:00, run_after=2023-01-15T12:38:36.916304+00:00
[2023-01-15T12:38:36.937+0000] {processor.py:175} INFO - Processing /home/airflow/.local/lib/python3.10/site-packages/airflow/example_dags/example_task_group_decorator.py took 0.269 seconds
[2023-01-15T12:39:08.011+0000] {processor.py:153} INFO - Started process (PID=471) to work on /home/airflow/.local/lib/python3.10/site-packages/airflow/example_dags/example_task_group_decorator.py
[2023-01-15T12:39:08.012+0000] {processor.py:743} INFO - Processing file /home/airflow/.local/lib/python3.10/site-packages/airflow/example_dags/example_task_group_decorator.py for tasks to queue
[2023-01-15T12:39:08.012+0000] {logging_mixin.py:137} INFO - [2023-01-15T12:39:08.012+0000] {dagbag.py:538} INFO - Filling up the DagBag from /home/airflow/.local/lib/python3.10/site-packages/airflow/example_dags/example_task_group_decorator.py
[2023-01-15T12:39:08.223+0000] {processor.py:753} INFO - DAG(s) dict_keys(['example_task_group_decorator']) retrieved from /home/airflow/.local/lib/python3.10/site-packages/airflow/example_dags/example_task_group_decorator.py
[2023-01-15T12:39:08.268+0000] {logging_mixin.py:137} INFO - [2023-01-15T12:39:08.268+0000] {dag.py:2676} INFO - Sync 1 DAGs
[2023-01-15T12:39:08.296+0000] {logging_mixin.py:137} INFO - [2023-01-15T12:39:08.295+0000] {dag.py:3423} INFO - Setting next_dagrun for example_task_group_decorator to 2023-01-14T12:39:08.295547+00:00, run_after=2023-01-15T12:39:08.295547+00:00
[2023-01-15T12:39:08.319+0000] {processor.py:175} INFO - Processing /home/airflow/.local/lib/python3.10/site-packages/airflow/example_dags/example_task_group_decorator.py took 0.311 seconds
