[2023-01-15T12:33:00.865+0000] {processor.py:153} INFO - Started process (PID=67) to work on /home/airflow/.local/lib/python3.10/site-packages/airflow/example_dags/example_trigger_target_dag.py
[2023-01-15T12:33:00.865+0000] {processor.py:743} INFO - Processing file /home/airflow/.local/lib/python3.10/site-packages/airflow/example_dags/example_trigger_target_dag.py for tasks to queue
[2023-01-15T12:33:00.866+0000] {logging_mixin.py:137} INFO - [2023-01-15T12:33:00.866+0000] {dagbag.py:538} INFO - Filling up the DagBag from /home/airflow/.local/lib/python3.10/site-packages/airflow/example_dags/example_trigger_target_dag.py
[2023-01-15T12:33:01.045+0000] {processor.py:753} INFO - DAG(s) dict_keys(['example_trigger_target_dag']) retrieved from /home/airflow/.local/lib/python3.10/site-packages/airflow/example_dags/example_trigger_target_dag.py
[2023-01-15T12:33:01.085+0000] {logging_mixin.py:137} INFO - [2023-01-15T12:33:01.085+0000] {dag.py:2676} INFO - Sync 1 DAGs
[2023-01-15T12:33:01.108+0000] {logging_mixin.py:137} INFO - [2023-01-15T12:33:01.108+0000] {dag.py:3423} INFO - Setting next_dagrun for example_trigger_target_dag to None, run_after=None
[2023-01-15T12:33:01.126+0000] {processor.py:175} INFO - Processing /home/airflow/.local/lib/python3.10/site-packages/airflow/example_dags/example_trigger_target_dag.py took 0.265 seconds
[2023-01-15T12:33:31.874+0000] {processor.py:153} INFO - Started process (PID=133) to work on /home/airflow/.local/lib/python3.10/site-packages/airflow/example_dags/example_trigger_target_dag.py
[2023-01-15T12:33:31.875+0000] {processor.py:743} INFO - Processing file /home/airflow/.local/lib/python3.10/site-packages/airflow/example_dags/example_trigger_target_dag.py for tasks to queue
[2023-01-15T12:33:31.876+0000] {logging_mixin.py:137} INFO - [2023-01-15T12:33:31.876+0000] {dagbag.py:538} INFO - Filling up the DagBag from /home/airflow/.local/lib/python3.10/site-packages/airflow/example_dags/example_trigger_target_dag.py
[2023-01-15T12:33:32.059+0000] {processor.py:753} INFO - DAG(s) dict_keys(['example_trigger_target_dag']) retrieved from /home/airflow/.local/lib/python3.10/site-packages/airflow/example_dags/example_trigger_target_dag.py
[2023-01-15T12:33:32.094+0000] {logging_mixin.py:137} INFO - [2023-01-15T12:33:32.094+0000] {dag.py:2676} INFO - Sync 1 DAGs
[2023-01-15T12:33:32.114+0000] {logging_mixin.py:137} INFO - [2023-01-15T12:33:32.114+0000] {dag.py:3423} INFO - Setting next_dagrun for example_trigger_target_dag to None, run_after=None
[2023-01-15T12:33:32.131+0000] {processor.py:175} INFO - Processing /home/airflow/.local/lib/python3.10/site-packages/airflow/example_dags/example_trigger_target_dag.py took 0.260 seconds
[2023-01-15T12:34:02.761+0000] {processor.py:153} INFO - Started process (PID=206) to work on /home/airflow/.local/lib/python3.10/site-packages/airflow/example_dags/example_trigger_target_dag.py
[2023-01-15T12:34:02.763+0000] {processor.py:743} INFO - Processing file /home/airflow/.local/lib/python3.10/site-packages/airflow/example_dags/example_trigger_target_dag.py for tasks to queue
[2023-01-15T12:34:02.764+0000] {logging_mixin.py:137} INFO - [2023-01-15T12:34:02.764+0000] {dagbag.py:538} INFO - Filling up the DagBag from /home/airflow/.local/lib/python3.10/site-packages/airflow/example_dags/example_trigger_target_dag.py
[2023-01-15T12:34:02.820+0000] {processor.py:753} INFO - DAG(s) dict_keys(['example_trigger_target_dag']) retrieved from /home/airflow/.local/lib/python3.10/site-packages/airflow/example_dags/example_trigger_target_dag.py
[2023-01-15T12:34:02.929+0000] {logging_mixin.py:137} INFO - [2023-01-15T12:34:02.928+0000] {dag.py:2676} INFO - Sync 1 DAGs
[2023-01-15T12:34:02.991+0000] {logging_mixin.py:137} INFO - [2023-01-15T12:34:02.990+0000] {dag.py:3423} INFO - Setting next_dagrun for example_trigger_target_dag to None, run_after=None
[2023-01-15T12:34:03.042+0000] {processor.py:175} INFO - Processing /home/airflow/.local/lib/python3.10/site-packages/airflow/example_dags/example_trigger_target_dag.py took 0.291 seconds
[2023-01-15T12:34:33.806+0000] {processor.py:153} INFO - Started process (PID=270) to work on /home/airflow/.local/lib/python3.10/site-packages/airflow/example_dags/example_trigger_target_dag.py
[2023-01-15T12:34:33.816+0000] {processor.py:743} INFO - Processing file /home/airflow/.local/lib/python3.10/site-packages/airflow/example_dags/example_trigger_target_dag.py for tasks to queue
[2023-01-15T12:34:33.819+0000] {logging_mixin.py:137} INFO - [2023-01-15T12:34:33.818+0000] {dagbag.py:538} INFO - Filling up the DagBag from /home/airflow/.local/lib/python3.10/site-packages/airflow/example_dags/example_trigger_target_dag.py
[2023-01-15T12:34:33.889+0000] {processor.py:753} INFO - DAG(s) dict_keys(['example_trigger_target_dag']) retrieved from /home/airflow/.local/lib/python3.10/site-packages/airflow/example_dags/example_trigger_target_dag.py
[2023-01-15T12:34:34.009+0000] {logging_mixin.py:137} INFO - [2023-01-15T12:34:34.008+0000] {dag.py:2676} INFO - Sync 1 DAGs
[2023-01-15T12:34:34.071+0000] {logging_mixin.py:137} INFO - [2023-01-15T12:34:34.071+0000] {dag.py:3423} INFO - Setting next_dagrun for example_trigger_target_dag to None, run_after=None
[2023-01-15T12:34:34.132+0000] {processor.py:175} INFO - Processing /home/airflow/.local/lib/python3.10/site-packages/airflow/example_dags/example_trigger_target_dag.py took 0.336 seconds
[2023-01-15T12:35:04.495+0000] {processor.py:153} INFO - Started process (PID=342) to work on /home/airflow/.local/lib/python3.10/site-packages/airflow/example_dags/example_trigger_target_dag.py
[2023-01-15T12:35:04.498+0000] {processor.py:743} INFO - Processing file /home/airflow/.local/lib/python3.10/site-packages/airflow/example_dags/example_trigger_target_dag.py for tasks to queue
[2023-01-15T12:35:04.500+0000] {logging_mixin.py:137} INFO - [2023-01-15T12:35:04.499+0000] {dagbag.py:538} INFO - Filling up the DagBag from /home/airflow/.local/lib/python3.10/site-packages/airflow/example_dags/example_trigger_target_dag.py
[2023-01-15T12:35:04.590+0000] {processor.py:753} INFO - DAG(s) dict_keys(['example_trigger_target_dag']) retrieved from /home/airflow/.local/lib/python3.10/site-packages/airflow/example_dags/example_trigger_target_dag.py
[2023-01-15T12:35:04.694+0000] {logging_mixin.py:137} INFO - [2023-01-15T12:35:04.694+0000] {dag.py:2676} INFO - Sync 1 DAGs
[2023-01-15T12:35:04.761+0000] {logging_mixin.py:137} INFO - [2023-01-15T12:35:04.761+0000] {dag.py:3423} INFO - Setting next_dagrun for example_trigger_target_dag to None, run_after=None
[2023-01-15T12:35:04.817+0000] {processor.py:175} INFO - Processing /home/airflow/.local/lib/python3.10/site-packages/airflow/example_dags/example_trigger_target_dag.py took 0.335 seconds
[2023-01-15T12:35:35.261+0000] {processor.py:153} INFO - Started process (PID=407) to work on /home/airflow/.local/lib/python3.10/site-packages/airflow/example_dags/example_trigger_target_dag.py
[2023-01-15T12:35:35.263+0000] {processor.py:743} INFO - Processing file /home/airflow/.local/lib/python3.10/site-packages/airflow/example_dags/example_trigger_target_dag.py for tasks to queue
[2023-01-15T12:35:35.264+0000] {logging_mixin.py:137} INFO - [2023-01-15T12:35:35.263+0000] {dagbag.py:538} INFO - Filling up the DagBag from /home/airflow/.local/lib/python3.10/site-packages/airflow/example_dags/example_trigger_target_dag.py
[2023-01-15T12:35:35.308+0000] {processor.py:753} INFO - DAG(s) dict_keys(['example_trigger_target_dag']) retrieved from /home/airflow/.local/lib/python3.10/site-packages/airflow/example_dags/example_trigger_target_dag.py
[2023-01-15T12:35:35.367+0000] {logging_mixin.py:137} INFO - [2023-01-15T12:35:35.367+0000] {dag.py:2676} INFO - Sync 1 DAGs
[2023-01-15T12:35:35.402+0000] {logging_mixin.py:137} INFO - [2023-01-15T12:35:35.401+0000] {dag.py:3423} INFO - Setting next_dagrun for example_trigger_target_dag to None, run_after=None
[2023-01-15T12:35:35.432+0000] {processor.py:175} INFO - Processing /home/airflow/.local/lib/python3.10/site-packages/airflow/example_dags/example_trigger_target_dag.py took 0.179 seconds
[2023-01-15T12:36:01.106+0000] {processor.py:153} INFO - Started process (PID=67) to work on /home/airflow/.local/lib/python3.10/site-packages/airflow/example_dags/example_trigger_target_dag.py
[2023-01-15T12:36:01.108+0000] {processor.py:743} INFO - Processing file /home/airflow/.local/lib/python3.10/site-packages/airflow/example_dags/example_trigger_target_dag.py for tasks to queue
[2023-01-15T12:36:01.109+0000] {logging_mixin.py:137} INFO - [2023-01-15T12:36:01.109+0000] {dagbag.py:538} INFO - Filling up the DagBag from /home/airflow/.local/lib/python3.10/site-packages/airflow/example_dags/example_trigger_target_dag.py
[2023-01-15T12:36:01.189+0000] {processor.py:753} INFO - DAG(s) dict_keys(['example_trigger_target_dag']) retrieved from /home/airflow/.local/lib/python3.10/site-packages/airflow/example_dags/example_trigger_target_dag.py
[2023-01-15T12:36:01.263+0000] {logging_mixin.py:137} INFO - [2023-01-15T12:36:01.263+0000] {dag.py:2676} INFO - Sync 1 DAGs
[2023-01-15T12:36:01.311+0000] {logging_mixin.py:137} INFO - [2023-01-15T12:36:01.311+0000] {dag.py:3423} INFO - Setting next_dagrun for example_trigger_target_dag to None, run_after=None
[2023-01-15T12:36:01.355+0000] {processor.py:175} INFO - Processing /home/airflow/.local/lib/python3.10/site-packages/airflow/example_dags/example_trigger_target_dag.py took 0.255 seconds
[2023-01-15T12:36:31.977+0000] {processor.py:153} INFO - Started process (PID=133) to work on /home/airflow/.local/lib/python3.10/site-packages/airflow/example_dags/example_trigger_target_dag.py
[2023-01-15T12:36:31.979+0000] {processor.py:743} INFO - Processing file /home/airflow/.local/lib/python3.10/site-packages/airflow/example_dags/example_trigger_target_dag.py for tasks to queue
[2023-01-15T12:36:31.980+0000] {logging_mixin.py:137} INFO - [2023-01-15T12:36:31.980+0000] {dagbag.py:538} INFO - Filling up the DagBag from /home/airflow/.local/lib/python3.10/site-packages/airflow/example_dags/example_trigger_target_dag.py
[2023-01-15T12:36:32.026+0000] {processor.py:753} INFO - DAG(s) dict_keys(['example_trigger_target_dag']) retrieved from /home/airflow/.local/lib/python3.10/site-packages/airflow/example_dags/example_trigger_target_dag.py
[2023-01-15T12:36:32.080+0000] {logging_mixin.py:137} INFO - [2023-01-15T12:36:32.080+0000] {dag.py:2676} INFO - Sync 1 DAGs
[2023-01-15T12:36:32.302+0000] {logging_mixin.py:137} INFO - [2023-01-15T12:36:32.302+0000] {dag.py:3423} INFO - Setting next_dagrun for example_trigger_target_dag to None, run_after=None
[2023-01-15T12:36:32.331+0000] {processor.py:175} INFO - Processing /home/airflow/.local/lib/python3.10/site-packages/airflow/example_dags/example_trigger_target_dag.py took 0.360 seconds
[2023-01-15T12:37:05.233+0000] {processor.py:153} INFO - Started process (PID=199) to work on /home/airflow/.local/lib/python3.10/site-packages/airflow/example_dags/example_trigger_target_dag.py
[2023-01-15T12:37:05.235+0000] {processor.py:743} INFO - Processing file /home/airflow/.local/lib/python3.10/site-packages/airflow/example_dags/example_trigger_target_dag.py for tasks to queue
[2023-01-15T12:37:05.236+0000] {logging_mixin.py:137} INFO - [2023-01-15T12:37:05.236+0000] {dagbag.py:538} INFO - Filling up the DagBag from /home/airflow/.local/lib/python3.10/site-packages/airflow/example_dags/example_trigger_target_dag.py
[2023-01-15T12:37:05.278+0000] {processor.py:753} INFO - DAG(s) dict_keys(['example_trigger_target_dag']) retrieved from /home/airflow/.local/lib/python3.10/site-packages/airflow/example_dags/example_trigger_target_dag.py
[2023-01-15T12:37:05.350+0000] {logging_mixin.py:137} INFO - [2023-01-15T12:37:05.349+0000] {dag.py:2676} INFO - Sync 1 DAGs
[2023-01-15T12:37:05.619+0000] {logging_mixin.py:137} INFO - [2023-01-15T12:37:05.619+0000] {dag.py:3423} INFO - Setting next_dagrun for example_trigger_target_dag to None, run_after=None
[2023-01-15T12:37:05.647+0000] {processor.py:175} INFO - Processing /home/airflow/.local/lib/python3.10/site-packages/airflow/example_dags/example_trigger_target_dag.py took 0.419 seconds
[2023-01-15T12:37:36.548+0000] {processor.py:153} INFO - Started process (PID=265) to work on /home/airflow/.local/lib/python3.10/site-packages/airflow/example_dags/example_trigger_target_dag.py
[2023-01-15T12:37:36.552+0000] {processor.py:743} INFO - Processing file /home/airflow/.local/lib/python3.10/site-packages/airflow/example_dags/example_trigger_target_dag.py for tasks to queue
[2023-01-15T12:37:36.552+0000] {logging_mixin.py:137} INFO - [2023-01-15T12:37:36.552+0000] {dagbag.py:538} INFO - Filling up the DagBag from /home/airflow/.local/lib/python3.10/site-packages/airflow/example_dags/example_trigger_target_dag.py
[2023-01-15T12:37:36.577+0000] {processor.py:753} INFO - DAG(s) dict_keys(['example_trigger_target_dag']) retrieved from /home/airflow/.local/lib/python3.10/site-packages/airflow/example_dags/example_trigger_target_dag.py
[2023-01-15T12:37:36.758+0000] {logging_mixin.py:137} INFO - [2023-01-15T12:37:36.758+0000] {dag.py:2676} INFO - Sync 1 DAGs
[2023-01-15T12:37:36.792+0000] {logging_mixin.py:137} INFO - [2023-01-15T12:37:36.791+0000] {dag.py:3423} INFO - Setting next_dagrun for example_trigger_target_dag to None, run_after=None
[2023-01-15T12:37:36.828+0000] {processor.py:175} INFO - Processing /home/airflow/.local/lib/python3.10/site-packages/airflow/example_dags/example_trigger_target_dag.py took 0.282 seconds
[2023-01-15T12:38:06.949+0000] {processor.py:153} INFO - Started process (PID=331) to work on /home/airflow/.local/lib/python3.10/site-packages/airflow/example_dags/example_trigger_target_dag.py
[2023-01-15T12:38:06.950+0000] {processor.py:743} INFO - Processing file /home/airflow/.local/lib/python3.10/site-packages/airflow/example_dags/example_trigger_target_dag.py for tasks to queue
[2023-01-15T12:38:06.952+0000] {logging_mixin.py:137} INFO - [2023-01-15T12:38:06.952+0000] {dagbag.py:538} INFO - Filling up the DagBag from /home/airflow/.local/lib/python3.10/site-packages/airflow/example_dags/example_trigger_target_dag.py
[2023-01-15T12:38:06.991+0000] {processor.py:753} INFO - DAG(s) dict_keys(['example_trigger_target_dag']) retrieved from /home/airflow/.local/lib/python3.10/site-packages/airflow/example_dags/example_trigger_target_dag.py
[2023-01-15T12:38:07.225+0000] {logging_mixin.py:137} INFO - [2023-01-15T12:38:07.225+0000] {dag.py:2676} INFO - Sync 1 DAGs
[2023-01-15T12:38:07.254+0000] {logging_mixin.py:137} INFO - [2023-01-15T12:38:07.253+0000] {dag.py:3423} INFO - Setting next_dagrun for example_trigger_target_dag to None, run_after=None
[2023-01-15T12:38:07.282+0000] {processor.py:175} INFO - Processing /home/airflow/.local/lib/python3.10/site-packages/airflow/example_dags/example_trigger_target_dag.py took 0.339 seconds
[2023-01-15T12:38:37.796+0000] {processor.py:153} INFO - Started process (PID=411) to work on /home/airflow/.local/lib/python3.10/site-packages/airflow/example_dags/example_trigger_target_dag.py
[2023-01-15T12:38:37.797+0000] {processor.py:743} INFO - Processing file /home/airflow/.local/lib/python3.10/site-packages/airflow/example_dags/example_trigger_target_dag.py for tasks to queue
[2023-01-15T12:38:37.797+0000] {logging_mixin.py:137} INFO - [2023-01-15T12:38:37.797+0000] {dagbag.py:538} INFO - Filling up the DagBag from /home/airflow/.local/lib/python3.10/site-packages/airflow/example_dags/example_trigger_target_dag.py
[2023-01-15T12:38:37.973+0000] {processor.py:753} INFO - DAG(s) dict_keys(['example_trigger_target_dag']) retrieved from /home/airflow/.local/lib/python3.10/site-packages/airflow/example_dags/example_trigger_target_dag.py
[2023-01-15T12:38:38.018+0000] {logging_mixin.py:137} INFO - [2023-01-15T12:38:38.017+0000] {dag.py:2676} INFO - Sync 1 DAGs
[2023-01-15T12:38:38.048+0000] {logging_mixin.py:137} INFO - [2023-01-15T12:38:38.047+0000] {dag.py:3423} INFO - Setting next_dagrun for example_trigger_target_dag to None, run_after=None
[2023-01-15T12:38:38.070+0000] {processor.py:175} INFO - Processing /home/airflow/.local/lib/python3.10/site-packages/airflow/example_dags/example_trigger_target_dag.py took 0.278 seconds
[2023-01-15T12:39:09.126+0000] {processor.py:153} INFO - Started process (PID=477) to work on /home/airflow/.local/lib/python3.10/site-packages/airflow/example_dags/example_trigger_target_dag.py
[2023-01-15T12:39:09.127+0000] {processor.py:743} INFO - Processing file /home/airflow/.local/lib/python3.10/site-packages/airflow/example_dags/example_trigger_target_dag.py for tasks to queue
[2023-01-15T12:39:09.127+0000] {logging_mixin.py:137} INFO - [2023-01-15T12:39:09.127+0000] {dagbag.py:538} INFO - Filling up the DagBag from /home/airflow/.local/lib/python3.10/site-packages/airflow/example_dags/example_trigger_target_dag.py
[2023-01-15T12:39:09.283+0000] {processor.py:753} INFO - DAG(s) dict_keys(['example_trigger_target_dag']) retrieved from /home/airflow/.local/lib/python3.10/site-packages/airflow/example_dags/example_trigger_target_dag.py
[2023-01-15T12:39:09.312+0000] {logging_mixin.py:137} INFO - [2023-01-15T12:39:09.311+0000] {dag.py:2676} INFO - Sync 1 DAGs
[2023-01-15T12:39:09.332+0000] {logging_mixin.py:137} INFO - [2023-01-15T12:39:09.332+0000] {dag.py:3423} INFO - Setting next_dagrun for example_trigger_target_dag to None, run_after=None
[2023-01-15T12:39:09.350+0000] {processor.py:175} INFO - Processing /home/airflow/.local/lib/python3.10/site-packages/airflow/example_dags/example_trigger_target_dag.py took 0.227 seconds
