[2023-01-15T12:32:58.460+0000] {processor.py:153} INFO - Started process (PID=55) to work on /home/airflow/.local/lib/python3.10/site-packages/airflow/example_dags/example_time_delta_sensor_async.py
[2023-01-15T12:32:58.461+0000] {processor.py:743} INFO - Processing file /home/airflow/.local/lib/python3.10/site-packages/airflow/example_dags/example_time_delta_sensor_async.py for tasks to queue
[2023-01-15T12:32:58.462+0000] {logging_mixin.py:137} INFO - [2023-01-15T12:32:58.462+0000] {dagbag.py:538} INFO - Filling up the DagBag from /home/airflow/.local/lib/python3.10/site-packages/airflow/example_dags/example_time_delta_sensor_async.py
[2023-01-15T12:32:58.483+0000] {processor.py:753} INFO - DAG(s) dict_keys(['example_time_delta_sensor_async']) retrieved from /home/airflow/.local/lib/python3.10/site-packages/airflow/example_dags/example_time_delta_sensor_async.py
[2023-01-15T12:32:58.697+0000] {logging_mixin.py:137} INFO - [2023-01-15T12:32:58.697+0000] {dag.py:2676} INFO - Sync 1 DAGs
[2023-01-15T12:32:58.722+0000] {logging_mixin.py:137} INFO - [2023-01-15T12:32:58.722+0000] {dag.py:3423} INFO - Setting next_dagrun for example_time_delta_sensor_async to None, run_after=None
[2023-01-15T12:32:58.743+0000] {processor.py:175} INFO - Processing /home/airflow/.local/lib/python3.10/site-packages/airflow/example_dags/example_time_delta_sensor_async.py took 0.287 seconds
[2023-01-15T12:33:29.060+0000] {processor.py:153} INFO - Started process (PID=121) to work on /home/airflow/.local/lib/python3.10/site-packages/airflow/example_dags/example_time_delta_sensor_async.py
[2023-01-15T12:33:29.061+0000] {processor.py:743} INFO - Processing file /home/airflow/.local/lib/python3.10/site-packages/airflow/example_dags/example_time_delta_sensor_async.py for tasks to queue
[2023-01-15T12:33:29.062+0000] {logging_mixin.py:137} INFO - [2023-01-15T12:33:29.062+0000] {dagbag.py:538} INFO - Filling up the DagBag from /home/airflow/.local/lib/python3.10/site-packages/airflow/example_dags/example_time_delta_sensor_async.py
[2023-01-15T12:33:29.217+0000] {processor.py:753} INFO - DAG(s) dict_keys(['example_time_delta_sensor_async']) retrieved from /home/airflow/.local/lib/python3.10/site-packages/airflow/example_dags/example_time_delta_sensor_async.py
[2023-01-15T12:33:29.250+0000] {logging_mixin.py:137} INFO - [2023-01-15T12:33:29.250+0000] {dag.py:2676} INFO - Sync 1 DAGs
[2023-01-15T12:33:29.274+0000] {logging_mixin.py:137} INFO - [2023-01-15T12:33:29.274+0000] {dag.py:3423} INFO - Setting next_dagrun for example_time_delta_sensor_async to None, run_after=None
[2023-01-15T12:33:29.296+0000] {processor.py:175} INFO - Processing /home/airflow/.local/lib/python3.10/site-packages/airflow/example_dags/example_time_delta_sensor_async.py took 0.238 seconds
[2023-01-15T12:33:59.970+0000] {processor.py:153} INFO - Started process (PID=187) to work on /home/airflow/.local/lib/python3.10/site-packages/airflow/example_dags/example_time_delta_sensor_async.py
[2023-01-15T12:33:59.972+0000] {processor.py:743} INFO - Processing file /home/airflow/.local/lib/python3.10/site-packages/airflow/example_dags/example_time_delta_sensor_async.py for tasks to queue
[2023-01-15T12:33:59.973+0000] {logging_mixin.py:137} INFO - [2023-01-15T12:33:59.973+0000] {dagbag.py:538} INFO - Filling up the DagBag from /home/airflow/.local/lib/python3.10/site-packages/airflow/example_dags/example_time_delta_sensor_async.py
[2023-01-15T12:34:00.003+0000] {processor.py:753} INFO - DAG(s) dict_keys(['example_time_delta_sensor_async']) retrieved from /home/airflow/.local/lib/python3.10/site-packages/airflow/example_dags/example_time_delta_sensor_async.py
[2023-01-15T12:34:00.116+0000] {logging_mixin.py:137} INFO - [2023-01-15T12:34:00.116+0000] {dag.py:2676} INFO - Sync 1 DAGs
[2023-01-15T12:34:00.155+0000] {logging_mixin.py:137} INFO - [2023-01-15T12:34:00.155+0000] {dag.py:3423} INFO - Setting next_dagrun for example_time_delta_sensor_async to None, run_after=None
[2023-01-15T12:34:00.190+0000] {processor.py:175} INFO - Processing /home/airflow/.local/lib/python3.10/site-packages/airflow/example_dags/example_time_delta_sensor_async.py took 0.227 seconds
[2023-01-15T12:34:30.656+0000] {processor.py:153} INFO - Started process (PID=252) to work on /home/airflow/.local/lib/python3.10/site-packages/airflow/example_dags/example_time_delta_sensor_async.py
[2023-01-15T12:34:30.658+0000] {processor.py:743} INFO - Processing file /home/airflow/.local/lib/python3.10/site-packages/airflow/example_dags/example_time_delta_sensor_async.py for tasks to queue
[2023-01-15T12:34:30.659+0000] {logging_mixin.py:137} INFO - [2023-01-15T12:34:30.659+0000] {dagbag.py:538} INFO - Filling up the DagBag from /home/airflow/.local/lib/python3.10/site-packages/airflow/example_dags/example_time_delta_sensor_async.py
[2023-01-15T12:34:30.693+0000] {processor.py:753} INFO - DAG(s) dict_keys(['example_time_delta_sensor_async']) retrieved from /home/airflow/.local/lib/python3.10/site-packages/airflow/example_dags/example_time_delta_sensor_async.py
[2023-01-15T12:34:30.779+0000] {logging_mixin.py:137} INFO - [2023-01-15T12:34:30.779+0000] {dag.py:2676} INFO - Sync 1 DAGs
[2023-01-15T12:34:30.819+0000] {logging_mixin.py:137} INFO - [2023-01-15T12:34:30.818+0000] {dag.py:3423} INFO - Setting next_dagrun for example_time_delta_sensor_async to None, run_after=None
[2023-01-15T12:34:30.852+0000] {processor.py:175} INFO - Processing /home/airflow/.local/lib/python3.10/site-packages/airflow/example_dags/example_time_delta_sensor_async.py took 0.203 seconds
[2023-01-15T12:35:02.294+0000] {processor.py:153} INFO - Started process (PID=323) to work on /home/airflow/.local/lib/python3.10/site-packages/airflow/example_dags/example_time_delta_sensor_async.py
[2023-01-15T12:35:02.296+0000] {processor.py:743} INFO - Processing file /home/airflow/.local/lib/python3.10/site-packages/airflow/example_dags/example_time_delta_sensor_async.py for tasks to queue
[2023-01-15T12:35:02.298+0000] {logging_mixin.py:137} INFO - [2023-01-15T12:35:02.297+0000] {dagbag.py:538} INFO - Filling up the DagBag from /home/airflow/.local/lib/python3.10/site-packages/airflow/example_dags/example_time_delta_sensor_async.py
[2023-01-15T12:35:02.338+0000] {processor.py:753} INFO - DAG(s) dict_keys(['example_time_delta_sensor_async']) retrieved from /home/airflow/.local/lib/python3.10/site-packages/airflow/example_dags/example_time_delta_sensor_async.py
[2023-01-15T12:35:02.435+0000] {logging_mixin.py:137} INFO - [2023-01-15T12:35:02.434+0000] {dag.py:2676} INFO - Sync 1 DAGs
[2023-01-15T12:35:02.487+0000] {logging_mixin.py:137} INFO - [2023-01-15T12:35:02.486+0000] {dag.py:3423} INFO - Setting next_dagrun for example_time_delta_sensor_async to None, run_after=None
[2023-01-15T12:35:02.526+0000] {processor.py:175} INFO - Processing /home/airflow/.local/lib/python3.10/site-packages/airflow/example_dags/example_time_delta_sensor_async.py took 0.239 seconds
[2023-01-15T12:35:32.806+0000] {processor.py:153} INFO - Started process (PID=388) to work on /home/airflow/.local/lib/python3.10/site-packages/airflow/example_dags/example_time_delta_sensor_async.py
[2023-01-15T12:35:32.807+0000] {processor.py:743} INFO - Processing file /home/airflow/.local/lib/python3.10/site-packages/airflow/example_dags/example_time_delta_sensor_async.py for tasks to queue
[2023-01-15T12:35:32.808+0000] {logging_mixin.py:137} INFO - [2023-01-15T12:35:32.808+0000] {dagbag.py:538} INFO - Filling up the DagBag from /home/airflow/.local/lib/python3.10/site-packages/airflow/example_dags/example_time_delta_sensor_async.py
[2023-01-15T12:35:32.834+0000] {processor.py:753} INFO - DAG(s) dict_keys(['example_time_delta_sensor_async']) retrieved from /home/airflow/.local/lib/python3.10/site-packages/airflow/example_dags/example_time_delta_sensor_async.py
[2023-01-15T12:35:32.894+0000] {logging_mixin.py:137} INFO - [2023-01-15T12:35:32.894+0000] {dag.py:2676} INFO - Sync 1 DAGs
[2023-01-15T12:35:32.927+0000] {logging_mixin.py:137} INFO - [2023-01-15T12:35:32.927+0000] {dag.py:3423} INFO - Setting next_dagrun for example_time_delta_sensor_async to None, run_after=None
[2023-01-15T12:35:32.964+0000] {processor.py:175} INFO - Processing /home/airflow/.local/lib/python3.10/site-packages/airflow/example_dags/example_time_delta_sensor_async.py took 0.161 seconds
[2023-01-15T12:35:59.021+0000] {processor.py:153} INFO - Started process (PID=55) to work on /home/airflow/.local/lib/python3.10/site-packages/airflow/example_dags/example_time_delta_sensor_async.py
[2023-01-15T12:35:59.026+0000] {processor.py:743} INFO - Processing file /home/airflow/.local/lib/python3.10/site-packages/airflow/example_dags/example_time_delta_sensor_async.py for tasks to queue
[2023-01-15T12:35:59.030+0000] {logging_mixin.py:137} INFO - [2023-01-15T12:35:59.030+0000] {dagbag.py:538} INFO - Filling up the DagBag from /home/airflow/.local/lib/python3.10/site-packages/airflow/example_dags/example_time_delta_sensor_async.py
[2023-01-15T12:35:59.067+0000] {processor.py:753} INFO - DAG(s) dict_keys(['example_time_delta_sensor_async']) retrieved from /home/airflow/.local/lib/python3.10/site-packages/airflow/example_dags/example_time_delta_sensor_async.py
[2023-01-15T12:35:59.162+0000] {logging_mixin.py:137} INFO - [2023-01-15T12:35:59.162+0000] {dag.py:2676} INFO - Sync 1 DAGs
[2023-01-15T12:35:59.228+0000] {logging_mixin.py:137} INFO - [2023-01-15T12:35:59.227+0000] {dag.py:3423} INFO - Setting next_dagrun for example_time_delta_sensor_async to None, run_after=None
[2023-01-15T12:35:59.288+0000] {processor.py:175} INFO - Processing /home/airflow/.local/lib/python3.10/site-packages/airflow/example_dags/example_time_delta_sensor_async.py took 0.314 seconds
[2023-01-15T12:36:30.127+0000] {processor.py:153} INFO - Started process (PID=121) to work on /home/airflow/.local/lib/python3.10/site-packages/airflow/example_dags/example_time_delta_sensor_async.py
[2023-01-15T12:36:30.128+0000] {processor.py:743} INFO - Processing file /home/airflow/.local/lib/python3.10/site-packages/airflow/example_dags/example_time_delta_sensor_async.py for tasks to queue
[2023-01-15T12:36:30.129+0000] {logging_mixin.py:137} INFO - [2023-01-15T12:36:30.129+0000] {dagbag.py:538} INFO - Filling up the DagBag from /home/airflow/.local/lib/python3.10/site-packages/airflow/example_dags/example_time_delta_sensor_async.py
[2023-01-15T12:36:30.155+0000] {processor.py:753} INFO - DAG(s) dict_keys(['example_time_delta_sensor_async']) retrieved from /home/airflow/.local/lib/python3.10/site-packages/airflow/example_dags/example_time_delta_sensor_async.py
[2023-01-15T12:36:30.219+0000] {logging_mixin.py:137} INFO - [2023-01-15T12:36:30.218+0000] {dag.py:2676} INFO - Sync 1 DAGs
[2023-01-15T12:36:30.247+0000] {logging_mixin.py:137} INFO - [2023-01-15T12:36:30.247+0000] {dag.py:3423} INFO - Setting next_dagrun for example_time_delta_sensor_async to None, run_after=None
[2023-01-15T12:36:30.410+0000] {processor.py:175} INFO - Processing /home/airflow/.local/lib/python3.10/site-packages/airflow/example_dags/example_time_delta_sensor_async.py took 0.288 seconds
[2023-01-15T12:37:02.816+0000] {processor.py:153} INFO - Started process (PID=187) to work on /home/airflow/.local/lib/python3.10/site-packages/airflow/example_dags/example_time_delta_sensor_async.py
[2023-01-15T12:37:02.818+0000] {processor.py:743} INFO - Processing file /home/airflow/.local/lib/python3.10/site-packages/airflow/example_dags/example_time_delta_sensor_async.py for tasks to queue
[2023-01-15T12:37:02.819+0000] {logging_mixin.py:137} INFO - [2023-01-15T12:37:02.819+0000] {dagbag.py:538} INFO - Filling up the DagBag from /home/airflow/.local/lib/python3.10/site-packages/airflow/example_dags/example_time_delta_sensor_async.py
[2023-01-15T12:37:02.850+0000] {processor.py:753} INFO - DAG(s) dict_keys(['example_time_delta_sensor_async']) retrieved from /home/airflow/.local/lib/python3.10/site-packages/airflow/example_dags/example_time_delta_sensor_async.py
[2023-01-15T12:37:02.921+0000] {logging_mixin.py:137} INFO - [2023-01-15T12:37:02.921+0000] {dag.py:2676} INFO - Sync 1 DAGs
[2023-01-15T12:37:03.168+0000] {logging_mixin.py:137} INFO - [2023-01-15T12:37:03.168+0000] {dag.py:3423} INFO - Setting next_dagrun for example_time_delta_sensor_async to None, run_after=None
[2023-01-15T12:37:03.195+0000] {processor.py:175} INFO - Processing /home/airflow/.local/lib/python3.10/site-packages/airflow/example_dags/example_time_delta_sensor_async.py took 0.387 seconds
[2023-01-15T12:37:33.690+0000] {processor.py:153} INFO - Started process (PID=253) to work on /home/airflow/.local/lib/python3.10/site-packages/airflow/example_dags/example_time_delta_sensor_async.py
[2023-01-15T12:37:33.691+0000] {processor.py:743} INFO - Processing file /home/airflow/.local/lib/python3.10/site-packages/airflow/example_dags/example_time_delta_sensor_async.py for tasks to queue
[2023-01-15T12:37:33.692+0000] {logging_mixin.py:137} INFO - [2023-01-15T12:37:33.692+0000] {dagbag.py:538} INFO - Filling up the DagBag from /home/airflow/.local/lib/python3.10/site-packages/airflow/example_dags/example_time_delta_sensor_async.py
[2023-01-15T12:37:33.703+0000] {processor.py:753} INFO - DAG(s) dict_keys(['example_time_delta_sensor_async']) retrieved from /home/airflow/.local/lib/python3.10/site-packages/airflow/example_dags/example_time_delta_sensor_async.py
[2023-01-15T12:37:33.736+0000] {logging_mixin.py:137} INFO - [2023-01-15T12:37:33.736+0000] {dag.py:2676} INFO - Sync 1 DAGs
[2023-01-15T12:37:33.906+0000] {logging_mixin.py:137} INFO - [2023-01-15T12:37:33.906+0000] {dag.py:3423} INFO - Setting next_dagrun for example_time_delta_sensor_async to None, run_after=None
[2023-01-15T12:37:33.931+0000] {processor.py:175} INFO - Processing /home/airflow/.local/lib/python3.10/site-packages/airflow/example_dags/example_time_delta_sensor_async.py took 0.244 seconds
[2023-01-15T12:38:04.451+0000] {processor.py:153} INFO - Started process (PID=319) to work on /home/airflow/.local/lib/python3.10/site-packages/airflow/example_dags/example_time_delta_sensor_async.py
[2023-01-15T12:38:04.452+0000] {processor.py:743} INFO - Processing file /home/airflow/.local/lib/python3.10/site-packages/airflow/example_dags/example_time_delta_sensor_async.py for tasks to queue
[2023-01-15T12:38:04.453+0000] {logging_mixin.py:137} INFO - [2023-01-15T12:38:04.453+0000] {dagbag.py:538} INFO - Filling up the DagBag from /home/airflow/.local/lib/python3.10/site-packages/airflow/example_dags/example_time_delta_sensor_async.py
[2023-01-15T12:38:04.465+0000] {processor.py:753} INFO - DAG(s) dict_keys(['example_time_delta_sensor_async']) retrieved from /home/airflow/.local/lib/python3.10/site-packages/airflow/example_dags/example_time_delta_sensor_async.py
[2023-01-15T12:38:04.644+0000] {logging_mixin.py:137} INFO - [2023-01-15T12:38:04.644+0000] {dag.py:2676} INFO - Sync 1 DAGs
[2023-01-15T12:38:04.668+0000] {logging_mixin.py:137} INFO - [2023-01-15T12:38:04.668+0000] {dag.py:3423} INFO - Setting next_dagrun for example_time_delta_sensor_async to None, run_after=None
[2023-01-15T12:38:04.684+0000] {processor.py:175} INFO - Processing /home/airflow/.local/lib/python3.10/site-packages/airflow/example_dags/example_time_delta_sensor_async.py took 0.236 seconds
[2023-01-15T12:38:35.419+0000] {processor.py:153} INFO - Started process (PID=392) to work on /home/airflow/.local/lib/python3.10/site-packages/airflow/example_dags/example_time_delta_sensor_async.py
[2023-01-15T12:38:35.421+0000] {processor.py:743} INFO - Processing file /home/airflow/.local/lib/python3.10/site-packages/airflow/example_dags/example_time_delta_sensor_async.py for tasks to queue
[2023-01-15T12:38:35.422+0000] {logging_mixin.py:137} INFO - [2023-01-15T12:38:35.422+0000] {dagbag.py:538} INFO - Filling up the DagBag from /home/airflow/.local/lib/python3.10/site-packages/airflow/example_dags/example_time_delta_sensor_async.py
[2023-01-15T12:38:35.448+0000] {processor.py:753} INFO - DAG(s) dict_keys(['example_time_delta_sensor_async']) retrieved from /home/airflow/.local/lib/python3.10/site-packages/airflow/example_dags/example_time_delta_sensor_async.py
[2023-01-15T12:38:35.743+0000] {logging_mixin.py:137} INFO - [2023-01-15T12:38:35.742+0000] {dag.py:2676} INFO - Sync 1 DAGs
[2023-01-15T12:38:35.807+0000] {logging_mixin.py:137} INFO - [2023-01-15T12:38:35.807+0000] {dag.py:3423} INFO - Setting next_dagrun for example_time_delta_sensor_async to None, run_after=None
[2023-01-15T12:38:35.836+0000] {processor.py:175} INFO - Processing /home/airflow/.local/lib/python3.10/site-packages/airflow/example_dags/example_time_delta_sensor_async.py took 0.422 seconds
[2023-01-15T12:39:06.640+0000] {processor.py:153} INFO - Started process (PID=465) to work on /home/airflow/.local/lib/python3.10/site-packages/airflow/example_dags/example_time_delta_sensor_async.py
[2023-01-15T12:39:06.641+0000] {processor.py:743} INFO - Processing file /home/airflow/.local/lib/python3.10/site-packages/airflow/example_dags/example_time_delta_sensor_async.py for tasks to queue
[2023-01-15T12:39:06.641+0000] {logging_mixin.py:137} INFO - [2023-01-15T12:39:06.641+0000] {dagbag.py:538} INFO - Filling up the DagBag from /home/airflow/.local/lib/python3.10/site-packages/airflow/example_dags/example_time_delta_sensor_async.py
[2023-01-15T12:39:06.654+0000] {processor.py:753} INFO - DAG(s) dict_keys(['example_time_delta_sensor_async']) retrieved from /home/airflow/.local/lib/python3.10/site-packages/airflow/example_dags/example_time_delta_sensor_async.py
[2023-01-15T12:39:06.859+0000] {logging_mixin.py:137} INFO - [2023-01-15T12:39:06.859+0000] {dag.py:2676} INFO - Sync 1 DAGs
[2023-01-15T12:39:06.881+0000] {logging_mixin.py:137} INFO - [2023-01-15T12:39:06.881+0000] {dag.py:3423} INFO - Setting next_dagrun for example_time_delta_sensor_async to None, run_after=None
[2023-01-15T12:39:06.911+0000] {processor.py:175} INFO - Processing /home/airflow/.local/lib/python3.10/site-packages/airflow/example_dags/example_time_delta_sensor_async.py took 0.274 seconds
