[2023-01-15T12:32:57.016+0000] {processor.py:153} INFO - Started process (PID=49) to work on /home/airflow/.local/lib/python3.10/site-packages/airflow/example_dags/tutorial_dag.py
[2023-01-15T12:32:57.017+0000] {processor.py:743} INFO - Processing file /home/airflow/.local/lib/python3.10/site-packages/airflow/example_dags/tutorial_dag.py for tasks to queue
[2023-01-15T12:32:57.018+0000] {logging_mixin.py:137} INFO - [2023-01-15T12:32:57.018+0000] {dagbag.py:538} INFO - Filling up the DagBag from /home/airflow/.local/lib/python3.10/site-packages/airflow/example_dags/tutorial_dag.py
[2023-01-15T12:32:57.040+0000] {processor.py:753} INFO - DAG(s) dict_keys(['tutorial_dag']) retrieved from /home/airflow/.local/lib/python3.10/site-packages/airflow/example_dags/tutorial_dag.py
[2023-01-15T12:32:57.339+0000] {logging_mixin.py:137} INFO - [2023-01-15T12:32:57.338+0000] {dag.py:2676} INFO - Sync 1 DAGs
[2023-01-15T12:32:57.377+0000] {logging_mixin.py:137} INFO - [2023-01-15T12:32:57.377+0000] {dag.py:3423} INFO - Setting next_dagrun for tutorial_dag to None, run_after=None
[2023-01-15T12:32:57.401+0000] {processor.py:175} INFO - Processing /home/airflow/.local/lib/python3.10/site-packages/airflow/example_dags/tutorial_dag.py took 0.389 seconds
[2023-01-15T12:33:27.731+0000] {processor.py:153} INFO - Started process (PID=114) to work on /home/airflow/.local/lib/python3.10/site-packages/airflow/example_dags/tutorial_dag.py
[2023-01-15T12:33:27.731+0000] {processor.py:743} INFO - Processing file /home/airflow/.local/lib/python3.10/site-packages/airflow/example_dags/tutorial_dag.py for tasks to queue
[2023-01-15T12:33:27.732+0000] {logging_mixin.py:137} INFO - [2023-01-15T12:33:27.732+0000] {dagbag.py:538} INFO - Filling up the DagBag from /home/airflow/.local/lib/python3.10/site-packages/airflow/example_dags/tutorial_dag.py
[2023-01-15T12:33:27.873+0000] {processor.py:753} INFO - DAG(s) dict_keys(['tutorial_dag']) retrieved from /home/airflow/.local/lib/python3.10/site-packages/airflow/example_dags/tutorial_dag.py
[2023-01-15T12:33:27.903+0000] {logging_mixin.py:137} INFO - [2023-01-15T12:33:27.902+0000] {dag.py:2676} INFO - Sync 1 DAGs
[2023-01-15T12:33:27.924+0000] {logging_mixin.py:137} INFO - [2023-01-15T12:33:27.924+0000] {dag.py:3423} INFO - Setting next_dagrun for tutorial_dag to None, run_after=None
[2023-01-15T12:33:27.941+0000] {processor.py:175} INFO - Processing /home/airflow/.local/lib/python3.10/site-packages/airflow/example_dags/tutorial_dag.py took 0.212 seconds
[2023-01-15T12:33:58.926+0000] {processor.py:153} INFO - Started process (PID=181) to work on /home/airflow/.local/lib/python3.10/site-packages/airflow/example_dags/tutorial_dag.py
[2023-01-15T12:33:58.928+0000] {processor.py:743} INFO - Processing file /home/airflow/.local/lib/python3.10/site-packages/airflow/example_dags/tutorial_dag.py for tasks to queue
[2023-01-15T12:33:58.930+0000] {logging_mixin.py:137} INFO - [2023-01-15T12:33:58.930+0000] {dagbag.py:538} INFO - Filling up the DagBag from /home/airflow/.local/lib/python3.10/site-packages/airflow/example_dags/tutorial_dag.py
[2023-01-15T12:33:58.968+0000] {processor.py:753} INFO - DAG(s) dict_keys(['tutorial_dag']) retrieved from /home/airflow/.local/lib/python3.10/site-packages/airflow/example_dags/tutorial_dag.py
[2023-01-15T12:33:59.084+0000] {logging_mixin.py:137} INFO - [2023-01-15T12:33:59.083+0000] {dag.py:2676} INFO - Sync 1 DAGs
[2023-01-15T12:33:59.153+0000] {logging_mixin.py:137} INFO - [2023-01-15T12:33:59.153+0000] {dag.py:3423} INFO - Setting next_dagrun for tutorial_dag to None, run_after=None
[2023-01-15T12:33:59.198+0000] {processor.py:175} INFO - Processing /home/airflow/.local/lib/python3.10/site-packages/airflow/example_dags/tutorial_dag.py took 0.280 seconds
[2023-01-15T12:34:29.969+0000] {processor.py:153} INFO - Started process (PID=246) to work on /home/airflow/.local/lib/python3.10/site-packages/airflow/example_dags/tutorial_dag.py
[2023-01-15T12:34:29.971+0000] {processor.py:743} INFO - Processing file /home/airflow/.local/lib/python3.10/site-packages/airflow/example_dags/tutorial_dag.py for tasks to queue
[2023-01-15T12:34:29.972+0000] {logging_mixin.py:137} INFO - [2023-01-15T12:34:29.972+0000] {dagbag.py:538} INFO - Filling up the DagBag from /home/airflow/.local/lib/python3.10/site-packages/airflow/example_dags/tutorial_dag.py
[2023-01-15T12:34:29.999+0000] {processor.py:753} INFO - DAG(s) dict_keys(['tutorial_dag']) retrieved from /home/airflow/.local/lib/python3.10/site-packages/airflow/example_dags/tutorial_dag.py
[2023-01-15T12:34:30.072+0000] {logging_mixin.py:137} INFO - [2023-01-15T12:34:30.071+0000] {dag.py:2676} INFO - Sync 1 DAGs
[2023-01-15T12:34:30.110+0000] {logging_mixin.py:137} INFO - [2023-01-15T12:34:30.109+0000] {dag.py:3423} INFO - Setting next_dagrun for tutorial_dag to None, run_after=None
[2023-01-15T12:34:30.138+0000] {processor.py:175} INFO - Processing /home/airflow/.local/lib/python3.10/site-packages/airflow/example_dags/tutorial_dag.py took 0.176 seconds
[2023-01-15T12:35:00.972+0000] {processor.py:153} INFO - Started process (PID=310) to work on /home/airflow/.local/lib/python3.10/site-packages/airflow/example_dags/tutorial_dag.py
[2023-01-15T12:35:00.974+0000] {processor.py:743} INFO - Processing file /home/airflow/.local/lib/python3.10/site-packages/airflow/example_dags/tutorial_dag.py for tasks to queue
[2023-01-15T12:35:00.976+0000] {logging_mixin.py:137} INFO - [2023-01-15T12:35:00.976+0000] {dagbag.py:538} INFO - Filling up the DagBag from /home/airflow/.local/lib/python3.10/site-packages/airflow/example_dags/tutorial_dag.py
[2023-01-15T12:35:01.005+0000] {processor.py:753} INFO - DAG(s) dict_keys(['tutorial_dag']) retrieved from /home/airflow/.local/lib/python3.10/site-packages/airflow/example_dags/tutorial_dag.py
[2023-01-15T12:35:01.090+0000] {logging_mixin.py:137} INFO - [2023-01-15T12:35:01.090+0000] {dag.py:2676} INFO - Sync 1 DAGs
[2023-01-15T12:35:01.140+0000] {logging_mixin.py:137} INFO - [2023-01-15T12:35:01.139+0000] {dag.py:3423} INFO - Setting next_dagrun for tutorial_dag to None, run_after=None
[2023-01-15T12:35:01.181+0000] {processor.py:175} INFO - Processing /home/airflow/.local/lib/python3.10/site-packages/airflow/example_dags/tutorial_dag.py took 0.219 seconds
[2023-01-15T12:35:32.088+0000] {processor.py:153} INFO - Started process (PID=382) to work on /home/airflow/.local/lib/python3.10/site-packages/airflow/example_dags/tutorial_dag.py
[2023-01-15T12:35:32.089+0000] {processor.py:743} INFO - Processing file /home/airflow/.local/lib/python3.10/site-packages/airflow/example_dags/tutorial_dag.py for tasks to queue
[2023-01-15T12:35:32.089+0000] {logging_mixin.py:137} INFO - [2023-01-15T12:35:32.089+0000] {dagbag.py:538} INFO - Filling up the DagBag from /home/airflow/.local/lib/python3.10/site-packages/airflow/example_dags/tutorial_dag.py
[2023-01-15T12:35:32.108+0000] {processor.py:753} INFO - DAG(s) dict_keys(['tutorial_dag']) retrieved from /home/airflow/.local/lib/python3.10/site-packages/airflow/example_dags/tutorial_dag.py
[2023-01-15T12:35:32.169+0000] {logging_mixin.py:137} INFO - [2023-01-15T12:35:32.169+0000] {dag.py:2676} INFO - Sync 1 DAGs
[2023-01-15T12:35:32.197+0000] {logging_mixin.py:137} INFO - [2023-01-15T12:35:32.197+0000] {dag.py:3423} INFO - Setting next_dagrun for tutorial_dag to None, run_after=None
[2023-01-15T12:35:32.234+0000] {processor.py:175} INFO - Processing /home/airflow/.local/lib/python3.10/site-packages/airflow/example_dags/tutorial_dag.py took 0.150 seconds
[2023-01-15T12:35:58.018+0000] {processor.py:153} INFO - Started process (PID=43) to work on /home/airflow/.local/lib/python3.10/site-packages/airflow/example_dags/tutorial_dag.py
[2023-01-15T12:35:58.019+0000] {processor.py:743} INFO - Processing file /home/airflow/.local/lib/python3.10/site-packages/airflow/example_dags/tutorial_dag.py for tasks to queue
[2023-01-15T12:35:58.020+0000] {logging_mixin.py:137} INFO - [2023-01-15T12:35:58.020+0000] {dagbag.py:538} INFO - Filling up the DagBag from /home/airflow/.local/lib/python3.10/site-packages/airflow/example_dags/tutorial_dag.py
[2023-01-15T12:35:58.047+0000] {processor.py:753} INFO - DAG(s) dict_keys(['tutorial_dag']) retrieved from /home/airflow/.local/lib/python3.10/site-packages/airflow/example_dags/tutorial_dag.py
[2023-01-15T12:35:58.152+0000] {logging_mixin.py:137} INFO - [2023-01-15T12:35:58.152+0000] {dag.py:2676} INFO - Sync 1 DAGs
[2023-01-15T12:35:58.286+0000] {logging_mixin.py:137} INFO - [2023-01-15T12:35:58.286+0000] {dag.py:3423} INFO - Setting next_dagrun for tutorial_dag to None, run_after=None
[2023-01-15T12:35:58.320+0000] {processor.py:175} INFO - Processing /home/airflow/.local/lib/python3.10/site-packages/airflow/example_dags/tutorial_dag.py took 0.307 seconds
[2023-01-15T12:36:28.834+0000] {processor.py:153} INFO - Started process (PID=115) to work on /home/airflow/.local/lib/python3.10/site-packages/airflow/example_dags/tutorial_dag.py
[2023-01-15T12:36:28.835+0000] {processor.py:743} INFO - Processing file /home/airflow/.local/lib/python3.10/site-packages/airflow/example_dags/tutorial_dag.py for tasks to queue
[2023-01-15T12:36:28.836+0000] {logging_mixin.py:137} INFO - [2023-01-15T12:36:28.836+0000] {dagbag.py:538} INFO - Filling up the DagBag from /home/airflow/.local/lib/python3.10/site-packages/airflow/example_dags/tutorial_dag.py
[2023-01-15T12:36:28.853+0000] {processor.py:753} INFO - DAG(s) dict_keys(['tutorial_dag']) retrieved from /home/airflow/.local/lib/python3.10/site-packages/airflow/example_dags/tutorial_dag.py
[2023-01-15T12:36:28.909+0000] {logging_mixin.py:137} INFO - [2023-01-15T12:36:28.909+0000] {dag.py:2676} INFO - Sync 1 DAGs
[2023-01-15T12:36:28.965+0000] {logging_mixin.py:137} INFO - [2023-01-15T12:36:28.965+0000] {dag.py:3423} INFO - Setting next_dagrun for tutorial_dag to None, run_after=None
[2023-01-15T12:36:29.267+0000] {processor.py:175} INFO - Processing /home/airflow/.local/lib/python3.10/site-packages/airflow/example_dags/tutorial_dag.py took 0.436 seconds
[2023-01-15T12:37:00.805+0000] {processor.py:153} INFO - Started process (PID=181) to work on /home/airflow/.local/lib/python3.10/site-packages/airflow/example_dags/tutorial_dag.py
[2023-01-15T12:37:00.807+0000] {processor.py:743} INFO - Processing file /home/airflow/.local/lib/python3.10/site-packages/airflow/example_dags/tutorial_dag.py for tasks to queue
[2023-01-15T12:37:00.809+0000] {logging_mixin.py:137} INFO - [2023-01-15T12:37:00.809+0000] {dagbag.py:538} INFO - Filling up the DagBag from /home/airflow/.local/lib/python3.10/site-packages/airflow/example_dags/tutorial_dag.py
[2023-01-15T12:37:00.845+0000] {processor.py:753} INFO - DAG(s) dict_keys(['tutorial_dag']) retrieved from /home/airflow/.local/lib/python3.10/site-packages/airflow/example_dags/tutorial_dag.py
[2023-01-15T12:37:00.969+0000] {logging_mixin.py:137} INFO - [2023-01-15T12:37:00.968+0000] {dag.py:2676} INFO - Sync 1 DAGs
[2023-01-15T12:37:01.397+0000] {logging_mixin.py:137} INFO - [2023-01-15T12:37:01.396+0000] {dag.py:3423} INFO - Setting next_dagrun for tutorial_dag to None, run_after=None
[2023-01-15T12:37:01.444+0000] {processor.py:175} INFO - Processing /home/airflow/.local/lib/python3.10/site-packages/airflow/example_dags/tutorial_dag.py took 0.649 seconds
[2023-01-15T12:37:31.775+0000] {processor.py:153} INFO - Started process (PID=247) to work on /home/airflow/.local/lib/python3.10/site-packages/airflow/example_dags/tutorial_dag.py
[2023-01-15T12:37:31.776+0000] {processor.py:743} INFO - Processing file /home/airflow/.local/lib/python3.10/site-packages/airflow/example_dags/tutorial_dag.py for tasks to queue
[2023-01-15T12:37:31.776+0000] {logging_mixin.py:137} INFO - [2023-01-15T12:37:31.776+0000] {dagbag.py:538} INFO - Filling up the DagBag from /home/airflow/.local/lib/python3.10/site-packages/airflow/example_dags/tutorial_dag.py
[2023-01-15T12:37:31.787+0000] {processor.py:753} INFO - DAG(s) dict_keys(['tutorial_dag']) retrieved from /home/airflow/.local/lib/python3.10/site-packages/airflow/example_dags/tutorial_dag.py
[2023-01-15T12:37:31.821+0000] {logging_mixin.py:137} INFO - [2023-01-15T12:37:31.821+0000] {dag.py:2676} INFO - Sync 1 DAGs
[2023-01-15T12:37:31.958+0000] {logging_mixin.py:137} INFO - [2023-01-15T12:37:31.958+0000] {dag.py:3423} INFO - Setting next_dagrun for tutorial_dag to None, run_after=None
[2023-01-15T12:37:31.971+0000] {processor.py:175} INFO - Processing /home/airflow/.local/lib/python3.10/site-packages/airflow/example_dags/tutorial_dag.py took 0.199 seconds
[2023-01-15T12:38:02.326+0000] {processor.py:153} INFO - Started process (PID=313) to work on /home/airflow/.local/lib/python3.10/site-packages/airflow/example_dags/tutorial_dag.py
[2023-01-15T12:38:02.327+0000] {processor.py:743} INFO - Processing file /home/airflow/.local/lib/python3.10/site-packages/airflow/example_dags/tutorial_dag.py for tasks to queue
[2023-01-15T12:38:02.328+0000] {logging_mixin.py:137} INFO - [2023-01-15T12:38:02.327+0000] {dagbag.py:538} INFO - Filling up the DagBag from /home/airflow/.local/lib/python3.10/site-packages/airflow/example_dags/tutorial_dag.py
[2023-01-15T12:38:02.341+0000] {processor.py:753} INFO - DAG(s) dict_keys(['tutorial_dag']) retrieved from /home/airflow/.local/lib/python3.10/site-packages/airflow/example_dags/tutorial_dag.py
[2023-01-15T12:38:02.543+0000] {logging_mixin.py:137} INFO - [2023-01-15T12:38:02.543+0000] {dag.py:2676} INFO - Sync 1 DAGs
[2023-01-15T12:38:02.562+0000] {logging_mixin.py:137} INFO - [2023-01-15T12:38:02.562+0000] {dag.py:3423} INFO - Setting next_dagrun for tutorial_dag to None, run_after=None
[2023-01-15T12:38:02.581+0000] {processor.py:175} INFO - Processing /home/airflow/.local/lib/python3.10/site-packages/airflow/example_dags/tutorial_dag.py took 0.258 seconds
[2023-01-15T12:38:33.354+0000] {processor.py:153} INFO - Started process (PID=379) to work on /home/airflow/.local/lib/python3.10/site-packages/airflow/example_dags/tutorial_dag.py
[2023-01-15T12:38:33.354+0000] {processor.py:743} INFO - Processing file /home/airflow/.local/lib/python3.10/site-packages/airflow/example_dags/tutorial_dag.py for tasks to queue
[2023-01-15T12:38:33.355+0000] {logging_mixin.py:137} INFO - [2023-01-15T12:38:33.355+0000] {dagbag.py:538} INFO - Filling up the DagBag from /home/airflow/.local/lib/python3.10/site-packages/airflow/example_dags/tutorial_dag.py
[2023-01-15T12:38:33.373+0000] {processor.py:753} INFO - DAG(s) dict_keys(['tutorial_dag']) retrieved from /home/airflow/.local/lib/python3.10/site-packages/airflow/example_dags/tutorial_dag.py
[2023-01-15T12:38:33.566+0000] {logging_mixin.py:137} INFO - [2023-01-15T12:38:33.566+0000] {dag.py:2676} INFO - Sync 1 DAGs
[2023-01-15T12:38:33.584+0000] {logging_mixin.py:137} INFO - [2023-01-15T12:38:33.584+0000] {dag.py:3423} INFO - Setting next_dagrun for tutorial_dag to None, run_after=None
[2023-01-15T12:38:33.602+0000] {processor.py:175} INFO - Processing /home/airflow/.local/lib/python3.10/site-packages/airflow/example_dags/tutorial_dag.py took 0.254 seconds
[2023-01-15T12:39:04.375+0000] {processor.py:153} INFO - Started process (PID=459) to work on /home/airflow/.local/lib/python3.10/site-packages/airflow/example_dags/tutorial_dag.py
[2023-01-15T12:39:04.376+0000] {processor.py:743} INFO - Processing file /home/airflow/.local/lib/python3.10/site-packages/airflow/example_dags/tutorial_dag.py for tasks to queue
[2023-01-15T12:39:04.376+0000] {logging_mixin.py:137} INFO - [2023-01-15T12:39:04.376+0000] {dagbag.py:538} INFO - Filling up the DagBag from /home/airflow/.local/lib/python3.10/site-packages/airflow/example_dags/tutorial_dag.py
[2023-01-15T12:39:04.582+0000] {processor.py:753} INFO - DAG(s) dict_keys(['tutorial_dag']) retrieved from /home/airflow/.local/lib/python3.10/site-packages/airflow/example_dags/tutorial_dag.py
[2023-01-15T12:39:04.623+0000] {logging_mixin.py:137} INFO - [2023-01-15T12:39:04.623+0000] {dag.py:2676} INFO - Sync 1 DAGs
[2023-01-15T12:39:04.650+0000] {logging_mixin.py:137} INFO - [2023-01-15T12:39:04.650+0000] {dag.py:3423} INFO - Setting next_dagrun for tutorial_dag to None, run_after=None
[2023-01-15T12:39:04.683+0000] {processor.py:175} INFO - Processing /home/airflow/.local/lib/python3.10/site-packages/airflow/example_dags/tutorial_dag.py took 0.312 seconds
