[2023-01-15T12:32:58.453+0000] {processor.py:153} INFO - Started process (PID=54) to work on /home/airflow/.local/lib/python3.10/site-packages/airflow/example_dags/tutorial_taskflow_api.py
[2023-01-15T12:32:58.454+0000] {processor.py:743} INFO - Processing file /home/airflow/.local/lib/python3.10/site-packages/airflow/example_dags/tutorial_taskflow_api.py for tasks to queue
[2023-01-15T12:32:58.455+0000] {logging_mixin.py:137} INFO - [2023-01-15T12:32:58.455+0000] {dagbag.py:538} INFO - Filling up the DagBag from /home/airflow/.local/lib/python3.10/site-packages/airflow/example_dags/tutorial_taskflow_api.py
[2023-01-15T12:32:58.489+0000] {processor.py:753} INFO - DAG(s) dict_keys(['tutorial_taskflow_api']) retrieved from /home/airflow/.local/lib/python3.10/site-packages/airflow/example_dags/tutorial_taskflow_api.py
[2023-01-15T12:32:58.698+0000] {logging_mixin.py:137} INFO - [2023-01-15T12:32:58.698+0000] {dag.py:2676} INFO - Sync 1 DAGs
[2023-01-15T12:32:58.732+0000] {logging_mixin.py:137} INFO - [2023-01-15T12:32:58.732+0000] {dag.py:3423} INFO - Setting next_dagrun for tutorial_taskflow_api to None, run_after=None
[2023-01-15T12:32:58.759+0000] {processor.py:175} INFO - Processing /home/airflow/.local/lib/python3.10/site-packages/airflow/example_dags/tutorial_taskflow_api.py took 0.311 seconds
[2023-01-15T12:33:28.798+0000] {processor.py:153} INFO - Started process (PID=120) to work on /home/airflow/.local/lib/python3.10/site-packages/airflow/example_dags/tutorial_taskflow_api.py
[2023-01-15T12:33:28.799+0000] {processor.py:743} INFO - Processing file /home/airflow/.local/lib/python3.10/site-packages/airflow/example_dags/tutorial_taskflow_api.py for tasks to queue
[2023-01-15T12:33:28.800+0000] {logging_mixin.py:137} INFO - [2023-01-15T12:33:28.800+0000] {dagbag.py:538} INFO - Filling up the DagBag from /home/airflow/.local/lib/python3.10/site-packages/airflow/example_dags/tutorial_taskflow_api.py
[2023-01-15T12:33:28.995+0000] {processor.py:753} INFO - DAG(s) dict_keys(['tutorial_taskflow_api']) retrieved from /home/airflow/.local/lib/python3.10/site-packages/airflow/example_dags/tutorial_taskflow_api.py
[2023-01-15T12:33:29.026+0000] {logging_mixin.py:137} INFO - [2023-01-15T12:33:29.026+0000] {dag.py:2676} INFO - Sync 1 DAGs
[2023-01-15T12:33:29.049+0000] {logging_mixin.py:137} INFO - [2023-01-15T12:33:29.049+0000] {dag.py:3423} INFO - Setting next_dagrun for tutorial_taskflow_api to None, run_after=None
[2023-01-15T12:33:29.068+0000] {processor.py:175} INFO - Processing /home/airflow/.local/lib/python3.10/site-packages/airflow/example_dags/tutorial_taskflow_api.py took 0.273 seconds
[2023-01-15T12:33:59.866+0000] {processor.py:153} INFO - Started process (PID=186) to work on /home/airflow/.local/lib/python3.10/site-packages/airflow/example_dags/tutorial_taskflow_api.py
[2023-01-15T12:33:59.868+0000] {processor.py:743} INFO - Processing file /home/airflow/.local/lib/python3.10/site-packages/airflow/example_dags/tutorial_taskflow_api.py for tasks to queue
[2023-01-15T12:33:59.869+0000] {logging_mixin.py:137} INFO - [2023-01-15T12:33:59.869+0000] {dagbag.py:538} INFO - Filling up the DagBag from /home/airflow/.local/lib/python3.10/site-packages/airflow/example_dags/tutorial_taskflow_api.py
[2023-01-15T12:33:59.917+0000] {processor.py:753} INFO - DAG(s) dict_keys(['tutorial_taskflow_api']) retrieved from /home/airflow/.local/lib/python3.10/site-packages/airflow/example_dags/tutorial_taskflow_api.py
[2023-01-15T12:33:59.990+0000] {logging_mixin.py:137} INFO - [2023-01-15T12:33:59.990+0000] {dag.py:2676} INFO - Sync 1 DAGs
[2023-01-15T12:34:00.059+0000] {logging_mixin.py:137} INFO - [2023-01-15T12:34:00.038+0000] {dag.py:3423} INFO - Setting next_dagrun for tutorial_taskflow_api to None, run_after=None
[2023-01-15T12:34:00.103+0000] {processor.py:175} INFO - Processing /home/airflow/.local/lib/python3.10/site-packages/airflow/example_dags/tutorial_taskflow_api.py took 0.243 seconds
[2023-01-15T12:34:30.553+0000] {processor.py:153} INFO - Started process (PID=251) to work on /home/airflow/.local/lib/python3.10/site-packages/airflow/example_dags/tutorial_taskflow_api.py
[2023-01-15T12:34:30.555+0000] {processor.py:743} INFO - Processing file /home/airflow/.local/lib/python3.10/site-packages/airflow/example_dags/tutorial_taskflow_api.py for tasks to queue
[2023-01-15T12:34:30.556+0000] {logging_mixin.py:137} INFO - [2023-01-15T12:34:30.556+0000] {dagbag.py:538} INFO - Filling up the DagBag from /home/airflow/.local/lib/python3.10/site-packages/airflow/example_dags/tutorial_taskflow_api.py
[2023-01-15T12:34:30.612+0000] {processor.py:753} INFO - DAG(s) dict_keys(['tutorial_taskflow_api']) retrieved from /home/airflow/.local/lib/python3.10/site-packages/airflow/example_dags/tutorial_taskflow_api.py
[2023-01-15T12:34:30.712+0000] {logging_mixin.py:137} INFO - [2023-01-15T12:34:30.712+0000] {dag.py:2676} INFO - Sync 1 DAGs
[2023-01-15T12:34:30.757+0000] {logging_mixin.py:137} INFO - [2023-01-15T12:34:30.757+0000] {dag.py:3423} INFO - Setting next_dagrun for tutorial_taskflow_api to None, run_after=None
[2023-01-15T12:34:30.790+0000] {processor.py:175} INFO - Processing /home/airflow/.local/lib/python3.10/site-packages/airflow/example_dags/tutorial_taskflow_api.py took 0.244 seconds
[2023-01-15T12:35:02.042+0000] {processor.py:153} INFO - Started process (PID=322) to work on /home/airflow/.local/lib/python3.10/site-packages/airflow/example_dags/tutorial_taskflow_api.py
[2023-01-15T12:35:02.044+0000] {processor.py:743} INFO - Processing file /home/airflow/.local/lib/python3.10/site-packages/airflow/example_dags/tutorial_taskflow_api.py for tasks to queue
[2023-01-15T12:35:02.045+0000] {logging_mixin.py:137} INFO - [2023-01-15T12:35:02.045+0000] {dagbag.py:538} INFO - Filling up the DagBag from /home/airflow/.local/lib/python3.10/site-packages/airflow/example_dags/tutorial_taskflow_api.py
[2023-01-15T12:35:02.108+0000] {processor.py:753} INFO - DAG(s) dict_keys(['tutorial_taskflow_api']) retrieved from /home/airflow/.local/lib/python3.10/site-packages/airflow/example_dags/tutorial_taskflow_api.py
[2023-01-15T12:35:02.175+0000] {logging_mixin.py:137} INFO - [2023-01-15T12:35:02.175+0000] {dag.py:2676} INFO - Sync 1 DAGs
[2023-01-15T12:35:02.212+0000] {logging_mixin.py:137} INFO - [2023-01-15T12:35:02.211+0000] {dag.py:3423} INFO - Setting next_dagrun for tutorial_taskflow_api to None, run_after=None
[2023-01-15T12:35:02.244+0000] {processor.py:175} INFO - Processing /home/airflow/.local/lib/python3.10/site-packages/airflow/example_dags/tutorial_taskflow_api.py took 0.211 seconds
[2023-01-15T12:35:32.651+0000] {processor.py:153} INFO - Started process (PID=387) to work on /home/airflow/.local/lib/python3.10/site-packages/airflow/example_dags/tutorial_taskflow_api.py
[2023-01-15T12:35:32.652+0000] {processor.py:743} INFO - Processing file /home/airflow/.local/lib/python3.10/site-packages/airflow/example_dags/tutorial_taskflow_api.py for tasks to queue
[2023-01-15T12:35:32.653+0000] {logging_mixin.py:137} INFO - [2023-01-15T12:35:32.653+0000] {dagbag.py:538} INFO - Filling up the DagBag from /home/airflow/.local/lib/python3.10/site-packages/airflow/example_dags/tutorial_taskflow_api.py
[2023-01-15T12:35:32.684+0000] {processor.py:753} INFO - DAG(s) dict_keys(['tutorial_taskflow_api']) retrieved from /home/airflow/.local/lib/python3.10/site-packages/airflow/example_dags/tutorial_taskflow_api.py
[2023-01-15T12:35:32.729+0000] {logging_mixin.py:137} INFO - [2023-01-15T12:35:32.728+0000] {dag.py:2676} INFO - Sync 1 DAGs
[2023-01-15T12:35:32.751+0000] {logging_mixin.py:137} INFO - [2023-01-15T12:35:32.751+0000] {dag.py:3423} INFO - Setting next_dagrun for tutorial_taskflow_api to None, run_after=None
[2023-01-15T12:35:32.778+0000] {processor.py:175} INFO - Processing /home/airflow/.local/lib/python3.10/site-packages/airflow/example_dags/tutorial_taskflow_api.py took 0.131 seconds
[2023-01-15T12:35:58.960+0000] {processor.py:153} INFO - Started process (PID=54) to work on /home/airflow/.local/lib/python3.10/site-packages/airflow/example_dags/tutorial_taskflow_api.py
[2023-01-15T12:35:58.984+0000] {processor.py:743} INFO - Processing file /home/airflow/.local/lib/python3.10/site-packages/airflow/example_dags/tutorial_taskflow_api.py for tasks to queue
[2023-01-15T12:35:58.985+0000] {logging_mixin.py:137} INFO - [2023-01-15T12:35:58.985+0000] {dagbag.py:538} INFO - Filling up the DagBag from /home/airflow/.local/lib/python3.10/site-packages/airflow/example_dags/tutorial_taskflow_api.py
[2023-01-15T12:35:59.136+0000] {processor.py:753} INFO - DAG(s) dict_keys(['tutorial_taskflow_api']) retrieved from /home/airflow/.local/lib/python3.10/site-packages/airflow/example_dags/tutorial_taskflow_api.py
[2023-01-15T12:35:59.252+0000] {logging_mixin.py:137} INFO - [2023-01-15T12:35:59.252+0000] {dag.py:2676} INFO - Sync 1 DAGs
[2023-01-15T12:35:59.330+0000] {logging_mixin.py:137} INFO - [2023-01-15T12:35:59.329+0000] {dag.py:3423} INFO - Setting next_dagrun for tutorial_taskflow_api to None, run_after=None
[2023-01-15T12:35:59.388+0000] {processor.py:175} INFO - Processing /home/airflow/.local/lib/python3.10/site-packages/airflow/example_dags/tutorial_taskflow_api.py took 0.448 seconds
[2023-01-15T12:36:29.942+0000] {processor.py:153} INFO - Started process (PID=120) to work on /home/airflow/.local/lib/python3.10/site-packages/airflow/example_dags/tutorial_taskflow_api.py
[2023-01-15T12:36:29.942+0000] {processor.py:743} INFO - Processing file /home/airflow/.local/lib/python3.10/site-packages/airflow/example_dags/tutorial_taskflow_api.py for tasks to queue
[2023-01-15T12:36:29.943+0000] {logging_mixin.py:137} INFO - [2023-01-15T12:36:29.943+0000] {dagbag.py:538} INFO - Filling up the DagBag from /home/airflow/.local/lib/python3.10/site-packages/airflow/example_dags/tutorial_taskflow_api.py
[2023-01-15T12:36:29.973+0000] {processor.py:753} INFO - DAG(s) dict_keys(['tutorial_taskflow_api']) retrieved from /home/airflow/.local/lib/python3.10/site-packages/airflow/example_dags/tutorial_taskflow_api.py
[2023-01-15T12:36:30.017+0000] {logging_mixin.py:137} INFO - [2023-01-15T12:36:30.016+0000] {dag.py:2676} INFO - Sync 1 DAGs
[2023-01-15T12:36:30.246+0000] {logging_mixin.py:137} INFO - [2023-01-15T12:36:30.246+0000] {dag.py:3423} INFO - Setting next_dagrun for tutorial_taskflow_api to None, run_after=None
[2023-01-15T12:36:30.262+0000] {processor.py:175} INFO - Processing /home/airflow/.local/lib/python3.10/site-packages/airflow/example_dags/tutorial_taskflow_api.py took 0.324 seconds
[2023-01-15T12:37:02.651+0000] {processor.py:153} INFO - Started process (PID=186) to work on /home/airflow/.local/lib/python3.10/site-packages/airflow/example_dags/tutorial_taskflow_api.py
[2023-01-15T12:37:02.653+0000] {processor.py:743} INFO - Processing file /home/airflow/.local/lib/python3.10/site-packages/airflow/example_dags/tutorial_taskflow_api.py for tasks to queue
[2023-01-15T12:37:02.655+0000] {logging_mixin.py:137} INFO - [2023-01-15T12:37:02.655+0000] {dagbag.py:538} INFO - Filling up the DagBag from /home/airflow/.local/lib/python3.10/site-packages/airflow/example_dags/tutorial_taskflow_api.py
[2023-01-15T12:37:02.717+0000] {processor.py:753} INFO - DAG(s) dict_keys(['tutorial_taskflow_api']) retrieved from /home/airflow/.local/lib/python3.10/site-packages/airflow/example_dags/tutorial_taskflow_api.py
[2023-01-15T12:37:02.805+0000] {logging_mixin.py:137} INFO - [2023-01-15T12:37:02.804+0000] {dag.py:2676} INFO - Sync 1 DAGs
[2023-01-15T12:37:03.063+0000] {logging_mixin.py:137} INFO - [2023-01-15T12:37:03.063+0000] {dag.py:3423} INFO - Setting next_dagrun for tutorial_taskflow_api to None, run_after=None
[2023-01-15T12:37:03.095+0000] {processor.py:175} INFO - Processing /home/airflow/.local/lib/python3.10/site-packages/airflow/example_dags/tutorial_taskflow_api.py took 0.453 seconds
[2023-01-15T12:37:33.468+0000] {processor.py:153} INFO - Started process (PID=252) to work on /home/airflow/.local/lib/python3.10/site-packages/airflow/example_dags/tutorial_taskflow_api.py
[2023-01-15T12:37:33.468+0000] {processor.py:743} INFO - Processing file /home/airflow/.local/lib/python3.10/site-packages/airflow/example_dags/tutorial_taskflow_api.py for tasks to queue
[2023-01-15T12:37:33.469+0000] {logging_mixin.py:137} INFO - [2023-01-15T12:37:33.469+0000] {dagbag.py:538} INFO - Filling up the DagBag from /home/airflow/.local/lib/python3.10/site-packages/airflow/example_dags/tutorial_taskflow_api.py
[2023-01-15T12:37:33.486+0000] {processor.py:753} INFO - DAG(s) dict_keys(['tutorial_taskflow_api']) retrieved from /home/airflow/.local/lib/python3.10/site-packages/airflow/example_dags/tutorial_taskflow_api.py
[2023-01-15T12:37:33.629+0000] {logging_mixin.py:137} INFO - [2023-01-15T12:37:33.629+0000] {dag.py:2676} INFO - Sync 1 DAGs
[2023-01-15T12:37:33.644+0000] {logging_mixin.py:137} INFO - [2023-01-15T12:37:33.644+0000] {dag.py:3423} INFO - Setting next_dagrun for tutorial_taskflow_api to None, run_after=None
[2023-01-15T12:37:33.665+0000] {processor.py:175} INFO - Processing /home/airflow/.local/lib/python3.10/site-packages/airflow/example_dags/tutorial_taskflow_api.py took 0.201 seconds
[2023-01-15T12:38:04.188+0000] {processor.py:153} INFO - Started process (PID=318) to work on /home/airflow/.local/lib/python3.10/site-packages/airflow/example_dags/tutorial_taskflow_api.py
[2023-01-15T12:38:04.189+0000] {processor.py:743} INFO - Processing file /home/airflow/.local/lib/python3.10/site-packages/airflow/example_dags/tutorial_taskflow_api.py for tasks to queue
[2023-01-15T12:38:04.189+0000] {logging_mixin.py:137} INFO - [2023-01-15T12:38:04.189+0000] {dagbag.py:538} INFO - Filling up the DagBag from /home/airflow/.local/lib/python3.10/site-packages/airflow/example_dags/tutorial_taskflow_api.py
[2023-01-15T12:38:04.208+0000] {processor.py:753} INFO - DAG(s) dict_keys(['tutorial_taskflow_api']) retrieved from /home/airflow/.local/lib/python3.10/site-packages/airflow/example_dags/tutorial_taskflow_api.py
[2023-01-15T12:38:04.392+0000] {logging_mixin.py:137} INFO - [2023-01-15T12:38:04.392+0000] {dag.py:2676} INFO - Sync 1 DAGs
[2023-01-15T12:38:04.409+0000] {logging_mixin.py:137} INFO - [2023-01-15T12:38:04.409+0000] {dag.py:3423} INFO - Setting next_dagrun for tutorial_taskflow_api to None, run_after=None
[2023-01-15T12:38:04.425+0000] {processor.py:175} INFO - Processing /home/airflow/.local/lib/python3.10/site-packages/airflow/example_dags/tutorial_taskflow_api.py took 0.241 seconds
[2023-01-15T12:38:35.373+0000] {processor.py:153} INFO - Started process (PID=391) to work on /home/airflow/.local/lib/python3.10/site-packages/airflow/example_dags/tutorial_taskflow_api.py
[2023-01-15T12:38:35.374+0000] {processor.py:743} INFO - Processing file /home/airflow/.local/lib/python3.10/site-packages/airflow/example_dags/tutorial_taskflow_api.py for tasks to queue
[2023-01-15T12:38:35.375+0000] {logging_mixin.py:137} INFO - [2023-01-15T12:38:35.375+0000] {dagbag.py:538} INFO - Filling up the DagBag from /home/airflow/.local/lib/python3.10/site-packages/airflow/example_dags/tutorial_taskflow_api.py
[2023-01-15T12:38:35.418+0000] {processor.py:753} INFO - DAG(s) dict_keys(['tutorial_taskflow_api']) retrieved from /home/airflow/.local/lib/python3.10/site-packages/airflow/example_dags/tutorial_taskflow_api.py
[2023-01-15T12:38:35.701+0000] {logging_mixin.py:137} INFO - [2023-01-15T12:38:35.701+0000] {dag.py:2676} INFO - Sync 1 DAGs
[2023-01-15T12:38:35.731+0000] {logging_mixin.py:137} INFO - [2023-01-15T12:38:35.731+0000] {dag.py:3423} INFO - Setting next_dagrun for tutorial_taskflow_api to None, run_after=None
[2023-01-15T12:38:35.772+0000] {processor.py:175} INFO - Processing /home/airflow/.local/lib/python3.10/site-packages/airflow/example_dags/tutorial_taskflow_api.py took 0.405 seconds
[2023-01-15T12:39:06.329+0000] {processor.py:153} INFO - Started process (PID=464) to work on /home/airflow/.local/lib/python3.10/site-packages/airflow/example_dags/tutorial_taskflow_api.py
[2023-01-15T12:39:06.330+0000] {processor.py:743} INFO - Processing file /home/airflow/.local/lib/python3.10/site-packages/airflow/example_dags/tutorial_taskflow_api.py for tasks to queue
[2023-01-15T12:39:06.331+0000] {logging_mixin.py:137} INFO - [2023-01-15T12:39:06.330+0000] {dagbag.py:538} INFO - Filling up the DagBag from /home/airflow/.local/lib/python3.10/site-packages/airflow/example_dags/tutorial_taskflow_api.py
[2023-01-15T12:39:06.529+0000] {processor.py:753} INFO - DAG(s) dict_keys(['tutorial_taskflow_api']) retrieved from /home/airflow/.local/lib/python3.10/site-packages/airflow/example_dags/tutorial_taskflow_api.py
[2023-01-15T12:39:06.562+0000] {logging_mixin.py:137} INFO - [2023-01-15T12:39:06.562+0000] {dag.py:2676} INFO - Sync 1 DAGs
[2023-01-15T12:39:06.586+0000] {logging_mixin.py:137} INFO - [2023-01-15T12:39:06.586+0000] {dag.py:3423} INFO - Setting next_dagrun for tutorial_taskflow_api to None, run_after=None
[2023-01-15T12:39:06.613+0000] {processor.py:175} INFO - Processing /home/airflow/.local/lib/python3.10/site-packages/airflow/example_dags/tutorial_taskflow_api.py took 0.287 seconds
