[2023-01-15T12:32:58.775+0000] {processor.py:153} INFO - Started process (PID=56) to work on /home/airflow/.local/lib/python3.10/site-packages/airflow/example_dags/tutorial.py
[2023-01-15T12:32:58.776+0000] {processor.py:743} INFO - Processing file /home/airflow/.local/lib/python3.10/site-packages/airflow/example_dags/tutorial.py for tasks to queue
[2023-01-15T12:32:58.777+0000] {logging_mixin.py:137} INFO - [2023-01-15T12:32:58.776+0000] {dagbag.py:538} INFO - Filling up the DagBag from /home/airflow/.local/lib/python3.10/site-packages/airflow/example_dags/tutorial.py
[2023-01-15T12:32:58.801+0000] {processor.py:753} INFO - DAG(s) dict_keys(['tutorial']) retrieved from /home/airflow/.local/lib/python3.10/site-packages/airflow/example_dags/tutorial.py
[2023-01-15T12:32:59.023+0000] {logging_mixin.py:137} INFO - [2023-01-15T12:32:59.023+0000] {dag.py:2676} INFO - Sync 1 DAGs
[2023-01-15T12:32:59.049+0000] {logging_mixin.py:137} INFO - [2023-01-15T12:32:59.048+0000] {dag.py:3423} INFO - Setting next_dagrun for tutorial to 2023-01-14T12:32:59.048681+00:00, run_after=2023-01-15T12:32:59.048681+00:00
[2023-01-15T12:32:59.069+0000] {processor.py:175} INFO - Processing /home/airflow/.local/lib/python3.10/site-packages/airflow/example_dags/tutorial.py took 0.298 seconds
[2023-01-15T12:33:29.102+0000] {processor.py:153} INFO - Started process (PID=122) to work on /home/airflow/.local/lib/python3.10/site-packages/airflow/example_dags/tutorial.py
[2023-01-15T12:33:29.102+0000] {processor.py:743} INFO - Processing file /home/airflow/.local/lib/python3.10/site-packages/airflow/example_dags/tutorial.py for tasks to queue
[2023-01-15T12:33:29.103+0000] {logging_mixin.py:137} INFO - [2023-01-15T12:33:29.103+0000] {dagbag.py:538} INFO - Filling up the DagBag from /home/airflow/.local/lib/python3.10/site-packages/airflow/example_dags/tutorial.py
[2023-01-15T12:33:29.258+0000] {processor.py:753} INFO - DAG(s) dict_keys(['tutorial']) retrieved from /home/airflow/.local/lib/python3.10/site-packages/airflow/example_dags/tutorial.py
[2023-01-15T12:33:29.298+0000] {logging_mixin.py:137} INFO - [2023-01-15T12:33:29.297+0000] {dag.py:2676} INFO - Sync 1 DAGs
[2023-01-15T12:33:29.322+0000] {logging_mixin.py:137} INFO - [2023-01-15T12:33:29.322+0000] {dag.py:3423} INFO - Setting next_dagrun for tutorial to 2023-01-14T12:33:29.322297+00:00, run_after=2023-01-15T12:33:29.322297+00:00
[2023-01-15T12:33:29.340+0000] {processor.py:175} INFO - Processing /home/airflow/.local/lib/python3.10/site-packages/airflow/example_dags/tutorial.py took 0.241 seconds
[2023-01-15T12:34:00.150+0000] {processor.py:153} INFO - Started process (PID=188) to work on /home/airflow/.local/lib/python3.10/site-packages/airflow/example_dags/tutorial.py
[2023-01-15T12:34:00.151+0000] {processor.py:743} INFO - Processing file /home/airflow/.local/lib/python3.10/site-packages/airflow/example_dags/tutorial.py for tasks to queue
[2023-01-15T12:34:00.152+0000] {logging_mixin.py:137} INFO - [2023-01-15T12:34:00.152+0000] {dagbag.py:538} INFO - Filling up the DagBag from /home/airflow/.local/lib/python3.10/site-packages/airflow/example_dags/tutorial.py
[2023-01-15T12:34:00.182+0000] {processor.py:753} INFO - DAG(s) dict_keys(['tutorial']) retrieved from /home/airflow/.local/lib/python3.10/site-packages/airflow/example_dags/tutorial.py
[2023-01-15T12:34:00.267+0000] {logging_mixin.py:137} INFO - [2023-01-15T12:34:00.267+0000] {dag.py:2676} INFO - Sync 1 DAGs
[2023-01-15T12:34:00.320+0000] {logging_mixin.py:137} INFO - [2023-01-15T12:34:00.319+0000] {dag.py:3423} INFO - Setting next_dagrun for tutorial to 2023-01-14T12:34:00.319002+00:00, run_after=2023-01-15T12:34:00.319002+00:00
[2023-01-15T12:34:00.356+0000] {processor.py:175} INFO - Processing /home/airflow/.local/lib/python3.10/site-packages/airflow/example_dags/tutorial.py took 0.212 seconds
[2023-01-15T12:34:30.835+0000] {processor.py:153} INFO - Started process (PID=253) to work on /home/airflow/.local/lib/python3.10/site-packages/airflow/example_dags/tutorial.py
[2023-01-15T12:34:30.836+0000] {processor.py:743} INFO - Processing file /home/airflow/.local/lib/python3.10/site-packages/airflow/example_dags/tutorial.py for tasks to queue
[2023-01-15T12:34:30.837+0000] {logging_mixin.py:137} INFO - [2023-01-15T12:34:30.837+0000] {dagbag.py:538} INFO - Filling up the DagBag from /home/airflow/.local/lib/python3.10/site-packages/airflow/example_dags/tutorial.py
[2023-01-15T12:34:30.866+0000] {processor.py:753} INFO - DAG(s) dict_keys(['tutorial']) retrieved from /home/airflow/.local/lib/python3.10/site-packages/airflow/example_dags/tutorial.py
[2023-01-15T12:34:30.933+0000] {logging_mixin.py:137} INFO - [2023-01-15T12:34:30.933+0000] {dag.py:2676} INFO - Sync 1 DAGs
[2023-01-15T12:34:30.970+0000] {logging_mixin.py:137} INFO - [2023-01-15T12:34:30.970+0000] {dag.py:3423} INFO - Setting next_dagrun for tutorial to 2023-01-14T12:34:30.970260+00:00, run_after=2023-01-15T12:34:30.970260+00:00
[2023-01-15T12:34:30.999+0000] {processor.py:175} INFO - Processing /home/airflow/.local/lib/python3.10/site-packages/airflow/example_dags/tutorial.py took 0.170 seconds
[2023-01-15T12:35:02.308+0000] {processor.py:153} INFO - Started process (PID=324) to work on /home/airflow/.local/lib/python3.10/site-packages/airflow/example_dags/tutorial.py
[2023-01-15T12:35:02.309+0000] {processor.py:743} INFO - Processing file /home/airflow/.local/lib/python3.10/site-packages/airflow/example_dags/tutorial.py for tasks to queue
[2023-01-15T12:35:02.311+0000] {logging_mixin.py:137} INFO - [2023-01-15T12:35:02.311+0000] {dagbag.py:538} INFO - Filling up the DagBag from /home/airflow/.local/lib/python3.10/site-packages/airflow/example_dags/tutorial.py
[2023-01-15T12:35:02.349+0000] {processor.py:753} INFO - DAG(s) dict_keys(['tutorial']) retrieved from /home/airflow/.local/lib/python3.10/site-packages/airflow/example_dags/tutorial.py
[2023-01-15T12:35:02.439+0000] {logging_mixin.py:137} INFO - [2023-01-15T12:35:02.439+0000] {dag.py:2676} INFO - Sync 1 DAGs
[2023-01-15T12:35:02.493+0000] {logging_mixin.py:137} INFO - [2023-01-15T12:35:02.493+0000] {dag.py:3423} INFO - Setting next_dagrun for tutorial to 2023-01-14T12:35:02.493054+00:00, run_after=2023-01-15T12:35:02.493054+00:00
[2023-01-15T12:35:02.534+0000] {processor.py:175} INFO - Processing /home/airflow/.local/lib/python3.10/site-packages/airflow/example_dags/tutorial.py took 0.234 seconds
[2023-01-15T12:35:32.813+0000] {processor.py:153} INFO - Started process (PID=389) to work on /home/airflow/.local/lib/python3.10/site-packages/airflow/example_dags/tutorial.py
[2023-01-15T12:35:32.814+0000] {processor.py:743} INFO - Processing file /home/airflow/.local/lib/python3.10/site-packages/airflow/example_dags/tutorial.py for tasks to queue
[2023-01-15T12:35:32.815+0000] {logging_mixin.py:137} INFO - [2023-01-15T12:35:32.815+0000] {dagbag.py:538} INFO - Filling up the DagBag from /home/airflow/.local/lib/python3.10/site-packages/airflow/example_dags/tutorial.py
[2023-01-15T12:35:32.838+0000] {processor.py:753} INFO - DAG(s) dict_keys(['tutorial']) retrieved from /home/airflow/.local/lib/python3.10/site-packages/airflow/example_dags/tutorial.py
[2023-01-15T12:35:32.895+0000] {logging_mixin.py:137} INFO - [2023-01-15T12:35:32.895+0000] {dag.py:2676} INFO - Sync 1 DAGs
[2023-01-15T12:35:32.925+0000] {logging_mixin.py:137} INFO - [2023-01-15T12:35:32.925+0000] {dag.py:3423} INFO - Setting next_dagrun for tutorial to 2023-01-14T12:35:32.925314+00:00, run_after=2023-01-15T12:35:32.925314+00:00
[2023-01-15T12:35:32.963+0000] {processor.py:175} INFO - Processing /home/airflow/.local/lib/python3.10/site-packages/airflow/example_dags/tutorial.py took 0.153 seconds
[2023-01-15T12:35:59.347+0000] {processor.py:153} INFO - Started process (PID=56) to work on /home/airflow/.local/lib/python3.10/site-packages/airflow/example_dags/tutorial.py
[2023-01-15T12:35:59.348+0000] {processor.py:743} INFO - Processing file /home/airflow/.local/lib/python3.10/site-packages/airflow/example_dags/tutorial.py for tasks to queue
[2023-01-15T12:35:59.350+0000] {logging_mixin.py:137} INFO - [2023-01-15T12:35:59.349+0000] {dagbag.py:538} INFO - Filling up the DagBag from /home/airflow/.local/lib/python3.10/site-packages/airflow/example_dags/tutorial.py
[2023-01-15T12:35:59.384+0000] {processor.py:753} INFO - DAG(s) dict_keys(['tutorial']) retrieved from /home/airflow/.local/lib/python3.10/site-packages/airflow/example_dags/tutorial.py
[2023-01-15T12:35:59.461+0000] {logging_mixin.py:137} INFO - [2023-01-15T12:35:59.461+0000] {dag.py:2676} INFO - Sync 1 DAGs
[2023-01-15T12:35:59.514+0000] {logging_mixin.py:137} INFO - [2023-01-15T12:35:59.514+0000] {dag.py:3423} INFO - Setting next_dagrun for tutorial to 2023-01-14T12:35:59.513881+00:00, run_after=2023-01-15T12:35:59.513881+00:00
[2023-01-15T12:35:59.587+0000] {processor.py:175} INFO - Processing /home/airflow/.local/lib/python3.10/site-packages/airflow/example_dags/tutorial.py took 0.248 seconds
[2023-01-15T12:36:30.288+0000] {processor.py:153} INFO - Started process (PID=122) to work on /home/airflow/.local/lib/python3.10/site-packages/airflow/example_dags/tutorial.py
[2023-01-15T12:36:30.289+0000] {processor.py:743} INFO - Processing file /home/airflow/.local/lib/python3.10/site-packages/airflow/example_dags/tutorial.py for tasks to queue
[2023-01-15T12:36:30.289+0000] {logging_mixin.py:137} INFO - [2023-01-15T12:36:30.289+0000] {dagbag.py:538} INFO - Filling up the DagBag from /home/airflow/.local/lib/python3.10/site-packages/airflow/example_dags/tutorial.py
[2023-01-15T12:36:30.306+0000] {processor.py:753} INFO - DAG(s) dict_keys(['tutorial']) retrieved from /home/airflow/.local/lib/python3.10/site-packages/airflow/example_dags/tutorial.py
[2023-01-15T12:36:30.341+0000] {logging_mixin.py:137} INFO - [2023-01-15T12:36:30.341+0000] {dag.py:2676} INFO - Sync 1 DAGs
[2023-01-15T12:36:30.361+0000] {logging_mixin.py:137} INFO - [2023-01-15T12:36:30.361+0000] {dag.py:3423} INFO - Setting next_dagrun for tutorial to 2023-01-14T12:36:30.361638+00:00, run_after=2023-01-15T12:36:30.361638+00:00
[2023-01-15T12:36:30.503+0000] {processor.py:175} INFO - Processing /home/airflow/.local/lib/python3.10/site-packages/airflow/example_dags/tutorial.py took 0.218 seconds
[2023-01-15T12:37:03.140+0000] {processor.py:153} INFO - Started process (PID=188) to work on /home/airflow/.local/lib/python3.10/site-packages/airflow/example_dags/tutorial.py
[2023-01-15T12:37:03.141+0000] {processor.py:743} INFO - Processing file /home/airflow/.local/lib/python3.10/site-packages/airflow/example_dags/tutorial.py for tasks to queue
[2023-01-15T12:37:03.142+0000] {logging_mixin.py:137} INFO - [2023-01-15T12:37:03.142+0000] {dagbag.py:538} INFO - Filling up the DagBag from /home/airflow/.local/lib/python3.10/site-packages/airflow/example_dags/tutorial.py
[2023-01-15T12:37:03.168+0000] {processor.py:753} INFO - DAG(s) dict_keys(['tutorial']) retrieved from /home/airflow/.local/lib/python3.10/site-packages/airflow/example_dags/tutorial.py
[2023-01-15T12:37:03.227+0000] {logging_mixin.py:137} INFO - [2023-01-15T12:37:03.227+0000] {dag.py:2676} INFO - Sync 1 DAGs
[2023-01-15T12:37:03.446+0000] {logging_mixin.py:137} INFO - [2023-01-15T12:37:03.445+0000] {dag.py:3423} INFO - Setting next_dagrun for tutorial to 2023-01-14T12:37:03.445629+00:00, run_after=2023-01-15T12:37:03.445629+00:00
[2023-01-15T12:37:03.471+0000] {processor.py:175} INFO - Processing /home/airflow/.local/lib/python3.10/site-packages/airflow/example_dags/tutorial.py took 0.337 seconds
[2023-01-15T12:37:33.695+0000] {processor.py:153} INFO - Started process (PID=254) to work on /home/airflow/.local/lib/python3.10/site-packages/airflow/example_dags/tutorial.py
[2023-01-15T12:37:33.696+0000] {processor.py:743} INFO - Processing file /home/airflow/.local/lib/python3.10/site-packages/airflow/example_dags/tutorial.py for tasks to queue
[2023-01-15T12:37:33.696+0000] {logging_mixin.py:137} INFO - [2023-01-15T12:37:33.696+0000] {dagbag.py:538} INFO - Filling up the DagBag from /home/airflow/.local/lib/python3.10/site-packages/airflow/example_dags/tutorial.py
[2023-01-15T12:37:33.709+0000] {processor.py:753} INFO - DAG(s) dict_keys(['tutorial']) retrieved from /home/airflow/.local/lib/python3.10/site-packages/airflow/example_dags/tutorial.py
[2023-01-15T12:37:33.740+0000] {logging_mixin.py:137} INFO - [2023-01-15T12:37:33.740+0000] {dag.py:2676} INFO - Sync 1 DAGs
[2023-01-15T12:37:33.903+0000] {logging_mixin.py:137} INFO - [2023-01-15T12:37:33.903+0000] {dag.py:3423} INFO - Setting next_dagrun for tutorial to 2023-01-14T12:37:33.902825+00:00, run_after=2023-01-15T12:37:33.902825+00:00
[2023-01-15T12:37:33.933+0000] {processor.py:175} INFO - Processing /home/airflow/.local/lib/python3.10/site-packages/airflow/example_dags/tutorial.py took 0.240 seconds
[2023-01-15T12:38:04.458+0000] {processor.py:153} INFO - Started process (PID=320) to work on /home/airflow/.local/lib/python3.10/site-packages/airflow/example_dags/tutorial.py
[2023-01-15T12:38:04.459+0000] {processor.py:743} INFO - Processing file /home/airflow/.local/lib/python3.10/site-packages/airflow/example_dags/tutorial.py for tasks to queue
[2023-01-15T12:38:04.459+0000] {logging_mixin.py:137} INFO - [2023-01-15T12:38:04.459+0000] {dagbag.py:538} INFO - Filling up the DagBag from /home/airflow/.local/lib/python3.10/site-packages/airflow/example_dags/tutorial.py
[2023-01-15T12:38:04.474+0000] {processor.py:753} INFO - DAG(s) dict_keys(['tutorial']) retrieved from /home/airflow/.local/lib/python3.10/site-packages/airflow/example_dags/tutorial.py
[2023-01-15T12:38:04.657+0000] {logging_mixin.py:137} INFO - [2023-01-15T12:38:04.657+0000] {dag.py:2676} INFO - Sync 1 DAGs
[2023-01-15T12:38:04.679+0000] {logging_mixin.py:137} INFO - [2023-01-15T12:38:04.679+0000] {dag.py:3423} INFO - Setting next_dagrun for tutorial to 2023-01-14T12:38:04.679035+00:00, run_after=2023-01-15T12:38:04.679035+00:00
[2023-01-15T12:38:04.695+0000] {processor.py:175} INFO - Processing /home/airflow/.local/lib/python3.10/site-packages/airflow/example_dags/tutorial.py took 0.240 seconds
[2023-01-15T12:38:35.823+0000] {processor.py:153} INFO - Started process (PID=393) to work on /home/airflow/.local/lib/python3.10/site-packages/airflow/example_dags/tutorial.py
[2023-01-15T12:38:35.825+0000] {processor.py:743} INFO - Processing file /home/airflow/.local/lib/python3.10/site-packages/airflow/example_dags/tutorial.py for tasks to queue
[2023-01-15T12:38:35.826+0000] {logging_mixin.py:137} INFO - [2023-01-15T12:38:35.825+0000] {dagbag.py:538} INFO - Filling up the DagBag from /home/airflow/.local/lib/python3.10/site-packages/airflow/example_dags/tutorial.py
[2023-01-15T12:38:35.851+0000] {processor.py:753} INFO - DAG(s) dict_keys(['tutorial']) retrieved from /home/airflow/.local/lib/python3.10/site-packages/airflow/example_dags/tutorial.py
[2023-01-15T12:38:36.092+0000] {logging_mixin.py:137} INFO - [2023-01-15T12:38:36.092+0000] {dag.py:2676} INFO - Sync 1 DAGs
[2023-01-15T12:38:36.123+0000] {logging_mixin.py:137} INFO - [2023-01-15T12:38:36.123+0000] {dag.py:3423} INFO - Setting next_dagrun for tutorial to 2023-01-14T12:38:36.123409+00:00, run_after=2023-01-15T12:38:36.123409+00:00
[2023-01-15T12:38:36.157+0000] {processor.py:175} INFO - Processing /home/airflow/.local/lib/python3.10/site-packages/airflow/example_dags/tutorial.py took 0.338 seconds
[2023-01-15T12:39:06.945+0000] {processor.py:153} INFO - Started process (PID=466) to work on /home/airflow/.local/lib/python3.10/site-packages/airflow/example_dags/tutorial.py
[2023-01-15T12:39:06.946+0000] {processor.py:743} INFO - Processing file /home/airflow/.local/lib/python3.10/site-packages/airflow/example_dags/tutorial.py for tasks to queue
[2023-01-15T12:39:06.947+0000] {logging_mixin.py:137} INFO - [2023-01-15T12:39:06.946+0000] {dagbag.py:538} INFO - Filling up the DagBag from /home/airflow/.local/lib/python3.10/site-packages/airflow/example_dags/tutorial.py
[2023-01-15T12:39:07.126+0000] {processor.py:753} INFO - DAG(s) dict_keys(['tutorial']) retrieved from /home/airflow/.local/lib/python3.10/site-packages/airflow/example_dags/tutorial.py
[2023-01-15T12:39:07.171+0000] {logging_mixin.py:137} INFO - [2023-01-15T12:39:07.171+0000] {dag.py:2676} INFO - Sync 1 DAGs
[2023-01-15T12:39:07.204+0000] {logging_mixin.py:137} INFO - [2023-01-15T12:39:07.203+0000] {dag.py:3423} INFO - Setting next_dagrun for tutorial to 2023-01-14T12:39:07.203235+00:00, run_after=2023-01-15T12:39:07.203235+00:00
[2023-01-15T12:39:07.233+0000] {processor.py:175} INFO - Processing /home/airflow/.local/lib/python3.10/site-packages/airflow/example_dags/tutorial.py took 0.292 seconds
