[2023-01-30T10:54:42.601+0000] {taskinstance.py:1087} INFO - Dependencies all met for <TaskInstance: entsoe-energydata.stage_total_generation scheduled__2021-01-01T05:00:00+00:00 [queued]>
[2023-01-30T10:54:42.678+0000] {taskinstance.py:1087} INFO - Dependencies all met for <TaskInstance: entsoe-energydata.stage_total_generation scheduled__2021-01-01T05:00:00+00:00 [queued]>
[2023-01-30T10:54:42.679+0000] {taskinstance.py:1283} INFO - 
--------------------------------------------------------------------------------
[2023-01-30T10:54:42.680+0000] {taskinstance.py:1284} INFO - Starting attempt 1 of 4
[2023-01-30T10:54:42.680+0000] {taskinstance.py:1285} INFO - 
--------------------------------------------------------------------------------
[2023-01-30T10:54:42.736+0000] {taskinstance.py:1304} INFO - Executing <Task(SparkSubmitOperator): stage_total_generation> on 2021-01-01 05:00:00+00:00
[2023-01-30T10:54:42.763+0000] {standard_task_runner.py:55} INFO - Started process 221 to run task
[2023-01-30T10:54:42.784+0000] {standard_task_runner.py:82} INFO - Running: ['***', 'tasks', 'run', 'entsoe-energydata', 'stage_total_generation', 'scheduled__2021-01-01T05:00:00+00:00', '--job-id', '533', '--raw', '--subdir', 'DAGS_FOLDER/ingestion_energydata_dag.py', '--cfg-path', '/tmp/tmp_11z7hyw']
[2023-01-30T10:54:42.793+0000] {standard_task_runner.py:83} INFO - Job 533: Subtask stage_total_generation
[2023-01-30T10:54:43.379+0000] {task_command.py:389} INFO - Running <TaskInstance: entsoe-energydata.stage_total_generation scheduled__2021-01-01T05:00:00+00:00 [running]> on host 5b6f5d29e531
[2023-01-30T10:54:43.725+0000] {taskinstance.py:1511} INFO - Exporting the following env vars:
AIRFLOW_CTX_DAG_OWNER=rafzul
AIRFLOW_CTX_DAG_ID=entsoe-energydata
AIRFLOW_CTX_TASK_ID=stage_total_generation
AIRFLOW_CTX_EXECUTION_DATE=2021-01-01T05:00:00+00:00
AIRFLOW_CTX_TRY_NUMBER=1
AIRFLOW_CTX_DAG_RUN_ID=scheduled__2021-01-01T05:00:00+00:00
[2023-01-30T10:54:43.769+0000] {base.py:73} INFO - Using connection ID 'spark_local' for task execution.
[2023-01-30T10:54:43.774+0000] {taskinstance.py:1772} ERROR - Task failed with exception
Traceback (most recent call last):
  File "/home/airflow/.local/lib/python3.10/site-packages/airflow/providers/apache/spark/operators/spark_submit.py", line 157, in execute
    self._hook.submit(self._application)
  File "/home/airflow/.local/lib/python3.10/site-packages/airflow/providers/apache/spark/hooks/spark_submit.py", line 398, in submit
    spark_submit_cmd = self._build_spark_submit_command(application)
  File "/home/airflow/.local/lib/python3.10/site-packages/airflow/providers/apache/spark/hooks/spark_submit.py", line 344, in _build_spark_submit_command
    self.log.info("Spark-Submit cmd: %s", self._mask_cmd(connection_cmd))
  File "/home/airflow/.local/lib/python3.10/site-packages/airflow/providers/apache/spark/hooks/spark_submit.py", line 256, in _mask_cmd
    " ".join(connection_cmd),
TypeError: sequence item 5: expected str instance, module found
[2023-01-30T10:54:43.818+0000] {taskinstance.py:1322} INFO - Marking task as UP_FOR_RETRY. dag_id=entsoe-energydata, task_id=stage_total_generation, execution_date=20210101T050000, start_date=20230130T105442, end_date=20230130T105443
[2023-01-30T10:54:43.883+0000] {standard_task_runner.py:100} ERROR - Failed to execute job 533 for task stage_total_generation (sequence item 5: expected str instance, module found; 221)
[2023-01-30T10:54:43.960+0000] {local_task_job.py:159} INFO - Task exited with return code 1
[2023-01-30T10:54:44.035+0000] {taskinstance.py:2582} INFO - 0 downstream tasks scheduled from follow-on schedule check
[2023-01-30T10:57:27.274+0000] {taskinstance.py:1087} INFO - Dependencies all met for <TaskInstance: entsoe-energydata.stage_total_generation scheduled__2021-01-01T05:00:00+00:00 [queued]>
[2023-01-30T10:57:27.309+0000] {taskinstance.py:1087} INFO - Dependencies all met for <TaskInstance: entsoe-energydata.stage_total_generation scheduled__2021-01-01T05:00:00+00:00 [queued]>
[2023-01-30T10:57:27.309+0000] {taskinstance.py:1283} INFO - 
--------------------------------------------------------------------------------
[2023-01-30T10:57:27.310+0000] {taskinstance.py:1284} INFO - Starting attempt 1 of 4
[2023-01-30T10:57:27.311+0000] {taskinstance.py:1285} INFO - 
--------------------------------------------------------------------------------
[2023-01-30T10:57:27.369+0000] {taskinstance.py:1304} INFO - Executing <Task(SparkSubmitOperator): stage_total_generation> on 2021-01-01 05:00:00+00:00
[2023-01-30T10:57:27.405+0000] {standard_task_runner.py:55} INFO - Started process 475 to run task
[2023-01-30T10:57:27.449+0000] {standard_task_runner.py:82} INFO - Running: ['***', 'tasks', 'run', 'entsoe-energydata', 'stage_total_generation', 'scheduled__2021-01-01T05:00:00+00:00', '--job-id', '543', '--raw', '--subdir', 'DAGS_FOLDER/ingestion_energydata_dag.py', '--cfg-path', '/tmp/tmpdjjj57em']
[2023-01-30T10:57:27.456+0000] {standard_task_runner.py:83} INFO - Job 543: Subtask stage_total_generation
[2023-01-30T10:57:28.054+0000] {task_command.py:389} INFO - Running <TaskInstance: entsoe-energydata.stage_total_generation scheduled__2021-01-01T05:00:00+00:00 [running]> on host 5b6f5d29e531
[2023-01-30T10:57:28.520+0000] {taskinstance.py:1511} INFO - Exporting the following env vars:
AIRFLOW_CTX_DAG_OWNER=rafzul
AIRFLOW_CTX_DAG_ID=entsoe-energydata
AIRFLOW_CTX_TASK_ID=stage_total_generation
AIRFLOW_CTX_EXECUTION_DATE=2021-01-01T05:00:00+00:00
AIRFLOW_CTX_TRY_NUMBER=1
AIRFLOW_CTX_DAG_RUN_ID=scheduled__2021-01-01T05:00:00+00:00
[2023-01-30T10:57:28.603+0000] {base.py:73} INFO - Using connection ID 'spark_local' for task execution.
[2023-01-30T10:57:28.624+0000] {spark_submit.py:344} INFO - Spark-Submit cmd: spark-submit --master local --name arrow-spark /opt/***/plugins/scripts/transform_raw_staging.py total_generation 202101010500 202101010600 DE_TENNET
[2023-01-30T10:58:02.730+0000] {spark_submit.py:495} INFO - 23/01/30 10:58:02 INFO SparkContext: Running Spark version 3.3.1
[2023-01-30T10:58:03.512+0000] {spark_submit.py:495} INFO - 23/01/30 10:58:03 WARN NativeCodeLoader: Unable to load native-hadoop library for your platform... using builtin-java classes where applicable
[2023-01-30T10:58:04.694+0000] {spark_submit.py:495} INFO - 23/01/30 10:58:04 INFO ResourceUtils: ==============================================================
[2023-01-30T10:58:04.709+0000] {spark_submit.py:495} INFO - 23/01/30 10:58:04 INFO ResourceUtils: No custom resources configured for spark.driver.
[2023-01-30T10:58:04.716+0000] {spark_submit.py:495} INFO - 23/01/30 10:58:04 INFO ResourceUtils: ==============================================================
[2023-01-30T10:58:04.722+0000] {spark_submit.py:495} INFO - 23/01/30 10:58:04 INFO SparkContext: Submitted application: gcp_playground
[2023-01-30T10:58:05.042+0000] {spark_submit.py:495} INFO - 23/01/30 10:58:05 INFO ResourceProfile: Default ResourceProfile created, executor resources: Map(cores -> name: cores, amount: 1, script: , vendor: , memory -> name: memory, amount: 1024, script: , vendor: , offHeap -> name: offHeap, amount: 0, script: , vendor: ), task resources: Map(cpus -> name: cpus, amount: 1.0)
[2023-01-30T10:58:05.088+0000] {spark_submit.py:495} INFO - 23/01/30 10:58:05 INFO ResourceProfile: Limiting resource is cpu
[2023-01-30T10:58:05.094+0000] {spark_submit.py:495} INFO - 23/01/30 10:58:05 INFO ResourceProfileManager: Added ResourceProfile id: 0
[2023-01-30T10:58:05.583+0000] {spark_submit.py:495} INFO - 23/01/30 10:58:05 INFO SecurityManager: Changing view acls to: ***
[2023-01-30T10:58:05.593+0000] {spark_submit.py:495} INFO - 23/01/30 10:58:05 INFO SecurityManager: Changing modify acls to: ***
[2023-01-30T10:58:05.598+0000] {spark_submit.py:495} INFO - 23/01/30 10:58:05 INFO SecurityManager: Changing view acls groups to:
[2023-01-30T10:58:05.609+0000] {spark_submit.py:495} INFO - 23/01/30 10:58:05 INFO SecurityManager: Changing modify acls groups to:
[2023-01-30T10:58:05.619+0000] {spark_submit.py:495} INFO - 23/01/30 10:58:05 INFO SecurityManager: SecurityManager: authentication disabled; ui acls disabled; users  with view permissions: Set(***); groups with view permissions: Set(); users  with modify permissions: Set(***); groups with modify permissions: Set()
[2023-01-30T10:58:07.556+0000] {spark_submit.py:495} INFO - 23/01/30 10:58:07 INFO Utils: Successfully started service 'sparkDriver' on port 34011.
[2023-01-30T10:58:07.871+0000] {spark_submit.py:495} INFO - 23/01/30 10:58:07 INFO SparkEnv: Registering MapOutputTracker
[2023-01-30T10:58:08.256+0000] {spark_submit.py:495} INFO - 23/01/30 10:58:08 INFO SparkEnv: Registering BlockManagerMaster
[2023-01-30T10:58:08.463+0000] {spark_submit.py:495} INFO - 23/01/30 10:58:08 INFO BlockManagerMasterEndpoint: Using org.apache.spark.storage.DefaultTopologyMapper for getting topology information
[2023-01-30T10:58:08.480+0000] {spark_submit.py:495} INFO - 23/01/30 10:58:08 INFO BlockManagerMasterEndpoint: BlockManagerMasterEndpoint up
[2023-01-30T10:58:08.536+0000] {spark_submit.py:495} INFO - 23/01/30 10:58:08 INFO SparkEnv: Registering BlockManagerMasterHeartbeat
[2023-01-30T10:58:08.801+0000] {spark_submit.py:495} INFO - 23/01/30 10:58:08 INFO DiskBlockManager: Created local directory at /tmp/blockmgr-79c920c1-5c67-4271-b0f3-21d1fd2cd092
[2023-01-30T10:58:09.004+0000] {spark_submit.py:495} INFO - 23/01/30 10:58:08 INFO MemoryStore: MemoryStore started with capacity 434.4 MiB
[2023-01-30T10:58:09.257+0000] {spark_submit.py:495} INFO - 23/01/30 10:58:09 INFO SparkEnv: Registering OutputCommitCoordinator
[2023-01-30T10:58:11.869+0000] {spark_submit.py:495} INFO - 23/01/30 10:58:11 WARN Utils: Service 'SparkUI' could not bind on port 4040. Attempting port 4041.
[2023-01-30T10:58:11.927+0000] {spark_submit.py:495} INFO - 23/01/30 10:58:11 INFO Utils: Successfully started service 'SparkUI' on port 4041.
[2023-01-30T10:58:12.257+0000] {spark_submit.py:495} INFO - 23/01/30 10:58:12 INFO SparkContext: Added JAR /opt/spark/jars/gcs-connector-hadoop3-latest.jar at spark://5b6f5d29e531:34011/jars/gcs-connector-hadoop3-latest.jar with timestamp 1675076282653
[2023-01-30T10:58:12.259+0000] {spark_submit.py:495} INFO - 23/01/30 10:58:12 INFO SparkContext: Added JAR /opt/spark/jars/spark-bigquery-with-dependencies_2.13-0.27.1.jar at spark://5b6f5d29e531:34011/jars/spark-bigquery-with-dependencies_2.13-0.27.1.jar with timestamp 1675076282653
[2023-01-30T10:58:13.119+0000] {spark_submit.py:495} INFO - 23/01/30 10:58:13 INFO Executor: Starting executor ID driver on host 5b6f5d29e531
[2023-01-30T10:58:13.152+0000] {spark_submit.py:495} INFO - 23/01/30 10:58:13 INFO Executor: Starting executor with user classpath (userClassPathFirst = false): ''
[2023-01-30T10:58:13.319+0000] {spark_submit.py:495} INFO - 23/01/30 10:58:13 INFO Executor: Fetching spark://5b6f5d29e531:34011/jars/gcs-connector-hadoop3-latest.jar with timestamp 1675076282653
[2023-01-30T10:58:13.534+0000] {spark_submit.py:495} INFO - 23/01/30 10:58:13 INFO TransportClientFactory: Successfully created connection to 5b6f5d29e531/172.21.0.7:34011 after 118 ms (0 ms spent in bootstraps)
[2023-01-30T10:58:13.577+0000] {spark_submit.py:495} INFO - 23/01/30 10:58:13 INFO Utils: Fetching spark://5b6f5d29e531:34011/jars/gcs-connector-hadoop3-latest.jar to /tmp/spark-f819ed38-eafd-41a6-8ebb-218f570fec3b/userFiles-e64ef1d8-7cad-4144-b06c-583dd0aa14c4/fetchFileTemp7064145167252581272.tmp
[2023-01-30T10:58:15.983+0000] {spark_submit.py:495} INFO - 23/01/30 10:58:15 INFO Executor: Adding file:/tmp/spark-f819ed38-eafd-41a6-8ebb-218f570fec3b/userFiles-e64ef1d8-7cad-4144-b06c-583dd0aa14c4/gcs-connector-hadoop3-latest.jar to class loader
[2023-01-30T10:58:15.985+0000] {spark_submit.py:495} INFO - 23/01/30 10:58:15 INFO Executor: Fetching spark://5b6f5d29e531:34011/jars/spark-bigquery-with-dependencies_2.13-0.27.1.jar with timestamp 1675076282653
[2023-01-30T10:58:15.997+0000] {spark_submit.py:495} INFO - 23/01/30 10:58:15 INFO Utils: Fetching spark://5b6f5d29e531:34011/jars/spark-bigquery-with-dependencies_2.13-0.27.1.jar to /tmp/spark-f819ed38-eafd-41a6-8ebb-218f570fec3b/userFiles-e64ef1d8-7cad-4144-b06c-583dd0aa14c4/fetchFileTemp2349783314933111968.tmp
[2023-01-30T10:58:18.313+0000] {spark_submit.py:495} INFO - 23/01/30 10:58:18 INFO Executor: Adding file:/tmp/spark-f819ed38-eafd-41a6-8ebb-218f570fec3b/userFiles-e64ef1d8-7cad-4144-b06c-583dd0aa14c4/spark-bigquery-with-dependencies_2.13-0.27.1.jar to class loader
[2023-01-30T10:58:18.417+0000] {spark_submit.py:495} INFO - 23/01/30 10:58:18 INFO Utils: Successfully started service 'org.apache.spark.network.netty.NettyBlockTransferService' on port 38951.
[2023-01-30T10:58:18.419+0000] {spark_submit.py:495} INFO - 23/01/30 10:58:18 INFO NettyBlockTransferService: Server created on 5b6f5d29e531:38951
[2023-01-30T10:58:18.441+0000] {spark_submit.py:495} INFO - 23/01/30 10:58:18 INFO BlockManager: Using org.apache.spark.storage.RandomBlockReplicationPolicy for block replication policy
[2023-01-30T10:58:18.766+0000] {spark_submit.py:495} INFO - 23/01/30 10:58:18 INFO BlockManagerMaster: Registering BlockManager BlockManagerId(driver, 5b6f5d29e531, 38951, None)
[2023-01-30T10:58:18.884+0000] {spark_submit.py:495} INFO - 23/01/30 10:58:18 INFO BlockManagerMasterEndpoint: Registering block manager 5b6f5d29e531:38951 with 434.4 MiB RAM, BlockManagerId(driver, 5b6f5d29e531, 38951, None)
[2023-01-30T10:58:18.963+0000] {spark_submit.py:495} INFO - 23/01/30 10:58:18 INFO BlockManagerMaster: Registered BlockManager BlockManagerId(driver, 5b6f5d29e531, 38951, None)
[2023-01-30T10:58:18.982+0000] {spark_submit.py:495} INFO - 23/01/30 10:58:18 INFO BlockManager: Initialized BlockManager: BlockManagerId(driver, 5b6f5d29e531, 38951, None)
[2023-01-30T10:58:27.549+0000] {spark_submit.py:495} INFO - 23/01/30 10:58:27 INFO SharedState: Setting hive.metastore.warehouse.dir ('null') to the value of spark.sql.warehouse.dir.
[2023-01-30T10:58:27.614+0000] {spark_submit.py:495} INFO - 23/01/30 10:58:27 INFO SharedState: Warehouse path is 'file:/opt/***/spark-warehouse'.
[2023-01-30T10:58:48.919+0000] {spark_submit.py:495} INFO - Traceback (most recent call last):
[2023-01-30T10:58:48.920+0000] {spark_submit.py:495} INFO - File "/opt/***/plugins/scripts/transform_raw_staging.py", line 233, in <module>
[2023-01-30T10:58:48.921+0000] {spark_submit.py:495} INFO - main(metrics_label=metrics_label, start=start, end=end, country_code=country_code)
[2023-01-30T10:58:48.921+0000] {spark_submit.py:495} INFO - File "/opt/***/plugins/scripts/transform_raw_staging.py", line 220, in main
[2023-01-30T10:58:48.922+0000] {spark_submit.py:495} INFO - run_method = method(metrics_label, start, end, country_code, **params)
[2023-01-30T10:58:48.922+0000] {spark_submit.py:495} INFO - File "/opt/***/plugins/scripts/transform_raw_staging.py", line 176, in transform_generation
[2023-01-30T10:58:48.922+0000] {spark_submit.py:495} INFO - full_df = self._base_timeseries(metrics_label, start, end, country_code)
[2023-01-30T10:58:48.922+0000] {spark_submit.py:495} INFO - File "/opt/***/plugins/scripts/transform_raw_staging.py", line 82, in _base_timeseries
[2023-01-30T10:58:48.923+0000] {spark_submit.py:495} INFO - raise e
[2023-01-30T10:58:48.928+0000] {spark_submit.py:495} INFO - File "/opt/***/plugins/scripts/transform_raw_staging.py", line 79, in _base_timeseries
[2023-01-30T10:58:48.932+0000] {spark_submit.py:495} INFO - .load(path)
[2023-01-30T10:58:48.933+0000] {spark_submit.py:495} INFO - File "/opt/spark/python/lib/pyspark.zip/pyspark/sql/readwriter.py", line 177, in load
[2023-01-30T10:58:48.938+0000] {spark_submit.py:495} INFO - File "/opt/spark/python/lib/py4j-0.10.9.5-src.zip/py4j/java_gateway.py", line 1321, in __call__
[2023-01-30T10:58:48.938+0000] {spark_submit.py:495} INFO - File "/opt/spark/python/lib/pyspark.zip/pyspark/sql/utils.py", line 196, in deco
[2023-01-30T10:58:48.961+0000] {spark_submit.py:495} INFO - pyspark.sql.utils.AnalysisException: Path does not exist: gs://entsoe_analytics_1009/TEST_total_generation__DE_TENNET__202101010500__202101010600.json
[2023-01-30T10:58:49.756+0000] {spark_submit.py:495} INFO - 23/01/30 10:58:49 INFO SparkContext: Invoking stop() from shutdown hook
[2023-01-30T10:58:49.911+0000] {spark_submit.py:495} INFO - 23/01/30 10:58:49 INFO SparkUI: Stopped Spark web UI at http://5b6f5d29e531:4041
[2023-01-30T10:58:50.018+0000] {spark_submit.py:495} INFO - 23/01/30 10:58:50 INFO MapOutputTrackerMasterEndpoint: MapOutputTrackerMasterEndpoint stopped!
[2023-01-30T10:58:50.099+0000] {spark_submit.py:495} INFO - 23/01/30 10:58:50 INFO MemoryStore: MemoryStore cleared
[2023-01-30T10:58:50.111+0000] {spark_submit.py:495} INFO - 23/01/30 10:58:50 INFO BlockManager: BlockManager stopped
[2023-01-30T10:58:50.141+0000] {spark_submit.py:495} INFO - 23/01/30 10:58:50 INFO BlockManagerMaster: BlockManagerMaster stopped
[2023-01-30T10:58:50.164+0000] {spark_submit.py:495} INFO - 23/01/30 10:58:50 INFO OutputCommitCoordinator$OutputCommitCoordinatorEndpoint: OutputCommitCoordinator stopped!
[2023-01-30T10:58:50.223+0000] {spark_submit.py:495} INFO - 23/01/30 10:58:50 INFO SparkContext: Successfully stopped SparkContext
[2023-01-30T10:58:50.225+0000] {spark_submit.py:495} INFO - 23/01/30 10:58:50 INFO ShutdownHookManager: Shutdown hook called
[2023-01-30T10:58:50.228+0000] {spark_submit.py:495} INFO - 23/01/30 10:58:50 INFO ShutdownHookManager: Deleting directory /tmp/spark-197c659a-b606-40a6-ba8a-4e85ce8db3e1
[2023-01-30T10:58:50.262+0000] {spark_submit.py:495} INFO - 23/01/30 10:58:50 INFO ShutdownHookManager: Deleting directory /tmp/spark-f819ed38-eafd-41a6-8ebb-218f570fec3b/pyspark-27aad096-96bc-43c3-888a-8362a9db45e9
[2023-01-30T10:58:50.310+0000] {spark_submit.py:495} INFO - 23/01/30 10:58:50 INFO ShutdownHookManager: Deleting directory /tmp/spark-f819ed38-eafd-41a6-8ebb-218f570fec3b
[2023-01-30T10:58:50.635+0000] {taskinstance.py:1772} ERROR - Task failed with exception
Traceback (most recent call last):
  File "/home/airflow/.local/lib/python3.10/site-packages/airflow/providers/apache/spark/operators/spark_submit.py", line 157, in execute
    self._hook.submit(self._application)
  File "/home/airflow/.local/lib/python3.10/site-packages/airflow/providers/apache/spark/hooks/spark_submit.py", line 426, in submit
    raise AirflowException(
airflow.exceptions.AirflowException: Cannot execute: spark-submit --master local --name arrow-spark /opt/***/plugins/scripts/transform_raw_staging.py total_generation 202101010500 202101010600 DE_TENNET. Error code is: 1.
[2023-01-30T10:58:50.650+0000] {taskinstance.py:1322} INFO - Marking task as UP_FOR_RETRY. dag_id=entsoe-energydata, task_id=stage_total_generation, execution_date=20210101T050000, start_date=20230130T105727, end_date=20230130T105850
[2023-01-30T10:58:50.705+0000] {standard_task_runner.py:100} ERROR - Failed to execute job 543 for task stage_total_generation (Cannot execute: spark-submit --master local --name arrow-spark /opt/***/plugins/scripts/transform_raw_staging.py total_generation 202101010500 202101010600 DE_TENNET. Error code is: 1.; 475)
[2023-01-30T10:58:50.789+0000] {local_task_job.py:159} INFO - Task exited with return code 1
[2023-01-30T10:58:50.849+0000] {taskinstance.py:2582} INFO - 0 downstream tasks scheduled from follow-on schedule check
